[ 2014-08-24T10:02:41+08:00 ] 219.156.70.128 /admin.php
INFO: [ app_begin ] --START--
INFO: ReadHtmlCache Behavior ::run [ RunTime:0.000983s ]
INFO: [ app_begin ] --END-- [ RunTime:0.001062s ]
INFO: [ view_parse ] --START--
NOTIC: [8] Undefined variable: msg D:\enkjhost\mayning1\web\admin\Runtime\Cache\ad0611526e720c6e3de471a6116ff8d5.php 第 98 行.
INFO: ParseTemplate Behavior ::run [ RunTime:0.010735s ]
INFO: [ view_parse ] --END-- [ RunTime:0.010804s ]
INFO: [ view_filter ] --START--
INFO: ContentReplace Behavior ::run [ RunTime:0.000779s ]
INFO: TokenBuild Behavior ::run [ RunTime:0.000771s ]
INFO: WriteHtmlCache Behavior ::run [ RunTime:0.000663s ]
INFO: ShowRuntime Behavior ::run [ RunTime:0.000856s ]
INFO: [ view_filter ] --END-- [ RunTime:0.003227s ]
INFO: [ view_end ] --START--
INFO: ShowPageTrace Behavior ::run [ RunTime:0.001015s ]
INFO: [ view_end ] --END-- [ RunTime:0.001069s ]

[ 2014-08-24 10:02:41 ] 219.156.70.128 /admin.php/Login/getCode
INFO: [ route_check ] --START--
INFO: CheckRoute Behavior ::run [ RunTime:0.001017s ]
INFO: [ route_check ] --END-- [ RunTime:0.001082s ]
INFO: [ app_begin ] --START--
INFO: ReadHtmlCache Behavior ::run [ RunTime:0.000768s ]
INFO: [ app_begin ] --END-- [ RunTime:0.000817s ]

[ 2014-08-24 10:02:52 ] 219.156.70.128 /admin.php/Login/checkCode
INFO: [ route_check ] --START--
INFO: CheckRoute Behavior ::run [ RunTime:0.001713s ]
INFO: [ route_check ] --END-- [ RunTime:0.001811s ]
INFO: [ app_begin ] --START--
INFO: ReadHtmlCache Behavior ::run [ RunTime:0.001180s ]
INFO: [ app_begin ] --END-- [ RunTime:0.001245s ]

[ 2014-08-24 10:02:56 ] 219.156.70.128 /admin.php/Login/startlogin
INFO: [ route_check ] --START--
INFO: CheckRoute Behavior ::run [ RunTime:0.002019s ]
INFO: [ route_check ] --END-- [ RunTime:0.002131s ]
INFO: [ app_begin ] --START--
INFO: ReadHtmlCache Behavior ::run [ RunTime:0.001537s ]
INFO: [ app_begin ] --END-- [ RunTime:0.001630s ]
SQL: SHOW COLUMNS FROM `users` [ RunTime:0.004145s ]
SQL: SELECT * FROM `users` WHERE ( username = 'admin'  ) LIMIT 1   [ RunTime:0.000225s ]
NOTIC: [8] Use of undefined constant res - assumed 'res' D:\enkjhost\mayning1\web\admin\Lib\Action\LoginAction.class.php 第 102 行.
NOTIC: [8] Undefined variable: char D:\enkjhost\mayning1\web\admin\Lib\Action\UtilAction.class.php 第 49 行.
NOTIC: [8] Undefined variable: str D:\enkjhost\mayning1\web\admin\Lib\Action\UtilAction.class.php 第 54 行.
SQL: SHOW COLUMNS FROM `logincount` [ RunTime:0.003870s ]
SQL: INSERT INTO `logincount` (`username`,`logintime`,`loginip`,`notes`) VALUES ('admin','2014-08-24 10:02','219.156.70.128','中国、华中、河南省、郑州市、联通、Windows简体中文系统、Chrome浏览器、') [ RunTime:0.008799s ]
SQL: UPDATE `users` SET `lastlogin`='2014-08-24 10:02' WHERE ( id=6 ) [ RunTime:0.010335s ]
INFO: [ view_parse ] --START--
INFO: ParseTemplate Behavior ::run [ RunTime:0.017724s ]
INFO: [ view_parse ] --END-- [ RunTime:0.017833s ]
INFO: [ view_filter ] --START--
INFO: ContentReplace Behavior ::run [ RunTime:0.001251s ]
INFO: TokenBuild Behavior ::run [ RunTime:0.001243s ]
INFO: WriteHtmlCache Behavior ::run [ RunTime:0.001057s ]
INFO: ShowRuntime Behavior ::run [ RunTime:0.001382s ]
INFO: [ view_filter ] --END-- [ RunTime:0.005207s ]
INFO: [ view_end ] --START--
INFO: ShowPageTrace Behavior ::run [ RunTime:0.001681s ]
INFO: [ view_end ] --END-- [ RunTime:0.001777s ]

[ 2014-08-24 10:02:56 ] 219.156.70.128 /admin.php/Login/loginCount
INFO: [ route_check ] --START--
INFO: CheckRoute Behavior ::run [ RunTime:0.001520s ]
INFO: [ route_check ] --END-- [ RunTime:0.001603s ]
INFO: [ app_begin ] --START--
INFO: ReadHtmlCache Behavior ::run [ RunTime:0.001166s ]
INFO: [ app_begin ] --END-- [ RunTime:0.001236s ]
SQL: SHOW COLUMNS FROM `logincount` [ RunTime:0.001814s ]
SQL: SELECT COUNT(*) AS tp_count FROM `logincount` LIMIT 1   [ RunTime:0.000622s ]
SQL: SELECT * FROM `logincount` ORDER BY logintime desc LIMIT 0,15   [ RunTime:0.000688s ]
INFO: [ view_parse ] --START--
INFO: ParseTemplate Behavior ::run [ RunTime:0.021281s ]
INFO: [ view_parse ] --END-- [ RunTime:0.021363s ]
INFO: [ view_filter ] --START--
INFO: ContentReplace Behavior ::run [ RunTime:0.000992s ]
INFO: TokenBuild Behavior ::run [ RunTime:0.000948s ]
INFO: WriteHtmlCache Behavior ::run [ RunTime:0.000797s ]
INFO: ShowRuntime Behavior ::run [ RunTime:0.001045s ]
INFO: [ view_filter ] --END-- [ RunTime:0.003990s ]
INFO: [ view_end ] --START--
INFO: ShowPageTrace Behavior ::run [ RunTime:0.001257s ]
INFO: [ view_end ] --END-- [ RunTime:0.001340s ]

[ 2014-08-24 10:03:09 ] 219.156.70.128 /admin.php/Login/visterlist
INFO: [ route_check ] --START--
INFO: CheckRoute Behavior ::run [ RunTime:0.001539s ]
INFO: [ route_check ] --END-- [ RunTime:0.001628s ]
INFO: [ app_begin ] --START--
INFO: ReadHtmlCache Behavior ::run [ RunTime:0.001169s ]
INFO: [ app_begin ] --END-- [ RunTime:0.001241s ]
SQL: SHOW COLUMNS FROM `visters` [ RunTime:0.001830s ]
SQL: SELECT COUNT(*) AS tp_count FROM `visters` LIMIT 1   [ RunTime:0.004726s ]
SQL: SELECT * FROM `visters` ORDER BY ctime desc LIMIT 0,15   [ RunTime:0.006922s ]
INFO: [ view_parse ] --START--
INFO: ParseTemplate Behavior ::run [ RunTime:0.016009s ]
INFO: [ view_parse ] --END-- [ RunTime:0.016101s ]
INFO: [ view_filter ] --START--
INFO: ContentReplace Behavior ::run [ RunTime:0.001160s ]
INFO: TokenBuild Behavior ::run [ RunTime:0.001108s ]
INFO: WriteHtmlCache Behavior ::run [ RunTime:0.000943s ]
INFO: ShowRuntime Behavior ::run [ RunTime:0.001224s ]
INFO: [ view_filter ] --END-- [ RunTime:0.004680s ]
INFO: [ view_end ] --START--
INFO: ShowPageTrace Behavior ::run [ RunTime:0.001470s ]
INFO: [ view_end ] --END-- [ RunTime:0.001555s ]

[ 2014-08-24 10:03:31 ] 219.156.70.128 /admin.php/Login/visterlist/p/2
INFO: [ route_check ] --START--
INFO: CheckRoute Behavior ::run [ RunTime:0.001725s ]
INFO: [ route_check ] --END-- [ RunTime:0.001822s ]
INFO: [ app_begin ] --START--
INFO: ReadHtmlCache Behavior ::run [ RunTime:0.001291s ]
INFO: [ app_begin ] --END-- [ RunTime:0.001371s ]
SQL: SHOW COLUMNS FROM `visters` [ RunTime:0.001991s ]
SQL: SELECT COUNT(*) AS tp_count FROM `visters` LIMIT 1   [ RunTime:0.001112s ]
SQL: SELECT * FROM `visters` ORDER BY ctime desc LIMIT 15,15   [ RunTime:0.007956s ]
INFO: [ view_parse ] --START--
INFO: ParseTemplate Behavior ::run [ RunTime:0.015744s ]
INFO: [ view_parse ] --END-- [ RunTime:0.015842s ]
INFO: [ view_filter ] --START--
INFO: ContentReplace Behavior ::run [ RunTime:0.001300s ]
INFO: TokenBuild Behavior ::run [ RunTime:0.001240s ]
INFO: WriteHtmlCache Behavior ::run [ RunTime:0.001052s ]
INFO: ShowRuntime Behavior ::run [ RunTime:0.001378s ]
INFO: [ view_filter ] --END-- [ RunTime:0.005241s ]
INFO: [ view_end ] --START--
INFO: ShowPageTrace Behavior ::run [ RunTime:0.001661s ]
INFO: [ view_end ] --END-- [ RunTime:0.001756s ]

[ 2014-08-24 10:03:54 ] 219.156.70.128 /admin.php/Login/nologin
INFO: [ route_check ] --START--
INFO: CheckRoute Behavior ::run [ RunTime:0.002018s ]
INFO: [ route_check ] --END-- [ RunTime:0.002131s ]
INFO: [ app_begin ] --START--
INFO: ReadHtmlCache Behavior ::run [ RunTime:0.001530s ]
INFO: [ app_begin ] --END-- [ RunTime:0.001624s ]
NOTIC: [8] Undefined index:  msg D:\enkjhost\mayning1\web\admin\Lib\Action\LoginAction.class.php 第 68 行.
INFO: [ view_parse ] --START--
INFO: ParseTemplate Behavior ::run [ RunTime:0.011713s ]
INFO: [ view_parse ] --END-- [ RunTime:0.011802s ]
INFO: [ view_filter ] --START--
INFO: ContentReplace Behavior ::run [ RunTime:0.000933s ]
INFO: TokenBuild Behavior ::run [ RunTime:0.000934s ]
INFO: WriteHtmlCache Behavior ::run [ RunTime:0.000799s ]
INFO: ShowRuntime Behavior ::run [ RunTime:0.001039s ]
INFO: [ view_filter ] --END-- [ RunTime:0.003898s ]
INFO: [ view_end ] --START--
INFO: ShowPageTrace Behavior ::run [ RunTime:0.001237s ]
INFO: [ view_end ] --END-- [ RunTime:0.001304s ]

[ 2014-08-24 10:03:54 ] 219.156.70.128 /admin.php/Login/getCode
INFO: [ route_check ] --START--
INFO: CheckRoute Behavior ::run [ RunTime:0.002077s ]
INFO: [ route_check ] --END-- [ RunTime:0.002185s ]
INFO: [ app_begin ] --START--
INFO: ReadHtmlCache Behavior ::run [ RunTime:0.001509s ]
INFO: [ app_begin ] --END-- [ RunTime:0.001603s ]

