[ 2014-09-03T08:50:52+08:00 ] 218.28.20.161 /admin.php
INFO: [ app_begin ] --START--
INFO: ReadHtmlCache Behavior ::run [ RunTime:0.001182s ]
INFO: [ app_begin ] --END-- [ RunTime:0.001263s ]
INFO: [ view_parse ] --START--
NOTIC: [8] Undefined variable: msg D:\enkjhost\mayning1\web\admin\Runtime\Cache\ad0611526e720c6e3de471a6116ff8d5.php 第 98 行.
INFO: ParseTemplate Behavior ::run [ RunTime:0.011875s ]
INFO: [ view_parse ] --END-- [ RunTime:0.011948s ]
INFO: [ view_filter ] --START--
INFO: ContentReplace Behavior ::run [ RunTime:0.000935s ]
INFO: TokenBuild Behavior ::run [ RunTime:0.000971s ]
INFO: WriteHtmlCache Behavior ::run [ RunTime:0.000822s ]
INFO: ShowRuntime Behavior ::run [ RunTime:0.001047s ]
INFO: [ view_filter ] --END-- [ RunTime:0.003960s ]
INFO: [ view_end ] --START--
INFO: ShowPageTrace Behavior ::run [ RunTime:0.001247s ]
INFO: [ view_end ] --END-- [ RunTime:0.001312s ]

[ 2014-09-03 08:50:52 ] 218.28.20.161 /admin.php/Login/getCode
INFO: [ route_check ] --START--
INFO: CheckRoute Behavior ::run [ RunTime:0.002006s ]
INFO: [ route_check ] --END-- [ RunTime:0.002113s ]
INFO: [ app_begin ] --START--
INFO: ReadHtmlCache Behavior ::run [ RunTime:0.001515s ]
INFO: [ app_begin ] --END-- [ RunTime:0.001609s ]

[ 2014-09-03 08:51:00 ] 218.28.20.161 /admin.php/Login/startlogin
INFO: [ route_check ] --START--
INFO: CheckRoute Behavior ::run [ RunTime:0.002029s ]
INFO: [ route_check ] --END-- [ RunTime:0.002139s ]
INFO: [ app_begin ] --START--
INFO: ReadHtmlCache Behavior ::run [ RunTime:0.001553s ]
INFO: [ app_begin ] --END-- [ RunTime:0.001646s ]
SQL: SHOW COLUMNS FROM `users` [ RunTime:0.003874s ]
SQL: SELECT * FROM `users` WHERE ( username = 'mayning'  ) LIMIT 1   [ RunTime:0.000242s ]
NOTIC: [8] Use of undefined constant res - assumed 'res' D:\enkjhost\mayning1\web\admin\Lib\Action\LoginAction.class.php 第 102 行.
NOTIC: [8] Undefined variable: char D:\enkjhost\mayning1\web\admin\Lib\Action\UtilAction.class.php 第 49 行.
NOTIC: [8] Undefined variable: str D:\enkjhost\mayning1\web\admin\Lib\Action\UtilAction.class.php 第 54 行.
SQL: SHOW COLUMNS FROM `logincount` [ RunTime:0.005282s ]
SQL: INSERT INTO `logincount` (`username`,`logintime`,`loginip`,`notes`) VALUES ('mayning','2014-09-03 08:50','218.28.20.161','中国 河南 郑州、Windows简体中文系统、Chrome浏览器、') [ RunTime:0.009058s ]
SQL: UPDATE `users` SET `lastlogin`='2014-09-03 08:50' WHERE ( id=5 ) [ RunTime:0.010682s ]
INFO: [ view_parse ] --START--
INFO: ParseTemplate Behavior ::run [ RunTime:0.016364s ]
INFO: [ view_parse ] --END-- [ RunTime:0.016471s ]
INFO: [ view_filter ] --START--
INFO: ContentReplace Behavior ::run [ RunTime:0.000966s ]
INFO: TokenBuild Behavior ::run [ RunTime:0.000956s ]
INFO: WriteHtmlCache Behavior ::run [ RunTime:0.000808s ]
INFO: ShowRuntime Behavior ::run [ RunTime:0.001059s ]
INFO: [ view_filter ] --END-- [ RunTime:0.003994s ]
INFO: [ view_end ] --START--
INFO: ShowPageTrace Behavior ::run [ RunTime:0.001300s ]
INFO: [ view_end ] --END-- [ RunTime:0.001374s ]

[ 2014-09-03 08:51:00 ] 218.28.20.161 /admin.php/Login/loginCount
INFO: [ route_check ] --START--
INFO: CheckRoute Behavior ::run [ RunTime:0.002009s ]
INFO: [ route_check ] --END-- [ RunTime:0.002118s ]
INFO: [ app_begin ] --START--
INFO: ReadHtmlCache Behavior ::run [ RunTime:0.001168s ]
INFO: [ app_begin ] --END-- [ RunTime:0.001239s ]
SQL: SHOW COLUMNS FROM `logincount` [ RunTime:0.001938s ]
SQL: SELECT COUNT(*) AS tp_count FROM `logincount` LIMIT 1   [ RunTime:0.002646s ]
SQL: SELECT * FROM `logincount` ORDER BY logintime desc LIMIT 0,15   [ RunTime:0.000707s ]
INFO: [ view_parse ] --START--
INFO: ParseTemplate Behavior ::run [ RunTime:0.015301s ]
INFO: [ view_parse ] --END-- [ RunTime:0.015396s ]
INFO: [ view_filter ] --START--
INFO: ContentReplace Behavior ::run [ RunTime:0.001289s ]
INFO: TokenBuild Behavior ::run [ RunTime:0.001238s ]
INFO: WriteHtmlCache Behavior ::run [ RunTime:0.001051s ]
INFO: ShowRuntime Behavior ::run [ RunTime:0.001370s ]
INFO: [ view_filter ] --END-- [ RunTime:0.005221s ]
INFO: [ view_end ] --START--
INFO: ShowPageTrace Behavior ::run [ RunTime:0.001639s ]
INFO: [ view_end ] --END-- [ RunTime:0.001735s ]

[ 2014-09-03 08:51:28 ] 218.28.20.161 /admin.php/Login/visterlist
INFO: [ route_check ] --START--
INFO: CheckRoute Behavior ::run [ RunTime:0.002020s ]
INFO: [ route_check ] --END-- [ RunTime:0.002129s ]
INFO: [ app_begin ] --START--
INFO: ReadHtmlCache Behavior ::run [ RunTime:0.001300s ]
INFO: [ app_begin ] --END-- [ RunTime:0.001382s ]
SQL: SHOW COLUMNS FROM `visters` [ RunTime:0.001929s ]
SQL: SELECT COUNT(*) AS tp_count FROM `visters` LIMIT 1   [ RunTime:0.001166s ]
SQL: SELECT * FROM `visters` ORDER BY ctime desc LIMIT 0,15   [ RunTime:0.007756s ]
INFO: [ view_parse ] --START--
INFO: ParseTemplate Behavior ::run [ RunTime:0.013846s ]
INFO: [ view_parse ] --END-- [ RunTime:0.013928s ]
INFO: [ view_filter ] --START--
INFO: ContentReplace Behavior ::run [ RunTime:0.000984s ]
INFO: TokenBuild Behavior ::run [ RunTime:0.000954s ]
INFO: WriteHtmlCache Behavior ::run [ RunTime:0.000808s ]
INFO: ShowRuntime Behavior ::run [ RunTime:0.001055s ]
INFO: [ view_filter ] --END-- [ RunTime:0.004012s ]
INFO: [ view_end ] --START--
INFO: ShowPageTrace Behavior ::run [ RunTime:0.001325s ]
INFO: [ view_end ] --END-- [ RunTime:0.001403s ]

[ 2014-09-03 08:52:07 ] 218.28.20.161 /admin.php/Login/visterlist/p/2
INFO: [ route_check ] --START--
INFO: CheckRoute Behavior ::run [ RunTime:0.000889s ]
INFO: [ route_check ] --END-- [ RunTime:0.000939s ]
INFO: [ app_begin ] --START--
INFO: ReadHtmlCache Behavior ::run [ RunTime:0.000673s ]
INFO: [ app_begin ] --END-- [ RunTime:0.000715s ]
SQL: SHOW COLUMNS FROM `visters` [ RunTime:0.001285s ]
SQL: SELECT COUNT(*) AS tp_count FROM `visters` LIMIT 1   [ RunTime:0.000799s ]
SQL: SELECT * FROM `visters` ORDER BY ctime desc LIMIT 15,15   [ RunTime:0.004713s ]
INFO: [ view_parse ] --START--
INFO: ParseTemplate Behavior ::run [ RunTime:0.008003s ]
INFO: [ view_parse ] --END-- [ RunTime:0.008066s ]
INFO: [ view_filter ] --START--
INFO: ContentReplace Behavior ::run [ RunTime:0.000568s ]
INFO: TokenBuild Behavior ::run [ RunTime:0.000543s ]
INFO: WriteHtmlCache Behavior ::run [ RunTime:0.000462s ]
INFO: ShowRuntime Behavior ::run [ RunTime:0.000614s ]
INFO: [ view_filter ] --END-- [ RunTime:0.002307s ]
INFO: [ view_end ] --START--
INFO: ShowPageTrace Behavior ::run [ RunTime:0.000806s ]
INFO: [ view_end ] --END-- [ RunTime:0.000849s ]

[ 2014-09-03 08:52:17 ] 218.28.20.161 /admin.php/Login/visterlist/p/1
INFO: [ route_check ] --START--
INFO: CheckRoute Behavior ::run [ RunTime:0.001437s ]
INFO: [ route_check ] --END-- [ RunTime:0.001513s ]
INFO: [ app_begin ] --START--
INFO: ReadHtmlCache Behavior ::run [ RunTime:0.001051s ]
INFO: [ app_begin ] --END-- [ RunTime:0.001113s ]
SQL: SHOW COLUMNS FROM `visters` [ RunTime:0.001234s ]
SQL: SELECT COUNT(*) AS tp_count FROM `visters` LIMIT 1   [ RunTime:0.000681s ]
SQL: SELECT * FROM `visters` ORDER BY ctime desc LIMIT 0,15   [ RunTime:0.004472s ]
INFO: [ view_parse ] --START--
INFO: ParseTemplate Behavior ::run [ RunTime:0.008110s ]
INFO: [ view_parse ] --END-- [ RunTime:0.008183s ]
INFO: [ view_filter ] --START--
INFO: ContentReplace Behavior ::run [ RunTime:0.000535s ]
INFO: TokenBuild Behavior ::run [ RunTime:0.000517s ]
INFO: WriteHtmlCache Behavior ::run [ RunTime:0.000440s ]
INFO: ShowRuntime Behavior ::run [ RunTime:0.000598s ]
INFO: [ view_filter ] --END-- [ RunTime:0.002204s ]
INFO: [ view_end ] --START--
INFO: ShowPageTrace Behavior ::run [ RunTime:0.000684s ]
INFO: [ view_end ] --END-- [ RunTime:0.000724s ]

[ 2014-09-03 08:52:24 ] 218.28.20.161 /admin.php/Login/visterlist/p/2
INFO: [ route_check ] --START--
INFO: CheckRoute Behavior ::run [ RunTime:0.000863s ]
INFO: [ route_check ] --END-- [ RunTime:0.000912s ]
INFO: [ app_begin ] --START--
INFO: ReadHtmlCache Behavior ::run [ RunTime:0.000653s ]
INFO: [ app_begin ] --END-- [ RunTime:0.000694s ]
SQL: SHOW COLUMNS FROM `visters` [ RunTime:0.001284s ]
SQL: SELECT COUNT(*) AS tp_count FROM `visters` LIMIT 1   [ RunTime:0.000720s ]
SQL: SELECT * FROM `visters` ORDER BY ctime desc LIMIT 15,15   [ RunTime:0.004792s ]
INFO: [ view_parse ] --START--
INFO: ParseTemplate Behavior ::run [ RunTime:0.007972s ]
INFO: [ view_parse ] --END-- [ RunTime:0.008031s ]
INFO: [ view_filter ] --START--
INFO: ContentReplace Behavior ::run [ RunTime:0.000548s ]
INFO: TokenBuild Behavior ::run [ RunTime:0.000529s ]
INFO: WriteHtmlCache Behavior ::run [ RunTime:0.000449s ]
INFO: ShowRuntime Behavior ::run [ RunTime:0.000587s ]
INFO: [ view_filter ] --END-- [ RunTime:0.002232s ]
INFO: [ view_end ] --START--
INFO: ShowPageTrace Behavior ::run [ RunTime:0.000698s ]
INFO: [ view_end ] --END-- [ RunTime:0.000740s ]

[ 2014-09-03 08:52:27 ] 218.28.20.161 /admin.php/Login/visterlist/p/1
INFO: [ route_check ] --START--
INFO: CheckRoute Behavior ::run [ RunTime:0.000859s ]
INFO: [ route_check ] --END-- [ RunTime:0.000908s ]
INFO: [ app_begin ] --START--
INFO: ReadHtmlCache Behavior ::run [ RunTime:0.000646s ]
INFO: [ app_begin ] --END-- [ RunTime:0.000686s ]
SQL: SHOW COLUMNS FROM `visters` [ RunTime:0.001337s ]
SQL: SELECT COUNT(*) AS tp_count FROM `visters` LIMIT 1   [ RunTime:0.000704s ]
SQL: SELECT * FROM `visters` ORDER BY ctime desc LIMIT 0,15   [ RunTime:0.004685s ]
INFO: [ view_parse ] --START--
INFO: ParseTemplate Behavior ::run [ RunTime:0.008175s ]
INFO: [ view_parse ] --END-- [ RunTime:0.008247s ]
INFO: [ view_filter ] --START--
INFO: ContentReplace Behavior ::run [ RunTime:0.000564s ]
INFO: TokenBuild Behavior ::run [ RunTime:0.000544s ]
INFO: WriteHtmlCache Behavior ::run [ RunTime:0.000460s ]
INFO: ShowRuntime Behavior ::run [ RunTime:0.000598s ]
INFO: [ view_filter ] --END-- [ RunTime:0.002286s ]
INFO: [ view_end ] --START--
INFO: ShowPageTrace Behavior ::run [ RunTime:0.000744s ]
INFO: [ view_end ] --END-- [ RunTime:0.000787s ]

[ 2014-09-03 08:52:34 ] 218.28.20.161 /admin.php/Login/visterlist/p/165
INFO: [ route_check ] --START--
INFO: CheckRoute Behavior ::run [ RunTime:0.000857s ]
INFO: [ route_check ] --END-- [ RunTime:0.000906s ]
INFO: [ app_begin ] --START--
INFO: ReadHtmlCache Behavior ::run [ RunTime:0.000652s ]
INFO: [ app_begin ] --END-- [ RunTime:0.000692s ]
SQL: SHOW COLUMNS FROM `visters` [ RunTime:0.001392s ]
SQL: SELECT COUNT(*) AS tp_count FROM `visters` LIMIT 1   [ RunTime:0.000740s ]
SQL: SELECT * FROM `visters` ORDER BY ctime desc LIMIT 2460,15   [ RunTime:0.010654s ]
INFO: [ view_parse ] --START--
INFO: ParseTemplate Behavior ::run [ RunTime:0.007945s ]
INFO: [ view_parse ] --END-- [ RunTime:0.007995s ]
INFO: [ view_filter ] --START--
INFO: ContentReplace Behavior ::run [ RunTime:0.000543s ]
INFO: TokenBuild Behavior ::run [ RunTime:0.000540s ]
INFO: WriteHtmlCache Behavior ::run [ RunTime:0.000459s ]
INFO: ShowRuntime Behavior ::run [ RunTime:0.000594s ]
INFO: [ view_filter ] --END-- [ RunTime:0.002244s ]
INFO: [ view_end ] --START--
INFO: ShowPageTrace Behavior ::run [ RunTime:0.000728s ]
INFO: [ view_end ] --END-- [ RunTime:0.000769s ]

[ 2014-09-03 08:52:38 ] 218.28.20.161 /admin.php/Login/visterlist/p/1
INFO: [ route_check ] --START--
INFO: CheckRoute Behavior ::run [ RunTime:0.000865s ]
INFO: [ route_check ] --END-- [ RunTime:0.000922s ]
INFO: [ app_begin ] --START--
INFO: ReadHtmlCache Behavior ::run [ RunTime:0.000653s ]
INFO: [ app_begin ] --END-- [ RunTime:0.000694s ]
SQL: SHOW COLUMNS FROM `visters` [ RunTime:0.001362s ]
SQL: SELECT COUNT(*) AS tp_count FROM `visters` LIMIT 1   [ RunTime:0.000766s ]
SQL: SELECT * FROM `visters` ORDER BY ctime desc LIMIT 0,15   [ RunTime:0.006963s ]
INFO: [ view_parse ] --START--
INFO: ParseTemplate Behavior ::run [ RunTime:0.008173s ]
INFO: [ view_parse ] --END-- [ RunTime:0.008233s ]
INFO: [ view_filter ] --START--
INFO: ContentReplace Behavior ::run [ RunTime:0.000558s ]
INFO: TokenBuild Behavior ::run [ RunTime:0.000533s ]
INFO: WriteHtmlCache Behavior ::run [ RunTime:0.000450s ]
INFO: ShowRuntime Behavior ::run [ RunTime:0.000589s ]
INFO: [ view_filter ] --END-- [ RunTime:0.002248s ]
INFO: [ view_end ] --START--
INFO: ShowPageTrace Behavior ::run [ RunTime:0.000697s ]
INFO: [ view_end ] --END-- [ RunTime:0.000738s ]

[ 2014-09-03 08:53:01 ] 218.28.20.161 /admin.php/Product/getAllProductList
INFO: [ route_check ] --START--
INFO: CheckRoute Behavior ::run [ RunTime:0.000899s ]
INFO: [ route_check ] --END-- [ RunTime:0.000952s ]
INFO: [ app_begin ] --START--
INFO: ReadHtmlCache Behavior ::run [ RunTime:0.000668s ]
INFO: [ app_begin ] --END-- [ RunTime:0.000708s ]
SQL: SHOW COLUMNS FROM `products` [ RunTime:0.001321s ]
SQL: SHOW COLUMNS FROM `procate` [ RunTime:0.001179s ]
NOTIC: [8] Undefined index:  name D:\enkjhost\mayning1\web\admin\Lib\Action\ProductAction.class.php 第 146 行.
SQL: SELECT * FROM `procate` WHERE ( pid=0 ) ORDER BY sorts asc,pid asc  [ RunTime:0.000233s ]
SQL: select count(a.id) as count from products a left join procate b on a.proid = b.id where 1=1  [ RunTime:0.000214s ]
SQL: select a.id,a.title,a.ctime,a.imgs,a.sorts,a.enable,a.state,a.proid,b.title as protitle from products a left join procate b on a.proid = b.id where 1=1  order by a.sorts desc limit 0,10 [ RunTime:0.000234s ]
INFO: [ view_parse ] --START--
INFO: ParseTemplate Behavior ::run [ RunTime:0.011430s ]
INFO: [ view_parse ] --END-- [ RunTime:0.011481s ]
INFO: [ view_filter ] --START--
INFO: ContentReplace Behavior ::run [ RunTime:0.000636s ]
INFO: TokenBuild Behavior ::run [ RunTime:0.000551s ]
INFO: WriteHtmlCache Behavior ::run [ RunTime:0.000460s ]
INFO: ShowRuntime Behavior ::run [ RunTime:0.000611s ]
INFO: [ view_filter ] --END-- [ RunTime:0.002368s ]
INFO: [ view_end ] --START--
INFO: ShowPageTrace Behavior ::run [ RunTime:0.000762s ]
INFO: [ view_end ] --END-- [ RunTime:0.000815s ]

[ 2014-09-03 08:53:01 ] 218.28.20.161 /admin.php/Product/selectChildProcate
INFO: [ route_check ] --START--
INFO: CheckRoute Behavior ::run [ RunTime:0.000893s ]
INFO: [ route_check ] --END-- [ RunTime:0.000942s ]
INFO: [ app_begin ] --START--
INFO: ReadHtmlCache Behavior ::run [ RunTime:0.000646s ]
INFO: [ app_begin ] --END-- [ RunTime:0.000682s ]
NOTIC: [8] Undefined index:  id D:\enkjhost\mayning1\web\admin\Lib\Action\ProductAction.class.php 第 253 行.
SQL: SHOW COLUMNS FROM `procate` [ RunTime:0.001552s ]
SQL: SELECT * FROM `procate` WHERE ( pid=%d )  [ RunTime:0.000070s ]
ERR: 1064:You have an error in your SQL syntax; check the manual that corresponds to your MySQL server version for the right syntax to use near '%d )' at line 1
 [ SQL语句 ] : SELECT * FROM `procate` WHERE ( pid=%d ) 

[ 2014-09-03 08:53:15 ] 218.28.20.161 /admin.php/Login/nologin
INFO: [ route_check ] --START--
INFO: CheckRoute Behavior ::run [ RunTime:0.001019s ]
INFO: [ route_check ] --END-- [ RunTime:0.001076s ]
INFO: [ app_begin ] --START--
INFO: ReadHtmlCache Behavior ::run [ RunTime:0.000770s ]
INFO: [ app_begin ] --END-- [ RunTime:0.000817s ]
NOTIC: [8] Undefined index:  msg D:\enkjhost\mayning1\web\admin\Lib\Action\LoginAction.class.php 第 68 行.
INFO: [ view_parse ] --START--
INFO: ParseTemplate Behavior ::run [ RunTime:0.007838s ]
INFO: [ view_parse ] --END-- [ RunTime:0.007897s ]
INFO: [ view_filter ] --START--
INFO: ContentReplace Behavior ::run [ RunTime:0.000620s ]
INFO: TokenBuild Behavior ::run [ RunTime:0.000621s ]
INFO: WriteHtmlCache Behavior ::run [ RunTime:0.000529s ]
INFO: ShowRuntime Behavior ::run [ RunTime:0.000689s ]
INFO: [ view_filter ] --END-- [ RunTime:0.002587s ]
INFO: [ view_end ] --START--
INFO: ShowPageTrace Behavior ::run [ RunTime:0.000820s ]
INFO: [ view_end ] --END-- [ RunTime:0.000864s ]

[ 2014-09-03 08:53:15 ] 218.28.20.161 /admin.php/Login/getCode
INFO: [ route_check ] --START--
INFO: CheckRoute Behavior ::run [ RunTime:0.000826s ]
INFO: [ route_check ] --END-- [ RunTime:0.000871s ]
INFO: [ app_begin ] --START--
INFO: ReadHtmlCache Behavior ::run [ RunTime:0.000631s ]
INFO: [ app_begin ] --END-- [ RunTime:0.000670s ]

[ 2014-09-03 11:04:16 ] 113.73.213.97 /admin.php/Login/startlogin
INFO: [ route_check ] --START--
INFO: CheckRoute Behavior ::run [ RunTime:0.000921s ]
INFO: [ route_check ] --END-- [ RunTime:0.001003s ]
INFO: [ app_begin ] --START--
INFO: ReadHtmlCache Behavior ::run [ RunTime:0.000728s ]
INFO: [ app_begin ] --END-- [ RunTime:0.000777s ]
SQL: SHOW COLUMNS FROM `users` [ RunTime:0.004146s ]
NOTIC: [8] Undefined index:  username D:\enkjhost\mayning1\web\admin\Lib\Action\LoginAction.class.php 第 90 行.
NOTIC: [8] Undefined index:  password D:\enkjhost\mayning1\web\admin\Lib\Action\LoginAction.class.php 第 91 行.
NOTIC: [8] Undefined index:  checkcode D:\enkjhost\mayning1\web\admin\Lib\Action\LoginAction.class.php 第 92 行.
SQL: SELECT * FROM `users` WHERE ( username = '%s'  ) LIMIT 1   [ RunTime:0.000408s ]
NOTIC: [8] Use of undefined constant res - assumed 'res' D:\enkjhost\mayning1\web\admin\Lib\Action\LoginAction.class.php 第 102 行.
NOTIC: [8] Undefined variable: str D:\enkjhost\mayning1\web\admin\Lib\Action\UtilAction.class.php 第 56 行.
INFO: [ view_parse ] --START--
INFO: ParseTemplate Behavior ::run [ RunTime:0.008402s ]
INFO: [ view_parse ] --END-- [ RunTime:0.008506s ]
INFO: [ view_filter ] --START--
INFO: ContentReplace Behavior ::run [ RunTime:0.000626s ]
INFO: TokenBuild Behavior ::run [ RunTime:0.000578s ]
INFO: WriteHtmlCache Behavior ::run [ RunTime:0.000471s ]
INFO: ShowRuntime Behavior ::run [ RunTime:0.000611s ]
INFO: [ view_filter ] --END-- [ RunTime:0.002406s ]
INFO: [ view_end ] --START--
INFO: ShowPageTrace Behavior ::run [ RunTime:0.000753s ]
INFO: [ view_end ] --END-- [ RunTime:0.000796s ]

[ 2014-09-03 11:04:16 ] 113.73.213.97 /admin.php/Login/getCode
INFO: [ route_check ] --START--
INFO: CheckRoute Behavior ::run [ RunTime:0.000885s ]
INFO: [ route_check ] --END-- [ RunTime:0.000939s ]
INFO: [ app_begin ] --START--
INFO: ReadHtmlCache Behavior ::run [ RunTime:0.000666s ]
INFO: [ app_begin ] --END-- [ RunTime:0.000707s ]

[ 2014-09-03 11:04:26 ] 113.73.213.97 /admin.php/Login/checkCode
INFO: [ route_check ] --START--
INFO: CheckRoute Behavior ::run [ RunTime:0.000920s ]
INFO: [ route_check ] --END-- [ RunTime:0.001002s ]
INFO: [ app_begin ] --START--
INFO: ReadHtmlCache Behavior ::run [ RunTime:0.000775s ]
INFO: [ app_begin ] --END-- [ RunTime:0.000824s ]

[ 2014-09-03 11:04:27 ] 113.73.213.97 /admin.php/Login/startlogin
INFO: [ route_check ] --START--
INFO: CheckRoute Behavior ::run [ RunTime:0.000854s ]
INFO: [ route_check ] --END-- [ RunTime:0.000904s ]
INFO: [ app_begin ] --START--
INFO: ReadHtmlCache Behavior ::run [ RunTime:0.000646s ]
INFO: [ app_begin ] --END-- [ RunTime:0.000685s ]
SQL: SHOW COLUMNS FROM `users` [ RunTime:0.001370s ]
SQL: SELECT * FROM `users` WHERE ( username = 'admin'  ) LIMIT 1   [ RunTime:0.000195s ]
NOTIC: [8] Use of undefined constant res - assumed 'res' D:\enkjhost\mayning1\web\admin\Lib\Action\LoginAction.class.php 第 102 行.
NOTIC: [8] Undefined variable: char D:\enkjhost\mayning1\web\admin\Lib\Action\UtilAction.class.php 第 49 行.
NOTIC: [8] Undefined variable: str D:\enkjhost\mayning1\web\admin\Lib\Action\UtilAction.class.php 第 54 行.
SQL: SHOW COLUMNS FROM `logincount` [ RunTime:0.006930s ]
SQL: INSERT INTO `logincount` (`username`,`logintime`,`loginip`,`notes`) VALUES ('admin','2014-09-03 11:04','113.73.213.97','中国 广东 中山、Windows简体中文系统、Chrome浏览器、') [ RunTime:0.008736s ]
SQL: UPDATE `users` SET `lastlogin`='2014-09-03 11:04' WHERE ( id=6 ) [ RunTime:0.010288s ]
INFO: [ view_parse ] --START--
INFO: ParseTemplate Behavior ::run [ RunTime:0.009617s ]
INFO: [ view_parse ] --END-- [ RunTime:0.009674s ]
INFO: [ view_filter ] --START--
INFO: ContentReplace Behavior ::run [ RunTime:0.000534s ]
INFO: TokenBuild Behavior ::run [ RunTime:0.000536s ]
INFO: WriteHtmlCache Behavior ::run [ RunTime:0.000456s ]
INFO: ShowRuntime Behavior ::run [ RunTime:0.000588s ]
INFO: [ view_filter ] --END-- [ RunTime:0.002234s ]
INFO: [ view_end ] --START--
INFO: ShowPageTrace Behavior ::run [ RunTime:0.000709s ]
INFO: [ view_end ] --END-- [ RunTime:0.000748s ]

[ 2014-09-03 11:04:27 ] 113.73.213.97 /admin.php/Login/loginCount
INFO: [ route_check ] --START--
INFO: CheckRoute Behavior ::run [ RunTime:0.000856s ]
INFO: [ route_check ] --END-- [ RunTime:0.000905s ]
INFO: [ app_begin ] --START--
INFO: ReadHtmlCache Behavior ::run [ RunTime:0.000649s ]
INFO: [ app_begin ] --END-- [ RunTime:0.000688s ]
SQL: SHOW COLUMNS FROM `logincount` [ RunTime:0.001386s ]
SQL: SELECT COUNT(*) AS tp_count FROM `logincount` LIMIT 1   [ RunTime:0.000293s ]
SQL: SELECT * FROM `logincount` ORDER BY logintime desc LIMIT 0,15   [ RunTime:0.000652s ]
INFO: [ view_parse ] --START--
INFO: ParseTemplate Behavior ::run [ RunTime:0.009632s ]
INFO: [ view_parse ] --END-- [ RunTime:0.009680s ]
INFO: [ view_filter ] --START--
INFO: ContentReplace Behavior ::run [ RunTime:0.000548s ]
INFO: TokenBuild Behavior ::run [ RunTime:0.000526s ]
INFO: WriteHtmlCache Behavior ::run [ RunTime:0.000449s ]
INFO: ShowRuntime Behavior ::run [ RunTime:0.000581s ]
INFO: [ view_filter ] --END-- [ RunTime:0.002221s ]
INFO: [ view_end ] --START--
INFO: ShowPageTrace Behavior ::run [ RunTime:0.000702s ]
INFO: [ view_end ] --END-- [ RunTime:0.000743s ]

[ 2014-09-03 11:04:29 ] 113.73.213.97 /admin.php/Login/visterlist
INFO: [ route_check ] --START--
INFO: CheckRoute Behavior ::run [ RunTime:0.000873s ]
INFO: [ route_check ] --END-- [ RunTime:0.000924s ]
INFO: [ app_begin ] --START--
INFO: ReadHtmlCache Behavior ::run [ RunTime:0.000660s ]
INFO: [ app_begin ] --END-- [ RunTime:0.000700s ]
SQL: SHOW COLUMNS FROM `visters` [ RunTime:0.001433s ]
SQL: SELECT COUNT(*) AS tp_count FROM `visters` LIMIT 1   [ RunTime:0.000737s ]
SQL: SELECT * FROM `visters` ORDER BY ctime desc LIMIT 0,15   [ RunTime:0.004546s ]
INFO: [ view_parse ] --START--
INFO: ParseTemplate Behavior ::run [ RunTime:0.010486s ]
INFO: [ view_parse ] --END-- [ RunTime:0.010555s ]
INFO: [ view_filter ] --START--
INFO: ContentReplace Behavior ::run [ RunTime:0.000545s ]
INFO: TokenBuild Behavior ::run [ RunTime:0.000524s ]
INFO: WriteHtmlCache Behavior ::run [ RunTime:0.000443s ]
INFO: ShowRuntime Behavior ::run [ RunTime:0.000579s ]
INFO: [ view_filter ] --END-- [ RunTime:0.002209s ]
INFO: [ view_end ] --START--
INFO: ShowPageTrace Behavior ::run [ RunTime:0.000768s ]
INFO: [ view_end ] --END-- [ RunTime:0.000808s ]

[ 2014-09-03 11:04:43 ] 113.73.213.97 /admin.php/Login/visterlist/p/2
INFO: [ route_check ] --START--
INFO: CheckRoute Behavior ::run [ RunTime:0.001416s ]
INFO: [ route_check ] --END-- [ RunTime:0.001495s ]
INFO: [ app_begin ] --START--
INFO: ReadHtmlCache Behavior ::run [ RunTime:0.001111s ]
INFO: [ app_begin ] --END-- [ RunTime:0.001177s ]
SQL: SHOW COLUMNS FROM `visters` [ RunTime:0.001476s ]
SQL: SELECT COUNT(*) AS tp_count FROM `visters` LIMIT 1   [ RunTime:0.001378s ]
SQL: SELECT * FROM `visters` ORDER BY ctime desc LIMIT 15,15   [ RunTime:0.007155s ]
INFO: [ view_parse ] --START--
INFO: ParseTemplate Behavior ::run [ RunTime:0.012746s ]
INFO: [ view_parse ] --END-- [ RunTime:0.012832s ]
INFO: [ view_filter ] --START--
INFO: ContentReplace Behavior ::run [ RunTime:0.000940s ]
INFO: TokenBuild Behavior ::run [ RunTime:0.000909s ]
INFO: WriteHtmlCache Behavior ::run [ RunTime:0.000782s ]
INFO: ShowRuntime Behavior ::run [ RunTime:0.001001s ]
INFO: [ view_filter ] --END-- [ RunTime:0.003833s ]
INFO: [ view_end ] --START--
INFO: ShowPageTrace Behavior ::run [ RunTime:0.001183s ]
INFO: [ view_end ] --END-- [ RunTime:0.001254s ]

[ 2014-09-03 11:04:47 ] 113.73.213.97 /admin.php/Login/visterlist/p/1
INFO: [ route_check ] --START--
INFO: CheckRoute Behavior ::run [ RunTime:0.000949s ]
INFO: [ route_check ] --END-- [ RunTime:0.001030s ]
INFO: [ app_begin ] --START--
INFO: ReadHtmlCache Behavior ::run [ RunTime:0.000759s ]
INFO: [ app_begin ] --END-- [ RunTime:0.000810s ]
SQL: SHOW COLUMNS FROM `visters` [ RunTime:0.001669s ]
SQL: SELECT COUNT(*) AS tp_count FROM `visters` LIMIT 1   [ RunTime:0.000784s ]
SQL: SELECT * FROM `visters` ORDER BY ctime desc LIMIT 0,15   [ RunTime:0.005227s ]
INFO: [ view_parse ] --START--
INFO: ParseTemplate Behavior ::run [ RunTime:0.009487s ]
INFO: [ view_parse ] --END-- [ RunTime:0.009578s ]
INFO: [ view_filter ] --START--
INFO: ContentReplace Behavior ::run [ RunTime:0.000647s ]
INFO: TokenBuild Behavior ::run [ RunTime:0.000591s ]
INFO: WriteHtmlCache Behavior ::run [ RunTime:0.000501s ]
INFO: ShowRuntime Behavior ::run [ RunTime:0.000654s ]
INFO: [ view_filter ] --END-- [ RunTime:0.002538s ]
INFO: [ view_end ] --START--
INFO: ShowPageTrace Behavior ::run [ RunTime:0.000823s ]
INFO: [ view_end ] --END-- [ RunTime:0.000873s ]

[ 2014-09-03 11:04:54 ] 113.73.213.97 /admin.php/Login/visterlist/p/2
INFO: [ route_check ] --START--
INFO: CheckRoute Behavior ::run [ RunTime:0.000993s ]
INFO: [ route_check ] --END-- [ RunTime:0.001079s ]
INFO: [ app_begin ] --START--
INFO: ReadHtmlCache Behavior ::run [ RunTime:0.000794s ]
INFO: [ app_begin ] --END-- [ RunTime:0.000849s ]
SQL: SHOW COLUMNS FROM `visters` [ RunTime:0.001910s ]
SQL: SELECT COUNT(*) AS tp_count FROM `visters` LIMIT 1   [ RunTime:0.000832s ]
SQL: SELECT * FROM `visters` ORDER BY ctime desc LIMIT 15,15   [ RunTime:0.005739s ]
INFO: [ view_parse ] --START--
INFO: ParseTemplate Behavior ::run [ RunTime:0.013589s ]
INFO: [ view_parse ] --END-- [ RunTime:0.013708s ]
INFO: [ view_filter ] --START--
INFO: ContentReplace Behavior ::run [ RunTime:0.000969s ]
INFO: TokenBuild Behavior ::run [ RunTime:0.000874s ]
INFO: WriteHtmlCache Behavior ::run [ RunTime:0.000732s ]
INFO: ShowRuntime Behavior ::run [ RunTime:0.000958s ]
INFO: [ view_filter ] --END-- [ RunTime:0.003739s ]
INFO: [ view_end ] --START--
INFO: ShowPageTrace Behavior ::run [ RunTime:0.001168s ]
INFO: [ view_end ] --END-- [ RunTime:0.001245s ]

[ 2014-09-03 11:05:10 ] 113.73.213.97 /admin.php/Product/getAllProductList
INFO: [ route_check ] --START--
INFO: CheckRoute Behavior ::run [ RunTime:0.000856s ]
INFO: [ route_check ] --END-- [ RunTime:0.000904s ]
INFO: [ app_begin ] --START--
INFO: ReadHtmlCache Behavior ::run [ RunTime:0.000649s ]
INFO: [ app_begin ] --END-- [ RunTime:0.000688s ]
SQL: SHOW COLUMNS FROM `products` [ RunTime:0.001417s ]
SQL: SHOW COLUMNS FROM `procate` [ RunTime:0.001039s ]
NOTIC: [8] Undefined index:  name D:\enkjhost\mayning1\web\admin\Lib\Action\ProductAction.class.php 第 146 行.
SQL: SELECT * FROM `procate` WHERE ( pid=0 ) ORDER BY sorts asc,pid asc  [ RunTime:0.000224s ]
SQL: select count(a.id) as count from products a left join procate b on a.proid = b.id where 1=1  [ RunTime:0.000230s ]
SQL: select a.id,a.title,a.ctime,a.imgs,a.sorts,a.enable,a.state,a.proid,b.title as protitle from products a left join procate b on a.proid = b.id where 1=1  order by a.sorts desc limit 0,10 [ RunTime:0.000280s ]
INFO: [ view_parse ] --START--
INFO: ParseTemplate Behavior ::run [ RunTime:0.012794s ]
INFO: [ view_parse ] --END-- [ RunTime:0.012842s ]
INFO: [ view_filter ] --START--
INFO: ContentReplace Behavior ::run [ RunTime:0.000636s ]
INFO: TokenBuild Behavior ::run [ RunTime:0.000540s ]
INFO: WriteHtmlCache Behavior ::run [ RunTime:0.000482s ]
INFO: ShowRuntime Behavior ::run [ RunTime:0.000625s ]
INFO: [ view_filter ] --END-- [ RunTime:0.002406s ]
INFO: [ view_end ] --START--
INFO: ShowPageTrace Behavior ::run [ RunTime:0.000739s ]
INFO: [ view_end ] --END-- [ RunTime:0.000778s ]

[ 2014-09-03 11:05:10 ] 113.73.213.97 /admin.php/Product/selectChildProcate
INFO: [ route_check ] --START--
INFO: CheckRoute Behavior ::run [ RunTime:0.000851s ]
INFO: [ route_check ] --END-- [ RunTime:0.000901s ]
INFO: [ app_begin ] --START--
INFO: ReadHtmlCache Behavior ::run [ RunTime:0.000695s ]
INFO: [ app_begin ] --END-- [ RunTime:0.000731s ]
NOTIC: [8] Undefined index:  id D:\enkjhost\mayning1\web\admin\Lib\Action\ProductAction.class.php 第 253 行.
SQL: SHOW COLUMNS FROM `procate` [ RunTime:0.001297s ]
SQL: SELECT * FROM `procate` WHERE ( pid=%d )  [ RunTime:0.000069s ]
ERR: 1064:You have an error in your SQL syntax; check the manual that corresponds to your MySQL server version for the right syntax to use near '%d )' at line 1
 [ SQL语句 ] : SELECT * FROM `procate` WHERE ( pid=%d ) 

[ 2014-09-03 11:05:20 ] 113.73.213.97 /admin.php/Product/getProductDetail?id=120
INFO: [ route_check ] --START--
INFO: CheckRoute Behavior ::run [ RunTime:0.000859s ]
INFO: [ route_check ] --END-- [ RunTime:0.000908s ]
INFO: [ app_begin ] --START--
INFO: ReadHtmlCache Behavior ::run [ RunTime:0.000650s ]
INFO: [ app_begin ] --END-- [ RunTime:0.000689s ]
SQL: SHOW COLUMNS FROM `products` [ RunTime:0.001326s ]
SQL: SHOW COLUMNS FROM `procate` [ RunTime:0.001009s ]
SQL: SELECT * FROM `products` WHERE ( id=120 ) LIMIT 1   [ RunTime:0.000233s ]
SQL: SELECT * FROM `procate` WHERE ( pid=0 )  [ RunTime:0.000151s ]
SQL: SELECT * FROM `procate` WHERE ( id=37 ) LIMIT 1   [ RunTime:0.000112s ]
INFO: [ view_parse ] --START--
INFO: ParseTemplate Behavior ::run [ RunTime:0.010414s ]
INFO: [ view_parse ] --END-- [ RunTime:0.010467s ]
INFO: [ view_filter ] --START--
INFO: ContentReplace Behavior ::run [ RunTime:0.000588s ]
INFO: TokenBuild Behavior ::run [ RunTime:0.000551s ]
INFO: WriteHtmlCache Behavior ::run [ RunTime:0.000462s ]
INFO: ShowRuntime Behavior ::run [ RunTime:0.000602s ]
INFO: [ view_filter ] --END-- [ RunTime:0.002316s ]
INFO: [ view_end ] --START--
INFO: ShowPageTrace Behavior ::run [ RunTime:0.000721s ]
INFO: [ view_end ] --END-- [ RunTime:0.000764s ]

[ 2014-09-03 11:05:21 ] 113.73.213.97 /admin.php/Product/selectChildProcate?id=10
INFO: [ route_check ] --START--
INFO: CheckRoute Behavior ::run [ RunTime:0.000882s ]
INFO: [ route_check ] --END-- [ RunTime:0.000932s ]
INFO: [ app_begin ] --START--
INFO: ReadHtmlCache Behavior ::run [ RunTime:0.000666s ]
INFO: [ app_begin ] --END-- [ RunTime:0.000703s ]
SQL: SHOW COLUMNS FROM `procate` [ RunTime:0.001478s ]
SQL: SELECT * FROM `procate` WHERE ( pid=10 )  [ RunTime:0.000201s ]

[ 2014-09-03 11:38:34 ] 180.153.201.15 /admin.php/Login/startlogin
INFO: [ route_check ] --START--
INFO: CheckRoute Behavior ::run [ RunTime:0.000975s ]
INFO: [ route_check ] --END-- [ RunTime:0.001058s ]
INFO: [ app_begin ] --START--
INFO: ReadHtmlCache Behavior ::run [ RunTime:0.000726s ]
INFO: [ app_begin ] --END-- [ RunTime:0.000775s ]
SQL: SHOW COLUMNS FROM `users` [ RunTime:0.001940s ]
NOTIC: [8] Undefined index:  username D:\enkjhost\mayning1\web\admin\Lib\Action\LoginAction.class.php 第 90 行.
NOTIC: [8] Undefined index:  password D:\enkjhost\mayning1\web\admin\Lib\Action\LoginAction.class.php 第 91 行.
NOTIC: [8] Undefined index:  checkcode D:\enkjhost\mayning1\web\admin\Lib\Action\LoginAction.class.php 第 92 行.
SQL: SELECT * FROM `users` WHERE ( username = '%s'  ) LIMIT 1   [ RunTime:0.000381s ]
NOTIC: [8] Use of undefined constant res - assumed 'res' D:\enkjhost\mayning1\web\admin\Lib\Action\LoginAction.class.php 第 102 行.
NOTIC: [8] Undefined variable: str D:\enkjhost\mayning1\web\admin\Lib\Action\UtilAction.class.php 第 56 行.
INFO: [ view_parse ] --START--
INFO: ParseTemplate Behavior ::run [ RunTime:0.007851s ]
INFO: [ view_parse ] --END-- [ RunTime:0.007951s ]
INFO: [ view_filter ] --START--
INFO: ContentReplace Behavior ::run [ RunTime:0.000620s ]
INFO: TokenBuild Behavior ::run [ RunTime:0.000572s ]
INFO: WriteHtmlCache Behavior ::run [ RunTime:0.000481s ]
INFO: ShowRuntime Behavior ::run [ RunTime:0.000625s ]
INFO: [ view_filter ] --END-- [ RunTime:0.002420s ]
INFO: [ view_end ] --START--
INFO: ShowPageTrace Behavior ::run [ RunTime:0.000775s ]
INFO: [ view_end ] --END-- [ RunTime:0.000819s ]

[ 2014-09-03 11:39:16 ] 180.153.214.180 /admin.php/Product/getAllProductList
INFO: [ route_check ] --START--
INFO: CheckRoute Behavior ::run [ RunTime:0.000841s ]
INFO: [ route_check ] --END-- [ RunTime:0.000889s ]
INFO: [ app_begin ] --START--
INFO: ReadHtmlCache Behavior ::run [ RunTime:0.000636s ]
INFO: [ app_begin ] --END-- [ RunTime:0.000675s ]
INFO: [ view_parse ] --START--
NOTIC: [8] Undefined variable: msg D:\enkjhost\mayning1\web\admin\Runtime\Cache\ad0611526e720c6e3de471a6116ff8d5.php 第 98 行.
INFO: ParseTemplate Behavior ::run [ RunTime:0.006632s ]
INFO: [ view_parse ] --END-- [ RunTime:0.006675s ]
INFO: [ view_filter ] --START--
INFO: ContentReplace Behavior ::run [ RunTime:0.000511s ]
INFO: TokenBuild Behavior ::run [ RunTime:0.000513s ]
INFO: WriteHtmlCache Behavior ::run [ RunTime:0.000438s ]
INFO: ShowRuntime Behavior ::run [ RunTime:0.000569s ]
INFO: [ view_filter ] --END-- [ RunTime:0.002139s ]
INFO: [ view_end ] --START--
INFO: ShowPageTrace Behavior ::run [ RunTime:0.000681s ]
INFO: [ view_end ] --END-- [ RunTime:0.000717s ]
SQL: SHOW COLUMNS FROM `products` [ RunTime:0.001602s ]
SQL: SHOW COLUMNS FROM `procate` [ RunTime:0.001205s ]
NOTIC: [8] Undefined index:  name D:\enkjhost\mayning1\web\admin\Lib\Action\ProductAction.class.php 第 146 行.
SQL: SELECT * FROM `procate` WHERE ( pid=0 ) ORDER BY sorts asc,pid asc  [ RunTime:0.000281s ]
SQL: select count(a.id) as count from products a left join procate b on a.proid = b.id where 1=1  [ RunTime:0.000223s ]
SQL: select a.id,a.title,a.ctime,a.imgs,a.sorts,a.enable,a.state,a.proid,b.title as protitle from products a left join procate b on a.proid = b.id where 1=1  order by a.sorts desc limit 0,10 [ RunTime:0.000228s ]
NOTIC: [8] Constant THEME_NAME already defined D:\enkjhost\mayning1\web\ThinkPHP\Lib\Core\View.class.php 第 223 行.
NOTIC: [8] Constant THEME_PATH already defined D:\enkjhost\mayning1\web\ThinkPHP\Lib\Core\View.class.php 第 174 行.
NOTIC: [8] Constant APP_TMPL_PATH already defined D:\enkjhost\mayning1\web\ThinkPHP\Lib\Core\View.class.php 第 175 行.
INFO: [ view_parse ] --START--
INFO: ParseTemplate Behavior ::run [ RunTime:0.006094s ]
INFO: [ view_parse ] --END-- [ RunTime:-0.015023s ]
INFO: [ view_filter ] --START--
INFO: ContentReplace Behavior ::run [ RunTime:0.000137s ]
INFO: TokenBuild Behavior ::run [ RunTime:0.000035s ]
INFO: WriteHtmlCache Behavior ::run [ RunTime:0.000007s ]
INFO: ShowRuntime Behavior ::run [ RunTime:0.000055s ]
INFO: [ view_filter ] --END-- [ RunTime:-0.019062s ]
INFO: [ view_end ] --START--
INFO: ShowPageTrace Behavior ::run [ RunTime:0.000024s ]
INFO: [ view_end ] --END-- [ RunTime:-0.018756s ]

[ 2014-09-03 11:39:22 ] 101.226.65.105 /admin.php/Login/loginCount
INFO: [ route_check ] --START--
INFO: CheckRoute Behavior ::run [ RunTime:0.000974s ]
INFO: [ route_check ] --END-- [ RunTime:0.001098s ]
INFO: [ app_begin ] --START--
INFO: ReadHtmlCache Behavior ::run [ RunTime:0.000836s ]
INFO: [ app_begin ] --END-- [ RunTime:0.000887s ]
SQL: SHOW COLUMNS FROM `logincount` [ RunTime:0.001726s ]
SQL: SELECT COUNT(*) AS tp_count FROM `logincount` LIMIT 1   [ RunTime:0.000265s ]
SQL: SELECT * FROM `logincount` ORDER BY logintime desc LIMIT 0,15   [ RunTime:0.000481s ]
INFO: [ view_parse ] --START--
INFO: ParseTemplate Behavior ::run [ RunTime:0.009371s ]
INFO: [ view_parse ] --END-- [ RunTime:0.009467s ]
INFO: [ view_filter ] --START--
INFO: ContentReplace Behavior ::run [ RunTime:0.000681s ]
INFO: TokenBuild Behavior ::run [ RunTime:0.000573s ]
INFO: WriteHtmlCache Behavior ::run [ RunTime:0.000484s ]
INFO: ShowRuntime Behavior ::run [ RunTime:0.000661s ]
INFO: [ view_filter ] --END-- [ RunTime:0.002540s ]
INFO: [ view_end ] --START--
INFO: ShowPageTrace Behavior ::run [ RunTime:0.000808s ]
INFO: [ view_end ] --END-- [ RunTime:0.000856s ]

[ 2014-09-03 11:39:23 ] 180.153.214.180 /admin.php/Product/getAllProductList
INFO: [ route_check ] --START--
INFO: CheckRoute Behavior ::run [ RunTime:0.001429s ]
INFO: [ route_check ] --END-- [ RunTime:0.001531s ]
INFO: [ app_begin ] --START--
INFO: ReadHtmlCache Behavior ::run [ RunTime:0.001108s ]
INFO: [ app_begin ] --END-- [ RunTime:0.001182s ]
INFO: [ view_parse ] --START--
NOTIC: [8] Undefined variable: msg D:\enkjhost\mayning1\web\admin\Runtime\Cache\ad0611526e720c6e3de471a6116ff8d5.php 第 98 行.
INFO: ParseTemplate Behavior ::run [ RunTime:0.010264s ]
INFO: [ view_parse ] --END-- [ RunTime:0.010361s ]
INFO: [ view_filter ] --START--
INFO: ContentReplace Behavior ::run [ RunTime:0.000745s ]
INFO: TokenBuild Behavior ::run [ RunTime:0.000700s ]
INFO: WriteHtmlCache Behavior ::run [ RunTime:0.000583s ]
INFO: ShowRuntime Behavior ::run [ RunTime:0.000753s ]
INFO: [ view_filter ] --END-- [ RunTime:0.002942s ]
INFO: [ view_end ] --START--
INFO: ShowPageTrace Behavior ::run [ RunTime:0.000911s ]
INFO: [ view_end ] --END-- [ RunTime:0.000967s ]
SQL: SHOW COLUMNS FROM `products` [ RunTime:0.001989s ]
SQL: SHOW COLUMNS FROM `procate` [ RunTime:0.001669s ]
NOTIC: [8] Undefined index:  name D:\enkjhost\mayning1\web\admin\Lib\Action\ProductAction.class.php 第 146 行.
SQL: SELECT * FROM `procate` WHERE ( pid=0 ) ORDER BY sorts asc,pid asc  [ RunTime:0.000363s ]
SQL: select count(a.id) as count from products a left join procate b on a.proid = b.id where 1=1  [ RunTime:0.000296s ]
SQL: select a.id,a.title,a.ctime,a.imgs,a.sorts,a.enable,a.state,a.proid,b.title as protitle from products a left join procate b on a.proid = b.id where 1=1  order by a.sorts desc limit 0,10 [ RunTime:0.000317s ]
NOTIC: [8] Constant THEME_NAME already defined D:\enkjhost\mayning1\web\ThinkPHP\Lib\Core\View.class.php 第 223 行.
NOTIC: [8] Constant THEME_PATH already defined D:\enkjhost\mayning1\web\ThinkPHP\Lib\Core\View.class.php 第 174 行.
NOTIC: [8] Constant APP_TMPL_PATH already defined D:\enkjhost\mayning1\web\ThinkPHP\Lib\Core\View.class.php 第 175 行.
INFO: [ view_parse ] --START--
INFO: ParseTemplate Behavior ::run [ RunTime:0.007937s ]
INFO: [ view_parse ] --END-- [ RunTime:-0.020377s ]
INFO: [ view_filter ] --START--
INFO: ContentReplace Behavior ::run [ RunTime:0.000194s ]
INFO: TokenBuild Behavior ::run [ RunTime:0.000047s ]
INFO: WriteHtmlCache Behavior ::run [ RunTime:0.000011s ]
INFO: ShowRuntime Behavior ::run [ RunTime:0.000073s ]
INFO: [ view_filter ] --END-- [ RunTime:-0.025492s ]
INFO: [ view_end ] --START--
INFO: ShowPageTrace Behavior ::run [ RunTime:0.000032s ]
INFO: [ view_end ] --END-- [ RunTime:-0.025157s ]

[ 2014-09-03 11:39:30 ] 101.226.65.105 /admin.php/Login/loginCount
INFO: [ route_check ] --START--
INFO: CheckRoute Behavior ::run [ RunTime:0.001002s ]
INFO: [ route_check ] --END-- [ RunTime:0.001083s ]
INFO: [ app_begin ] --START--
INFO: ReadHtmlCache Behavior ::run [ RunTime:0.000732s ]
INFO: [ app_begin ] --END-- [ RunTime:0.000783s ]
SQL: SHOW COLUMNS FROM `logincount` [ RunTime:0.001962s ]
SQL: SELECT COUNT(*) AS tp_count FROM `logincount` LIMIT 1   [ RunTime:0.000284s ]
SQL: SELECT * FROM `logincount` ORDER BY logintime desc LIMIT 0,15   [ RunTime:0.000486s ]
INFO: [ view_parse ] --START--
INFO: ParseTemplate Behavior ::run [ RunTime:0.009299s ]
INFO: [ view_parse ] --END-- [ RunTime:0.009389s ]
INFO: [ view_filter ] --START--
INFO: ContentReplace Behavior ::run [ RunTime:0.000699s ]
INFO: TokenBuild Behavior ::run [ RunTime:0.000571s ]
INFO: WriteHtmlCache Behavior ::run [ RunTime:0.000483s ]
INFO: ShowRuntime Behavior ::run [ RunTime:0.000633s ]
INFO: [ view_filter ] --END-- [ RunTime:0.002531s ]
INFO: [ view_end ] --START--
INFO: ShowPageTrace Behavior ::run [ RunTime:0.000786s ]
INFO: [ view_end ] --END-- [ RunTime:0.000837s ]

[ 2014-09-03 11:39:31 ] 113.73.213.97 /admin.php/Product/selectChildProcate
INFO: [ route_check ] --START--
INFO: CheckRoute Behavior ::run [ RunTime:0.001324s ]
INFO: [ route_check ] --END-- [ RunTime:0.001419s ]
INFO: [ app_begin ] --START--
INFO: ReadHtmlCache Behavior ::run [ RunTime:0.001006s ]
INFO: [ app_begin ] --END-- [ RunTime:0.001056s ]
NOTIC: [8] Undefined index:  id D:\enkjhost\mayning1\web\admin\Lib\Action\ProductAction.class.php 第 253 行.
SQL: SHOW COLUMNS FROM `procate` [ RunTime:0.001769s ]
SQL: SELECT * FROM `procate` WHERE ( pid=%d )  [ RunTime:0.000097s ]
ERR: 1064:You have an error in your SQL syntax; check the manual that corresponds to your MySQL server version for the right syntax to use near '%d )' at line 1
 [ SQL语句 ] : SELECT * FROM `procate` WHERE ( pid=%d ) 

[ 2014-09-03 11:40:22 ] 112.64.235.250 /admin.php/Product/selectChildProcate?id=10
INFO: [ route_check ] --START--
INFO: CheckRoute Behavior ::run [ RunTime:0.000865s ]
INFO: [ route_check ] --END-- [ RunTime:0.000913s ]
INFO: [ app_begin ] --START--
INFO: ReadHtmlCache Behavior ::run [ RunTime:0.000654s ]
INFO: [ app_begin ] --END-- [ RunTime:0.000695s ]
INFO: [ view_parse ] --START--
NOTIC: [8] Undefined variable: msg D:\enkjhost\mayning1\web\admin\Runtime\Cache\ad0611526e720c6e3de471a6116ff8d5.php 第 98 行.
INFO: ParseTemplate Behavior ::run [ RunTime:0.006877s ]
INFO: [ view_parse ] --END-- [ RunTime:0.006922s ]
INFO: [ view_filter ] --START--
INFO: ContentReplace Behavior ::run [ RunTime:0.000527s ]
INFO: TokenBuild Behavior ::run [ RunTime:0.000578s ]
INFO: WriteHtmlCache Behavior ::run [ RunTime:0.000463s ]
INFO: ShowRuntime Behavior ::run [ RunTime:0.000589s ]
INFO: [ view_filter ] --END-- [ RunTime:0.002271s ]
INFO: [ view_end ] --START--
INFO: ShowPageTrace Behavior ::run [ RunTime:0.000702s ]
INFO: [ view_end ] --END-- [ RunTime:0.000740s ]
SQL: SHOW COLUMNS FROM `procate` [ RunTime:0.001307s ]
SQL: SELECT * FROM `procate` WHERE ( pid=10 )  [ RunTime:0.000209s ]

