[ 2014-10-13T05:02:32+08:00 ] 183.57.154.83 /admin.php
INFO: [ app_begin ] --START--
INFO: ReadHtmlCache Behavior ::run [ RunTime:0.001496s ]
INFO: [ app_begin ] --END-- [ RunTime:0.001552s ]
INFO: [ view_parse ] --START--
NOTIC: [8] Undefined variable: msg D:\enkjhost\mayning1\web\admin\Runtime\Cache\ad0611526e720c6e3de471a6116ff8d5.php 第 98 行.
INFO: ParseTemplate Behavior ::run [ RunTime:0.012441s ]
INFO: [ view_parse ] --END-- [ RunTime:0.012486s ]
INFO: [ view_filter ] --START--
INFO: ContentReplace Behavior ::run [ RunTime:0.001246s ]
INFO: TokenBuild Behavior ::run [ RunTime:0.001305s ]
INFO: WriteHtmlCache Behavior ::run [ RunTime:0.000814s ]
INFO: ShowRuntime Behavior ::run [ RunTime:0.001316s ]
INFO: [ view_filter ] --END-- [ RunTime:0.004807s ]
INFO: [ view_end ] --START--
INFO: ShowPageTrace Behavior ::run [ RunTime:0.000978s ]
INFO: [ view_end ] --END-- [ RunTime:0.001015s ]

[ 2014-10-13 08:49:48 ] 113.73.235.253 /admin.php/Login/startlogin
INFO: [ route_check ] --START--
INFO: CheckRoute Behavior ::run [ RunTime:0.001814s ]
INFO: [ route_check ] --END-- [ RunTime:0.001867s ]
INFO: [ app_begin ] --START--
INFO: ReadHtmlCache Behavior ::run [ RunTime:0.001540s ]
INFO: [ app_begin ] --END-- [ RunTime:0.001582s ]
SQL: SHOW COLUMNS FROM `users` [ RunTime:0.004006s ]
NOTIC: [8] Undefined index:  username D:\enkjhost\mayning1\web\admin\Lib\Action\LoginAction.class.php 第 90 行.
NOTIC: [8] Undefined index:  password D:\enkjhost\mayning1\web\admin\Lib\Action\LoginAction.class.php 第 91 行.
NOTIC: [8] Undefined index:  checkcode D:\enkjhost\mayning1\web\admin\Lib\Action\LoginAction.class.php 第 92 行.
SQL: SELECT * FROM `users` WHERE ( username = '%s'  ) LIMIT 1   [ RunTime:0.000288s ]
NOTIC: [8] Use of undefined constant res - assumed 'res' D:\enkjhost\mayning1\web\admin\Lib\Action\LoginAction.class.php 第 102 行.
NOTIC: [8] Undefined variable: str D:\enkjhost\mayning1\web\admin\Lib\Action\UtilAction.class.php 第 56 行.
INFO: [ view_parse ] --START--
INFO: ParseTemplate Behavior ::run [ RunTime:0.014733s ]
INFO: [ view_parse ] --END-- [ RunTime:0.014811s ]
INFO: [ view_filter ] --START--
INFO: ContentReplace Behavior ::run [ RunTime:0.001571s ]
INFO: TokenBuild Behavior ::run [ RunTime:0.001594s ]
INFO: WriteHtmlCache Behavior ::run [ RunTime:0.001445s ]
INFO: ShowRuntime Behavior ::run [ RunTime:0.001706s ]
INFO: [ view_filter ] --END-- [ RunTime:0.006460s ]
INFO: [ view_end ] --START--
INFO: ShowPageTrace Behavior ::run [ RunTime:0.001997s ]
INFO: [ view_end ] --END-- [ RunTime:0.002046s ]

[ 2014-10-13 08:49:48 ] 113.73.235.253 /admin.php/Login/getCode
INFO: [ route_check ] --START--
INFO: CheckRoute Behavior ::run [ RunTime:0.001180s ]
INFO: [ route_check ] --END-- [ RunTime:0.001233s ]
INFO: [ app_begin ] --START--
INFO: ReadHtmlCache Behavior ::run [ RunTime:0.000965s ]
INFO: [ app_begin ] --END-- [ RunTime:0.001007s ]

[ 2014-10-13 08:49:48 ] 101.226.51.229 /admin.php/Login/startlogin
INFO: [ route_check ] --START--
INFO: CheckRoute Behavior ::run [ RunTime:0.001138s ]
INFO: [ route_check ] --END-- [ RunTime:0.001186s ]
INFO: [ app_begin ] --START--
INFO: ReadHtmlCache Behavior ::run [ RunTime:0.001002s ]
INFO: [ app_begin ] --END-- [ RunTime:0.001041s ]
SQL: SHOW COLUMNS FROM `users` [ RunTime:0.003329s ]
NOTIC: [8] Undefined index:  username D:\enkjhost\mayning1\web\admin\Lib\Action\LoginAction.class.php 第 90 行.
NOTIC: [8] Undefined index:  password D:\enkjhost\mayning1\web\admin\Lib\Action\LoginAction.class.php 第 91 行.
NOTIC: [8] Undefined index:  checkcode D:\enkjhost\mayning1\web\admin\Lib\Action\LoginAction.class.php 第 92 行.
SQL: SELECT * FROM `users` WHERE ( username = '%s'  ) LIMIT 1   [ RunTime:0.000167s ]
NOTIC: [8] Use of undefined constant res - assumed 'res' D:\enkjhost\mayning1\web\admin\Lib\Action\LoginAction.class.php 第 102 行.
NOTIC: [8] Undefined variable: str D:\enkjhost\mayning1\web\admin\Lib\Action\UtilAction.class.php 第 56 行.
INFO: [ view_parse ] --START--
INFO: ParseTemplate Behavior ::run [ RunTime:0.009386s ]
INFO: [ view_parse ] --END-- [ RunTime:0.009443s ]
INFO: [ view_filter ] --START--
INFO: ContentReplace Behavior ::run [ RunTime:0.000953s ]
INFO: TokenBuild Behavior ::run [ RunTime:0.000885s ]
INFO: WriteHtmlCache Behavior ::run [ RunTime:0.000738s ]
INFO: ShowRuntime Behavior ::run [ RunTime:0.000877s ]
INFO: [ view_filter ] --END-- [ RunTime:0.003563s ]
INFO: [ view_end ] --START--
INFO: ShowPageTrace Behavior ::run [ RunTime:0.001009s ]
INFO: [ view_end ] --END-- [ RunTime:0.001049s ]

[ 2014-10-13 08:49:48 ] 112.64.235.86 /admin.php/Login/getCode
INFO: [ route_check ] --START--
INFO: CheckRoute Behavior ::run [ RunTime:0.001136s ]
INFO: [ route_check ] --END-- [ RunTime:0.001182s ]
INFO: [ app_begin ] --START--
INFO: ReadHtmlCache Behavior ::run [ RunTime:0.000928s ]
INFO: [ app_begin ] --END-- [ RunTime:0.000968s ]

[ 2014-10-13 08:49:56 ] 112.64.235.86 /admin.php/Login/getCode
INFO: [ route_check ] --START--
INFO: CheckRoute Behavior ::run [ RunTime:0.001157s ]
INFO: [ route_check ] --END-- [ RunTime:0.001208s ]
INFO: [ app_begin ] --START--
INFO: ReadHtmlCache Behavior ::run [ RunTime:0.000933s ]
INFO: [ app_begin ] --END-- [ RunTime:0.000973s ]

[ 2014-10-13 08:49:58 ] 101.226.51.229 /admin.php/Login/startlogin
INFO: [ route_check ] --START--
INFO: CheckRoute Behavior ::run [ RunTime:0.001782s ]
INFO: [ route_check ] --END-- [ RunTime:0.001857s ]
INFO: [ app_begin ] --START--
INFO: ReadHtmlCache Behavior ::run [ RunTime:0.001478s ]
INFO: [ app_begin ] --END-- [ RunTime:0.001542s ]
SQL: SHOW COLUMNS FROM `users` [ RunTime:0.003314s ]
NOTIC: [8] Undefined index:  username D:\enkjhost\mayning1\web\admin\Lib\Action\LoginAction.class.php 第 90 行.
NOTIC: [8] Undefined index:  password D:\enkjhost\mayning1\web\admin\Lib\Action\LoginAction.class.php 第 91 行.
NOTIC: [8] Undefined index:  checkcode D:\enkjhost\mayning1\web\admin\Lib\Action\LoginAction.class.php 第 92 行.
SQL: SELECT * FROM `users` WHERE ( username = '%s'  ) LIMIT 1   [ RunTime:0.000203s ]
NOTIC: [8] Use of undefined constant res - assumed 'res' D:\enkjhost\mayning1\web\admin\Lib\Action\LoginAction.class.php 第 102 行.
NOTIC: [8] Undefined variable: str D:\enkjhost\mayning1\web\admin\Lib\Action\UtilAction.class.php 第 56 行.
INFO: [ view_parse ] --START--
INFO: ParseTemplate Behavior ::run [ RunTime:0.013947s ]
INFO: [ view_parse ] --END-- [ RunTime:0.014029s ]
INFO: [ view_filter ] --START--
INFO: ContentReplace Behavior ::run [ RunTime:0.001279s ]
INFO: TokenBuild Behavior ::run [ RunTime:0.001293s ]
INFO: WriteHtmlCache Behavior ::run [ RunTime:0.001166s ]
INFO: ShowRuntime Behavior ::run [ RunTime:0.001411s ]
INFO: [ view_filter ] --END-- [ RunTime:0.005323s ]
INFO: [ view_end ] --START--
INFO: ShowPageTrace Behavior ::run [ RunTime:0.001617s ]
INFO: [ view_end ] --END-- [ RunTime:0.001680s ]

[ 2014-10-13 08:49:58 ] 113.73.235.253 /admin.php/Login/startlogin
INFO: [ route_check ] --START--
INFO: CheckRoute Behavior ::run [ RunTime:0.001858s ]
INFO: [ route_check ] --END-- [ RunTime:0.001930s ]
INFO: [ app_begin ] --START--
INFO: ReadHtmlCache Behavior ::run [ RunTime:0.001535s ]
INFO: [ app_begin ] --END-- [ RunTime:0.001600s ]
SQL: SHOW COLUMNS FROM `users` [ RunTime:0.002816s ]
SQL: SELECT * FROM `users` WHERE ( username = 'admin'  ) LIMIT 1   [ RunTime:0.000171s ]
NOTIC: [8] Use of undefined constant res - assumed 'res' D:\enkjhost\mayning1\web\admin\Lib\Action\LoginAction.class.php 第 102 行.
NOTIC: [8] Undefined variable: char D:\enkjhost\mayning1\web\admin\Lib\Action\UtilAction.class.php 第 49 行.
NOTIC: [8] Undefined variable: str D:\enkjhost\mayning1\web\admin\Lib\Action\UtilAction.class.php 第 54 行.
SQL: SHOW COLUMNS FROM `logincount` [ RunTime:0.007324s ]
SQL: INSERT INTO `logincount` (`username`,`logintime`,`loginip`,`notes`) VALUES ('admin','2014-10-13 08:49','113.73.235.253','中国 广东 中山、Windows简体中文系统、Chrome浏览器、') [ RunTime:0.008829s ]
SQL: UPDATE `users` SET `lastlogin`='2014-10-13 08:49' WHERE ( id=6 ) [ RunTime:0.010013s ]
INFO: [ view_parse ] --START--
INFO: ParseTemplate Behavior ::run [ RunTime:0.017150s ]
INFO: [ view_parse ] --END-- [ RunTime:0.017222s ]
INFO: [ view_filter ] --START--
INFO: ContentReplace Behavior ::run [ RunTime:0.001350s ]
INFO: TokenBuild Behavior ::run [ RunTime:0.001315s ]
INFO: WriteHtmlCache Behavior ::run [ RunTime:0.001190s ]
INFO: ShowRuntime Behavior ::run [ RunTime:0.001426s ]
INFO: [ view_filter ] --END-- [ RunTime:0.005466s ]
INFO: [ view_end ] --START--
INFO: ShowPageTrace Behavior ::run [ RunTime:0.001635s ]
INFO: [ view_end ] --END-- [ RunTime:0.001701s ]

[ 2014-10-13 08:49:58 ] 113.73.235.253 /admin.php/Login/loginCount
INFO: [ route_check ] --START--
INFO: CheckRoute Behavior ::run [ RunTime:0.001142s ]
INFO: [ route_check ] --END-- [ RunTime:0.001192s ]
INFO: [ app_begin ] --START--
INFO: ReadHtmlCache Behavior ::run [ RunTime:0.000971s ]
INFO: [ app_begin ] --END-- [ RunTime:0.001011s ]
SQL: SHOW COLUMNS FROM `logincount` [ RunTime:0.003263s ]
SQL: SELECT COUNT(*) AS tp_count FROM `logincount` LIMIT 1   [ RunTime:0.000304s ]
SQL: SELECT * FROM `logincount` ORDER BY logintime desc LIMIT 0,15   [ RunTime:0.000814s ]
INFO: [ view_parse ] --START--
INFO: ParseTemplate Behavior ::run [ RunTime:0.017579s ]
INFO: [ view_parse ] --END-- [ RunTime:0.017659s ]
INFO: [ view_filter ] --START--
INFO: ContentReplace Behavior ::run [ RunTime:0.001356s ]
INFO: TokenBuild Behavior ::run [ RunTime:0.001333s ]
INFO: WriteHtmlCache Behavior ::run [ RunTime:0.001210s ]
INFO: ShowRuntime Behavior ::run [ RunTime:0.001408s ]
INFO: [ view_filter ] --END-- [ RunTime:0.005514s ]
INFO: [ view_end ] --START--
INFO: ShowPageTrace Behavior ::run [ RunTime:0.001649s ]
INFO: [ view_end ] --END-- [ RunTime:0.001715s ]

[ 2014-10-13 08:49:58 ] 180.153.206.23 /admin.php/Login/loginCount
INFO: [ route_check ] --START--
INFO: CheckRoute Behavior ::run [ RunTime:0.001825s ]
INFO: [ route_check ] --END-- [ RunTime:0.001899s ]
INFO: [ app_begin ] --START--
INFO: ReadHtmlCache Behavior ::run [ RunTime:0.001537s ]
INFO: [ app_begin ] --END-- [ RunTime:0.001601s ]
SQL: SHOW COLUMNS FROM `logincount` [ RunTime:0.003275s ]
SQL: SELECT COUNT(*) AS tp_count FROM `logincount` LIMIT 1   [ RunTime:0.000304s ]
SQL: SELECT * FROM `logincount` ORDER BY logintime desc LIMIT 0,15   [ RunTime:0.000708s ]
INFO: [ view_parse ] --START--
INFO: ParseTemplate Behavior ::run [ RunTime:0.012435s ]
INFO: [ view_parse ] --END-- [ RunTime:0.012497s ]
INFO: [ view_filter ] --START--
INFO: ContentReplace Behavior ::run [ RunTime:0.000832s ]
INFO: TokenBuild Behavior ::run [ RunTime:0.000811s ]
INFO: WriteHtmlCache Behavior ::run [ RunTime:0.000725s ]
INFO: ShowRuntime Behavior ::run [ RunTime:0.000874s ]
INFO: [ view_filter ] --END-- [ RunTime:0.003363s ]
INFO: [ view_end ] --START--
INFO: ShowPageTrace Behavior ::run [ RunTime:0.000978s ]
INFO: [ view_end ] --END-- [ RunTime:0.001019s ]

[ 2014-10-13 08:50:00 ] 113.73.235.253 /admin.php/Login/visterlist
INFO: [ route_check ] --START--
INFO: CheckRoute Behavior ::run [ RunTime:0.001788s ]
INFO: [ route_check ] --END-- [ RunTime:0.001866s ]
INFO: [ app_begin ] --START--
INFO: ReadHtmlCache Behavior ::run [ RunTime:0.001530s ]
INFO: [ app_begin ] --END-- [ RunTime:0.001594s ]
SQL: SHOW COLUMNS FROM `visters` [ RunTime:0.003598s ]
SQL: SELECT COUNT(*) AS tp_count FROM `visters` LIMIT 1   [ RunTime:0.007984s ]
SQL: SELECT * FROM `visters` ORDER BY ctime desc LIMIT 0,15   [ RunTime:0.007116s ]
INFO: [ view_parse ] --START--
INFO: ParseTemplate Behavior ::run [ RunTime:0.014963s ]
INFO: [ view_parse ] --END-- [ RunTime:0.015018s ]
INFO: [ view_filter ] --START--
INFO: ContentReplace Behavior ::run [ RunTime:0.000861s ]
INFO: TokenBuild Behavior ::run [ RunTime:0.000824s ]
INFO: WriteHtmlCache Behavior ::run [ RunTime:0.000742s ]
INFO: ShowRuntime Behavior ::run [ RunTime:0.000881s ]
INFO: [ view_filter ] --END-- [ RunTime:0.003432s ]
INFO: [ view_end ] --START--
INFO: ShowPageTrace Behavior ::run [ RunTime:0.001005s ]
INFO: [ view_end ] --END-- [ RunTime:0.001048s ]

[ 2014-10-13 08:50:05 ] 180.153.206.23 /admin.php/Login/loginCount
INFO: [ route_check ] --START--
INFO: CheckRoute Behavior ::run [ RunTime:0.001151s ]
INFO: [ route_check ] --END-- [ RunTime:0.001201s ]
INFO: [ app_begin ] --START--
INFO: ReadHtmlCache Behavior ::run [ RunTime:0.000946s ]
INFO: [ app_begin ] --END-- [ RunTime:0.000987s ]
SQL: SHOW COLUMNS FROM `logincount` [ RunTime:0.002754s ]
SQL: SELECT COUNT(*) AS tp_count FROM `logincount` LIMIT 1   [ RunTime:0.000227s ]
SQL: SELECT * FROM `logincount` ORDER BY logintime desc LIMIT 0,15   [ RunTime:0.000469s ]
INFO: [ view_parse ] --START--
INFO: ParseTemplate Behavior ::run [ RunTime:0.011331s ]
INFO: [ view_parse ] --END-- [ RunTime:0.011398s ]
INFO: [ view_filter ] --START--
INFO: ContentReplace Behavior ::run [ RunTime:0.000861s ]
INFO: TokenBuild Behavior ::run [ RunTime:0.000848s ]
INFO: WriteHtmlCache Behavior ::run [ RunTime:0.000756s ]
INFO: ShowRuntime Behavior ::run [ RunTime:0.000884s ]
INFO: [ view_filter ] --END-- [ RunTime:0.003472s ]
INFO: [ view_end ] --START--
INFO: ShowPageTrace Behavior ::run [ RunTime:0.001086s ]
INFO: [ view_end ] --END-- [ RunTime:0.001128s ]

[ 2014-10-13 08:50:23 ] 113.73.235.253 /admin.php/Login/visterlist/p/2
INFO: [ route_check ] --START--
INFO: CheckRoute Behavior ::run [ RunTime:0.001828s ]
INFO: [ route_check ] --END-- [ RunTime:0.001906s ]
INFO: [ app_begin ] --START--
INFO: ReadHtmlCache Behavior ::run [ RunTime:0.001496s ]
INFO: [ app_begin ] --END-- [ RunTime:0.001562s ]
SQL: SHOW COLUMNS FROM `visters` [ RunTime:0.003637s ]
SQL: SELECT COUNT(*) AS tp_count FROM `visters` LIMIT 1   [ RunTime:0.002228s ]
SQL: SELECT * FROM `visters` ORDER BY ctime desc LIMIT 15,15   [ RunTime:0.011359s ]
INFO: [ view_parse ] --START--
INFO: ParseTemplate Behavior ::run [ RunTime:0.016262s ]
INFO: [ view_parse ] --END-- [ RunTime:0.016345s ]
INFO: [ view_filter ] --START--
INFO: ContentReplace Behavior ::run [ RunTime:0.001367s ]
INFO: TokenBuild Behavior ::run [ RunTime:0.001335s ]
INFO: WriteHtmlCache Behavior ::run [ RunTime:0.001213s ]
INFO: ShowRuntime Behavior ::run [ RunTime:0.001429s ]
INFO: [ view_filter ] --END-- [ RunTime:0.005542s ]
INFO: [ view_end ] --START--
INFO: ShowPageTrace Behavior ::run [ RunTime:0.001605s ]
INFO: [ view_end ] --END-- [ RunTime:0.001674s ]

[ 2014-10-13 08:50:23 ] 101.226.66.187 /admin.php/Login/visterlist/p/2
INFO: [ route_check ] --START--
INFO: CheckRoute Behavior ::run [ RunTime:0.001696s ]
INFO: [ route_check ] --END-- [ RunTime:0.001760s ]
INFO: [ app_begin ] --START--
INFO: ReadHtmlCache Behavior ::run [ RunTime:0.000934s ]
INFO: [ app_begin ] --END-- [ RunTime:0.000974s ]
SQL: SHOW COLUMNS FROM `visters` [ RunTime:0.003488s ]
SQL: SELECT COUNT(*) AS tp_count FROM `visters` LIMIT 1   [ RunTime:0.002232s ]
SQL: SELECT * FROM `visters` ORDER BY ctime desc LIMIT 15,15   [ RunTime:0.011354s ]
INFO: [ view_parse ] --START--
INFO: ParseTemplate Behavior ::run [ RunTime:0.016119s ]
INFO: [ view_parse ] --END-- [ RunTime:0.016199s ]
INFO: [ view_filter ] --START--
INFO: ContentReplace Behavior ::run [ RunTime:0.001368s ]
INFO: TokenBuild Behavior ::run [ RunTime:0.001331s ]
INFO: WriteHtmlCache Behavior ::run [ RunTime:0.001204s ]
INFO: ShowRuntime Behavior ::run [ RunTime:0.001425s ]
INFO: [ view_filter ] --END-- [ RunTime:0.005526s ]
INFO: [ view_end ] --START--
INFO: ShowPageTrace Behavior ::run [ RunTime:0.001591s ]
INFO: [ view_end ] --END-- [ RunTime:0.001659s ]

[ 2014-10-13 08:50:31 ] 101.226.66.187 /admin.php/Login/visterlist/p/2
INFO: [ route_check ] --START--
INFO: CheckRoute Behavior ::run [ RunTime:0.001156s ]
INFO: [ route_check ] --END-- [ RunTime:0.001207s ]
INFO: [ app_begin ] --START--
INFO: ReadHtmlCache Behavior ::run [ RunTime:0.000987s ]
INFO: [ app_begin ] --END-- [ RunTime:0.001029s ]
SQL: SHOW COLUMNS FROM `visters` [ RunTime:0.003516s ]
SQL: SELECT COUNT(*) AS tp_count FROM `visters` LIMIT 1   [ RunTime:0.002227s ]
SQL: SELECT * FROM `visters` ORDER BY ctime desc LIMIT 15,15   [ RunTime:0.011385s ]
INFO: [ view_parse ] --START--
INFO: ParseTemplate Behavior ::run [ RunTime:0.016142s ]
INFO: [ view_parse ] --END-- [ RunTime:0.016223s ]
INFO: [ view_filter ] --START--
INFO: ContentReplace Behavior ::run [ RunTime:0.001361s ]
INFO: TokenBuild Behavior ::run [ RunTime:0.001324s ]
INFO: WriteHtmlCache Behavior ::run [ RunTime:0.001083s ]
INFO: ShowRuntime Behavior ::run [ RunTime:0.000889s ]
INFO: [ view_filter ] --END-- [ RunTime:0.004825s ]
INFO: [ view_end ] --START--
INFO: ShowPageTrace Behavior ::run [ RunTime:0.000997s ]
INFO: [ view_end ] --END-- [ RunTime:0.001039s ]

[ 2014-10-13 08:50:34 ] 113.73.235.253 /admin.php/Login/visterlist/p/3
INFO: [ route_check ] --START--
INFO: CheckRoute Behavior ::run [ RunTime:0.001841s ]
INFO: [ route_check ] --END-- [ RunTime:0.001926s ]
INFO: [ app_begin ] --START--
INFO: ReadHtmlCache Behavior ::run [ RunTime:0.001509s ]
INFO: [ app_begin ] --END-- [ RunTime:0.001574s ]
SQL: SHOW COLUMNS FROM `visters` [ RunTime:0.003554s ]
SQL: SELECT COUNT(*) AS tp_count FROM `visters` LIMIT 1   [ RunTime:0.002246s ]
SQL: SELECT * FROM `visters` ORDER BY ctime desc LIMIT 30,15   [ RunTime:0.011540s ]
INFO: [ view_parse ] --START--
INFO: ParseTemplate Behavior ::run [ RunTime:0.015148s ]
INFO: [ view_parse ] --END-- [ RunTime:0.015236s ]
INFO: [ view_filter ] --START--
INFO: ContentReplace Behavior ::run [ RunTime:0.001372s ]
INFO: TokenBuild Behavior ::run [ RunTime:0.001330s ]
INFO: WriteHtmlCache Behavior ::run [ RunTime:0.001204s ]
INFO: ShowRuntime Behavior ::run [ RunTime:0.001421s ]
INFO: [ view_filter ] --END-- [ RunTime:0.005526s ]
INFO: [ view_end ] --START--
INFO: ShowPageTrace Behavior ::run [ RunTime:0.001596s ]
INFO: [ view_end ] --END-- [ RunTime:0.001664s ]

[ 2014-10-13 08:50:34 ] 101.226.33.202 /admin.php/Login/visterlist/p/3
INFO: [ route_check ] --START--
INFO: CheckRoute Behavior ::run [ RunTime:0.001824s ]
INFO: [ route_check ] --END-- [ RunTime:0.001904s ]
INFO: [ app_begin ] --START--
INFO: ReadHtmlCache Behavior ::run [ RunTime:0.001500s ]
INFO: [ app_begin ] --END-- [ RunTime:0.001566s ]
SQL: SHOW COLUMNS FROM `visters` [ RunTime:0.003528s ]
SQL: SELECT COUNT(*) AS tp_count FROM `visters` LIMIT 1   [ RunTime:0.002242s ]
SQL: SELECT * FROM `visters` ORDER BY ctime desc LIMIT 30,15   [ RunTime:0.011447s ]
INFO: [ view_parse ] --START--
INFO: ParseTemplate Behavior ::run [ RunTime:0.016249s ]
INFO: [ view_parse ] --END-- [ RunTime:0.016337s ]
INFO: [ view_filter ] --START--
INFO: ContentReplace Behavior ::run [ RunTime:0.001368s ]
INFO: TokenBuild Behavior ::run [ RunTime:0.001330s ]
INFO: WriteHtmlCache Behavior ::run [ RunTime:0.001204s ]
INFO: ShowRuntime Behavior ::run [ RunTime:0.001074s ]
INFO: [ view_filter ] --END-- [ RunTime:0.005160s ]
INFO: [ view_end ] --START--
INFO: ShowPageTrace Behavior ::run [ RunTime:0.000994s ]
INFO: [ view_end ] --END-- [ RunTime:0.001036s ]

[ 2014-10-13 08:50:42 ] 101.226.33.202 /admin.php/Login/visterlist/p/3
INFO: [ route_check ] --START--
INFO: CheckRoute Behavior ::run [ RunTime:0.001139s ]
INFO: [ route_check ] --END-- [ RunTime:0.001187s ]
INFO: [ app_begin ] --START--
INFO: ReadHtmlCache Behavior ::run [ RunTime:0.000936s ]
INFO: [ app_begin ] --END-- [ RunTime:0.000975s ]
SQL: SHOW COLUMNS FROM `visters` [ RunTime:0.003258s ]
SQL: SELECT COUNT(*) AS tp_count FROM `visters` LIMIT 1   [ RunTime:0.001104s ]
SQL: SELECT * FROM `visters` ORDER BY ctime desc LIMIT 30,15   [ RunTime:0.008231s ]
INFO: [ view_parse ] --START--
INFO: ParseTemplate Behavior ::run [ RunTime:0.010966s ]
INFO: [ view_parse ] --END-- [ RunTime:0.011018s ]
INFO: [ view_filter ] --START--
INFO: ContentReplace Behavior ::run [ RunTime:0.000834s ]
INFO: TokenBuild Behavior ::run [ RunTime:0.000790s ]
INFO: WriteHtmlCache Behavior ::run [ RunTime:0.000706s ]
INFO: ShowRuntime Behavior ::run [ RunTime:0.000846s ]
INFO: [ view_filter ] --END-- [ RunTime:0.003294s ]
INFO: [ view_end ] --START--
INFO: ShowPageTrace Behavior ::run [ RunTime:0.000976s ]
INFO: [ view_end ] --END-- [ RunTime:0.001016s ]

[ 2014-10-13 08:50:46 ] 113.73.235.253 /admin.php/Login/visterlist/p/4
INFO: [ route_check ] --START--
INFO: CheckRoute Behavior ::run [ RunTime:0.001137s ]
INFO: [ route_check ] --END-- [ RunTime:0.001186s ]
INFO: [ app_begin ] --START--
INFO: ReadHtmlCache Behavior ::run [ RunTime:0.000929s ]
INFO: [ app_begin ] --END-- [ RunTime:0.000970s ]
SQL: SHOW COLUMNS FROM `visters` [ RunTime:0.003202s ]
SQL: SELECT COUNT(*) AS tp_count FROM `visters` LIMIT 1   [ RunTime:0.001092s ]
SQL: SELECT * FROM `visters` ORDER BY ctime desc LIMIT 45,15   [ RunTime:0.007987s ]
INFO: [ view_parse ] --START--
INFO: ParseTemplate Behavior ::run [ RunTime:0.011102s ]
INFO: [ view_parse ] --END-- [ RunTime:0.011153s ]
INFO: [ view_filter ] --START--
INFO: ContentReplace Behavior ::run [ RunTime:0.000848s ]
INFO: TokenBuild Behavior ::run [ RunTime:0.000818s ]
INFO: WriteHtmlCache Behavior ::run [ RunTime:0.000734s ]
INFO: ShowRuntime Behavior ::run [ RunTime:0.000845s ]
INFO: [ view_filter ] --END-- [ RunTime:0.003362s ]
INFO: [ view_end ] --START--
INFO: ShowPageTrace Behavior ::run [ RunTime:0.001013s ]
INFO: [ view_end ] --END-- [ RunTime:0.001053s ]

[ 2014-10-13 08:50:46 ] 180.153.201.79 /admin.php/Login/visterlist/p/4
INFO: [ route_check ] --START--
INFO: CheckRoute Behavior ::run [ RunTime:0.001108s ]
INFO: [ route_check ] --END-- [ RunTime:0.001156s ]
INFO: [ app_begin ] --START--
INFO: ReadHtmlCache Behavior ::run [ RunTime:0.000952s ]
INFO: [ app_begin ] --END-- [ RunTime:0.001005s ]
SQL: SHOW COLUMNS FROM `visters` [ RunTime:0.003105s ]
SQL: SELECT COUNT(*) AS tp_count FROM `visters` LIMIT 1   [ RunTime:0.001099s ]
SQL: SELECT * FROM `visters` ORDER BY ctime desc LIMIT 45,15   [ RunTime:0.007785s ]
INFO: [ view_parse ] --START--
INFO: ParseTemplate Behavior ::run [ RunTime:0.010512s ]
INFO: [ view_parse ] --END-- [ RunTime:0.010565s ]
INFO: [ view_filter ] --START--
INFO: ContentReplace Behavior ::run [ RunTime:0.000854s ]
INFO: TokenBuild Behavior ::run [ RunTime:0.000815s ]
INFO: WriteHtmlCache Behavior ::run [ RunTime:0.000726s ]
INFO: ShowRuntime Behavior ::run [ RunTime:0.000873s ]
INFO: [ view_filter ] --END-- [ RunTime:0.003390s ]
INFO: [ view_end ] --START--
INFO: ShowPageTrace Behavior ::run [ RunTime:0.000975s ]
INFO: [ view_end ] --END-- [ RunTime:0.001048s ]

[ 2014-10-13 08:50:51 ] 113.73.235.253 /admin.php/Login/visterlist/p/5
INFO: [ route_check ] --START--
INFO: CheckRoute Behavior ::run [ RunTime:0.002237s ]
INFO: [ route_check ] --END-- [ RunTime:0.002332s ]
INFO: [ app_begin ] --START--
INFO: ReadHtmlCache Behavior ::run [ RunTime:0.001827s ]
INFO: [ app_begin ] --END-- [ RunTime:0.001907s ]
SQL: SHOW COLUMNS FROM `visters` [ RunTime:0.004723s ]
SQL: SELECT COUNT(*) AS tp_count FROM `visters` LIMIT 1   [ RunTime:0.002104s ]
SQL: SELECT * FROM `visters` ORDER BY ctime desc LIMIT 60,15   [ RunTime:0.015875s ]
INFO: [ view_parse ] --START--
INFO: ParseTemplate Behavior ::run [ RunTime:0.023489s ]
INFO: [ view_parse ] --END-- [ RunTime:0.023606s ]
INFO: [ view_filter ] --START--
INFO: ContentReplace Behavior ::run [ RunTime:0.001939s ]
INFO: TokenBuild Behavior ::run [ RunTime:0.001871s ]
INFO: WriteHtmlCache Behavior ::run [ RunTime:0.001677s ]
INFO: ShowRuntime Behavior ::run [ RunTime:0.002006s ]
INFO: [ view_filter ] --END-- [ RunTime:0.007774s ]
INFO: [ view_end ] --START--
INFO: ShowPageTrace Behavior ::run [ RunTime:0.002272s ]
INFO: [ view_end ] --END-- [ RunTime:0.002369s ]

[ 2014-10-13 08:50:51 ] 101.226.33.240 /admin.php/Login/visterlist/p/5
INFO: [ route_check ] --START--
INFO: CheckRoute Behavior ::run [ RunTime:0.002675s ]
INFO: [ route_check ] --END-- [ RunTime:0.002788s ]
INFO: [ app_begin ] --START--
INFO: ReadHtmlCache Behavior ::run [ RunTime:0.002106s ]
INFO: [ app_begin ] --END-- [ RunTime:0.002188s ]
SQL: SHOW COLUMNS FROM `visters` [ RunTime:0.004487s ]
SQL: SELECT COUNT(*) AS tp_count FROM `visters` LIMIT 1   [ RunTime:0.002006s ]
SQL: SELECT * FROM `visters` ORDER BY ctime desc LIMIT 60,15   [ RunTime:0.014612s ]
INFO: [ view_parse ] --START--
INFO: ParseTemplate Behavior ::run [ RunTime:0.021593s ]
INFO: [ view_parse ] --END-- [ RunTime:0.021700s ]
INFO: [ view_filter ] --START--
INFO: ContentReplace Behavior ::run [ RunTime:0.001929s ]
INFO: TokenBuild Behavior ::run [ RunTime:0.001867s ]
INFO: WriteHtmlCache Behavior ::run [ RunTime:0.001706s ]
INFO: ShowRuntime Behavior ::run [ RunTime:0.002006s ]
INFO: [ view_filter ] --END-- [ RunTime:0.007789s ]
INFO: [ view_end ] --START--
INFO: ShowPageTrace Behavior ::run [ RunTime:0.002258s ]
INFO: [ view_end ] --END-- [ RunTime:0.002353s ]

[ 2014-10-13 08:50:54 ] 180.153.201.79 /admin.php/Login/visterlist/p/4
INFO: [ route_check ] --START--
INFO: CheckRoute Behavior ::run [ RunTime:0.002636s ]
INFO: [ route_check ] --END-- [ RunTime:0.002746s ]
INFO: [ app_begin ] --START--
INFO: ReadHtmlCache Behavior ::run [ RunTime:0.002142s ]
INFO: [ app_begin ] --END-- [ RunTime:0.002236s ]
SQL: SHOW COLUMNS FROM `visters` [ RunTime:0.004622s ]
SQL: SELECT COUNT(*) AS tp_count FROM `visters` LIMIT 1   [ RunTime:0.001904s ]
SQL: SELECT * FROM `visters` ORDER BY ctime desc LIMIT 45,15   [ RunTime:0.012819s ]
INFO: [ view_parse ] --START--
INFO: ParseTemplate Behavior ::run [ RunTime:0.021048s ]
INFO: [ view_parse ] --END-- [ RunTime:0.021151s ]
INFO: [ view_filter ] --START--
INFO: ContentReplace Behavior ::run [ RunTime:0.001734s ]
INFO: TokenBuild Behavior ::run [ RunTime:0.001687s ]
INFO: WriteHtmlCache Behavior ::run [ RunTime:0.001502s ]
INFO: ShowRuntime Behavior ::run [ RunTime:0.001797s ]
INFO: [ view_filter ] --END-- [ RunTime:0.006968s ]
INFO: [ view_end ] --START--
INFO: ShowPageTrace Behavior ::run [ RunTime:0.002043s ]
INFO: [ view_end ] --END-- [ RunTime:0.002129s ]

[ 2014-10-13 08:51:01 ] 101.226.33.240 /admin.php/Login/visterlist/p/5
INFO: [ route_check ] --START--
INFO: CheckRoute Behavior ::run [ RunTime:0.002237s ]
INFO: [ route_check ] --END-- [ RunTime:0.002330s ]
INFO: [ app_begin ] --START--
INFO: ReadHtmlCache Behavior ::run [ RunTime:0.001823s ]
INFO: [ app_begin ] --END-- [ RunTime:0.001912s ]
SQL: SHOW COLUMNS FROM `visters` [ RunTime:0.004705s ]
SQL: SELECT COUNT(*) AS tp_count FROM `visters` LIMIT 1   [ RunTime:0.002095s ]
SQL: SELECT * FROM `visters` ORDER BY ctime desc LIMIT 60,15   [ RunTime:0.016170s ]
INFO: [ view_parse ] --START--
INFO: ParseTemplate Behavior ::run [ RunTime:0.023444s ]
INFO: [ view_parse ] --END-- [ RunTime:0.023560s ]
INFO: [ view_filter ] --START--
INFO: ContentReplace Behavior ::run [ RunTime:0.001981s ]
INFO: TokenBuild Behavior ::run [ RunTime:0.001885s ]
INFO: WriteHtmlCache Behavior ::run [ RunTime:0.001691s ]
INFO: ShowRuntime Behavior ::run [ RunTime:0.002016s ]
INFO: [ view_filter ] --END-- [ RunTime:0.007854s ]
INFO: [ view_end ] --START--
INFO: ShowPageTrace Behavior ::run [ RunTime:0.002307s ]
INFO: [ view_end ] --END-- [ RunTime:0.002402s ]

[ 2014-10-13 08:51:16 ] 222.73.77.55 /admin.php/Login/visterlist
INFO: [ route_check ] --START--
INFO: CheckRoute Behavior ::run [ RunTime:0.001232s ]
INFO: [ route_check ] --END-- [ RunTime:0.001282s ]
INFO: [ app_begin ] --START--
INFO: ReadHtmlCache Behavior ::run [ RunTime:0.000933s ]
INFO: [ app_begin ] --END-- [ RunTime:0.000972s ]
SQL: SHOW COLUMNS FROM `visters` [ RunTime:0.003249s ]
SQL: SELECT COUNT(*) AS tp_count FROM `visters` LIMIT 1   [ RunTime:0.002233s ]
SQL: SELECT * FROM `visters` ORDER BY ctime desc LIMIT 0,15   [ RunTime:0.011420s ]
INFO: [ view_parse ] --START--
INFO: ParseTemplate Behavior ::run [ RunTime:0.014632s ]
INFO: [ view_parse ] --END-- [ RunTime:0.014697s ]
INFO: [ view_filter ] --START--
INFO: ContentReplace Behavior ::run [ RunTime:0.000839s ]
INFO: TokenBuild Behavior ::run [ RunTime:0.000812s ]
INFO: WriteHtmlCache Behavior ::run [ RunTime:0.000728s ]
INFO: ShowRuntime Behavior ::run [ RunTime:0.000873s ]
INFO: [ view_filter ] --END-- [ RunTime:0.003371s ]
INFO: [ view_end ] --START--
INFO: ShowPageTrace Behavior ::run [ RunTime:0.000985s ]
INFO: [ view_end ] --END-- [ RunTime:0.001027s ]

