[ 2014-10-16T11:45:17+08:00 ] 219.156.70.254 /admin.php
INFO: [ app_begin ] --START--
INFO: ReadHtmlCache Behavior ::run [ RunTime:0.001713s ]
INFO: [ app_begin ] --END-- [ RunTime:0.001803s ]
INFO: [ view_parse ] --START--
NOTIC: [8] Undefined variable: msg D:\enkjhost\mayning1\web\admin\Runtime\Cache\ad0611526e720c6e3de471a6116ff8d5.php 第 98 行.
INFO: ParseTemplate Behavior ::run [ RunTime:0.019564s ]
INFO: [ view_parse ] --END-- [ RunTime:0.019648s ]
INFO: [ view_filter ] --START--
INFO: ContentReplace Behavior ::run [ RunTime:0.001802s ]
INFO: TokenBuild Behavior ::run [ RunTime:0.001740s ]
INFO: WriteHtmlCache Behavior ::run [ RunTime:0.001513s ]
INFO: ShowRuntime Behavior ::run [ RunTime:0.001749s ]
INFO: [ view_filter ] --END-- [ RunTime:0.007041s ]
INFO: [ view_end ] --START--
INFO: ShowPageTrace Behavior ::run [ RunTime:0.002010s ]
INFO: [ view_end ] --END-- [ RunTime:0.002088s ]

[ 2014-10-16 11:45:17 ] 219.156.70.254 /admin.php/Login/getCode
INFO: [ route_check ] --START--
INFO: CheckRoute Behavior ::run [ RunTime:0.002559s ]
INFO: [ route_check ] --END-- [ RunTime:0.002671s ]
INFO: [ app_begin ] --START--
INFO: ReadHtmlCache Behavior ::run [ RunTime:0.001619s ]
INFO: [ app_begin ] --END-- [ RunTime:0.001713s ]

[ 2014-10-16 11:45:26 ] 219.156.70.254 /admin.php/Login/startlogin
INFO: [ route_check ] --START--
INFO: CheckRoute Behavior ::run [ RunTime:0.002602s ]
INFO: [ route_check ] --END-- [ RunTime:0.002711s ]
INFO: [ app_begin ] --START--
INFO: ReadHtmlCache Behavior ::run [ RunTime:0.002092s ]
INFO: [ app_begin ] --END-- [ RunTime:0.002173s ]
SQL: SHOW COLUMNS FROM `users` [ RunTime:0.008176s ]
SQL: SELECT * FROM `users` WHERE ( username = 'mayning'  ) LIMIT 1   [ RunTime:0.000493s ]
NOTIC: [8] Use of undefined constant res - assumed 'res' D:\enkjhost\mayning1\web\admin\Lib\Action\LoginAction.class.php 第 102 行.
NOTIC: [8] Undefined variable: char D:\enkjhost\mayning1\web\admin\Lib\Action\UtilAction.class.php 第 49 行.
NOTIC: [8] Undefined variable: str D:\enkjhost\mayning1\web\admin\Lib\Action\UtilAction.class.php 第 54 行.
SQL: SHOW COLUMNS FROM `logincount` [ RunTime:0.010572s ]
SQL: INSERT INTO `logincount` (`username`,`logintime`,`loginip`,`notes`) VALUES ('mayning','2014-10-16 11:45','219.156.70.254','中国 河南 郑州、Windows简体中文系统、Chrome浏览器、') [ RunTime:0.009400s ]
SQL: UPDATE `users` SET `lastlogin`='2014-10-16 11:45' WHERE ( id=5 ) [ RunTime:0.010408s ]
INFO: [ view_parse ] --START--
INFO: ParseTemplate Behavior ::run [ RunTime:0.025988s ]
INFO: [ view_parse ] --END-- [ RunTime:0.026105s ]
INFO: [ view_filter ] --START--
INFO: ContentReplace Behavior ::run [ RunTime:0.001560s ]
INFO: TokenBuild Behavior ::run [ RunTime:0.001523s ]
INFO: WriteHtmlCache Behavior ::run [ RunTime:0.001364s ]
INFO: ShowRuntime Behavior ::run [ RunTime:0.001629s ]
INFO: [ view_filter ] --END-- [ RunTime:0.006310s ]
INFO: [ view_end ] --START--
INFO: ShowPageTrace Behavior ::run [ RunTime:0.001874s ]
INFO: [ view_end ] --END-- [ RunTime:0.001957s ]

[ 2014-10-16 11:45:26 ] 219.156.70.254 /admin.php/Login/loginCount
INFO: [ route_check ] --START--
INFO: CheckRoute Behavior ::run [ RunTime:0.002009s ]
INFO: [ route_check ] --END-- [ RunTime:0.002094s ]
INFO: [ app_begin ] --START--
INFO: ReadHtmlCache Behavior ::run [ RunTime:0.001592s ]
INFO: [ app_begin ] --END-- [ RunTime:0.001664s ]
SQL: SHOW COLUMNS FROM `logincount` [ RunTime:0.004622s ]
SQL: SELECT COUNT(*) AS tp_count FROM `logincount` LIMIT 1   [ RunTime:0.000353s ]
SQL: SELECT * FROM `logincount` ORDER BY logintime desc LIMIT 0,15   [ RunTime:0.000792s ]
INFO: [ view_parse ] --START--
INFO: ParseTemplate Behavior ::run [ RunTime:0.019642s ]
INFO: [ view_parse ] --END-- [ RunTime:0.019731s ]
INFO: [ view_filter ] --START--
INFO: ContentReplace Behavior ::run [ RunTime:0.001420s ]
INFO: TokenBuild Behavior ::run [ RunTime:0.001380s ]
INFO: WriteHtmlCache Behavior ::run [ RunTime:0.001241s ]
INFO: ShowRuntime Behavior ::run [ RunTime:0.001478s ]
INFO: [ view_filter ] --END-- [ RunTime:0.005732s ]
INFO: [ view_end ] --START--
INFO: ShowPageTrace Behavior ::run [ RunTime:0.001778s ]
INFO: [ view_end ] --END-- [ RunTime:0.001857s ]

[ 2014-10-16 11:45:38 ] 219.156.70.254 /admin.php/Login/visterlist
INFO: [ route_check ] --START--
INFO: CheckRoute Behavior ::run [ RunTime:0.001965s ]
INFO: [ route_check ] --END-- [ RunTime:0.002057s ]
INFO: [ app_begin ] --START--
INFO: ReadHtmlCache Behavior ::run [ RunTime:0.001585s ]
INFO: [ app_begin ] --END-- [ RunTime:0.001657s ]
SQL: SHOW COLUMNS FROM `visters` [ RunTime:0.004725s ]
SQL: SELECT COUNT(*) AS tp_count FROM `visters` LIMIT 1   [ RunTime:0.011331s ]
SQL: SELECT * FROM `visters` ORDER BY ctime desc LIMIT 0,15   [ RunTime:0.014161s ]
INFO: [ view_parse ] --START--
INFO: ParseTemplate Behavior ::run [ RunTime:0.024947s ]
INFO: [ view_parse ] --END-- [ RunTime:0.025071s ]
INFO: [ view_filter ] --START--
INFO: ContentReplace Behavior ::run [ RunTime:0.001901s ]
INFO: TokenBuild Behavior ::run [ RunTime:0.001833s ]
INFO: WriteHtmlCache Behavior ::run [ RunTime:0.001639s ]
INFO: ShowRuntime Behavior ::run [ RunTime:0.001961s ]
INFO: [ view_filter ] --END-- [ RunTime:0.007615s ]
INFO: [ view_end ] --START--
INFO: ShowPageTrace Behavior ::run [ RunTime:0.002260s ]
INFO: [ view_end ] --END-- [ RunTime:0.002359s ]

[ 2014-10-16 11:45:54 ] 219.156.70.254 /admin.php/Product/getAllProductList
INFO: [ route_check ] --START--
INFO: CheckRoute Behavior ::run [ RunTime:0.002582s ]
INFO: [ route_check ] --END-- [ RunTime:0.002693s ]
INFO: [ app_begin ] --START--
INFO: ReadHtmlCache Behavior ::run [ RunTime:0.002082s ]
INFO: [ app_begin ] --END-- [ RunTime:0.002176s ]
SQL: SHOW COLUMNS FROM `products` [ RunTime:0.006884s ]
SQL: SHOW COLUMNS FROM `procate` [ RunTime:0.006146s ]
NOTIC: [8] Undefined index:  name D:\enkjhost\mayning1\web\admin\Lib\Action\ProductAction.class.php 第 146 行.
SQL: SELECT * FROM `procate` WHERE ( pid=0 ) ORDER BY sorts asc,pid asc  [ RunTime:0.000551s ]
SQL: select count(a.id) as count from products a left join procate b on a.proid = b.id where 1=1  [ RunTime:0.000506s ]
SQL: select a.id,a.title,a.ctime,a.imgs,a.sorts,a.enable,a.state,a.proid,b.title as protitle from products a left join procate b on a.proid = b.id where 1=1  order by a.sorts desc limit 0,10 [ RunTime:0.000557s ]
INFO: [ view_parse ] --START--
INFO: ParseTemplate Behavior ::run [ RunTime:0.032128s ]
INFO: [ view_parse ] --END-- [ RunTime:0.032231s ]
INFO: [ view_filter ] --START--
INFO: ContentReplace Behavior ::run [ RunTime:0.001724s ]
INFO: TokenBuild Behavior ::run [ RunTime:0.001565s ]
INFO: WriteHtmlCache Behavior ::run [ RunTime:0.002152s ]
INFO: ShowRuntime Behavior ::run [ RunTime:0.001727s ]
INFO: [ view_filter ] --END-- [ RunTime:0.007387s ]
INFO: [ view_end ] --START--
INFO: ShowPageTrace Behavior ::run [ RunTime:0.001875s ]
INFO: [ view_end ] --END-- [ RunTime:0.001953s ]

[ 2014-10-16 11:45:54 ] 219.156.70.254 /admin.php/Product/selectChildProcate
INFO: [ route_check ] --START--
INFO: CheckRoute Behavior ::run [ RunTime:0.001964s ]
INFO: [ route_check ] --END-- [ RunTime:0.002049s ]
INFO: [ app_begin ] --START--
INFO: ReadHtmlCache Behavior ::run [ RunTime:0.001690s ]
INFO: [ app_begin ] --END-- [ RunTime:0.001759s ]
NOTIC: [8] Undefined index:  id D:\enkjhost\mayning1\web\admin\Lib\Action\ProductAction.class.php 第 253 行.
SQL: SHOW COLUMNS FROM `procate` [ RunTime:0.006248s ]
SQL: SELECT * FROM `procate` WHERE ( pid=%d )  [ RunTime:0.000179s ]
ERR: 1064:You have an error in your SQL syntax; check the manual that corresponds to your MySQL server version for the right syntax to use near '%d )' at line 1
 [ SQL语句 ] : SELECT * FROM `procate` WHERE ( pid=%d ) 

[ 2014-10-16 11:46:13 ] 219.156.70.254 /admin.php/Product/getAllProductList/p/5?name=
INFO: [ route_check ] --START--
INFO: CheckRoute Behavior ::run [ RunTime:0.001963s ]
INFO: [ route_check ] --END-- [ RunTime:0.002049s ]
INFO: [ app_begin ] --START--
INFO: ReadHtmlCache Behavior ::run [ RunTime:0.001586s ]
INFO: [ app_begin ] --END-- [ RunTime:0.001658s ]
SQL: SHOW COLUMNS FROM `products` [ RunTime:0.005032s ]
SQL: SHOW COLUMNS FROM `procate` [ RunTime:0.004388s ]
SQL: SELECT * FROM `procate` WHERE ( pid=0 ) ORDER BY sorts asc,pid asc  [ RunTime:0.000403s ]
SQL: select count(a.id) as count from products a left join procate b on a.proid = b.id where 1=1  [ RunTime:0.000377s ]
SQL: select a.id,a.title,a.ctime,a.imgs,a.sorts,a.enable,a.state,a.proid,b.title as protitle from products a left join procate b on a.proid = b.id where 1=1  order by a.sorts desc limit 40,10 [ RunTime:0.000646s ]
INFO: [ view_parse ] --START--
INFO: ParseTemplate Behavior ::run [ RunTime:0.023720s ]
INFO: [ view_parse ] --END-- [ RunTime:0.023819s ]
INFO: [ view_filter ] --START--
INFO: ContentReplace Behavior ::run [ RunTime:0.001560s ]
INFO: TokenBuild Behavior ::run [ RunTime:0.001384s ]
INFO: WriteHtmlCache Behavior ::run [ RunTime:0.001861s ]
INFO: ShowRuntime Behavior ::run [ RunTime:0.001524s ]
INFO: [ view_filter ] --END-- [ RunTime:0.006522s ]
INFO: [ view_end ] --START--
INFO: ShowPageTrace Behavior ::run [ RunTime:0.001688s ]
INFO: [ view_end ] --END-- [ RunTime:0.001757s ]

[ 2014-10-16 11:46:13 ] 219.156.70.254 /admin.php/Product/selectChildProcate
INFO: [ route_check ] --START--
INFO: CheckRoute Behavior ::run [ RunTime:0.001962s ]
INFO: [ route_check ] --END-- [ RunTime:0.002047s ]
INFO: [ app_begin ] --START--
INFO: ReadHtmlCache Behavior ::run [ RunTime:0.001588s ]
INFO: [ app_begin ] --END-- [ RunTime:0.001652s ]
NOTIC: [8] Undefined index:  id D:\enkjhost\mayning1\web\admin\Lib\Action\ProductAction.class.php 第 253 行.
SQL: SHOW COLUMNS FROM `procate` [ RunTime:0.004856s ]
SQL: SELECT * FROM `procate` WHERE ( pid=%d )  [ RunTime:0.000155s ]
ERR: 1064:You have an error in your SQL syntax; check the manual that corresponds to your MySQL server version for the right syntax to use near '%d )' at line 1
 [ SQL语句 ] : SELECT * FROM `procate` WHERE ( pid=%d ) 

[ 2014-10-16 11:46:16 ] 219.156.70.254 /admin.php/Product/getAllProductList/p/7?name=
INFO: [ route_check ] --START--
INFO: CheckRoute Behavior ::run [ RunTime:0.002627s ]
INFO: [ route_check ] --END-- [ RunTime:0.002736s ]
INFO: [ app_begin ] --START--
INFO: ReadHtmlCache Behavior ::run [ RunTime:0.002099s ]
INFO: [ app_begin ] --END-- [ RunTime:0.002193s ]
SQL: SHOW COLUMNS FROM `products` [ RunTime:0.006676s ]
SQL: SHOW COLUMNS FROM `procate` [ RunTime:0.005917s ]
SQL: SELECT * FROM `procate` WHERE ( pid=0 ) ORDER BY sorts asc,pid asc  [ RunTime:0.000515s ]
SQL: select count(a.id) as count from products a left join procate b on a.proid = b.id where 1=1  [ RunTime:0.000559s ]
SQL: select a.id,a.title,a.ctime,a.imgs,a.sorts,a.enable,a.state,a.proid,b.title as protitle from products a left join procate b on a.proid = b.id where 1=1  order by a.sorts desc limit 60,10 [ RunTime:0.001066s ]
INFO: [ view_parse ] --START--
INFO: ParseTemplate Behavior ::run [ RunTime:0.027661s ]
INFO: [ view_parse ] --END-- [ RunTime:0.027787s ]
INFO: [ view_filter ] --START--
INFO: ContentReplace Behavior ::run [ RunTime:0.001792s ]
INFO: TokenBuild Behavior ::run [ RunTime:0.001594s ]
INFO: WriteHtmlCache Behavior ::run [ RunTime:0.002178s ]
INFO: ShowRuntime Behavior ::run [ RunTime:0.001739s ]
INFO: [ view_filter ] --END-- [ RunTime:0.007523s ]
INFO: [ view_end ] --START--
INFO: ShowPageTrace Behavior ::run [ RunTime:0.001900s ]
INFO: [ view_end ] --END-- [ RunTime:0.001978s ]

[ 2014-10-16 11:46:17 ] 219.156.70.254 /admin.php/Product/selectChildProcate
INFO: [ route_check ] --START--
INFO: CheckRoute Behavior ::run [ RunTime:0.001963s ]
INFO: [ route_check ] --END-- [ RunTime:0.002047s ]
INFO: [ app_begin ] --START--
INFO: ReadHtmlCache Behavior ::run [ RunTime:0.001595s ]
INFO: [ app_begin ] --END-- [ RunTime:0.001658s ]
NOTIC: [8] Undefined index:  id D:\enkjhost\mayning1\web\admin\Lib\Action\ProductAction.class.php 第 253 行.
SQL: SHOW COLUMNS FROM `procate` [ RunTime:0.004994s ]
SQL: SELECT * FROM `procate` WHERE ( pid=%d )  [ RunTime:0.000175s ]
ERR: 1064:You have an error in your SQL syntax; check the manual that corresponds to your MySQL server version for the right syntax to use near '%d )' at line 1
 [ SQL语句 ] : SELECT * FROM `procate` WHERE ( pid=%d ) 

[ 2014-10-16 11:46:19 ] 219.156.70.254 /admin.php/Product/getAllProductList/p/9?name=
INFO: [ route_check ] --START--
INFO: CheckRoute Behavior ::run [ RunTime:0.002584s ]
INFO: [ route_check ] --END-- [ RunTime:0.002696s ]
INFO: [ app_begin ] --START--
INFO: ReadHtmlCache Behavior ::run [ RunTime:0.002099s ]
INFO: [ app_begin ] --END-- [ RunTime:0.002193s ]
SQL: SHOW COLUMNS FROM `products` [ RunTime:0.004854s ]
SQL: SHOW COLUMNS FROM `procate` [ RunTime:0.004537s ]
SQL: SELECT * FROM `procate` WHERE ( pid=0 ) ORDER BY sorts asc,pid asc  [ RunTime:0.000527s ]
SQL: select count(a.id) as count from products a left join procate b on a.proid = b.id where 1=1  [ RunTime:0.000508s ]
SQL: select a.id,a.title,a.ctime,a.imgs,a.sorts,a.enable,a.state,a.proid,b.title as protitle from products a left join procate b on a.proid = b.id where 1=1  order by a.sorts desc limit 80,10 [ RunTime:0.001036s ]
INFO: [ view_parse ] --START--
INFO: ParseTemplate Behavior ::run [ RunTime:0.026204s ]
INFO: [ view_parse ] --END-- [ RunTime:0.026308s ]
INFO: [ view_filter ] --START--
INFO: ContentReplace Behavior ::run [ RunTime:0.001680s ]
INFO: TokenBuild Behavior ::run [ RunTime:0.001557s ]
INFO: WriteHtmlCache Behavior ::run [ RunTime:0.001372s ]
INFO: ShowRuntime Behavior ::run [ RunTime:0.001675s ]
INFO: [ view_filter ] --END-- [ RunTime:0.006498s ]
INFO: [ view_end ] --START--
INFO: ShowPageTrace Behavior ::run [ RunTime:0.001897s ]
INFO: [ view_end ] --END-- [ RunTime:0.001976s ]

[ 2014-10-16 11:46:19 ] 219.156.70.254 /admin.php/Product/selectChildProcate
INFO: [ route_check ] --START--
INFO: CheckRoute Behavior ::run [ RunTime:0.001983s ]
INFO: [ route_check ] --END-- [ RunTime:0.002068s ]
INFO: [ app_begin ] --START--
INFO: ReadHtmlCache Behavior ::run [ RunTime:0.001599s ]
INFO: [ app_begin ] --END-- [ RunTime:0.001662s ]
NOTIC: [8] Undefined index:  id D:\enkjhost\mayning1\web\admin\Lib\Action\ProductAction.class.php 第 253 行.
SQL: SHOW COLUMNS FROM `procate` [ RunTime:0.004707s ]
SQL: SELECT * FROM `procate` WHERE ( pid=%d )  [ RunTime:0.000140s ]
ERR: 1064:You have an error in your SQL syntax; check the manual that corresponds to your MySQL server version for the right syntax to use near '%d )' at line 1
 [ SQL语句 ] : SELECT * FROM `procate` WHERE ( pid=%d ) 

[ 2014-10-16 11:46:26 ] 219.156.70.254 /admin.php/Content/contentDetail?cate=1
INFO: [ route_check ] --START--
INFO: CheckRoute Behavior ::run [ RunTime:0.002034s ]
INFO: [ route_check ] --END-- [ RunTime:0.002132s ]
INFO: [ app_begin ] --START--
INFO: ReadHtmlCache Behavior ::run [ RunTime:0.001765s ]
INFO: [ app_begin ] --END-- [ RunTime:0.001841s ]
SQL: SHOW COLUMNS FROM `contents` [ RunTime:0.004501s ]
SQL: SELECT * FROM `contents` WHERE ( cateid=1 ) LIMIT 1   [ RunTime:0.000288s ]
INFO: [ view_parse ] --START--
INFO: ParseTemplate Behavior ::run [ RunTime:0.019319s ]
INFO: [ view_parse ] --END-- [ RunTime:0.019427s ]
INFO: [ view_filter ] --START--
INFO: ContentReplace Behavior ::run [ RunTime:0.001690s ]
INFO: TokenBuild Behavior ::run [ RunTime:0.001669s ]
INFO: WriteHtmlCache Behavior ::run [ RunTime:0.001515s ]
INFO: ShowRuntime Behavior ::run [ RunTime:0.001754s ]
INFO: [ view_filter ] --END-- [ RunTime:0.006856s ]
INFO: [ view_end ] --START--
INFO: ShowPageTrace Behavior ::run [ RunTime:0.002005s ]
INFO: [ view_end ] --END-- [ RunTime:0.002083s ]

[ 2014-10-16 11:46:27 ] 219.156.70.254 /admin.php/Content/contentDetail?cate=2
INFO: [ route_check ] --START--
INFO: CheckRoute Behavior ::run [ RunTime:0.002594s ]
INFO: [ route_check ] --END-- [ RunTime:0.002706s ]
INFO: [ app_begin ] --START--
INFO: ReadHtmlCache Behavior ::run [ RunTime:0.001597s ]
INFO: [ app_begin ] --END-- [ RunTime:0.001672s ]
SQL: SHOW COLUMNS FROM `contents` [ RunTime:0.004933s ]
SQL: SELECT * FROM `contents` WHERE ( cateid=2 ) LIMIT 1   [ RunTime:0.000378s ]
INFO: [ view_parse ] --START--
INFO: ParseTemplate Behavior ::run [ RunTime:0.018284s ]
INFO: [ view_parse ] --END-- [ RunTime:0.018374s ]
INFO: [ view_filter ] --START--
INFO: ContentReplace Behavior ::run [ RunTime:0.001521s ]
INFO: TokenBuild Behavior ::run [ RunTime:0.001516s ]
INFO: WriteHtmlCache Behavior ::run [ RunTime:0.001372s ]
INFO: ShowRuntime Behavior ::run [ RunTime:0.001626s ]
INFO: [ view_filter ] --END-- [ RunTime:0.006252s ]
INFO: [ view_end ] --START--
INFO: ShowPageTrace Behavior ::run [ RunTime:0.001849s ]
INFO: [ view_end ] --END-- [ RunTime:0.001922s ]

[ 2014-10-16 11:46:28 ] 219.156.70.254 /admin.php/Content/contentDetail?cate=3
INFO: [ route_check ] --START--
INFO: CheckRoute Behavior ::run [ RunTime:0.001988s ]
INFO: [ route_check ] --END-- [ RunTime:0.002073s ]
INFO: [ app_begin ] --START--
INFO: ReadHtmlCache Behavior ::run [ RunTime:0.001591s ]
INFO: [ app_begin ] --END-- [ RunTime:0.001662s ]
SQL: SHOW COLUMNS FROM `contents` [ RunTime:0.005221s ]
SQL: SELECT * FROM `contents` WHERE ( cateid=3 ) LIMIT 1   [ RunTime:0.000363s ]
INFO: [ view_parse ] --START--
INFO: ParseTemplate Behavior ::run [ RunTime:0.016598s ]
INFO: [ view_parse ] --END-- [ RunTime:0.016683s ]
INFO: [ view_filter ] --START--
INFO: ContentReplace Behavior ::run [ RunTime:0.001400s ]
INFO: TokenBuild Behavior ::run [ RunTime:0.001387s ]
INFO: WriteHtmlCache Behavior ::run [ RunTime:0.001235s ]
INFO: ShowRuntime Behavior ::run [ RunTime:0.001492s ]
INFO: [ view_filter ] --END-- [ RunTime:0.005711s ]
INFO: [ view_end ] --START--
INFO: ShowPageTrace Behavior ::run [ RunTime:0.001672s ]
INFO: [ view_end ] --END-- [ RunTime:0.001738s ]

[ 2014-10-16 11:46:29 ] 219.156.70.254 /admin.php/Content/contentDetail?cate=3
INFO: [ route_check ] --START--
INFO: CheckRoute Behavior ::run [ RunTime:0.002578s ]
INFO: [ route_check ] --END-- [ RunTime:0.002688s ]
INFO: [ app_begin ] --START--
INFO: ReadHtmlCache Behavior ::run [ RunTime:0.002106s ]
INFO: [ app_begin ] --END-- [ RunTime:0.002222s ]
SQL: SHOW COLUMNS FROM `contents` [ RunTime:0.004880s ]
SQL: SELECT * FROM `contents` WHERE ( cateid=3 ) LIMIT 1   [ RunTime:0.000300s ]
INFO: [ view_parse ] --START--
INFO: ParseTemplate Behavior ::run [ RunTime:0.016570s ]
INFO: [ view_parse ] --END-- [ RunTime:0.016654s ]
INFO: [ view_filter ] --START--
INFO: ContentReplace Behavior ::run [ RunTime:0.001387s ]
INFO: TokenBuild Behavior ::run [ RunTime:0.001382s ]
INFO: WriteHtmlCache Behavior ::run [ RunTime:0.001241s ]
INFO: ShowRuntime Behavior ::run [ RunTime:0.001494s ]
INFO: [ view_filter ] --END-- [ RunTime:0.005700s ]
INFO: [ view_end ] --START--
INFO: ShowPageTrace Behavior ::run [ RunTime:0.001692s ]
INFO: [ view_end ] --END-- [ RunTime:0.001757s ]

[ 2014-10-16 11:46:30 ] 219.156.70.254 /admin.php/Content/contentDetail?cate=4
INFO: [ route_check ] --START--
INFO: CheckRoute Behavior ::run [ RunTime:0.002163s ]
INFO: [ route_check ] --END-- [ RunTime:0.002255s ]
INFO: [ app_begin ] --START--
INFO: ReadHtmlCache Behavior ::run [ RunTime:0.001760s ]
INFO: [ app_begin ] --END-- [ RunTime:0.001839s ]
SQL: SHOW COLUMNS FROM `contents` [ RunTime:0.005347s ]
SQL: SELECT * FROM `contents` WHERE ( cateid=4 ) LIMIT 1   [ RunTime:0.000303s ]
INFO: [ view_parse ] --START--
INFO: ParseTemplate Behavior ::run [ RunTime:0.018276s ]
INFO: [ view_parse ] --END-- [ RunTime:0.018367s ]
INFO: [ view_filter ] --START--
INFO: ContentReplace Behavior ::run [ RunTime:0.001522s ]
INFO: TokenBuild Behavior ::run [ RunTime:0.001533s ]
INFO: WriteHtmlCache Behavior ::run [ RunTime:0.001370s ]
INFO: ShowRuntime Behavior ::run [ RunTime:0.001631s ]
INFO: [ view_filter ] --END-- [ RunTime:0.006263s ]
INFO: [ view_end ] --START--
INFO: ShowPageTrace Behavior ::run [ RunTime:0.001852s ]
INFO: [ view_end ] --END-- [ RunTime:0.001925s ]

[ 2014-10-16 11:46:33 ] 219.156.70.254 /admin.php/Faq/faqList
INFO: [ route_check ] --START--
INFO: CheckRoute Behavior ::run [ RunTime:0.001956s ]
INFO: [ route_check ] --END-- [ RunTime:0.002040s ]
INFO: [ app_begin ] --START--
INFO: ReadHtmlCache Behavior ::run [ RunTime:0.001588s ]
INFO: [ app_begin ] --END-- [ RunTime:0.001661s ]
SQL: SHOW COLUMNS FROM `faqs` [ RunTime:0.005228s ]
NOTIC: [8] Undefined index:  name D:\enkjhost\mayning1\web\admin\Lib\Action\FaqAction.class.php 第 122 行.
SQL: select count(a.id) as count from faqs a left join faqcate b on a.faqcate=b.id where 1=1  [ RunTime:0.000824s ]
SQL: select a.id ,a.title,a.ctime,a.sorts,a.enable,b.title as catetitle from faqs a left join faqcate b on a.faqcate=b.id where 1=1  order by a.sorts desc limit 0,10 [ RunTime:0.000287s ]
INFO: [ view_parse ] --START--
INFO: ParseTemplate Behavior ::run [ RunTime:0.026923s ]
INFO: [ view_parse ] --END-- [ RunTime:0.027018s ]
INFO: [ view_filter ] --START--
INFO: ContentReplace Behavior ::run [ RunTime:0.001916s ]
INFO: TokenBuild Behavior ::run [ RunTime:0.001833s ]
INFO: WriteHtmlCache Behavior ::run [ RunTime:0.001625s ]
INFO: ShowRuntime Behavior ::run [ RunTime:0.001962s ]
INFO: [ view_filter ] --END-- [ RunTime:0.007584s ]
INFO: [ view_end ] --START--
INFO: ShowPageTrace Behavior ::run [ RunTime:0.002270s ]
INFO: [ view_end ] --END-- [ RunTime:0.002386s ]

[ 2014-10-16 11:46:35 ] 219.156.70.254 /admin.php/Faq/faqcateList
INFO: [ route_check ] --START--
INFO: CheckRoute Behavior ::run [ RunTime:0.002573s ]
INFO: [ route_check ] --END-- [ RunTime:0.002685s ]
INFO: [ app_begin ] --START--
INFO: ReadHtmlCache Behavior ::run [ RunTime:0.002110s ]
INFO: [ app_begin ] --END-- [ RunTime:0.002188s ]
SQL: SHOW COLUMNS FROM `faqcate` [ RunTime:0.004272s ]
SQL: SELECT COUNT(*) AS tp_count FROM `faqcate` LIMIT 1   [ RunTime:0.000200s ]
SQL: SELECT * FROM `faqcate` ORDER BY sorts desc LIMIT 0,10   [ RunTime:0.000177s ]
INFO: [ view_parse ] --START--
INFO: ParseTemplate Behavior ::run [ RunTime:0.024503s ]
INFO: [ view_parse ] --END-- [ RunTime:0.024587s ]
INFO: [ view_filter ] --START--
INFO: ContentReplace Behavior ::run [ RunTime:0.001563s ]
INFO: TokenBuild Behavior ::run [ RunTime:0.001563s ]
INFO: WriteHtmlCache Behavior ::run [ RunTime:0.001412s ]
INFO: ShowRuntime Behavior ::run [ RunTime:0.001959s ]
INFO: [ view_filter ] --END-- [ RunTime:0.006747s ]
INFO: [ view_end ] --START--
INFO: ShowPageTrace Behavior ::run [ RunTime:0.002279s ]
INFO: [ view_end ] --END-- [ RunTime:0.002372s ]

[ 2014-10-16T11:46:38+08:00 ] 219.156.70.254 /admin.php/User/userList
INFO: [ route_check ] --START--
INFO: CheckRoute Behavior ::run [ RunTime:0.001104s ]
INFO: [ route_check ] --END-- [ RunTime:0.001153s ]
INFO: [ app_begin ] --START--
INFO: ReadHtmlCache Behavior ::run [ RunTime:0.000919s ]
INFO: [ app_begin ] --END-- [ RunTime:0.000957s ]
SQL: SHOW COLUMNS FROM `users` [ RunTime:0.003000s ]
NOTIC: [8] Undefined index:  name D:\enkjhost\mayning1\web\admin\Lib\Action\UserAction.class.php 第 7 行.
SQL: SELECT COUNT(*) AS tp_count FROM `users` LIMIT 1   [ RunTime:0.000150s ]
SQL: SELECT * FROM `users` ORDER BY ctime desc LIMIT 0,10   [ RunTime:0.000132s ]
INFO: [ view_parse ] --START--
INFO: ParseTemplate Behavior ::run [ RunTime:0.013317s ]
INFO: [ view_parse ] --END-- [ RunTime:0.013370s ]
INFO: [ view_filter ] --START--
INFO: ContentReplace Behavior ::run [ RunTime:0.000907s ]
INFO: TokenBuild Behavior ::run [ RunTime:0.000819s ]
INFO: WriteHtmlCache Behavior ::run [ RunTime:0.000708s ]
INFO: ShowRuntime Behavior ::run [ RunTime:0.000857s ]
INFO: [ view_filter ] --END-- [ RunTime:0.003400s ]
INFO: [ view_end ] --START--
INFO: ShowPageTrace Behavior ::run [ RunTime:0.000982s ]
INFO: [ view_end ] --END-- [ RunTime:0.001021s ]

[ 2014-10-16T11:46:40+08:00 ] 219.156.70.254 /admin.php/User/goUpdatePass
INFO: [ route_check ] --START--
INFO: CheckRoute Behavior ::run [ RunTime:0.001117s ]
INFO: [ route_check ] --END-- [ RunTime:0.001168s ]
INFO: [ app_begin ] --START--
INFO: ReadHtmlCache Behavior ::run [ RunTime:0.000878s ]
INFO: [ app_begin ] --END-- [ RunTime:0.000917s ]
INFO: [ view_parse ] --START--
INFO: ParseTemplate Behavior ::run [ RunTime:0.011955s ]
INFO: [ view_parse ] --END-- [ RunTime:0.012011s ]
INFO: [ view_filter ] --START--
INFO: ContentReplace Behavior ::run [ RunTime:0.000812s ]
INFO: TokenBuild Behavior ::run [ RunTime:0.000801s ]
INFO: WriteHtmlCache Behavior ::run [ RunTime:0.000695s ]
INFO: ShowRuntime Behavior ::run [ RunTime:0.000830s ]
INFO: [ view_filter ] --END-- [ RunTime:0.003245s ]
INFO: [ view_end ] --START--
INFO: ShowPageTrace Behavior ::run [ RunTime:0.000987s ]
INFO: [ view_end ] --END-- [ RunTime:0.001024s ]

[ 2014-10-16T11:46:41+08:00 ] 219.156.70.254 /admin.php/User/userList
INFO: [ route_check ] --START--
INFO: CheckRoute Behavior ::run [ RunTime:0.001115s ]
INFO: [ route_check ] --END-- [ RunTime:0.001164s ]
INFO: [ app_begin ] --START--
INFO: ReadHtmlCache Behavior ::run [ RunTime:0.000916s ]
INFO: [ app_begin ] --END-- [ RunTime:0.000955s ]
SQL: SHOW COLUMNS FROM `users` [ RunTime:0.003448s ]
NOTIC: [8] Undefined index:  name D:\enkjhost\mayning1\web\admin\Lib\Action\UserAction.class.php 第 7 行.
SQL: SELECT COUNT(*) AS tp_count FROM `users` LIMIT 1   [ RunTime:0.000152s ]
SQL: SELECT * FROM `users` ORDER BY ctime desc LIMIT 0,10   [ RunTime:0.000163s ]
INFO: [ view_parse ] --START--
INFO: ParseTemplate Behavior ::run [ RunTime:0.011829s ]
INFO: [ view_parse ] --END-- [ RunTime:0.011883s ]
INFO: [ view_filter ] --START--
INFO: ContentReplace Behavior ::run [ RunTime:0.000823s ]
INFO: TokenBuild Behavior ::run [ RunTime:0.000828s ]
INFO: WriteHtmlCache Behavior ::run [ RunTime:0.000736s ]
INFO: ShowRuntime Behavior ::run [ RunTime:0.000917s ]
INFO: [ view_filter ] --END-- [ RunTime:0.003412s ]
INFO: [ view_end ] --START--
INFO: ShowPageTrace Behavior ::run [ RunTime:0.001001s ]
INFO: [ view_end ] --END-- [ RunTime:0.001040s ]

[ 2014-10-16T11:46:42+08:00 ] 219.156.70.254 /admin.php/User/userList
INFO: [ route_check ] --START--
INFO: CheckRoute Behavior ::run [ RunTime:0.001149s ]
INFO: [ route_check ] --END-- [ RunTime:0.001202s ]
INFO: [ app_begin ] --START--
INFO: ReadHtmlCache Behavior ::run [ RunTime:0.000930s ]
INFO: [ app_begin ] --END-- [ RunTime:0.000972s ]
SQL: SHOW COLUMNS FROM `users` [ RunTime:0.003254s ]
NOTIC: [8] Undefined index:  name D:\enkjhost\mayning1\web\admin\Lib\Action\UserAction.class.php 第 7 行.
SQL: SELECT COUNT(*) AS tp_count FROM `users` LIMIT 1   [ RunTime:0.000147s ]
SQL: SELECT * FROM `users` ORDER BY ctime desc LIMIT 0,10   [ RunTime:0.000134s ]
INFO: [ view_parse ] --START--
INFO: ParseTemplate Behavior ::run [ RunTime:0.011926s ]
INFO: [ view_parse ] --END-- [ RunTime:0.011978s ]
INFO: [ view_filter ] --START--
INFO: ContentReplace Behavior ::run [ RunTime:0.000834s ]
INFO: TokenBuild Behavior ::run [ RunTime:0.000815s ]
INFO: WriteHtmlCache Behavior ::run [ RunTime:0.000727s ]
INFO: ShowRuntime Behavior ::run [ RunTime:0.000863s ]
INFO: [ view_filter ] --END-- [ RunTime:0.003351s ]
INFO: [ view_end ] --START--
INFO: ShowPageTrace Behavior ::run [ RunTime:0.001000s ]
INFO: [ view_end ] --END-- [ RunTime:0.001042s ]

[ 2014-10-16T11:46:42+08:00 ] 219.156.70.254 /admin.php/User/goUpdatePass
INFO: [ route_check ] --START--
INFO: CheckRoute Behavior ::run [ RunTime:0.001090s ]
INFO: [ route_check ] --END-- [ RunTime:0.001138s ]
INFO: [ app_begin ] --START--
INFO: ReadHtmlCache Behavior ::run [ RunTime:0.000908s ]
INFO: [ app_begin ] --END-- [ RunTime:0.000947s ]
INFO: [ view_parse ] --START--
INFO: ParseTemplate Behavior ::run [ RunTime:0.009619s ]
INFO: [ view_parse ] --END-- [ RunTime:0.009668s ]
INFO: [ view_filter ] --START--
INFO: ContentReplace Behavior ::run [ RunTime:0.000774s ]
INFO: TokenBuild Behavior ::run [ RunTime:0.000771s ]
INFO: WriteHtmlCache Behavior ::run [ RunTime:0.000693s ]
INFO: ShowRuntime Behavior ::run [ RunTime:0.000826s ]
INFO: [ view_filter ] --END-- [ RunTime:0.003169s ]
INFO: [ view_end ] --START--
INFO: ShowPageTrace Behavior ::run [ RunTime:0.000950s ]
INFO: [ view_end ] --END-- [ RunTime:0.000988s ]

[ 2014-10-16 11:49:15 ] 219.156.70.254 /admin.php/Login/nologin
INFO: [ route_check ] --START--
INFO: CheckRoute Behavior ::run [ RunTime:0.002597s ]
INFO: [ route_check ] --END-- [ RunTime:0.002707s ]
INFO: [ app_begin ] --START--
INFO: ReadHtmlCache Behavior ::run [ RunTime:0.002108s ]
INFO: [ app_begin ] --END-- [ RunTime:0.002201s ]
NOTIC: [8] Undefined index:  msg D:\enkjhost\mayning1\web\admin\Lib\Action\LoginAction.class.php 第 68 行.
INFO: [ view_parse ] --START--
INFO: ParseTemplate Behavior ::run [ RunTime:0.017753s ]
INFO: [ view_parse ] --END-- [ RunTime:0.017860s ]
INFO: [ view_filter ] --START--
INFO: ContentReplace Behavior ::run [ RunTime:0.001402s ]
INFO: TokenBuild Behavior ::run [ RunTime:0.001426s ]
INFO: WriteHtmlCache Behavior ::run [ RunTime:0.002059s ]
INFO: ShowRuntime Behavior ::run [ RunTime:0.001613s ]
INFO: [ view_filter ] --END-- [ RunTime:0.006727s ]
INFO: [ view_end ] --START--
INFO: ShowPageTrace Behavior ::run [ RunTime:0.001732s ]
INFO: [ view_end ] --END-- [ RunTime:0.001804s ]

[ 2014-10-16 11:49:15 ] 219.156.70.254 /admin.php/Login/getCode
INFO: [ route_check ] --START--
INFO: CheckRoute Behavior ::run [ RunTime:0.001954s ]
INFO: [ route_check ] --END-- [ RunTime:0.002038s ]
INFO: [ app_begin ] --START--
INFO: ReadHtmlCache Behavior ::run [ RunTime:0.001589s ]
INFO: [ app_begin ] --END-- [ RunTime:0.001660s ]

