[ 2014-10-29 15:48:13 ] 113.73.204.5 /admin.php/Login/startlogin
INFO: [ route_check ] --START--
INFO: CheckRoute Behavior ::run [ RunTime:0.003959s ]
INFO: [ route_check ] --END-- [ RunTime:0.004075s ]
INFO: [ app_begin ] --START--
INFO: ReadHtmlCache Behavior ::run [ RunTime:0.003156s ]
INFO: [ app_begin ] --END-- [ RunTime:0.003255s ]
SQL: SHOW COLUMNS FROM `users` [ RunTime:0.007456s ]
NOTIC: [8] Undefined index:  username D:\enkjhost\mayning1\web\admin\Lib\Action\LoginAction.class.php 第 90 行.
NOTIC: [8] Undefined index:  password D:\enkjhost\mayning1\web\admin\Lib\Action\LoginAction.class.php 第 91 行.
NOTIC: [8] Undefined index:  checkcode D:\enkjhost\mayning1\web\admin\Lib\Action\LoginAction.class.php 第 92 行.
SQL: SELECT * FROM `users` WHERE ( username = '%s'  ) LIMIT 1   [ RunTime:0.000418s ]
NOTIC: [8] Use of undefined constant res - assumed 'res' D:\enkjhost\mayning1\web\admin\Lib\Action\LoginAction.class.php 第 102 行.
NOTIC: [8] Undefined variable: str D:\enkjhost\mayning1\web\admin\Lib\Action\UtilAction.class.php 第 56 行.
INFO: [ view_parse ] --START--
INFO: ParseTemplate Behavior ::run [ RunTime:0.028342s ]
INFO: [ view_parse ] --END-- [ RunTime:0.028466s ]
INFO: [ view_filter ] --START--
INFO: ContentReplace Behavior ::run [ RunTime:0.002706s ]
INFO: TokenBuild Behavior ::run [ RunTime:0.002728s ]
INFO: WriteHtmlCache Behavior ::run [ RunTime:0.002411s ]
INFO: ShowRuntime Behavior ::run [ RunTime:0.002927s ]
INFO: [ view_filter ] --END-- [ RunTime:0.011027s ]
INFO: [ view_end ] --START--
INFO: ShowPageTrace Behavior ::run [ RunTime:0.003375s ]
INFO: [ view_end ] --END-- [ RunTime:0.003465s ]

[ 2014-10-29 15:48:13 ] 113.73.204.5 /admin.php/Login/getCode
INFO: [ route_check ] --START--
INFO: CheckRoute Behavior ::run [ RunTime:0.002553s ]
INFO: [ route_check ] --END-- [ RunTime:0.002666s ]
INFO: [ app_begin ] --START--
INFO: ReadHtmlCache Behavior ::run [ RunTime:0.001793s ]
INFO: [ app_begin ] --END-- [ RunTime:0.001875s ]

[ 2014-10-29 15:48:28 ] 113.73.204.5 /admin.php/Login/checkCode
INFO: [ route_check ] --START--
INFO: CheckRoute Behavior ::run [ RunTime:0.002238s ]
INFO: [ route_check ] --END-- [ RunTime:0.002340s ]
INFO: [ app_begin ] --START--
INFO: ReadHtmlCache Behavior ::run [ RunTime:0.001800s ]
INFO: [ app_begin ] --END-- [ RunTime:0.001873s ]

[ 2014-10-29 15:48:28 ] 113.73.204.5 /admin.php/Login/startlogin
INFO: [ route_check ] --START--
INFO: CheckRoute Behavior ::run [ RunTime:0.001966s ]
INFO: [ route_check ] --END-- [ RunTime:0.002059s ]
INFO: [ app_begin ] --START--
INFO: ReadHtmlCache Behavior ::run [ RunTime:0.001610s ]
INFO: [ app_begin ] --END-- [ RunTime:0.001683s ]
SQL: SHOW COLUMNS FROM `users` [ RunTime:0.004126s ]
SQL: SELECT * FROM `users` WHERE ( username = 'mayning'  ) LIMIT 1   [ RunTime:0.000260s ]
NOTIC: [8] Use of undefined constant res - assumed 'res' D:\enkjhost\mayning1\web\admin\Lib\Action\LoginAction.class.php 第 102 行.
NOTIC: [8] Undefined variable: char D:\enkjhost\mayning1\web\admin\Lib\Action\UtilAction.class.php 第 49 行.
NOTIC: [8] Undefined variable: str D:\enkjhost\mayning1\web\admin\Lib\Action\UtilAction.class.php 第 54 行.
SQL: SHOW COLUMNS FROM `logincount` [ RunTime:0.007770s ]
SQL: INSERT INTO `logincount` (`username`,`logintime`,`loginip`,`notes`) VALUES ('mayning','2014-10-29 15:48','113.73.204.5','中国 广东 中山、Windows简体中文系统、Chrome浏览器、') [ RunTime:0.008432s ]
SQL: UPDATE `users` SET `lastlogin`='2014-10-29 15:48' WHERE ( id=5 ) [ RunTime:0.009722s ]
INFO: [ view_parse ] --START--
INFO: ParseTemplate Behavior ::run [ RunTime:0.025817s ]
INFO: [ view_parse ] --END-- [ RunTime:0.025944s ]
INFO: [ view_filter ] --START--
INFO: ContentReplace Behavior ::run [ RunTime:0.001829s ]
INFO: TokenBuild Behavior ::run [ RunTime:0.001793s ]
INFO: WriteHtmlCache Behavior ::run [ RunTime:0.002417s ]
INFO: ShowRuntime Behavior ::run [ RunTime:0.001933s ]
INFO: [ view_filter ] --END-- [ RunTime:0.008248s ]
INFO: [ view_end ] --START--
INFO: ShowPageTrace Behavior ::run [ RunTime:0.002257s ]
INFO: [ view_end ] --END-- [ RunTime:0.002353s ]

[ 2014-10-29 15:48:29 ] 113.73.204.5 /admin.php/Login/loginCount
INFO: [ route_check ] --START--
INFO: CheckRoute Behavior ::run [ RunTime:0.001961s ]
INFO: [ route_check ] --END-- [ RunTime:0.002049s ]
INFO: [ app_begin ] --START--
INFO: ReadHtmlCache Behavior ::run [ RunTime:0.001594s ]
INFO: [ app_begin ] --END-- [ RunTime:0.001665s ]
SQL: SHOW COLUMNS FROM `logincount` [ RunTime:0.004081s ]
SQL: SELECT COUNT(*) AS tp_count FROM `logincount` LIMIT 1   [ RunTime:0.000358s ]
SQL: SELECT * FROM `logincount` ORDER BY logintime desc LIMIT 0,15   [ RunTime:0.000820s ]
INFO: [ view_parse ] --START--
INFO: ParseTemplate Behavior ::run [ RunTime:0.020166s ]
INFO: [ view_parse ] --END-- [ RunTime:0.020269s ]
INFO: [ view_filter ] --START--
INFO: ContentReplace Behavior ::run [ RunTime:0.001860s ]
INFO: TokenBuild Behavior ::run [ RunTime:0.001790s ]
INFO: WriteHtmlCache Behavior ::run [ RunTime:0.001615s ]
INFO: ShowRuntime Behavior ::run [ RunTime:0.001944s ]
INFO: [ view_filter ] --END-- [ RunTime:0.007492s ]
INFO: [ view_end ] --START--
INFO: ShowPageTrace Behavior ::run [ RunTime:0.002238s ]
INFO: [ view_end ] --END-- [ RunTime:0.002338s ]

[ 2014-10-29 15:48:31 ] 113.73.204.5 /admin.php/Login/visterlist
INFO: [ route_check ] --START--
INFO: CheckRoute Behavior ::run [ RunTime:0.002043s ]
INFO: [ route_check ] --END-- [ RunTime:0.002129s ]
INFO: [ app_begin ] --START--
INFO: ReadHtmlCache Behavior ::run [ RunTime:0.001597s ]
INFO: [ app_begin ] --END-- [ RunTime:0.001668s ]
SQL: SHOW COLUMNS FROM `visters` [ RunTime:0.004205s ]
SQL: SELECT COUNT(*) AS tp_count FROM `visters` LIMIT 1   [ RunTime:0.002253s ]
SQL: SELECT * FROM `visters` ORDER BY ctime desc LIMIT 0,15   [ RunTime:0.014972s ]
INFO: [ view_parse ] --START--
INFO: ParseTemplate Behavior ::run [ RunTime:0.018787s ]
INFO: [ view_parse ] --END-- [ RunTime:0.018873s ]
INFO: [ view_filter ] --START--
INFO: ContentReplace Behavior ::run [ RunTime:0.001437s ]
INFO: TokenBuild Behavior ::run [ RunTime:0.001373s ]
INFO: WriteHtmlCache Behavior ::run [ RunTime:0.001242s ]
INFO: ShowRuntime Behavior ::run [ RunTime:0.001656s ]
INFO: [ view_filter ] --END-- [ RunTime:0.005926s ]
INFO: [ view_end ] --START--
INFO: ShowPageTrace Behavior ::run [ RunTime:0.001886s ]
INFO: [ view_end ] --END-- [ RunTime:0.001969s ]

[ 2014-10-29 15:48:38 ] 113.73.204.5 /admin.php/Login/startlogin
INFO: [ route_check ] --START--
INFO: CheckRoute Behavior ::run [ RunTime:0.001955s ]
INFO: [ route_check ] --END-- [ RunTime:0.002041s ]
INFO: [ app_begin ] --START--
INFO: ReadHtmlCache Behavior ::run [ RunTime:0.001606s ]
INFO: [ app_begin ] --END-- [ RunTime:0.001678s ]
INFO: [ view_parse ] --START--
INFO: ParseTemplate Behavior ::run [ RunTime:0.016805s ]
INFO: [ view_parse ] --END-- [ RunTime:0.016898s ]
INFO: [ view_filter ] --START--
INFO: ContentReplace Behavior ::run [ RunTime:0.001414s ]
INFO: TokenBuild Behavior ::run [ RunTime:0.001392s ]
INFO: WriteHtmlCache Behavior ::run [ RunTime:0.001249s ]
INFO: ShowRuntime Behavior ::run [ RunTime:0.001495s ]
INFO: [ view_filter ] --END-- [ RunTime:0.005748s ]
INFO: [ view_end ] --START--
INFO: ShowPageTrace Behavior ::run [ RunTime:0.001708s ]
INFO: [ view_end ] --END-- [ RunTime:0.001782s ]

[ 2014-10-29 15:48:39 ] 113.73.204.5 /admin.php/Login/loginCount
INFO: [ route_check ] --START--
INFO: CheckRoute Behavior ::run [ RunTime:0.001949s ]
INFO: [ route_check ] --END-- [ RunTime:0.002035s ]
INFO: [ app_begin ] --START--
INFO: ReadHtmlCache Behavior ::run [ RunTime:0.001628s ]
INFO: [ app_begin ] --END-- [ RunTime:0.001702s ]
SQL: SHOW COLUMNS FROM `logincount` [ RunTime:0.004029s ]
SQL: SELECT COUNT(*) AS tp_count FROM `logincount` LIMIT 1   [ RunTime:0.000340s ]
SQL: SELECT * FROM `logincount` ORDER BY logintime desc LIMIT 0,15   [ RunTime:0.000804s ]
INFO: [ view_parse ] --START--
INFO: ParseTemplate Behavior ::run [ RunTime:0.017352s ]
INFO: [ view_parse ] --END-- [ RunTime:0.017441s ]
INFO: [ view_filter ] --START--
INFO: ContentReplace Behavior ::run [ RunTime:0.001422s ]
INFO: TokenBuild Behavior ::run [ RunTime:0.001378s ]
INFO: WriteHtmlCache Behavior ::run [ RunTime:0.001377s ]
INFO: ShowRuntime Behavior ::run [ RunTime:0.001544s ]
INFO: [ view_filter ] --END-- [ RunTime:0.005940s ]
INFO: [ view_end ] --START--
INFO: ShowPageTrace Behavior ::run [ RunTime:0.001728s ]
INFO: [ view_end ] --END-- [ RunTime:0.001804s ]

[ 2014-10-29 15:48:40 ] 113.73.204.5 /admin.php/Login/visterlist
INFO: [ route_check ] --START--
INFO: CheckRoute Behavior ::run [ RunTime:0.002568s ]
INFO: [ route_check ] --END-- [ RunTime:0.002679s ]
INFO: [ app_begin ] --START--
INFO: ReadHtmlCache Behavior ::run [ RunTime:0.001626s ]
INFO: [ app_begin ] --END-- [ RunTime:0.001698s ]
SQL: SHOW COLUMNS FROM `visters` [ RunTime:0.004009s ]
SQL: SELECT COUNT(*) AS tp_count FROM `visters` LIMIT 1   [ RunTime:0.002252s ]
SQL: SELECT * FROM `visters` ORDER BY ctime desc LIMIT 0,15   [ RunTime:0.014675s ]
INFO: [ view_parse ] --START--
INFO: ParseTemplate Behavior ::run [ RunTime:0.021718s ]
INFO: [ view_parse ] --END-- [ RunTime:0.021818s ]
INFO: [ view_filter ] --START--
INFO: ContentReplace Behavior ::run [ RunTime:0.001901s ]
INFO: TokenBuild Behavior ::run [ RunTime:0.001811s ]
INFO: WriteHtmlCache Behavior ::run [ RunTime:0.001645s ]
INFO: ShowRuntime Behavior ::run [ RunTime:0.001969s ]
INFO: [ view_filter ] --END-- [ RunTime:0.007608s ]
INFO: [ view_end ] --START--
INFO: ShowPageTrace Behavior ::run [ RunTime:0.002261s ]
INFO: [ view_end ] --END-- [ RunTime:0.002359s ]

[ 2014-10-29 15:48:48 ] 113.73.204.5 /admin.php/Login/visterlist/p/2
INFO: [ route_check ] --START--
INFO: CheckRoute Behavior ::run [ RunTime:0.002553s ]
INFO: [ route_check ] --END-- [ RunTime:0.002664s ]
INFO: [ app_begin ] --START--
INFO: ReadHtmlCache Behavior ::run [ RunTime:0.001595s ]
INFO: [ app_begin ] --END-- [ RunTime:0.001668s ]
SQL: SHOW COLUMNS FROM `visters` [ RunTime:0.004320s ]
SQL: SELECT COUNT(*) AS tp_count FROM `visters` LIMIT 1   [ RunTime:0.002284s ]
SQL: SELECT * FROM `visters` ORDER BY ctime desc LIMIT 15,15   [ RunTime:0.014834s ]
INFO: [ view_parse ] --START--
INFO: ParseTemplate Behavior ::run [ RunTime:0.021400s ]
INFO: [ view_parse ] --END-- [ RunTime:0.021504s ]
INFO: [ view_filter ] --START--
INFO: ContentReplace Behavior ::run [ RunTime:0.001902s ]
INFO: TokenBuild Behavior ::run [ RunTime:0.001847s ]
INFO: WriteHtmlCache Behavior ::run [ RunTime:0.001633s ]
INFO: ShowRuntime Behavior ::run [ RunTime:0.001959s ]
INFO: [ view_filter ] --END-- [ RunTime:0.007626s ]
INFO: [ view_end ] --START--
INFO: ShowPageTrace Behavior ::run [ RunTime:0.002254s ]
INFO: [ view_end ] --END-- [ RunTime:0.002354s ]

[ 2014-10-29 15:48:58 ] 113.73.204.5 /admin.php/Login/visterlist/p/3
INFO: [ route_check ] --START--
INFO: CheckRoute Behavior ::run [ RunTime:0.001951s ]
INFO: [ route_check ] --END-- [ RunTime:0.002038s ]
INFO: [ app_begin ] --START--
INFO: ReadHtmlCache Behavior ::run [ RunTime:0.001631s ]
INFO: [ app_begin ] --END-- [ RunTime:0.001705s ]
SQL: SHOW COLUMNS FROM `visters` [ RunTime:0.004044s ]
SQL: SELECT COUNT(*) AS tp_count FROM `visters` LIMIT 1   [ RunTime:0.002293s ]
SQL: SELECT * FROM `visters` ORDER BY ctime desc LIMIT 30,15   [ RunTime:0.016080s ]
INFO: [ view_parse ] --START--
INFO: ParseTemplate Behavior ::run [ RunTime:0.022146s ]
INFO: [ view_parse ] --END-- [ RunTime:0.022259s ]
INFO: [ view_filter ] --START--
INFO: ContentReplace Behavior ::run [ RunTime:0.001926s ]
INFO: TokenBuild Behavior ::run [ RunTime:0.001864s ]
INFO: WriteHtmlCache Behavior ::run [ RunTime:0.001664s ]
INFO: ShowRuntime Behavior ::run [ RunTime:0.002033s ]
INFO: [ view_filter ] --END-- [ RunTime:0.007772s ]
INFO: [ view_end ] --START--
INFO: ShowPageTrace Behavior ::run [ RunTime:0.002269s ]
INFO: [ view_end ] --END-- [ RunTime:0.002368s ]

[ 2014-10-29 15:49:01 ] 113.73.204.5 /admin.php/Login/visterlist/p/4
INFO: [ route_check ] --START--
INFO: CheckRoute Behavior ::run [ RunTime:0.002003s ]
INFO: [ route_check ] --END-- [ RunTime:0.002089s ]
INFO: [ app_begin ] --START--
INFO: ReadHtmlCache Behavior ::run [ RunTime:0.001618s ]
INFO: [ app_begin ] --END-- [ RunTime:0.001692s ]
SQL: SHOW COLUMNS FROM `visters` [ RunTime:0.003994s ]
SQL: SELECT COUNT(*) AS tp_count FROM `visters` LIMIT 1   [ RunTime:0.002269s ]
SQL: SELECT * FROM `visters` ORDER BY ctime desc LIMIT 45,15   [ RunTime:0.016380s ]
INFO: [ view_parse ] --START--
INFO: ParseTemplate Behavior ::run [ RunTime:0.019574s ]
INFO: [ view_parse ] --END-- [ RunTime:0.019671s ]
INFO: [ view_filter ] --START--
INFO: ContentReplace Behavior ::run [ RunTime:0.001600s ]
INFO: TokenBuild Behavior ::run [ RunTime:0.001536s ]
INFO: WriteHtmlCache Behavior ::run [ RunTime:0.001387s ]
INFO: ShowRuntime Behavior ::run [ RunTime:0.001657s ]
INFO: [ view_filter ] --END-- [ RunTime:0.006418s ]
INFO: [ view_end ] --START--
INFO: ShowPageTrace Behavior ::run [ RunTime:0.001905s ]
INFO: [ view_end ] --END-- [ RunTime:0.001989s ]

[ 2014-10-29 15:49:16 ] 113.73.204.5 /admin.php/Product/getAllProductList
INFO: [ route_check ] --START--
INFO: CheckRoute Behavior ::run [ RunTime:0.002578s ]
INFO: [ route_check ] --END-- [ RunTime:0.002688s ]
INFO: [ app_begin ] --START--
INFO: ReadHtmlCache Behavior ::run [ RunTime:0.002152s ]
INFO: [ app_begin ] --END-- [ RunTime:0.002248s ]
SQL: SHOW COLUMNS FROM `products` [ RunTime:0.005972s ]
SQL: SHOW COLUMNS FROM `procate` [ RunTime:0.005377s ]
NOTIC: [8] Undefined index:  name D:\enkjhost\mayning1\web\admin\Lib\Action\ProductAction.class.php 第 146 行.
SQL: SELECT * FROM `procate` WHERE ( pid=0 ) ORDER BY sorts asc,pid asc  [ RunTime:0.000515s ]
SQL: select count(a.id) as count from products a left join procate b on a.proid = b.id where 1=1  [ RunTime:0.000486s ]
SQL: select a.id,a.title,a.ctime,a.imgs,a.sorts,a.enable,a.state,a.proid,b.title as protitle from products a left join procate b on a.proid = b.id where 1=1  order by a.sorts desc limit 0,10 [ RunTime:0.000575s ]
INFO: [ view_parse ] --START--
INFO: ParseTemplate Behavior ::run [ RunTime:0.030893s ]
INFO: [ view_parse ] --END-- [ RunTime:0.030994s ]
INFO: [ view_filter ] --START--
INFO: ContentReplace Behavior ::run [ RunTime:0.001748s ]
INFO: TokenBuild Behavior ::run [ RunTime:0.001567s ]
INFO: WriteHtmlCache Behavior ::run [ RunTime:0.001435s ]
INFO: ShowRuntime Behavior ::run [ RunTime:0.001696s ]
INFO: [ view_filter ] --END-- [ RunTime:0.006663s ]
INFO: [ view_end ] --START--
INFO: ShowPageTrace Behavior ::run [ RunTime:0.001942s ]
INFO: [ view_end ] --END-- [ RunTime:0.002020s ]

[ 2014-10-29 15:49:17 ] 113.73.204.5 /admin.php/Product/selectChildProcate
INFO: [ route_check ] --START--
INFO: CheckRoute Behavior ::run [ RunTime:0.001954s ]
INFO: [ route_check ] --END-- [ RunTime:0.002040s ]
INFO: [ app_begin ] --START--
INFO: ReadHtmlCache Behavior ::run [ RunTime:0.001600s ]
INFO: [ app_begin ] --END-- [ RunTime:0.001664s ]
NOTIC: [8] Undefined index:  id D:\enkjhost\mayning1\web\admin\Lib\Action\ProductAction.class.php 第 253 行.
SQL: SHOW COLUMNS FROM `procate` [ RunTime:0.004497s ]
SQL: SELECT * FROM `procate` WHERE ( pid=%d )  [ RunTime:0.000195s ]
ERR: 1064:You have an error in your SQL syntax; check the manual that corresponds to your MySQL server version for the right syntax to use near '%d )' at line 1
 [ SQL语句 ] : SELECT * FROM `procate` WHERE ( pid=%d ) 

[ 2014-10-29 16:03:49 ] 180.153.206.38 /admin.php/Login/visterlist/p/3
INFO: [ route_check ] --START--
INFO: CheckRoute Behavior ::run [ RunTime:0.002668s ]
INFO: [ route_check ] --END-- [ RunTime:0.002783s ]
INFO: [ app_begin ] --START--
INFO: ReadHtmlCache Behavior ::run [ RunTime:0.003357s ]
INFO: [ app_begin ] --END-- [ RunTime:0.003447s ]
SQL: SHOW COLUMNS FROM `visters` [ RunTime:0.006192s ]
SQL: SELECT COUNT(*) AS tp_count FROM `visters` LIMIT 1   [ RunTime:0.003152s ]
SQL: SELECT * FROM `visters` ORDER BY ctime desc LIMIT 30,15   [ RunTime:0.020136s ]
INFO: [ view_parse ] --START--
INFO: ParseTemplate Behavior ::run [ RunTime:0.027846s ]
INFO: [ view_parse ] --END-- [ RunTime:0.027963s ]
INFO: [ view_filter ] --START--
INFO: ContentReplace Behavior ::run [ RunTime:0.002980s ]
INFO: TokenBuild Behavior ::run [ RunTime:0.003033s ]
INFO: WriteHtmlCache Behavior ::run [ RunTime:0.002716s ]
INFO: ShowRuntime Behavior ::run [ RunTime:0.002151s ]
INFO: [ view_filter ] --END-- [ RunTime:0.011170s ]
INFO: [ view_end ] --START--
INFO: ShowPageTrace Behavior ::run [ RunTime:0.002365s ]
INFO: [ view_end ] --END-- [ RunTime:0.002465s ]

[ 2014-10-29 16:15:59 ] 112.64.235.90 /admin.php/Login/loginCount
INFO: [ route_check ] --START--
INFO: CheckRoute Behavior ::run [ RunTime:0.002603s ]
INFO: [ route_check ] --END-- [ RunTime:0.002718s ]
INFO: [ app_begin ] --START--
INFO: ReadHtmlCache Behavior ::run [ RunTime:0.002079s ]
INFO: [ app_begin ] --END-- [ RunTime:0.002175s ]
SQL: SHOW COLUMNS FROM `logincount` [ RunTime:0.004062s ]
SQL: SELECT COUNT(*) AS tp_count FROM `logincount` LIMIT 1   [ RunTime:0.000336s ]
SQL: SELECT * FROM `logincount` ORDER BY logintime desc LIMIT 0,15   [ RunTime:0.000796s ]
INFO: [ view_parse ] --START--
INFO: ParseTemplate Behavior ::run [ RunTime:0.020659s ]
INFO: [ view_parse ] --END-- [ RunTime:0.020754s ]
INFO: [ view_filter ] --START--
INFO: ContentReplace Behavior ::run [ RunTime:0.001456s ]
INFO: TokenBuild Behavior ::run [ RunTime:0.001390s ]
INFO: WriteHtmlCache Behavior ::run [ RunTime:0.001785s ]
INFO: ShowRuntime Behavior ::run [ RunTime:0.001462s ]
INFO: [ view_filter ] --END-- [ RunTime:0.006306s ]
INFO: [ view_end ] --START--
INFO: ShowPageTrace Behavior ::run [ RunTime:0.002472s ]
INFO: [ view_end ] --END-- [ RunTime:0.002547s ]

[ 2014-10-29 16:17:04 ] 180.153.201.64 /admin.php/Product/getAllProductList
INFO: [ route_check ] --START--
INFO: CheckRoute Behavior ::run [ RunTime:0.001972s ]
INFO: [ route_check ] --END-- [ RunTime:0.002056s ]
INFO: [ app_begin ] --START--
INFO: ReadHtmlCache Behavior ::run [ RunTime:0.001612s ]
INFO: [ app_begin ] --END-- [ RunTime:0.001685s ]
INFO: [ view_parse ] --START--
NOTIC: [8] Undefined variable: msg D:\enkjhost\mayning1\web\admin\Runtime\Cache\ad0611526e720c6e3de471a6116ff8d5.php 第 98 行.
INFO: ParseTemplate Behavior ::run [ RunTime:0.017635s ]
INFO: [ view_parse ] --END-- [ RunTime:0.017719s ]
INFO: [ view_filter ] --START--
INFO: ContentReplace Behavior ::run [ RunTime:0.001418s ]
INFO: TokenBuild Behavior ::run [ RunTime:0.001395s ]
INFO: WriteHtmlCache Behavior ::run [ RunTime:0.001672s ]
INFO: ShowRuntime Behavior ::run [ RunTime:0.001965s ]
INFO: [ view_filter ] --END-- [ RunTime:0.006688s ]
INFO: [ view_end ] --START--
INFO: ShowPageTrace Behavior ::run [ RunTime:0.002239s ]
INFO: [ view_end ] --END-- [ RunTime:0.002329s ]
SQL: SHOW COLUMNS FROM `products` [ RunTime:0.006204s ]
SQL: SHOW COLUMNS FROM `procate` [ RunTime:0.005500s ]
NOTIC: [8] Undefined index:  name D:\enkjhost\mayning1\web\admin\Lib\Action\ProductAction.class.php 第 146 行.
SQL: SELECT * FROM `procate` WHERE ( pid=0 ) ORDER BY sorts asc,pid asc  [ RunTime:0.000583s ]
SQL: select count(a.id) as count from products a left join procate b on a.proid = b.id where 1=1  [ RunTime:0.000561s ]
SQL: select a.id,a.title,a.ctime,a.imgs,a.sorts,a.enable,a.state,a.proid,b.title as protitle from products a left join procate b on a.proid = b.id where 1=1  order by a.sorts desc limit 0,10 [ RunTime:0.000633s ]
NOTIC: [8] Constant THEME_NAME already defined D:\enkjhost\mayning1\web\ThinkPHP\Lib\Core\View.class.php 第 223 行.
NOTIC: [8] Constant THEME_PATH already defined D:\enkjhost\mayning1\web\ThinkPHP\Lib\Core\View.class.php 第 174 行.
NOTIC: [8] Constant APP_TMPL_PATH already defined D:\enkjhost\mayning1\web\ThinkPHP\Lib\Core\View.class.php 第 175 行.
INFO: [ view_parse ] --START--
INFO: ParseTemplate Behavior ::run [ RunTime:0.016708s ]
INFO: [ view_parse ] --END-- [ RunTime:-0.044165s ]
INFO: [ view_filter ] --START--
INFO: ContentReplace Behavior ::run [ RunTime:0.000329s ]
INFO: TokenBuild Behavior ::run [ RunTime:0.000085s ]
INFO: WriteHtmlCache Behavior ::run [ RunTime:0.000016s ]
INFO: ShowRuntime Behavior ::run [ RunTime:0.000135s ]
INFO: [ view_filter ] --END-- [ RunTime:-0.054331s ]
INFO: [ view_end ] --START--
INFO: ShowPageTrace Behavior ::run [ RunTime:0.000058s ]
INFO: [ view_end ] --END-- [ RunTime:-0.052978s ]

[ 2014-10-29 16:18:00 ] 101.226.33.205 /admin.php/Login/visterlist
INFO: [ route_check ] --START--
INFO: CheckRoute Behavior ::run [ RunTime:0.001974s ]
INFO: [ route_check ] --END-- [ RunTime:0.002060s ]
INFO: [ app_begin ] --START--
INFO: ReadHtmlCache Behavior ::run [ RunTime:0.001619s ]
INFO: [ app_begin ] --END-- [ RunTime:0.001692s ]
SQL: SHOW COLUMNS FROM `visters` [ RunTime:0.004026s ]
SQL: SELECT COUNT(*) AS tp_count FROM `visters` LIMIT 1   [ RunTime:0.002233s ]
SQL: SELECT * FROM `visters` ORDER BY ctime desc LIMIT 0,15   [ RunTime:0.014841s ]
INFO: [ view_parse ] --START--
INFO: ParseTemplate Behavior ::run [ RunTime:0.026700s ]
INFO: [ view_parse ] --END-- [ RunTime:0.026804s ]
INFO: [ view_filter ] --START--
INFO: ContentReplace Behavior ::run [ RunTime:0.001891s ]
INFO: TokenBuild Behavior ::run [ RunTime:0.001833s ]
INFO: WriteHtmlCache Behavior ::run [ RunTime:0.001685s ]
INFO: ShowRuntime Behavior ::run [ RunTime:0.002017s ]
INFO: [ view_filter ] --END-- [ RunTime:0.007702s ]
INFO: [ view_end ] --START--
INFO: ShowPageTrace Behavior ::run [ RunTime:0.002252s ]
INFO: [ view_end ] --END-- [ RunTime:0.002350s ]

[ 2014-10-29 16:21:17 ] 180.153.206.19 /admin.php/Login/getCode
INFO: [ route_check ] --START--
INFO: CheckRoute Behavior ::run [ RunTime:0.002046s ]
INFO: [ route_check ] --END-- [ RunTime:0.002133s ]
INFO: [ app_begin ] --START--
INFO: ReadHtmlCache Behavior ::run [ RunTime:0.002592s ]
INFO: [ app_begin ] --END-- [ RunTime:0.002668s ]

[ 2014-10-29 16:21:39 ] 180.153.206.17 /admin.php/Product/selectChildProcate
INFO: [ route_check ] --START--
INFO: CheckRoute Behavior ::run [ RunTime:0.002651s ]
INFO: [ route_check ] --END-- [ RunTime:0.002762s ]
INFO: [ app_begin ] --START--
INFO: ReadHtmlCache Behavior ::run [ RunTime:0.002189s ]
INFO: [ app_begin ] --END-- [ RunTime:0.002284s ]
INFO: [ view_parse ] --START--
NOTIC: [8] Undefined variable: msg D:\enkjhost\mayning1\web\admin\Runtime\Cache\ad0611526e720c6e3de471a6116ff8d5.php 第 98 行.
INFO: ParseTemplate Behavior ::run [ RunTime:0.016637s ]
INFO: [ view_parse ] --END-- [ RunTime:0.016718s ]
INFO: [ view_filter ] --START--
INFO: ContentReplace Behavior ::run [ RunTime:0.001337s ]
INFO: TokenBuild Behavior ::run [ RunTime:0.001331s ]
INFO: WriteHtmlCache Behavior ::run [ RunTime:0.001196s ]
INFO: ShowRuntime Behavior ::run [ RunTime:0.001418s ]
INFO: [ view_filter ] --END-- [ RunTime:0.005476s ]
INFO: [ view_end ] --START--
INFO: ShowPageTrace Behavior ::run [ RunTime:0.002422s ]
INFO: [ view_end ] --END-- [ RunTime:0.002488s ]
NOTIC: [8] Undefined index:  id D:\enkjhost\mayning1\web\admin\Lib\Action\ProductAction.class.php 第 253 行.
SQL: SHOW COLUMNS FROM `procate` [ RunTime:0.004542s ]
SQL: SELECT * FROM `procate` WHERE ( pid=%d )  [ RunTime:0.000220s ]
ERR: 1064:You have an error in your SQL syntax; check the manual that corresponds to your MySQL server version for the right syntax to use near '%d )' at line 1
 [ SQL语句 ] : SELECT * FROM `procate` WHERE ( pid=%d ) 

