[ 2014-11-27 09:22:58 ] 113.108.70.13 /admin.php/Login/startlogin
INFO: [ route_check ] --START--
INFO: CheckRoute Behavior ::run [ RunTime:0.004143s ]
INFO: [ route_check ] --END-- [ RunTime:0.004257s ]
INFO: [ app_begin ] --START--
INFO: ReadHtmlCache Behavior ::run [ RunTime:0.003356s ]
INFO: [ app_begin ] --END-- [ RunTime:0.003454s ]
SQL: SHOW COLUMNS FROM `users` [ RunTime:0.008684s ]
NOTIC: [8] Undefined index:  username D:\enkjhost\mayning1\web\admin\Lib\Action\LoginAction.class.php 第 90 行.
NOTIC: [8] Undefined index:  password D:\enkjhost\mayning1\web\admin\Lib\Action\LoginAction.class.php 第 91 行.
NOTIC: [8] Undefined index:  checkcode D:\enkjhost\mayning1\web\admin\Lib\Action\LoginAction.class.php 第 92 行.
SQL: SELECT * FROM `users` WHERE ( username = '%s'  ) LIMIT 1   [ RunTime:0.000375s ]
NOTIC: [8] Use of undefined constant res - assumed 'res' D:\enkjhost\mayning1\web\admin\Lib\Action\LoginAction.class.php 第 102 行.
NOTIC: [8] Undefined variable: str D:\enkjhost\mayning1\web\admin\Lib\Action\UtilAction.class.php 第 56 行.
INFO: [ view_parse ] --START--
INFO: ParseTemplate Behavior ::run [ RunTime:0.024595s ]
INFO: [ view_parse ] --END-- [ RunTime:0.024712s ]
INFO: [ view_filter ] --START--
INFO: ContentReplace Behavior ::run [ RunTime:0.002431s ]
INFO: TokenBuild Behavior ::run [ RunTime:0.001620s ]
INFO: WriteHtmlCache Behavior ::run [ RunTime:0.002179s ]
INFO: ShowRuntime Behavior ::run [ RunTime:0.001738s ]
INFO: [ view_filter ] --END-- [ RunTime:0.008187s ]
INFO: [ view_end ] --START--
INFO: ShowPageTrace Behavior ::run [ RunTime:0.001922s ]
INFO: [ view_end ] --END-- [ RunTime:0.001996s ]

[ 2014-11-27T10:28:21+08:00 ] 218.28.20.161 /admin.php
INFO: [ app_begin ] --START--
INFO: ReadHtmlCache Behavior ::run [ RunTime:0.001205s ]
INFO: [ app_begin ] --END-- [ RunTime:0.001313s ]
INFO: [ view_parse ] --START--
NOTIC: [8] Undefined variable: msg D:\enkjhost\mayning1\web\admin\Runtime\Cache\ad0611526e720c6e3de471a6116ff8d5.php 第 98 行.
INFO: ParseTemplate Behavior ::run [ RunTime:0.013981s ]
INFO: [ view_parse ] --END-- [ RunTime:0.014050s ]
INFO: [ view_filter ] --START--
INFO: ContentReplace Behavior ::run [ RunTime:0.000980s ]
INFO: TokenBuild Behavior ::run [ RunTime:0.000937s ]
INFO: WriteHtmlCache Behavior ::run [ RunTime:0.000859s ]
INFO: ShowRuntime Behavior ::run [ RunTime:0.002143s ]
INFO: [ view_filter ] --END-- [ RunTime:0.005067s ]
INFO: [ view_end ] --START--
INFO: ShowPageTrace Behavior ::run [ RunTime:0.001233s ]
INFO: [ view_end ] --END-- [ RunTime:0.001292s ]

[ 2014-11-27 10:28:21 ] 218.28.20.161 /admin.php/Login/getCode
INFO: [ route_check ] --START--
INFO: CheckRoute Behavior ::run [ RunTime:0.002644s ]
INFO: [ route_check ] --END-- [ RunTime:0.002739s ]
INFO: [ app_begin ] --START--
INFO: ReadHtmlCache Behavior ::run [ RunTime:0.001319s ]
INFO: [ app_begin ] --END-- [ RunTime:0.001395s ]

[ 2014-11-27 10:28:24 ] 218.28.20.161 /admin.php/Login/nopass
INFO: [ route_check ] --START--
INFO: CheckRoute Behavior ::run [ RunTime:0.002097s ]
INFO: [ route_check ] --END-- [ RunTime:0.002185s ]
INFO: [ app_begin ] --START--
INFO: ReadHtmlCache Behavior ::run [ RunTime:0.001735s ]
INFO: [ app_begin ] --END-- [ RunTime:0.001810s ]
INFO: [ view_parse ] --START--
INFO: ParseTemplate Behavior ::run [ RunTime:0.025100s ]
INFO: [ view_parse ] --END-- [ RunTime:0.025199s ]
INFO: [ view_filter ] --START--
INFO: ContentReplace Behavior ::run [ RunTime:0.001524s ]
INFO: TokenBuild Behavior ::run [ RunTime:0.001510s ]
INFO: WriteHtmlCache Behavior ::run [ RunTime:0.001369s ]
INFO: ShowRuntime Behavior ::run [ RunTime:0.001672s ]
INFO: [ view_filter ] --END-- [ RunTime:0.006285s ]
INFO: [ view_end ] --START--
INFO: ShowPageTrace Behavior ::run [ RunTime:0.001821s ]
INFO: [ view_end ] --END-- [ RunTime:0.001892s ]

[ 2014-11-27T10:28:36+08:00 ] 218.28.20.161 /admin.php
INFO: [ app_begin ] --START--
INFO: ReadHtmlCache Behavior ::run [ RunTime:0.001588s ]
INFO: [ app_begin ] --END-- [ RunTime:0.001668s ]
INFO: [ view_parse ] --START--
NOTIC: [8] Undefined variable: msg D:\enkjhost\mayning1\web\admin\Runtime\Cache\ad0611526e720c6e3de471a6116ff8d5.php 第 98 行.
INFO: ParseTemplate Behavior ::run [ RunTime:0.014883s ]
INFO: [ view_parse ] --END-- [ RunTime:0.014953s ]
INFO: [ view_filter ] --START--
INFO: ContentReplace Behavior ::run [ RunTime:0.001389s ]
INFO: TokenBuild Behavior ::run [ RunTime:0.001380s ]
INFO: WriteHtmlCache Behavior ::run [ RunTime:0.001248s ]
INFO: ShowRuntime Behavior ::run [ RunTime:0.001463s ]
INFO: [ view_filter ] --END-- [ RunTime:0.005659s ]
INFO: [ view_end ] --START--
INFO: ShowPageTrace Behavior ::run [ RunTime:0.001653s ]
INFO: [ view_end ] --END-- [ RunTime:0.001716s ]

[ 2014-11-27 10:28:36 ] 218.28.20.161 /admin.php/Login/getCode
INFO: [ route_check ] --START--
INFO: CheckRoute Behavior ::run [ RunTime:0.002756s ]
INFO: [ route_check ] --END-- [ RunTime:0.002865s ]
INFO: [ app_begin ] --START--
INFO: ReadHtmlCache Behavior ::run [ RunTime:0.002253s ]
INFO: [ app_begin ] --END-- [ RunTime:0.002350s ]

[ 2014-11-27 10:28:43 ] 218.28.20.161 /admin.php/Login/checkCode
INFO: [ route_check ] --START--
INFO: CheckRoute Behavior ::run [ RunTime:0.002114s ]
INFO: [ route_check ] --END-- [ RunTime:0.002209s ]
INFO: [ app_begin ] --START--
INFO: ReadHtmlCache Behavior ::run [ RunTime:0.001792s ]
INFO: [ app_begin ] --END-- [ RunTime:0.001861s ]

[ 2014-11-27 10:28:48 ] 218.28.20.161 /admin.php/Login/startlogin
INFO: [ route_check ] --START--
INFO: CheckRoute Behavior ::run [ RunTime:0.002103s ]
INFO: [ route_check ] --END-- [ RunTime:0.002190s ]
INFO: [ app_begin ] --START--
INFO: ReadHtmlCache Behavior ::run [ RunTime:0.001734s ]
INFO: [ app_begin ] --END-- [ RunTime:0.001807s ]
SQL: SHOW COLUMNS FROM `users` [ RunTime:0.007382s ]
SQL: SELECT * FROM `users` WHERE ( username = 'mayning'  ) LIMIT 1   [ RunTime:0.000306s ]
NOTIC: [8] Use of undefined constant res - assumed 'res' D:\enkjhost\mayning1\web\admin\Lib\Action\LoginAction.class.php 第 102 行.
NOTIC: [8] Undefined variable: char D:\enkjhost\mayning1\web\admin\Lib\Action\UtilAction.class.php 第 49 行.
NOTIC: [8] Undefined variable: str D:\enkjhost\mayning1\web\admin\Lib\Action\UtilAction.class.php 第 54 行.
SQL: SHOW COLUMNS FROM `logincount` [ RunTime:0.009081s ]
SQL: INSERT INTO `logincount` (`username`,`logintime`,`loginip`,`notes`) VALUES ('mayning','2014-11-27 10:28','218.28.20.161','中国 河南 郑州、Windows简体中文系统、Chrome浏览器、') [ RunTime:0.007841s ]
SQL: UPDATE `users` SET `lastlogin`='2014-11-27 10:28' WHERE ( id=5 ) [ RunTime:0.010693s ]
INFO: [ view_parse ] --START--
INFO: ParseTemplate Behavior ::run [ RunTime:0.027089s ]
INFO: [ view_parse ] --END-- [ RunTime:0.027231s ]
INFO: [ view_filter ] --START--
INFO: ContentReplace Behavior ::run [ RunTime:0.002018s ]
INFO: TokenBuild Behavior ::run [ RunTime:0.002026s ]
INFO: WriteHtmlCache Behavior ::run [ RunTime:0.001828s ]
INFO: ShowRuntime Behavior ::run [ RunTime:0.002242s ]
INFO: [ view_filter ] --END-- [ RunTime:0.008392s ]
INFO: [ view_end ] --START--
INFO: ShowPageTrace Behavior ::run [ RunTime:0.002443s ]
INFO: [ view_end ] --END-- [ RunTime:0.002544s ]

[ 2014-11-27 10:28:48 ] 218.28.20.161 /admin.php/Login/loginCount
INFO: [ route_check ] --START--
INFO: CheckRoute Behavior ::run [ RunTime:0.001684s ]
INFO: [ route_check ] --END-- [ RunTime:0.001758s ]
INFO: [ app_begin ] --START--
INFO: ReadHtmlCache Behavior ::run [ RunTime:0.001400s ]
INFO: [ app_begin ] --END-- [ RunTime:0.001459s ]
SQL: SHOW COLUMNS FROM `logincount` [ RunTime:0.004194s ]
SQL: SELECT COUNT(*) AS tp_count FROM `logincount` LIMIT 1   [ RunTime:0.000709s ]
SQL: SELECT * FROM `logincount` ORDER BY logintime desc LIMIT 0,15   [ RunTime:0.000707s ]
INFO: [ view_parse ] --START--
INFO: ParseTemplate Behavior ::run [ RunTime:0.017135s ]
INFO: [ view_parse ] --END-- [ RunTime:0.017215s ]
INFO: [ view_filter ] --START--
INFO: ContentReplace Behavior ::run [ RunTime:0.001157s ]
INFO: TokenBuild Behavior ::run [ RunTime:0.000980s ]
INFO: WriteHtmlCache Behavior ::run [ RunTime:0.000887s ]
INFO: ShowRuntime Behavior ::run [ RunTime:0.001067s ]
INFO: [ view_filter ] --END-- [ RunTime:0.004243s ]
INFO: [ view_end ] --START--
INFO: ShowPageTrace Behavior ::run [ RunTime:0.001181s ]
INFO: [ view_end ] --END-- [ RunTime:0.001235s ]

[ 2014-11-27T10:28:52+08:00 ] 218.28.20.161 /admin.php/User/userList
INFO: [ route_check ] --START--
INFO: CheckRoute Behavior ::run [ RunTime:0.002720s ]
INFO: [ route_check ] --END-- [ RunTime:0.002833s ]
INFO: [ app_begin ] --START--
INFO: ReadHtmlCache Behavior ::run [ RunTime:0.002237s ]
INFO: [ app_begin ] --END-- [ RunTime:0.002335s ]
SQL: SHOW COLUMNS FROM `users` [ RunTime:0.005177s ]
NOTIC: [8] Undefined index:  name D:\enkjhost\mayning1\web\admin\Lib\Action\UserAction.class.php 第 7 行.
SQL: SELECT COUNT(*) AS tp_count FROM `users` LIMIT 1   [ RunTime:0.000248s ]
SQL: SELECT * FROM `users` ORDER BY ctime desc LIMIT 0,10   [ RunTime:0.000252s ]
INFO: [ view_parse ] --START--
INFO: ParseTemplate Behavior ::run [ RunTime:0.024603s ]
INFO: [ view_parse ] --END-- [ RunTime:0.024690s ]
INFO: [ view_filter ] --START--
INFO: ContentReplace Behavior ::run [ RunTime:0.001546s ]
INFO: TokenBuild Behavior ::run [ RunTime:0.001511s ]
INFO: WriteHtmlCache Behavior ::run [ RunTime:0.001361s ]
INFO: ShowRuntime Behavior ::run [ RunTime:0.001602s ]
INFO: [ view_filter ] --END-- [ RunTime:0.006216s ]
INFO: [ view_end ] --START--
INFO: ShowPageTrace Behavior ::run [ RunTime:0.001871s ]
INFO: [ view_end ] --END-- [ RunTime:0.001941s ]

[ 2014-11-27 10:28:58 ] 218.28.20.161 /admin.php/Login/nologin
INFO: [ route_check ] --START--
INFO: CheckRoute Behavior ::run [ RunTime:0.002786s ]
INFO: [ route_check ] --END-- [ RunTime:0.002901s ]
INFO: [ app_begin ] --START--
INFO: ReadHtmlCache Behavior ::run [ RunTime:0.002251s ]
INFO: [ app_begin ] --END-- [ RunTime:0.002347s ]
NOTIC: [8] Undefined index:  msg D:\enkjhost\mayning1\web\admin\Lib\Action\LoginAction.class.php 第 68 行.
INFO: [ view_parse ] --START--
INFO: ParseTemplate Behavior ::run [ RunTime:0.021410s ]
INFO: [ view_parse ] --END-- [ RunTime:0.021538s ]
INFO: [ view_filter ] --START--
INFO: ContentReplace Behavior ::run [ RunTime:0.002001s ]
INFO: TokenBuild Behavior ::run [ RunTime:0.001988s ]
INFO: WriteHtmlCache Behavior ::run [ RunTime:0.001797s ]
INFO: ShowRuntime Behavior ::run [ RunTime:0.002123s ]
INFO: [ view_filter ] --END-- [ RunTime:0.008172s ]
INFO: [ view_end ] --START--
INFO: ShowPageTrace Behavior ::run [ RunTime:0.002387s ]
INFO: [ view_end ] --END-- [ RunTime:0.002478s ]

[ 2014-11-27 10:28:58 ] 218.28.20.161 /admin.php/Login/getCode
INFO: [ route_check ] --START--
INFO: CheckRoute Behavior ::run [ RunTime:0.002377s ]
INFO: [ route_check ] --END-- [ RunTime:0.002473s ]
INFO: [ app_begin ] --START--
INFO: ReadHtmlCache Behavior ::run [ RunTime:0.001711s ]
INFO: [ app_begin ] --END-- [ RunTime:0.001785s ]

[ 2014-11-27 10:28:59 ] 218.28.20.161 /admin.php/Login/nopass
INFO: [ route_check ] --START--
INFO: CheckRoute Behavior ::run [ RunTime:0.002110s ]
INFO: [ route_check ] --END-- [ RunTime:0.002196s ]
INFO: [ app_begin ] --START--
INFO: ReadHtmlCache Behavior ::run [ RunTime:0.001732s ]
INFO: [ app_begin ] --END-- [ RunTime:0.001806s ]
INFO: [ view_parse ] --START--
INFO: ParseTemplate Behavior ::run [ RunTime:0.016370s ]
INFO: [ view_parse ] --END-- [ RunTime:0.016480s ]
INFO: [ view_filter ] --START--
INFO: ContentReplace Behavior ::run [ RunTime:0.001575s ]
INFO: TokenBuild Behavior ::run [ RunTime:0.001526s ]
INFO: WriteHtmlCache Behavior ::run [ RunTime:0.001389s ]
INFO: ShowRuntime Behavior ::run [ RunTime:0.001595s ]
INFO: [ view_filter ] --END-- [ RunTime:0.006289s ]
INFO: [ view_end ] --START--
INFO: ShowPageTrace Behavior ::run [ RunTime:0.001839s ]
INFO: [ view_end ] --END-- [ RunTime:0.001909s ]

[ 2014-11-27 10:29:05 ] 218.28.20.161 /admin.php/Login/checkReset
INFO: [ route_check ] --START--
INFO: CheckRoute Behavior ::run [ RunTime:0.002541s ]
INFO: [ route_check ] --END-- [ RunTime:0.002646s ]
INFO: [ app_begin ] --START--
INFO: ReadHtmlCache Behavior ::run [ RunTime:0.001877s ]
INFO: [ app_begin ] --END-- [ RunTime:0.001951s ]
SQL: SHOW COLUMNS FROM `users` [ RunTime:0.005666s ]
SQL: SELECT * FROM `users` WHERE ( username='mayning' ) LIMIT 1   [ RunTime:0.000319s ]
SQL: UPDATE `users` SET `getpasstime`=1417055343 WHERE ( id=5 ) [ RunTime:0.009015s ]

[ 2014-11-27 10:33:11 ] 218.28.20.161 /admin.php/Login/resetPass?username=mayning&token=28662269b9e4b8f38639d8a582d81989
INFO: [ route_check ] --START--
INFO: CheckRoute Behavior ::run [ RunTime:0.002728s ]
INFO: [ route_check ] --END-- [ RunTime:0.002843s ]
INFO: [ app_begin ] --START--
INFO: ReadHtmlCache Behavior ::run [ RunTime:0.002252s ]
INFO: [ app_begin ] --END-- [ RunTime:0.002350s ]
SQL: SHOW COLUMNS FROM `users` [ RunTime:0.005455s ]
SQL: SELECT * FROM `users` WHERE ( username='mayning' ) LIMIT 1   [ RunTime:0.000307s ]
INFO: [ view_parse ] --START--
INFO: ParseTemplate Behavior ::run [ RunTime:0.023024s ]
INFO: [ view_parse ] --END-- [ RunTime:0.023137s ]
INFO: [ view_filter ] --START--
INFO: ContentReplace Behavior ::run [ RunTime:0.002585s ]
INFO: TokenBuild Behavior ::run [ RunTime:0.001857s ]
INFO: WriteHtmlCache Behavior ::run [ RunTime:0.001511s ]
INFO: ShowRuntime Behavior ::run [ RunTime:0.001778s ]
INFO: [ view_filter ] --END-- [ RunTime:0.007956s ]
INFO: [ view_end ] --START--
INFO: ShowPageTrace Behavior ::run [ RunTime:0.002088s ]
INFO: [ view_end ] --END-- [ RunTime:0.002170s ]

[ 2014-11-27T13:21:16+08:00 ] 218.28.20.161 /admin.php
INFO: [ app_begin ] --START--
INFO: ReadHtmlCache Behavior ::run [ RunTime:0.003412s ]
INFO: [ app_begin ] --END-- [ RunTime:0.003528s ]
INFO: [ view_parse ] --START--
NOTIC: [8] Undefined variable: msg D:\enkjhost\mayning1\web\admin\Runtime\Cache\ad0611526e720c6e3de471a6116ff8d5.php 第 98 行.
INFO: ParseTemplate Behavior ::run [ RunTime:0.030917s ]
INFO: [ view_parse ] --END-- [ RunTime:0.031022s ]
INFO: [ view_filter ] --START--
INFO: ContentReplace Behavior ::run [ RunTime:0.002843s ]
INFO: TokenBuild Behavior ::run [ RunTime:0.002563s ]
INFO: WriteHtmlCache Behavior ::run [ RunTime:0.002402s ]
INFO: ShowRuntime Behavior ::run [ RunTime:0.002815s ]
INFO: [ view_filter ] --END-- [ RunTime:0.010857s ]
INFO: [ view_end ] --START--
INFO: ShowPageTrace Behavior ::run [ RunTime:0.003097s ]
INFO: [ view_end ] --END-- [ RunTime:0.003177s ]

[ 2014-11-27 13:21:16 ] 218.28.20.161 /admin.php/Login/getCode
INFO: [ route_check ] --START--
INFO: CheckRoute Behavior ::run [ RunTime:0.003011s ]
INFO: [ route_check ] --END-- [ RunTime:0.003093s ]
INFO: [ app_begin ] --START--
INFO: ReadHtmlCache Behavior ::run [ RunTime:0.001549s ]
INFO: [ app_begin ] --END-- [ RunTime:0.001612s ]

[ 2014-11-27 13:21:18 ] 218.28.20.161 /admin.php/Login/nopass
INFO: [ route_check ] --START--
INFO: CheckRoute Behavior ::run [ RunTime:0.002720s ]
INFO: [ route_check ] --END-- [ RunTime:0.002831s ]
INFO: [ app_begin ] --START--
INFO: ReadHtmlCache Behavior ::run [ RunTime:0.002213s ]
INFO: [ app_begin ] --END-- [ RunTime:0.002310s ]
INFO: [ view_parse ] --START--
INFO: ParseTemplate Behavior ::run [ RunTime:0.016991s ]
INFO: [ view_parse ] --END-- [ RunTime:0.017088s ]
INFO: [ view_filter ] --START--
INFO: ContentReplace Behavior ::run [ RunTime:0.001494s ]
INFO: TokenBuild Behavior ::run [ RunTime:0.001512s ]
INFO: WriteHtmlCache Behavior ::run [ RunTime:0.001308s ]
INFO: ShowRuntime Behavior ::run [ RunTime:0.001689s ]
INFO: [ view_filter ] --END-- [ RunTime:0.006218s ]
INFO: [ view_end ] --START--
INFO: ShowPageTrace Behavior ::run [ RunTime:0.002158s ]
INFO: [ view_end ] --END-- [ RunTime:0.002240s ]

[ 2014-11-27 13:21:24 ] 218.28.20.161 /admin.php/Login/checkReset
INFO: [ route_check ] --START--
INFO: CheckRoute Behavior ::run [ RunTime:0.002030s ]
INFO: [ route_check ] --END-- [ RunTime:0.002118s ]
INFO: [ app_begin ] --START--
INFO: ReadHtmlCache Behavior ::run [ RunTime:0.001667s ]
INFO: [ app_begin ] --END-- [ RunTime:0.001733s ]
SQL: SHOW COLUMNS FROM `users` [ RunTime:0.006516s ]
SQL: SELECT * FROM `users` WHERE ( username='mayning' ) LIMIT 1   [ RunTime:0.000325s ]
SQL: UPDATE `users` SET `getpasstime`=1417065681 WHERE ( id=5 ) [ RunTime:0.011268s ]

[ 2014-11-27 13:21:37 ] 218.28.20.161 /admin.php/Login/resetPass?username=mayning&token=28662269b9e4b8f38639d8a582d81989
INFO: [ route_check ] --START--
INFO: CheckRoute Behavior ::run [ RunTime:0.002056s ]
INFO: [ route_check ] --END-- [ RunTime:0.002144s ]
INFO: [ app_begin ] --START--
INFO: ReadHtmlCache Behavior ::run [ RunTime:0.001715s ]
INFO: [ app_begin ] --END-- [ RunTime:0.001790s ]
SQL: SHOW COLUMNS FROM `users` [ RunTime:0.005345s ]
SQL: SELECT * FROM `users` WHERE ( username='mayning' ) LIMIT 1   [ RunTime:0.000294s ]
INFO: [ view_parse ] --START--
INFO: ParseTemplate Behavior ::run [ RunTime:0.021187s ]
INFO: [ view_parse ] --END-- [ RunTime:0.021291s ]
INFO: [ view_filter ] --START--
INFO: ContentReplace Behavior ::run [ RunTime:0.001902s ]
INFO: TokenBuild Behavior ::run [ RunTime:0.001925s ]
INFO: WriteHtmlCache Behavior ::run [ RunTime:0.001728s ]
INFO: ShowRuntime Behavior ::run [ RunTime:0.003151s ]
INFO: [ view_filter ] --END-- [ RunTime:0.008969s ]
INFO: [ view_end ] --START--
INFO: ShowPageTrace Behavior ::run [ RunTime:0.003649s ]
INFO: [ view_end ] --END-- [ RunTime:0.003744s ]

[ 2014-11-27T13:22:37+08:00 ] 218.28.20.161 /admin.php
INFO: [ app_begin ] --START--
INFO: ReadHtmlCache Behavior ::run [ RunTime:0.001874s ]
INFO: [ app_begin ] --END-- [ RunTime:0.001970s ]
INFO: [ view_parse ] --START--
NOTIC: [8] Undefined variable: msg D:\enkjhost\mayning1\web\admin\Runtime\Cache\ad0611526e720c6e3de471a6116ff8d5.php 第 98 行.
INFO: ParseTemplate Behavior ::run [ RunTime:0.019232s ]
INFO: [ view_parse ] --END-- [ RunTime:0.019313s ]
INFO: [ view_filter ] --START--
INFO: ContentReplace Behavior ::run [ RunTime:0.001637s ]
INFO: TokenBuild Behavior ::run [ RunTime:0.001639s ]
INFO: WriteHtmlCache Behavior ::run [ RunTime:0.001475s ]
INFO: ShowRuntime Behavior ::run [ RunTime:0.001746s ]
INFO: [ view_filter ] --END-- [ RunTime:0.006714s ]
INFO: [ view_end ] --START--
INFO: ShowPageTrace Behavior ::run [ RunTime:0.001968s ]
INFO: [ view_end ] --END-- [ RunTime:0.002043s ]

[ 2014-11-27T13:22:37+08:00 ] 218.28.20.161 /admin.php
INFO: [ app_begin ] --START--
INFO: ReadHtmlCache Behavior ::run [ RunTime:0.002193s ]
INFO: [ app_begin ] --END-- [ RunTime:0.002302s ]
INFO: [ view_parse ] --START--
NOTIC: [8] Undefined variable: msg D:\enkjhost\mayning1\web\admin\Runtime\Cache\ad0611526e720c6e3de471a6116ff8d5.php 第 98 行.
INFO: ParseTemplate Behavior ::run [ RunTime:0.021082s ]
INFO: [ view_parse ] --END-- [ RunTime:0.021179s ]
INFO: [ view_filter ] --START--
INFO: ContentReplace Behavior ::run [ RunTime:0.001930s ]
INFO: TokenBuild Behavior ::run [ RunTime:0.001931s ]
INFO: WriteHtmlCache Behavior ::run [ RunTime:0.001738s ]
INFO: ShowRuntime Behavior ::run [ RunTime:0.002061s ]
INFO: [ view_filter ] --END-- [ RunTime:0.007913s ]
INFO: [ view_end ] --START--
INFO: ShowPageTrace Behavior ::run [ RunTime:0.002311s ]
INFO: [ view_end ] --END-- [ RunTime:0.002401s ]

[ 2014-11-27 13:22:38 ] 218.28.20.161 /admin.php/Login/getCode
INFO: [ route_check ] --START--
INFO: CheckRoute Behavior ::run [ RunTime:0.002262s ]
INFO: [ route_check ] --END-- [ RunTime:0.002356s ]
INFO: [ app_begin ] --START--
INFO: ReadHtmlCache Behavior ::run [ RunTime:0.001889s ]
INFO: [ app_begin ] --END-- [ RunTime:0.001970s ]

[ 2014-11-27 13:22:38 ] 218.28.20.161 /admin.php/Login/nopass
INFO: [ route_check ] --START--
INFO: CheckRoute Behavior ::run [ RunTime:0.002036s ]
INFO: [ route_check ] --END-- [ RunTime:0.002125s ]
INFO: [ app_begin ] --START--
INFO: ReadHtmlCache Behavior ::run [ RunTime:0.001669s ]
INFO: [ app_begin ] --END-- [ RunTime:0.001742s ]
INFO: [ view_parse ] --START--
INFO: ParseTemplate Behavior ::run [ RunTime:0.017019s ]
INFO: [ view_parse ] --END-- [ RunTime:0.017119s ]
INFO: [ view_filter ] --START--
INFO: ContentReplace Behavior ::run [ RunTime:0.001530s ]
INFO: TokenBuild Behavior ::run [ RunTime:0.001488s ]
INFO: WriteHtmlCache Behavior ::run [ RunTime:0.001332s ]
INFO: ShowRuntime Behavior ::run [ RunTime:0.001575s ]
INFO: [ view_filter ] --END-- [ RunTime:0.006132s ]
INFO: [ view_end ] --START--
INFO: ShowPageTrace Behavior ::run [ RunTime:0.001771s ]
INFO: [ view_end ] --END-- [ RunTime:0.001840s ]

[ 2014-11-27 13:22:38 ] 218.28.20.161 /admin.php/Login/nopass
INFO: [ route_check ] --START--
INFO: CheckRoute Behavior ::run [ RunTime:0.002139s ]
INFO: [ route_check ] --END-- [ RunTime:0.002225s ]
INFO: [ app_begin ] --START--
INFO: ReadHtmlCache Behavior ::run [ RunTime:0.001669s ]
INFO: [ app_begin ] --END-- [ RunTime:0.001741s ]
INFO: [ view_parse ] --START--
INFO: ParseTemplate Behavior ::run [ RunTime:0.016104s ]
INFO: [ view_parse ] --END-- [ RunTime:0.016200s ]
INFO: [ view_filter ] --START--
INFO: ContentReplace Behavior ::run [ RunTime:0.001471s ]
INFO: TokenBuild Behavior ::run [ RunTime:0.001475s ]
INFO: WriteHtmlCache Behavior ::run [ RunTime:0.001325s ]
INFO: ShowRuntime Behavior ::run [ RunTime:0.001570s ]
INFO: [ view_filter ] --END-- [ RunTime:0.006046s ]
INFO: [ view_end ] --START--
INFO: ShowPageTrace Behavior ::run [ RunTime:0.001779s ]
INFO: [ view_end ] --END-- [ RunTime:0.001850s ]

[ 2014-11-27 13:22:39 ] 218.28.20.161 /admin.php/Login/nopass
INFO: [ route_check ] --START--
INFO: CheckRoute Behavior ::run [ RunTime:0.002243s ]
INFO: [ route_check ] --END-- [ RunTime:0.002339s ]
INFO: [ app_begin ] --START--
INFO: ReadHtmlCache Behavior ::run [ RunTime:0.001837s ]
INFO: [ app_begin ] --END-- [ RunTime:0.001920s ]
INFO: [ view_parse ] --START--
INFO: ParseTemplate Behavior ::run [ RunTime:0.017576s ]
INFO: [ view_parse ] --END-- [ RunTime:0.017687s ]
INFO: [ view_filter ] --START--
INFO: ContentReplace Behavior ::run [ RunTime:0.001617s ]
INFO: TokenBuild Behavior ::run [ RunTime:0.001639s ]
INFO: WriteHtmlCache Behavior ::run [ RunTime:0.001458s ]
INFO: ShowRuntime Behavior ::run [ RunTime:0.001515s ]
INFO: [ view_filter ] --END-- [ RunTime:0.006443s ]
INFO: [ view_end ] --START--
INFO: ShowPageTrace Behavior ::run [ RunTime:0.001581s ]
INFO: [ view_end ] --END-- [ RunTime:0.001643s ]

[ 2014-11-27 13:22:39 ] 218.28.20.161 /admin.php/Login/nopass
INFO: [ route_check ] --START--
INFO: CheckRoute Behavior ::run [ RunTime:0.001785s ]
INFO: [ route_check ] --END-- [ RunTime:0.001861s ]
INFO: [ app_begin ] --START--
INFO: ReadHtmlCache Behavior ::run [ RunTime:0.001466s ]
INFO: [ app_begin ] --END-- [ RunTime:0.001531s ]
INFO: [ view_parse ] --START--
INFO: ParseTemplate Behavior ::run [ RunTime:0.014014s ]
INFO: [ view_parse ] --END-- [ RunTime:0.014100s ]
INFO: [ view_filter ] --START--
INFO: ContentReplace Behavior ::run [ RunTime:0.001284s ]
INFO: TokenBuild Behavior ::run [ RunTime:0.001285s ]
INFO: WriteHtmlCache Behavior ::run [ RunTime:0.001157s ]
INFO: ShowRuntime Behavior ::run [ RunTime:0.001369s ]
INFO: [ view_filter ] --END-- [ RunTime:0.005276s ]
INFO: [ view_end ] --START--
INFO: ShowPageTrace Behavior ::run [ RunTime:0.001552s ]
INFO: [ view_end ] --END-- [ RunTime:0.001613s ]

[ 2014-11-27 13:22:42 ] 218.28.20.161 /admin.php/Login/checkReset
INFO: [ route_check ] --START--
INFO: CheckRoute Behavior ::run [ RunTime:0.002043s ]
INFO: [ route_check ] --END-- [ RunTime:0.002129s ]
INFO: [ app_begin ] --START--
INFO: ReadHtmlCache Behavior ::run [ RunTime:0.001679s ]
INFO: [ app_begin ] --END-- [ RunTime:0.001745s ]
SQL: SHOW COLUMNS FROM `users` [ RunTime:0.005303s ]
SQL: SELECT * FROM `users` WHERE ( username='myning' ) LIMIT 1   [ RunTime:0.000301s ]

[ 2014-11-27 13:22:48 ] 218.28.20.161 /admin.php/Login/checkReset
INFO: [ route_check ] --START--
INFO: CheckRoute Behavior ::run [ RunTime:0.002692s ]
INFO: [ route_check ] --END-- [ RunTime:0.002808s ]
INFO: [ app_begin ] --START--
INFO: ReadHtmlCache Behavior ::run [ RunTime:0.002239s ]
INFO: [ app_begin ] --END-- [ RunTime:0.002327s ]
SQL: SHOW COLUMNS FROM `users` [ RunTime:0.005223s ]
SQL: SELECT * FROM `users` WHERE ( username='mayning' ) LIMIT 1   [ RunTime:0.000276s ]
SQL: UPDATE `users` SET `getpasstime`=1417065768 WHERE ( id=5 ) [ RunTime:0.010761s ]

[ 2014-11-27 13:22:56 ] 218.28.20.161 /admin.php/Login/resetPass?username=mayning&token=28662269b9e4b8f38639d8a582d81989
INFO: [ route_check ] --START--
INFO: CheckRoute Behavior ::run [ RunTime:0.002104s ]
INFO: [ route_check ] --END-- [ RunTime:0.002191s ]
INFO: [ app_begin ] --START--
INFO: ReadHtmlCache Behavior ::run [ RunTime:0.001689s ]
INFO: [ app_begin ] --END-- [ RunTime:0.001763s ]
SQL: SHOW COLUMNS FROM `users` [ RunTime:0.005418s ]
SQL: SELECT * FROM `users` WHERE ( username='mayning' ) LIMIT 1   [ RunTime:0.000289s ]
INFO: [ view_parse ] --START--
INFO: ParseTemplate Behavior ::run [ RunTime:0.017178s ]
INFO: [ view_parse ] --END-- [ RunTime:0.017279s ]
INFO: [ view_filter ] --START--
INFO: ContentReplace Behavior ::run [ RunTime:0.001709s ]
INFO: TokenBuild Behavior ::run [ RunTime:0.001705s ]
INFO: WriteHtmlCache Behavior ::run [ RunTime:0.001541s ]
INFO: ShowRuntime Behavior ::run [ RunTime:0.001745s ]
INFO: [ view_filter ] --END-- [ RunTime:0.006931s ]
INFO: [ view_end ] --START--
INFO: ShowPageTrace Behavior ::run [ RunTime:0.001987s ]
INFO: [ view_end ] --END-- [ RunTime:0.002060s ]

[ 2014-11-27 13:23:22 ] 218.28.20.161 /admin.php/Login/nopass
INFO: [ route_check ] --START--
INFO: CheckRoute Behavior ::run [ RunTime:0.002041s ]
INFO: [ route_check ] --END-- [ RunTime:0.002128s ]
INFO: [ app_begin ] --START--
INFO: ReadHtmlCache Behavior ::run [ RunTime:0.001674s ]
INFO: [ app_begin ] --END-- [ RunTime:0.001747s ]
INFO: [ view_parse ] --START--
INFO: ParseTemplate Behavior ::run [ RunTime:0.016997s ]
INFO: [ view_parse ] --END-- [ RunTime:0.017093s ]
INFO: [ view_filter ] --START--
INFO: ContentReplace Behavior ::run [ RunTime:0.001456s ]
INFO: TokenBuild Behavior ::run [ RunTime:0.001464s ]
INFO: WriteHtmlCache Behavior ::run [ RunTime:0.001319s ]
INFO: ShowRuntime Behavior ::run [ RunTime:0.001557s ]
INFO: [ view_filter ] --END-- [ RunTime:0.005997s ]
INFO: [ view_end ] --START--
INFO: ShowPageTrace Behavior ::run [ RunTime:0.001761s ]
INFO: [ view_end ] --END-- [ RunTime:0.001831s ]

[ 2014-11-27 13:23:23 ] 218.28.20.161 /admin.php/Login/nopass
INFO: [ route_check ] --START--
INFO: CheckRoute Behavior ::run [ RunTime:0.002122s ]
INFO: [ route_check ] --END-- [ RunTime:0.002209s ]
INFO: [ app_begin ] --START--
INFO: ReadHtmlCache Behavior ::run [ RunTime:0.001726s ]
INFO: [ app_begin ] --END-- [ RunTime:0.001799s ]
INFO: [ view_parse ] --START--
INFO: ParseTemplate Behavior ::run [ RunTime:0.016204s ]
INFO: [ view_parse ] --END-- [ RunTime:0.016299s ]
INFO: [ view_filter ] --START--
INFO: ContentReplace Behavior ::run [ RunTime:0.001523s ]
INFO: TokenBuild Behavior ::run [ RunTime:0.001480s ]
INFO: WriteHtmlCache Behavior ::run [ RunTime:0.001320s ]
INFO: ShowRuntime Behavior ::run [ RunTime:0.001639s ]
INFO: [ view_filter ] --END-- [ RunTime:0.006167s ]
INFO: [ view_end ] --START--
INFO: ShowPageTrace Behavior ::run [ RunTime:0.001817s ]
INFO: [ view_end ] --END-- [ RunTime:0.001890s ]

[ 2014-11-27 13:23:23 ] 218.28.20.161 /admin.php/Login/nopass
INFO: [ route_check ] --START--
INFO: CheckRoute Behavior ::run [ RunTime:0.002037s ]
INFO: [ route_check ] --END-- [ RunTime:0.002125s ]
INFO: [ app_begin ] --START--
INFO: ReadHtmlCache Behavior ::run [ RunTime:0.001835s ]
INFO: [ app_begin ] --END-- [ RunTime:0.001909s ]
INFO: [ view_parse ] --START--
INFO: ParseTemplate Behavior ::run [ RunTime:0.015973s ]
INFO: [ view_parse ] --END-- [ RunTime:0.016070s ]
INFO: [ view_filter ] --START--
INFO: ContentReplace Behavior ::run [ RunTime:0.001457s ]
INFO: TokenBuild Behavior ::run [ RunTime:0.001460s ]
INFO: WriteHtmlCache Behavior ::run [ RunTime:0.001315s ]
INFO: ShowRuntime Behavior ::run [ RunTime:0.001554s ]
INFO: [ view_filter ] --END-- [ RunTime:0.005989s ]
INFO: [ view_end ] --START--
INFO: ShowPageTrace Behavior ::run [ RunTime:0.001775s ]
INFO: [ view_end ] --END-- [ RunTime:0.001843s ]

[ 2014-11-27 13:23:23 ] 218.28.20.161 /admin.php/Login/nopass
INFO: [ route_check ] --START--
INFO: CheckRoute Behavior ::run [ RunTime:0.002059s ]
INFO: [ route_check ] --END-- [ RunTime:0.002142s ]
INFO: [ app_begin ] --START--
INFO: ReadHtmlCache Behavior ::run [ RunTime:0.001684s ]
INFO: [ app_begin ] --END-- [ RunTime:0.001757s ]
INFO: [ view_parse ] --START--
INFO: ParseTemplate Behavior ::run [ RunTime:0.016296s ]
INFO: [ view_parse ] --END-- [ RunTime:0.016394s ]
INFO: [ view_filter ] --START--
INFO: ContentReplace Behavior ::run [ RunTime:0.001546s ]
INFO: TokenBuild Behavior ::run [ RunTime:0.001524s ]
INFO: WriteHtmlCache Behavior ::run [ RunTime:0.001323s ]
INFO: ShowRuntime Behavior ::run [ RunTime:0.001589s ]
INFO: [ view_filter ] --END-- [ RunTime:0.006185s ]
INFO: [ view_end ] --START--
INFO: ShowPageTrace Behavior ::run [ RunTime:0.001805s ]
INFO: [ view_end ] --END-- [ RunTime:0.001875s ]

[ 2014-11-27 13:23:23 ] 218.28.20.161 /admin.php/Login/nopass
INFO: [ route_check ] --START--
INFO: CheckRoute Behavior ::run [ RunTime:0.002076s ]
INFO: [ route_check ] --END-- [ RunTime:0.002162s ]
INFO: [ app_begin ] --START--
INFO: ReadHtmlCache Behavior ::run [ RunTime:0.001683s ]
INFO: [ app_begin ] --END-- [ RunTime:0.001758s ]
INFO: [ view_parse ] --START--
INFO: ParseTemplate Behavior ::run [ RunTime:0.016435s ]
INFO: [ view_parse ] --END-- [ RunTime:0.016559s ]
INFO: [ view_filter ] --START--
INFO: ContentReplace Behavior ::run [ RunTime:0.001528s ]
INFO: TokenBuild Behavior ::run [ RunTime:0.001530s ]
INFO: WriteHtmlCache Behavior ::run [ RunTime:0.001392s ]
INFO: ShowRuntime Behavior ::run [ RunTime:0.001577s ]
INFO: [ view_filter ] --END-- [ RunTime:0.006231s ]
INFO: [ view_end ] --START--
INFO: ShowPageTrace Behavior ::run [ RunTime:0.001826s ]
INFO: [ view_end ] --END-- [ RunTime:0.001896s ]

[ 2014-11-27 13:23:24 ] 218.28.20.161 /admin.php/Login/nopass
INFO: [ route_check ] --START--
INFO: CheckRoute Behavior ::run [ RunTime:0.002773s ]
INFO: [ route_check ] --END-- [ RunTime:0.002922s ]
INFO: [ app_begin ] --START--
INFO: ReadHtmlCache Behavior ::run [ RunTime:0.002284s ]
INFO: [ app_begin ] --END-- [ RunTime:0.002384s ]
INFO: [ view_parse ] --START--
INFO: ParseTemplate Behavior ::run [ RunTime:0.021389s ]
INFO: [ view_parse ] --END-- [ RunTime:0.021515s ]
INFO: [ view_filter ] --START--
INFO: ContentReplace Behavior ::run [ RunTime:0.001951s ]
INFO: TokenBuild Behavior ::run [ RunTime:0.001930s ]
INFO: WriteHtmlCache Behavior ::run [ RunTime:0.001752s ]
INFO: ShowRuntime Behavior ::run [ RunTime:0.002079s ]
INFO: [ view_filter ] --END-- [ RunTime:0.007981s ]
INFO: [ view_end ] --START--
INFO: ShowPageTrace Behavior ::run [ RunTime:0.002343s ]
INFO: [ view_end ] --END-- [ RunTime:0.002434s ]

[ 2014-11-27 13:23:29 ] 218.28.20.161 /admin.php/Login/checkReset
INFO: [ route_check ] --START--
INFO: CheckRoute Behavior ::run [ RunTime:0.002812s ]
INFO: [ route_check ] --END-- [ RunTime:0.002927s ]
INFO: [ app_begin ] --START--
INFO: ReadHtmlCache Behavior ::run [ RunTime:0.002209s ]
INFO: [ app_begin ] --END-- [ RunTime:0.002295s ]
SQL: SHOW COLUMNS FROM `users` [ RunTime:0.005361s ]
SQL: SELECT * FROM `users` WHERE ( username='mayning' ) LIMIT 1   [ RunTime:0.000310s ]
SQL: UPDATE `users` SET `getpasstime`=1417065807 WHERE ( id=5 ) [ RunTime:0.008141s ]

[ 2014-11-27 13:23:40 ] 218.28.20.161 /admin.php/Login/resetPass?username=mayning&token=28662269b9e4b8f38639d8a582d81989
INFO: [ route_check ] --START--
INFO: CheckRoute Behavior ::run [ RunTime:0.002118s ]
INFO: [ route_check ] --END-- [ RunTime:0.002240s ]
INFO: [ app_begin ] --START--
INFO: ReadHtmlCache Behavior ::run [ RunTime:0.001773s ]
INFO: [ app_begin ] --END-- [ RunTime:0.001847s ]
SQL: SHOW COLUMNS FROM `users` [ RunTime:0.005120s ]
SQL: SELECT * FROM `users` WHERE ( username='mayning' ) LIMIT 1   [ RunTime:0.000287s ]
INFO: [ view_parse ] --START--
INFO: ParseTemplate Behavior ::run [ RunTime:0.017024s ]
INFO: [ view_parse ] --END-- [ RunTime:0.017111s ]
INFO: [ view_filter ] --START--
INFO: ContentReplace Behavior ::run [ RunTime:0.001464s ]
INFO: TokenBuild Behavior ::run [ RunTime:0.001466s ]
INFO: WriteHtmlCache Behavior ::run [ RunTime:0.001328s ]
INFO: ShowRuntime Behavior ::run [ RunTime:0.001559s ]
INFO: [ view_filter ] --END-- [ RunTime:0.006013s ]
INFO: [ view_end ] --START--
INFO: ShowPageTrace Behavior ::run [ RunTime:0.001789s ]
INFO: [ view_end ] --END-- [ RunTime:0.001856s ]

[ 2014-11-27T13:34:31+08:00 ] 218.28.20.161 /admin.php
INFO: [ app_begin ] --START--
INFO: ReadHtmlCache Behavior ::run [ RunTime:0.003442s ]
INFO: [ app_begin ] --END-- [ RunTime:0.003555s ]
INFO: [ view_parse ] --START--
NOTIC: [8] Undefined variable: msg D:\enkjhost\mayning1\web\admin\Runtime\Cache\ad0611526e720c6e3de471a6116ff8d5.php 第 98 行.
INFO: ParseTemplate Behavior ::run [ RunTime:0.022412s ]
INFO: [ view_parse ] --END-- [ RunTime:0.022511s ]
INFO: [ view_filter ] --START--
INFO: ContentReplace Behavior ::run [ RunTime:0.002939s ]
INFO: TokenBuild Behavior ::run [ RunTime:0.002973s ]
INFO: WriteHtmlCache Behavior ::run [ RunTime:0.002692s ]
INFO: ShowRuntime Behavior ::run [ RunTime:0.002129s ]
INFO: [ view_filter ] --END-- [ RunTime:0.010996s ]
INFO: [ view_end ] --START--
INFO: ShowPageTrace Behavior ::run [ RunTime:0.003590s ]
INFO: [ view_end ] --END-- [ RunTime:0.003686s ]

[ 2014-11-27 13:34:32 ] 218.28.20.161 /admin.php/Login/getCode
INFO: [ route_check ] --START--
INFO: CheckRoute Behavior ::run [ RunTime:0.003387s ]
INFO: [ route_check ] --END-- [ RunTime:0.003477s ]
INFO: [ app_begin ] --START--
INFO: ReadHtmlCache Behavior ::run [ RunTime:0.001689s ]
INFO: [ app_begin ] --END-- [ RunTime:0.001763s ]

[ 2014-11-27 13:34:38 ] 218.28.20.161 /admin.php/Login/checkCode
INFO: [ route_check ] --START--
INFO: CheckRoute Behavior ::run [ RunTime:0.002087s ]
INFO: [ route_check ] --END-- [ RunTime:0.002175s ]
INFO: [ app_begin ] --START--
INFO: ReadHtmlCache Behavior ::run [ RunTime:0.001715s ]
INFO: [ app_begin ] --END-- [ RunTime:0.001780s ]

[ 2014-11-27 13:34:39 ] 218.28.20.161 /admin.php/Login/startlogin
INFO: [ route_check ] --START--
INFO: CheckRoute Behavior ::run [ RunTime:0.002711s ]
INFO: [ route_check ] --END-- [ RunTime:0.002810s ]
INFO: [ app_begin ] --START--
INFO: ReadHtmlCache Behavior ::run [ RunTime:0.001679s ]
INFO: [ app_begin ] --END-- [ RunTime:0.001752s ]
SQL: SHOW COLUMNS FROM `users` [ RunTime:0.005039s ]
SQL: SELECT * FROM `users` WHERE ( username = 'mayning'  ) LIMIT 1   [ RunTime:0.000301s ]
NOTIC: [8] Use of undefined constant res - assumed 'res' D:\enkjhost\mayning1\web\admin\Lib\Action\LoginAction.class.php 第 102 行.
NOTIC: [8] Undefined variable: char D:\enkjhost\mayning1\web\admin\Lib\Action\UtilAction.class.php 第 49 行.
NOTIC: [8] Undefined variable: str D:\enkjhost\mayning1\web\admin\Lib\Action\UtilAction.class.php 第 54 行.
SQL: SHOW COLUMNS FROM `logincount` [ RunTime:0.007062s ]
SQL: INSERT INTO `logincount` (`username`,`logintime`,`loginip`,`notes`) VALUES ('mayning','2014-11-27 13:34','218.28.20.161','中国 河南 郑州、Windows简体中文系统、Other浏览器、') [ RunTime:0.009076s ]
SQL: UPDATE `users` SET `lastlogin`='2014-11-27 13:34' WHERE ( id=5 ) [ RunTime:0.009367s ]
INFO: [ view_parse ] --START--
INFO: ParseTemplate Behavior ::run [ RunTime:0.017649s ]
INFO: [ view_parse ] --END-- [ RunTime:0.017748s ]
INFO: [ view_filter ] --START--
INFO: ContentReplace Behavior ::run [ RunTime:0.001381s ]
INFO: TokenBuild Behavior ::run [ RunTime:0.001362s ]
INFO: WriteHtmlCache Behavior ::run [ RunTime:0.001189s ]
INFO: ShowRuntime Behavior ::run [ RunTime:0.001412s ]
INFO: [ view_filter ] --END-- [ RunTime:0.005541s ]
INFO: [ view_end ] --START--
INFO: ShowPageTrace Behavior ::run [ RunTime:0.001625s ]
INFO: [ view_end ] --END-- [ RunTime:0.001694s ]

[ 2014-11-27 13:34:39 ] 218.28.20.161 /admin.php/Login/loginCount
INFO: [ route_check ] --START--
INFO: CheckRoute Behavior ::run [ RunTime:0.002268s ]
INFO: [ route_check ] --END-- [ RunTime:0.002364s ]
INFO: [ app_begin ] --START--
INFO: ReadHtmlCache Behavior ::run [ RunTime:0.001841s ]
INFO: [ app_begin ] --END-- [ RunTime:0.001921s ]
SQL: SHOW COLUMNS FROM `logincount` [ RunTime:0.005608s ]
SQL: SELECT COUNT(*) AS tp_count FROM `logincount` LIMIT 1   [ RunTime:0.000427s ]
SQL: SELECT * FROM `logincount` ORDER BY logintime desc LIMIT 0,15   [ RunTime:0.000941s ]
INFO: [ view_parse ] --START--
INFO: ParseTemplate Behavior ::run [ RunTime:0.023361s ]
INFO: [ view_parse ] --END-- [ RunTime:0.023472s ]
INFO: [ view_filter ] --START--
INFO: ContentReplace Behavior ::run [ RunTime:0.002019s ]
INFO: TokenBuild Behavior ::run [ RunTime:0.001965s ]
INFO: WriteHtmlCache Behavior ::run [ RunTime:0.001772s ]
INFO: ShowRuntime Behavior ::run [ RunTime:0.002128s ]
INFO: [ view_filter ] --END-- [ RunTime:0.008189s ]
INFO: [ view_end ] --START--
INFO: ShowPageTrace Behavior ::run [ RunTime:0.002364s ]
INFO: [ view_end ] --END-- [ RunTime:0.002463s ]

[ 2014-11-27 13:34:41 ] 218.28.20.161 /admin.php/Login/visterlist
INFO: [ route_check ] --START--
INFO: CheckRoute Behavior ::run [ RunTime:0.002186s ]
INFO: [ route_check ] --END-- [ RunTime:0.002283s ]
INFO: [ app_begin ] --START--
INFO: ReadHtmlCache Behavior ::run [ RunTime:0.001667s ]
INFO: [ app_begin ] --END-- [ RunTime:0.001739s ]
SQL: SHOW COLUMNS FROM `visters` [ RunTime:0.004963s ]
SQL: SELECT COUNT(*) AS tp_count FROM `visters` LIMIT 1   [ RunTime:0.003051s ]
SQL: SELECT * FROM `visters` ORDER BY ctime desc LIMIT 0,15   [ RunTime:0.019107s ]
INFO: [ view_parse ] --START--
INFO: ParseTemplate Behavior ::run [ RunTime:0.024663s ]
INFO: [ view_parse ] --END-- [ RunTime:0.024779s ]
INFO: [ view_filter ] --START--
INFO: ContentReplace Behavior ::run [ RunTime:0.001966s ]
INFO: TokenBuild Behavior ::run [ RunTime:0.001902s ]
INFO: WriteHtmlCache Behavior ::run [ RunTime:0.001703s ]
INFO: ShowRuntime Behavior ::run [ RunTime:0.002039s ]
INFO: [ view_filter ] --END-- [ RunTime:0.007892s ]
INFO: [ view_end ] --START--
INFO: ShowPageTrace Behavior ::run [ RunTime:0.002298s ]
INFO: [ view_end ] --END-- [ RunTime:0.002396s ]

[ 2014-11-27 13:34:48 ] 218.28.20.161 /admin.php/Product/procateList
INFO: [ route_check ] --START--
INFO: CheckRoute Behavior ::run [ RunTime:0.002044s ]
INFO: [ route_check ] --END-- [ RunTime:0.002130s ]
INFO: [ app_begin ] --START--
INFO: ReadHtmlCache Behavior ::run [ RunTime:0.001700s ]
INFO: [ app_begin ] --END-- [ RunTime:0.001782s ]
SQL: SHOW COLUMNS FROM `procate` [ RunTime:0.006651s ]
SQL: SELECT COUNT(*) AS tp_count FROM `procate` LIMIT 1   [ RunTime:0.000322s ]
SQL: select a.id ,a.title,a.ctime,a.enable,a.sorts,a.pid,b.title as ptitle from procate a left join procate b on a.pid = b.id order by a.sorts desc,a.pid asc  limit 0,10 [ RunTime:0.001281s ]
INFO: [ view_parse ] --START--
INFO: ParseTemplate Behavior ::run [ RunTime:0.025863s ]
INFO: [ view_parse ] --END-- [ RunTime:0.025962s ]
INFO: [ view_filter ] --START--
INFO: ContentReplace Behavior ::run [ RunTime:0.001820s ]
INFO: TokenBuild Behavior ::run [ RunTime:0.001713s ]
INFO: WriteHtmlCache Behavior ::run [ RunTime:0.001616s ]
INFO: ShowRuntime Behavior ::run [ RunTime:0.001830s ]
INFO: [ view_filter ] --END-- [ RunTime:0.007212s ]
INFO: [ view_end ] --START--
INFO: ShowPageTrace Behavior ::run [ RunTime:0.002051s ]
INFO: [ view_end ] --END-- [ RunTime:0.002137s ]

[ 2014-11-27 13:34:49 ] 218.28.20.161 /admin.php/Product/getAllProductList
INFO: [ route_check ] --START--
INFO: CheckRoute Behavior ::run [ RunTime:0.002109s ]
INFO: [ route_check ] --END-- [ RunTime:0.002197s ]
INFO: [ app_begin ] --START--
INFO: ReadHtmlCache Behavior ::run [ RunTime:0.001681s ]
INFO: [ app_begin ] --END-- [ RunTime:0.001754s ]
SQL: SHOW COLUMNS FROM `products` [ RunTime:0.005223s ]
SQL: SHOW COLUMNS FROM `procate` [ RunTime:0.004432s ]
NOTIC: [8] Undefined index:  name D:\enkjhost\mayning1\web\admin\Lib\Action\ProductAction.class.php 第 146 行.
SQL: SELECT * FROM `procate` WHERE ( pid=0 ) ORDER BY sorts asc,pid asc  [ RunTime:0.000418s ]
SQL: select count(a.id) as count from products a left join procate b on a.proid = b.id where 1=1  [ RunTime:0.000383s ]
SQL: select a.id,a.title,a.ctime,a.imgs,a.sorts,a.enable,a.state,a.proid,b.title as protitle from products a left join procate b on a.proid = b.id where 1=1  order by a.sorts desc limit 0,10 [ RunTime:0.000422s ]
INFO: [ view_parse ] --START--
INFO: ParseTemplate Behavior ::run [ RunTime:0.030333s ]
INFO: [ view_parse ] --END-- [ RunTime:0.030432s ]
INFO: [ view_filter ] --START--
INFO: ContentReplace Behavior ::run [ RunTime:0.002125s ]
INFO: TokenBuild Behavior ::run [ RunTime:0.001934s ]
INFO: WriteHtmlCache Behavior ::run [ RunTime:0.001758s ]
INFO: ShowRuntime Behavior ::run [ RunTime:0.002062s ]
INFO: [ view_filter ] --END-- [ RunTime:0.008138s ]
INFO: [ view_end ] --START--
INFO: ShowPageTrace Behavior ::run [ RunTime:0.002324s ]
INFO: [ view_end ] --END-- [ RunTime:0.002418s ]

[ 2014-11-27 13:34:50 ] 218.28.20.161 /admin.php/Product/selectChildProcate
INFO: [ route_check ] --START--
INFO: CheckRoute Behavior ::run [ RunTime:0.002122s ]
INFO: [ route_check ] --END-- [ RunTime:0.002208s ]
INFO: [ app_begin ] --START--
INFO: ReadHtmlCache Behavior ::run [ RunTime:0.001669s ]
INFO: [ app_begin ] --END-- [ RunTime:0.001734s ]
NOTIC: [8] Undefined index:  id D:\enkjhost\mayning1\web\admin\Lib\Action\ProductAction.class.php 第 253 行.
SQL: SHOW COLUMNS FROM `procate` [ RunTime:0.005199s ]
SQL: SELECT * FROM `procate` WHERE ( pid=%d )  [ RunTime:0.000177s ]
ERR: 1064:You have an error in your SQL syntax; check the manual that corresponds to your MySQL server version for the right syntax to use near '%d )' at line 1
 [ SQL语句 ] : SELECT * FROM `procate` WHERE ( pid=%d ) 

[ 2014-11-27 13:34:53 ] 218.28.20.161 /admin.php/Content/contentDetail?cate=1
INFO: [ route_check ] --START--
INFO: CheckRoute Behavior ::run [ RunTime:0.002726s ]
INFO: [ route_check ] --END-- [ RunTime:0.002838s ]
INFO: [ app_begin ] --START--
INFO: ReadHtmlCache Behavior ::run [ RunTime:0.002061s ]
INFO: [ app_begin ] --END-- [ RunTime:0.002144s ]
SQL: SHOW COLUMNS FROM `contents` [ RunTime:0.005253s ]
SQL: SELECT * FROM `contents` WHERE ( cateid=1 ) LIMIT 1   [ RunTime:0.000312s ]
INFO: [ view_parse ] --START--
INFO: ParseTemplate Behavior ::run [ RunTime:0.023266s ]
INFO: [ view_parse ] --END-- [ RunTime:0.023388s ]
INFO: [ view_filter ] --START--
INFO: ContentReplace Behavior ::run [ RunTime:0.001932s ]
INFO: TokenBuild Behavior ::run [ RunTime:0.001913s ]
INFO: WriteHtmlCache Behavior ::run [ RunTime:0.001717s ]
INFO: ShowRuntime Behavior ::run [ RunTime:0.002028s ]
INFO: [ view_filter ] --END-- [ RunTime:0.007849s ]
INFO: [ view_end ] --START--
INFO: ShowPageTrace Behavior ::run [ RunTime:0.002281s ]
INFO: [ view_end ] --END-- [ RunTime:0.002371s ]

[ 2014-11-27 13:34:53 ] 218.28.20.161 /admin.php/Content/contentDetail?cate=2
INFO: [ route_check ] --START--
INFO: CheckRoute Behavior ::run [ RunTime:0.002043s ]
INFO: [ route_check ] --END-- [ RunTime:0.002130s ]
INFO: [ app_begin ] --START--
INFO: ReadHtmlCache Behavior ::run [ RunTime:0.001682s ]
INFO: [ app_begin ] --END-- [ RunTime:0.001755s ]
SQL: SHOW COLUMNS FROM `contents` [ RunTime:0.005334s ]
SQL: SELECT * FROM `contents` WHERE ( cateid=2 ) LIMIT 1   [ RunTime:0.000323s ]
INFO: [ view_parse ] --START--
INFO: ParseTemplate Behavior ::run [ RunTime:0.018336s ]
INFO: [ view_parse ] --END-- [ RunTime:0.018442s ]
INFO: [ view_filter ] --START--
INFO: ContentReplace Behavior ::run [ RunTime:0.001918s ]
INFO: TokenBuild Behavior ::run [ RunTime:0.001904s ]
INFO: WriteHtmlCache Behavior ::run [ RunTime:0.001712s ]
INFO: ShowRuntime Behavior ::run [ RunTime:0.002040s ]
INFO: [ view_filter ] --END-- [ RunTime:0.007833s ]
INFO: [ view_end ] --START--
INFO: ShowPageTrace Behavior ::run [ RunTime:0.002285s ]
INFO: [ view_end ] --END-- [ RunTime:0.002373s ]

[ 2014-11-27 13:34:54 ] 218.28.20.161 /admin.php/Content/contentDetail?cate=3
INFO: [ route_check ] --START--
INFO: CheckRoute Behavior ::run [ RunTime:0.002114s ]
INFO: [ route_check ] --END-- [ RunTime:0.002201s ]
INFO: [ app_begin ] --START--
INFO: ReadHtmlCache Behavior ::run [ RunTime:0.001724s ]
INFO: [ app_begin ] --END-- [ RunTime:0.001797s ]
SQL: SHOW COLUMNS FROM `contents` [ RunTime:0.005633s ]
SQL: SELECT * FROM `contents` WHERE ( cateid=3 ) LIMIT 1   [ RunTime:0.000321s ]
INFO: [ view_parse ] --START--
INFO: ParseTemplate Behavior ::run [ RunTime:0.018253s ]
INFO: [ view_parse ] --END-- [ RunTime:0.018352s ]
INFO: [ view_filter ] --START--
INFO: ContentReplace Behavior ::run [ RunTime:0.001895s ]
INFO: TokenBuild Behavior ::run [ RunTime:0.001877s ]
INFO: WriteHtmlCache Behavior ::run [ RunTime:0.001710s ]
INFO: ShowRuntime Behavior ::run [ RunTime:0.002352s ]
INFO: [ view_filter ] --END-- [ RunTime:0.008095s ]
INFO: [ view_end ] --START--
INFO: ShowPageTrace Behavior ::run [ RunTime:0.002335s ]
INFO: [ view_end ] --END-- [ RunTime:0.002426s ]

[ 2014-11-27 13:34:58 ] 218.28.20.161 /admin.php/Content/goAddContent?id=7&cate=3
INFO: [ route_check ] --START--
INFO: CheckRoute Behavior ::run [ RunTime:0.002040s ]
INFO: [ route_check ] --END-- [ RunTime:0.002126s ]
INFO: [ app_begin ] --START--
INFO: ReadHtmlCache Behavior ::run [ RunTime:0.001680s ]
INFO: [ app_begin ] --END-- [ RunTime:0.001754s ]
SQL: SHOW COLUMNS FROM `contents` [ RunTime:0.005622s ]
SQL: SHOW COLUMNS FROM `category` [ RunTime:0.005964s ]
SQL: SELECT * FROM `contents` WHERE ( id=7 ) LIMIT 1   [ RunTime:0.000294s ]
SQL: SELECT * FROM `category` WHERE ( id=3 ) LIMIT 1   [ RunTime:0.000215s ]
INFO: [ view_parse ] --START--
INFO: ParseTemplate Behavior ::run [ RunTime:0.021305s ]
INFO: [ view_parse ] --END-- [ RunTime:0.021410s ]
INFO: [ view_filter ] --START--
INFO: ContentReplace Behavior ::run [ RunTime:0.001963s ]
INFO: TokenBuild Behavior ::run [ RunTime:0.001924s ]
INFO: WriteHtmlCache Behavior ::run [ RunTime:0.001723s ]
INFO: ShowRuntime Behavior ::run [ RunTime:0.002046s ]
INFO: [ view_filter ] --END-- [ RunTime:0.007911s ]
INFO: [ view_end ] --START--
INFO: ShowPageTrace Behavior ::run [ RunTime:0.002319s ]
INFO: [ view_end ] --END-- [ RunTime:0.002415s ]

[ 2014-11-27 13:36:15 ] 218.28.20.161 /admin.php/Content/contentDetail?cate=4
INFO: [ route_check ] --START--
INFO: CheckRoute Behavior ::run [ RunTime:0.002811s ]
INFO: [ route_check ] --END-- [ RunTime:0.002934s ]
INFO: [ app_begin ] --START--
INFO: ReadHtmlCache Behavior ::run [ RunTime:0.001765s ]
INFO: [ app_begin ] --END-- [ RunTime:0.001851s ]
SQL: SHOW COLUMNS FROM `contents` [ RunTime:0.005237s ]
SQL: SELECT * FROM `contents` WHERE ( cateid=4 ) LIMIT 1   [ RunTime:0.000340s ]
INFO: [ view_parse ] --START--
INFO: ParseTemplate Behavior ::run [ RunTime:0.016946s ]
INFO: [ view_parse ] --END-- [ RunTime:0.017042s ]
INFO: [ view_filter ] --START--
INFO: ContentReplace Behavior ::run [ RunTime:0.001464s ]
INFO: TokenBuild Behavior ::run [ RunTime:0.001448s ]
INFO: WriteHtmlCache Behavior ::run [ RunTime:0.001311s ]
INFO: ShowRuntime Behavior ::run [ RunTime:0.001541s ]
INFO: [ view_filter ] --END-- [ RunTime:0.005962s ]
INFO: [ view_end ] --START--
INFO: ShowPageTrace Behavior ::run [ RunTime:0.001761s ]
INFO: [ view_end ] --END-- [ RunTime:0.001833s ]

[ 2014-11-27 13:36:20 ] 218.28.20.161 /admin.php/Faq/faqcateList
INFO: [ route_check ] --START--
INFO: CheckRoute Behavior ::run [ RunTime:0.002051s ]
INFO: [ route_check ] --END-- [ RunTime:0.002138s ]
INFO: [ app_begin ] --START--
INFO: ReadHtmlCache Behavior ::run [ RunTime:0.001679s ]
INFO: [ app_begin ] --END-- [ RunTime:0.001751s ]
SQL: SHOW COLUMNS FROM `faqcate` [ RunTime:0.006138s ]
SQL: SELECT COUNT(*) AS tp_count FROM `faqcate` LIMIT 1   [ RunTime:0.000317s ]
SQL: SELECT * FROM `faqcate` ORDER BY sorts desc LIMIT 0,10   [ RunTime:0.000305s ]
INFO: [ view_parse ] --START--
INFO: ParseTemplate Behavior ::run [ RunTime:0.027736s ]
INFO: [ view_parse ] --END-- [ RunTime:0.027843s ]
INFO: [ view_filter ] --START--
INFO: ContentReplace Behavior ::run [ RunTime:0.001956s ]
INFO: TokenBuild Behavior ::run [ RunTime:0.001901s ]
INFO: WriteHtmlCache Behavior ::run [ RunTime:0.001717s ]
INFO: ShowRuntime Behavior ::run [ RunTime:0.002026s ]
INFO: [ view_filter ] --END-- [ RunTime:0.007859s ]
INFO: [ view_end ] --START--
INFO: ShowPageTrace Behavior ::run [ RunTime:0.002336s ]
INFO: [ view_end ] --END-- [ RunTime:0.002429s ]

[ 2014-11-27 13:36:21 ] 218.28.20.161 /admin.php/Faq/faqList
INFO: [ route_check ] --START--
INFO: CheckRoute Behavior ::run [ RunTime:0.002245s ]
INFO: [ route_check ] --END-- [ RunTime:0.002339s ]
INFO: [ app_begin ] --START--
INFO: ReadHtmlCache Behavior ::run [ RunTime:0.001850s ]
INFO: [ app_begin ] --END-- [ RunTime:0.001931s ]
SQL: SHOW COLUMNS FROM `faqs` [ RunTime:0.005866s ]
NOTIC: [8] Undefined index:  name D:\enkjhost\mayning1\web\admin\Lib\Action\FaqAction.class.php 第 122 行.
SQL: select count(a.id) as count from faqs a left join faqcate b on a.faqcate=b.id where 1=1  [ RunTime:0.000335s ]
SQL: select a.id ,a.title,a.ctime,a.sorts,a.enable,b.title as catetitle from faqs a left join faqcate b on a.faqcate=b.id where 1=1  order by a.sorts desc limit 0,10 [ RunTime:0.000324s ]
INFO: [ view_parse ] --START--
INFO: ParseTemplate Behavior ::run [ RunTime:0.028851s ]
INFO: [ view_parse ] --END-- [ RunTime:0.028953s ]
INFO: [ view_filter ] --START--
INFO: ContentReplace Behavior ::run [ RunTime:0.002022s ]
INFO: TokenBuild Behavior ::run [ RunTime:0.001906s ]
INFO: WriteHtmlCache Behavior ::run [ RunTime:0.001707s ]
INFO: ShowRuntime Behavior ::run [ RunTime:0.002037s ]
INFO: [ view_filter ] --END-- [ RunTime:0.007932s ]
INFO: [ view_end ] --START--
INFO: ShowPageTrace Behavior ::run [ RunTime:0.002319s ]
INFO: [ view_end ] --END-- [ RunTime:0.002413s ]

[ 2014-11-27T13:36:28+08:00 ] 218.28.20.161 /admin.php/User/userList
INFO: [ route_check ] --START--
INFO: CheckRoute Behavior ::run [ RunTime:0.002048s ]
INFO: [ route_check ] --END-- [ RunTime:0.002134s ]
INFO: [ app_begin ] --START--
INFO: ReadHtmlCache Behavior ::run [ RunTime:0.001692s ]
INFO: [ app_begin ] --END-- [ RunTime:0.001765s ]
SQL: SHOW COLUMNS FROM `users` [ RunTime:0.006493s ]
NOTIC: [8] Undefined index:  name D:\enkjhost\mayning1\web\admin\Lib\Action\UserAction.class.php 第 7 行.
SQL: SELECT COUNT(*) AS tp_count FROM `users` LIMIT 1   [ RunTime:0.000327s ]
SQL: SELECT * FROM `users` ORDER BY ctime desc LIMIT 0,10   [ RunTime:0.000356s ]
INFO: [ view_parse ] --START--
INFO: ParseTemplate Behavior ::run [ RunTime:0.027906s ]
INFO: [ view_parse ] --END-- [ RunTime:0.028019s ]
INFO: [ view_filter ] --START--
INFO: ContentReplace Behavior ::run [ RunTime:0.001955s ]
INFO: TokenBuild Behavior ::run [ RunTime:0.001912s ]
INFO: WriteHtmlCache Behavior ::run [ RunTime:0.001707s ]
INFO: ShowRuntime Behavior ::run [ RunTime:0.002017s ]
INFO: [ view_filter ] --END-- [ RunTime:0.007848s ]
INFO: [ view_end ] --START--
INFO: ShowPageTrace Behavior ::run [ RunTime:0.002314s ]
INFO: [ view_end ] --END-- [ RunTime:0.002408s ]

[ 2014-11-27T13:36:30+08:00 ] 218.28.20.161 /admin.php/User/userDetail?id=5
INFO: [ route_check ] --START--
INFO: CheckRoute Behavior ::run [ RunTime:0.002234s ]
INFO: [ route_check ] --END-- [ RunTime:0.002328s ]
INFO: [ app_begin ] --START--
INFO: ReadHtmlCache Behavior ::run [ RunTime:0.001832s ]
INFO: [ app_begin ] --END-- [ RunTime:0.001912s ]
SQL: SHOW COLUMNS FROM `users` [ RunTime:0.005559s ]
SQL: SELECT * FROM `users` WHERE ( id=5 ) LIMIT 1   [ RunTime:0.000295s ]
INFO: [ view_parse ] --START--
INFO: ParseTemplate Behavior ::run [ RunTime:0.020498s ]
INFO: [ view_parse ] --END-- [ RunTime:0.020591s ]
INFO: [ view_filter ] --START--
INFO: ContentReplace Behavior ::run [ RunTime:0.001583s ]
INFO: TokenBuild Behavior ::run [ RunTime:0.001600s ]
INFO: WriteHtmlCache Behavior ::run [ RunTime:0.001424s ]
INFO: ShowRuntime Behavior ::run [ RunTime:0.001694s ]
INFO: [ view_filter ] --END-- [ RunTime:0.006518s ]
INFO: [ view_end ] --START--
INFO: ShowPageTrace Behavior ::run [ RunTime:0.001904s ]
INFO: [ view_end ] --END-- [ RunTime:0.001977s ]

[ 2014-11-27T13:36:35+08:00 ] 218.28.20.161 /admin.php/User/userList
INFO: [ route_check ] --START--
INFO: CheckRoute Behavior ::run [ RunTime:0.002067s ]
INFO: [ route_check ] --END-- [ RunTime:0.002154s ]
INFO: [ app_begin ] --START--
INFO: ReadHtmlCache Behavior ::run [ RunTime:0.001717s ]
INFO: [ app_begin ] --END-- [ RunTime:0.001790s ]
SQL: SHOW COLUMNS FROM `users` [ RunTime:0.005348s ]
NOTIC: [8] Undefined index:  name D:\enkjhost\mayning1\web\admin\Lib\Action\UserAction.class.php 第 7 行.
SQL: SELECT COUNT(*) AS tp_count FROM `users` LIMIT 1   [ RunTime:0.000286s ]
SQL: SELECT * FROM `users` ORDER BY ctime desc LIMIT 0,10   [ RunTime:0.000304s ]
INFO: [ view_parse ] --START--
INFO: ParseTemplate Behavior ::run [ RunTime:0.021018s ]
INFO: [ view_parse ] --END-- [ RunTime:0.021108s ]
INFO: [ view_filter ] --START--
INFO: ContentReplace Behavior ::run [ RunTime:0.001638s ]
INFO: TokenBuild Behavior ::run [ RunTime:0.001601s ]
INFO: WriteHtmlCache Behavior ::run [ RunTime:0.001435s ]
INFO: ShowRuntime Behavior ::run [ RunTime:0.001703s ]
INFO: [ view_filter ] --END-- [ RunTime:0.006590s ]
INFO: [ view_end ] --START--
INFO: ShowPageTrace Behavior ::run [ RunTime:0.001946s ]
INFO: [ view_end ] --END-- [ RunTime:0.002025s ]

[ 2014-11-27 13:39:46 ] 112.65.193.14 /admin.php/Login/resetPass?username=mayning&token=28662269b9e4b8f38639d8a582d81989
INFO: [ route_check ] --START--
INFO: CheckRoute Behavior ::run [ RunTime:0.001841s ]
INFO: [ route_check ] --END-- [ RunTime:0.001928s ]
INFO: [ app_begin ] --START--
INFO: ReadHtmlCache Behavior ::run [ RunTime:0.001452s ]
INFO: [ app_begin ] --END-- [ RunTime:0.001524s ]
SQL: SHOW COLUMNS FROM `users` [ RunTime:0.004931s ]
SQL: SELECT * FROM `users` WHERE ( username='mayning' ) LIMIT 1   [ RunTime:0.000278s ]
INFO: [ view_parse ] --START--
INFO: ParseTemplate Behavior ::run [ RunTime:0.016218s ]
INFO: [ view_parse ] --END-- [ RunTime:0.016302s ]
INFO: [ view_filter ] --START--
INFO: ContentReplace Behavior ::run [ RunTime:0.001371s ]
INFO: TokenBuild Behavior ::run [ RunTime:0.001369s ]
INFO: WriteHtmlCache Behavior ::run [ RunTime:0.001209s ]
INFO: ShowRuntime Behavior ::run [ RunTime:0.001468s ]
INFO: [ view_filter ] --END-- [ RunTime:0.005627s ]
INFO: [ view_end ] --START--
INFO: ShowPageTrace Behavior ::run [ RunTime:0.001719s ]
INFO: [ view_end ] --END-- [ RunTime:0.001794s ]

