[ 2014-10-24T13:06:17+08:00 ] 218.28.20.161 /admin.php
INFO: [ app_begin ] --START--
INFO: ReadHtmlCache Behavior ::run [ RunTime:0.002301s ]
INFO: [ app_begin ] --END-- [ RunTime:0.002415s ]
INFO: [ view_parse ] --START--
NOTIC: [8] Undefined variable: msg D:\enkjhost\mayning1\web\admin\Runtime\Cache\ad0611526e720c6e3de471a6116ff8d5.php 第 98 行.
INFO: ParseTemplate Behavior ::run [ RunTime:0.022190s ]
INFO: [ view_parse ] --END-- [ RunTime:0.022288s ]
INFO: [ view_filter ] --START--
INFO: ContentReplace Behavior ::run [ RunTime:0.001929s ]
INFO: TokenBuild Behavior ::run [ RunTime:0.001925s ]
INFO: WriteHtmlCache Behavior ::run [ RunTime:0.001829s ]
INFO: ShowRuntime Behavior ::run [ RunTime:0.002057s ]
INFO: [ view_filter ] --END-- [ RunTime:0.007990s ]
INFO: [ view_end ] --START--
INFO: ShowPageTrace Behavior ::run [ RunTime:0.002322s ]
INFO: [ view_end ] --END-- [ RunTime:0.002409s ]

[ 2014-10-24 13:06:17 ] 218.28.20.161 /admin.php/Login/getCode
INFO: [ route_check ] --START--
INFO: CheckRoute Behavior ::run [ RunTime:0.002296s ]
INFO: [ route_check ] --END-- [ RunTime:0.002388s ]
INFO: [ app_begin ] --START--
INFO: ReadHtmlCache Behavior ::run [ RunTime:0.001843s ]
INFO: [ app_begin ] --END-- [ RunTime:0.001921s ]

[ 2014-10-24 13:06:24 ] 218.28.20.161 /admin.php/Login/startlogin
INFO: [ route_check ] --START--
INFO: CheckRoute Behavior ::run [ RunTime:0.002088s ]
INFO: [ route_check ] --END-- [ RunTime:0.002171s ]
INFO: [ app_begin ] --START--
INFO: ReadHtmlCache Behavior ::run [ RunTime:0.001701s ]
INFO: [ app_begin ] --END-- [ RunTime:0.001773s ]
SQL: SHOW COLUMNS FROM `users` [ RunTime:0.006169s ]
SQL: SELECT * FROM `users` WHERE ( username = 'mayning'  ) LIMIT 1   [ RunTime:0.000313s ]
NOTIC: [8] Use of undefined constant res - assumed 'res' D:\enkjhost\mayning1\web\admin\Lib\Action\LoginAction.class.php 第 102 行.
NOTIC: [8] Undefined variable: char D:\enkjhost\mayning1\web\admin\Lib\Action\UtilAction.class.php 第 49 行.
NOTIC: [8] Undefined variable: str D:\enkjhost\mayning1\web\admin\Lib\Action\UtilAction.class.php 第 54 行.
SQL: SHOW COLUMNS FROM `logincount` [ RunTime:0.009012s ]
SQL: INSERT INTO `logincount` (`username`,`logintime`,`loginip`,`notes`) VALUES ('mayning','2014-10-24 13:06','218.28.20.161','中国 河南 郑州、Windows简体中文系统、Chrome浏览器、') [ RunTime:0.007953s ]
SQL: UPDATE `users` SET `lastlogin`='2014-10-24 13:06' WHERE ( id=5 ) [ RunTime:0.009742s ]
INFO: [ view_parse ] --START--
INFO: ParseTemplate Behavior ::run [ RunTime:0.033478s ]
INFO: [ view_parse ] --END-- [ RunTime:0.033591s ]
INFO: [ view_filter ] --START--
INFO: ContentReplace Behavior ::run [ RunTime:0.001960s ]
INFO: TokenBuild Behavior ::run [ RunTime:0.001982s ]
INFO: WriteHtmlCache Behavior ::run [ RunTime:0.001745s ]
INFO: ShowRuntime Behavior ::run [ RunTime:0.002076s ]
INFO: [ view_filter ] --END-- [ RunTime:0.008034s ]
INFO: [ view_end ] --START--
INFO: ShowPageTrace Behavior ::run [ RunTime:0.002350s ]
INFO: [ view_end ] --END-- [ RunTime:0.002449s ]

[ 2014-10-24 13:06:24 ] 218.28.20.161 /admin.php/Login/loginCount
INFO: [ route_check ] --START--
INFO: CheckRoute Behavior ::run [ RunTime:0.002672s ]
INFO: [ route_check ] --END-- [ RunTime:0.002783s ]
INFO: [ app_begin ] --START--
INFO: ReadHtmlCache Behavior ::run [ RunTime:0.002198s ]
INFO: [ app_begin ] --END-- [ RunTime:0.002294s ]
SQL: SHOW COLUMNS FROM `logincount` [ RunTime:0.004107s ]
SQL: SELECT COUNT(*) AS tp_count FROM `logincount` LIMIT 1   [ RunTime:0.000668s ]
SQL: SELECT * FROM `logincount` ORDER BY logintime desc LIMIT 0,15   [ RunTime:0.000784s ]
INFO: [ view_parse ] --START--
INFO: ParseTemplate Behavior ::run [ RunTime:0.027439s ]
INFO: [ view_parse ] --END-- [ RunTime:0.027534s ]
INFO: [ view_filter ] --START--
INFO: ContentReplace Behavior ::run [ RunTime:0.001546s ]
INFO: TokenBuild Behavior ::run [ RunTime:0.001483s ]
INFO: WriteHtmlCache Behavior ::run [ RunTime:0.001319s ]
INFO: ShowRuntime Behavior ::run [ RunTime:0.001565s ]
INFO: [ view_filter ] --END-- [ RunTime:0.006129s ]
INFO: [ view_end ] --START--
INFO: ShowPageTrace Behavior ::run [ RunTime:0.001795s ]
INFO: [ view_end ] --END-- [ RunTime:0.001868s ]

[ 2014-10-24 13:06:32 ] 218.28.20.161 /admin.php/Login/visterlist
INFO: [ route_check ] --START--
INFO: CheckRoute Behavior ::run [ RunTime:0.002040s ]
INFO: [ route_check ] --END-- [ RunTime:0.002125s ]
INFO: [ app_begin ] --START--
INFO: ReadHtmlCache Behavior ::run [ RunTime:0.001675s ]
INFO: [ app_begin ] --END-- [ RunTime:0.001747s ]
SQL: SHOW COLUMNS FROM `visters` [ RunTime:0.004320s ]
SQL: SELECT COUNT(*) AS tp_count FROM `visters` LIMIT 1   [ RunTime:0.016463s ]
SQL: SELECT * FROM `visters` ORDER BY ctime desc LIMIT 0,15   [ RunTime:0.014555s ]
INFO: [ view_parse ] --START--
INFO: ParseTemplate Behavior ::run [ RunTime:0.021197s ]
INFO: [ view_parse ] --END-- [ RunTime:0.021301s ]
INFO: [ view_filter ] --START--
INFO: ContentReplace Behavior ::run [ RunTime:0.001699s ]
INFO: TokenBuild Behavior ::run [ RunTime:0.001644s ]
INFO: WriteHtmlCache Behavior ::run [ RunTime:0.001474s ]
INFO: ShowRuntime Behavior ::run [ RunTime:0.001743s ]
INFO: [ view_filter ] --END-- [ RunTime:0.006796s ]
INFO: [ view_end ] --START--
INFO: ShowPageTrace Behavior ::run [ RunTime:0.001999s ]
INFO: [ view_end ] --END-- [ RunTime:0.002082s ]

[ 2014-10-24 13:06:41 ] 218.28.20.161 /admin.php/Login/visterlist/p/2
INFO: [ route_check ] --START--
INFO: CheckRoute Behavior ::run [ RunTime:0.002040s ]
INFO: [ route_check ] --END-- [ RunTime:0.002125s ]
INFO: [ app_begin ] --START--
INFO: ReadHtmlCache Behavior ::run [ RunTime:0.001682s ]
INFO: [ app_begin ] --END-- [ RunTime:0.001755s ]
SQL: SHOW COLUMNS FROM `visters` [ RunTime:0.004316s ]
SQL: SELECT COUNT(*) AS tp_count FROM `visters` LIMIT 1   [ RunTime:0.002148s ]
SQL: SELECT * FROM `visters` ORDER BY ctime desc LIMIT 15,15   [ RunTime:0.014174s ]
INFO: [ view_parse ] --START--
INFO: ParseTemplate Behavior ::run [ RunTime:0.018282s ]
INFO: [ view_parse ] --END-- [ RunTime:0.018369s ]
INFO: [ view_filter ] --START--
INFO: ContentReplace Behavior ::run [ RunTime:0.001505s ]
INFO: TokenBuild Behavior ::run [ RunTime:0.001473s ]
INFO: WriteHtmlCache Behavior ::run [ RunTime:0.001323s ]
INFO: ShowRuntime Behavior ::run [ RunTime:0.001568s ]
INFO: [ view_filter ] --END-- [ RunTime:0.006084s ]
INFO: [ view_end ] --START--
INFO: ShowPageTrace Behavior ::run [ RunTime:0.001805s ]
INFO: [ view_end ] --END-- [ RunTime:0.001881s ]

[ 2014-10-24 13:06:46 ] 218.28.20.161 /admin.php/Login/visterlist/p/1
INFO: [ route_check ] --START--
INFO: CheckRoute Behavior ::run [ RunTime:0.002054s ]
INFO: [ route_check ] --END-- [ RunTime:0.002139s ]
INFO: [ app_begin ] --START--
INFO: ReadHtmlCache Behavior ::run [ RunTime:0.001679s ]
INFO: [ app_begin ] --END-- [ RunTime:0.001753s ]
SQL: SHOW COLUMNS FROM `visters` [ RunTime:0.004570s ]
SQL: SELECT COUNT(*) AS tp_count FROM `visters` LIMIT 1   [ RunTime:0.002152s ]
SQL: SELECT * FROM `visters` ORDER BY ctime desc LIMIT 0,15   [ RunTime:0.014777s ]
INFO: [ view_parse ] --START--
INFO: ParseTemplate Behavior ::run [ RunTime:0.020160s ]
INFO: [ view_parse ] --END-- [ RunTime:0.020258s ]
INFO: [ view_filter ] --START--
INFO: ContentReplace Behavior ::run [ RunTime:0.001686s ]
INFO: TokenBuild Behavior ::run [ RunTime:0.001632s ]
INFO: WriteHtmlCache Behavior ::run [ RunTime:0.001474s ]
INFO: ShowRuntime Behavior ::run [ RunTime:0.001850s ]
INFO: [ view_filter ] --END-- [ RunTime:0.006881s ]
INFO: [ view_end ] --START--
INFO: ShowPageTrace Behavior ::run [ RunTime:0.001990s ]
INFO: [ view_end ] --END-- [ RunTime:0.002073s ]

[ 2014-10-24 13:07:09 ] 218.28.20.161 /admin.php/Product/procateList
INFO: [ route_check ] --START--
INFO: CheckRoute Behavior ::run [ RunTime:0.002054s ]
INFO: [ route_check ] --END-- [ RunTime:0.002141s ]
INFO: [ app_begin ] --START--
INFO: ReadHtmlCache Behavior ::run [ RunTime:0.001688s ]
INFO: [ app_begin ] --END-- [ RunTime:0.001762s ]
SQL: SHOW COLUMNS FROM `procate` [ RunTime:0.004179s ]
SQL: SELECT COUNT(*) AS tp_count FROM `procate` LIMIT 1   [ RunTime:0.000239s ]
SQL: select a.id ,a.title,a.ctime,a.enable,a.sorts,a.pid,b.title as ptitle from procate a left join procate b on a.pid = b.id order by a.sorts desc,a.pid asc  limit 0,10 [ RunTime:0.000404s ]
INFO: [ view_parse ] --START--
INFO: ParseTemplate Behavior ::run [ RunTime:0.028513s ]
INFO: [ view_parse ] --END-- [ RunTime:0.028614s ]
INFO: [ view_filter ] --START--
INFO: ContentReplace Behavior ::run [ RunTime:0.002082s ]
INFO: TokenBuild Behavior ::run [ RunTime:0.001953s ]
INFO: WriteHtmlCache Behavior ::run [ RunTime:0.001774s ]
INFO: ShowRuntime Behavior ::run [ RunTime:0.002154s ]
INFO: [ view_filter ] --END-- [ RunTime:0.008222s ]
INFO: [ view_end ] --START--
INFO: ShowPageTrace Behavior ::run [ RunTime:0.002394s ]
INFO: [ view_end ] --END-- [ RunTime:0.002491s ]

[ 2014-10-24 13:07:11 ] 218.28.20.161 /admin.php/Product/getAllProductList
INFO: [ route_check ] --START--
INFO: CheckRoute Behavior ::run [ RunTime:0.002049s ]
INFO: [ route_check ] --END-- [ RunTime:0.002135s ]
INFO: [ app_begin ] --START--
INFO: ReadHtmlCache Behavior ::run [ RunTime:0.001688s ]
INFO: [ app_begin ] --END-- [ RunTime:0.001760s ]
SQL: SHOW COLUMNS FROM `products` [ RunTime:0.004596s ]
SQL: SHOW COLUMNS FROM `procate` [ RunTime:0.004272s ]
NOTIC: [8] Undefined index:  name D:\enkjhost\mayning1\web\admin\Lib\Action\ProductAction.class.php 第 146 行.
SQL: SELECT * FROM `procate` WHERE ( pid=0 ) ORDER BY sorts asc,pid asc  [ RunTime:0.000407s ]
SQL: select count(a.id) as count from products a left join procate b on a.proid = b.id where 1=1  [ RunTime:0.000406s ]
SQL: select a.id,a.title,a.ctime,a.imgs,a.sorts,a.enable,a.state,a.proid,b.title as protitle from products a left join procate b on a.proid = b.id where 1=1  order by a.sorts desc limit 0,10 [ RunTime:0.000427s ]
INFO: [ view_parse ] --START--
INFO: ParseTemplate Behavior ::run [ RunTime:0.027033s ]
INFO: [ view_parse ] --END-- [ RunTime:0.027119s ]
INFO: [ view_filter ] --START--
INFO: ContentReplace Behavior ::run [ RunTime:0.001649s ]
INFO: TokenBuild Behavior ::run [ RunTime:0.001487s ]
INFO: WriteHtmlCache Behavior ::run [ RunTime:0.001323s ]
INFO: ShowRuntime Behavior ::run [ RunTime:0.001584s ]
INFO: [ view_filter ] --END-- [ RunTime:0.006237s ]
INFO: [ view_end ] --START--
INFO: ShowPageTrace Behavior ::run [ RunTime:0.001799s ]
INFO: [ view_end ] --END-- [ RunTime:0.001869s ]

[ 2014-10-24 13:07:11 ] 218.28.20.161 /admin.php/Product/selectChildProcate
INFO: [ route_check ] --START--
INFO: CheckRoute Behavior ::run [ RunTime:0.002056s ]
INFO: [ route_check ] --END-- [ RunTime:0.002140s ]
INFO: [ app_begin ] --START--
INFO: ReadHtmlCache Behavior ::run [ RunTime:0.001709s ]
INFO: [ app_begin ] --END-- [ RunTime:0.001775s ]
NOTIC: [8] Undefined index:  id D:\enkjhost\mayning1\web\admin\Lib\Action\ProductAction.class.php 第 253 行.
SQL: SHOW COLUMNS FROM `procate` [ RunTime:0.004545s ]
SQL: SELECT * FROM `procate` WHERE ( pid=%d )  [ RunTime:0.000142s ]
ERR: 1064:You have an error in your SQL syntax; check the manual that corresponds to your MySQL server version for the right syntax to use near '%d )' at line 1
 [ SQL语句 ] : SELECT * FROM `procate` WHERE ( pid=%d ) 

[ 2014-10-24 13:07:47 ] 218.28.20.161 /admin.php/Content/contentDetail?cate=1
INFO: [ route_check ] --START--
INFO: CheckRoute Behavior ::run [ RunTime:0.002760s ]
INFO: [ route_check ] --END-- [ RunTime:0.002882s ]
INFO: [ app_begin ] --START--
INFO: ReadHtmlCache Behavior ::run [ RunTime:0.002249s ]
INFO: [ app_begin ] --END-- [ RunTime:0.002344s ]
SQL: SHOW COLUMNS FROM `contents` [ RunTime:0.005141s ]
SQL: SELECT * FROM `contents` WHERE ( cateid=1 ) LIMIT 1   [ RunTime:0.000358s ]
INFO: [ view_parse ] --START--
INFO: ParseTemplate Behavior ::run [ RunTime:0.029126s ]
INFO: [ view_parse ] --END-- [ RunTime:0.029228s ]
INFO: [ view_filter ] --START--
INFO: ContentReplace Behavior ::run [ RunTime:0.001718s ]
INFO: TokenBuild Behavior ::run [ RunTime:0.001715s ]
INFO: WriteHtmlCache Behavior ::run [ RunTime:0.001551s ]
INFO: ShowRuntime Behavior ::run [ RunTime:0.001820s ]
INFO: [ view_filter ] --END-- [ RunTime:0.007032s ]
INFO: [ view_end ] --START--
INFO: ShowPageTrace Behavior ::run [ RunTime:0.002061s ]
INFO: [ view_end ] --END-- [ RunTime:0.002138s ]

[ 2014-10-24 13:07:48 ] 218.28.20.161 /admin.php/Content/contentDetail?cate=2
INFO: [ route_check ] --START--
INFO: CheckRoute Behavior ::run [ RunTime:0.002232s ]
INFO: [ route_check ] --END-- [ RunTime:0.002329s ]
INFO: [ app_begin ] --START--
INFO: ReadHtmlCache Behavior ::run [ RunTime:0.001674s ]
INFO: [ app_begin ] --END-- [ RunTime:0.001745s ]
SQL: SHOW COLUMNS FROM `contents` [ RunTime:0.004476s ]
SQL: SELECT * FROM `contents` WHERE ( cateid=2 ) LIMIT 1   [ RunTime:0.000292s ]
INFO: [ view_parse ] --START--
INFO: ParseTemplate Behavior ::run [ RunTime:0.018186s ]
INFO: [ view_parse ] --END-- [ RunTime:0.018274s ]
INFO: [ view_filter ] --START--
INFO: ContentReplace Behavior ::run [ RunTime:0.001624s ]
INFO: TokenBuild Behavior ::run [ RunTime:0.001627s ]
INFO: WriteHtmlCache Behavior ::run [ RunTime:0.001464s ]
INFO: ShowRuntime Behavior ::run [ RunTime:0.001779s ]
INFO: [ view_filter ] --END-- [ RunTime:0.006709s ]
INFO: [ view_end ] --START--
INFO: ShowPageTrace Behavior ::run [ RunTime:0.001935s ]
INFO: [ view_end ] --END-- [ RunTime:0.002008s ]

[ 2014-10-24 13:07:49 ] 218.28.20.161 /admin.php/Content/contentDetail?cate=3
INFO: [ route_check ] --START--
INFO: CheckRoute Behavior ::run [ RunTime:0.002070s ]
INFO: [ route_check ] --END-- [ RunTime:0.002155s ]
INFO: [ app_begin ] --START--
INFO: ReadHtmlCache Behavior ::run [ RunTime:0.001688s ]
INFO: [ app_begin ] --END-- [ RunTime:0.001761s ]
SQL: SHOW COLUMNS FROM `contents` [ RunTime:0.004749s ]
SQL: SELECT * FROM `contents` WHERE ( cateid=3 ) LIMIT 1   [ RunTime:0.000308s ]
INFO: [ view_parse ] --START--
INFO: ParseTemplate Behavior ::run [ RunTime:0.016930s ]
INFO: [ view_parse ] --END-- [ RunTime:0.017022s ]
INFO: [ view_filter ] --START--
INFO: ContentReplace Behavior ::run [ RunTime:0.001487s ]
INFO: TokenBuild Behavior ::run [ RunTime:0.001467s ]
INFO: WriteHtmlCache Behavior ::run [ RunTime:0.001383s ]
INFO: ShowRuntime Behavior ::run [ RunTime:0.001552s ]
INFO: [ view_filter ] --END-- [ RunTime:0.006081s ]
INFO: [ view_end ] --START--
INFO: ShowPageTrace Behavior ::run [ RunTime:0.001746s ]
INFO: [ view_end ] --END-- [ RunTime:0.001813s ]

[ 2014-10-24 13:07:49 ] 218.28.20.161 /admin.php/Content/contentDetail?cate=4
INFO: [ route_check ] --START--
INFO: CheckRoute Behavior ::run [ RunTime:0.002411s ]
INFO: [ route_check ] --END-- [ RunTime:0.002506s ]
INFO: [ app_begin ] --START--
INFO: ReadHtmlCache Behavior ::run [ RunTime:0.001686s ]
INFO: [ app_begin ] --END-- [ RunTime:0.001758s ]
SQL: SHOW COLUMNS FROM `contents` [ RunTime:0.004713s ]
SQL: SELECT * FROM `contents` WHERE ( cateid=4 ) LIMIT 1   [ RunTime:0.000271s ]
INFO: [ view_parse ] --START--
INFO: ParseTemplate Behavior ::run [ RunTime:0.018243s ]
INFO: [ view_parse ] --END-- [ RunTime:0.018334s ]
INFO: [ view_filter ] --START--
INFO: ContentReplace Behavior ::run [ RunTime:0.001616s ]
INFO: TokenBuild Behavior ::run [ RunTime:0.001943s ]
INFO: WriteHtmlCache Behavior ::run [ RunTime:0.001495s ]
INFO: ShowRuntime Behavior ::run [ RunTime:0.001730s ]
INFO: [ view_filter ] --END-- [ RunTime:0.007002s ]
INFO: [ view_end ] --START--
INFO: ShowPageTrace Behavior ::run [ RunTime:0.001941s ]
INFO: [ view_end ] --END-- [ RunTime:0.002015s ]

[ 2014-10-24 13:07:51 ] 218.28.20.161 /admin.php/Content/contentDetail?cate=3
INFO: [ route_check ] --START--
INFO: CheckRoute Behavior ::run [ RunTime:0.002048s ]
INFO: [ route_check ] --END-- [ RunTime:0.002134s ]
INFO: [ app_begin ] --START--
INFO: ReadHtmlCache Behavior ::run [ RunTime:0.001688s ]
INFO: [ app_begin ] --END-- [ RunTime:0.001761s ]
SQL: SHOW COLUMNS FROM `contents` [ RunTime:0.004404s ]
SQL: SELECT * FROM `contents` WHERE ( cateid=3 ) LIMIT 1   [ RunTime:0.000275s ]
INFO: [ view_parse ] --START--
INFO: ParseTemplate Behavior ::run [ RunTime:0.017205s ]
INFO: [ view_parse ] --END-- [ RunTime:0.017306s ]
INFO: [ view_filter ] --START--
INFO: ContentReplace Behavior ::run [ RunTime:0.001953s ]
INFO: TokenBuild Behavior ::run [ RunTime:0.001919s ]
INFO: WriteHtmlCache Behavior ::run [ RunTime:0.001731s ]
INFO: ShowRuntime Behavior ::run [ RunTime:0.002028s ]
INFO: [ view_filter ] --END-- [ RunTime:0.007888s ]
INFO: [ view_end ] --START--
INFO: ShowPageTrace Behavior ::run [ RunTime:0.002292s ]
INFO: [ view_end ] --END-- [ RunTime:0.002378s ]

[ 2014-10-24 13:07:54 ] 218.28.20.161 /admin.php/Faq/faqcateList
INFO: [ route_check ] --START--
INFO: CheckRoute Behavior ::run [ RunTime:0.002260s ]
INFO: [ route_check ] --END-- [ RunTime:0.002355s ]
INFO: [ app_begin ] --START--
INFO: ReadHtmlCache Behavior ::run [ RunTime:0.001856s ]
INFO: [ app_begin ] --END-- [ RunTime:0.001936s ]
SQL: SHOW COLUMNS FROM `faqcate` [ RunTime:0.006050s ]
SQL: SELECT COUNT(*) AS tp_count FROM `faqcate` LIMIT 1   [ RunTime:0.000231s ]
SQL: SELECT * FROM `faqcate` ORDER BY sorts desc LIMIT 0,10   [ RunTime:0.000264s ]
INFO: [ view_parse ] --START--
INFO: ParseTemplate Behavior ::run [ RunTime:0.028760s ]
INFO: [ view_parse ] --END-- [ RunTime:0.028862s ]
INFO: [ view_filter ] --START--
INFO: ContentReplace Behavior ::run [ RunTime:0.001987s ]
INFO: TokenBuild Behavior ::run [ RunTime:0.001972s ]
INFO: WriteHtmlCache Behavior ::run [ RunTime:0.001744s ]
INFO: ShowRuntime Behavior ::run [ RunTime:0.002068s ]
INFO: [ view_filter ] --END-- [ RunTime:0.008022s ]
INFO: [ view_end ] --START--
INFO: ShowPageTrace Behavior ::run [ RunTime:0.002373s ]
INFO: [ view_end ] --END-- [ RunTime:0.002466s ]

[ 2014-10-24 13:07:55 ] 218.28.20.161 /admin.php/Faq/faqList
INFO: [ route_check ] --START--
INFO: CheckRoute Behavior ::run [ RunTime:0.002057s ]
INFO: [ route_check ] --END-- [ RunTime:0.002143s ]
INFO: [ app_begin ] --START--
INFO: ReadHtmlCache Behavior ::run [ RunTime:0.001712s ]
INFO: [ app_begin ] --END-- [ RunTime:0.001783s ]
SQL: SHOW COLUMNS FROM `faqs` [ RunTime:0.006448s ]
NOTIC: [8] Undefined index:  name D:\enkjhost\mayning1\web\admin\Lib\Action\FaqAction.class.php 第 122 行.
SQL: select count(a.id) as count from faqs a left join faqcate b on a.faqcate=b.id where 1=1  [ RunTime:0.000277s ]
SQL: select a.id ,a.title,a.ctime,a.sorts,a.enable,b.title as catetitle from faqs a left join faqcate b on a.faqcate=b.id where 1=1  order by a.sorts desc limit 0,10 [ RunTime:0.000275s ]
INFO: [ view_parse ] --START--
INFO: ParseTemplate Behavior ::run [ RunTime:0.026026s ]
INFO: [ view_parse ] --END-- [ RunTime:0.026126s ]
INFO: [ view_filter ] --START--
INFO: ContentReplace Behavior ::run [ RunTime:0.002035s ]
INFO: TokenBuild Behavior ::run [ RunTime:0.001962s ]
INFO: WriteHtmlCache Behavior ::run [ RunTime:0.001743s ]
INFO: ShowRuntime Behavior ::run [ RunTime:0.002067s ]
INFO: [ view_filter ] --END-- [ RunTime:0.008059s ]
INFO: [ view_end ] --START--
INFO: ShowPageTrace Behavior ::run [ RunTime:0.002333s ]
INFO: [ view_end ] --END-- [ RunTime:0.002449s ]

[ 2014-10-24T13:07:57+08:00 ] 218.28.20.161 /admin.php/User/userList
INFO: [ route_check ] --START--
INFO: CheckRoute Behavior ::run [ RunTime:0.002049s ]
INFO: [ route_check ] --END-- [ RunTime:0.002133s ]
INFO: [ app_begin ] --START--
INFO: ReadHtmlCache Behavior ::run [ RunTime:0.001692s ]
INFO: [ app_begin ] --END-- [ RunTime:0.001766s ]
SQL: SHOW COLUMNS FROM `users` [ RunTime:0.004669s ]
NOTIC: [8] Undefined index:  name D:\enkjhost\mayning1\web\admin\Lib\Action\UserAction.class.php 第 7 行.
SQL: SELECT COUNT(*) AS tp_count FROM `users` LIMIT 1   [ RunTime:0.000311s ]
SQL: SELECT * FROM `users` ORDER BY ctime desc LIMIT 0,10   [ RunTime:0.000320s ]
INFO: [ view_parse ] --START--
INFO: ParseTemplate Behavior ::run [ RunTime:0.028495s ]
INFO: [ view_parse ] --END-- [ RunTime:0.028604s ]
INFO: [ view_filter ] --START--
INFO: ContentReplace Behavior ::run [ RunTime:0.001987s ]
INFO: TokenBuild Behavior ::run [ RunTime:0.001947s ]
INFO: WriteHtmlCache Behavior ::run [ RunTime:0.001754s ]
INFO: ShowRuntime Behavior ::run [ RunTime:0.002061s ]
INFO: [ view_filter ] --END-- [ RunTime:0.008001s ]
INFO: [ view_end ] --START--
INFO: ShowPageTrace Behavior ::run [ RunTime:0.002365s ]
INFO: [ view_end ] --END-- [ RunTime:0.002458s ]

[ 2014-10-24 20:05:07 ] 113.73.234.114 /admin.php/Login/startlogin
INFO: [ route_check ] --START--
INFO: CheckRoute Behavior ::run [ RunTime:0.002633s ]
INFO: [ route_check ] --END-- [ RunTime:0.002748s ]
INFO: [ app_begin ] --START--
INFO: ReadHtmlCache Behavior ::run [ RunTime:0.002131s ]
INFO: [ app_begin ] --END-- [ RunTime:0.002225s ]
SQL: SHOW COLUMNS FROM `users` [ RunTime:0.005377s ]
NOTIC: [8] Undefined index:  username D:\enkjhost\mayning1\web\admin\Lib\Action\LoginAction.class.php 第 90 行.
NOTIC: [8] Undefined index:  password D:\enkjhost\mayning1\web\admin\Lib\Action\LoginAction.class.php 第 91 行.
NOTIC: [8] Undefined index:  checkcode D:\enkjhost\mayning1\web\admin\Lib\Action\LoginAction.class.php 第 92 行.
SQL: SELECT * FROM `users` WHERE ( username = '%s'  ) LIMIT 1   [ RunTime:0.000389s ]
NOTIC: [8] Use of undefined constant res - assumed 'res' D:\enkjhost\mayning1\web\admin\Lib\Action\LoginAction.class.php 第 102 行.
NOTIC: [8] Undefined variable: str D:\enkjhost\mayning1\web\admin\Lib\Action\UtilAction.class.php 第 56 行.
INFO: [ view_parse ] --START--
INFO: ParseTemplate Behavior ::run [ RunTime:0.017393s ]
INFO: [ view_parse ] --END-- [ RunTime:0.017495s ]
INFO: [ view_filter ] --START--
INFO: ContentReplace Behavior ::run [ RunTime:0.002182s ]
INFO: TokenBuild Behavior ::run [ RunTime:0.001489s ]
INFO: WriteHtmlCache Behavior ::run [ RunTime:0.001259s ]
INFO: ShowRuntime Behavior ::run [ RunTime:0.001490s ]
INFO: [ view_filter ] --END-- [ RunTime:0.006622s ]
INFO: [ view_end ] --START--
INFO: ShowPageTrace Behavior ::run [ RunTime:0.002599s ]
INFO: [ view_end ] --END-- [ RunTime:0.002669s ]

[ 2014-10-24 20:05:07 ] 113.73.234.114 /admin.php/Login/getCode
INFO: [ route_check ] --START--
INFO: CheckRoute Behavior ::run [ RunTime:0.001798s ]
INFO: [ route_check ] --END-- [ RunTime:0.001876s ]
INFO: [ app_begin ] --START--
INFO: ReadHtmlCache Behavior ::run [ RunTime:0.001477s ]
INFO: [ app_begin ] --END-- [ RunTime:0.001543s ]

[ 2014-10-24 20:05:21 ] 113.73.234.114 /admin.php/Login/checkCode
INFO: [ route_check ] --START--
INFO: CheckRoute Behavior ::run [ RunTime:0.002004s ]
INFO: [ route_check ] --END-- [ RunTime:0.002093s ]
INFO: [ app_begin ] --START--
INFO: ReadHtmlCache Behavior ::run [ RunTime:0.001852s ]
INFO: [ app_begin ] --END-- [ RunTime:0.001921s ]

[ 2014-10-24 20:05:21 ] 113.73.234.114 /admin.php/Login/startlogin
INFO: [ route_check ] --START--
INFO: CheckRoute Behavior ::run [ RunTime:0.002595s ]
INFO: [ route_check ] --END-- [ RunTime:0.002729s ]
INFO: [ app_begin ] --START--
INFO: ReadHtmlCache Behavior ::run [ RunTime:0.001626s ]
INFO: [ app_begin ] --END-- [ RunTime:0.001699s ]
SQL: SHOW COLUMNS FROM `users` [ RunTime:0.004347s ]
SQL: SELECT * FROM `users` WHERE ( username = 'admin'  ) LIMIT 1   [ RunTime:0.000272s ]
NOTIC: [8] Use of undefined constant res - assumed 'res' D:\enkjhost\mayning1\web\admin\Lib\Action\LoginAction.class.php 第 102 行.
NOTIC: [8] Undefined variable: char D:\enkjhost\mayning1\web\admin\Lib\Action\UtilAction.class.php 第 49 行.
NOTIC: [8] Undefined variable: str D:\enkjhost\mayning1\web\admin\Lib\Action\UtilAction.class.php 第 54 行.
SQL: SHOW COLUMNS FROM `logincount` [ RunTime:0.006979s ]
SQL: INSERT INTO `logincount` (`username`,`logintime`,`loginip`,`notes`) VALUES ('admin','2014-10-24 20:05','113.73.234.114','中国 广东 中山、Windows简体中文系统、Chrome浏览器、') [ RunTime:0.009040s ]
SQL: UPDATE `users` SET `lastlogin`='2014-10-24 20:05' WHERE ( id=6 ) [ RunTime:0.010821s ]
INFO: [ view_parse ] --START--
INFO: ParseTemplate Behavior ::run [ RunTime:0.024591s ]
INFO: [ view_parse ] --END-- [ RunTime:0.024730s ]
INFO: [ view_filter ] --START--
INFO: ContentReplace Behavior ::run [ RunTime:0.001931s ]
INFO: TokenBuild Behavior ::run [ RunTime:0.002044s ]
INFO: WriteHtmlCache Behavior ::run [ RunTime:0.001667s ]
INFO: ShowRuntime Behavior ::run [ RunTime:0.001973s ]
INFO: [ view_filter ] --END-- [ RunTime:0.007892s ]
INFO: [ view_end ] --START--
INFO: ShowPageTrace Behavior ::run [ RunTime:0.002267s ]
INFO: [ view_end ] --END-- [ RunTime:0.002364s ]

[ 2014-10-24 20:05:22 ] 113.73.234.114 /admin.php/Login/loginCount
INFO: [ route_check ] --START--
INFO: CheckRoute Behavior ::run [ RunTime:0.002060s ]
INFO: [ route_check ] --END-- [ RunTime:0.002153s ]
INFO: [ app_begin ] --START--
INFO: ReadHtmlCache Behavior ::run [ RunTime:0.001611s ]
INFO: [ app_begin ] --END-- [ RunTime:0.001684s ]
SQL: SHOW COLUMNS FROM `logincount` [ RunTime:0.004351s ]
SQL: SELECT COUNT(*) AS tp_count FROM `logincount` LIMIT 1   [ RunTime:0.000357s ]
SQL: SELECT * FROM `logincount` ORDER BY logintime desc LIMIT 0,15   [ RunTime:0.000852s ]
INFO: [ view_parse ] --START--
INFO: ParseTemplate Behavior ::run [ RunTime:0.021605s ]
INFO: [ view_parse ] --END-- [ RunTime:0.021711s ]
INFO: [ view_filter ] --START--
INFO: ContentReplace Behavior ::run [ RunTime:0.001993s ]
INFO: TokenBuild Behavior ::run [ RunTime:0.001839s ]
INFO: WriteHtmlCache Behavior ::run [ RunTime:0.001647s ]
INFO: ShowRuntime Behavior ::run [ RunTime:0.001970s ]
INFO: [ view_filter ] --END-- [ RunTime:0.007781s ]
INFO: [ view_end ] --START--
INFO: ShowPageTrace Behavior ::run [ RunTime:0.002262s ]
INFO: [ view_end ] --END-- [ RunTime:0.002359s ]

[ 2014-10-24 20:05:24 ] 113.73.234.114 /admin.php/Login/visterlist
INFO: [ route_check ] --START--
INFO: CheckRoute Behavior ::run [ RunTime:0.002294s ]
INFO: [ route_check ] --END-- [ RunTime:0.002443s ]
INFO: [ app_begin ] --START--
INFO: ReadHtmlCache Behavior ::run [ RunTime:0.001773s ]
INFO: [ app_begin ] --END-- [ RunTime:0.001853s ]
SQL: SHOW COLUMNS FROM `visters` [ RunTime:0.005530s ]
SQL: SELECT COUNT(*) AS tp_count FROM `visters` LIMIT 1   [ RunTime:0.002891s ]
SQL: SELECT * FROM `visters` ORDER BY ctime desc LIMIT 0,15   [ RunTime:0.018530s ]
INFO: [ view_parse ] --START--
INFO: ParseTemplate Behavior ::run [ RunTime:0.025023s ]
INFO: [ view_parse ] --END-- [ RunTime:0.025144s ]
INFO: [ view_filter ] --START--
INFO: ContentReplace Behavior ::run [ RunTime:0.001919s ]
INFO: TokenBuild Behavior ::run [ RunTime:0.001883s ]
INFO: WriteHtmlCache Behavior ::run [ RunTime:0.001655s ]
INFO: ShowRuntime Behavior ::run [ RunTime:0.002081s ]
INFO: [ view_filter ] --END-- [ RunTime:0.007821s ]
INFO: [ view_end ] --START--
INFO: ShowPageTrace Behavior ::run [ RunTime:0.002250s ]
INFO: [ view_end ] --END-- [ RunTime:0.002348s ]

[ 2014-10-24 20:05:30 ] 113.73.234.114 /admin.php/Login/visterlist/p/2
INFO: [ route_check ] --START--
INFO: CheckRoute Behavior ::run [ RunTime:0.002588s ]
INFO: [ route_check ] --END-- [ RunTime:0.002693s ]
INFO: [ app_begin ] --START--
INFO: ReadHtmlCache Behavior ::run [ RunTime:0.001669s ]
INFO: [ app_begin ] --END-- [ RunTime:0.001744s ]
SQL: SHOW COLUMNS FROM `visters` [ RunTime:0.004554s ]
SQL: SELECT COUNT(*) AS tp_count FROM `visters` LIMIT 1   [ RunTime:0.002177s ]
SQL: SELECT * FROM `visters` ORDER BY ctime desc LIMIT 15,15   [ RunTime:0.014366s ]
INFO: [ view_parse ] --START--
INFO: ParseTemplate Behavior ::run [ RunTime:0.019379s ]
INFO: [ view_parse ] --END-- [ RunTime:0.019480s ]
INFO: [ view_filter ] --START--
INFO: ContentReplace Behavior ::run [ RunTime:0.001672s ]
INFO: TokenBuild Behavior ::run [ RunTime:0.001605s ]
INFO: WriteHtmlCache Behavior ::run [ RunTime:0.001463s ]
INFO: ShowRuntime Behavior ::run [ RunTime:0.001735s ]
INFO: [ view_filter ] --END-- [ RunTime:0.006714s ]
INFO: [ view_end ] --START--
INFO: ShowPageTrace Behavior ::run [ RunTime:0.001919s ]
INFO: [ view_end ] --END-- [ RunTime:0.002002s ]

[ 2014-10-24 20:05:38 ] 113.73.234.114 /admin.php/Login/visterlist/p/3
INFO: [ route_check ] --START--
INFO: CheckRoute Behavior ::run [ RunTime:0.002770s ]
INFO: [ route_check ] --END-- [ RunTime:0.002881s ]
INFO: [ app_begin ] --START--
INFO: ReadHtmlCache Behavior ::run [ RunTime:0.002137s ]
INFO: [ app_begin ] --END-- [ RunTime:0.002232s ]
SQL: SHOW COLUMNS FROM `visters` [ RunTime:0.005612s ]
SQL: SELECT COUNT(*) AS tp_count FROM `visters` LIMIT 1   [ RunTime:0.002506s ]
SQL: SELECT * FROM `visters` ORDER BY ctime desc LIMIT 30,15   [ RunTime:0.017350s ]
INFO: [ view_parse ] --START--
INFO: ParseTemplate Behavior ::run [ RunTime:0.023398s ]
INFO: [ view_parse ] --END-- [ RunTime:0.023511s ]
INFO: [ view_filter ] --START--
INFO: ContentReplace Behavior ::run [ RunTime:0.001911s ]
INFO: TokenBuild Behavior ::run [ RunTime:0.001851s ]
INFO: WriteHtmlCache Behavior ::run [ RunTime:0.001661s ]
INFO: ShowRuntime Behavior ::run [ RunTime:0.002007s ]
INFO: [ view_filter ] --END-- [ RunTime:0.007705s ]
INFO: [ view_end ] --START--
INFO: ShowPageTrace Behavior ::run [ RunTime:0.002280s ]
INFO: [ view_end ] --END-- [ RunTime:0.002378s ]

[ 2014-10-24 20:05:49 ] 113.73.234.114 /admin.php/Login/visterlist/p/4
INFO: [ route_check ] --START--
INFO: CheckRoute Behavior ::run [ RunTime:0.002079s ]
INFO: [ route_check ] --END-- [ RunTime:0.002171s ]
INFO: [ app_begin ] --START--
INFO: ReadHtmlCache Behavior ::run [ RunTime:0.001632s ]
INFO: [ app_begin ] --END-- [ RunTime:0.001704s ]
SQL: SHOW COLUMNS FROM `visters` [ RunTime:0.004191s ]
SQL: SELECT COUNT(*) AS tp_count FROM `visters` LIMIT 1   [ RunTime:0.002150s ]
SQL: SELECT * FROM `visters` ORDER BY ctime desc LIMIT 45,15   [ RunTime:0.011841s ]
INFO: [ view_parse ] --START--
INFO: ParseTemplate Behavior ::run [ RunTime:0.015304s ]
INFO: [ view_parse ] --END-- [ RunTime:0.015379s ]
INFO: [ view_filter ] --START--
INFO: ContentReplace Behavior ::run [ RunTime:0.001199s ]
INFO: TokenBuild Behavior ::run [ RunTime:0.001153s ]
INFO: WriteHtmlCache Behavior ::run [ RunTime:0.001031s ]
INFO: ShowRuntime Behavior ::run [ RunTime:0.001240s ]
INFO: [ view_filter ] --END-- [ RunTime:0.004798s ]
INFO: [ view_end ] --START--
INFO: ShowPageTrace Behavior ::run [ RunTime:0.001398s ]
INFO: [ view_end ] --END-- [ RunTime:0.001458s ]

[ 2014-10-24 20:05:52 ] 113.73.234.114 /admin.php/Login/visterlist/p/5
INFO: [ route_check ] --START--
INFO: CheckRoute Behavior ::run [ RunTime:0.002075s ]
INFO: [ route_check ] --END-- [ RunTime:0.002165s ]
INFO: [ app_begin ] --START--
INFO: ReadHtmlCache Behavior ::run [ RunTime:0.001637s ]
INFO: [ app_begin ] --END-- [ RunTime:0.001709s ]
SQL: SHOW COLUMNS FROM `visters` [ RunTime:0.004053s ]
SQL: SELECT COUNT(*) AS tp_count FROM `visters` LIMIT 1   [ RunTime:0.001829s ]
SQL: SELECT * FROM `visters` ORDER BY ctime desc LIMIT 60,15   [ RunTime:0.011709s ]
INFO: [ view_parse ] --START--
INFO: ParseTemplate Behavior ::run [ RunTime:0.014598s ]
INFO: [ view_parse ] --END-- [ RunTime:0.014676s ]
INFO: [ view_filter ] --START--
INFO: ContentReplace Behavior ::run [ RunTime:0.001190s ]
INFO: TokenBuild Behavior ::run [ RunTime:0.001215s ]
INFO: WriteHtmlCache Behavior ::run [ RunTime:0.001029s ]
INFO: ShowRuntime Behavior ::run [ RunTime:0.001216s ]
INFO: [ view_filter ] --END-- [ RunTime:0.004827s ]
INFO: [ view_end ] --START--
INFO: ShowPageTrace Behavior ::run [ RunTime:0.001436s ]
INFO: [ view_end ] --END-- [ RunTime:0.001499s ]

[ 2014-10-24 20:06:07 ] 113.73.234.114 /admin.php/Login/visterlist/p/6
INFO: [ route_check ] --START--
INFO: CheckRoute Behavior ::run [ RunTime:0.002565s ]
INFO: [ route_check ] --END-- [ RunTime:0.002667s ]
INFO: [ app_begin ] --START--
INFO: ReadHtmlCache Behavior ::run [ RunTime:0.001785s ]
INFO: [ app_begin ] --END-- [ RunTime:0.001866s ]
SQL: SHOW COLUMNS FROM `visters` [ RunTime:0.004930s ]
SQL: SELECT COUNT(*) AS tp_count FROM `visters` LIMIT 1   [ RunTime:0.002364s ]
SQL: SELECT * FROM `visters` ORDER BY ctime desc LIMIT 75,15   [ RunTime:0.016072s ]
INFO: [ view_parse ] --START--
INFO: ParseTemplate Behavior ::run [ RunTime:0.019676s ]
INFO: [ view_parse ] --END-- [ RunTime:0.019773s ]
INFO: [ view_filter ] --START--
INFO: ContentReplace Behavior ::run [ RunTime:0.001611s ]
INFO: TokenBuild Behavior ::run [ RunTime:0.001558s ]
INFO: WriteHtmlCache Behavior ::run [ RunTime:0.001398s ]
INFO: ShowRuntime Behavior ::run [ RunTime:0.001672s ]
INFO: [ view_filter ] --END-- [ RunTime:0.006475s ]
INFO: [ view_end ] --START--
INFO: ShowPageTrace Behavior ::run [ RunTime:0.001914s ]
INFO: [ view_end ] --END-- [ RunTime:0.001994s ]

[ 2014-10-24 20:06:13 ] 113.73.234.114 /admin.php/Login/visterlist/p/7
INFO: [ route_check ] --START--
INFO: CheckRoute Behavior ::run [ RunTime:0.002668s ]
INFO: [ route_check ] --END-- [ RunTime:0.002783s ]
INFO: [ app_begin ] --START--
INFO: ReadHtmlCache Behavior ::run [ RunTime:0.002236s ]
INFO: [ app_begin ] --END-- [ RunTime:0.002331s ]
SQL: SHOW COLUMNS FROM `visters` [ RunTime:0.004316s ]
SQL: SELECT COUNT(*) AS tp_count FROM `visters` LIMIT 1   [ RunTime:0.002163s ]
SQL: SELECT * FROM `visters` ORDER BY ctime desc LIMIT 90,15   [ RunTime:0.016949s ]
INFO: [ view_parse ] --START--
INFO: ParseTemplate Behavior ::run [ RunTime:0.023901s ]
INFO: [ view_parse ] --END-- [ RunTime:0.024026s ]
INFO: [ view_filter ] --START--
INFO: ContentReplace Behavior ::run [ RunTime:0.001955s ]
INFO: TokenBuild Behavior ::run [ RunTime:0.001854s ]
INFO: WriteHtmlCache Behavior ::run [ RunTime:0.001695s ]
INFO: ShowRuntime Behavior ::run [ RunTime:0.002057s ]
INFO: [ view_filter ] --END-- [ RunTime:0.007846s ]
INFO: [ view_end ] --START--
INFO: ShowPageTrace Behavior ::run [ RunTime:0.002412s ]
INFO: [ view_end ] --END-- [ RunTime:0.002514s ]

[ 2014-10-24 20:06:18 ] 113.73.234.114 /admin.php/Product/getAllProductList
INFO: [ route_check ] --START--
INFO: CheckRoute Behavior ::run [ RunTime:0.002214s ]
INFO: [ route_check ] --END-- [ RunTime:0.002307s ]
INFO: [ app_begin ] --START--
INFO: ReadHtmlCache Behavior ::run [ RunTime:0.002069s ]
INFO: [ app_begin ] --END-- [ RunTime:0.002158s ]
SQL: SHOW COLUMNS FROM `products` [ RunTime:0.006214s ]
SQL: SHOW COLUMNS FROM `procate` [ RunTime:0.006749s ]
NOTIC: [8] Undefined index:  name D:\enkjhost\mayning1\web\admin\Lib\Action\ProductAction.class.php 第 146 行.
SQL: SELECT * FROM `procate` WHERE ( pid=0 ) ORDER BY sorts asc,pid asc  [ RunTime:0.000603s ]
SQL: select count(a.id) as count from products a left join procate b on a.proid = b.id where 1=1  [ RunTime:0.000549s ]
SQL: select a.id,a.title,a.ctime,a.imgs,a.sorts,a.enable,a.state,a.proid,b.title as protitle from products a left join procate b on a.proid = b.id where 1=1  order by a.sorts desc limit 0,10 [ RunTime:0.000604s ]
INFO: [ view_parse ] --START--
INFO: ParseTemplate Behavior ::run [ RunTime:0.033274s ]
INFO: [ view_parse ] --END-- [ RunTime:0.033387s ]
INFO: [ view_filter ] --START--
INFO: ContentReplace Behavior ::run [ RunTime:0.002126s ]
INFO: TokenBuild Behavior ::run [ RunTime:0.001919s ]
INFO: WriteHtmlCache Behavior ::run [ RunTime:0.001666s ]
INFO: ShowRuntime Behavior ::run [ RunTime:0.002005s ]
INFO: [ view_filter ] --END-- [ RunTime:0.007976s ]
INFO: [ view_end ] --START--
INFO: ShowPageTrace Behavior ::run [ RunTime:0.002288s ]
INFO: [ view_end ] --END-- [ RunTime:0.002382s ]

[ 2014-10-24 20:06:19 ] 113.73.234.114 /admin.php/Product/selectChildProcate
INFO: [ route_check ] --START--
INFO: CheckRoute Behavior ::run [ RunTime:0.002787s ]
INFO: [ route_check ] --END-- [ RunTime:0.002911s ]
INFO: [ app_begin ] --START--
INFO: ReadHtmlCache Behavior ::run [ RunTime:0.002423s ]
INFO: [ app_begin ] --END-- [ RunTime:0.002521s ]
NOTIC: [8] Undefined index:  id D:\enkjhost\mayning1\web\admin\Lib\Action\ProductAction.class.php 第 253 行.
SQL: SHOW COLUMNS FROM `procate` [ RunTime:0.004847s ]
SQL: SELECT * FROM `procate` WHERE ( pid=%d )  [ RunTime:0.000225s ]
ERR: 1064:You have an error in your SQL syntax; check the manual that corresponds to your MySQL server version for the right syntax to use near '%d )' at line 1
 [ SQL语句 ] : SELECT * FROM `procate` WHERE ( pid=%d ) 

[ 2014-10-24 20:06:29 ] 113.73.234.114 /admin.php/Product/getAllProductList/p/2?name=
INFO: [ route_check ] --START--
INFO: CheckRoute Behavior ::run [ RunTime:0.002696s ]
INFO: [ route_check ] --END-- [ RunTime:0.002808s ]
INFO: [ app_begin ] --START--
INFO: ReadHtmlCache Behavior ::run [ RunTime:0.002179s ]
INFO: [ app_begin ] --END-- [ RunTime:0.002274s ]
SQL: SHOW COLUMNS FROM `products` [ RunTime:0.005118s ]
SQL: SHOW COLUMNS FROM `procate` [ RunTime:0.004158s ]
SQL: SELECT * FROM `procate` WHERE ( pid=0 ) ORDER BY sorts asc,pid asc  [ RunTime:0.000405s ]
SQL: select count(a.id) as count from products a left join procate b on a.proid = b.id where 1=1  [ RunTime:0.000380s ]
SQL: select a.id,a.title,a.ctime,a.imgs,a.sorts,a.enable,a.state,a.proid,b.title as protitle from products a left join procate b on a.proid = b.id where 1=1  order by a.sorts desc limit 10,10 [ RunTime:0.000480s ]
INFO: [ view_parse ] --START--
INFO: ParseTemplate Behavior ::run [ RunTime:0.029861s ]
INFO: [ view_parse ] --END-- [ RunTime:0.029968s ]
INFO: [ view_filter ] --START--
INFO: ContentReplace Behavior ::run [ RunTime:0.002102s ]
INFO: TokenBuild Behavior ::run [ RunTime:0.001887s ]
INFO: WriteHtmlCache Behavior ::run [ RunTime:0.001710s ]
INFO: ShowRuntime Behavior ::run [ RunTime:0.002028s ]
INFO: [ view_filter ] --END-- [ RunTime:0.007987s ]
INFO: [ view_end ] --START--
INFO: ShowPageTrace Behavior ::run [ RunTime:0.002278s ]
INFO: [ view_end ] --END-- [ RunTime:0.002373s ]

[ 2014-10-24 20:06:29 ] 113.73.234.114 /admin.php/Product/selectChildProcate
INFO: [ route_check ] --START--
INFO: CheckRoute Behavior ::run [ RunTime:0.002238s ]
INFO: [ route_check ] --END-- [ RunTime:0.002334s ]
INFO: [ app_begin ] --START--
INFO: ReadHtmlCache Behavior ::run [ RunTime:0.001820s ]
INFO: [ app_begin ] --END-- [ RunTime:0.001892s ]
NOTIC: [8] Undefined index:  id D:\enkjhost\mayning1\web\admin\Lib\Action\ProductAction.class.php 第 253 行.
SQL: SHOW COLUMNS FROM `procate` [ RunTime:0.004735s ]
SQL: SELECT * FROM `procate` WHERE ( pid=%d )  [ RunTime:0.000152s ]
ERR: 1064:You have an error in your SQL syntax; check the manual that corresponds to your MySQL server version for the right syntax to use near '%d )' at line 1
 [ SQL语句 ] : SELECT * FROM `procate` WHERE ( pid=%d ) 

[ 2014-10-24 20:06:33 ] 113.73.234.114 /admin.php/Product/getAllProductList/p/3?name=
INFO: [ route_check ] --START--
INFO: CheckRoute Behavior ::run [ RunTime:0.002678s ]
INFO: [ route_check ] --END-- [ RunTime:0.002793s ]
INFO: [ app_begin ] --START--
INFO: ReadHtmlCache Behavior ::run [ RunTime:0.002159s ]
INFO: [ app_begin ] --END-- [ RunTime:0.002252s ]
SQL: SHOW COLUMNS FROM `products` [ RunTime:0.004963s ]
SQL: SHOW COLUMNS FROM `procate` [ RunTime:0.004741s ]
SQL: SELECT * FROM `procate` WHERE ( pid=0 ) ORDER BY sorts asc,pid asc  [ RunTime:0.000475s ]
SQL: select count(a.id) as count from products a left join procate b on a.proid = b.id where 1=1  [ RunTime:0.000443s ]
SQL: select a.id,a.title,a.ctime,a.imgs,a.sorts,a.enable,a.state,a.proid,b.title as protitle from products a left join procate b on a.proid = b.id where 1=1  order by a.sorts desc limit 20,10 [ RunTime:0.000627s ]
INFO: [ view_parse ] --START--
INFO: ParseTemplate Behavior ::run [ RunTime:0.028148s ]
INFO: [ view_parse ] --END-- [ RunTime:0.028254s ]
INFO: [ view_filter ] --START--
INFO: ContentReplace Behavior ::run [ RunTime:0.002106s ]
INFO: TokenBuild Behavior ::run [ RunTime:0.002100s ]
INFO: WriteHtmlCache Behavior ::run [ RunTime:0.001887s ]
INFO: ShowRuntime Behavior ::run [ RunTime:0.002125s ]
INFO: [ view_filter ] --END-- [ RunTime:0.008490s ]
INFO: [ view_end ] --START--
INFO: ShowPageTrace Behavior ::run [ RunTime:0.002341s ]
INFO: [ view_end ] --END-- [ RunTime:0.002437s ]

[ 2014-10-24 20:06:33 ] 113.73.234.114 /admin.php/Product/selectChildProcate
INFO: [ route_check ] --START--
INFO: CheckRoute Behavior ::run [ RunTime:0.002691s ]
INFO: [ route_check ] --END-- [ RunTime:0.002791s ]
INFO: [ app_begin ] --START--
INFO: ReadHtmlCache Behavior ::run [ RunTime:0.001645s ]
INFO: [ app_begin ] --END-- [ RunTime:0.001710s ]
NOTIC: [8] Undefined index:  id D:\enkjhost\mayning1\web\admin\Lib\Action\ProductAction.class.php 第 253 行.
SQL: SHOW COLUMNS FROM `procate` [ RunTime:0.004140s ]
SQL: SELECT * FROM `procate` WHERE ( pid=%d )  [ RunTime:0.000132s ]
ERR: 1064:You have an error in your SQL syntax; check the manual that corresponds to your MySQL server version for the right syntax to use near '%d )' at line 1
 [ SQL语句 ] : SELECT * FROM `procate` WHERE ( pid=%d ) 

[ 2014-10-24 20:06:37 ] 113.73.234.114 /admin.php/Product/getAllProductList/p/4?name=
INFO: [ route_check ] --START--
INFO: CheckRoute Behavior ::run [ RunTime:0.002069s ]
INFO: [ route_check ] --END-- [ RunTime:0.002159s ]
INFO: [ app_begin ] --START--
INFO: ReadHtmlCache Behavior ::run [ RunTime:0.001826s ]
INFO: [ app_begin ] --END-- [ RunTime:0.001899s ]
SQL: SHOW COLUMNS FROM `products` [ RunTime:0.004848s ]
SQL: SHOW COLUMNS FROM `procate` [ RunTime:0.004115s ]
SQL: SELECT * FROM `procate` WHERE ( pid=0 ) ORDER BY sorts asc,pid asc  [ RunTime:0.000407s ]
SQL: select count(a.id) as count from products a left join procate b on a.proid = b.id where 1=1  [ RunTime:0.000379s ]
SQL: select a.id,a.title,a.ctime,a.imgs,a.sorts,a.enable,a.state,a.proid,b.title as protitle from products a left join procate b on a.proid = b.id where 1=1  order by a.sorts desc limit 30,10 [ RunTime:0.000592s ]
INFO: [ view_parse ] --START--
INFO: ParseTemplate Behavior ::run [ RunTime:0.024343s ]
INFO: [ view_parse ] --END-- [ RunTime:0.024425s ]
INFO: [ view_filter ] --START--
INFO: ContentReplace Behavior ::run [ RunTime:0.001303s ]
INFO: TokenBuild Behavior ::run [ RunTime:0.001176s ]
INFO: WriteHtmlCache Behavior ::run [ RunTime:0.001062s ]
INFO: ShowRuntime Behavior ::run [ RunTime:0.001259s ]
INFO: [ view_filter ] --END-- [ RunTime:0.004958s ]
INFO: [ view_end ] --START--
INFO: ShowPageTrace Behavior ::run [ RunTime:0.001422s ]
INFO: [ view_end ] --END-- [ RunTime:0.001480s ]

[ 2014-10-24 20:06:37 ] 113.73.234.114 /admin.php/Product/selectChildProcate
INFO: [ route_check ] --START--
INFO: CheckRoute Behavior ::run [ RunTime:0.002430s ]
INFO: [ route_check ] --END-- [ RunTime:0.002526s ]
INFO: [ app_begin ] --START--
INFO: ReadHtmlCache Behavior ::run [ RunTime:0.001801s ]
INFO: [ app_begin ] --END-- [ RunTime:0.001875s ]
NOTIC: [8] Undefined index:  id D:\enkjhost\mayning1\web\admin\Lib\Action\ProductAction.class.php 第 253 行.
SQL: SHOW COLUMNS FROM `procate` [ RunTime:0.004158s ]
SQL: SELECT * FROM `procate` WHERE ( pid=%d )  [ RunTime:0.000121s ]
ERR: 1064:You have an error in your SQL syntax; check the manual that corresponds to your MySQL server version for the right syntax to use near '%d )' at line 1
 [ SQL语句 ] : SELECT * FROM `procate` WHERE ( pid=%d ) 

[ 2014-10-24 20:06:43 ] 113.73.234.114 /admin.php/Product/getProductDetail?id=98
INFO: [ route_check ] --START--
INFO: CheckRoute Behavior ::run [ RunTime:0.002630s ]
INFO: [ route_check ] --END-- [ RunTime:0.002744s ]
INFO: [ app_begin ] --START--
INFO: ReadHtmlCache Behavior ::run [ RunTime:0.002161s ]
INFO: [ app_begin ] --END-- [ RunTime:0.002255s ]
SQL: SHOW COLUMNS FROM `products` [ RunTime:0.004287s ]
SQL: SHOW COLUMNS FROM `procate` [ RunTime:0.003979s ]
SQL: SELECT * FROM `products` WHERE ( id=98 ) LIMIT 1   [ RunTime:0.000311s ]
SQL: SELECT * FROM `procate` WHERE ( pid=0 )  [ RunTime:0.000229s ]
SQL: SELECT * FROM `procate` WHERE ( id=16 ) LIMIT 1   [ RunTime:0.000165s ]
INFO: [ view_parse ] --START--
INFO: ParseTemplate Behavior ::run [ RunTime:0.021231s ]
INFO: [ view_parse ] --END-- [ RunTime:0.021320s ]
INFO: [ view_filter ] --START--
INFO: ContentReplace Behavior ::run [ RunTime:0.001505s ]
INFO: TokenBuild Behavior ::run [ RunTime:0.001422s ]
INFO: WriteHtmlCache Behavior ::run [ RunTime:0.001365s ]
INFO: ShowRuntime Behavior ::run [ RunTime:0.001594s ]
INFO: [ view_filter ] --END-- [ RunTime:0.006087s ]
INFO: [ view_end ] --START--
INFO: ShowPageTrace Behavior ::run [ RunTime:0.001754s ]
INFO: [ view_end ] --END-- [ RunTime:0.001827s ]

[ 2014-10-24 20:06:43 ] 113.73.234.114 /admin.php/Product/selectChildProcate?id=10
INFO: [ route_check ] --START--
INFO: CheckRoute Behavior ::run [ RunTime:0.002228s ]
INFO: [ route_check ] --END-- [ RunTime:0.002328s ]
INFO: [ app_begin ] --START--
INFO: ReadHtmlCache Behavior ::run [ RunTime:0.001893s ]
INFO: [ app_begin ] --END-- [ RunTime:0.001992s ]
SQL: SHOW COLUMNS FROM `procate` [ RunTime:0.004903s ]
SQL: SELECT * FROM `procate` WHERE ( pid=10 )  [ RunTime:0.000329s ]

[ 2014-10-24 20:08:01 ] 113.73.234.114 /admin.php/Product/selectChildProcate
INFO: [ route_check ] --START--
INFO: CheckRoute Behavior ::run [ RunTime:0.002028s ]
INFO: [ route_check ] --END-- [ RunTime:0.002116s ]
INFO: [ app_begin ] --START--
INFO: ReadHtmlCache Behavior ::run [ RunTime:0.001649s ]
INFO: [ app_begin ] --END-- [ RunTime:0.001715s ]
NOTIC: [8] Undefined index:  id D:\enkjhost\mayning1\web\admin\Lib\Action\ProductAction.class.php 第 253 行.
SQL: SHOW COLUMNS FROM `procate` [ RunTime:0.004955s ]
SQL: SELECT * FROM `procate` WHERE ( pid=%d )  [ RunTime:0.000173s ]
ERR: 1064:You have an error in your SQL syntax; check the manual that corresponds to your MySQL server version for the right syntax to use near '%d )' at line 1
 [ SQL语句 ] : SELECT * FROM `procate` WHERE ( pid=%d ) 

[ 2014-10-24 20:08:04 ] 113.73.234.114 /admin.php/Product/getAllProductList/p/1?name=
INFO: [ route_check ] --START--
INFO: CheckRoute Behavior ::run [ RunTime:0.002736s ]
INFO: [ route_check ] --END-- [ RunTime:0.002854s ]
INFO: [ app_begin ] --START--
INFO: ReadHtmlCache Behavior ::run [ RunTime:0.002195s ]
INFO: [ app_begin ] --END-- [ RunTime:0.002291s ]
SQL: SHOW COLUMNS FROM `products` [ RunTime:0.004510s ]
SQL: SHOW COLUMNS FROM `procate` [ RunTime:0.004190s ]
SQL: SELECT * FROM `procate` WHERE ( pid=0 ) ORDER BY sorts asc,pid asc  [ RunTime:0.000397s ]
SQL: select count(a.id) as count from products a left join procate b on a.proid = b.id where 1=1  [ RunTime:0.000369s ]
SQL: select a.id,a.title,a.ctime,a.imgs,a.sorts,a.enable,a.state,a.proid,b.title as protitle from products a left join procate b on a.proid = b.id where 1=1  order by a.sorts desc limit 0,10 [ RunTime:0.000408s ]
INFO: [ view_parse ] --START--
INFO: ParseTemplate Behavior ::run [ RunTime:0.029718s ]
INFO: [ view_parse ] --END-- [ RunTime:0.029817s ]
INFO: [ view_filter ] --START--
INFO: ContentReplace Behavior ::run [ RunTime:0.002120s ]
INFO: TokenBuild Behavior ::run [ RunTime:0.001915s ]
INFO: WriteHtmlCache Behavior ::run [ RunTime:0.001712s ]
INFO: ShowRuntime Behavior ::run [ RunTime:0.002046s ]
INFO: [ view_filter ] --END-- [ RunTime:0.008045s ]
INFO: [ view_end ] --START--
INFO: ShowPageTrace Behavior ::run [ RunTime:0.002341s ]
INFO: [ view_end ] --END-- [ RunTime:0.002435s ]

[ 2014-10-24 20:08:04 ] 113.73.234.114 /admin.php/Product/selectChildProcate
INFO: [ route_check ] --START--
INFO: CheckRoute Behavior ::run [ RunTime:0.002691s ]
INFO: [ route_check ] --END-- [ RunTime:0.002802s ]
INFO: [ app_begin ] --START--
INFO: ReadHtmlCache Behavior ::run [ RunTime:0.002163s ]
INFO: [ app_begin ] --END-- [ RunTime:0.002247s ]
NOTIC: [8] Undefined index:  id D:\enkjhost\mayning1\web\admin\Lib\Action\ProductAction.class.php 第 253 行.
SQL: SHOW COLUMNS FROM `procate` [ RunTime:0.006296s ]
SQL: SELECT * FROM `procate` WHERE ( pid=%d )  [ RunTime:0.000242s ]
ERR: 1064:You have an error in your SQL syntax; check the manual that corresponds to your MySQL server version for the right syntax to use near '%d )' at line 1
 [ SQL语句 ] : SELECT * FROM `procate` WHERE ( pid=%d ) 

[ 2014-10-24 20:08:07 ] 113.73.234.114 /admin.php/Product/getAllProductList/p/2?name=
INFO: [ route_check ] --START--
INFO: CheckRoute Behavior ::run [ RunTime:0.002064s ]
INFO: [ route_check ] --END-- [ RunTime:0.002169s ]
INFO: [ app_begin ] --START--
INFO: ReadHtmlCache Behavior ::run [ RunTime:0.001364s ]
INFO: [ app_begin ] --END-- [ RunTime:0.001423s ]
SQL: SHOW COLUMNS FROM `products` [ RunTime:0.003747s ]
SQL: SHOW COLUMNS FROM `procate` [ RunTime:0.003286s ]
SQL: SELECT * FROM `procate` WHERE ( pid=0 ) ORDER BY sorts asc,pid asc  [ RunTime:0.000324s ]
SQL: select count(a.id) as count from products a left join procate b on a.proid = b.id where 1=1  [ RunTime:0.000294s ]
SQL: select a.id,a.title,a.ctime,a.imgs,a.sorts,a.enable,a.state,a.proid,b.title as protitle from products a left join procate b on a.proid = b.id where 1=1  order by a.sorts desc limit 10,10 [ RunTime:0.000373s ]
INFO: [ view_parse ] --START--
INFO: ParseTemplate Behavior ::run [ RunTime:0.019575s ]
INFO: [ view_parse ] --END-- [ RunTime:0.019654s ]
INFO: [ view_filter ] --START--
INFO: ContentReplace Behavior ::run [ RunTime:0.001392s ]
INFO: TokenBuild Behavior ::run [ RunTime:0.001187s ]
INFO: WriteHtmlCache Behavior ::run [ RunTime:0.001207s ]
INFO: ShowRuntime Behavior ::run [ RunTime:0.001314s ]
INFO: [ view_filter ] --END-- [ RunTime:0.005266s ]
INFO: [ view_end ] --START--
INFO: ShowPageTrace Behavior ::run [ RunTime:0.001430s ]
INFO: [ view_end ] --END-- [ RunTime:0.001489s ]

[ 2014-10-24 20:08:07 ] 113.73.234.114 /admin.php/Product/selectChildProcate
INFO: [ route_check ] --START--
INFO: CheckRoute Behavior ::run [ RunTime:0.002077s ]
INFO: [ route_check ] --END-- [ RunTime:0.002166s ]
INFO: [ app_begin ] --START--
INFO: ReadHtmlCache Behavior ::run [ RunTime:0.001665s ]
INFO: [ app_begin ] --END-- [ RunTime:0.001730s ]
NOTIC: [8] Undefined index:  id D:\enkjhost\mayning1\web\admin\Lib\Action\ProductAction.class.php 第 253 行.
SQL: SHOW COLUMNS FROM `procate` [ RunTime:0.004067s ]
SQL: SELECT * FROM `procate` WHERE ( pid=%d )  [ RunTime:0.000123s ]
ERR: 1064:You have an error in your SQL syntax; check the manual that corresponds to your MySQL server version for the right syntax to use near '%d )' at line 1
 [ SQL语句 ] : SELECT * FROM `procate` WHERE ( pid=%d ) 

[ 2014-10-24 20:08:09 ] 113.73.234.114 /admin.php/Product/getProductDetail?id=120
INFO: [ route_check ] --START--
INFO: CheckRoute Behavior ::run [ RunTime:0.002019s ]
INFO: [ route_check ] --END-- [ RunTime:0.002105s ]
INFO: [ app_begin ] --START--
INFO: ReadHtmlCache Behavior ::run [ RunTime:0.001660s ]
INFO: [ app_begin ] --END-- [ RunTime:0.001731s ]
SQL: SHOW COLUMNS FROM `products` [ RunTime:0.004421s ]
SQL: SHOW COLUMNS FROM `procate` [ RunTime:0.003842s ]
SQL: SELECT * FROM `products` WHERE ( id=120 ) LIMIT 1   [ RunTime:0.000303s ]
SQL: SELECT * FROM `procate` WHERE ( pid=0 )  [ RunTime:0.000228s ]
SQL: SELECT * FROM `procate` WHERE ( id=37 ) LIMIT 1   [ RunTime:0.000166s ]
INFO: [ view_parse ] --START--
INFO: ParseTemplate Behavior ::run [ RunTime:0.020810s ]
INFO: [ view_parse ] --END-- [ RunTime:0.020897s ]
INFO: [ view_filter ] --START--
INFO: ContentReplace Behavior ::run [ RunTime:0.001497s ]
INFO: TokenBuild Behavior ::run [ RunTime:0.001426s ]
INFO: WriteHtmlCache Behavior ::run [ RunTime:0.001297s ]
INFO: ShowRuntime Behavior ::run [ RunTime:0.001541s ]
INFO: [ view_filter ] --END-- [ RunTime:0.005956s ]
INFO: [ view_end ] --START--
INFO: ShowPageTrace Behavior ::run [ RunTime:0.001742s ]
INFO: [ view_end ] --END-- [ RunTime:0.001818s ]

[ 2014-10-24 20:08:10 ] 113.73.234.114 /admin.php/Product/selectChildProcate?id=10
INFO: [ route_check ] --START--
INFO: CheckRoute Behavior ::run [ RunTime:0.001997s ]
INFO: [ route_check ] --END-- [ RunTime:0.002083s ]
INFO: [ app_begin ] --START--
INFO: ReadHtmlCache Behavior ::run [ RunTime:0.001651s ]
INFO: [ app_begin ] --END-- [ RunTime:0.001715s ]
SQL: SHOW COLUMNS FROM `procate` [ RunTime:0.004136s ]
SQL: SELECT * FROM `procate` WHERE ( pid=10 )  [ RunTime:0.000279s ]

[ 2014-10-24 20:08:34 ] 113.73.234.114 /admin.php/Product/selectChildProcate
INFO: [ route_check ] --START--
INFO: CheckRoute Behavior ::run [ RunTime:0.002637s ]
INFO: [ route_check ] --END-- [ RunTime:0.002739s ]
INFO: [ app_begin ] --START--
INFO: ReadHtmlCache Behavior ::run [ RunTime:0.001859s ]
INFO: [ app_begin ] --END-- [ RunTime:0.001932s ]
NOTIC: [8] Undefined index:  id D:\enkjhost\mayning1\web\admin\Lib\Action\ProductAction.class.php 第 253 行.
SQL: SHOW COLUMNS FROM `procate` [ RunTime:0.004705s ]
SQL: SELECT * FROM `procate` WHERE ( pid=%d )  [ RunTime:0.000145s ]
ERR: 1064:You have an error in your SQL syntax; check the manual that corresponds to your MySQL server version for the right syntax to use near '%d )' at line 1
 [ SQL语句 ] : SELECT * FROM `procate` WHERE ( pid=%d ) 

[ 2014-10-24 20:13:13 ] 180.153.214.190 /admin.php/Product/getProductDetail?id=120
INFO: [ route_check ] --START--
INFO: CheckRoute Behavior ::run [ RunTime:0.002680s ]
INFO: [ route_check ] --END-- [ RunTime:0.002791s ]
INFO: [ app_begin ] --START--
INFO: ReadHtmlCache Behavior ::run [ RunTime:0.002186s ]
INFO: [ app_begin ] --END-- [ RunTime:0.002281s ]
INFO: [ view_parse ] --START--
NOTIC: [8] Undefined variable: msg D:\enkjhost\mayning1\web\admin\Runtime\Cache\ad0611526e720c6e3de471a6116ff8d5.php 第 98 行.
INFO: ParseTemplate Behavior ::run [ RunTime:0.022168s ]
INFO: [ view_parse ] --END-- [ RunTime:0.022271s ]
INFO: [ view_filter ] --START--
INFO: ContentReplace Behavior ::run [ RunTime:0.001610s ]
INFO: TokenBuild Behavior ::run [ RunTime:0.001602s ]
INFO: WriteHtmlCache Behavior ::run [ RunTime:0.001439s ]
INFO: ShowRuntime Behavior ::run [ RunTime:0.001701s ]
INFO: [ view_filter ] --END-- [ RunTime:0.006582s ]
INFO: [ view_end ] --START--
INFO: ShowPageTrace Behavior ::run [ RunTime:0.001924s ]
INFO: [ view_end ] --END-- [ RunTime:0.001998s ]
SQL: SHOW COLUMNS FROM `products` [ RunTime:0.005023s ]
SQL: SHOW COLUMNS FROM `procate` [ RunTime:0.004853s ]
SQL: SELECT * FROM `products` WHERE ( id=120 ) LIMIT 1   [ RunTime:0.000345s ]
SQL: SELECT * FROM `procate` WHERE ( pid=0 )  [ RunTime:0.000269s ]
SQL: SELECT * FROM `procate` WHERE ( id=37 ) LIMIT 1   [ RunTime:0.000234s ]
NOTIC: [8] Constant THEME_NAME already defined D:\enkjhost\mayning1\web\ThinkPHP\Lib\Core\View.class.php 第 223 行.
NOTIC: [8] Constant THEME_PATH already defined D:\enkjhost\mayning1\web\ThinkPHP\Lib\Core\View.class.php 第 174 行.
NOTIC: [8] Constant APP_TMPL_PATH already defined D:\enkjhost\mayning1\web\ThinkPHP\Lib\Core\View.class.php 第 175 行.
INFO: [ view_parse ] --START--
INFO: ParseTemplate Behavior ::run [ RunTime:0.009686s ]
INFO: [ view_parse ] --END-- [ RunTime:-0.037481s ]
INFO: [ view_filter ] --START--
INFO: ContentReplace Behavior ::run [ RunTime:0.000174s ]
INFO: TokenBuild Behavior ::run [ RunTime:0.000068s ]
INFO: WriteHtmlCache Behavior ::run [ RunTime:0.000015s ]
INFO: ShowRuntime Behavior ::run [ RunTime:0.000106s ]
INFO: [ view_filter ] --END-- [ RunTime:-0.040688s ]
INFO: [ view_end ] --START--
INFO: ShowPageTrace Behavior ::run [ RunTime:0.000052s ]
INFO: [ view_end ] --END-- [ RunTime:-0.039384s ]

[ 2014-10-24 20:19:36 ] 101.226.66.193 /admin.php/Product/getAllProductList/p/3
INFO: [ route_check ] --START--
INFO: CheckRoute Behavior ::run [ RunTime:0.002693s ]
INFO: [ route_check ] --END-- [ RunTime:0.002826s ]
INFO: [ app_begin ] --START--
INFO: ReadHtmlCache Behavior ::run [ RunTime:0.002234s ]
INFO: [ app_begin ] --END-- [ RunTime:0.002331s ]
INFO: [ view_parse ] --START--
NOTIC: [8] Undefined variable: msg D:\enkjhost\mayning1\web\admin\Runtime\Cache\ad0611526e720c6e3de471a6116ff8d5.php 第 98 行.
INFO: ParseTemplate Behavior ::run [ RunTime:0.022516s ]
INFO: [ view_parse ] --END-- [ RunTime:0.022625s ]
INFO: [ view_filter ] --START--
INFO: ContentReplace Behavior ::run [ RunTime:0.001931s ]
INFO: TokenBuild Behavior ::run [ RunTime:0.001917s ]
INFO: WriteHtmlCache Behavior ::run [ RunTime:0.001732s ]
INFO: ShowRuntime Behavior ::run [ RunTime:0.002043s ]
INFO: [ view_filter ] --END-- [ RunTime:0.007890s ]
INFO: [ view_end ] --START--
INFO: ShowPageTrace Behavior ::run [ RunTime:0.002348s ]
INFO: [ view_end ] --END-- [ RunTime:0.002438s ]
SQL: SHOW COLUMNS FROM `products` [ RunTime:0.006529s ]
SQL: SHOW COLUMNS FROM `procate` [ RunTime:0.006144s ]
NOTIC: [8] Undefined index:  name D:\enkjhost\mayning1\web\admin\Lib\Action\ProductAction.class.php 第 146 行.
SQL: SELECT * FROM `procate` WHERE ( pid=0 ) ORDER BY sorts asc,pid asc  [ RunTime:0.000564s ]
SQL: select count(a.id) as count from products a left join procate b on a.proid = b.id where 1=1  [ RunTime:0.000551s ]
SQL: select a.id,a.title,a.ctime,a.imgs,a.sorts,a.enable,a.state,a.proid,b.title as protitle from products a left join procate b on a.proid = b.id where 1=1  order by a.sorts desc limit 20,10 [ RunTime:0.000765s ]
NOTIC: [8] Constant THEME_NAME already defined D:\enkjhost\mayning1\web\ThinkPHP\Lib\Core\View.class.php 第 223 行.
NOTIC: [8] Constant THEME_PATH already defined D:\enkjhost\mayning1\web\ThinkPHP\Lib\Core\View.class.php 第 174 行.
NOTIC: [8] Constant APP_TMPL_PATH already defined D:\enkjhost\mayning1\web\ThinkPHP\Lib\Core\View.class.php 第 175 行.
INFO: [ view_parse ] --START--
INFO: ParseTemplate Behavior ::run [ RunTime:0.016830s ]
INFO: [ view_parse ] --END-- [ RunTime:-0.048650s ]
INFO: [ view_filter ] --START--
INFO: ContentReplace Behavior ::run [ RunTime:0.000330s ]
INFO: TokenBuild Behavior ::run [ RunTime:0.000085s ]
INFO: WriteHtmlCache Behavior ::run [ RunTime:0.000018s ]
INFO: ShowRuntime Behavior ::run [ RunTime:0.000135s ]
INFO: [ view_filter ] --END-- [ RunTime:-0.057712s ]
INFO: [ view_end ] --START--
INFO: ShowPageTrace Behavior ::run [ RunTime:0.000057s ]
INFO: [ view_end ] --END-- [ RunTime:-0.056239s ]

[ 2014-10-24 20:24:17 ] 180.153.206.23 /admin.php/Login/getCode
INFO: [ route_check ] --START--
INFO: CheckRoute Behavior ::run [ RunTime:0.003071s ]
INFO: [ route_check ] --END-- [ RunTime:0.003162s ]
INFO: [ app_begin ] --START--
INFO: ReadHtmlCache Behavior ::run [ RunTime:0.001531s ]
INFO: [ app_begin ] --END-- [ RunTime:0.001605s ]

[ 2014-10-24 20:24:34 ] 180.153.214.197 /admin.php/Product/getAllProductList/p/4
INFO: [ route_check ] --START--
INFO: CheckRoute Behavior ::run [ RunTime:0.002301s ]
INFO: [ route_check ] --END-- [ RunTime:0.002402s ]
INFO: [ app_begin ] --START--
INFO: ReadHtmlCache Behavior ::run [ RunTime:0.001813s ]
INFO: [ app_begin ] --END-- [ RunTime:0.001898s ]
INFO: [ view_parse ] --START--
NOTIC: [8] Undefined variable: msg D:\enkjhost\mayning1\web\admin\Runtime\Cache\ad0611526e720c6e3de471a6116ff8d5.php 第 98 行.
INFO: ParseTemplate Behavior ::run [ RunTime:0.019521s ]
INFO: [ view_parse ] --END-- [ RunTime:0.019620s ]
INFO: [ view_filter ] --START--
INFO: ContentReplace Behavior ::run [ RunTime:0.001558s ]
INFO: TokenBuild Behavior ::run [ RunTime:0.001557s ]
INFO: WriteHtmlCache Behavior ::run [ RunTime:0.002229s ]
INFO: ShowRuntime Behavior ::run [ RunTime:0.001733s ]
INFO: [ view_filter ] --END-- [ RunTime:0.007323s ]
INFO: [ view_end ] --START--
INFO: ShowPageTrace Behavior ::run [ RunTime:0.001944s ]
INFO: [ view_end ] --END-- [ RunTime:0.002024s ]
SQL: SHOW COLUMNS FROM `products` [ RunTime:0.005831s ]
SQL: SHOW COLUMNS FROM `procate` [ RunTime:0.004769s ]
NOTIC: [8] Undefined index:  name D:\enkjhost\mayning1\web\admin\Lib\Action\ProductAction.class.php 第 146 行.
SQL: SELECT * FROM `procate` WHERE ( pid=0 ) ORDER BY sorts asc,pid asc  [ RunTime:0.000469s ]
SQL: select count(a.id) as count from products a left join procate b on a.proid = b.id where 1=1  [ RunTime:0.000483s ]
SQL: select a.id,a.title,a.ctime,a.imgs,a.sorts,a.enable,a.state,a.proid,b.title as protitle from products a left join procate b on a.proid = b.id where 1=1  order by a.sorts desc limit 30,10 [ RunTime:0.000702s ]
NOTIC: [8] Constant THEME_NAME already defined D:\enkjhost\mayning1\web\ThinkPHP\Lib\Core\View.class.php 第 223 行.
NOTIC: [8] Constant THEME_PATH already defined D:\enkjhost\mayning1\web\ThinkPHP\Lib\Core\View.class.php 第 174 行.
NOTIC: [8] Constant APP_TMPL_PATH already defined D:\enkjhost\mayning1\web\ThinkPHP\Lib\Core\View.class.php 第 175 行.
INFO: [ view_parse ] --START--
INFO: ParseTemplate Behavior ::run [ RunTime:0.017151s ]
INFO: [ view_parse ] --END-- [ RunTime:-0.040664s ]
INFO: [ view_filter ] --START--
INFO: ContentReplace Behavior ::run [ RunTime:0.000326s ]
INFO: TokenBuild Behavior ::run [ RunTime:0.000086s ]
INFO: WriteHtmlCache Behavior ::run [ RunTime:0.000017s ]
INFO: ShowRuntime Behavior ::run [ RunTime:0.000133s ]
INFO: [ view_filter ] --END-- [ RunTime:-0.050609s ]
INFO: [ view_end ] --START--
INFO: ShowPageTrace Behavior ::run [ RunTime:0.000056s ]
INFO: [ view_end ] --END-- [ RunTime:-0.049568s ]

[ 2014-10-24 20:24:43 ] 180.153.214.152 /admin.php/Product/getAllProductList/p/2
INFO: [ route_check ] --START--
INFO: CheckRoute Behavior ::run [ RunTime:0.001301s ]
INFO: [ route_check ] --END-- [ RunTime:0.001364s ]
INFO: [ app_begin ] --START--
INFO: ReadHtmlCache Behavior ::run [ RunTime:0.001026s ]
INFO: [ app_begin ] --END-- [ RunTime:0.001073s ]
INFO: [ view_parse ] --START--
NOTIC: [8] Undefined variable: msg D:\enkjhost\mayning1\web\admin\Runtime\Cache\ad0611526e720c6e3de471a6116ff8d5.php 第 98 行.
INFO: ParseTemplate Behavior ::run [ RunTime:0.010115s ]
INFO: [ view_parse ] --END-- [ RunTime:0.010171s ]
INFO: [ view_filter ] --START--
INFO: ContentReplace Behavior ::run [ RunTime:0.000883s ]
INFO: TokenBuild Behavior ::run [ RunTime:0.000871s ]
INFO: WriteHtmlCache Behavior ::run [ RunTime:0.000779s ]
INFO: ShowRuntime Behavior ::run [ RunTime:0.000933s ]
INFO: [ view_filter ] --END-- [ RunTime:0.003599s ]
INFO: [ view_end ] --START--
INFO: ShowPageTrace Behavior ::run [ RunTime:0.001071s ]
INFO: [ view_end ] --END-- [ RunTime:0.001116s ]
SQL: SHOW COLUMNS FROM `products` [ RunTime:0.004692s ]
SQL: SHOW COLUMNS FROM `procate` [ RunTime:0.004364s ]
NOTIC: [8] Undefined index:  name D:\enkjhost\mayning1\web\admin\Lib\Action\ProductAction.class.php 第 146 行.
SQL: SELECT * FROM `procate` WHERE ( pid=0 ) ORDER BY sorts asc,pid asc  [ RunTime:0.000474s ]
SQL: select count(a.id) as count from products a left join procate b on a.proid = b.id where 1=1  [ RunTime:0.000451s ]
SQL: select a.id,a.title,a.ctime,a.imgs,a.sorts,a.enable,a.state,a.proid,b.title as protitle from products a left join procate b on a.proid = b.id where 1=1  order by a.sorts desc limit 10,10 [ RunTime:0.000608s ]
NOTIC: [8] Constant THEME_NAME already defined D:\enkjhost\mayning1\web\ThinkPHP\Lib\Core\View.class.php 第 223 行.
NOTIC: [8] Constant THEME_PATH already defined D:\enkjhost\mayning1\web\ThinkPHP\Lib\Core\View.class.php 第 174 行.
NOTIC: [8] Constant APP_TMPL_PATH already defined D:\enkjhost\mayning1\web\ThinkPHP\Lib\Core\View.class.php 第 175 行.
INFO: [ view_parse ] --START--
INFO: ParseTemplate Behavior ::run [ RunTime:0.015031s ]
INFO: [ view_parse ] --END-- [ RunTime:-0.029263s ]
INFO: [ view_filter ] --START--
INFO: ContentReplace Behavior ::run [ RunTime:0.000296s ]
INFO: TokenBuild Behavior ::run [ RunTime:0.000075s ]
INFO: WriteHtmlCache Behavior ::run [ RunTime:0.000014s ]
INFO: ShowRuntime Behavior ::run [ RunTime:0.000120s ]
INFO: [ view_filter ] --END-- [ RunTime:-0.040821s ]
INFO: [ view_end ] --START--
INFO: ShowPageTrace Behavior ::run [ RunTime:0.000051s ]
INFO: [ view_end ] --END-- [ RunTime:-0.040598s ]

[ 2014-10-24 20:26:02 ] 180.153.206.35 /admin.php/Login/visterlist/p/5
INFO: [ route_check ] --START--
INFO: CheckRoute Behavior ::run [ RunTime:0.001969s ]
INFO: [ route_check ] --END-- [ RunTime:0.002056s ]
INFO: [ app_begin ] --START--
INFO: ReadHtmlCache Behavior ::run [ RunTime:0.001274s ]
INFO: [ app_begin ] --END-- [ RunTime:0.001334s ]
SQL: SHOW COLUMNS FROM `visters` [ RunTime:0.003655s ]
SQL: SELECT COUNT(*) AS tp_count FROM `visters` LIMIT 1   [ RunTime:0.001951s ]
SQL: SELECT * FROM `visters` ORDER BY ctime desc LIMIT 60,15   [ RunTime:0.011705s ]
INFO: [ view_parse ] --START--
INFO: ParseTemplate Behavior ::run [ RunTime:0.016711s ]
INFO: [ view_parse ] --END-- [ RunTime:0.016790s ]
INFO: [ view_filter ] --START--
INFO: ContentReplace Behavior ::run [ RunTime:0.001151s ]
INFO: TokenBuild Behavior ::run [ RunTime:0.001100s ]
INFO: WriteHtmlCache Behavior ::run [ RunTime:0.000978s ]
INFO: ShowRuntime Behavior ::run [ RunTime:0.001181s ]
INFO: [ view_filter ] --END-- [ RunTime:0.004586s ]
INFO: [ view_end ] --START--
INFO: ShowPageTrace Behavior ::run [ RunTime:0.001354s ]
INFO: [ view_end ] --END-- [ RunTime:0.001413s ]

[ 2014-10-24 20:26:26 ] 180.153.206.34 /admin.php/Product/selectChildProcate
INFO: [ route_check ] --START--
INFO: CheckRoute Behavior ::run [ RunTime:0.002602s ]
INFO: [ route_check ] --END-- [ RunTime:0.002715s ]
INFO: [ app_begin ] --START--
INFO: ReadHtmlCache Behavior ::run [ RunTime:0.002076s ]
INFO: [ app_begin ] --END-- [ RunTime:0.002170s ]
INFO: [ view_parse ] --START--
NOTIC: [8] Undefined variable: msg D:\enkjhost\mayning1\web\admin\Runtime\Cache\ad0611526e720c6e3de471a6116ff8d5.php 第 98 行.
INFO: ParseTemplate Behavior ::run [ RunTime:0.019066s ]
INFO: [ view_parse ] --END-- [ RunTime:0.019167s ]
INFO: [ view_filter ] --START--
INFO: ContentReplace Behavior ::run [ RunTime:0.001387s ]
INFO: TokenBuild Behavior ::run [ RunTime:0.001372s ]
INFO: WriteHtmlCache Behavior ::run [ RunTime:0.001223s ]
INFO: ShowRuntime Behavior ::run [ RunTime:0.001466s ]
INFO: [ view_filter ] --END-- [ RunTime:0.005654s ]
INFO: [ view_end ] --START--
INFO: ShowPageTrace Behavior ::run [ RunTime:0.001750s ]
INFO: [ view_end ] --END-- [ RunTime:0.001818s ]
NOTIC: [8] Undefined index:  id D:\enkjhost\mayning1\web\admin\Lib\Action\ProductAction.class.php 第 253 行.
SQL: SHOW COLUMNS FROM `procate` [ RunTime:0.004177s ]
SQL: SELECT * FROM `procate` WHERE ( pid=%d )  [ RunTime:0.000124s ]
ERR: 1064:You have an error in your SQL syntax; check the manual that corresponds to your MySQL server version for the right syntax to use near '%d )' at line 1
 [ SQL语句 ] : SELECT * FROM `procate` WHERE ( pid=%d ) 

[ 2014-10-24 20:27:59 ] 180.153.206.24 /admin.php/Login/loginCount
INFO: [ route_check ] --START--
INFO: CheckRoute Behavior ::run [ RunTime:0.002592s ]
INFO: [ route_check ] --END-- [ RunTime:0.002707s ]
INFO: [ app_begin ] --START--
INFO: ReadHtmlCache Behavior ::run [ RunTime:0.002087s ]
INFO: [ app_begin ] --END-- [ RunTime:0.002182s ]
SQL: SHOW COLUMNS FROM `logincount` [ RunTime:0.005902s ]
SQL: SELECT COUNT(*) AS tp_count FROM `logincount` LIMIT 1   [ RunTime:0.000341s ]
SQL: SELECT * FROM `logincount` ORDER BY logintime desc LIMIT 0,15   [ RunTime:0.000780s ]
INFO: [ view_parse ] --START--
INFO: ParseTemplate Behavior ::run [ RunTime:0.017543s ]
INFO: [ view_parse ] --END-- [ RunTime:0.017629s ]
INFO: [ view_filter ] --START--
INFO: ContentReplace Behavior ::run [ RunTime:0.001436s ]
INFO: TokenBuild Behavior ::run [ RunTime:0.001381s ]
INFO: WriteHtmlCache Behavior ::run [ RunTime:0.001228s ]
INFO: ShowRuntime Behavior ::run [ RunTime:0.001464s ]
INFO: [ view_filter ] --END-- [ RunTime:0.005722s ]
INFO: [ view_end ] --START--
INFO: ShowPageTrace Behavior ::run [ RunTime:0.001670s ]
INFO: [ view_end ] --END-- [ RunTime:0.001745s ]

[ 2014-10-24 20:29:05 ] 180.153.214.180 /admin.php/Product/selectChildProcate?id=10
INFO: [ route_check ] --START--
INFO: CheckRoute Behavior ::run [ RunTime:0.002012s ]
INFO: [ route_check ] --END-- [ RunTime:0.002109s ]
INFO: [ app_begin ] --START--
INFO: ReadHtmlCache Behavior ::run [ RunTime:0.001588s ]
INFO: [ app_begin ] --END-- [ RunTime:0.001661s ]
INFO: [ view_parse ] --START--
NOTIC: [8] Undefined variable: msg D:\enkjhost\mayning1\web\admin\Runtime\Cache\ad0611526e720c6e3de471a6116ff8d5.php 第 98 行.
INFO: ParseTemplate Behavior ::run [ RunTime:0.016636s ]
INFO: [ view_parse ] --END-- [ RunTime:0.016727s ]
INFO: [ view_filter ] --START--
INFO: ContentReplace Behavior ::run [ RunTime:0.001557s ]
INFO: TokenBuild Behavior ::run [ RunTime:0.001440s ]
INFO: WriteHtmlCache Behavior ::run [ RunTime:0.001318s ]
INFO: ShowRuntime Behavior ::run [ RunTime:0.001556s ]
INFO: [ view_filter ] --END-- [ RunTime:0.006084s ]
INFO: [ view_end ] --START--
INFO: ShowPageTrace Behavior ::run [ RunTime:0.001897s ]
INFO: [ view_end ] --END-- [ RunTime:0.001971s ]
SQL: SHOW COLUMNS FROM `procate` [ RunTime:0.005527s ]
SQL: SELECT * FROM `procate` WHERE ( pid=10 )  [ RunTime:0.000381s ]

[ 2014-10-24 20:29:53 ] 180.153.206.16 /admin.php/Product/getAllProductList/p/1
INFO: [ route_check ] --START--
INFO: CheckRoute Behavior ::run [ RunTime:0.002327s ]
INFO: [ route_check ] --END-- [ RunTime:0.002428s ]
INFO: [ app_begin ] --START--
INFO: ReadHtmlCache Behavior ::run [ RunTime:0.001859s ]
INFO: [ app_begin ] --END-- [ RunTime:0.001945s ]
INFO: [ view_parse ] --START--
NOTIC: [8] Undefined variable: msg D:\enkjhost\mayning1\web\admin\Runtime\Cache\ad0611526e720c6e3de471a6116ff8d5.php 第 98 行.
INFO: ParseTemplate Behavior ::run [ RunTime:0.018739s ]
INFO: [ view_parse ] --END-- [ RunTime:0.018844s ]
INFO: [ view_filter ] --START--
INFO: ContentReplace Behavior ::run [ RunTime:0.001611s ]
INFO: TokenBuild Behavior ::run [ RunTime:0.001605s ]
INFO: WriteHtmlCache Behavior ::run [ RunTime:0.001465s ]
INFO: ShowRuntime Behavior ::run [ RunTime:0.001707s ]
INFO: [ view_filter ] --END-- [ RunTime:0.006630s ]
INFO: [ view_end ] --START--
INFO: ShowPageTrace Behavior ::run [ RunTime:0.001989s ]
INFO: [ view_end ] --END-- [ RunTime:0.002068s ]
SQL: SHOW COLUMNS FROM `products` [ RunTime:0.005334s ]
SQL: SHOW COLUMNS FROM `procate` [ RunTime:0.006058s ]
NOTIC: [8] Undefined index:  name D:\enkjhost\mayning1\web\admin\Lib\Action\ProductAction.class.php 第 146 行.
SQL: SELECT * FROM `procate` WHERE ( pid=0 ) ORDER BY sorts asc,pid asc  [ RunTime:0.000487s ]
SQL: select count(a.id) as count from products a left join procate b on a.proid = b.id where 1=1  [ RunTime:0.000442s ]
SQL: select a.id,a.title,a.ctime,a.imgs,a.sorts,a.enable,a.state,a.proid,b.title as protitle from products a left join procate b on a.proid = b.id where 1=1  order by a.sorts desc limit 0,10 [ RunTime:0.000500s ]
NOTIC: [8] Constant THEME_NAME already defined D:\enkjhost\mayning1\web\ThinkPHP\Lib\Core\View.class.php 第 223 行.
NOTIC: [8] Constant THEME_PATH already defined D:\enkjhost\mayning1\web\ThinkPHP\Lib\Core\View.class.php 第 174 行.
NOTIC: [8] Constant APP_TMPL_PATH already defined D:\enkjhost\mayning1\web\ThinkPHP\Lib\Core\View.class.php 第 175 行.
INFO: [ view_parse ] --START--
INFO: ParseTemplate Behavior ::run [ RunTime:0.014078s ]
INFO: [ view_parse ] --END-- [ RunTime:-0.040474s ]
INFO: [ view_filter ] --START--
INFO: ContentReplace Behavior ::run [ RunTime:0.000235s ]
INFO: TokenBuild Behavior ::run [ RunTime:0.000060s ]
INFO: WriteHtmlCache Behavior ::run [ RunTime:0.000012s ]
INFO: ShowRuntime Behavior ::run [ RunTime:0.000097s ]
INFO: [ view_filter ] --END-- [ RunTime:-0.048018s ]
INFO: [ view_end ] --START--
INFO: ShowPageTrace Behavior ::run [ RunTime:0.000042s ]
INFO: [ view_end ] --END-- [ RunTime:-0.046661s ]

[ 2014-10-24 20:30:30 ] 180.153.201.216 /admin.php/Login/visterlist/p/7
INFO: [ route_check ] --START--
INFO: CheckRoute Behavior ::run [ RunTime:0.002214s ]
INFO: [ route_check ] --END-- [ RunTime:0.002318s ]
INFO: [ app_begin ] --START--
INFO: ReadHtmlCache Behavior ::run [ RunTime:0.001645s ]
INFO: [ app_begin ] --END-- [ RunTime:0.001720s ]
SQL: SHOW COLUMNS FROM `visters` [ RunTime:0.004301s ]
SQL: SELECT COUNT(*) AS tp_count FROM `visters` LIMIT 1   [ RunTime:0.002156s ]
SQL: SELECT * FROM `visters` ORDER BY ctime desc LIMIT 90,15   [ RunTime:0.015924s ]
INFO: [ view_parse ] --START--
INFO: ParseTemplate Behavior ::run [ RunTime:0.024720s ]
INFO: [ view_parse ] --END-- [ RunTime:0.024836s ]
INFO: [ view_filter ] --START--
INFO: ContentReplace Behavior ::run [ RunTime:0.001896s ]
INFO: TokenBuild Behavior ::run [ RunTime:0.001824s ]
INFO: WriteHtmlCache Behavior ::run [ RunTime:0.001640s ]
INFO: ShowRuntime Behavior ::run [ RunTime:0.002137s ]
INFO: [ view_filter ] --END-- [ RunTime:0.007780s ]
INFO: [ view_end ] --START--
INFO: ShowPageTrace Behavior ::run [ RunTime:0.002232s ]
INFO: [ view_end ] --END-- [ RunTime:0.002330s ]

[ 2014-10-24 20:31:09 ] 112.64.235.87 /admin.php/Login/visterlist
INFO: [ route_check ] --START--
INFO: CheckRoute Behavior ::run [ RunTime:0.002665s ]
INFO: [ route_check ] --END-- [ RunTime:0.002777s ]
INFO: [ app_begin ] --START--
INFO: ReadHtmlCache Behavior ::run [ RunTime:0.002102s ]
INFO: [ app_begin ] --END-- [ RunTime:0.002196s ]
SQL: SHOW COLUMNS FROM `visters` [ RunTime:0.004081s ]
SQL: SELECT COUNT(*) AS tp_count FROM `visters` LIMIT 1   [ RunTime:0.002158s ]
SQL: SELECT * FROM `visters` ORDER BY ctime desc LIMIT 0,15   [ RunTime:0.014204s ]
INFO: [ view_parse ] --START--
INFO: ParseTemplate Behavior ::run [ RunTime:0.026284s ]
INFO: [ view_parse ] --END-- [ RunTime:0.026403s ]
INFO: [ view_filter ] --START--
INFO: ContentReplace Behavior ::run [ RunTime:0.001878s ]
INFO: TokenBuild Behavior ::run [ RunTime:0.001805s ]
INFO: WriteHtmlCache Behavior ::run [ RunTime:0.001631s ]
INFO: ShowRuntime Behavior ::run [ RunTime:0.001941s ]
INFO: [ view_filter ] --END-- [ RunTime:0.007534s ]
INFO: [ view_end ] --START--
INFO: ShowPageTrace Behavior ::run [ RunTime:0.002301s ]
INFO: [ view_end ] --END-- [ RunTime:0.002398s ]

[ 2014-10-24 20:31:17 ] 112.64.235.89 /admin.php/Product/getProductDetail?id=98
INFO: [ route_check ] --START--
INFO: CheckRoute Behavior ::run [ RunTime:0.002049s ]
INFO: [ route_check ] --END-- [ RunTime:0.002143s ]
INFO: [ app_begin ] --START--
INFO: ReadHtmlCache Behavior ::run [ RunTime:0.001618s ]
INFO: [ app_begin ] --END-- [ RunTime:0.001696s ]
INFO: [ view_parse ] --START--
NOTIC: [8] Undefined variable: msg D:\enkjhost\mayning1\web\admin\Runtime\Cache\ad0611526e720c6e3de471a6116ff8d5.php 第 98 行.
INFO: ParseTemplate Behavior ::run [ RunTime:0.015861s ]
INFO: [ view_parse ] --END-- [ RunTime:0.015955s ]
INFO: [ view_filter ] --START--
INFO: ContentReplace Behavior ::run [ RunTime:0.001458s ]
INFO: TokenBuild Behavior ::run [ RunTime:0.001389s ]
INFO: WriteHtmlCache Behavior ::run [ RunTime:0.001236s ]
INFO: ShowRuntime Behavior ::run [ RunTime:0.001484s ]
INFO: [ view_filter ] --END-- [ RunTime:0.005799s ]
INFO: [ view_end ] --START--
INFO: ShowPageTrace Behavior ::run [ RunTime:0.001688s ]
INFO: [ view_end ] --END-- [ RunTime:0.001756s ]
SQL: SHOW COLUMNS FROM `products` [ RunTime:0.004610s ]
SQL: SHOW COLUMNS FROM `procate` [ RunTime:0.004467s ]
SQL: SELECT * FROM `products` WHERE ( id=98 ) LIMIT 1   [ RunTime:0.000320s ]
SQL: SELECT * FROM `procate` WHERE ( pid=0 )  [ RunTime:0.000233s ]
SQL: SELECT * FROM `procate` WHERE ( id=16 ) LIMIT 1   [ RunTime:0.000166s ]
NOTIC: [8] Constant THEME_NAME already defined D:\enkjhost\mayning1\web\ThinkPHP\Lib\Core\View.class.php 第 223 行.
NOTIC: [8] Constant THEME_PATH already defined D:\enkjhost\mayning1\web\ThinkPHP\Lib\Core\View.class.php 第 174 行.
NOTIC: [8] Constant APP_TMPL_PATH already defined D:\enkjhost\mayning1\web\ThinkPHP\Lib\Core\View.class.php 第 175 行.
INFO: [ view_parse ] --START--
INFO: ParseTemplate Behavior ::run [ RunTime:0.010287s ]
INFO: [ view_parse ] --END-- [ RunTime:-0.033405s ]
INFO: [ view_filter ] --START--
INFO: ContentReplace Behavior ::run [ RunTime:0.000160s ]
INFO: TokenBuild Behavior ::run [ RunTime:0.000059s ]
INFO: WriteHtmlCache Behavior ::run [ RunTime:0.000013s ]
INFO: ShowRuntime Behavior ::run [ RunTime:0.000094s ]
INFO: [ view_filter ] --END-- [ RunTime:-0.037983s ]
INFO: [ view_end ] --START--
INFO: ShowPageTrace Behavior ::run [ RunTime:0.000045s ]
INFO: [ view_end ] --END-- [ RunTime:-0.036862s ]

[ 2014-10-24 20:32:25 ] 112.64.235.253 /admin.php/Login/visterlist/p/6
INFO: [ route_check ] --START--
INFO: CheckRoute Behavior ::run [ RunTime:0.002669s ]
INFO: [ route_check ] --END-- [ RunTime:0.002781s ]
INFO: [ app_begin ] --START--
INFO: ReadHtmlCache Behavior ::run [ RunTime:0.002149s ]
INFO: [ app_begin ] --END-- [ RunTime:0.002246s ]
SQL: SHOW COLUMNS FROM `visters` [ RunTime:0.004458s ]
SQL: SELECT COUNT(*) AS tp_count FROM `visters` LIMIT 1   [ RunTime:0.002178s ]
SQL: SELECT * FROM `visters` ORDER BY ctime desc LIMIT 75,15   [ RunTime:0.014568s ]
INFO: [ view_parse ] --START--
INFO: ParseTemplate Behavior ::run [ RunTime:0.021936s ]
INFO: [ view_parse ] --END-- [ RunTime:0.022040s ]
INFO: [ view_filter ] --START--
INFO: ContentReplace Behavior ::run [ RunTime:0.001922s ]
INFO: TokenBuild Behavior ::run [ RunTime:0.001862s ]
INFO: WriteHtmlCache Behavior ::run [ RunTime:0.001665s ]
INFO: ShowRuntime Behavior ::run [ RunTime:0.001992s ]
INFO: [ view_filter ] --END-- [ RunTime:0.007722s ]
INFO: [ view_end ] --START--
INFO: ShowPageTrace Behavior ::run [ RunTime:0.002249s ]
INFO: [ view_end ] --END-- [ RunTime:0.002346s ]

[ 2014-10-24 20:33:15 ] 101.226.33.223 /admin.php/Login/startlogin
INFO: [ route_check ] --START--
INFO: CheckRoute Behavior ::run [ RunTime:0.002652s ]
INFO: [ route_check ] --END-- [ RunTime:0.002764s ]
INFO: [ app_begin ] --START--
INFO: ReadHtmlCache Behavior ::run [ RunTime:0.002205s ]
INFO: [ app_begin ] --END-- [ RunTime:0.002309s ]
SQL: SHOW COLUMNS FROM `users` [ RunTime:0.003588s ]
NOTIC: [8] Undefined index:  username D:\enkjhost\mayning1\web\admin\Lib\Action\LoginAction.class.php 第 90 行.
NOTIC: [8] Undefined index:  password D:\enkjhost\mayning1\web\admin\Lib\Action\LoginAction.class.php 第 91 行.
NOTIC: [8] Undefined index:  checkcode D:\enkjhost\mayning1\web\admin\Lib\Action\LoginAction.class.php 第 92 行.
SQL: SELECT * FROM `users` WHERE ( username = '%s'  ) LIMIT 1   [ RunTime:0.000233s ]
NOTIC: [8] Use of undefined constant res - assumed 'res' D:\enkjhost\mayning1\web\admin\Lib\Action\LoginAction.class.php 第 102 行.
NOTIC: [8] Undefined variable: str D:\enkjhost\mayning1\web\admin\Lib\Action\UtilAction.class.php 第 56 行.
INFO: [ view_parse ] --START--
INFO: ParseTemplate Behavior ::run [ RunTime:0.017990s ]
INFO: [ view_parse ] --END-- [ RunTime:0.018097s ]
INFO: [ view_filter ] --START--
INFO: ContentReplace Behavior ::run [ RunTime:0.001987s ]
INFO: TokenBuild Behavior ::run [ RunTime:0.002025s ]
INFO: WriteHtmlCache Behavior ::run [ RunTime:0.001682s ]
INFO: ShowRuntime Behavior ::run [ RunTime:0.001968s ]
INFO: [ view_filter ] --END-- [ RunTime:0.007916s ]
INFO: [ view_end ] --START--
INFO: ShowPageTrace Behavior ::run [ RunTime:0.002258s ]
INFO: [ view_end ] --END-- [ RunTime:0.002347s ]

[ 2014-10-24 20:37:18 ] 112.65.193.13 /admin.php/Product/getAllProductList
INFO: [ route_check ] --START--
INFO: CheckRoute Behavior ::run [ RunTime:0.002090s ]
INFO: [ route_check ] --END-- [ RunTime:0.002190s ]
INFO: [ app_begin ] --START--
INFO: ReadHtmlCache Behavior ::run [ RunTime:0.001653s ]
INFO: [ app_begin ] --END-- [ RunTime:0.001725s ]
INFO: [ view_parse ] --START--
NOTIC: [8] Undefined variable: msg D:\enkjhost\mayning1\web\admin\Runtime\Cache\ad0611526e720c6e3de471a6116ff8d5.php 第 98 行.
INFO: ParseTemplate Behavior ::run [ RunTime:0.024350s ]
INFO: [ view_parse ] --END-- [ RunTime:0.024459s ]
INFO: [ view_filter ] --START--
INFO: ContentReplace Behavior ::run [ RunTime:0.001846s ]
INFO: TokenBuild Behavior ::run [ RunTime:0.001930s ]
INFO: WriteHtmlCache Behavior ::run [ RunTime:0.001687s ]
INFO: ShowRuntime Behavior ::run [ RunTime:0.002021s ]
INFO: [ view_filter ] --END-- [ RunTime:0.007761s ]
INFO: [ view_end ] --START--
INFO: ShowPageTrace Behavior ::run [ RunTime:0.002269s ]
INFO: [ view_end ] --END-- [ RunTime:0.002357s ]
SQL: SHOW COLUMNS FROM `products` [ RunTime:0.006635s ]
SQL: SHOW COLUMNS FROM `procate` [ RunTime:0.005628s ]
NOTIC: [8] Undefined index:  name D:\enkjhost\mayning1\web\admin\Lib\Action\ProductAction.class.php 第 146 行.
SQL: SELECT * FROM `procate` WHERE ( pid=0 ) ORDER BY sorts asc,pid asc  [ RunTime:0.000524s ]
SQL: select count(a.id) as count from products a left join procate b on a.proid = b.id where 1=1  [ RunTime:0.000512s ]
SQL: select a.id,a.title,a.ctime,a.imgs,a.sorts,a.enable,a.state,a.proid,b.title as protitle from products a left join procate b on a.proid = b.id where 1=1  order by a.sorts desc limit 0,10 [ RunTime:0.000567s ]
NOTIC: [8] Constant THEME_NAME already defined D:\enkjhost\mayning1\web\ThinkPHP\Lib\Core\View.class.php 第 223 行.
NOTIC: [8] Constant THEME_PATH already defined D:\enkjhost\mayning1\web\ThinkPHP\Lib\Core\View.class.php 第 174 行.
NOTIC: [8] Constant APP_TMPL_PATH already defined D:\enkjhost\mayning1\web\ThinkPHP\Lib\Core\View.class.php 第 175 行.
INFO: [ view_parse ] --START--
INFO: ParseTemplate Behavior ::run [ RunTime:0.018768s ]
INFO: [ view_parse ] --END-- [ RunTime:-0.045470s ]
INFO: [ view_filter ] --START--
INFO: ContentReplace Behavior ::run [ RunTime:0.000332s ]
INFO: TokenBuild Behavior ::run [ RunTime:0.000084s ]
INFO: WriteHtmlCache Behavior ::run [ RunTime:0.000017s ]
INFO: ShowRuntime Behavior ::run [ RunTime:0.000166s ]
INFO: [ view_filter ] --END-- [ RunTime:-0.056621s ]
INFO: [ view_end ] --START--
INFO: ShowPageTrace Behavior ::run [ RunTime:0.000057s ]
INFO: [ view_end ] --END-- [ RunTime:-0.055263s ]

