[ 2015-02-08T02:21:04+08:00 ] 5.45.64.205 /admin.php
INFO: [ app_begin ] --START--
INFO: ReadHtmlCache Behavior ::run [ RunTime:0.003336s ]
INFO: [ app_begin ] --END-- [ RunTime:0.003448s ]
INFO: [ view_parse ] --START--
NOTIC: [8] Undefined variable: msg D:\enkjhost\mayning1\web\admin\Runtime\Cache\ad0611526e720c6e3de471a6116ff8d5.php 第 98 行.
INFO: ParseTemplate Behavior ::run [ RunTime:0.027227s ]
INFO: [ view_parse ] --END-- [ RunTime:0.027326s ]
INFO: [ view_filter ] --START--
INFO: ContentReplace Behavior ::run [ RunTime:0.002798s ]
INFO: TokenBuild Behavior ::run [ RunTime:0.002870s ]
INFO: WriteHtmlCache Behavior ::run [ RunTime:0.002651s ]
INFO: ShowRuntime Behavior ::run [ RunTime:0.003120s ]
INFO: [ view_filter ] --END-- [ RunTime:0.011705s ]
INFO: [ view_end ] --START--
INFO: ShowPageTrace Behavior ::run [ RunTime:0.003521s ]
INFO: [ view_end ] --END-- [ RunTime:0.003609s ]

[ 2015-02-08 02:21:04 ] 5.45.64.205 /admin.php/Login/startlogin
INFO: [ route_check ] --START--
INFO: CheckRoute Behavior ::run [ RunTime:0.004187s ]
INFO: [ route_check ] --END-- [ RunTime:0.004303s ]
INFO: [ app_begin ] --START--
INFO: ReadHtmlCache Behavior ::run [ RunTime:0.002089s ]
INFO: [ app_begin ] --END-- [ RunTime:0.002183s ]
SQL: SHOW COLUMNS FROM `users` [ RunTime:0.007103s ]
SQL: SELECT * FROM `users` WHERE ( username = 'admin'  ) LIMIT 1   [ RunTime:0.000351s ]
NOTIC: [8] Use of undefined constant res - assumed 'res' D:\enkjhost\mayning1\web\admin\Lib\Action\LoginAction.class.php 第 102 行.
NOTIC: [8] Undefined variable: char D:\enkjhost\mayning1\web\admin\Lib\Action\UtilAction.class.php 第 49 行.
NOTIC: [8] Undefined variable: str D:\enkjhost\mayning1\web\admin\Lib\Action\UtilAction.class.php 第 54 行.
INFO: [ view_parse ] --START--
INFO: ParseTemplate Behavior ::run [ RunTime:0.019903s ]
INFO: [ view_parse ] --END-- [ RunTime:0.020021s ]
INFO: [ view_filter ] --START--
INFO: ContentReplace Behavior ::run [ RunTime:0.001783s ]
INFO: TokenBuild Behavior ::run [ RunTime:0.002849s ]
INFO: WriteHtmlCache Behavior ::run [ RunTime:0.001710s ]
INFO: ShowRuntime Behavior ::run [ RunTime:0.001949s ]
INFO: [ view_filter ] --END-- [ RunTime:0.008569s ]
INFO: [ view_end ] --START--
INFO: ShowPageTrace Behavior ::run [ RunTime:0.002215s ]
INFO: [ view_end ] --END-- [ RunTime:0.002302s ]

[ 2015-02-08T07:33:43+08:00 ] 5.45.64.205 /admin.php
INFO: [ app_begin ] --START--
INFO: ReadHtmlCache Behavior ::run [ RunTime:0.002698s ]
INFO: [ app_begin ] --END-- [ RunTime:0.002783s ]
INFO: [ view_parse ] --START--
NOTIC: [8] Undefined variable: msg D:\enkjhost\mayning1\web\admin\Runtime\Cache\ad0611526e720c6e3de471a6116ff8d5.php 第 98 行.
INFO: ParseTemplate Behavior ::run [ RunTime:0.030031s ]
INFO: [ view_parse ] --END-- [ RunTime:0.030116s ]
INFO: [ view_filter ] --START--
INFO: ContentReplace Behavior ::run [ RunTime:0.002916s ]
INFO: TokenBuild Behavior ::run [ RunTime:0.003015s ]
INFO: WriteHtmlCache Behavior ::run [ RunTime:0.002708s ]
INFO: ShowRuntime Behavior ::run [ RunTime:0.003209s ]
INFO: [ view_filter ] --END-- [ RunTime:0.012105s ]
INFO: [ view_end ] --START--
INFO: ShowPageTrace Behavior ::run [ RunTime:0.003650s ]
INFO: [ view_end ] --END-- [ RunTime:0.003737s ]

[ 2015-02-08 07:33:43 ] 5.45.64.205 /admin.php/Login/startlogin
INFO: [ route_check ] --START--
INFO: CheckRoute Behavior ::run [ RunTime:0.003445s ]
INFO: [ route_check ] --END-- [ RunTime:0.003532s ]
INFO: [ app_begin ] --START--
INFO: ReadHtmlCache Behavior ::run [ RunTime:0.001686s ]
INFO: [ app_begin ] --END-- [ RunTime:0.001757s ]
SQL: SHOW COLUMNS FROM `users` [ RunTime:0.008859s ]
SQL: SELECT * FROM `users` WHERE ( username = 'admin'  ) LIMIT 1   [ RunTime:0.000352s ]
NOTIC: [8] Use of undefined constant res - assumed 'res' D:\enkjhost\mayning1\web\admin\Lib\Action\LoginAction.class.php 第 102 行.
NOTIC: [8] Undefined variable: char D:\enkjhost\mayning1\web\admin\Lib\Action\UtilAction.class.php 第 49 行.
NOTIC: [8] Undefined variable: str D:\enkjhost\mayning1\web\admin\Lib\Action\UtilAction.class.php 第 54 行.
INFO: [ view_parse ] --START--
INFO: ParseTemplate Behavior ::run [ RunTime:0.020547s ]
INFO: [ view_parse ] --END-- [ RunTime:0.020662s ]
INFO: [ view_filter ] --START--
INFO: ContentReplace Behavior ::run [ RunTime:0.001898s ]
INFO: TokenBuild Behavior ::run [ RunTime:0.001914s ]
INFO: WriteHtmlCache Behavior ::run [ RunTime:0.001730s ]
INFO: ShowRuntime Behavior ::run [ RunTime:0.002073s ]
INFO: [ view_filter ] --END-- [ RunTime:0.007883s ]
INFO: [ view_end ] --START--
INFO: ShowPageTrace Behavior ::run [ RunTime:0.002314s ]
INFO: [ view_end ] --END-- [ RunTime:0.002400s ]

[ 2015-02-08T12:42:38+08:00 ] 5.45.64.205 /admin.php
INFO: [ app_begin ] --START--
INFO: ReadHtmlCache Behavior ::run [ RunTime:0.001703s ]
INFO: [ app_begin ] --END-- [ RunTime:0.001766s ]
INFO: [ view_parse ] --START--
NOTIC: [8] Undefined variable: msg D:\enkjhost\mayning1\web\admin\Runtime\Cache\ad0611526e720c6e3de471a6116ff8d5.php 第 98 行.
INFO: ParseTemplate Behavior ::run [ RunTime:0.023138s ]
INFO: [ view_parse ] --END-- [ RunTime:0.023197s ]
INFO: [ view_filter ] --START--
INFO: ContentReplace Behavior ::run [ RunTime:0.001642s ]
INFO: TokenBuild Behavior ::run [ RunTime:0.001776s ]
INFO: WriteHtmlCache Behavior ::run [ RunTime:0.001570s ]
INFO: ShowRuntime Behavior ::run [ RunTime:0.001864s ]
INFO: [ view_filter ] --END-- [ RunTime:0.007007s ]
INFO: [ view_end ] --START--
INFO: ShowPageTrace Behavior ::run [ RunTime:0.002141s ]
INFO: [ view_end ] --END-- [ RunTime:0.002195s ]

[ 2015-02-08 12:42:39 ] 5.45.64.205 /admin.php/Login/startlogin
INFO: [ route_check ] --START--
INFO: CheckRoute Behavior ::run [ RunTime:0.003452s ]
INFO: [ route_check ] --END-- [ RunTime:0.003552s ]
INFO: [ app_begin ] --START--
INFO: ReadHtmlCache Behavior ::run [ RunTime:0.001613s ]
INFO: [ app_begin ] --END-- [ RunTime:0.001686s ]
SQL: SHOW COLUMNS FROM `users` [ RunTime:0.007179s ]
SQL: SELECT * FROM `users` WHERE ( username = 'admin'  ) LIMIT 1   [ RunTime:0.000361s ]
NOTIC: [8] Use of undefined constant res - assumed 'res' D:\enkjhost\mayning1\web\admin\Lib\Action\LoginAction.class.php 第 102 行.
NOTIC: [8] Undefined variable: char D:\enkjhost\mayning1\web\admin\Lib\Action\UtilAction.class.php 第 49 行.
NOTIC: [8] Undefined variable: str D:\enkjhost\mayning1\web\admin\Lib\Action\UtilAction.class.php 第 54 行.
INFO: [ view_parse ] --START--
INFO: ParseTemplate Behavior ::run [ RunTime:0.020164s ]
INFO: [ view_parse ] --END-- [ RunTime:0.020281s ]
INFO: [ view_filter ] --START--
INFO: ContentReplace Behavior ::run [ RunTime:0.001781s ]
INFO: TokenBuild Behavior ::run [ RunTime:0.001827s ]
INFO: WriteHtmlCache Behavior ::run [ RunTime:0.001630s ]
INFO: ShowRuntime Behavior ::run [ RunTime:0.001934s ]
INFO: [ view_filter ] --END-- [ RunTime:0.007444s ]
INFO: [ view_end ] --START--
INFO: ShowPageTrace Behavior ::run [ RunTime:0.002208s ]
INFO: [ view_end ] --END-- [ RunTime:0.002297s ]

[ 2015-02-08 17:29:10 ] 113.73.237.198 /admin.php/Login/startlogin
INFO: [ route_check ] --START--
INFO: CheckRoute Behavior ::run [ RunTime:0.001883s ]
INFO: [ route_check ] --END-- [ RunTime:0.001937s ]
INFO: [ app_begin ] --START--
INFO: ReadHtmlCache Behavior ::run [ RunTime:0.001488s ]
INFO: [ app_begin ] --END-- [ RunTime:0.001531s ]
SQL: SHOW COLUMNS FROM `users` [ RunTime:0.003935s ]
NOTIC: [8] Undefined index:  username D:\enkjhost\mayning1\web\admin\Lib\Action\LoginAction.class.php 第 90 行.
NOTIC: [8] Undefined index:  password D:\enkjhost\mayning1\web\admin\Lib\Action\LoginAction.class.php 第 91 行.
NOTIC: [8] Undefined index:  checkcode D:\enkjhost\mayning1\web\admin\Lib\Action\LoginAction.class.php 第 92 行.
SQL: SELECT * FROM `users` WHERE ( username = '%s'  ) LIMIT 1   [ RunTime:0.000174s ]
NOTIC: [8] Use of undefined constant res - assumed 'res' D:\enkjhost\mayning1\web\admin\Lib\Action\LoginAction.class.php 第 102 行.
NOTIC: [8] Undefined variable: str D:\enkjhost\mayning1\web\admin\Lib\Action\UtilAction.class.php 第 56 行.
INFO: [ view_parse ] --START--
INFO: ParseTemplate Behavior ::run [ RunTime:0.016994s ]
INFO: [ view_parse ] --END-- [ RunTime:0.017055s ]
INFO: [ view_filter ] --START--
INFO: ContentReplace Behavior ::run [ RunTime:0.000856s ]
INFO: TokenBuild Behavior ::run [ RunTime:0.001359s ]
INFO: WriteHtmlCache Behavior ::run [ RunTime:0.001251s ]
INFO: ShowRuntime Behavior ::run [ RunTime:0.001377s ]
INFO: [ view_filter ] --END-- [ RunTime:0.004973s ]
INFO: [ view_end ] --START--
INFO: ShowPageTrace Behavior ::run [ RunTime:0.001685s ]
INFO: [ view_end ] --END-- [ RunTime:0.001726s ]

[ 2015-02-08 17:29:10 ] 113.73.237.198 /admin.php/Login/getCode
INFO: [ route_check ] --START--
INFO: CheckRoute Behavior ::run [ RunTime:0.002069s ]
INFO: [ route_check ] --END-- [ RunTime:0.002156s ]
INFO: [ app_begin ] --START--
INFO: ReadHtmlCache Behavior ::run [ RunTime:0.001698s ]
INFO: [ app_begin ] --END-- [ RunTime:0.001771s ]

[ 2015-02-08 17:29:18 ] 113.73.237.198 /admin.php/Login/checkCode
INFO: [ route_check ] --START--
INFO: CheckRoute Behavior ::run [ RunTime:0.002317s ]
INFO: [ route_check ] --END-- [ RunTime:0.002413s ]
INFO: [ app_begin ] --START--
INFO: ReadHtmlCache Behavior ::run [ RunTime:0.001885s ]
INFO: [ app_begin ] --END-- [ RunTime:0.001957s ]

[ 2015-02-08 17:29:19 ] 113.73.237.198 /admin.php/Login/startlogin
INFO: [ route_check ] --START--
INFO: CheckRoute Behavior ::run [ RunTime:0.002740s ]
INFO: [ route_check ] --END-- [ RunTime:0.002848s ]
INFO: [ app_begin ] --START--
INFO: ReadHtmlCache Behavior ::run [ RunTime:0.002234s ]
INFO: [ app_begin ] --END-- [ RunTime:0.002330s ]
SQL: SHOW COLUMNS FROM `users` [ RunTime:0.005445s ]
SQL: SELECT * FROM `users` WHERE ( username = 'mayning'  ) LIMIT 1   [ RunTime:0.000307s ]
NOTIC: [8] Use of undefined constant res - assumed 'res' D:\enkjhost\mayning1\web\admin\Lib\Action\LoginAction.class.php 第 102 行.
NOTIC: [8] Undefined variable: char D:\enkjhost\mayning1\web\admin\Lib\Action\UtilAction.class.php 第 49 行.
NOTIC: [8] Undefined variable: str D:\enkjhost\mayning1\web\admin\Lib\Action\UtilAction.class.php 第 54 行.
SQL: SHOW COLUMNS FROM `logincount` [ RunTime:0.009016s ]
SQL: INSERT INTO `logincount` (`username`,`logintime`,`loginip`,`notes`) VALUES ('mayning','2015-02-08 17:29','113.73.237.198','中国 广东 中山、Windows简体中文系统、Chrome浏览器、') [ RunTime:0.008978s ]
SQL: UPDATE `users` SET `lastlogin`='2015-02-08 17:29' WHERE ( id=5 ) [ RunTime:0.011027s ]
INFO: [ view_parse ] --START--
INFO: ParseTemplate Behavior ::run [ RunTime:0.038046s ]
INFO: [ view_parse ] --END-- [ RunTime:0.038179s ]
INFO: [ view_filter ] --START--
INFO: ContentReplace Behavior ::run [ RunTime:0.002027s ]
INFO: TokenBuild Behavior ::run [ RunTime:0.002003s ]
INFO: WriteHtmlCache Behavior ::run [ RunTime:0.001814s ]
INFO: ShowRuntime Behavior ::run [ RunTime:0.002151s ]
INFO: [ view_filter ] --END-- [ RunTime:0.008280s ]
INFO: [ view_end ] --START--
INFO: ShowPageTrace Behavior ::run [ RunTime:0.002437s ]
INFO: [ view_end ] --END-- [ RunTime:0.002536s ]

[ 2015-02-08 17:29:19 ] 113.73.237.198 /admin.php/Login/loginCount
INFO: [ route_check ] --START--
INFO: CheckRoute Behavior ::run [ RunTime:0.002091s ]
INFO: [ route_check ] --END-- [ RunTime:0.002182s ]
INFO: [ app_begin ] --START--
INFO: ReadHtmlCache Behavior ::run [ RunTime:0.002847s ]
INFO: [ app_begin ] --END-- [ RunTime:0.002923s ]
SQL: SHOW COLUMNS FROM `logincount` [ RunTime:0.005060s ]
SQL: SELECT COUNT(*) AS tp_count FROM `logincount` LIMIT 1   [ RunTime:0.000363s ]
SQL: SELECT * FROM `logincount` ORDER BY logintime desc LIMIT 0,15   [ RunTime:0.000861s ]
INFO: [ view_parse ] --START--
INFO: ParseTemplate Behavior ::run [ RunTime:0.021267s ]
INFO: [ view_parse ] --END-- [ RunTime:0.021364s ]
INFO: [ view_filter ] --START--
INFO: ContentReplace Behavior ::run [ RunTime:0.001721s ]
INFO: TokenBuild Behavior ::run [ RunTime:0.001665s ]
INFO: WriteHtmlCache Behavior ::run [ RunTime:0.001499s ]
INFO: ShowRuntime Behavior ::run [ RunTime:0.001766s ]
INFO: [ view_filter ] --END-- [ RunTime:0.006889s ]
INFO: [ view_end ] --START--
INFO: ShowPageTrace Behavior ::run [ RunTime:0.001998s ]
INFO: [ view_end ] --END-- [ RunTime:0.002080s ]

[ 2015-02-08 17:29:21 ] 113.73.237.198 /admin.php/Login/visterlist
INFO: [ route_check ] --START--
INFO: CheckRoute Behavior ::run [ RunTime:0.002739s ]
INFO: [ route_check ] --END-- [ RunTime:0.002852s ]
INFO: [ app_begin ] --START--
INFO: ReadHtmlCache Behavior ::run [ RunTime:0.002272s ]
INFO: [ app_begin ] --END-- [ RunTime:0.002374s ]
SQL: SHOW COLUMNS FROM `visters` [ RunTime:0.006147s ]
SQL: SELECT COUNT(*) AS tp_count FROM `visters` LIMIT 1   [ RunTime:0.004589s ]
SQL: SELECT * FROM `visters` ORDER BY ctime desc LIMIT 0,15   [ RunTime:0.029756s ]
INFO: [ view_parse ] --START--
INFO: ParseTemplate Behavior ::run [ RunTime:0.026941s ]
INFO: [ view_parse ] --END-- [ RunTime:0.027055s ]
INFO: [ view_filter ] --START--
INFO: ContentReplace Behavior ::run [ RunTime:0.002035s ]
INFO: TokenBuild Behavior ::run [ RunTime:0.003111s ]
INFO: WriteHtmlCache Behavior ::run [ RunTime:0.001896s ]
INFO: ShowRuntime Behavior ::run [ RunTime:0.002139s ]
INFO: [ view_filter ] --END-- [ RunTime:0.009473s ]
INFO: [ view_end ] --START--
INFO: ShowPageTrace Behavior ::run [ RunTime:0.002515s ]
INFO: [ view_end ] --END-- [ RunTime:0.002615s ]

[ 2015-02-08 17:29:33 ] 113.73.237.198 /admin.php/Login/visterlist/p/2
INFO: [ route_check ] --START--
INFO: CheckRoute Behavior ::run [ RunTime:0.002731s ]
INFO: [ route_check ] --END-- [ RunTime:0.002833s ]
INFO: [ app_begin ] --START--
INFO: ReadHtmlCache Behavior ::run [ RunTime:0.001709s ]
INFO: [ app_begin ] --END-- [ RunTime:0.001783s ]
SQL: SHOW COLUMNS FROM `visters` [ RunTime:0.005482s ]
SQL: SELECT COUNT(*) AS tp_count FROM `visters` LIMIT 1   [ RunTime:0.004220s ]
SQL: SELECT * FROM `visters` ORDER BY ctime desc LIMIT 15,15   [ RunTime:0.028467s ]
INFO: [ view_parse ] --START--
INFO: ParseTemplate Behavior ::run [ RunTime:0.027177s ]
INFO: [ view_parse ] --END-- [ RunTime:0.027295s ]
INFO: [ view_filter ] --START--
INFO: ContentReplace Behavior ::run [ RunTime:0.002060s ]
INFO: TokenBuild Behavior ::run [ RunTime:0.001993s ]
INFO: WriteHtmlCache Behavior ::run [ RunTime:0.001825s ]
INFO: ShowRuntime Behavior ::run [ RunTime:0.002116s ]
INFO: [ view_filter ] --END-- [ RunTime:0.008284s ]
INFO: [ view_end ] --START--
INFO: ShowPageTrace Behavior ::run [ RunTime:0.002372s ]
INFO: [ view_end ] --END-- [ RunTime:0.002473s ]

[ 2015-02-08 17:31:54 ] 119.147.146.189 /admin.php/Login/loginCount
INFO: [ route_check ] --START--
INFO: CheckRoute Behavior ::run [ RunTime:0.002720s ]
INFO: [ route_check ] --END-- [ RunTime:0.002834s ]
INFO: [ app_begin ] --START--
INFO: ReadHtmlCache Behavior ::run [ RunTime:0.002312s ]
INFO: [ app_begin ] --END-- [ RunTime:0.002409s ]
SQL: SHOW COLUMNS FROM `logincount` [ RunTime:0.005175s ]
SQL: SELECT COUNT(*) AS tp_count FROM `logincount` LIMIT 1   [ RunTime:0.000344s ]
SQL: SELECT * FROM `logincount` ORDER BY logintime desc LIMIT 0,15   [ RunTime:0.000837s ]
INFO: [ view_parse ] --START--
INFO: ParseTemplate Behavior ::run [ RunTime:0.020861s ]
INFO: [ view_parse ] --END-- [ RunTime:0.020963s ]
INFO: [ view_filter ] --START--
INFO: ContentReplace Behavior ::run [ RunTime:0.002105s ]
INFO: TokenBuild Behavior ::run [ RunTime:0.003101s ]
INFO: WriteHtmlCache Behavior ::run [ RunTime:0.001877s ]
INFO: ShowRuntime Behavior ::run [ RunTime:0.003301s ]
INFO: [ view_filter ] --END-- [ RunTime:0.010675s ]
INFO: [ view_end ] --START--
INFO: ShowPageTrace Behavior ::run [ RunTime:0.002478s ]
INFO: [ view_end ] --END-- [ RunTime:0.002576s ]

[ 2015-02-08 17:32:38 ] 180.153.206.32 /admin.php/Login/getCode
INFO: [ route_check ] --START--
INFO: CheckRoute Behavior ::run [ RunTime:0.002748s ]
INFO: [ route_check ] --END-- [ RunTime:0.002862s ]
INFO: [ app_begin ] --START--
INFO: ReadHtmlCache Behavior ::run [ RunTime:0.001888s ]
INFO: [ app_begin ] --END-- [ RunTime:0.001971s ]

[ 2015-02-08 17:32:51 ] 101.226.51.227 /admin.php/Login/startlogin
INFO: [ route_check ] --START--
INFO: CheckRoute Behavior ::run [ RunTime:0.002073s ]
INFO: [ route_check ] --END-- [ RunTime:0.002160s ]
INFO: [ app_begin ] --START--
INFO: ReadHtmlCache Behavior ::run [ RunTime:0.001699s ]
INFO: [ app_begin ] --END-- [ RunTime:0.001773s ]
SQL: SHOW COLUMNS FROM `users` [ RunTime:0.005362s ]
NOTIC: [8] Undefined index:  username D:\enkjhost\mayning1\web\admin\Lib\Action\LoginAction.class.php 第 90 行.
NOTIC: [8] Undefined index:  password D:\enkjhost\mayning1\web\admin\Lib\Action\LoginAction.class.php 第 91 行.
NOTIC: [8] Undefined index:  checkcode D:\enkjhost\mayning1\web\admin\Lib\Action\LoginAction.class.php 第 92 行.
SQL: SELECT * FROM `users` WHERE ( username = '%s'  ) LIMIT 1   [ RunTime:0.000286s ]
NOTIC: [8] Use of undefined constant res - assumed 'res' D:\enkjhost\mayning1\web\admin\Lib\Action\LoginAction.class.php 第 102 行.
NOTIC: [8] Undefined variable: str D:\enkjhost\mayning1\web\admin\Lib\Action\UtilAction.class.php 第 56 行.
INFO: [ view_parse ] --START--
INFO: ParseTemplate Behavior ::run [ RunTime:0.024971s ]
INFO: [ view_parse ] --END-- [ RunTime:0.025065s ]
INFO: [ view_filter ] --START--
INFO: ContentReplace Behavior ::run [ RunTime:0.001509s ]
INFO: TokenBuild Behavior ::run [ RunTime:0.002430s ]
INFO: WriteHtmlCache Behavior ::run [ RunTime:0.001435s ]
INFO: ShowRuntime Behavior ::run [ RunTime:0.001602s ]
INFO: [ view_filter ] --END-- [ RunTime:0.007173s ]
INFO: [ view_end ] --START--
INFO: ShowPageTrace Behavior ::run [ RunTime:0.002049s ]
INFO: [ view_end ] --END-- [ RunTime:0.002122s ]

[ 2015-02-08 17:34:43 ] 101.226.66.173 /admin.php/Login/visterlist
INFO: [ route_check ] --START--
INFO: CheckRoute Behavior ::run [ RunTime:0.002306s ]
INFO: [ route_check ] --END-- [ RunTime:0.002402s ]
INFO: [ app_begin ] --START--
INFO: ReadHtmlCache Behavior ::run [ RunTime:0.001898s ]
INFO: [ app_begin ] --END-- [ RunTime:0.001980s ]
SQL: SHOW COLUMNS FROM `visters` [ RunTime:0.005702s ]
SQL: SELECT COUNT(*) AS tp_count FROM `visters` LIMIT 1   [ RunTime:0.004773s ]
SQL: SELECT * FROM `visters` ORDER BY ctime desc LIMIT 0,15   [ RunTime:0.034088s ]
INFO: [ view_parse ] --START--
INFO: ParseTemplate Behavior ::run [ RunTime:0.025475s ]
INFO: [ view_parse ] --END-- [ RunTime:0.025593s ]
INFO: [ view_filter ] --START--
INFO: ContentReplace Behavior ::run [ RunTime:0.002030s ]
INFO: TokenBuild Behavior ::run [ RunTime:0.002971s ]
INFO: WriteHtmlCache Behavior ::run [ RunTime:0.001843s ]
INFO: ShowRuntime Behavior ::run [ RunTime:0.002128s ]
INFO: [ view_filter ] --END-- [ RunTime:0.009261s ]
INFO: [ view_end ] --START--
INFO: ShowPageTrace Behavior ::run [ RunTime:0.002405s ]
INFO: [ view_end ] --END-- [ RunTime:0.002504s ]

[ 2015-02-08 17:36:26 ] 101.226.33.206 /admin.php/Login/loginCount
INFO: [ route_check ] --START--
INFO: CheckRoute Behavior ::run [ RunTime:0.002747s ]
INFO: [ route_check ] --END-- [ RunTime:0.002864s ]
INFO: [ app_begin ] --START--
INFO: ReadHtmlCache Behavior ::run [ RunTime:0.003574s ]
INFO: [ app_begin ] --END-- [ RunTime:0.003671s ]
SQL: SHOW COLUMNS FROM `logincount` [ RunTime:0.005548s ]
SQL: SELECT COUNT(*) AS tp_count FROM `logincount` LIMIT 1   [ RunTime:0.000407s ]
SQL: SELECT * FROM `logincount` ORDER BY logintime desc LIMIT 0,15   [ RunTime:0.000963s ]
INFO: [ view_parse ] --START--
INFO: ParseTemplate Behavior ::run [ RunTime:0.026612s ]
INFO: [ view_parse ] --END-- [ RunTime:0.026719s ]
INFO: [ view_filter ] --START--
INFO: ContentReplace Behavior ::run [ RunTime:0.001982s ]
INFO: TokenBuild Behavior ::run [ RunTime:0.002995s ]
INFO: WriteHtmlCache Behavior ::run [ RunTime:0.001971s ]
INFO: ShowRuntime Behavior ::run [ RunTime:0.002087s ]
INFO: [ view_filter ] --END-- [ RunTime:0.009322s ]
INFO: [ view_end ] --START--
INFO: ShowPageTrace Behavior ::run [ RunTime:0.002359s ]
INFO: [ view_end ] --END-- [ RunTime:0.002468s ]

[ 2015-02-08T17:47:05+08:00 ] 5.45.64.205 /admin.php
INFO: [ app_begin ] --START--
INFO: ReadHtmlCache Behavior ::run [ RunTime:0.002176s ]
INFO: [ app_begin ] --END-- [ RunTime:0.002290s ]
INFO: [ view_parse ] --START--
NOTIC: [8] Undefined variable: msg D:\enkjhost\mayning1\web\admin\Runtime\Cache\ad0611526e720c6e3de471a6116ff8d5.php 第 98 行.
INFO: ParseTemplate Behavior ::run [ RunTime:0.022067s ]
INFO: [ view_parse ] --END-- [ RunTime:0.022162s ]
INFO: [ view_filter ] --START--
INFO: ContentReplace Behavior ::run [ RunTime:0.001606s ]
INFO: TokenBuild Behavior ::run [ RunTime:0.002519s ]
INFO: WriteHtmlCache Behavior ::run [ RunTime:0.001489s ]
INFO: ShowRuntime Behavior ::run [ RunTime:0.001864s ]
INFO: [ view_filter ] --END-- [ RunTime:0.007704s ]
INFO: [ view_end ] --START--
INFO: ShowPageTrace Behavior ::run [ RunTime:0.003171s ]
INFO: [ view_end ] --END-- [ RunTime:0.003250s ]

[ 2015-02-08 17:47:06 ] 5.45.64.205 /admin.php/Login/startlogin
INFO: [ route_check ] --START--
INFO: CheckRoute Behavior ::run [ RunTime:0.002594s ]
INFO: [ route_check ] --END-- [ RunTime:0.002695s ]
INFO: [ app_begin ] --START--
INFO: ReadHtmlCache Behavior ::run [ RunTime:0.001637s ]
INFO: [ app_begin ] --END-- [ RunTime:0.001712s ]
SQL: SHOW COLUMNS FROM `users` [ RunTime:0.005340s ]
SQL: SELECT * FROM `users` WHERE ( username = 'admin'  ) LIMIT 1   [ RunTime:0.000282s ]
NOTIC: [8] Use of undefined constant res - assumed 'res' D:\enkjhost\mayning1\web\admin\Lib\Action\LoginAction.class.php 第 102 行.
NOTIC: [8] Undefined variable: char D:\enkjhost\mayning1\web\admin\Lib\Action\UtilAction.class.php 第 49 行.
NOTIC: [8] Undefined variable: str D:\enkjhost\mayning1\web\admin\Lib\Action\UtilAction.class.php 第 54 行.
INFO: [ view_parse ] --START--
INFO: ParseTemplate Behavior ::run [ RunTime:0.015794s ]
INFO: [ view_parse ] --END-- [ RunTime:0.015891s ]
INFO: [ view_filter ] --START--
INFO: ContentReplace Behavior ::run [ RunTime:0.001447s ]
INFO: TokenBuild Behavior ::run [ RunTime:0.001463s ]
INFO: WriteHtmlCache Behavior ::run [ RunTime:0.001445s ]
INFO: ShowRuntime Behavior ::run [ RunTime:0.001689s ]
INFO: [ view_filter ] --END-- [ RunTime:0.006270s ]
INFO: [ view_end ] --START--
INFO: ShowPageTrace Behavior ::run [ RunTime:0.001924s ]
INFO: [ view_end ] --END-- [ RunTime:0.002001s ]

[ 2015-02-08T22:50:09+08:00 ] 5.45.64.205 /admin.php
INFO: [ app_begin ] --START--
INFO: ReadHtmlCache Behavior ::run [ RunTime:0.003403s ]
INFO: [ app_begin ] --END-- [ RunTime:0.003519s ]
INFO: [ view_parse ] --START--
NOTIC: [8] Undefined variable: msg D:\enkjhost\mayning1\web\admin\Runtime\Cache\ad0611526e720c6e3de471a6116ff8d5.php 第 98 行.
INFO: ParseTemplate Behavior ::run [ RunTime:0.030555s ]
INFO: [ view_parse ] --END-- [ RunTime:0.030657s ]
INFO: [ view_filter ] --START--
INFO: ContentReplace Behavior ::run [ RunTime:0.002938s ]
INFO: TokenBuild Behavior ::run [ RunTime:0.002969s ]
INFO: WriteHtmlCache Behavior ::run [ RunTime:0.002699s ]
INFO: ShowRuntime Behavior ::run [ RunTime:0.003191s ]
INFO: [ view_filter ] --END-- [ RunTime:0.012075s ]
INFO: [ view_end ] --START--
INFO: ShowPageTrace Behavior ::run [ RunTime:0.003628s ]
INFO: [ view_end ] --END-- [ RunTime:0.003721s ]

[ 2015-02-08 22:50:10 ] 5.45.64.205 /admin.php/Login/startlogin
INFO: [ route_check ] --START--
INFO: CheckRoute Behavior ::run [ RunTime:0.003473s ]
INFO: [ route_check ] --END-- [ RunTime:0.003561s ]
INFO: [ app_begin ] --START--
INFO: ReadHtmlCache Behavior ::run [ RunTime:0.001670s ]
INFO: [ app_begin ] --END-- [ RunTime:0.001744s ]
SQL: SHOW COLUMNS FROM `users` [ RunTime:0.007351s ]
SQL: SELECT * FROM `users` WHERE ( username = 'admin'  ) LIMIT 1   [ RunTime:0.000364s ]
NOTIC: [8] Use of undefined constant res - assumed 'res' D:\enkjhost\mayning1\web\admin\Lib\Action\LoginAction.class.php 第 102 行.
NOTIC: [8] Undefined variable: char D:\enkjhost\mayning1\web\admin\Lib\Action\UtilAction.class.php 第 49 行.
NOTIC: [8] Undefined variable: str D:\enkjhost\mayning1\web\admin\Lib\Action\UtilAction.class.php 第 54 行.
INFO: [ view_parse ] --START--
INFO: ParseTemplate Behavior ::run [ RunTime:0.020552s ]
INFO: [ view_parse ] --END-- [ RunTime:0.020673s ]
INFO: [ view_filter ] --START--
INFO: ContentReplace Behavior ::run [ RunTime:0.001866s ]
INFO: TokenBuild Behavior ::run [ RunTime:0.001887s ]
INFO: WriteHtmlCache Behavior ::run [ RunTime:0.001685s ]
INFO: ShowRuntime Behavior ::run [ RunTime:0.002014s ]
INFO: [ view_filter ] --END-- [ RunTime:0.007732s ]
INFO: [ view_end ] --START--
INFO: ShowPageTrace Behavior ::run [ RunTime:0.002285s ]
INFO: [ view_end ] --END-- [ RunTime:0.002376s ]

