[ 2015-01-06 16:46:31 ] 113.73.226.28 /admin.php/Login/startlogin
INFO: [ route_check ] --START--
INFO: CheckRoute Behavior ::run [ RunTime:0.004111s ]
INFO: [ route_check ] --END-- [ RunTime:0.004231s ]
INFO: [ app_begin ] --START--
INFO: ReadHtmlCache Behavior ::run [ RunTime:0.003339s ]
INFO: [ app_begin ] --END-- [ RunTime:0.003436s ]
SQL: SHOW COLUMNS FROM `users` [ RunTime:0.009471s ]
NOTIC: [8] Undefined index:  username D:\enkjhost\mayning1\web\admin\Lib\Action\LoginAction.class.php 第 90 行.
NOTIC: [8] Undefined index:  password D:\enkjhost\mayning1\web\admin\Lib\Action\LoginAction.class.php 第 91 行.
NOTIC: [8] Undefined index:  checkcode D:\enkjhost\mayning1\web\admin\Lib\Action\LoginAction.class.php 第 92 行.
SQL: SELECT * FROM `users` WHERE ( username = '%s'  ) LIMIT 1   [ RunTime:0.000356s ]
NOTIC: [8] Use of undefined constant res - assumed 'res' D:\enkjhost\mayning1\web\admin\Lib\Action\LoginAction.class.php 第 102 行.
NOTIC: [8] Undefined variable: str D:\enkjhost\mayning1\web\admin\Lib\Action\UtilAction.class.php 第 56 行.
INFO: [ view_parse ] --START--
INFO: ParseTemplate Behavior ::run [ RunTime:0.030198s ]
INFO: [ view_parse ] --END-- [ RunTime:0.030327s ]
INFO: [ view_filter ] --START--
INFO: ContentReplace Behavior ::run [ RunTime:0.002867s ]
INFO: TokenBuild Behavior ::run [ RunTime:0.002973s ]
INFO: WriteHtmlCache Behavior ::run [ RunTime:0.002830s ]
INFO: ShowRuntime Behavior ::run [ RunTime:0.003320s ]
INFO: [ view_filter ] --END-- [ RunTime:0.012262s ]
INFO: [ view_end ] --START--
INFO: ShowPageTrace Behavior ::run [ RunTime:0.003626s ]
INFO: [ view_end ] --END-- [ RunTime:0.003720s ]

[ 2015-01-06 16:46:32 ] 113.73.226.28 /admin.php/Login/getCode
INFO: [ route_check ] --START--
INFO: CheckRoute Behavior ::run [ RunTime:0.002110s ]
INFO: [ route_check ] --END-- [ RunTime:0.002203s ]
INFO: [ app_begin ] --START--
INFO: ReadHtmlCache Behavior ::run [ RunTime:0.001712s ]
INFO: [ app_begin ] --END-- [ RunTime:0.001790s ]

[ 2015-01-06 16:46:44 ] 113.73.226.28 /admin.php/Login/checkCode
INFO: [ route_check ] --START--
INFO: CheckRoute Behavior ::run [ RunTime:0.002702s ]
INFO: [ route_check ] --END-- [ RunTime:0.002816s ]
INFO: [ app_begin ] --START--
INFO: ReadHtmlCache Behavior ::run [ RunTime:0.002199s ]
INFO: [ app_begin ] --END-- [ RunTime:0.002285s ]

[ 2015-01-06 16:46:44 ] 113.73.226.28 /admin.php/Login/startlogin
INFO: [ route_check ] --START--
INFO: CheckRoute Behavior ::run [ RunTime:0.002589s ]
INFO: [ route_check ] --END-- [ RunTime:0.002699s ]
INFO: [ app_begin ] --START--
INFO: ReadHtmlCache Behavior ::run [ RunTime:0.002105s ]
INFO: [ app_begin ] --END-- [ RunTime:0.002198s ]
SQL: SHOW COLUMNS FROM `users` [ RunTime:0.006201s ]
SQL: SELECT * FROM `users` WHERE ( username = 'mayning'  ) LIMIT 1   [ RunTime:0.000406s ]
NOTIC: [8] Use of undefined constant res - assumed 'res' D:\enkjhost\mayning1\web\admin\Lib\Action\LoginAction.class.php 第 102 行.
NOTIC: [8] Undefined variable: char D:\enkjhost\mayning1\web\admin\Lib\Action\UtilAction.class.php 第 49 行.
NOTIC: [8] Undefined variable: str D:\enkjhost\mayning1\web\admin\Lib\Action\UtilAction.class.php 第 54 行.
SQL: SHOW COLUMNS FROM `logincount` [ RunTime:0.010333s ]
SQL: INSERT INTO `logincount` (`username`,`logintime`,`loginip`,`notes`) VALUES ('mayning','2015-01-06 16:46','113.73.226.28','中国 广东 中山、Windows简体中文系统、Chrome浏览器、') [ RunTime:0.008080s ]
SQL: UPDATE `users` SET `lastlogin`='2015-01-06 16:46' WHERE ( id=5 ) [ RunTime:0.009563s ]
INFO: [ view_parse ] --START--
INFO: ParseTemplate Behavior ::run [ RunTime:0.026420s ]
INFO: [ view_parse ] --END-- [ RunTime:0.026557s ]
INFO: [ view_filter ] --START--
INFO: ContentReplace Behavior ::run [ RunTime:0.001899s ]
INFO: TokenBuild Behavior ::run [ RunTime:0.002891s ]
INFO: WriteHtmlCache Behavior ::run [ RunTime:0.001743s ]
INFO: ShowRuntime Behavior ::run [ RunTime:0.001984s ]
INFO: [ view_filter ] --END-- [ RunTime:0.008800s ]
INFO: [ view_end ] --START--
INFO: ShowPageTrace Behavior ::run [ RunTime:0.002314s ]
INFO: [ view_end ] --END-- [ RunTime:0.002411s ]

[ 2015-01-06 16:46:45 ] 113.73.226.28 /admin.php/Login/loginCount
INFO: [ route_check ] --START--
INFO: CheckRoute Behavior ::run [ RunTime:0.002972s ]
INFO: [ route_check ] --END-- [ RunTime:0.003091s ]
INFO: [ app_begin ] --START--
INFO: ReadHtmlCache Behavior ::run [ RunTime:0.002247s ]
INFO: [ app_begin ] --END-- [ RunTime:0.002342s ]
SQL: SHOW COLUMNS FROM `logincount` [ RunTime:0.004491s ]
SQL: SELECT COUNT(*) AS tp_count FROM `logincount` LIMIT 1   [ RunTime:0.000366s ]
SQL: SELECT * FROM `logincount` ORDER BY logintime desc LIMIT 0,15   [ RunTime:0.000836s ]
INFO: [ view_parse ] --START--
INFO: ParseTemplate Behavior ::run [ RunTime:0.020111s ]
INFO: [ view_parse ] --END-- [ RunTime:0.020210s ]
INFO: [ view_filter ] --START--
INFO: ContentReplace Behavior ::run [ RunTime:0.001489s ]
INFO: TokenBuild Behavior ::run [ RunTime:0.001476s ]
INFO: WriteHtmlCache Behavior ::run [ RunTime:0.001326s ]
INFO: ShowRuntime Behavior ::run [ RunTime:0.001551s ]
INFO: [ view_filter ] --END-- [ RunTime:0.006059s ]
INFO: [ view_end ] --START--
INFO: ShowPageTrace Behavior ::run [ RunTime:0.001718s ]
INFO: [ view_end ] --END-- [ RunTime:0.001792s ]

[ 2015-01-06 16:46:49 ] 113.73.226.28 /admin.php/Login/visterlist
INFO: [ route_check ] --START--
INFO: CheckRoute Behavior ::run [ RunTime:0.002746s ]
INFO: [ route_check ] --END-- [ RunTime:0.002864s ]
INFO: [ app_begin ] --START--
INFO: ReadHtmlCache Behavior ::run [ RunTime:0.002379s ]
INFO: [ app_begin ] --END-- [ RunTime:0.002475s ]
SQL: SHOW COLUMNS FROM `visters` [ RunTime:0.005358s ]
SQL: SELECT COUNT(*) AS tp_count FROM `visters` LIMIT 1   [ RunTime:0.026392s ]
SQL: SELECT * FROM `visters` ORDER BY ctime desc LIMIT 0,15   [ RunTime:0.028928s ]
INFO: [ view_parse ] --START--
INFO: ParseTemplate Behavior ::run [ RunTime:0.025017s ]
INFO: [ view_parse ] --END-- [ RunTime:0.025133s ]
INFO: [ view_filter ] --START--
INFO: ContentReplace Behavior ::run [ RunTime:0.001962s ]
INFO: TokenBuild Behavior ::run [ RunTime:0.002937s ]
INFO: WriteHtmlCache Behavior ::run [ RunTime:0.001805s ]
INFO: ShowRuntime Behavior ::run [ RunTime:0.002354s ]
INFO: [ view_filter ] --END-- [ RunTime:0.009349s ]
INFO: [ view_end ] --START--
INFO: ShowPageTrace Behavior ::run [ RunTime:0.002342s ]
INFO: [ view_end ] --END-- [ RunTime:0.002439s ]

[ 2015-01-06 16:46:56 ] 113.73.226.28 /admin.php/Login/visterlist/p/2
INFO: [ route_check ] --START--
INFO: CheckRoute Behavior ::run [ RunTime:0.002065s ]
INFO: [ route_check ] --END-- [ RunTime:0.002156s ]
INFO: [ app_begin ] --START--
INFO: ReadHtmlCache Behavior ::run [ RunTime:0.001667s ]
INFO: [ app_begin ] --END-- [ RunTime:0.001739s ]
SQL: SHOW COLUMNS FROM `visters` [ RunTime:0.004669s ]
SQL: SELECT COUNT(*) AS tp_count FROM `visters` LIMIT 1   [ RunTime:0.003594s ]
SQL: SELECT * FROM `visters` ORDER BY ctime desc LIMIT 15,15   [ RunTime:0.027512s ]
INFO: [ view_parse ] --START--
INFO: ParseTemplate Behavior ::run [ RunTime:0.023320s ]
INFO: [ view_parse ] --END-- [ RunTime:0.023436s ]
INFO: [ view_filter ] --START--
INFO: ContentReplace Behavior ::run [ RunTime:0.001941s ]
INFO: TokenBuild Behavior ::run [ RunTime:0.002894s ]
INFO: WriteHtmlCache Behavior ::run [ RunTime:0.001788s ]
INFO: ShowRuntime Behavior ::run [ RunTime:0.002051s ]
INFO: [ view_filter ] --END-- [ RunTime:0.008956s ]
INFO: [ view_end ] --START--
INFO: ShowPageTrace Behavior ::run [ RunTime:0.002322s ]
INFO: [ view_end ] --END-- [ RunTime:0.002420s ]

[ 2015-01-06 16:47:02 ] 113.73.226.28 /admin.php/Login/visterlist/p/3
INFO: [ route_check ] --START--
INFO: CheckRoute Behavior ::run [ RunTime:0.002257s ]
INFO: [ route_check ] --END-- [ RunTime:0.002352s ]
INFO: [ app_begin ] --START--
INFO: ReadHtmlCache Behavior ::run [ RunTime:0.001842s ]
INFO: [ app_begin ] --END-- [ RunTime:0.001922s ]
SQL: SHOW COLUMNS FROM `visters` [ RunTime:0.006201s ]
SQL: SELECT COUNT(*) AS tp_count FROM `visters` LIMIT 1   [ RunTime:0.004765s ]
SQL: SELECT * FROM `visters` ORDER BY ctime desc LIMIT 30,15   [ RunTime:0.031042s ]
INFO: [ view_parse ] --START--
INFO: ParseTemplate Behavior ::run [ RunTime:0.023315s ]
INFO: [ view_parse ] --END-- [ RunTime:0.023432s ]
INFO: [ view_filter ] --START--
INFO: ContentReplace Behavior ::run [ RunTime:0.001954s ]
INFO: TokenBuild Behavior ::run [ RunTime:0.002910s ]
INFO: WriteHtmlCache Behavior ::run [ RunTime:0.001758s ]
INFO: ShowRuntime Behavior ::run [ RunTime:0.002130s ]
INFO: [ view_filter ] --END-- [ RunTime:0.009038s ]
INFO: [ view_end ] --START--
INFO: ShowPageTrace Behavior ::run [ RunTime:0.002333s ]
INFO: [ view_end ] --END-- [ RunTime:0.002439s ]

[ 2015-01-06 16:47:05 ] 113.73.226.28 /admin.php/Login/visterlist/p/4
INFO: [ route_check ] --START--
INFO: CheckRoute Behavior ::run [ RunTime:0.002049s ]
INFO: [ route_check ] --END-- [ RunTime:0.002134s ]
INFO: [ app_begin ] --START--
INFO: ReadHtmlCache Behavior ::run [ RunTime:0.001683s ]
INFO: [ app_begin ] --END-- [ RunTime:0.001753s ]
SQL: SHOW COLUMNS FROM `visters` [ RunTime:0.005123s ]
SQL: SELECT COUNT(*) AS tp_count FROM `visters` LIMIT 1   [ RunTime:0.003598s ]
SQL: SELECT * FROM `visters` ORDER BY ctime desc LIMIT 45,15   [ RunTime:0.028804s ]
INFO: [ view_parse ] --START--
INFO: ParseTemplate Behavior ::run [ RunTime:0.023656s ]
INFO: [ view_parse ] --END-- [ RunTime:0.023767s ]
INFO: [ view_filter ] --START--
INFO: ContentReplace Behavior ::run [ RunTime:0.002033s ]
INFO: TokenBuild Behavior ::run [ RunTime:0.002955s ]
INFO: WriteHtmlCache Behavior ::run [ RunTime:0.001817s ]
INFO: ShowRuntime Behavior ::run [ RunTime:0.002066s ]
INFO: [ view_filter ] --END-- [ RunTime:0.009165s ]
INFO: [ view_end ] --START--
INFO: ShowPageTrace Behavior ::run [ RunTime:0.002354s ]
INFO: [ view_end ] --END-- [ RunTime:0.002451s ]

[ 2015-01-06 16:47:08 ] 113.73.226.28 /admin.php/Login/visterlist/p/5
INFO: [ route_check ] --START--
INFO: CheckRoute Behavior ::run [ RunTime:0.002676s ]
INFO: [ route_check ] --END-- [ RunTime:0.002787s ]
INFO: [ app_begin ] --START--
INFO: ReadHtmlCache Behavior ::run [ RunTime:0.002186s ]
INFO: [ app_begin ] --END-- [ RunTime:0.002280s ]
SQL: SHOW COLUMNS FROM `visters` [ RunTime:0.004906s ]
SQL: SELECT COUNT(*) AS tp_count FROM `visters` LIMIT 1   [ RunTime:0.003588s ]
SQL: SELECT * FROM `visters` ORDER BY ctime desc LIMIT 60,15   [ RunTime:0.024442s ]
INFO: [ view_parse ] --START--
INFO: ParseTemplate Behavior ::run [ RunTime:0.017927s ]
INFO: [ view_parse ] --END-- [ RunTime:0.018026s ]
INFO: [ view_filter ] --START--
INFO: ContentReplace Behavior ::run [ RunTime:0.001503s ]
INFO: TokenBuild Behavior ::run [ RunTime:0.002272s ]
INFO: WriteHtmlCache Behavior ::run [ RunTime:0.001357s ]
INFO: ShowRuntime Behavior ::run [ RunTime:0.001548s ]
INFO: [ view_filter ] --END-- [ RunTime:0.006894s ]
INFO: [ view_end ] --START--
INFO: ShowPageTrace Behavior ::run [ RunTime:0.002024s ]
INFO: [ view_end ] --END-- [ RunTime:0.002104s ]

[ 2015-01-06 16:47:15 ] 113.73.226.28 /admin.php/Login/visterlist/p/6
INFO: [ route_check ] --START--
INFO: CheckRoute Behavior ::run [ RunTime:0.002079s ]
INFO: [ route_check ] --END-- [ RunTime:0.002163s ]
INFO: [ app_begin ] --START--
INFO: ReadHtmlCache Behavior ::run [ RunTime:0.001696s ]
INFO: [ app_begin ] --END-- [ RunTime:0.001768s ]
SQL: SHOW COLUMNS FROM `visters` [ RunTime:0.004810s ]
SQL: SELECT COUNT(*) AS tp_count FROM `visters` LIMIT 1   [ RunTime:0.003610s ]
SQL: SELECT * FROM `visters` ORDER BY ctime desc LIMIT 75,15   [ RunTime:0.027587s ]
INFO: [ view_parse ] --START--
INFO: ParseTemplate Behavior ::run [ RunTime:0.025027s ]
INFO: [ view_parse ] --END-- [ RunTime:0.025144s ]
INFO: [ view_filter ] --START--
INFO: ContentReplace Behavior ::run [ RunTime:0.001931s ]
INFO: TokenBuild Behavior ::run [ RunTime:0.002865s ]
INFO: WriteHtmlCache Behavior ::run [ RunTime:0.001918s ]
INFO: ShowRuntime Behavior ::run [ RunTime:0.002041s ]
INFO: [ view_filter ] --END-- [ RunTime:0.009038s ]
INFO: [ view_end ] --START--
INFO: ShowPageTrace Behavior ::run [ RunTime:0.002338s ]
INFO: [ view_end ] --END-- [ RunTime:0.002436s ]

[ 2015-01-06 16:47:18 ] 113.73.226.28 /admin.php/Login/visterlist/p/7
INFO: [ route_check ] --START--
INFO: CheckRoute Behavior ::run [ RunTime:0.002022s ]
INFO: [ route_check ] --END-- [ RunTime:0.002105s ]
INFO: [ app_begin ] --START--
INFO: ReadHtmlCache Behavior ::run [ RunTime:0.001667s ]
INFO: [ app_begin ] --END-- [ RunTime:0.001738s ]
SQL: SHOW COLUMNS FROM `visters` [ RunTime:0.005344s ]
SQL: SELECT COUNT(*) AS tp_count FROM `visters` LIMIT 1   [ RunTime:0.003580s ]
SQL: SELECT * FROM `visters` ORDER BY ctime desc LIMIT 90,15   [ RunTime:0.024480s ]
INFO: [ view_parse ] --START--
INFO: ParseTemplate Behavior ::run [ RunTime:0.017928s ]
INFO: [ view_parse ] --END-- [ RunTime:0.018017s ]
INFO: [ view_filter ] --START--
INFO: ContentReplace Behavior ::run [ RunTime:0.001491s ]
INFO: TokenBuild Behavior ::run [ RunTime:0.002288s ]
INFO: WriteHtmlCache Behavior ::run [ RunTime:0.001399s ]
INFO: ShowRuntime Behavior ::run [ RunTime:0.001553s ]
INFO: [ view_filter ] --END-- [ RunTime:0.006948s ]
INFO: [ view_end ] --START--
INFO: ShowPageTrace Behavior ::run [ RunTime:0.001796s ]
INFO: [ view_end ] --END-- [ RunTime:0.001870s ]

[ 2015-01-06 16:47:21 ] 113.73.226.28 /admin.php/Login/loginCount
INFO: [ route_check ] --START--
INFO: CheckRoute Behavior ::run [ RunTime:0.002015s ]
INFO: [ route_check ] --END-- [ RunTime:0.002106s ]
INFO: [ app_begin ] --START--
INFO: ReadHtmlCache Behavior ::run [ RunTime:0.001637s ]
INFO: [ app_begin ] --END-- [ RunTime:0.001709s ]
SQL: SHOW COLUMNS FROM `logincount` [ RunTime:0.004882s ]
SQL: SELECT COUNT(*) AS tp_count FROM `logincount` LIMIT 1   [ RunTime:0.000350s ]
SQL: SELECT * FROM `logincount` ORDER BY logintime desc LIMIT 0,15   [ RunTime:0.000836s ]
INFO: [ view_parse ] --START--
INFO: ParseTemplate Behavior ::run [ RunTime:0.019497s ]
INFO: [ view_parse ] --END-- [ RunTime:0.019599s ]
INFO: [ view_filter ] --START--
INFO: ContentReplace Behavior ::run [ RunTime:0.001948s ]
INFO: TokenBuild Behavior ::run [ RunTime:0.001889s ]
INFO: WriteHtmlCache Behavior ::run [ RunTime:0.001691s ]
INFO: ShowRuntime Behavior ::run [ RunTime:0.002019s ]
INFO: [ view_filter ] --END-- [ RunTime:0.007824s ]
INFO: [ view_end ] --START--
INFO: ShowPageTrace Behavior ::run [ RunTime:0.002356s ]
INFO: [ view_end ] --END-- [ RunTime:0.002461s ]

[ 2015-01-06 16:47:43 ] 113.73.226.28 /admin.php/Product/getAllProductList
INFO: [ route_check ] --START--
INFO: CheckRoute Behavior ::run [ RunTime:0.004331s ]
INFO: [ route_check ] --END-- [ RunTime:0.004452s ]
INFO: [ app_begin ] --START--
INFO: ReadHtmlCache Behavior ::run [ RunTime:0.002203s ]
INFO: [ app_begin ] --END-- [ RunTime:0.002300s ]
SQL: SHOW COLUMNS FROM `products` [ RunTime:0.007291s ]
SQL: SHOW COLUMNS FROM `procate` [ RunTime:0.006202s ]
NOTIC: [8] Undefined index:  name D:\enkjhost\mayning1\web\admin\Lib\Action\ProductAction.class.php 第 146 行.
SQL: SELECT * FROM `procate` WHERE ( pid=0 ) ORDER BY sorts asc,pid asc  [ RunTime:0.000517s ]
SQL: select count(a.id) as count from products a left join procate b on a.proid = b.id where 1=1  [ RunTime:0.000508s ]
SQL: select a.id,a.title,a.ctime,a.imgs,a.sorts,a.enable,a.state,a.proid,b.title as protitle from products a left join procate b on a.proid = b.id where 1=1  order by a.sorts desc limit 0,10 [ RunTime:0.000563s ]
INFO: [ view_parse ] --START--
INFO: ParseTemplate Behavior ::run [ RunTime:0.027413s ]
INFO: [ view_parse ] --END-- [ RunTime:0.027520s ]
INFO: [ view_filter ] --START--
INFO: ContentReplace Behavior ::run [ RunTime:0.001691s ]
INFO: TokenBuild Behavior ::run [ RunTime:0.002304s ]
INFO: WriteHtmlCache Behavior ::run [ RunTime:0.001378s ]
INFO: ShowRuntime Behavior ::run [ RunTime:0.001629s ]
INFO: [ view_filter ] --END-- [ RunTime:0.007200s ]
INFO: [ view_end ] --START--
INFO: ShowPageTrace Behavior ::run [ RunTime:0.001765s ]
INFO: [ view_end ] --END-- [ RunTime:0.001835s ]

[ 2015-01-06 16:47:44 ] 113.73.226.28 /admin.php/Product/selectChildProcate
INFO: [ route_check ] --START--
INFO: CheckRoute Behavior ::run [ RunTime:0.001080s ]
INFO: [ route_check ] --END-- [ RunTime:0.001133s ]
INFO: [ app_begin ] --START--
INFO: ReadHtmlCache Behavior ::run [ RunTime:0.000881s ]
INFO: [ app_begin ] --END-- [ RunTime:0.000916s ]
NOTIC: [8] Undefined index:  id D:\enkjhost\mayning1\web\admin\Lib\Action\ProductAction.class.php 第 253 行.
SQL: SHOW COLUMNS FROM `procate` [ RunTime:0.003214s ]
SQL: SELECT * FROM `procate` WHERE ( pid=%d )  [ RunTime:0.000112s ]
ERR: 1064:You have an error in your SQL syntax; check the manual that corresponds to your MySQL server version for the right syntax to use near '%d )' at line 1
 [ SQL语句 ] : SELECT * FROM `procate` WHERE ( pid=%d ) 

[ 2015-01-06 16:47:47 ] 113.73.226.28 /admin.php/Product/getProductDetail?id=130
INFO: [ route_check ] --START--
INFO: CheckRoute Behavior ::run [ RunTime:0.003232s ]
INFO: [ route_check ] --END-- [ RunTime:0.003324s ]
INFO: [ app_begin ] --START--
INFO: ReadHtmlCache Behavior ::run [ RunTime:0.001653s ]
INFO: [ app_begin ] --END-- [ RunTime:0.001724s ]
SQL: SHOW COLUMNS FROM `products` [ RunTime:0.005016s ]
SQL: SHOW COLUMNS FROM `procate` [ RunTime:0.004488s ]
SQL: SELECT * FROM `products` WHERE ( id=130 ) LIMIT 1   [ RunTime:0.000282s ]
SQL: SELECT * FROM `procate` WHERE ( pid=0 )  [ RunTime:0.000258s ]
SQL: SELECT * FROM `procate` WHERE ( id=37 ) LIMIT 1   [ RunTime:0.000188s ]
INFO: [ view_parse ] --START--
INFO: ParseTemplate Behavior ::run [ RunTime:0.024201s ]
INFO: [ view_parse ] --END-- [ RunTime:0.024303s ]
INFO: [ view_filter ] --START--
INFO: ContentReplace Behavior ::run [ RunTime:0.001707s ]
INFO: TokenBuild Behavior ::run [ RunTime:0.001719s ]
INFO: WriteHtmlCache Behavior ::run [ RunTime:0.001442s ]
INFO: ShowRuntime Behavior ::run [ RunTime:0.001776s ]
INFO: [ view_filter ] --END-- [ RunTime:0.006865s ]
INFO: [ view_end ] --START--
INFO: ShowPageTrace Behavior ::run [ RunTime:0.001970s ]
INFO: [ view_end ] --END-- [ RunTime:0.002050s ]

[ 2015-01-06 16:47:48 ] 113.73.226.28 /admin.php/Product/selectChildProcate?id=10
INFO: [ route_check ] --START--
INFO: CheckRoute Behavior ::run [ RunTime:0.002690s ]
INFO: [ route_check ] --END-- [ RunTime:0.002805s ]
INFO: [ app_begin ] --START--
INFO: ReadHtmlCache Behavior ::run [ RunTime:0.002221s ]
INFO: [ app_begin ] --END-- [ RunTime:0.002307s ]
SQL: SHOW COLUMNS FROM `procate` [ RunTime:0.006197s ]
SQL: SELECT * FROM `procate` WHERE ( pid=10 )  [ RunTime:0.000388s ]

[ 2015-01-06 16:52:05 ] 101.226.33.216 /admin.php/Login/visterlist/p/4
INFO: [ route_check ] --START--
INFO: CheckRoute Behavior ::run [ RunTime:0.003665s ]
INFO: [ route_check ] --END-- [ RunTime:0.003769s ]
INFO: [ app_begin ] --START--
INFO: ReadHtmlCache Behavior ::run [ RunTime:0.001858s ]
INFO: [ app_begin ] --END-- [ RunTime:0.001940s ]
SQL: SHOW COLUMNS FROM `visters` [ RunTime:0.005660s ]
SQL: SELECT COUNT(*) AS tp_count FROM `visters` LIMIT 1   [ RunTime:0.004184s ]
SQL: SELECT * FROM `visters` ORDER BY ctime desc LIMIT 45,15   [ RunTime:0.028370s ]
INFO: [ view_parse ] --START--
INFO: ParseTemplate Behavior ::run [ RunTime:0.027595s ]
INFO: [ view_parse ] --END-- [ RunTime:0.027719s ]
INFO: [ view_filter ] --START--
INFO: ContentReplace Behavior ::run [ RunTime:0.001974s ]
INFO: TokenBuild Behavior ::run [ RunTime:0.002911s ]
INFO: WriteHtmlCache Behavior ::run [ RunTime:0.002717s ]
INFO: ShowRuntime Behavior ::run [ RunTime:0.003219s ]
INFO: [ view_filter ] --END-- [ RunTime:0.011111s ]
INFO: [ view_end ] --START--
INFO: ShowPageTrace Behavior ::run [ RunTime:0.002404s ]
INFO: [ view_end ] --END-- [ RunTime:0.002500s ]

[ 2015-01-06 16:52:07 ] 101.226.33.216 /admin.php/Login/visterlist/p/5
INFO: [ route_check ] --START--
INFO: CheckRoute Behavior ::run [ RunTime:0.002034s ]
INFO: [ route_check ] --END-- [ RunTime:0.002120s ]
INFO: [ app_begin ] --START--
INFO: ReadHtmlCache Behavior ::run [ RunTime:0.001670s ]
INFO: [ app_begin ] --END-- [ RunTime:0.001743s ]
SQL: SHOW COLUMNS FROM `visters` [ RunTime:0.004959s ]
SQL: SELECT COUNT(*) AS tp_count FROM `visters` LIMIT 1   [ RunTime:0.003612s ]
SQL: SELECT * FROM `visters` ORDER BY ctime desc LIMIT 60,15   [ RunTime:0.025744s ]
INFO: [ view_parse ] --START--
INFO: ParseTemplate Behavior ::run [ RunTime:0.020887s ]
INFO: [ view_parse ] --END-- [ RunTime:0.020991s ]
INFO: [ view_filter ] --START--
INFO: ContentReplace Behavior ::run [ RunTime:0.001747s ]
INFO: TokenBuild Behavior ::run [ RunTime:0.001713s ]
INFO: WriteHtmlCache Behavior ::run [ RunTime:0.001600s ]
INFO: ShowRuntime Behavior ::run [ RunTime:0.001834s ]
INFO: [ view_filter ] --END-- [ RunTime:0.007143s ]
INFO: [ view_end ] --START--
INFO: ShowPageTrace Behavior ::run [ RunTime:0.002064s ]
INFO: [ view_end ] --END-- [ RunTime:0.002150s ]

[ 2015-01-06 17:08:06 ] 101.226.102.97 /admin.php/Login/getCode
INFO: [ route_check ] --START--
INFO: CheckRoute Behavior ::run [ RunTime:0.002520s ]
INFO: [ route_check ] --END-- [ RunTime:0.002633s ]
INFO: [ app_begin ] --START--
INFO: ReadHtmlCache Behavior ::run [ RunTime:0.002017s ]
INFO: [ app_begin ] --END-- [ RunTime:0.002111s ]

