[ 2015-02-03 11:26:53 ] 113.73.218.26 /admin.php/Login/startlogin
INFO: [ route_check ] --START--
INFO: CheckRoute Behavior ::run [ RunTime:0.004257s ]
INFO: [ route_check ] --END-- [ RunTime:0.004375s ]
INFO: [ app_begin ] --START--
INFO: ReadHtmlCache Behavior ::run [ RunTime:0.002207s ]
INFO: [ app_begin ] --END-- [ RunTime:0.002310s ]
SQL: SHOW COLUMNS FROM `users` [ RunTime:0.009292s ]
NOTIC: [8] Undefined index:  username D:\enkjhost\mayning1\web\admin\Lib\Action\LoginAction.class.php 第 90 行.
NOTIC: [8] Undefined index:  password D:\enkjhost\mayning1\web\admin\Lib\Action\LoginAction.class.php 第 91 行.
NOTIC: [8] Undefined index:  checkcode D:\enkjhost\mayning1\web\admin\Lib\Action\LoginAction.class.php 第 92 行.
SQL: SELECT * FROM `users` WHERE ( username = '%s'  ) LIMIT 1   [ RunTime:0.000291s ]
NOTIC: [8] Use of undefined constant res - assumed 'res' D:\enkjhost\mayning1\web\admin\Lib\Action\LoginAction.class.php 第 102 行.
NOTIC: [8] Undefined variable: str D:\enkjhost\mayning1\web\admin\Lib\Action\UtilAction.class.php 第 56 行.
INFO: [ view_parse ] --START--
INFO: ParseTemplate Behavior ::run [ RunTime:0.020913s ]
INFO: [ view_parse ] --END-- [ RunTime:0.021027s ]
INFO: [ view_filter ] --START--
INFO: ContentReplace Behavior ::run [ RunTime:0.001910s ]
INFO: TokenBuild Behavior ::run [ RunTime:0.002847s ]
INFO: WriteHtmlCache Behavior ::run [ RunTime:0.001775s ]
INFO: ShowRuntime Behavior ::run [ RunTime:0.002040s ]
INFO: [ view_filter ] --END-- [ RunTime:0.008835s ]
INFO: [ view_end ] --START--
INFO: ShowPageTrace Behavior ::run [ RunTime:0.002337s ]
INFO: [ view_end ] --END-- [ RunTime:0.002426s ]

[ 2015-02-03 11:26:53 ] 113.73.218.26 /admin.php/Login/getCode
INFO: [ route_check ] --START--
INFO: CheckRoute Behavior ::run [ RunTime:0.002693s ]
INFO: [ route_check ] --END-- [ RunTime:0.002804s ]
INFO: [ app_begin ] --START--
INFO: ReadHtmlCache Behavior ::run [ RunTime:0.001656s ]
INFO: [ app_begin ] --END-- [ RunTime:0.001731s ]

[ 2015-02-03 11:28:17 ] 113.73.218.26 /admin.php/Login/checkCode
INFO: [ route_check ] --START--
INFO: CheckRoute Behavior ::run [ RunTime:0.002649s ]
INFO: [ route_check ] --END-- [ RunTime:0.002761s ]
INFO: [ app_begin ] --START--
INFO: ReadHtmlCache Behavior ::run [ RunTime:0.002182s ]
INFO: [ app_begin ] --END-- [ RunTime:0.002268s ]

[ 2015-02-03 11:28:18 ] 113.73.218.26 /admin.php/Login/startlogin
INFO: [ route_check ] --START--
INFO: CheckRoute Behavior ::run [ RunTime:0.002037s ]
INFO: [ route_check ] --END-- [ RunTime:0.002120s ]
INFO: [ app_begin ] --START--
INFO: ReadHtmlCache Behavior ::run [ RunTime:0.001712s ]
INFO: [ app_begin ] --END-- [ RunTime:0.001785s ]
SQL: SHOW COLUMNS FROM `users` [ RunTime:0.006958s ]
SQL: SELECT * FROM `users` WHERE ( username = 'mayning'  ) LIMIT 1   [ RunTime:0.000367s ]
NOTIC: [8] Use of undefined constant res - assumed 'res' D:\enkjhost\mayning1\web\admin\Lib\Action\LoginAction.class.php 第 102 行.
NOTIC: [8] Undefined variable: char D:\enkjhost\mayning1\web\admin\Lib\Action\UtilAction.class.php 第 49 行.
NOTIC: [8] Undefined variable: str D:\enkjhost\mayning1\web\admin\Lib\Action\UtilAction.class.php 第 54 行.
SQL: SHOW COLUMNS FROM `logincount` [ RunTime:0.010614s ]
SQL: INSERT INTO `logincount` (`username`,`logintime`,`loginip`,`notes`) VALUES ('mayning','2015-02-03 11:28','113.73.218.26','中国 广东 中山、Windows简体中文系统、Chrome浏览器、') [ RunTime:0.008864s ]
SQL: UPDATE `users` SET `lastlogin`='2015-02-03 11:28' WHERE ( id=5 ) [ RunTime:0.010556s ]
INFO: [ view_parse ] --START--
INFO: ParseTemplate Behavior ::run [ RunTime:0.036497s ]
INFO: [ view_parse ] --END-- [ RunTime:0.036626s ]
INFO: [ view_filter ] --START--
INFO: ContentReplace Behavior ::run [ RunTime:0.001948s ]
INFO: TokenBuild Behavior ::run [ RunTime:0.003008s ]
INFO: WriteHtmlCache Behavior ::run [ RunTime:0.001817s ]
INFO: ShowRuntime Behavior ::run [ RunTime:0.002114s ]
INFO: [ view_filter ] --END-- [ RunTime:0.009184s ]
INFO: [ view_end ] --START--
INFO: ShowPageTrace Behavior ::run [ RunTime:0.002378s ]
INFO: [ view_end ] --END-- [ RunTime:0.002478s ]

[ 2015-02-03 11:28:18 ] 113.73.218.26 /admin.php/Login/loginCount
INFO: [ route_check ] --START--
INFO: CheckRoute Behavior ::run [ RunTime:0.002067s ]
INFO: [ route_check ] --END-- [ RunTime:0.002158s ]
INFO: [ app_begin ] --START--
INFO: ReadHtmlCache Behavior ::run [ RunTime:0.001660s ]
INFO: [ app_begin ] --END-- [ RunTime:0.001732s ]
SQL: SHOW COLUMNS FROM `logincount` [ RunTime:0.005418s ]
SQL: SELECT COUNT(*) AS tp_count FROM `logincount` LIMIT 1   [ RunTime:0.000393s ]
SQL: SELECT * FROM `logincount` ORDER BY logintime desc LIMIT 0,15   [ RunTime:0.000884s ]
INFO: [ view_parse ] --START--
INFO: ParseTemplate Behavior ::run [ RunTime:0.020844s ]
INFO: [ view_parse ] --END-- [ RunTime:0.020936s ]
INFO: [ view_filter ] --START--
INFO: ContentReplace Behavior ::run [ RunTime:0.001640s ]
INFO: TokenBuild Behavior ::run [ RunTime:0.001595s ]
INFO: WriteHtmlCache Behavior ::run [ RunTime:0.001472s ]
INFO: ShowRuntime Behavior ::run [ RunTime:0.001724s ]
INFO: [ view_filter ] --END-- [ RunTime:0.006670s ]
INFO: [ view_end ] --START--
INFO: ShowPageTrace Behavior ::run [ RunTime:0.001964s ]
INFO: [ view_end ] --END-- [ RunTime:0.002048s ]

[ 2015-02-03 11:28:22 ] 113.73.218.26 /admin.php/Login/visterlist
INFO: [ route_check ] --START--
INFO: CheckRoute Behavior ::run [ RunTime:0.002033s ]
INFO: [ route_check ] --END-- [ RunTime:0.002119s ]
INFO: [ app_begin ] --START--
INFO: ReadHtmlCache Behavior ::run [ RunTime:0.001671s ]
INFO: [ app_begin ] --END-- [ RunTime:0.001744s ]
SQL: SHOW COLUMNS FROM `visters` [ RunTime:0.005045s ]
SQL: SELECT COUNT(*) AS tp_count FROM `visters` LIMIT 1   [ RunTime:0.031184s ]
SQL: SELECT * FROM `visters` ORDER BY ctime desc LIMIT 0,15   [ RunTime:0.033931s ]
INFO: [ view_parse ] --START--
INFO: ParseTemplate Behavior ::run [ RunTime:0.025716s ]
INFO: [ view_parse ] --END-- [ RunTime:0.025829s ]
INFO: [ view_filter ] --START--
INFO: ContentReplace Behavior ::run [ RunTime:0.001978s ]
INFO: TokenBuild Behavior ::run [ RunTime:0.001940s ]
INFO: WriteHtmlCache Behavior ::run [ RunTime:0.001767s ]
INFO: ShowRuntime Behavior ::run [ RunTime:0.002078s ]
INFO: [ view_filter ] --END-- [ RunTime:0.008045s ]
INFO: [ view_end ] --START--
INFO: ShowPageTrace Behavior ::run [ RunTime:0.002361s ]
INFO: [ view_end ] --END-- [ RunTime:0.002459s ]

[ 2015-02-03 11:28:30 ] 113.73.218.26 /admin.php/Login/visterlist/p/2
INFO: [ route_check ] --START--
INFO: CheckRoute Behavior ::run [ RunTime:0.002030s ]
INFO: [ route_check ] --END-- [ RunTime:0.002117s ]
INFO: [ app_begin ] --START--
INFO: ReadHtmlCache Behavior ::run [ RunTime:0.001655s ]
INFO: [ app_begin ] --END-- [ RunTime:0.001727s ]
SQL: SHOW COLUMNS FROM `visters` [ RunTime:0.005364s ]
SQL: SELECT COUNT(*) AS tp_count FROM `visters` LIMIT 1   [ RunTime:0.004094s ]
SQL: SELECT * FROM `visters` ORDER BY ctime desc LIMIT 15,15   [ RunTime:0.029830s ]
INFO: [ view_parse ] --START--
INFO: ParseTemplate Behavior ::run [ RunTime:0.023697s ]
INFO: [ view_parse ] --END-- [ RunTime:0.023813s ]
INFO: [ view_filter ] --START--
INFO: ContentReplace Behavior ::run [ RunTime:0.001982s ]
INFO: TokenBuild Behavior ::run [ RunTime:0.001921s ]
INFO: WriteHtmlCache Behavior ::run [ RunTime:0.001719s ]
INFO: ShowRuntime Behavior ::run [ RunTime:0.002056s ]
INFO: [ view_filter ] --END-- [ RunTime:0.007959s ]
INFO: [ view_end ] --START--
INFO: ShowPageTrace Behavior ::run [ RunTime:0.002376s ]
INFO: [ view_end ] --END-- [ RunTime:0.002478s ]

[ 2015-02-03 11:28:36 ] 113.73.218.26 /admin.php/Login/visterlist/p/3
INFO: [ route_check ] --START--
INFO: CheckRoute Behavior ::run [ RunTime:0.002043s ]
INFO: [ route_check ] --END-- [ RunTime:0.002131s ]
INFO: [ app_begin ] --START--
INFO: ReadHtmlCache Behavior ::run [ RunTime:0.001673s ]
INFO: [ app_begin ] --END-- [ RunTime:0.001746s ]
SQL: SHOW COLUMNS FROM `visters` [ RunTime:0.005320s ]
SQL: SELECT COUNT(*) AS tp_count FROM `visters` LIMIT 1   [ RunTime:0.004129s ]
SQL: SELECT * FROM `visters` ORDER BY ctime desc LIMIT 30,15   [ RunTime:0.029687s ]
INFO: [ view_parse ] --START--
INFO: ParseTemplate Behavior ::run [ RunTime:0.023559s ]
INFO: [ view_parse ] --END-- [ RunTime:0.023675s ]
INFO: [ view_filter ] --START--
INFO: ContentReplace Behavior ::run [ RunTime:0.001994s ]
INFO: TokenBuild Behavior ::run [ RunTime:0.001926s ]
INFO: WriteHtmlCache Behavior ::run [ RunTime:0.001723s ]
INFO: ShowRuntime Behavior ::run [ RunTime:0.002069s ]
INFO: [ view_filter ] --END-- [ RunTime:0.007993s ]
INFO: [ view_end ] --START--
INFO: ShowPageTrace Behavior ::run [ RunTime:0.002397s ]
INFO: [ view_end ] --END-- [ RunTime:0.002497s ]

[ 2015-02-03 11:28:40 ] 113.73.218.26 /admin.php/Login/visterlist/p/4
INFO: [ route_check ] --START--
INFO: CheckRoute Behavior ::run [ RunTime:0.002706s ]
INFO: [ route_check ] --END-- [ RunTime:0.002817s ]
INFO: [ app_begin ] --START--
INFO: ReadHtmlCache Behavior ::run [ RunTime:0.002221s ]
INFO: [ app_begin ] --END-- [ RunTime:0.002319s ]
SQL: SHOW COLUMNS FROM `visters` [ RunTime:0.006465s ]
SQL: SELECT COUNT(*) AS tp_count FROM `visters` LIMIT 1   [ RunTime:0.005353s ]
SQL: SELECT * FROM `visters` ORDER BY ctime desc LIMIT 45,15   [ RunTime:0.034868s ]
INFO: [ view_parse ] --START--
INFO: ParseTemplate Behavior ::run [ RunTime:0.023746s ]
INFO: [ view_parse ] --END-- [ RunTime:0.023859s ]
INFO: [ view_filter ] --START--
INFO: ContentReplace Behavior ::run [ RunTime:0.001962s ]
INFO: TokenBuild Behavior ::run [ RunTime:0.001914s ]
INFO: WriteHtmlCache Behavior ::run [ RunTime:0.001745s ]
INFO: ShowRuntime Behavior ::run [ RunTime:0.001842s ]
INFO: [ view_filter ] --END-- [ RunTime:0.007730s ]
INFO: [ view_end ] --START--
INFO: ShowPageTrace Behavior ::run [ RunTime:0.001792s ]
INFO: [ view_end ] --END-- [ RunTime:0.001867s ]

[ 2015-02-03 11:28:42 ] 113.73.218.26 /admin.php/Login/visterlist/p/5
INFO: [ route_check ] --START--
INFO: CheckRoute Behavior ::run [ RunTime:0.002159s ]
INFO: [ route_check ] --END-- [ RunTime:0.002258s ]
INFO: [ app_begin ] --START--
INFO: ReadHtmlCache Behavior ::run [ RunTime:0.001668s ]
INFO: [ app_begin ] --END-- [ RunTime:0.001740s ]
SQL: SHOW COLUMNS FROM `visters` [ RunTime:0.005335s ]
SQL: SELECT COUNT(*) AS tp_count FROM `visters` LIMIT 1   [ RunTime:0.004127s ]
SQL: SELECT * FROM `visters` ORDER BY ctime desc LIMIT 60,15   [ RunTime:0.029643s ]
INFO: [ view_parse ] --START--
INFO: ParseTemplate Behavior ::run [ RunTime:0.023705s ]
INFO: [ view_parse ] --END-- [ RunTime:0.023818s ]
INFO: [ view_filter ] --START--
INFO: ContentReplace Behavior ::run [ RunTime:0.002018s ]
INFO: TokenBuild Behavior ::run [ RunTime:0.001956s ]
INFO: WriteHtmlCache Behavior ::run [ RunTime:0.001774s ]
INFO: ShowRuntime Behavior ::run [ RunTime:0.002115s ]
INFO: [ view_filter ] --END-- [ RunTime:0.008146s ]
INFO: [ view_end ] --START--
INFO: ShowPageTrace Behavior ::run [ RunTime:0.002357s ]
INFO: [ view_end ] --END-- [ RunTime:0.002456s ]

[ 2015-02-03 11:28:45 ] 113.73.218.26 /admin.php/Login/visterlist/p/6
INFO: [ route_check ] --START--
INFO: CheckRoute Behavior ::run [ RunTime:0.002669s ]
INFO: [ route_check ] --END-- [ RunTime:0.002781s ]
INFO: [ app_begin ] --START--
INFO: ReadHtmlCache Behavior ::run [ RunTime:0.002150s ]
INFO: [ app_begin ] --END-- [ RunTime:0.002232s ]
SQL: SHOW COLUMNS FROM `visters` [ RunTime:0.005282s ]
SQL: SELECT COUNT(*) AS tp_count FROM `visters` LIMIT 1   [ RunTime:0.004118s ]
SQL: SELECT * FROM `visters` ORDER BY ctime desc LIMIT 75,15   [ RunTime:0.027480s ]
INFO: [ view_parse ] --START--
INFO: ParseTemplate Behavior ::run [ RunTime:0.020031s ]
INFO: [ view_parse ] --END-- [ RunTime:0.020141s ]
INFO: [ view_filter ] --START--
INFO: ContentReplace Behavior ::run [ RunTime:0.001653s ]
INFO: TokenBuild Behavior ::run [ RunTime:0.001634s ]
INFO: WriteHtmlCache Behavior ::run [ RunTime:0.001456s ]
INFO: ShowRuntime Behavior ::run [ RunTime:0.001718s ]
INFO: [ view_filter ] --END-- [ RunTime:0.006698s ]
INFO: [ view_end ] --START--
INFO: ShowPageTrace Behavior ::run [ RunTime:0.001991s ]
INFO: [ view_end ] --END-- [ RunTime:0.002074s ]

[ 2015-02-03 11:28:48 ] 113.73.218.26 /admin.php/Login/visterlist/p/7
INFO: [ route_check ] --START--
INFO: CheckRoute Behavior ::run [ RunTime:0.002045s ]
INFO: [ route_check ] --END-- [ RunTime:0.002136s ]
INFO: [ app_begin ] --START--
INFO: ReadHtmlCache Behavior ::run [ RunTime:0.001751s ]
INFO: [ app_begin ] --END-- [ RunTime:0.001832s ]
SQL: SHOW COLUMNS FROM `visters` [ RunTime:0.004782s ]
SQL: SELECT COUNT(*) AS tp_count FROM `visters` LIMIT 1   [ RunTime:0.004160s ]
SQL: SELECT * FROM `visters` ORDER BY ctime desc LIMIT 90,15   [ RunTime:0.028700s ]
INFO: [ view_parse ] --START--
INFO: ParseTemplate Behavior ::run [ RunTime:0.022670s ]
INFO: [ view_parse ] --END-- [ RunTime:0.022793s ]
INFO: [ view_filter ] --START--
INFO: ContentReplace Behavior ::run [ RunTime:0.002015s ]
INFO: TokenBuild Behavior ::run [ RunTime:0.001959s ]
INFO: WriteHtmlCache Behavior ::run [ RunTime:0.001784s ]
INFO: ShowRuntime Behavior ::run [ RunTime:0.002092s ]
INFO: [ view_filter ] --END-- [ RunTime:0.008140s ]
INFO: [ view_end ] --START--
INFO: ShowPageTrace Behavior ::run [ RunTime:0.002339s ]
INFO: [ view_end ] --END-- [ RunTime:0.002443s ]

[ 2015-02-03 11:28:51 ] 113.73.218.26 /admin.php/Login/visterlist/p/8
INFO: [ route_check ] --START--
INFO: CheckRoute Behavior ::run [ RunTime:0.002096s ]
INFO: [ route_check ] --END-- [ RunTime:0.002182s ]
INFO: [ app_begin ] --START--
INFO: ReadHtmlCache Behavior ::run [ RunTime:0.001670s ]
INFO: [ app_begin ] --END-- [ RunTime:0.001743s ]
SQL: SHOW COLUMNS FROM `visters` [ RunTime:0.005398s ]
SQL: SELECT COUNT(*) AS tp_count FROM `visters` LIMIT 1   [ RunTime:0.004091s ]
SQL: SELECT * FROM `visters` ORDER BY ctime desc LIMIT 105,15   [ RunTime:0.033755s ]
INFO: [ view_parse ] --START--
INFO: ParseTemplate Behavior ::run [ RunTime:0.023921s ]
INFO: [ view_parse ] --END-- [ RunTime:0.024034s ]
INFO: [ view_filter ] --START--
INFO: ContentReplace Behavior ::run [ RunTime:0.001975s ]
INFO: TokenBuild Behavior ::run [ RunTime:0.001916s ]
INFO: WriteHtmlCache Behavior ::run [ RunTime:0.001754s ]
INFO: ShowRuntime Behavior ::run [ RunTime:0.002044s ]
INFO: [ view_filter ] --END-- [ RunTime:0.007979s ]
INFO: [ view_end ] --START--
INFO: ShowPageTrace Behavior ::run [ RunTime:0.002422s ]
INFO: [ view_end ] --END-- [ RunTime:0.002522s ]

[ 2015-02-03 11:28:56 ] 113.73.218.26 /admin.php/Login/visterlist/p/9
INFO: [ route_check ] --START--
INFO: CheckRoute Behavior ::run [ RunTime:0.002066s ]
INFO: [ route_check ] --END-- [ RunTime:0.002158s ]
INFO: [ app_begin ] --START--
INFO: ReadHtmlCache Behavior ::run [ RunTime:0.001704s ]
INFO: [ app_begin ] --END-- [ RunTime:0.001779s ]
SQL: SHOW COLUMNS FROM `visters` [ RunTime:0.005471s ]
SQL: SELECT COUNT(*) AS tp_count FROM `visters` LIMIT 1   [ RunTime:0.004131s ]
SQL: SELECT * FROM `visters` ORDER BY ctime desc LIMIT 120,15   [ RunTime:0.034515s ]
INFO: [ view_parse ] --START--
INFO: ParseTemplate Behavior ::run [ RunTime:0.024268s ]
INFO: [ view_parse ] --END-- [ RunTime:0.024385s ]
INFO: [ view_filter ] --START--
INFO: ContentReplace Behavior ::run [ RunTime:0.002028s ]
INFO: TokenBuild Behavior ::run [ RunTime:0.001961s ]
INFO: WriteHtmlCache Behavior ::run [ RunTime:0.001812s ]
INFO: ShowRuntime Behavior ::run [ RunTime:0.002161s ]
INFO: [ view_filter ] --END-- [ RunTime:0.008257s ]
INFO: [ view_end ] --START--
INFO: ShowPageTrace Behavior ::run [ RunTime:0.002417s ]
INFO: [ view_end ] --END-- [ RunTime:0.002518s ]

[ 2015-02-03 11:29:08 ] 113.73.218.26 /admin.php/Login/visterlist/p/10
INFO: [ route_check ] --START--
INFO: CheckRoute Behavior ::run [ RunTime:0.002725s ]
INFO: [ route_check ] --END-- [ RunTime:0.002840s ]
INFO: [ app_begin ] --START--
INFO: ReadHtmlCache Behavior ::run [ RunTime:0.002227s ]
INFO: [ app_begin ] --END-- [ RunTime:0.002322s ]
SQL: SHOW COLUMNS FROM `visters` [ RunTime:0.005253s ]
SQL: SELECT COUNT(*) AS tp_count FROM `visters` LIMIT 1   [ RunTime:0.004115s ]
SQL: SELECT * FROM `visters` ORDER BY ctime desc LIMIT 135,15   [ RunTime:0.028201s ]
INFO: [ view_parse ] --START--
INFO: ParseTemplate Behavior ::run [ RunTime:0.018637s ]
INFO: [ view_parse ] --END-- [ RunTime:0.018735s ]
INFO: [ view_filter ] --START--
INFO: ContentReplace Behavior ::run [ RunTime:0.001544s ]
INFO: TokenBuild Behavior ::run [ RunTime:0.001500s ]
INFO: WriteHtmlCache Behavior ::run [ RunTime:0.001378s ]
INFO: ShowRuntime Behavior ::run [ RunTime:0.001620s ]
INFO: [ view_filter ] --END-- [ RunTime:0.006270s ]
INFO: [ view_end ] --START--
INFO: ShowPageTrace Behavior ::run [ RunTime:0.001822s ]
INFO: [ view_end ] --END-- [ RunTime:0.001898s ]

[ 2015-02-03 11:29:08 ] 180.153.206.32 /admin.php/Login/visterlist/p/10
INFO: [ route_check ] --START--
INFO: CheckRoute Behavior ::run [ RunTime:0.001684s ]
INFO: [ route_check ] --END-- [ RunTime:0.001759s ]
INFO: [ app_begin ] --START--
INFO: ReadHtmlCache Behavior ::run [ RunTime:0.001370s ]
INFO: [ app_begin ] --END-- [ RunTime:0.001430s ]
SQL: SHOW COLUMNS FROM `visters` [ RunTime:0.004586s ]
SQL: SELECT COUNT(*) AS tp_count FROM `visters` LIMIT 1   [ RunTime:0.003366s ]
SQL: SELECT * FROM `visters` ORDER BY ctime desc LIMIT 135,15   [ RunTime:0.023064s ]
INFO: [ view_parse ] --START--
INFO: ParseTemplate Behavior ::run [ RunTime:0.014961s ]
INFO: [ view_parse ] --END-- [ RunTime:0.015041s ]
INFO: [ view_filter ] --START--
INFO: ContentReplace Behavior ::run [ RunTime:0.001237s ]
INFO: TokenBuild Behavior ::run [ RunTime:0.001195s ]
INFO: WriteHtmlCache Behavior ::run [ RunTime:0.001073s ]
INFO: ShowRuntime Behavior ::run [ RunTime:0.001277s ]
INFO: [ view_filter ] --END-- [ RunTime:0.004958s ]
INFO: [ view_end ] --START--
INFO: ShowPageTrace Behavior ::run [ RunTime:0.001464s ]
INFO: [ view_end ] --END-- [ RunTime:0.001524s ]

[ 2015-02-03 11:29:52 ] 180.153.214.200 /admin.php/Login/visterlist/p/5
INFO: [ route_check ] --START--
INFO: CheckRoute Behavior ::run [ RunTime:0.002315s ]
INFO: [ route_check ] --END-- [ RunTime:0.002412s ]
INFO: [ app_begin ] --START--
INFO: ReadHtmlCache Behavior ::run [ RunTime:0.001881s ]
INFO: [ app_begin ] --END-- [ RunTime:0.001963s ]
SQL: SHOW COLUMNS FROM `visters` [ RunTime:0.005533s ]
SQL: SELECT COUNT(*) AS tp_count FROM `visters` LIMIT 1   [ RunTime:0.004502s ]
SQL: SELECT * FROM `visters` ORDER BY ctime desc LIMIT 60,15   [ RunTime:0.035001s ]
INFO: [ view_parse ] --START--
INFO: ParseTemplate Behavior ::run [ RunTime:0.033461s ]
INFO: [ view_parse ] --END-- [ RunTime:0.033575s ]
INFO: [ view_filter ] --START--
INFO: ContentReplace Behavior ::run [ RunTime:0.002043s ]
INFO: TokenBuild Behavior ::run [ RunTime:0.001967s ]
INFO: WriteHtmlCache Behavior ::run [ RunTime:0.001765s ]
INFO: ShowRuntime Behavior ::run [ RunTime:0.002161s ]
INFO: [ view_filter ] --END-- [ RunTime:0.008219s ]
INFO: [ view_end ] --START--
INFO: ShowPageTrace Behavior ::run [ RunTime:0.002370s ]
INFO: [ view_end ] --END-- [ RunTime:0.002469s ]

[ 2015-02-03 11:30:50 ] 119.147.146.192 /admin.php/Login/loginCount
INFO: [ route_check ] --START--
INFO: CheckRoute Behavior ::run [ RunTime:0.002075s ]
INFO: [ route_check ] --END-- [ RunTime:0.002162s ]
INFO: [ app_begin ] --START--
INFO: ReadHtmlCache Behavior ::run [ RunTime:0.001703s ]
INFO: [ app_begin ] --END-- [ RunTime:0.001777s ]
SQL: SHOW COLUMNS FROM `logincount` [ RunTime:0.005407s ]
SQL: SELECT COUNT(*) AS tp_count FROM `logincount` LIMIT 1   [ RunTime:0.000378s ]
SQL: SELECT * FROM `logincount` ORDER BY logintime desc LIMIT 0,15   [ RunTime:0.000901s ]
INFO: [ view_parse ] --START--
INFO: ParseTemplate Behavior ::run [ RunTime:0.020899s ]
INFO: [ view_parse ] --END-- [ RunTime:0.020992s ]
INFO: [ view_filter ] --START--
INFO: ContentReplace Behavior ::run [ RunTime:0.001723s ]
INFO: TokenBuild Behavior ::run [ RunTime:0.001671s ]
INFO: WriteHtmlCache Behavior ::run [ RunTime:0.001536s ]
INFO: ShowRuntime Behavior ::run [ RunTime:0.001788s ]
INFO: [ view_filter ] --END-- [ RunTime:0.006957s ]
INFO: [ view_end ] --START--
INFO: ShowPageTrace Behavior ::run [ RunTime:0.002033s ]
INFO: [ view_end ] --END-- [ RunTime:0.002117s ]

[ 2015-02-03 11:37:58 ] 101.226.51.227 /admin.php/Login/visterlist/p/7
INFO: [ route_check ] --START--
INFO: CheckRoute Behavior ::run [ RunTime:0.003443s ]
INFO: [ route_check ] --END-- [ RunTime:0.003535s ]
INFO: [ app_begin ] --START--
INFO: ReadHtmlCache Behavior ::run [ RunTime:0.001748s ]
INFO: [ app_begin ] --END-- [ RunTime:0.001823s ]
SQL: SHOW COLUMNS FROM `visters` [ RunTime:0.005803s ]
SQL: SELECT COUNT(*) AS tp_count FROM `visters` LIMIT 1   [ RunTime:0.004532s ]
SQL: SELECT * FROM `visters` ORDER BY ctime desc LIMIT 90,15   [ RunTime:0.035334s ]
INFO: [ view_parse ] --START--
INFO: ParseTemplate Behavior ::run [ RunTime:0.036352s ]
INFO: [ view_parse ] --END-- [ RunTime:0.036472s ]
INFO: [ view_filter ] --START--
INFO: ContentReplace Behavior ::run [ RunTime:0.002094s ]
INFO: TokenBuild Behavior ::run [ RunTime:0.003047s ]
INFO: WriteHtmlCache Behavior ::run [ RunTime:0.001869s ]
INFO: ShowRuntime Behavior ::run [ RunTime:0.002137s ]
INFO: [ view_filter ] --END-- [ RunTime:0.009436s ]
INFO: [ view_end ] --START--
INFO: ShowPageTrace Behavior ::run [ RunTime:0.002393s ]
INFO: [ view_end ] --END-- [ RunTime:0.002491s ]

[ 2015-02-03 11:39:25 ] 180.153.214.180 /admin.php/Login/loginCount
INFO: [ route_check ] --START--
INFO: CheckRoute Behavior ::run [ RunTime:0.002176s ]
INFO: [ route_check ] --END-- [ RunTime:0.002267s ]
INFO: [ app_begin ] --START--
INFO: ReadHtmlCache Behavior ::run [ RunTime:0.001744s ]
INFO: [ app_begin ] --END-- [ RunTime:0.001821s ]
SQL: SHOW COLUMNS FROM `logincount` [ RunTime:0.005378s ]
SQL: SELECT COUNT(*) AS tp_count FROM `logincount` LIMIT 1   [ RunTime:0.000376s ]
SQL: SELECT * FROM `logincount` ORDER BY logintime desc LIMIT 0,15   [ RunTime:0.000878s ]
INFO: [ view_parse ] --START--
INFO: ParseTemplate Behavior ::run [ RunTime:0.019962s ]
INFO: [ view_parse ] --END-- [ RunTime:0.020064s ]
INFO: [ view_filter ] --START--
INFO: ContentReplace Behavior ::run [ RunTime:0.002057s ]
INFO: TokenBuild Behavior ::run [ RunTime:0.001997s ]
INFO: WriteHtmlCache Behavior ::run [ RunTime:0.001797s ]
INFO: ShowRuntime Behavior ::run [ RunTime:0.002129s ]
INFO: [ view_filter ] --END-- [ RunTime:0.008264s ]
INFO: [ view_end ] --START--
INFO: ShowPageTrace Behavior ::run [ RunTime:0.002391s ]
INFO: [ view_end ] --END-- [ RunTime:0.002489s ]

[ 2015-02-03 11:41:04 ] 180.153.206.20 /admin.php/Login/visterlist/p/3
INFO: [ route_check ] --START--
INFO: CheckRoute Behavior ::run [ RunTime:0.002416s ]
INFO: [ route_check ] --END-- [ RunTime:0.002530s ]
INFO: [ app_begin ] --START--
INFO: ReadHtmlCache Behavior ::run [ RunTime:0.003231s ]
INFO: [ app_begin ] --END-- [ RunTime:0.003332s ]
SQL: SHOW COLUMNS FROM `visters` [ RunTime:0.004734s ]
SQL: SELECT COUNT(*) AS tp_count FROM `visters` LIMIT 1   [ RunTime:0.004072s ]
SQL: SELECT * FROM `visters` ORDER BY ctime desc LIMIT 30,15   [ RunTime:0.029872s ]
INFO: [ view_parse ] --START--
INFO: ParseTemplate Behavior ::run [ RunTime:0.021993s ]
INFO: [ view_parse ] --END-- [ RunTime:0.022107s ]
INFO: [ view_filter ] --START--
INFO: ContentReplace Behavior ::run [ RunTime:0.002768s ]
INFO: TokenBuild Behavior ::run [ RunTime:0.002757s ]
INFO: WriteHtmlCache Behavior ::run [ RunTime:0.001527s ]
INFO: ShowRuntime Behavior ::run [ RunTime:0.001782s ]
INFO: [ view_filter ] --END-- [ RunTime:0.009124s ]
INFO: [ view_end ] --START--
INFO: ShowPageTrace Behavior ::run [ RunTime:0.002048s ]
INFO: [ view_end ] --END-- [ RunTime:0.002145s ]

[ 2015-02-03 11:44:38 ] 112.64.235.86 /admin.php/Login/startlogin
INFO: [ route_check ] --START--
INFO: CheckRoute Behavior ::run [ RunTime:0.002245s ]
INFO: [ route_check ] --END-- [ RunTime:0.002347s ]
INFO: [ app_begin ] --START--
INFO: ReadHtmlCache Behavior ::run [ RunTime:0.001780s ]
INFO: [ app_begin ] --END-- [ RunTime:0.001860s ]
SQL: SHOW COLUMNS FROM `users` [ RunTime:0.005476s ]
NOTIC: [8] Undefined index:  username D:\enkjhost\mayning1\web\admin\Lib\Action\LoginAction.class.php 第 90 行.
NOTIC: [8] Undefined index:  password D:\enkjhost\mayning1\web\admin\Lib\Action\LoginAction.class.php 第 91 行.
NOTIC: [8] Undefined index:  checkcode D:\enkjhost\mayning1\web\admin\Lib\Action\LoginAction.class.php 第 92 行.
SQL: SELECT * FROM `users` WHERE ( username = '%s'  ) LIMIT 1   [ RunTime:0.000295s ]
NOTIC: [8] Use of undefined constant res - assumed 'res' D:\enkjhost\mayning1\web\admin\Lib\Action\LoginAction.class.php 第 102 行.
NOTIC: [8] Undefined variable: str D:\enkjhost\mayning1\web\admin\Lib\Action\UtilAction.class.php 第 56 行.
INFO: [ view_parse ] --START--
INFO: ParseTemplate Behavior ::run [ RunTime:0.020944s ]
INFO: [ view_parse ] --END-- [ RunTime:0.021061s ]
INFO: [ view_filter ] --START--
INFO: ContentReplace Behavior ::run [ RunTime:0.001846s ]
INFO: TokenBuild Behavior ::run [ RunTime:0.002802s ]
INFO: WriteHtmlCache Behavior ::run [ RunTime:0.001670s ]
INFO: ShowRuntime Behavior ::run [ RunTime:0.001974s ]
INFO: [ view_filter ] --END-- [ RunTime:0.008561s ]
INFO: [ view_end ] --START--
INFO: ShowPageTrace Behavior ::run [ RunTime:0.002233s ]
INFO: [ view_end ] --END-- [ RunTime:0.002320s ]

[ 2015-02-03 11:46:12 ] 180.153.163.191 /admin.php/Login/visterlist/p/8
INFO: [ route_check ] --START--
INFO: CheckRoute Behavior ::run [ RunTime:0.002626s ]
INFO: [ route_check ] --END-- [ RunTime:0.002728s ]
INFO: [ app_begin ] --START--
INFO: ReadHtmlCache Behavior ::run [ RunTime:0.001599s ]
INFO: [ app_begin ] --END-- [ RunTime:0.001672s ]
SQL: SHOW COLUMNS FROM `visters` [ RunTime:0.004987s ]
SQL: SELECT COUNT(*) AS tp_count FROM `visters` LIMIT 1   [ RunTime:0.004514s ]
SQL: SELECT * FROM `visters` ORDER BY ctime desc LIMIT 105,15   [ RunTime:0.031971s ]
INFO: [ view_parse ] --START--
INFO: ParseTemplate Behavior ::run [ RunTime:0.027212s ]
INFO: [ view_parse ] --END-- [ RunTime:0.027328s ]
INFO: [ view_filter ] --START--
INFO: ContentReplace Behavior ::run [ RunTime:0.001853s ]
INFO: TokenBuild Behavior ::run [ RunTime:0.002853s ]
INFO: WriteHtmlCache Behavior ::run [ RunTime:0.001682s ]
INFO: ShowRuntime Behavior ::run [ RunTime:0.001938s ]
INFO: [ view_filter ] --END-- [ RunTime:0.008612s ]
INFO: [ view_end ] --START--
INFO: ShowPageTrace Behavior ::run [ RunTime:0.002206s ]
INFO: [ view_end ] --END-- [ RunTime:0.002304s ]

[ 2015-02-03 11:46:45 ] 180.153.161.55 /admin.php/Login/visterlist/p/4
INFO: [ route_check ] --START--
INFO: CheckRoute Behavior ::run [ RunTime:0.001998s ]
INFO: [ route_check ] --END-- [ RunTime:0.002086s ]
INFO: [ app_begin ] --START--
INFO: ReadHtmlCache Behavior ::run [ RunTime:0.001644s ]
INFO: [ app_begin ] --END-- [ RunTime:0.001718s ]
SQL: SHOW COLUMNS FROM `visters` [ RunTime:0.005000s ]
SQL: SELECT COUNT(*) AS tp_count FROM `visters` LIMIT 1   [ RunTime:0.004083s ]
SQL: SELECT * FROM `visters` ORDER BY ctime desc LIMIT 45,15   [ RunTime:0.026594s ]
INFO: [ view_parse ] --START--
INFO: ParseTemplate Behavior ::run [ RunTime:0.017861s ]
INFO: [ view_parse ] --END-- [ RunTime:0.017953s ]
INFO: [ view_filter ] --START--
INFO: ContentReplace Behavior ::run [ RunTime:0.001477s ]
INFO: TokenBuild Behavior ::run [ RunTime:0.001435s ]
INFO: WriteHtmlCache Behavior ::run [ RunTime:0.001278s ]
INFO: ShowRuntime Behavior ::run [ RunTime:0.001522s ]
INFO: [ view_filter ] --END-- [ RunTime:0.005930s ]
INFO: [ view_end ] --START--
INFO: ShowPageTrace Behavior ::run [ RunTime:0.001718s ]
INFO: [ view_end ] --END-- [ RunTime:0.001795s ]

[ 2015-02-03 11:47:04 ] 101.226.65.107 /admin.php/Login/visterlist/p/9
INFO: [ route_check ] --START--
INFO: CheckRoute Behavior ::run [ RunTime:0.002606s ]
INFO: [ route_check ] --END-- [ RunTime:0.002719s ]
INFO: [ app_begin ] --START--
INFO: ReadHtmlCache Behavior ::run [ RunTime:0.002135s ]
INFO: [ app_begin ] --END-- [ RunTime:0.002233s ]
SQL: SHOW COLUMNS FROM `visters` [ RunTime:0.006504s ]
SQL: SELECT COUNT(*) AS tp_count FROM `visters` LIMIT 1   [ RunTime:0.005339s ]
SQL: SELECT * FROM `visters` ORDER BY ctime desc LIMIT 120,15   [ RunTime:0.035953s ]
INFO: [ view_parse ] --START--
INFO: ParseTemplate Behavior ::run [ RunTime:0.019248s ]
INFO: [ view_parse ] --END-- [ RunTime:0.019353s ]
INFO: [ view_filter ] --START--
INFO: ContentReplace Behavior ::run [ RunTime:0.001480s ]
INFO: TokenBuild Behavior ::run [ RunTime:0.001426s ]
INFO: WriteHtmlCache Behavior ::run [ RunTime:0.001280s ]
INFO: ShowRuntime Behavior ::run [ RunTime:0.001530s ]
INFO: [ view_filter ] --END-- [ RunTime:0.005935s ]
INFO: [ view_end ] --START--
INFO: ShowPageTrace Behavior ::run [ RunTime:0.001722s ]
INFO: [ view_end ] --END-- [ RunTime:0.001798s ]

[ 2015-02-03 11:47:34 ] 101.226.66.192 /admin.php/Login/getCode
INFO: [ route_check ] --START--
INFO: CheckRoute Behavior ::run [ RunTime:0.002635s ]
INFO: [ route_check ] --END-- [ RunTime:0.002748s ]
INFO: [ app_begin ] --START--
INFO: ReadHtmlCache Behavior ::run [ RunTime:0.002143s ]
INFO: [ app_begin ] --END-- [ RunTime:0.002239s ]

