[ 2014-08-15T08:24:16+08:00 ] 127.0.0.1 /mayning2/loginCount.php
INFO: [ route_check ] --START--
INFO: CheckRoute Behavior ::run [ RunTime:0.001163s ]
INFO: [ route_check ] --END-- [ RunTime:0.001253s ]
INFO: [ app_begin ] --START--
INFO: ReadHtmlCache Behavior ::run [ RunTime:0.000737s ]
INFO: [ app_begin ] --END-- [ RunTime:0.000801s ]
NOTIC: [8] Undefined variable: group C:\AppServ\www\mayning2\ThinkPHP\Lib\Core\App.class.php 第 95 行.
ERR: 无法加载模块:loginCount.php

[ 2014-08-15T08:24:18+08:00 ] 127.0.0.1 /mayning2/logout.php
INFO: [ route_check ] --START--
INFO: CheckRoute Behavior ::run [ RunTime:0.001098s ]
INFO: [ route_check ] --END-- [ RunTime:0.001182s ]
INFO: [ app_begin ] --START--
INFO: ReadHtmlCache Behavior ::run [ RunTime:0.000859s ]
INFO: [ app_begin ] --END-- [ RunTime:0.000931s ]
NOTIC: [8] Undefined variable: group C:\AppServ\www\mayning2\ThinkPHP\Lib\Core\App.class.php 第 95 行.
ERR: 无法加载模块:logout.php

[ 2014-08-15 08:24:34 ] 127.0.0.1 /mayning2/
INFO: [ app_begin ] --START--
INFO: ReadHtmlCache Behavior ::run [ RunTime:0.000853s ]
INFO: [ app_begin ] --END-- [ RunTime:0.001017s ]
SQL: SHOW COLUMNS FROM `contents` [ RunTime:0.136199s ]
SQL: SELECT * FROM `contents` WHERE (  enable=1 and cateid=3  ) LIMIT 1   [ RunTime:0.000563s ]
SQL: SELECT * FROM `contents` WHERE (  enable=1 and cateid=2  ) LIMIT 1   [ RunTime:0.000412s ]
SQL: SHOW COLUMNS FROM `products` [ RunTime:0.032970s ]
SQL: SELECT * FROM `products` WHERE (  enable=1 and state=1  )  [ RunTime:0.000473s ]
SQL: SELECT * FROM `products` WHERE (  enable=1 and state=2  )  [ RunTime:0.000393s ]
INFO: [ view_parse ] --START--
INFO: ParseTemplate Behavior ::run [ RunTime:0.039375s ]
INFO: [ view_parse ] --END-- [ RunTime:0.039495s ]
INFO: [ view_filter ] --START--
INFO: ContentReplace Behavior ::run [ RunTime:0.000676s ]
INFO: TokenBuild Behavior ::run [ RunTime:0.000663s ]
INFO: WriteHtmlCache Behavior ::run [ RunTime:0.000553s ]
INFO: ShowRuntime Behavior ::run [ RunTime:0.000760s ]
INFO: [ view_filter ] --END-- [ RunTime:0.002831s ]
INFO: [ view_end ] --START--
INFO: ShowPageTrace Behavior ::run [ RunTime:0.000850s ]
INFO: [ view_end ] --END-- [ RunTime:0.000912s ]

[ 2014-08-15T08:25:26+08:00 ] 127.0.0.1 /mayning2/Index/index.html
INFO: [ route_check ] --START--
INFO: CheckRoute Behavior ::run [ RunTime:0.000603s ]
INFO: [ route_check ] --END-- [ RunTime:0.000670s ]
INFO: [ app_begin ] --START--
INFO: ReadHtmlCache Behavior ::run [ RunTime:0.000390s ]
INFO: [ app_begin ] --END-- [ RunTime:0.000443s ]
ERR: 无法加载模块:index

[ 2014-08-15T08:25:54+08:00 ] 127.0.0.1 /mayning2/Index/index.html
INFO: [ route_check ] --START--
INFO: CheckRoute Behavior ::run [ RunTime:0.001322s ]
INFO: [ route_check ] --END-- [ RunTime:0.001464s ]
INFO: [ app_begin ] --START--
INFO: ReadHtmlCache Behavior ::run [ RunTime:0.000560s ]
INFO: [ app_begin ] --END-- [ RunTime:0.000646s ]
ERR: 无法加载模块:index

[ 2014-08-15T08:26:03+08:00 ] 127.0.0.1 /mayning2/Index/index.html
INFO: [ route_check ] --START--
INFO: CheckRoute Behavior ::run [ RunTime:0.000621s ]
INFO: [ route_check ] --END-- [ RunTime:0.000693s ]
INFO: [ app_begin ] --START--
INFO: ReadHtmlCache Behavior ::run [ RunTime:0.000394s ]
INFO: [ app_begin ] --END-- [ RunTime:0.000450s ]
ERR: 无法加载模块:index

[ 2014-08-15T08:27:31+08:00 ] 127.0.0.1 /mayning2/Index/index.html
INFO: [ route_check ] --START--
INFO: CheckRoute Behavior ::run [ RunTime:0.000728s ]
INFO: [ route_check ] --END-- [ RunTime:0.000808s ]
INFO: [ app_begin ] --START--
INFO: ReadHtmlCache Behavior ::run [ RunTime:0.000476s ]
INFO: [ app_begin ] --END-- [ RunTime:0.000541s ]
ERR: 无法加载模块:index

[ 2014-08-15T08:28:13+08:00 ] 127.0.0.1 /mayning2/Index/index.html
INFO: [ route_check ] --START--
INFO: CheckRoute Behavior ::run [ RunTime:0.000640s ]
INFO: [ route_check ] --END-- [ RunTime:0.000710s ]
INFO: [ app_begin ] --START--
INFO: ReadHtmlCache Behavior ::run [ RunTime:0.000381s ]
INFO: [ app_begin ] --END-- [ RunTime:0.000435s ]
ERR: 无法加载模块:index

[ 2014-08-15T09:10:05+08:00 ] 127.0.0.1 /mayning2/loginCount.php
INFO: [ route_check ] --START--
INFO: CheckRoute Behavior ::run [ RunTime:0.000919s ]
INFO: [ route_check ] --END-- [ RunTime:0.000999s ]
INFO: [ app_begin ] --START--
INFO: ReadHtmlCache Behavior ::run [ RunTime:0.000815s ]
INFO: [ app_begin ] --END-- [ RunTime:0.000878s ]
NOTIC: [8] Undefined variable: group C:\AppServ\www\mayning2\ThinkPHP\Lib\Core\App.class.php 第 95 行.
ERR: 无法加载模块:loginCount.php

[ 2014-08-15T09:10:07+08:00 ] 127.0.0.1 /mayning2/loginCount.php?ttid=0.23119248752482235
INFO: [ route_check ] --START--
INFO: CheckRoute Behavior ::run [ RunTime:0.000904s ]
INFO: [ route_check ] --END-- [ RunTime:0.000978s ]
INFO: [ app_begin ] --START--
INFO: ReadHtmlCache Behavior ::run [ RunTime:0.000424s ]
INFO: [ app_begin ] --END-- [ RunTime:0.000482s ]
NOTIC: [8] Undefined variable: group C:\AppServ\www\mayning2\ThinkPHP\Lib\Core\App.class.php 第 95 行.
ERR: 无法加载模块:loginCount.php

[ 2014-08-15T09:10:08+08:00 ] 127.0.0.1 /mayning2/loginCount.php
INFO: [ route_check ] --START--
INFO: CheckRoute Behavior ::run [ RunTime:0.000975s ]
INFO: [ route_check ] --END-- [ RunTime:0.001075s ]
INFO: [ app_begin ] --START--
INFO: ReadHtmlCache Behavior ::run [ RunTime:0.000974s ]
INFO: [ app_begin ] --END-- [ RunTime:0.001072s ]
NOTIC: [8] Undefined variable: group C:\AppServ\www\mayning2\ThinkPHP\Lib\Core\App.class.php 第 95 行.
ERR: 无法加载模块:loginCount.php

[ 2014-08-15T09:11:56+08:00 ] 127.0.0.1 /mayning2/loginCount.php
INFO: [ route_check ] --START--
INFO: CheckRoute Behavior ::run [ RunTime:0.000681s ]
INFO: [ route_check ] --END-- [ RunTime:0.000757s ]
INFO: [ app_begin ] --START--
INFO: ReadHtmlCache Behavior ::run [ RunTime:0.000402s ]
INFO: [ app_begin ] --END-- [ RunTime:0.000476s ]
NOTIC: [8] Undefined variable: group C:\AppServ\www\mayning2\ThinkPHP\Lib\Core\App.class.php 第 95 行.
ERR: 无法加载模块:loginCount.php

[ 2014-08-15T09:11:57+08:00 ] 127.0.0.1 /mayning2/loginCount.php
INFO: [ route_check ] --START--
INFO: CheckRoute Behavior ::run [ RunTime:0.000824s ]
INFO: [ route_check ] --END-- [ RunTime:0.000925s ]
INFO: [ app_begin ] --START--
INFO: ReadHtmlCache Behavior ::run [ RunTime:0.000424s ]
INFO: [ app_begin ] --END-- [ RunTime:0.000486s ]
NOTIC: [8] Undefined variable: group C:\AppServ\www\mayning2\ThinkPHP\Lib\Core\App.class.php 第 95 行.
ERR: 无法加载模块:loginCount.php

[ 2014-08-15T09:11:57+08:00 ] 127.0.0.1 /mayning2/loginCount.php
INFO: [ route_check ] --START--
INFO: CheckRoute Behavior ::run [ RunTime:0.000658s ]
INFO: [ route_check ] --END-- [ RunTime:0.000736s ]
INFO: [ app_begin ] --START--
INFO: ReadHtmlCache Behavior ::run [ RunTime:0.000423s ]
INFO: [ app_begin ] --END-- [ RunTime:0.000478s ]
NOTIC: [8] Undefined variable: group C:\AppServ\www\mayning2\ThinkPHP\Lib\Core\App.class.php 第 95 行.
ERR: 无法加载模块:loginCount.php

[ 2014-08-15T09:11:58+08:00 ] 127.0.0.1 /mayning2/loginCount.php
INFO: [ route_check ] --START--
INFO: CheckRoute Behavior ::run [ RunTime:0.000657s ]
INFO: [ route_check ] --END-- [ RunTime:0.000776s ]
INFO: [ app_begin ] --START--
INFO: ReadHtmlCache Behavior ::run [ RunTime:0.000421s ]
INFO: [ app_begin ] --END-- [ RunTime:0.000482s ]
NOTIC: [8] Undefined variable: group C:\AppServ\www\mayning2\ThinkPHP\Lib\Core\App.class.php 第 95 行.
ERR: 无法加载模块:loginCount.php

[ 2014-08-15T09:13:22+08:00 ] 127.0.0.1 /mayning2/loginCount.php
INFO: [ route_check ] --START--
INFO: CheckRoute Behavior ::run [ RunTime:0.001022s ]
INFO: [ route_check ] --END-- [ RunTime:0.001105s ]
INFO: [ app_begin ] --START--
INFO: ReadHtmlCache Behavior ::run [ RunTime:0.000691s ]
INFO: [ app_begin ] --END-- [ RunTime:0.000751s ]
NOTIC: [8] Undefined variable: group C:\AppServ\www\mayning2\ThinkPHP\Lib\Core\App.class.php 第 95 行.
ERR: 无法加载模块:loginCount.php

[ 2014-08-15T09:13:23+08:00 ] 127.0.0.1 /mayning2/loginCount.php
INFO: [ route_check ] --START--
INFO: CheckRoute Behavior ::run [ RunTime:0.000922s ]
INFO: [ route_check ] --END-- [ RunTime:0.001003s ]
INFO: [ app_begin ] --START--
INFO: ReadHtmlCache Behavior ::run [ RunTime:0.000413s ]
INFO: [ app_begin ] --END-- [ RunTime:0.000471s ]
NOTIC: [8] Undefined variable: group C:\AppServ\www\mayning2\ThinkPHP\Lib\Core\App.class.php 第 95 行.
ERR: 无法加载模块:loginCount.php

[ 2014-08-15T09:13:23+08:00 ] 127.0.0.1 /mayning2/loginCount.php
INFO: [ route_check ] --START--
INFO: CheckRoute Behavior ::run [ RunTime:0.000690s ]
INFO: [ route_check ] --END-- [ RunTime:0.000790s ]
INFO: [ app_begin ] --START--
INFO: ReadHtmlCache Behavior ::run [ RunTime:0.000499s ]
INFO: [ app_begin ] --END-- [ RunTime:0.000569s ]
NOTIC: [8] Undefined variable: group C:\AppServ\www\mayning2\ThinkPHP\Lib\Core\App.class.php 第 95 行.
ERR: 无法加载模块:loginCount.php

[ 2014-08-15T09:14:54+08:00 ] 127.0.0.1 /mayning2/loginCount.php
INFO: [ route_check ] --START--
INFO: CheckRoute Behavior ::run [ RunTime:0.000910s ]
INFO: [ route_check ] --END-- [ RunTime:0.000992s ]
INFO: [ app_begin ] --START--
INFO: ReadHtmlCache Behavior ::run [ RunTime:0.000669s ]
INFO: [ app_begin ] --END-- [ RunTime:0.000736s ]
NOTIC: [8] Undefined variable: group C:\AppServ\www\mayning2\ThinkPHP\Lib\Core\App.class.php 第 95 行.
ERR: 无法加载模块:loginCount.php

[ 2014-08-15T09:14:55+08:00 ] 127.0.0.1 /mayning2/loginCount.php
INFO: [ route_check ] --START--
INFO: CheckRoute Behavior ::run [ RunTime:0.000896s ]
INFO: [ route_check ] --END-- [ RunTime:0.000990s ]
INFO: [ app_begin ] --START--
INFO: ReadHtmlCache Behavior ::run [ RunTime:0.000400s ]
INFO: [ app_begin ] --END-- [ RunTime:0.000455s ]
NOTIC: [8] Undefined variable: group C:\AppServ\www\mayning2\ThinkPHP\Lib\Core\App.class.php 第 95 行.
ERR: 无法加载模块:loginCount.php

[ 2014-08-15T09:14:55+08:00 ] 127.0.0.1 /mayning2/loginCount.php
INFO: [ route_check ] --START--
INFO: CheckRoute Behavior ::run [ RunTime:0.000740s ]
INFO: [ route_check ] --END-- [ RunTime:0.000834s ]
INFO: [ app_begin ] --START--
INFO: ReadHtmlCache Behavior ::run [ RunTime:0.000475s ]
INFO: [ app_begin ] --END-- [ RunTime:0.000540s ]
NOTIC: [8] Undefined variable: group C:\AppServ\www\mayning2\ThinkPHP\Lib\Core\App.class.php 第 95 行.
ERR: 无法加载模块:loginCount.php

[ 2014-08-15T09:14:55+08:00 ] 127.0.0.1 /mayning2/loginCount.php
INFO: [ route_check ] --START--
INFO: CheckRoute Behavior ::run [ RunTime:0.000709s ]
INFO: [ route_check ] --END-- [ RunTime:0.000807s ]
INFO: [ app_begin ] --START--
INFO: ReadHtmlCache Behavior ::run [ RunTime:0.000414s ]
INFO: [ app_begin ] --END-- [ RunTime:0.000471s ]
NOTIC: [8] Undefined variable: group C:\AppServ\www\mayning2\ThinkPHP\Lib\Core\App.class.php 第 95 行.
ERR: 无法加载模块:loginCount.php

[ 2014-08-15T09:14:55+08:00 ] 127.0.0.1 /mayning2/loginCount.php
INFO: [ route_check ] --START--
INFO: CheckRoute Behavior ::run [ RunTime:0.000731s ]
INFO: [ route_check ] --END-- [ RunTime:0.000823s ]
INFO: [ app_begin ] --START--
INFO: ReadHtmlCache Behavior ::run [ RunTime:0.000475s ]
INFO: [ app_begin ] --END-- [ RunTime:0.000542s ]
NOTIC: [8] Undefined variable: group C:\AppServ\www\mayning2\ThinkPHP\Lib\Core\App.class.php 第 95 行.
ERR: 无法加载模块:loginCount.php

[ 2014-08-15T09:14:55+08:00 ] 127.0.0.1 /mayning2/loginCount.php
INFO: [ route_check ] --START--
INFO: CheckRoute Behavior ::run [ RunTime:0.000622s ]
INFO: [ route_check ] --END-- [ RunTime:0.000718s ]
INFO: [ app_begin ] --START--
INFO: ReadHtmlCache Behavior ::run [ RunTime:0.000400s ]
INFO: [ app_begin ] --END-- [ RunTime:0.000457s ]
NOTIC: [8] Undefined variable: group C:\AppServ\www\mayning2\ThinkPHP\Lib\Core\App.class.php 第 95 行.
ERR: 无法加载模块:loginCount.php

[ 2014-08-15T09:14:56+08:00 ] 127.0.0.1 /mayning2/loginCount.php
INFO: [ route_check ] --START--
INFO: CheckRoute Behavior ::run [ RunTime:0.000615s ]
INFO: [ route_check ] --END-- [ RunTime:0.000692s ]
INFO: [ app_begin ] --START--
INFO: ReadHtmlCache Behavior ::run [ RunTime:0.000422s ]
INFO: [ app_begin ] --END-- [ RunTime:0.000477s ]
NOTIC: [8] Undefined variable: group C:\AppServ\www\mayning2\ThinkPHP\Lib\Core\App.class.php 第 95 行.
ERR: 无法加载模块:loginCount.php

[ 2014-08-15T09:14:56+08:00 ] 127.0.0.1 /mayning2/loginCount.php
INFO: [ route_check ] --START--
INFO: CheckRoute Behavior ::run [ RunTime:0.000632s ]
INFO: [ route_check ] --END-- [ RunTime:0.000713s ]
INFO: [ app_begin ] --START--
INFO: ReadHtmlCache Behavior ::run [ RunTime:0.000407s ]
INFO: [ app_begin ] --END-- [ RunTime:0.000464s ]
NOTIC: [8] Undefined variable: group C:\AppServ\www\mayning2\ThinkPHP\Lib\Core\App.class.php 第 95 行.
ERR: 无法加载模块:loginCount.php

[ 2014-08-15T09:14:56+08:00 ] 127.0.0.1 /mayning2/loginCount.php
INFO: [ route_check ] --START--
INFO: CheckRoute Behavior ::run [ RunTime:0.000712s ]
INFO: [ route_check ] --END-- [ RunTime:0.000818s ]
INFO: [ app_begin ] --START--
INFO: ReadHtmlCache Behavior ::run [ RunTime:0.000439s ]
INFO: [ app_begin ] --END-- [ RunTime:0.000499s ]
NOTIC: [8] Undefined variable: group C:\AppServ\www\mayning2\ThinkPHP\Lib\Core\App.class.php 第 95 行.
ERR: 无法加载模块:loginCount.php

[ 2014-08-15T09:25:17+08:00 ] 127.0.0.1 /mayning2/loginCount.php
INFO: [ route_check ] --START--
INFO: CheckRoute Behavior ::run [ RunTime:0.000988s ]
INFO: [ route_check ] --END-- [ RunTime:0.001079s ]
INFO: [ app_begin ] --START--
INFO: ReadHtmlCache Behavior ::run [ RunTime:0.000744s ]
INFO: [ app_begin ] --END-- [ RunTime:0.000811s ]
NOTIC: [8] Undefined variable: group C:\AppServ\www\mayning2\ThinkPHP\Lib\Core\App.class.php 第 95 行.
ERR: 无法加载模块:loginCount.php

[ 2014-08-15T09:25:24+08:00 ] 127.0.0.1 /mayning2/loginCount.php
INFO: [ route_check ] --START--
INFO: CheckRoute Behavior ::run [ RunTime:0.001002s ]
INFO: [ route_check ] --END-- [ RunTime:0.001088s ]
INFO: [ app_begin ] --START--
INFO: ReadHtmlCache Behavior ::run [ RunTime:0.000886s ]
INFO: [ app_begin ] --END-- [ RunTime:0.000972s ]
NOTIC: [8] Undefined variable: group C:\AppServ\www\mayning2\ThinkPHP\Lib\Core\App.class.php 第 95 行.
ERR: 无法加载模块:loginCount.php

[ 2014-08-15T09:25:24+08:00 ] 127.0.0.1 /mayning2/loginCount.php
INFO: [ route_check ] --START--
INFO: CheckRoute Behavior ::run [ RunTime:0.001287s ]
INFO: [ route_check ] --END-- [ RunTime:0.001390s ]
INFO: [ app_begin ] --START--
INFO: ReadHtmlCache Behavior ::run [ RunTime:0.000460s ]
INFO: [ app_begin ] --END-- [ RunTime:0.000523s ]
NOTIC: [8] Undefined variable: group C:\AppServ\www\mayning2\ThinkPHP\Lib\Core\App.class.php 第 95 行.
ERR: 无法加载模块:loginCount.php

[ 2014-08-15T09:25:25+08:00 ] 127.0.0.1 /mayning2/loginCount.php
INFO: [ route_check ] --START--
INFO: CheckRoute Behavior ::run [ RunTime:0.000632s ]
INFO: [ route_check ] --END-- [ RunTime:0.000713s ]
INFO: [ app_begin ] --START--
INFO: ReadHtmlCache Behavior ::run [ RunTime:0.000406s ]
INFO: [ app_begin ] --END-- [ RunTime:0.000463s ]
NOTIC: [8] Undefined variable: group C:\AppServ\www\mayning2\ThinkPHP\Lib\Core\App.class.php 第 95 行.
ERR: 无法加载模块:loginCount.php

[ 2014-08-15T09:25:25+08:00 ] 127.0.0.1 /mayning2/loginCount.php
INFO: [ route_check ] --START--
INFO: CheckRoute Behavior ::run [ RunTime:0.000645s ]
INFO: [ route_check ] --END-- [ RunTime:0.000726s ]
INFO: [ app_begin ] --START--
INFO: ReadHtmlCache Behavior ::run [ RunTime:0.000385s ]
INFO: [ app_begin ] --END-- [ RunTime:0.000455s ]
NOTIC: [8] Undefined variable: group C:\AppServ\www\mayning2\ThinkPHP\Lib\Core\App.class.php 第 95 行.
ERR: 无法加载模块:loginCount.php

[ 2014-08-15T09:25:25+08:00 ] 127.0.0.1 /mayning2/loginCount.php
INFO: [ route_check ] --START--
INFO: CheckRoute Behavior ::run [ RunTime:0.000643s ]
INFO: [ route_check ] --END-- [ RunTime:0.000723s ]
INFO: [ app_begin ] --START--
INFO: ReadHtmlCache Behavior ::run [ RunTime:0.000441s ]
INFO: [ app_begin ] --END-- [ RunTime:0.000498s ]
NOTIC: [8] Undefined variable: group C:\AppServ\www\mayning2\ThinkPHP\Lib\Core\App.class.php 第 95 行.
ERR: 无法加载模块:loginCount.php

[ 2014-08-15T09:25:25+08:00 ] 127.0.0.1 /mayning2/loginCount.php
INFO: [ route_check ] --START--
INFO: CheckRoute Behavior ::run [ RunTime:0.000709s ]
INFO: [ route_check ] --END-- [ RunTime:0.000796s ]
INFO: [ app_begin ] --START--
INFO: ReadHtmlCache Behavior ::run [ RunTime:0.000455s ]
INFO: [ app_begin ] --END-- [ RunTime:0.000525s ]
NOTIC: [8] Undefined variable: group C:\AppServ\www\mayning2\ThinkPHP\Lib\Core\App.class.php 第 95 行.
ERR: 无法加载模块:loginCount.php

[ 2014-08-15T09:25:26+08:00 ] 127.0.0.1 /mayning2/loginCount.php
INFO: [ route_check ] --START--
INFO: CheckRoute Behavior ::run [ RunTime:0.000678s ]
INFO: [ route_check ] --END-- [ RunTime:0.000767s ]
INFO: [ app_begin ] --START--
INFO: ReadHtmlCache Behavior ::run [ RunTime:0.000421s ]
INFO: [ app_begin ] --END-- [ RunTime:0.000480s ]
NOTIC: [8] Undefined variable: group C:\AppServ\www\mayning2\ThinkPHP\Lib\Core\App.class.php 第 95 行.
ERR: 无法加载模块:loginCount.php

[ 2014-08-15T09:25:26+08:00 ] 127.0.0.1 /mayning2/loginCount.php
INFO: [ route_check ] --START--
INFO: CheckRoute Behavior ::run [ RunTime:0.000691s ]
INFO: [ route_check ] --END-- [ RunTime:0.000782s ]
INFO: [ app_begin ] --START--
INFO: ReadHtmlCache Behavior ::run [ RunTime:0.000447s ]
INFO: [ app_begin ] --END-- [ RunTime:0.000509s ]
NOTIC: [8] Undefined variable: group C:\AppServ\www\mayning2\ThinkPHP\Lib\Core\App.class.php 第 95 行.
ERR: 无法加载模块:loginCount.php

[ 2014-08-15T09:25:26+08:00 ] 127.0.0.1 /mayning2/loginCount.php
INFO: [ route_check ] --START--
INFO: CheckRoute Behavior ::run [ RunTime:0.000614s ]
INFO: [ route_check ] --END-- [ RunTime:0.000693s ]
INFO: [ app_begin ] --START--
INFO: ReadHtmlCache Behavior ::run [ RunTime:0.000411s ]
INFO: [ app_begin ] --END-- [ RunTime:0.000467s ]
NOTIC: [8] Undefined variable: group C:\AppServ\www\mayning2\ThinkPHP\Lib\Core\App.class.php 第 95 行.
ERR: 无法加载模块:loginCount.php

[ 2014-08-15T09:25:26+08:00 ] 127.0.0.1 /mayning2/loginCount.php
INFO: [ route_check ] --START--
INFO: CheckRoute Behavior ::run [ RunTime:0.000684s ]
INFO: [ route_check ] --END-- [ RunTime:0.000779s ]
INFO: [ app_begin ] --START--
INFO: ReadHtmlCache Behavior ::run [ RunTime:0.000452s ]
INFO: [ app_begin ] --END-- [ RunTime:0.000510s ]
NOTIC: [8] Undefined variable: group C:\AppServ\www\mayning2\ThinkPHP\Lib\Core\App.class.php 第 95 行.
ERR: 无法加载模块:loginCount.php

[ 2014-08-15T09:25:26+08:00 ] 127.0.0.1 /mayning2/loginCount.php
INFO: [ route_check ] --START--
INFO: CheckRoute Behavior ::run [ RunTime:0.000686s ]
INFO: [ route_check ] --END-- [ RunTime:0.000778s ]
INFO: [ app_begin ] --START--
INFO: ReadHtmlCache Behavior ::run [ RunTime:0.000435s ]
INFO: [ app_begin ] --END-- [ RunTime:0.000495s ]
NOTIC: [8] Undefined variable: group C:\AppServ\www\mayning2\ThinkPHP\Lib\Core\App.class.php 第 95 行.
ERR: 无法加载模块:loginCount.php

[ 2014-08-15T09:25:55+08:00 ] 127.0.0.1 /mayning2/loginCount.php
INFO: [ route_check ] --START--
INFO: CheckRoute Behavior ::run [ RunTime:0.000635s ]
INFO: [ route_check ] --END-- [ RunTime:0.000717s ]
INFO: [ app_begin ] --START--
INFO: ReadHtmlCache Behavior ::run [ RunTime:0.000446s ]
INFO: [ app_begin ] --END-- [ RunTime:0.000509s ]
NOTIC: [8] Undefined variable: group C:\AppServ\www\mayning2\ThinkPHP\Lib\Core\App.class.php 第 95 行.
ERR: 无法加载模块:loginCount.php

[ 2014-08-15T09:25:55+08:00 ] 127.0.0.1 /mayning2/loginCount.php
INFO: [ route_check ] --START--
INFO: CheckRoute Behavior ::run [ RunTime:0.000722s ]
INFO: [ route_check ] --END-- [ RunTime:0.000822s ]
INFO: [ app_begin ] --START--
INFO: ReadHtmlCache Behavior ::run [ RunTime:0.000450s ]
INFO: [ app_begin ] --END-- [ RunTime:0.000512s ]
NOTIC: [8] Undefined variable: group C:\AppServ\www\mayning2\ThinkPHP\Lib\Core\App.class.php 第 95 行.
ERR: 无法加载模块:loginCount.php

[ 2014-08-15T09:25:56+08:00 ] 127.0.0.1 /mayning2/loginCount.php
INFO: [ route_check ] --START--
INFO: CheckRoute Behavior ::run [ RunTime:0.000645s ]
INFO: [ route_check ] --END-- [ RunTime:0.000720s ]
INFO: [ app_begin ] --START--
INFO: ReadHtmlCache Behavior ::run [ RunTime:0.000430s ]
INFO: [ app_begin ] --END-- [ RunTime:0.000494s ]
NOTIC: [8] Undefined variable: group C:\AppServ\www\mayning2\ThinkPHP\Lib\Core\App.class.php 第 95 行.
ERR: 无法加载模块:loginCount.php

[ 2014-08-15T09:25:56+08:00 ] 127.0.0.1 /mayning2/loginCount.php
INFO: [ route_check ] --START--
INFO: CheckRoute Behavior ::run [ RunTime:0.000634s ]
INFO: [ route_check ] --END-- [ RunTime:0.000718s ]
INFO: [ app_begin ] --START--
INFO: ReadHtmlCache Behavior ::run [ RunTime:0.000405s ]
INFO: [ app_begin ] --END-- [ RunTime:0.000461s ]
NOTIC: [8] Undefined variable: group C:\AppServ\www\mayning2\ThinkPHP\Lib\Core\App.class.php 第 95 行.
ERR: 无法加载模块:loginCount.php

[ 2014-08-15T09:25:56+08:00 ] 127.0.0.1 /mayning2/loginCount.php
INFO: [ route_check ] --START--
INFO: CheckRoute Behavior ::run [ RunTime:0.000637s ]
INFO: [ route_check ] --END-- [ RunTime:0.000729s ]
INFO: [ app_begin ] --START--
INFO: ReadHtmlCache Behavior ::run [ RunTime:0.000457s ]
INFO: [ app_begin ] --END-- [ RunTime:0.000524s ]
NOTIC: [8] Undefined variable: group C:\AppServ\www\mayning2\ThinkPHP\Lib\Core\App.class.php 第 95 行.
ERR: 无法加载模块:loginCount.php

[ 2014-08-15T09:25:56+08:00 ] 127.0.0.1 /mayning2/loginCount.php
INFO: [ route_check ] --START--
INFO: CheckRoute Behavior ::run [ RunTime:0.000857s ]
INFO: [ route_check ] --END-- [ RunTime:0.000962s ]
INFO: [ app_begin ] --START--
INFO: ReadHtmlCache Behavior ::run [ RunTime:0.000539s ]
INFO: [ app_begin ] --END-- [ RunTime:0.000613s ]
NOTIC: [8] Undefined variable: group C:\AppServ\www\mayning2\ThinkPHP\Lib\Core\App.class.php 第 95 行.
ERR: 无法加载模块:loginCount.php

[ 2014-08-15T09:30:50+08:00 ] 127.0.0.1 /mayning2/loginCount.php
INFO: [ route_check ] --START--
INFO: CheckRoute Behavior ::run [ RunTime:0.000953s ]
INFO: [ route_check ] --END-- [ RunTime:0.001031s ]
INFO: [ app_begin ] --START--
INFO: ReadHtmlCache Behavior ::run [ RunTime:0.000685s ]
INFO: [ app_begin ] --END-- [ RunTime:0.000742s ]
NOTIC: [8] Undefined variable: group C:\AppServ\www\mayning2\ThinkPHP\Lib\Core\App.class.php 第 95 行.
ERR: 无法加载模块:loginCount.php

[ 2014-08-15T09:30:51+08:00 ] 127.0.0.1 /mayning2/loginCount.php
INFO: [ route_check ] --START--
INFO: CheckRoute Behavior ::run [ RunTime:0.000928s ]
INFO: [ route_check ] --END-- [ RunTime:0.001008s ]
INFO: [ app_begin ] --START--
INFO: ReadHtmlCache Behavior ::run [ RunTime:0.000402s ]
INFO: [ app_begin ] --END-- [ RunTime:0.000459s ]
NOTIC: [8] Undefined variable: group C:\AppServ\www\mayning2\ThinkPHP\Lib\Core\App.class.php 第 95 行.
ERR: 无法加载模块:loginCount.php

[ 2014-08-15T09:30:51+08:00 ] 127.0.0.1 /mayning2/loginCount.php
INFO: [ route_check ] --START--
INFO: CheckRoute Behavior ::run [ RunTime:0.000822s ]
INFO: [ route_check ] --END-- [ RunTime:0.000930s ]
INFO: [ app_begin ] --START--
INFO: ReadHtmlCache Behavior ::run [ RunTime:0.000461s ]
INFO: [ app_begin ] --END-- [ RunTime:0.000528s ]
NOTIC: [8] Undefined variable: group C:\AppServ\www\mayning2\ThinkPHP\Lib\Core\App.class.php 第 95 行.
ERR: 无法加载模块:loginCount.php

[ 2014-08-15T09:30:51+08:00 ] 127.0.0.1 /mayning2/loginCount.php
INFO: [ route_check ] --START--
INFO: CheckRoute Behavior ::run [ RunTime:0.000640s ]
INFO: [ route_check ] --END-- [ RunTime:0.000720s ]
INFO: [ app_begin ] --START--
INFO: ReadHtmlCache Behavior ::run [ RunTime:0.000412s ]
INFO: [ app_begin ] --END-- [ RunTime:0.000468s ]
NOTIC: [8] Undefined variable: group C:\AppServ\www\mayning2\ThinkPHP\Lib\Core\App.class.php 第 95 行.
ERR: 无法加载模块:loginCount.php

[ 2014-08-15T09:30:52+08:00 ] 127.0.0.1 /mayning2/loginCount.php
INFO: [ route_check ] --START--
INFO: CheckRoute Behavior ::run [ RunTime:0.000747s ]
INFO: [ route_check ] --END-- [ RunTime:0.000832s ]
INFO: [ app_begin ] --START--
INFO: ReadHtmlCache Behavior ::run [ RunTime:0.000419s ]
INFO: [ app_begin ] --END-- [ RunTime:0.000475s ]
NOTIC: [8] Undefined variable: group C:\AppServ\www\mayning2\ThinkPHP\Lib\Core\App.class.php 第 95 行.
ERR: 无法加载模块:loginCount.php

[ 2014-08-15T09:33:57+08:00 ] 127.0.0.1 /mayning2/loginCount.php
INFO: [ route_check ] --START--
INFO: CheckRoute Behavior ::run [ RunTime:0.000950s ]
INFO: [ route_check ] --END-- [ RunTime:0.001031s ]
INFO: [ app_begin ] --START--
INFO: ReadHtmlCache Behavior ::run [ RunTime:0.000794s ]
INFO: [ app_begin ] --END-- [ RunTime:0.000859s ]
NOTIC: [8] Undefined variable: group C:\AppServ\www\mayning2\ThinkPHP\Lib\Core\App.class.php 第 95 行.
ERR: 无法加载模块:loginCount.php

[ 2014-08-15T09:33:58+08:00 ] 127.0.0.1 /mayning2/loginCount.php
INFO: [ route_check ] --START--
INFO: CheckRoute Behavior ::run [ RunTime:0.001061s ]
INFO: [ route_check ] --END-- [ RunTime:0.001168s ]
INFO: [ app_begin ] --START--
INFO: ReadHtmlCache Behavior ::run [ RunTime:0.000494s ]
INFO: [ app_begin ] --END-- [ RunTime:0.000565s ]
NOTIC: [8] Undefined variable: group C:\AppServ\www\mayning2\ThinkPHP\Lib\Core\App.class.php 第 95 行.
ERR: 无法加载模块:loginCount.php

[ 2014-08-15T09:33:58+08:00 ] 127.0.0.1 /mayning2/loginCount.php
INFO: [ route_check ] --START--
INFO: CheckRoute Behavior ::run [ RunTime:0.000621s ]
INFO: [ route_check ] --END-- [ RunTime:0.000700s ]
INFO: [ app_begin ] --START--
INFO: ReadHtmlCache Behavior ::run [ RunTime:0.000414s ]
INFO: [ app_begin ] --END-- [ RunTime:0.000470s ]
NOTIC: [8] Undefined variable: group C:\AppServ\www\mayning2\ThinkPHP\Lib\Core\App.class.php 第 95 行.
ERR: 无法加载模块:loginCount.php

[ 2014-08-15T09:33:59+08:00 ] 127.0.0.1 /mayning2/loginCount.php
INFO: [ route_check ] --START--
INFO: CheckRoute Behavior ::run [ RunTime:0.000654s ]
INFO: [ route_check ] --END-- [ RunTime:0.000735s ]
INFO: [ app_begin ] --START--
INFO: ReadHtmlCache Behavior ::run [ RunTime:0.000449s ]
INFO: [ app_begin ] --END-- [ RunTime:0.000505s ]
NOTIC: [8] Undefined variable: group C:\AppServ\www\mayning2\ThinkPHP\Lib\Core\App.class.php 第 95 行.
ERR: 无法加载模块:loginCount.php

[ 2014-08-15T09:33:59+08:00 ] 127.0.0.1 /mayning2/loginCount.php
INFO: [ route_check ] --START--
INFO: CheckRoute Behavior ::run [ RunTime:0.000777s ]
INFO: [ route_check ] --END-- [ RunTime:0.000881s ]
INFO: [ app_begin ] --START--
INFO: ReadHtmlCache Behavior ::run [ RunTime:0.000514s ]
INFO: [ app_begin ] --END-- [ RunTime:0.000587s ]
NOTIC: [8] Undefined variable: group C:\AppServ\www\mayning2\ThinkPHP\Lib\Core\App.class.php 第 95 行.
ERR: 无法加载模块:loginCount.php

[ 2014-08-15T10:05:52+08:00 ] 127.0.0.1 /mayning2/admin.phpgologin
INFO: [ route_check ] --START--
INFO: CheckRoute Behavior ::run [ RunTime:0.001257s ]
INFO: [ route_check ] --END-- [ RunTime:0.001396s ]
INFO: [ app_begin ] --START--
INFO: ReadHtmlCache Behavior ::run [ RunTime:0.000820s ]
INFO: [ app_begin ] --END-- [ RunTime:0.000933s ]
NOTIC: [8] Undefined variable: group C:\AppServ\www\mayning2\ThinkPHP\Lib\Core\App.class.php 第 95 行.
ERR: 无法加载模块:admin.phpgologin

[ 2014-08-15T10:06:13+08:00 ] 127.0.0.1 /mayning2/Login/gologin
INFO: [ route_check ] --START--
INFO: CheckRoute Behavior ::run [ RunTime:0.001846s ]
INFO: [ route_check ] --END-- [ RunTime:0.001988s ]
INFO: [ app_begin ] --START--
INFO: ReadHtmlCache Behavior ::run [ RunTime:0.001399s ]
INFO: [ app_begin ] --END-- [ RunTime:0.001515s ]
ERR: 无法加载模块:Login

[ 2014-08-15 21:26:26 ] 127.0.0.1 /mayning/
INFO: [ app_begin ] --START--
INFO: ReadHtmlCache Behavior ::run [ RunTime:0.033631s ]
INFO: [ app_begin ] --END-- [ RunTime:0.070530s ]
NOTIC: [2] mysql_connect() [<a href='function.mysql-connect'>function.mysql-connect</a>]: Can't connect to MySQL server on 'localhost' (10061) E:\AppServ\www\mayning\ThinkPHP\Lib\Driver\Db\DbMysql.class.php 第 55 行.
ERR: Can't connect to MySQL server on 'localhost' (10061)

[ 2014-08-15 22:00:58 ] 127.0.0.1 /mayning/
INFO: [ app_begin ] --START--
INFO: ReadHtmlCache Behavior ::run [ RunTime:0.013979s ]
INFO: [ app_begin ] --END-- [ RunTime:0.014565s ]
SQL: SHOW COLUMNS FROM `contents` [ RunTime:0.004770s ]
SQL: SELECT * FROM `contents` WHERE (  enable=1 and cateid=3  ) LIMIT 1   [ RunTime:0.000601s ]
SQL: SELECT * FROM `contents` WHERE (  enable=1 and cateid=2  ) LIMIT 1   [ RunTime:0.000381s ]
SQL: SHOW COLUMNS FROM `products` [ RunTime:0.004716s ]
SQL: SELECT * FROM `products` WHERE (  enable=1 and state=1  )  [ RunTime:0.000500s ]
SQL: SELECT * FROM `products` WHERE (  enable=1 and state=2  )  [ RunTime:0.000311s ]
INFO: [ view_parse ] --START--
INFO: ParseTemplate Behavior ::run [ RunTime:0.353079s ]
INFO: [ view_parse ] --END-- [ RunTime:0.353476s ]
INFO: [ view_filter ] --START--
INFO: ContentReplace Behavior ::run [ RunTime:0.008393s ]
INFO: TokenBuild Behavior ::run [ RunTime:0.086033s ]
INFO: WriteHtmlCache Behavior ::run [ RunTime:0.004791s ]
INFO: ShowRuntime Behavior ::run [ RunTime:0.003738s ]
INFO: [ view_filter ] --END-- [ RunTime:0.103421s ]
INFO: [ view_end ] --START--
INFO: ShowPageTrace Behavior ::run [ RunTime:0.004618s ]
INFO: [ view_end ] --END-- [ RunTime:0.004861s ]

