[ 2014-09-14 02:38:45 ] 123.125.71.106 /index.php/Index/product?procate=26
INFO: [ route_check ] --START--
INFO: CheckRoute Behavior ::run [ RunTime:0.001998s ]
INFO: [ route_check ] --END-- [ RunTime:0.002109s ]
INFO: [ app_begin ] --START--
INFO: ReadHtmlCache Behavior ::run [ RunTime:0.001532s ]
INFO: [ app_begin ] --END-- [ RunTime:0.001625s ]
SQL: SHOW COLUMNS FROM `contents` [ RunTime:0.002587s ]
SQL: SELECT * FROM `contents` WHERE (  enable=1 and cateid=4  ) LIMIT 1   [ RunTime:0.000374s ]
SQL: SELECT * FROM `contents` WHERE (  enable=1 and cateid=1  ) LIMIT 1   [ RunTime:0.000269s ]
SQL: SHOW COLUMNS FROM `visters` [ RunTime:0.002339s ]
SQL: INSERT INTO `visters` (`ctime`,`info`,`ip`,`page`) VALUES ('2014-09-14 02:38','中国 北京 北京、Other简体中文系统、Other浏览器、','123.125.71.106','产品页面') [ RunTime:0.010162s ]
SQL: SHOW COLUMNS FROM `procate` [ RunTime:0.002370s ]
SQL: SHOW COLUMNS FROM `products` [ RunTime:0.002343s ]
NOTIC: [8] Undefined index:  procate2 D:\enkjhost\mayning1\web\home\Lib\Action\IndexAction.class.php 第 176 行.
SQL: SELECT * FROM `procate` WHERE ( id=26 ) LIMIT 1   [ RunTime:0.000297s ]
SQL: SELECT * FROM `procate` WHERE ( id=%d ) LIMIT 1   [ RunTime:0.000172s ]
ERR: 1064:You have an error in your SQL syntax; check the manual that corresponds to your MySQL server version for the right syntax to use near '%d ) LIMIT 1' at line 1
 [ SQL语句 ] : SELECT * FROM `procate` WHERE ( id=%d ) LIMIT 1  
SQL: SELECT * FROM `procate` WHERE ( pid=26 )  [ RunTime:0.000316s ]
SQL: select count(*) as count from products a left join procate b on a.proid = b.id where 1=1 and a.enable=1 and b.enable=1  and ( b.pid=26 or b.id=26) [ RunTime:0.000582s ]
SQL: select a.id,a.title,a.info,a.imgs,a.ctime from products a left join procate b on a.proid = b.id where 1=1 and a.enable=1 and b.enable=1  and ( b.pid=26 or b.id=26) order by a.sorts desc limit 0,9 [ RunTime:0.001075s ]
SQL: SELECT * FROM `procate` WHERE (  enable =1 and pid=0  )  [ RunTime:0.000340s ]
INFO: [ view_parse ] --START--
INFO: ParseTemplate Behavior ::run [ RunTime:0.025201s ]
INFO: [ view_parse ] --END-- [ RunTime:0.025310s ]
INFO: [ view_filter ] --START--
INFO: ContentReplace Behavior ::run [ RunTime:0.001318s ]
INFO: TokenBuild Behavior ::run [ RunTime:0.001245s ]
INFO: WriteHtmlCache Behavior ::run [ RunTime:0.001050s ]
INFO: ShowRuntime Behavior ::run [ RunTime:0.001379s ]
INFO: [ view_filter ] --END-- [ RunTime:0.005242s ]
INFO: [ view_end ] --START--
INFO: ShowPageTrace Behavior ::run [ RunTime:0.001278s ]
INFO: [ view_end ] --END-- [ RunTime:0.001348s ]

[ 2014-09-14 03:28:32 ] 220.181.108.80 /index.php/Index/productInfo?id=109
INFO: [ route_check ] --START--
INFO: CheckRoute Behavior ::run [ RunTime:0.001543s ]
INFO: [ route_check ] --END-- [ RunTime:0.001628s ]
INFO: [ app_begin ] --START--
INFO: ReadHtmlCache Behavior ::run [ RunTime:0.001180s ]
INFO: [ app_begin ] --END-- [ RunTime:0.001253s ]
SQL: SHOW COLUMNS FROM `contents` [ RunTime:0.002236s ]
SQL: SELECT * FROM `contents` WHERE (  enable=1 and cateid=4  ) LIMIT 1   [ RunTime:0.000258s ]
SQL: SELECT * FROM `contents` WHERE (  enable=1 and cateid=1  ) LIMIT 1   [ RunTime:0.000195s ]
SQL: SHOW COLUMNS FROM `visters` [ RunTime:0.002258s ]
SQL: INSERT INTO `visters` (`ctime`,`info`,`ip`,`page`) VALUES ('2014-09-14 03:28','中国 北京 北京、Other简体中文系统、Other浏览器、','220.181.108.80','产品详情页面') [ RunTime:0.010034s ]
SQL: SHOW COLUMNS FROM `procate` [ RunTime:0.002614s ]
SQL: SHOW COLUMNS FROM `products` [ RunTime:0.002422s ]
NOTIC: [8] Undefined index:  procate D:\enkjhost\mayning1\web\home\Lib\Action\IndexAction.class.php 第 243 行.
NOTIC: [8] Undefined index:  procate2 D:\enkjhost\mayning1\web\home\Lib\Action\IndexAction.class.php 第 244 行.
SQL: SELECT * FROM `procate` WHERE ( id=%d ) LIMIT 1   [ RunTime:0.000181s ]
ERR: 1064:You have an error in your SQL syntax; check the manual that corresponds to your MySQL server version for the right syntax to use near '%d ) LIMIT 1' at line 1
 [ SQL语句 ] : SELECT * FROM `procate` WHERE ( id=%d ) LIMIT 1  
SQL: SELECT * FROM `procate` WHERE ( id=%d ) LIMIT 1   [ RunTime:0.000149s ]
ERR: 1064:You have an error in your SQL syntax; check the manual that corresponds to your MySQL server version for the right syntax to use near '%d ) LIMIT 1' at line 1
 [ SQL语句 ] : SELECT * FROM `procate` WHERE ( id=%d ) LIMIT 1  
SQL: SELECT * FROM `procate` WHERE (  enable =1 and pid=0  )  [ RunTime:0.000396s ]
SQL: SELECT * FROM `products` WHERE (  id=109 ) LIMIT 1   [ RunTime:0.000538s ]
SQL: SELECT * FROM `procate` WHERE ( id=30 ) LIMIT 1   [ RunTime:0.000291s ]
SQL: SELECT * FROM `procate` WHERE ( id=20 ) LIMIT 1   [ RunTime:0.000287s ]
INFO: [ view_parse ] --START--
INFO: ParseTemplate Behavior ::run [ RunTime:0.019183s ]
INFO: [ view_parse ] --END-- [ RunTime:0.019275s ]
INFO: [ view_filter ] --START--
INFO: ContentReplace Behavior ::run [ RunTime:0.001088s ]
INFO: TokenBuild Behavior ::run [ RunTime:0.000963s ]
INFO: WriteHtmlCache Behavior ::run [ RunTime:0.000795s ]
INFO: ShowRuntime Behavior ::run [ RunTime:0.001071s ]
INFO: [ view_filter ] --END-- [ RunTime:0.004108s ]
INFO: [ view_end ] --START--
INFO: ShowPageTrace Behavior ::run [ RunTime:0.001295s ]
INFO: [ view_end ] --END-- [ RunTime:0.001369s ]

[ 2014-09-14 04:07:08 ] 123.125.71.115 /index.php
INFO: [ app_begin ] --START--
INFO: ReadHtmlCache Behavior ::run [ RunTime:0.001552s ]
INFO: [ app_begin ] --END-- [ RunTime:0.001663s ]
SQL: SHOW COLUMNS FROM `contents` [ RunTime:0.002694s ]
SQL: SELECT * FROM `contents` WHERE (  enable=1 and cateid=4  ) LIMIT 1   [ RunTime:0.000339s ]
SQL: SELECT * FROM `contents` WHERE (  enable=1 and cateid=1  ) LIMIT 1   [ RunTime:0.000254s ]
SQL: SHOW COLUMNS FROM `visters` [ RunTime:0.002272s ]
SQL: INSERT INTO `visters` (`ctime`,`info`,`ip`,`page`) VALUES ('2014-09-14 04:07','中国 北京 北京、Other简体中文系统、Other浏览器、','123.125.71.115','系统首页') [ RunTime:0.008946s ]
SQL: SHOW COLUMNS FROM `products` [ RunTime:0.002445s ]
SQL: SELECT * FROM `products` WHERE (  enable=1 and state=1  ) ORDER BY  sorts desc  [ RunTime:0.001055s ]
SQL: SELECT * FROM `products` WHERE (  enable=1 and state=2  ) ORDER BY  sorts desc  [ RunTime:0.000835s ]
INFO: [ view_parse ] --START--
INFO: ParseTemplate Behavior ::run [ RunTime:0.021063s ]
INFO: [ view_parse ] --END-- [ RunTime:0.021173s ]
INFO: [ view_filter ] --START--
INFO: ContentReplace Behavior ::run [ RunTime:0.001294s ]
INFO: TokenBuild Behavior ::run [ RunTime:0.001232s ]
INFO: WriteHtmlCache Behavior ::run [ RunTime:0.001052s ]
INFO: ShowRuntime Behavior ::run [ RunTime:0.001391s ]
INFO: [ view_filter ] --END-- [ RunTime:0.005216s ]
INFO: [ view_end ] --START--
INFO: ShowPageTrace Behavior ::run [ RunTime:0.001639s ]
INFO: [ view_end ] --END-- [ RunTime:0.001734s ]

[ 2014-09-14 04:45:49 ] 66.249.64.92 /index.php
INFO: [ app_begin ] --START--
INFO: ReadHtmlCache Behavior ::run [ RunTime:0.001554s ]
INFO: [ app_begin ] --END-- [ RunTime:0.001664s ]
SQL: SHOW COLUMNS FROM `contents` [ RunTime:0.002108s ]
SQL: SELECT * FROM `contents` WHERE (  enable=1 and cateid=4  ) LIMIT 1   [ RunTime:0.000286s ]
SQL: SELECT * FROM `contents` WHERE (  enable=1 and cateid=1  ) LIMIT 1   [ RunTime:0.000213s ]
NOTIC: [8] Undefined index:  HTTP_ACCEPT_LANGUAGE D:\enkjhost\mayning1\web\home\Lib\Action\UtilAction.class.php 第 96 行.
SQL: SHOW COLUMNS FROM `visters` [ RunTime:0.002267s ]
SQL: INSERT INTO `visters` (`ctime`,`info`,`ip`,`page`) VALUES ('2014-09-14 04:45','美国 加利福尼亚 Mountain View、OtherEnglish系统、Other浏览器、','66.249.64.92','系统首页') [ RunTime:0.008995s ]
SQL: SHOW COLUMNS FROM `products` [ RunTime:0.002493s ]
SQL: SELECT * FROM `products` WHERE (  enable=1 and state=1  ) ORDER BY  sorts desc  [ RunTime:0.001336s ]
SQL: SELECT * FROM `products` WHERE (  enable=1 and state=2  ) ORDER BY  sorts desc  [ RunTime:0.001004s ]
INFO: [ view_parse ] --START--
INFO: ParseTemplate Behavior ::run [ RunTime:0.021184s ]
INFO: [ view_parse ] --END-- [ RunTime:0.021294s ]
INFO: [ view_filter ] --START--
INFO: ContentReplace Behavior ::run [ RunTime:0.001325s ]
INFO: TokenBuild Behavior ::run [ RunTime:0.001263s ]
INFO: WriteHtmlCache Behavior ::run [ RunTime:0.001059s ]
INFO: ShowRuntime Behavior ::run [ RunTime:0.001383s ]
INFO: [ view_filter ] --END-- [ RunTime:0.005280s ]
INFO: [ view_end ] --START--
INFO: ShowPageTrace Behavior ::run [ RunTime:0.001639s ]
INFO: [ view_end ] --END-- [ RunTime:0.001732s ]

[ 2014-09-14 04:46:20 ] 203.208.60.177 /index.php
INFO: [ app_begin ] --START--
INFO: ReadHtmlCache Behavior ::run [ RunTime:0.001552s ]
INFO: [ app_begin ] --END-- [ RunTime:0.001664s ]
SQL: SHOW COLUMNS FROM `contents` [ RunTime:0.002500s ]
SQL: SELECT * FROM `contents` WHERE (  enable=1 and cateid=4  ) LIMIT 1   [ RunTime:0.000364s ]
SQL: SELECT * FROM `contents` WHERE (  enable=1 and cateid=1  ) LIMIT 1   [ RunTime:0.000267s ]
NOTIC: [8] Undefined index:  HTTP_ACCEPT_LANGUAGE D:\enkjhost\mayning1\web\home\Lib\Action\UtilAction.class.php 第 96 行.
SQL: SHOW COLUMNS FROM `visters` [ RunTime:0.002458s ]
SQL: INSERT INTO `visters` (`ctime`,`info`,`ip`,`page`) VALUES ('2014-09-14 04:46','中国 北京 北京、OtherEnglish系统、Other浏览器、','203.208.60.177','系统首页') [ RunTime:0.010665s ]
SQL: SHOW COLUMNS FROM `products` [ RunTime:0.002642s ]
SQL: SELECT * FROM `products` WHERE (  enable=1 and state=1  ) ORDER BY  sorts desc  [ RunTime:0.001260s ]
SQL: SELECT * FROM `products` WHERE (  enable=1 and state=2  ) ORDER BY  sorts desc  [ RunTime:0.000947s ]
INFO: [ view_parse ] --START--
INFO: ParseTemplate Behavior ::run [ RunTime:0.020842s ]
INFO: [ view_parse ] --END-- [ RunTime:0.020956s ]
INFO: [ view_filter ] --START--
INFO: ContentReplace Behavior ::run [ RunTime:0.001278s ]
INFO: TokenBuild Behavior ::run [ RunTime:0.001238s ]
INFO: WriteHtmlCache Behavior ::run [ RunTime:0.001077s ]
INFO: ShowRuntime Behavior ::run [ RunTime:0.001052s ]
INFO: [ view_filter ] --END-- [ RunTime:0.004868s ]
INFO: [ view_end ] --START--
INFO: ShowPageTrace Behavior ::run [ RunTime:0.001246s ]
INFO: [ view_end ] --END-- [ RunTime:0.001317s ]

[ 2014-09-14 04:51:53 ] 66.249.64.96 /index.php
INFO: [ app_begin ] --START--
INFO: ReadHtmlCache Behavior ::run [ RunTime:0.001184s ]
INFO: [ app_begin ] --END-- [ RunTime:0.001268s ]
SQL: SHOW COLUMNS FROM `contents` [ RunTime:0.001999s ]
SQL: SELECT * FROM `contents` WHERE (  enable=1 and cateid=4  ) LIMIT 1   [ RunTime:0.000279s ]
SQL: SELECT * FROM `contents` WHERE (  enable=1 and cateid=1  ) LIMIT 1   [ RunTime:0.000243s ]
NOTIC: [8] Undefined index:  HTTP_ACCEPT_LANGUAGE D:\enkjhost\mayning1\web\home\Lib\Action\UtilAction.class.php 第 96 行.
SQL: SHOW COLUMNS FROM `visters` [ RunTime:0.002319s ]
SQL: INSERT INTO `visters` (`ctime`,`info`,`ip`,`page`) VALUES ('2014-09-14 04:51','美国 加利福尼亚 Mountain View、OtherEnglish系统、Other浏览器、','66.249.64.96','系统首页') [ RunTime:0.008792s ]
SQL: SHOW COLUMNS FROM `products` [ RunTime:0.002367s ]
SQL: SELECT * FROM `products` WHERE (  enable=1 and state=1  ) ORDER BY  sorts desc  [ RunTime:0.001281s ]
SQL: SELECT * FROM `products` WHERE (  enable=1 and state=2  ) ORDER BY  sorts desc  [ RunTime:0.000986s ]
INFO: [ view_parse ] --START--
INFO: ParseTemplate Behavior ::run [ RunTime:0.020871s ]
INFO: [ view_parse ] --END-- [ RunTime:0.020982s ]
INFO: [ view_filter ] --START--
INFO: ContentReplace Behavior ::run [ RunTime:0.001283s ]
INFO: TokenBuild Behavior ::run [ RunTime:0.001242s ]
INFO: WriteHtmlCache Behavior ::run [ RunTime:0.001057s ]
INFO: ShowRuntime Behavior ::run [ RunTime:0.001379s ]
INFO: [ view_filter ] --END-- [ RunTime:0.005208s ]
INFO: [ view_end ] --START--
INFO: ShowPageTrace Behavior ::run [ RunTime:0.001435s ]
INFO: [ view_end ] --END-- [ RunTime:0.001517s ]

[ 2014-09-14 04:52:25 ] 203.208.60.141 /index.php
INFO: [ app_begin ] --START--
INFO: ReadHtmlCache Behavior ::run [ RunTime:0.001536s ]
INFO: [ app_begin ] --END-- [ RunTime:0.001646s ]
SQL: SHOW COLUMNS FROM `contents` [ RunTime:0.001999s ]
SQL: SELECT * FROM `contents` WHERE (  enable=1 and cateid=4  ) LIMIT 1   [ RunTime:0.000264s ]
SQL: SELECT * FROM `contents` WHERE (  enable=1 and cateid=1  ) LIMIT 1   [ RunTime:0.000223s ]
NOTIC: [8] Undefined index:  HTTP_ACCEPT_LANGUAGE D:\enkjhost\mayning1\web\home\Lib\Action\UtilAction.class.php 第 96 行.
SQL: SHOW COLUMNS FROM `visters` [ RunTime:0.002233s ]
SQL: INSERT INTO `visters` (`ctime`,`info`,`ip`,`page`) VALUES ('2014-09-14 04:52','中国 北京 北京、OtherEnglish系统、Other浏览器、','203.208.60.141','系统首页') [ RunTime:0.009047s ]
SQL: SHOW COLUMNS FROM `products` [ RunTime:0.002451s ]
SQL: SELECT * FROM `products` WHERE (  enable=1 and state=1  ) ORDER BY  sorts desc  [ RunTime:0.001326s ]
SQL: SELECT * FROM `products` WHERE (  enable=1 and state=2  ) ORDER BY  sorts desc  [ RunTime:0.000928s ]
INFO: [ view_parse ] --START--
INFO: ParseTemplate Behavior ::run [ RunTime:0.020113s ]
INFO: [ view_parse ] --END-- [ RunTime:0.020215s ]
INFO: [ view_filter ] --START--
INFO: ContentReplace Behavior ::run [ RunTime:0.001074s ]
INFO: TokenBuild Behavior ::run [ RunTime:0.001049s ]
INFO: WriteHtmlCache Behavior ::run [ RunTime:0.000891s ]
INFO: ShowRuntime Behavior ::run [ RunTime:0.001162s ]
INFO: [ view_filter ] --END-- [ RunTime:0.004382s ]
INFO: [ view_end ] --START--
INFO: ShowPageTrace Behavior ::run [ RunTime:0.001396s ]
INFO: [ view_end ] --END-- [ RunTime:0.001475s ]

[ 2014-09-14 05:40:02 ] 66.249.64.78 /index.php/Index/productInfo?id=31
INFO: [ route_check ] --START--
INFO: CheckRoute Behavior ::run [ RunTime:0.001780s ]
INFO: [ route_check ] --END-- [ RunTime:0.001881s ]
INFO: [ app_begin ] --START--
INFO: ReadHtmlCache Behavior ::run [ RunTime:0.001185s ]
INFO: [ app_begin ] --END-- [ RunTime:0.001258s ]
SQL: SHOW COLUMNS FROM `contents` [ RunTime:0.001942s ]
SQL: SELECT * FROM `contents` WHERE (  enable=1 and cateid=4  ) LIMIT 1   [ RunTime:0.000261s ]
SQL: SELECT * FROM `contents` WHERE (  enable=1 and cateid=1  ) LIMIT 1   [ RunTime:0.000210s ]
NOTIC: [8] Undefined index:  HTTP_ACCEPT_LANGUAGE D:\enkjhost\mayning1\web\home\Lib\Action\UtilAction.class.php 第 96 行.
SQL: SHOW COLUMNS FROM `visters` [ RunTime:0.002636s ]
SQL: INSERT INTO `visters` (`ctime`,`info`,`ip`,`page`) VALUES ('2014-09-14 05:40','美国 加利福尼亚 Mountain View、MACEnglish系统、Safari浏览器、','66.249.64.78','产品详情页面') [ RunTime:0.009349s ]
SQL: SHOW COLUMNS FROM `procate` [ RunTime:0.002583s ]
SQL: SHOW COLUMNS FROM `products` [ RunTime:0.002235s ]
NOTIC: [8] Undefined index:  procate D:\enkjhost\mayning1\web\home\Lib\Action\IndexAction.class.php 第 243 行.
NOTIC: [8] Undefined index:  procate2 D:\enkjhost\mayning1\web\home\Lib\Action\IndexAction.class.php 第 244 行.
SQL: SELECT * FROM `procate` WHERE ( id=%d ) LIMIT 1   [ RunTime:0.000190s ]
ERR: 1064:You have an error in your SQL syntax; check the manual that corresponds to your MySQL server version for the right syntax to use near '%d ) LIMIT 1' at line 1
 [ SQL语句 ] : SELECT * FROM `procate` WHERE ( id=%d ) LIMIT 1  
SQL: SELECT * FROM `procate` WHERE ( id=%d ) LIMIT 1   [ RunTime:0.000169s ]
ERR: 1064:You have an error in your SQL syntax; check the manual that corresponds to your MySQL server version for the right syntax to use near '%d ) LIMIT 1' at line 1
 [ SQL语句 ] : SELECT * FROM `procate` WHERE ( id=%d ) LIMIT 1  
SQL: SELECT * FROM `procate` WHERE (  enable =1 and pid=0  )  [ RunTime:0.000366s ]
SQL: SELECT * FROM `products` WHERE (  id=31 ) LIMIT 1   [ RunTime:0.000307s ]
SQL: SELECT * FROM `procate` WHERE ( id=26 ) LIMIT 1   [ RunTime:0.000264s ]
SQL: SELECT * FROM `procate` WHERE ( id=0 ) LIMIT 1   [ RunTime:0.000253s ]
INFO: [ view_parse ] --START--
INFO: ParseTemplate Behavior ::run [ RunTime:0.019740s ]
INFO: [ view_parse ] --END-- [ RunTime:0.019833s ]
INFO: [ view_filter ] --START--
INFO: ContentReplace Behavior ::run [ RunTime:0.000982s ]
INFO: TokenBuild Behavior ::run [ RunTime:0.000951s ]
INFO: WriteHtmlCache Behavior ::run [ RunTime:0.000800s ]
INFO: ShowRuntime Behavior ::run [ RunTime:0.001042s ]
INFO: [ view_filter ] --END-- [ RunTime:0.003961s ]
INFO: [ view_end ] --START--
INFO: ShowPageTrace Behavior ::run [ RunTime:0.001261s ]
INFO: [ view_end ] --END-- [ RunTime:0.001333s ]

[ 2014-09-14 05:40:30 ] 203.208.60.206 /index.php/Index/productInfo?id=31
INFO: [ route_check ] --START--
INFO: CheckRoute Behavior ::run [ RunTime:0.001695s ]
INFO: [ route_check ] --END-- [ RunTime:0.001790s ]
INFO: [ app_begin ] --START--
INFO: ReadHtmlCache Behavior ::run [ RunTime:0.001291s ]
INFO: [ app_begin ] --END-- [ RunTime:0.001369s ]
SQL: SHOW COLUMNS FROM `contents` [ RunTime:0.002173s ]
SQL: SELECT * FROM `contents` WHERE (  enable=1 and cateid=4  ) LIMIT 1   [ RunTime:0.000348s ]
SQL: SELECT * FROM `contents` WHERE (  enable=1 and cateid=1  ) LIMIT 1   [ RunTime:0.000227s ]
NOTIC: [8] Undefined index:  HTTP_ACCEPT_LANGUAGE D:\enkjhost\mayning1\web\home\Lib\Action\UtilAction.class.php 第 96 行.
SQL: SHOW COLUMNS FROM `visters` [ RunTime:0.002503s ]
SQL: INSERT INTO `visters` (`ctime`,`info`,`ip`,`page`) VALUES ('2014-09-14 05:40','中国 北京 北京、MACEnglish系统、Safari浏览器、','203.208.60.206','产品详情页面') [ RunTime:0.010117s ]
SQL: SHOW COLUMNS FROM `procate` [ RunTime:0.002593s ]
SQL: SHOW COLUMNS FROM `products` [ RunTime:0.002217s ]
NOTIC: [8] Undefined index:  procate D:\enkjhost\mayning1\web\home\Lib\Action\IndexAction.class.php 第 243 行.
NOTIC: [8] Undefined index:  procate2 D:\enkjhost\mayning1\web\home\Lib\Action\IndexAction.class.php 第 244 行.
SQL: SELECT * FROM `procate` WHERE ( id=%d ) LIMIT 1   [ RunTime:0.000179s ]
ERR: 1064:You have an error in your SQL syntax; check the manual that corresponds to your MySQL server version for the right syntax to use near '%d ) LIMIT 1' at line 1
 [ SQL语句 ] : SELECT * FROM `procate` WHERE ( id=%d ) LIMIT 1  
SQL: SELECT * FROM `procate` WHERE ( id=%d ) LIMIT 1   [ RunTime:0.000166s ]
ERR: 1064:You have an error in your SQL syntax; check the manual that corresponds to your MySQL server version for the right syntax to use near '%d ) LIMIT 1' at line 1
 [ SQL语句 ] : SELECT * FROM `procate` WHERE ( id=%d ) LIMIT 1  
SQL: SELECT * FROM `procate` WHERE (  enable =1 and pid=0  )  [ RunTime:0.000360s ]
SQL: SELECT * FROM `products` WHERE (  id=31 ) LIMIT 1   [ RunTime:0.000312s ]
SQL: SELECT * FROM `procate` WHERE ( id=26 ) LIMIT 1   [ RunTime:0.000268s ]
SQL: SELECT * FROM `procate` WHERE ( id=0 ) LIMIT 1   [ RunTime:0.000251s ]
INFO: [ view_parse ] --START--
INFO: ParseTemplate Behavior ::run [ RunTime:0.019895s ]
INFO: [ view_parse ] --END-- [ RunTime:0.019988s ]
INFO: [ view_filter ] --START--
INFO: ContentReplace Behavior ::run [ RunTime:0.000979s ]
INFO: TokenBuild Behavior ::run [ RunTime:0.000964s ]
INFO: WriteHtmlCache Behavior ::run [ RunTime:0.000813s ]
INFO: ShowRuntime Behavior ::run [ RunTime:0.001042s ]
INFO: [ view_filter ] --END-- [ RunTime:0.003984s ]
INFO: [ view_end ] --START--
INFO: ShowPageTrace Behavior ::run [ RunTime:0.001269s ]
INFO: [ view_end ] --END-- [ RunTime:0.001341s ]

[ 2014-09-14 05:40:35 ] 66.249.64.78 /index.php/Index/product
INFO: [ route_check ] --START--
INFO: CheckRoute Behavior ::run [ RunTime:0.002017s ]
INFO: [ route_check ] --END-- [ RunTime:0.002127s ]
INFO: [ app_begin ] --START--
INFO: ReadHtmlCache Behavior ::run [ RunTime:0.001545s ]
INFO: [ app_begin ] --END-- [ RunTime:0.001638s ]
SQL: SHOW COLUMNS FROM `contents` [ RunTime:0.001970s ]
SQL: SELECT * FROM `contents` WHERE (  enable=1 and cateid=4  ) LIMIT 1   [ RunTime:0.000258s ]
SQL: SELECT * FROM `contents` WHERE (  enable=1 and cateid=1  ) LIMIT 1   [ RunTime:0.000203s ]
NOTIC: [8] Undefined index:  HTTP_ACCEPT_LANGUAGE D:\enkjhost\mayning1\web\home\Lib\Action\UtilAction.class.php 第 96 行.
SQL: SHOW COLUMNS FROM `visters` [ RunTime:0.002164s ]
SQL: INSERT INTO `visters` (`ctime`,`info`,`ip`,`page`) VALUES ('2014-09-14 05:40','美国 加利福尼亚 Mountain View、MACEnglish系统、Safari浏览器、','66.249.64.78','产品页面') [ RunTime:0.011339s ]
SQL: SHOW COLUMNS FROM `procate` [ RunTime:0.002299s ]
SQL: SHOW COLUMNS FROM `products` [ RunTime:0.002224s ]
NOTIC: [8] Undefined index:  procate D:\enkjhost\mayning1\web\home\Lib\Action\IndexAction.class.php 第 175 行.
NOTIC: [8] Undefined index:  procate2 D:\enkjhost\mayning1\web\home\Lib\Action\IndexAction.class.php 第 176 行.
SQL: SELECT * FROM `procate` WHERE ( id=%d ) LIMIT 1   [ RunTime:0.000164s ]
ERR: 1064:You have an error in your SQL syntax; check the manual that corresponds to your MySQL server version for the right syntax to use near '%d ) LIMIT 1' at line 1
 [ SQL语句 ] : SELECT * FROM `procate` WHERE ( id=%d ) LIMIT 1  
SQL: SELECT * FROM `procate` WHERE ( id=%d ) LIMIT 1   [ RunTime:0.000154s ]
ERR: 1064:You have an error in your SQL syntax; check the manual that corresponds to your MySQL server version for the right syntax to use near '%d ) LIMIT 1' at line 1
 [ SQL语句 ] : SELECT * FROM `procate` WHERE ( id=%d ) LIMIT 1  
SQL: select count(*) as count from products a left join procate b on a.proid = b.id where 1=1 and a.enable=1 and b.enable=1  [ RunTime:0.000601s ]
SQL: select a.id,a.title,a.info,a.imgs,a.ctime from products a left join procate b on a.proid = b.id where 1=1 and a.enable=1 and b.enable=1  order by a.sorts desc limit 0,9 [ RunTime:0.000576s ]
SQL: SELECT * FROM `procate` WHERE (  enable =1 and pid=0  )  [ RunTime:0.000342s ]
NOTIC: [8] Undefined variable: cate2List D:\enkjhost\mayning1\web\home\Lib\Action\IndexAction.class.php 第 220 行.
INFO: [ view_parse ] --START--
INFO: ParseTemplate Behavior ::run [ RunTime:0.022976s ]
INFO: [ view_parse ] --END-- [ RunTime:0.023074s ]
INFO: [ view_filter ] --START--
INFO: ContentReplace Behavior ::run [ RunTime:0.001092s ]
INFO: TokenBuild Behavior ::run [ RunTime:0.001053s ]
INFO: WriteHtmlCache Behavior ::run [ RunTime:0.000883s ]
INFO: ShowRuntime Behavior ::run [ RunTime:0.001153s ]
INFO: [ view_filter ] --END-- [ RunTime:0.004390s ]
INFO: [ view_end ] --START--
INFO: ShowPageTrace Behavior ::run [ RunTime:0.001402s ]
INFO: [ view_end ] --END-- [ RunTime:0.001481s ]

[ 2014-09-14 05:43:23 ] 37.58.100.181 /index.php/Index/product?procate=20&procate2=31
INFO: [ route_check ] --START--
INFO: CheckRoute Behavior ::run [ RunTime:0.001539s ]
INFO: [ route_check ] --END-- [ RunTime:0.001626s ]
INFO: [ app_begin ] --START--
INFO: ReadHtmlCache Behavior ::run [ RunTime:0.001203s ]
INFO: [ app_begin ] --END-- [ RunTime:0.001274s ]
SQL: SHOW COLUMNS FROM `contents` [ RunTime:0.002008s ]
SQL: SELECT * FROM `contents` WHERE (  enable=1 and cateid=4  ) LIMIT 1   [ RunTime:0.000298s ]
SQL: SELECT * FROM `contents` WHERE (  enable=1 and cateid=1  ) LIMIT 1   [ RunTime:0.000180s ]
NOTIC: [8] Undefined index:  HTTP_ACCEPT_LANGUAGE D:\enkjhost\mayning1\web\home\Lib\Action\UtilAction.class.php 第 96 行.
SQL: SHOW COLUMNS FROM `visters` [ RunTime:0.002396s ]
SQL: INSERT INTO `visters` (`ctime`,`info`,`ip`,`page`) VALUES ('2014-09-14 05:43','荷兰  、OtherEnglish系统、Other浏览器、','37.58.100.181','产品页面') [ RunTime:0.010631s ]
SQL: SHOW COLUMNS FROM `procate` [ RunTime:0.001804s ]
SQL: SHOW COLUMNS FROM `products` [ RunTime:0.001772s ]
SQL: SELECT * FROM `procate` WHERE ( id=20 ) LIMIT 1   [ RunTime:0.000201s ]
SQL: SELECT * FROM `procate` WHERE ( id=31 ) LIMIT 1   [ RunTime:0.000178s ]
SQL: SELECT * FROM `procate` WHERE ( pid=20 )  [ RunTime:0.000215s ]
SQL: select count(*) as count from products a left join procate b on a.proid = b.id where 1=1 and a.enable=1 and b.enable=1  and ( b.pid=31 or b.id=31) [ RunTime:0.000399s ]
SQL: select a.id,a.title,a.info,a.imgs,a.ctime from products a left join procate b on a.proid = b.id where 1=1 and a.enable=1 and b.enable=1  and ( b.pid=31 or b.id=31) order by a.sorts desc limit 0,9 [ RunTime:0.000457s ]
SQL: SELECT * FROM `procate` WHERE (  enable =1 and pid=0  )  [ RunTime:0.000206s ]
INFO: [ view_parse ] --START--
INFO: ParseTemplate Behavior ::run [ RunTime:0.019421s ]
INFO: [ view_parse ] --END-- [ RunTime:0.019510s ]
INFO: [ view_filter ] --START--
INFO: ContentReplace Behavior ::run [ RunTime:0.001052s ]
INFO: TokenBuild Behavior ::run [ RunTime:0.000961s ]
INFO: WriteHtmlCache Behavior ::run [ RunTime:0.000825s ]
INFO: ShowRuntime Behavior ::run [ RunTime:0.001096s ]
INFO: [ view_filter ] --END-- [ RunTime:0.004127s ]
INFO: [ view_end ] --START--
INFO: ShowPageTrace Behavior ::run [ RunTime:0.001278s ]
INFO: [ view_end ] --END-- [ RunTime:0.001353s ]

[ 2014-09-14 13:08:21 ] 66.249.64.82 /index.php/Index/productInfo?id=111
INFO: [ route_check ] --START--
INFO: CheckRoute Behavior ::run [ RunTime:0.001577s ]
INFO: [ route_check ] --END-- [ RunTime:0.001664s ]
INFO: [ app_begin ] --START--
INFO: ReadHtmlCache Behavior ::run [ RunTime:0.001192s ]
INFO: [ app_begin ] --END-- [ RunTime:0.001265s ]
SQL: SHOW COLUMNS FROM `contents` [ RunTime:0.002245s ]
SQL: SELECT * FROM `contents` WHERE (  enable=1 and cateid=4  ) LIMIT 1   [ RunTime:0.000275s ]
SQL: SELECT * FROM `contents` WHERE (  enable=1 and cateid=1  ) LIMIT 1   [ RunTime:0.000194s ]
NOTIC: [8] Undefined index:  HTTP_ACCEPT_LANGUAGE D:\enkjhost\mayning1\web\home\Lib\Action\UtilAction.class.php 第 96 行.
SQL: SHOW COLUMNS FROM `visters` [ RunTime:0.002405s ]
SQL: INSERT INTO `visters` (`ctime`,`info`,`ip`,`page`) VALUES ('2014-09-14 13:08','美国 加利福尼亚 Mountain View、MACEnglish系统、Safari浏览器、','66.249.64.82','产品详情页面') [ RunTime:0.007938s ]
SQL: SHOW COLUMNS FROM `procate` [ RunTime:0.002367s ]
SQL: SHOW COLUMNS FROM `products` [ RunTime:0.002389s ]
NOTIC: [8] Undefined index:  procate D:\enkjhost\mayning1\web\home\Lib\Action\IndexAction.class.php 第 243 行.
NOTIC: [8] Undefined index:  procate2 D:\enkjhost\mayning1\web\home\Lib\Action\IndexAction.class.php 第 244 行.
SQL: SELECT * FROM `procate` WHERE ( id=%d ) LIMIT 1   [ RunTime:0.000181s ]
ERR: 1064:You have an error in your SQL syntax; check the manual that corresponds to your MySQL server version for the right syntax to use near '%d ) LIMIT 1' at line 1
 [ SQL语句 ] : SELECT * FROM `procate` WHERE ( id=%d ) LIMIT 1  
SQL: SELECT * FROM `procate` WHERE ( id=%d ) LIMIT 1   [ RunTime:0.000165s ]
ERR: 1064:You have an error in your SQL syntax; check the manual that corresponds to your MySQL server version for the right syntax to use near '%d ) LIMIT 1' at line 1
 [ SQL语句 ] : SELECT * FROM `procate` WHERE ( id=%d ) LIMIT 1  
SQL: SELECT * FROM `procate` WHERE (  enable =1 and pid=0  )  [ RunTime:0.000372s ]
SQL: SELECT * FROM `products` WHERE (  id=111 ) LIMIT 1   [ RunTime:0.000519s ]
SQL: SELECT * FROM `procate` WHERE ( id=23 ) LIMIT 1   [ RunTime:0.000268s ]
SQL: SELECT * FROM `procate` WHERE ( id=0 ) LIMIT 1   [ RunTime:0.000254s ]
INFO: [ view_parse ] --START--
INFO: ParseTemplate Behavior ::run [ RunTime:0.019877s ]
INFO: [ view_parse ] --END-- [ RunTime:0.019973s ]
INFO: [ view_filter ] --START--
INFO: ContentReplace Behavior ::run [ RunTime:0.001217s ]
INFO: TokenBuild Behavior ::run [ RunTime:0.001066s ]
INFO: WriteHtmlCache Behavior ::run [ RunTime:0.000897s ]
INFO: ShowRuntime Behavior ::run [ RunTime:0.001197s ]
INFO: [ view_filter ] --END-- [ RunTime:0.004589s ]
INFO: [ view_end ] --START--
INFO: ShowPageTrace Behavior ::run [ RunTime:0.001450s ]
INFO: [ view_end ] --END-- [ RunTime:0.001532s ]

[ 2014-09-14 14:02:59 ] 37.58.100.90 /index.php/Index/product
INFO: [ route_check ] --START--
INFO: CheckRoute Behavior ::run [ RunTime:0.001540s ]
INFO: [ route_check ] --END-- [ RunTime:0.001624s ]
INFO: [ app_begin ] --START--
INFO: ReadHtmlCache Behavior ::run [ RunTime:0.001180s ]
INFO: [ app_begin ] --END-- [ RunTime:0.001251s ]
SQL: SHOW COLUMNS FROM `contents` [ RunTime:0.002127s ]
SQL: SELECT * FROM `contents` WHERE (  enable=1 and cateid=4  ) LIMIT 1   [ RunTime:0.000267s ]
SQL: SELECT * FROM `contents` WHERE (  enable=1 and cateid=1  ) LIMIT 1   [ RunTime:0.000203s ]
NOTIC: [8] Undefined index:  HTTP_ACCEPT_LANGUAGE D:\enkjhost\mayning1\web\home\Lib\Action\UtilAction.class.php 第 96 行.
SQL: SHOW COLUMNS FROM `visters` [ RunTime:0.002667s ]
SQL: INSERT INTO `visters` (`ctime`,`info`,`ip`,`page`) VALUES ('2014-09-14 14:02','荷兰  、OtherEnglish系统、Other浏览器、','37.58.100.90','产品页面') [ RunTime:0.010249s ]
SQL: SHOW COLUMNS FROM `procate` [ RunTime:0.002604s ]
SQL: SHOW COLUMNS FROM `products` [ RunTime:0.002480s ]
NOTIC: [8] Undefined index:  procate D:\enkjhost\mayning1\web\home\Lib\Action\IndexAction.class.php 第 175 行.
NOTIC: [8] Undefined index:  procate2 D:\enkjhost\mayning1\web\home\Lib\Action\IndexAction.class.php 第 176 行.
SQL: SELECT * FROM `procate` WHERE ( id=%d ) LIMIT 1   [ RunTime:0.000177s ]
ERR: 1064:You have an error in your SQL syntax; check the manual that corresponds to your MySQL server version for the right syntax to use near '%d ) LIMIT 1' at line 1
 [ SQL语句 ] : SELECT * FROM `procate` WHERE ( id=%d ) LIMIT 1  
SQL: SELECT * FROM `procate` WHERE ( id=%d ) LIMIT 1   [ RunTime:0.000145s ]
ERR: 1064:You have an error in your SQL syntax; check the manual that corresponds to your MySQL server version for the right syntax to use near '%d ) LIMIT 1' at line 1
 [ SQL语句 ] : SELECT * FROM `procate` WHERE ( id=%d ) LIMIT 1  
SQL: select count(*) as count from products a left join procate b on a.proid = b.id where 1=1 and a.enable=1 and b.enable=1  [ RunTime:0.000626s ]
SQL: select a.id,a.title,a.info,a.imgs,a.ctime from products a left join procate b on a.proid = b.id where 1=1 and a.enable=1 and b.enable=1  order by a.sorts desc limit 0,9 [ RunTime:0.000546s ]
SQL: SELECT * FROM `procate` WHERE (  enable =1 and pid=0  )  [ RunTime:0.000344s ]
NOTIC: [8] Undefined variable: cate2List D:\enkjhost\mayning1\web\home\Lib\Action\IndexAction.class.php 第 220 行.
INFO: [ view_parse ] --START--
INFO: ParseTemplate Behavior ::run [ RunTime:0.024070s ]
INFO: [ view_parse ] --END-- [ RunTime:0.024164s ]
INFO: [ view_filter ] --START--
INFO: ContentReplace Behavior ::run [ RunTime:0.001001s ]
INFO: TokenBuild Behavior ::run [ RunTime:0.000957s ]
INFO: WriteHtmlCache Behavior ::run [ RunTime:0.000812s ]
INFO: ShowRuntime Behavior ::run [ RunTime:0.001052s ]
INFO: [ view_filter ] --END-- [ RunTime:0.004013s ]
INFO: [ view_end ] --START--
INFO: ShowPageTrace Behavior ::run [ RunTime:0.001259s ]
INFO: [ view_end ] --END-- [ RunTime:0.001333s ]

[ 2014-09-14 14:13:27 ] 185.10.104.195 /index.php
INFO: [ app_begin ] --START--
INFO: ReadHtmlCache Behavior ::run [ RunTime:0.001182s ]
INFO: [ app_begin ] --END-- [ RunTime:0.001266s ]
SQL: SHOW COLUMNS FROM `contents` [ RunTime:0.002029s ]
SQL: SELECT * FROM `contents` WHERE (  enable=1 and cateid=4  ) LIMIT 1   [ RunTime:0.000273s ]
SQL: SELECT * FROM `contents` WHERE (  enable=1 and cateid=1  ) LIMIT 1   [ RunTime:0.000181s ]
SQL: SHOW COLUMNS FROM `visters` [ RunTime:0.002557s ]
SQL: INSERT INTO `visters` (`ctime`,`info`,`ip`,`page`) VALUES ('2014-09-14 14:13','欧盟  、WindowsEnglish系统、Firefox浏览器、','185.10.104.195','系统首页') [ RunTime:0.010208s ]
SQL: SHOW COLUMNS FROM `products` [ RunTime:0.002615s ]
SQL: SELECT * FROM `products` WHERE (  enable=1 and state=1  ) ORDER BY  sorts desc  [ RunTime:0.001241s ]
SQL: SELECT * FROM `products` WHERE (  enable=1 and state=2  ) ORDER BY  sorts desc  [ RunTime:0.000949s ]
INFO: [ view_parse ] --START--
INFO: ParseTemplate Behavior ::run [ RunTime:0.020228s ]
INFO: [ view_parse ] --END-- [ RunTime:0.020331s ]
INFO: [ view_filter ] --START--
INFO: ContentReplace Behavior ::run [ RunTime:0.001087s ]
INFO: TokenBuild Behavior ::run [ RunTime:0.001037s ]
INFO: WriteHtmlCache Behavior ::run [ RunTime:0.000884s ]
INFO: ShowRuntime Behavior ::run [ RunTime:0.001157s ]
INFO: [ view_filter ] --END-- [ RunTime:0.004378s ]
INFO: [ view_end ] --START--
INFO: ShowPageTrace Behavior ::run [ RunTime:0.001387s ]
INFO: [ view_end ] --END-- [ RunTime:0.001469s ]

[ 2014-09-14 15:29:28 ] 123.125.71.18 /index.php
INFO: [ app_begin ] --START--
INFO: ReadHtmlCache Behavior ::run [ RunTime:0.001549s ]
INFO: [ app_begin ] --END-- [ RunTime:0.001663s ]
SQL: SHOW COLUMNS FROM `contents` [ RunTime:0.002688s ]
SQL: SELECT * FROM `contents` WHERE (  enable=1 and cateid=4  ) LIMIT 1   [ RunTime:0.000338s ]
SQL: SELECT * FROM `contents` WHERE (  enable=1 and cateid=1  ) LIMIT 1   [ RunTime:0.000237s ]
SQL: SHOW COLUMNS FROM `visters` [ RunTime:0.002678s ]
SQL: INSERT INTO `visters` (`ctime`,`info`,`ip`,`page`) VALUES ('2014-09-14 15:29','中国 北京 北京、Other简体中文系统、Other浏览器、','123.125.71.18','系统首页') [ RunTime:0.011256s ]
SQL: SHOW COLUMNS FROM `products` [ RunTime:0.002721s ]
SQL: SELECT * FROM `products` WHERE (  enable=1 and state=1  ) ORDER BY  sorts desc  [ RunTime:0.001282s ]
SQL: SELECT * FROM `products` WHERE (  enable=1 and state=2  ) ORDER BY  sorts desc  [ RunTime:0.000994s ]
INFO: [ view_parse ] --START--
INFO: ParseTemplate Behavior ::run [ RunTime:0.021578s ]
INFO: [ view_parse ] --END-- [ RunTime:0.021693s ]
INFO: [ view_filter ] --START--
INFO: ContentReplace Behavior ::run [ RunTime:0.001285s ]
INFO: TokenBuild Behavior ::run [ RunTime:0.001236s ]
INFO: WriteHtmlCache Behavior ::run [ RunTime:0.001057s ]
INFO: ShowRuntime Behavior ::run [ RunTime:0.001380s ]
INFO: [ view_filter ] --END-- [ RunTime:0.005210s ]
INFO: [ view_end ] --START--
INFO: ShowPageTrace Behavior ::run [ RunTime:0.001639s ]
INFO: [ view_end ] --END-- [ RunTime:0.001736s ]

[ 2014-09-14 16:43:14 ] 61.135.190.103 /index.php
INFO: [ app_begin ] --START--
INFO: ReadHtmlCache Behavior ::run [ RunTime:0.001585s ]
INFO: [ app_begin ] --END-- [ RunTime:0.001683s ]
SQL: SHOW COLUMNS FROM `contents` [ RunTime:0.002049s ]
SQL: SELECT * FROM `contents` WHERE (  enable=1 and cateid=4  ) LIMIT 1   [ RunTime:0.000259s ]
SQL: SELECT * FROM `contents` WHERE (  enable=1 and cateid=1  ) LIMIT 1   [ RunTime:0.000181s ]
SQL: SHOW COLUMNS FROM `visters` [ RunTime:0.002660s ]
SQL: INSERT INTO `visters` (`ctime`,`info`,`ip`,`page`) VALUES ('2014-09-14 16:43','中国 北京 北京、WindowsEnglish系统、Firefox浏览器、','61.135.190.103','系统首页') [ RunTime:0.009141s ]
SQL: SHOW COLUMNS FROM `products` [ RunTime:0.002016s ]
SQL: SELECT * FROM `products` WHERE (  enable=1 and state=1  ) ORDER BY  sorts desc  [ RunTime:0.000719s ]
SQL: SELECT * FROM `products` WHERE (  enable=1 and state=2  ) ORDER BY  sorts desc  [ RunTime:0.000479s ]
INFO: [ view_parse ] --START--
INFO: ParseTemplate Behavior ::run [ RunTime:0.016326s ]
INFO: [ view_parse ] --END-- [ RunTime:0.016418s ]
INFO: [ view_filter ] --START--
INFO: ContentReplace Behavior ::run [ RunTime:0.001006s ]
INFO: TokenBuild Behavior ::run [ RunTime:0.000945s ]
INFO: WriteHtmlCache Behavior ::run [ RunTime:0.000830s ]
INFO: ShowRuntime Behavior ::run [ RunTime:0.001078s ]
INFO: [ view_filter ] --END-- [ RunTime:0.004054s ]
INFO: [ view_end ] --START--
INFO: ShowPageTrace Behavior ::run [ RunTime:0.001294s ]
INFO: [ view_end ] --END-- [ RunTime:0.001368s ]

[ 2014-09-14 17:02:17 ] 37.58.100.75 /index.php/Index/productInfo?id=33
INFO: [ route_check ] --START--
INFO: CheckRoute Behavior ::run [ RunTime:0.001541s ]
INFO: [ route_check ] --END-- [ RunTime:0.001630s ]
INFO: [ app_begin ] --START--
INFO: ReadHtmlCache Behavior ::run [ RunTime:0.001178s ]
INFO: [ app_begin ] --END-- [ RunTime:0.001252s ]
SQL: SHOW COLUMNS FROM `contents` [ RunTime:0.001945s ]
SQL: SELECT * FROM `contents` WHERE (  enable=1 and cateid=4  ) LIMIT 1   [ RunTime:0.000261s ]
SQL: SELECT * FROM `contents` WHERE (  enable=1 and cateid=1  ) LIMIT 1   [ RunTime:0.000183s ]
NOTIC: [8] Undefined index:  HTTP_ACCEPT_LANGUAGE D:\enkjhost\mayning1\web\home\Lib\Action\UtilAction.class.php 第 96 行.
SQL: SHOW COLUMNS FROM `visters` [ RunTime:0.002641s ]
SQL: INSERT INTO `visters` (`ctime`,`info`,`ip`,`page`) VALUES ('2014-09-14 17:02','荷兰  、OtherEnglish系统、Other浏览器、','37.58.100.75','产品详情页面') [ RunTime:0.008214s ]
SQL: SHOW COLUMNS FROM `procate` [ RunTime:0.001804s ]
SQL: SHOW COLUMNS FROM `products` [ RunTime:0.001791s ]
NOTIC: [8] Undefined index:  procate D:\enkjhost\mayning1\web\home\Lib\Action\IndexAction.class.php 第 243 行.
NOTIC: [8] Undefined index:  procate2 D:\enkjhost\mayning1\web\home\Lib\Action\IndexAction.class.php 第 244 行.
SQL: SELECT * FROM `procate` WHERE ( id=%d ) LIMIT 1   [ RunTime:0.000121s ]
ERR: 1064:You have an error in your SQL syntax; check the manual that corresponds to your MySQL server version for the right syntax to use near '%d ) LIMIT 1' at line 1
 [ SQL语句 ] : SELECT * FROM `procate` WHERE ( id=%d ) LIMIT 1  
SQL: SELECT * FROM `procate` WHERE ( id=%d ) LIMIT 1   [ RunTime:0.000103s ]
ERR: 1064:You have an error in your SQL syntax; check the manual that corresponds to your MySQL server version for the right syntax to use near '%d ) LIMIT 1' at line 1
 [ SQL语句 ] : SELECT * FROM `procate` WHERE ( id=%d ) LIMIT 1  
SQL: SELECT * FROM `procate` WHERE (  enable =1 and pid=0  )  [ RunTime:0.000276s ]
SQL: SELECT * FROM `products` WHERE (  id=33 ) LIMIT 1   [ RunTime:0.000202s ]
SQL: SELECT * FROM `procate` WHERE ( id=25 ) LIMIT 1   [ RunTime:0.000176s ]
SQL: SELECT * FROM `procate` WHERE ( id=0 ) LIMIT 1   [ RunTime:0.000160s ]
INFO: [ view_parse ] --START--
INFO: ParseTemplate Behavior ::run [ RunTime:0.018765s ]
INFO: [ view_parse ] --END-- [ RunTime:0.018874s ]
INFO: [ view_filter ] --START--
INFO: ContentReplace Behavior ::run [ RunTime:0.001322s ]
INFO: TokenBuild Behavior ::run [ RunTime:0.001264s ]
INFO: WriteHtmlCache Behavior ::run [ RunTime:0.001075s ]
INFO: ShowRuntime Behavior ::run [ RunTime:0.001426s ]
INFO: [ view_filter ] --END-- [ RunTime:0.005333s ]
INFO: [ view_end ] --START--
INFO: ShowPageTrace Behavior ::run [ RunTime:0.001710s ]
INFO: [ view_end ] --END-- [ RunTime:0.001806s ]

[ 2014-09-14 19:04:09 ] 180.76.5.28 /index.php
INFO: [ app_begin ] --START--
INFO: ReadHtmlCache Behavior ::run [ RunTime:0.001204s ]
INFO: [ app_begin ] --END-- [ RunTime:0.001289s ]
SQL: SHOW COLUMNS FROM `contents` [ RunTime:0.001886s ]
SQL: SELECT * FROM `contents` WHERE (  enable=1 and cateid=4  ) LIMIT 1   [ RunTime:0.000237s ]
SQL: SELECT * FROM `contents` WHERE (  enable=1 and cateid=1  ) LIMIT 1   [ RunTime:0.000173s ]
SQL: SHOW COLUMNS FROM `visters` [ RunTime:0.002571s ]
SQL: INSERT INTO `visters` (`ctime`,`info`,`ip`,`page`) VALUES ('2014-09-14 19:04','中国 北京 北京、OtherEnglish系统、Other浏览器、','180.76.5.28','系统首页') [ RunTime:0.008995s ]
SQL: SHOW COLUMNS FROM `products` [ RunTime:0.002735s ]
SQL: SELECT * FROM `products` WHERE (  enable=1 and state=1  ) ORDER BY  sorts desc  [ RunTime:0.001336s ]
SQL: SELECT * FROM `products` WHERE (  enable=1 and state=2  ) ORDER BY  sorts desc  [ RunTime:0.000974s ]
INFO: [ view_parse ] --START--
INFO: ParseTemplate Behavior ::run [ RunTime:0.030168s ]
INFO: [ view_parse ] --END-- [ RunTime:0.030275s ]
INFO: [ view_filter ] --START--
INFO: ContentReplace Behavior ::run [ RunTime:0.001299s ]
INFO: TokenBuild Behavior ::run [ RunTime:0.001257s ]
INFO: WriteHtmlCache Behavior ::run [ RunTime:0.001072s ]
INFO: ShowRuntime Behavior ::run [ RunTime:0.001391s ]
INFO: [ view_filter ] --END-- [ RunTime:0.005265s ]
INFO: [ view_end ] --START--
INFO: ShowPageTrace Behavior ::run [ RunTime:0.001649s ]
INFO: [ view_end ] --END-- [ RunTime:0.001744s ]

[ 2014-09-14 22:13:14 ] 220.181.108.171 /index.php/Index/product?procate=17
INFO: [ route_check ] --START--
INFO: CheckRoute Behavior ::run [ RunTime:0.002014s ]
INFO: [ route_check ] --END-- [ RunTime:0.002125s ]
INFO: [ app_begin ] --START--
INFO: ReadHtmlCache Behavior ::run [ RunTime:0.001539s ]
INFO: [ app_begin ] --END-- [ RunTime:0.001633s ]
SQL: SHOW COLUMNS FROM `contents` [ RunTime:0.002658s ]
SQL: SELECT * FROM `contents` WHERE (  enable=1 and cateid=4  ) LIMIT 1   [ RunTime:0.000327s ]
SQL: SELECT * FROM `contents` WHERE (  enable=1 and cateid=1  ) LIMIT 1   [ RunTime:0.000237s ]
SQL: SHOW COLUMNS FROM `visters` [ RunTime:0.002216s ]
SQL: INSERT INTO `visters` (`ctime`,`info`,`ip`,`page`) VALUES ('2014-09-14 22:13','中国 北京 北京、Other简体中文系统、Other浏览器、','220.181.108.171','产品页面') [ RunTime:0.008814s ]
SQL: SHOW COLUMNS FROM `procate` [ RunTime:0.002606s ]
SQL: SHOW COLUMNS FROM `products` [ RunTime:0.002560s ]
NOTIC: [8] Undefined index:  procate2 D:\enkjhost\mayning1\web\home\Lib\Action\IndexAction.class.php 第 176 行.
SQL: SELECT * FROM `procate` WHERE ( id=17 ) LIMIT 1   [ RunTime:0.000294s ]
SQL: SELECT * FROM `procate` WHERE ( id=%d ) LIMIT 1   [ RunTime:0.000164s ]
ERR: 1064:You have an error in your SQL syntax; check the manual that corresponds to your MySQL server version for the right syntax to use near '%d ) LIMIT 1' at line 1
 [ SQL语句 ] : SELECT * FROM `procate` WHERE ( id=%d ) LIMIT 1  
SQL: SELECT * FROM `procate` WHERE ( pid=17 )  [ RunTime:0.000289s ]
SQL: select count(*) as count from products a left join procate b on a.proid = b.id where 1=1 and a.enable=1 and b.enable=1  and ( b.pid=17 or b.id=17) [ RunTime:0.000616s ]
SQL: select a.id,a.title,a.info,a.imgs,a.ctime from products a left join procate b on a.proid = b.id where 1=1 and a.enable=1 and b.enable=1  and ( b.pid=17 or b.id=17) order by a.sorts desc limit 0,9 [ RunTime:0.001039s ]
SQL: SELECT * FROM `procate` WHERE (  enable =1 and pid=0  )  [ RunTime:0.000329s ]
INFO: [ view_parse ] --START--
INFO: ParseTemplate Behavior ::run [ RunTime:0.030813s ]
INFO: [ view_parse ] --END-- [ RunTime:0.030911s ]
INFO: [ view_filter ] --START--
INFO: ContentReplace Behavior ::run [ RunTime:0.001092s ]
INFO: TokenBuild Behavior ::run [ RunTime:0.001051s ]
INFO: WriteHtmlCache Behavior ::run [ RunTime:0.000885s ]
INFO: ShowRuntime Behavior ::run [ RunTime:0.001153s ]
INFO: [ view_filter ] --END-- [ RunTime:0.004391s ]
INFO: [ view_end ] --START--
INFO: ShowPageTrace Behavior ::run [ RunTime:0.001470s ]
INFO: [ view_end ] --END-- [ RunTime:0.001550s ]

[ 2014-09-14 23:31:57 ] 218.241.106.16 /index.php
INFO: [ app_begin ] --START--
INFO: ReadHtmlCache Behavior ::run [ RunTime:0.001556s ]
INFO: [ app_begin ] --END-- [ RunTime:0.001667s ]
SQL: SHOW COLUMNS FROM `contents` [ RunTime:0.002072s ]
SQL: SELECT * FROM `contents` WHERE (  enable=1 and cateid=4  ) LIMIT 1   [ RunTime:0.000269s ]
SQL: SELECT * FROM `contents` WHERE (  enable=1 and cateid=1  ) LIMIT 1   [ RunTime:0.000194s ]
NOTIC: [8] Undefined index:  HTTP_ACCEPT_LANGUAGE D:\enkjhost\mayning1\web\home\Lib\Action\UtilAction.class.php 第 96 行.
SQL: SHOW COLUMNS FROM `visters` [ RunTime:0.002353s ]
SQL: INSERT INTO `visters` (`ctime`,`info`,`ip`,`page`) VALUES ('2014-09-14 23:31','中国 北京 北京、WindowsEnglish系统、MSIE浏览器、','218.241.106.16','系统首页') [ RunTime:0.009102s ]
SQL: SHOW COLUMNS FROM `products` [ RunTime:0.002512s ]
SQL: SELECT * FROM `products` WHERE (  enable=1 and state=1  ) ORDER BY  sorts desc  [ RunTime:0.001318s ]
SQL: SELECT * FROM `products` WHERE (  enable=1 and state=2  ) ORDER BY  sorts desc  [ RunTime:0.000967s ]
INFO: [ view_parse ] --START--
INFO: ParseTemplate Behavior ::run [ RunTime:0.028860s ]
INFO: [ view_parse ] --END-- [ RunTime:0.028957s ]
INFO: [ view_filter ] --START--
INFO: ContentReplace Behavior ::run [ RunTime:0.000999s ]
INFO: TokenBuild Behavior ::run [ RunTime:0.000951s ]
INFO: WriteHtmlCache Behavior ::run [ RunTime:0.000811s ]
INFO: ShowRuntime Behavior ::run [ RunTime:0.001057s ]
INFO: [ view_filter ] --END-- [ RunTime:0.004008s ]
INFO: [ view_end ] --START--
INFO: ShowPageTrace Behavior ::run [ RunTime:0.001247s ]
INFO: [ view_end ] --END-- [ RunTime:0.001319s ]

[ 2014-09-14 23:59:41 ] 180.76.5.81 /index.php
INFO: [ app_begin ] --START--
INFO: ReadHtmlCache Behavior ::run [ RunTime:0.001192s ]
INFO: [ app_begin ] --END-- [ RunTime:0.001277s ]
SQL: SHOW COLUMNS FROM `contents` [ RunTime:0.001993s ]
SQL: SELECT * FROM `contents` WHERE (  enable=1 and cateid=4  ) LIMIT 1   [ RunTime:0.000277s ]
SQL: SELECT * FROM `contents` WHERE (  enable=1 and cateid=1  ) LIMIT 1   [ RunTime:0.000185s ]
SQL: SHOW COLUMNS FROM `visters` [ RunTime:0.002686s ]
SQL: INSERT INTO `visters` (`ctime`,`info`,`ip`,`page`) VALUES ('2014-09-14 23:59','中国 北京 北京、OtherEnglish系统、Other浏览器、','180.76.5.81','系统首页') [ RunTime:0.010609s ]
SQL: SHOW COLUMNS FROM `products` [ RunTime:0.002678s ]
SQL: SELECT * FROM `products` WHERE (  enable=1 and state=1  ) ORDER BY  sorts desc  [ RunTime:0.001297s ]
SQL: SELECT * FROM `products` WHERE (  enable=1 and state=2  ) ORDER BY  sorts desc  [ RunTime:0.000978s ]
INFO: [ view_parse ] --START--
INFO: ParseTemplate Behavior ::run [ RunTime:0.020007s ]
INFO: [ view_parse ] --END-- [ RunTime:0.020106s ]
INFO: [ view_filter ] --START--
INFO: ContentReplace Behavior ::run [ RunTime:0.001082s ]
INFO: TokenBuild Behavior ::run [ RunTime:0.001045s ]
INFO: WriteHtmlCache Behavior ::run [ RunTime:0.000887s ]
INFO: ShowRuntime Behavior ::run [ RunTime:0.001171s ]
INFO: [ view_filter ] --END-- [ RunTime:0.004394s ]
INFO: [ view_end ] --START--
INFO: ShowPageTrace Behavior ::run [ RunTime:0.001389s ]
INFO: [ view_end ] --END-- [ RunTime:0.001468s ]

