[ 2014-09-01 00:11:55 ] 123.125.71.97 /index.php/Index/product
INFO: [ route_check ] --START--
INFO: CheckRoute Behavior ::run [ RunTime:0.001573s ]
INFO: [ route_check ] --END-- [ RunTime:0.001662s ]
INFO: [ app_begin ] --START--
INFO: ReadHtmlCache Behavior ::run [ RunTime:0.001193s ]
INFO: [ app_begin ] --END-- [ RunTime:0.001263s ]
SQL: SHOW COLUMNS FROM `contents` [ RunTime:0.001950s ]
SQL: SELECT * FROM `contents` WHERE (  enable=1 and cateid=4  ) LIMIT 1   [ RunTime:0.000262s ]
SQL: SELECT * FROM `contents` WHERE (  enable=1 and cateid=1  ) LIMIT 1   [ RunTime:0.000207s ]
SQL: SHOW COLUMNS FROM `visters` [ RunTime:0.002529s ]
SQL: INSERT INTO `visters` (`ctime`,`info`,`ip`,`page`) VALUES ('2014-09-01 00:11','中国 北京 北京、Other简体中文系统、Other浏览器、','123.125.71.97','产品页面') [ RunTime:0.009665s ]
SQL: SHOW COLUMNS FROM `procate` [ RunTime:0.003115s ]
SQL: SHOW COLUMNS FROM `products` [ RunTime:0.002713s ]
NOTIC: [8] Undefined index:  procate D:\enkjhost\mayning1\web\home\Lib\Action\IndexAction.class.php 第 175 行.
NOTIC: [8] Undefined index:  procate2 D:\enkjhost\mayning1\web\home\Lib\Action\IndexAction.class.php 第 176 行.
SQL: SELECT * FROM `procate` WHERE ( id=%d ) LIMIT 1   [ RunTime:0.000144s ]
ERR: 1064:You have an error in your SQL syntax; check the manual that corresponds to your MySQL server version for the right syntax to use near '%d ) LIMIT 1' at line 1
 [ SQL语句 ] : SELECT * FROM `procate` WHERE ( id=%d ) LIMIT 1  
SQL: SELECT * FROM `procate` WHERE ( id=%d ) LIMIT 1   [ RunTime:0.000138s ]
ERR: 1064:You have an error in your SQL syntax; check the manual that corresponds to your MySQL server version for the right syntax to use near '%d ) LIMIT 1' at line 1
 [ SQL语句 ] : SELECT * FROM `procate` WHERE ( id=%d ) LIMIT 1  
SQL: select count(*) as count from products a left join procate b on a.proid = b.id where 1=1 and a.enable=1 and b.enable=1  [ RunTime:0.000529s ]
SQL: select a.id,a.title,a.info,a.imgs,a.ctime from products a left join procate b on a.proid = b.id where 1=1 and a.enable=1 and b.enable=1  order by a.sorts desc limit 0,9 [ RunTime:0.000520s ]
SQL: SELECT * FROM `procate` WHERE (  enable =1 and pid=0  )  [ RunTime:0.000302s ]
NOTIC: [8] Undefined variable: cate2List D:\enkjhost\mayning1\web\home\Lib\Action\IndexAction.class.php 第 220 行.
INFO: [ view_parse ] --START--
INFO: ParseTemplate Behavior ::run [ RunTime:0.022748s ]
INFO: [ view_parse ] --END-- [ RunTime:0.022868s ]
INFO: [ view_filter ] --START--
INFO: ContentReplace Behavior ::run [ RunTime:0.001160s ]
INFO: TokenBuild Behavior ::run [ RunTime:0.001071s ]
INFO: WriteHtmlCache Behavior ::run [ RunTime:0.000894s ]
INFO: ShowRuntime Behavior ::run [ RunTime:0.001199s ]
INFO: [ view_filter ] --END-- [ RunTime:0.004535s ]
INFO: [ view_end ] --START--
INFO: ShowPageTrace Behavior ::run [ RunTime:0.001418s ]
INFO: [ view_end ] --END-- [ RunTime:0.001499s ]

[ 2014-09-01 02:43:03 ] 61.135.190.219 /index.php
INFO: [ app_begin ] --START--
INFO: ReadHtmlCache Behavior ::run [ RunTime:0.001326s ]
INFO: [ app_begin ] --END-- [ RunTime:0.001419s ]
SQL: SHOW COLUMNS FROM `contents` [ RunTime:0.002203s ]
SQL: SELECT * FROM `contents` WHERE (  enable=1 and cateid=4  ) LIMIT 1   [ RunTime:0.000275s ]
SQL: SELECT * FROM `contents` WHERE (  enable=1 and cateid=1  ) LIMIT 1   [ RunTime:0.000210s ]
SQL: SHOW COLUMNS FROM `visters` [ RunTime:0.002288s ]
SQL: INSERT INTO `visters` (`ctime`,`info`,`ip`,`page`) VALUES ('2014-09-01 02:43','中国 北京 北京、WindowsEnglish系统、Firefox浏览器、','61.135.190.219','系统首页') [ RunTime:0.009046s ]
SQL: SHOW COLUMNS FROM `products` [ RunTime:0.002639s ]
SQL: SELECT * FROM `products` WHERE (  enable=1 and state=1  ) ORDER BY  sorts desc  [ RunTime:0.001106s ]
SQL: SELECT * FROM `products` WHERE (  enable=1 and state=2  ) ORDER BY  sorts desc  [ RunTime:0.000715s ]
INFO: [ view_parse ] --START--
INFO: ParseTemplate Behavior ::run [ RunTime:0.023364s ]
INFO: [ view_parse ] --END-- [ RunTime:0.023465s ]
INFO: [ view_filter ] --START--
INFO: ContentReplace Behavior ::run [ RunTime:0.000978s ]
INFO: TokenBuild Behavior ::run [ RunTime:0.000956s ]
INFO: WriteHtmlCache Behavior ::run [ RunTime:0.000816s ]
INFO: ShowRuntime Behavior ::run [ RunTime:0.001054s ]
INFO: [ view_filter ] --END-- [ RunTime:0.003995s ]
INFO: [ view_end ] --START--
INFO: ShowPageTrace Behavior ::run [ RunTime:0.001285s ]
INFO: [ view_end ] --END-- [ RunTime:0.001359s ]

[ 2014-09-01 04:12:21 ] 82.143.162.49 /index.php
INFO: [ app_begin ] --START--
INFO: ReadHtmlCache Behavior ::run [ RunTime:0.001217s ]
INFO: [ app_begin ] --END-- [ RunTime:0.001302s ]
SQL: SHOW COLUMNS FROM `contents` [ RunTime:0.001923s ]
SQL: SELECT * FROM `contents` WHERE (  enable=1 and cateid=4  ) LIMIT 1   [ RunTime:0.000252s ]
SQL: SELECT * FROM `contents` WHERE (  enable=1 and cateid=1  ) LIMIT 1   [ RunTime:0.000176s ]
SQL: SHOW COLUMNS FROM `visters` [ RunTime:0.002291s ]
SQL: INSERT INTO `visters` (`ctime`,`info`,`ip`,`page`) VALUES ('2014-09-01 04:12','波兰 Dolnoslaskie Wroclaw、WindowsEnglish系统、Chrome浏览器、','82.143.162.49','系统首页') [ RunTime:0.010019s ]
SQL: SHOW COLUMNS FROM `products` [ RunTime:0.002513s ]
SQL: SELECT * FROM `products` WHERE (  enable=1 and state=1  ) ORDER BY  sorts desc  [ RunTime:0.001432s ]
SQL: SELECT * FROM `products` WHERE (  enable=1 and state=2  ) ORDER BY  sorts desc  [ RunTime:0.000921s ]
INFO: [ view_parse ] --START--
INFO: ParseTemplate Behavior ::run [ RunTime:0.030127s ]
INFO: [ view_parse ] --END-- [ RunTime:0.030239s ]
INFO: [ view_filter ] --START--
INFO: ContentReplace Behavior ::run [ RunTime:0.001285s ]
INFO: TokenBuild Behavior ::run [ RunTime:0.001233s ]
INFO: WriteHtmlCache Behavior ::run [ RunTime:0.001049s ]
INFO: ShowRuntime Behavior ::run [ RunTime:0.001375s ]
INFO: [ view_filter ] --END-- [ RunTime:0.005194s ]
INFO: [ view_end ] --START--
INFO: ShowPageTrace Behavior ::run [ RunTime:0.001654s ]
INFO: [ view_end ] --END-- [ RunTime:0.001746s ]

[ 2014-09-01 04:13:14 ] 82.143.162.49 /index.php/Index/index
INFO: [ route_check ] --START--
INFO: CheckRoute Behavior ::run [ RunTime:0.001538s ]
INFO: [ route_check ] --END-- [ RunTime:0.001625s ]
INFO: [ app_begin ] --START--
INFO: ReadHtmlCache Behavior ::run [ RunTime:0.001194s ]
INFO: [ app_begin ] --END-- [ RunTime:0.001265s ]
SQL: SHOW COLUMNS FROM `contents` [ RunTime:0.001999s ]
SQL: SELECT * FROM `contents` WHERE (  enable=1 and cateid=4  ) LIMIT 1   [ RunTime:0.000280s ]
SQL: SELECT * FROM `contents` WHERE (  enable=1 and cateid=1  ) LIMIT 1   [ RunTime:0.000262s ]
SQL: SHOW COLUMNS FROM `visters` [ RunTime:0.002194s ]
SQL: INSERT INTO `visters` (`ctime`,`info`,`ip`,`page`) VALUES ('2014-09-01 04:13','波兰 Dolnoslaskie Wroclaw、WindowsEnglish系统、Chrome浏览器、','82.143.162.49','系统首页') [ RunTime:0.010175s ]
SQL: SHOW COLUMNS FROM `products` [ RunTime:0.002406s ]
SQL: SELECT * FROM `products` WHERE (  enable=1 and state=1  ) ORDER BY  sorts desc  [ RunTime:0.001391s ]
SQL: SELECT * FROM `products` WHERE (  enable=1 and state=2  ) ORDER BY  sorts desc  [ RunTime:0.000918s ]
INFO: [ view_parse ] --START--
INFO: ParseTemplate Behavior ::run [ RunTime:0.020904s ]
INFO: [ view_parse ] --END-- [ RunTime:0.021002s ]
INFO: [ view_filter ] --START--
INFO: ContentReplace Behavior ::run [ RunTime:0.001017s ]
INFO: TokenBuild Behavior ::run [ RunTime:0.000959s ]
INFO: WriteHtmlCache Behavior ::run [ RunTime:0.000797s ]
INFO: ShowRuntime Behavior ::run [ RunTime:0.001042s ]
INFO: [ view_filter ] --END-- [ RunTime:0.004010s ]
INFO: [ view_end ] --START--
INFO: ShowPageTrace Behavior ::run [ RunTime:0.001279s ]
INFO: [ view_end ] --END-- [ RunTime:0.001352s ]

[ 2014-09-01 04:13:29 ] 82.143.162.49 /index.php/Index/product
INFO: [ route_check ] --START--
INFO: CheckRoute Behavior ::run [ RunTime:0.002010s ]
INFO: [ route_check ] --END-- [ RunTime:0.002121s ]
INFO: [ app_begin ] --START--
INFO: ReadHtmlCache Behavior ::run [ RunTime:0.001567s ]
INFO: [ app_begin ] --END-- [ RunTime:0.001662s ]
SQL: SHOW COLUMNS FROM `contents` [ RunTime:0.001949s ]
SQL: SELECT * FROM `contents` WHERE (  enable=1 and cateid=4  ) LIMIT 1   [ RunTime:0.000272s ]
SQL: SELECT * FROM `contents` WHERE (  enable=1 and cateid=1  ) LIMIT 1   [ RunTime:0.000194s ]
SQL: SHOW COLUMNS FROM `visters` [ RunTime:0.002471s ]
SQL: INSERT INTO `visters` (`ctime`,`info`,`ip`,`page`) VALUES ('2014-09-01 04:13','波兰 Dolnoslaskie Wroclaw、WindowsEnglish系统、Chrome浏览器、','82.143.162.49','产品页面') [ RunTime:0.009561s ]
SQL: SHOW COLUMNS FROM `procate` [ RunTime:0.002730s ]
SQL: SHOW COLUMNS FROM `products` [ RunTime:0.002217s ]
NOTIC: [8] Undefined index:  procate D:\enkjhost\mayning1\web\home\Lib\Action\IndexAction.class.php 第 175 行.
NOTIC: [8] Undefined index:  procate2 D:\enkjhost\mayning1\web\home\Lib\Action\IndexAction.class.php 第 176 行.
SQL: SELECT * FROM `procate` WHERE ( id=%d ) LIMIT 1   [ RunTime:0.000178s ]
ERR: 1064:You have an error in your SQL syntax; check the manual that corresponds to your MySQL server version for the right syntax to use near '%d ) LIMIT 1' at line 1
 [ SQL语句 ] : SELECT * FROM `procate` WHERE ( id=%d ) LIMIT 1  
SQL: SELECT * FROM `procate` WHERE ( id=%d ) LIMIT 1   [ RunTime:0.000166s ]
ERR: 1064:You have an error in your SQL syntax; check the manual that corresponds to your MySQL server version for the right syntax to use near '%d ) LIMIT 1' at line 1
 [ SQL语句 ] : SELECT * FROM `procate` WHERE ( id=%d ) LIMIT 1  
SQL: select count(*) as count from products a left join procate b on a.proid = b.id where 1=1 and a.enable=1 and b.enable=1  [ RunTime:0.000541s ]
SQL: select a.id,a.title,a.info,a.imgs,a.ctime from products a left join procate b on a.proid = b.id where 1=1 and a.enable=1 and b.enable=1  order by a.sorts desc limit 0,9 [ RunTime:0.000562s ]
SQL: SELECT * FROM `procate` WHERE (  enable =1 and pid=0  )  [ RunTime:0.000344s ]
NOTIC: [8] Undefined variable: cate2List D:\enkjhost\mayning1\web\home\Lib\Action\IndexAction.class.php 第 220 行.
INFO: [ view_parse ] --START--
INFO: ParseTemplate Behavior ::run [ RunTime:0.025179s ]
INFO: [ view_parse ] --END-- [ RunTime:0.025275s ]
INFO: [ view_filter ] --START--
INFO: ContentReplace Behavior ::run [ RunTime:0.001068s ]
INFO: TokenBuild Behavior ::run [ RunTime:0.000964s ]
INFO: WriteHtmlCache Behavior ::run [ RunTime:0.000808s ]
INFO: ShowRuntime Behavior ::run [ RunTime:0.001053s ]
INFO: [ view_filter ] --END-- [ RunTime:0.004084s ]
INFO: [ view_end ] --START--
INFO: ShowPageTrace Behavior ::run [ RunTime:0.001263s ]
INFO: [ view_end ] --END-- [ RunTime:0.001338s ]

[ 2014-09-01 04:15:09 ] 82.143.162.49 /index.php/Index/contact
INFO: [ route_check ] --START--
INFO: CheckRoute Behavior ::run [ RunTime:0.002046s ]
INFO: [ route_check ] --END-- [ RunTime:0.002157s ]
INFO: [ app_begin ] --START--
INFO: ReadHtmlCache Behavior ::run [ RunTime:0.001557s ]
INFO: [ app_begin ] --END-- [ RunTime:0.001651s ]
SQL: SHOW COLUMNS FROM `contents` [ RunTime:0.002013s ]
SQL: SELECT * FROM `contents` WHERE (  enable=1 and cateid=4  ) LIMIT 1   [ RunTime:0.000247s ]
SQL: SELECT * FROM `contents` WHERE (  enable=1 and cateid=1  ) LIMIT 1   [ RunTime:0.000176s ]
SQL: SHOW COLUMNS FROM `visters` [ RunTime:0.002032s ]
SQL: INSERT INTO `visters` (`ctime`,`info`,`ip`,`page`) VALUES ('2014-09-01 04:15','波兰 Dolnoslaskie Wroclaw、WindowsEnglish系统、Chrome浏览器、','82.143.162.49','产品详情页面') [ RunTime:0.010413s ]
SQL: SELECT * FROM `contents` WHERE (  enable=1 and cateid=3  ) LIMIT 1   [ RunTime:0.000455s ]
INFO: [ view_parse ] --START--
INFO: ParseTemplate Behavior ::run [ RunTime:0.019604s ]
INFO: [ view_parse ] --END-- [ RunTime:0.019729s ]
INFO: [ view_filter ] --START--
INFO: ContentReplace Behavior ::run [ RunTime:0.001227s ]
INFO: TokenBuild Behavior ::run [ RunTime:0.001240s ]
INFO: WriteHtmlCache Behavior ::run [ RunTime:0.001045s ]
INFO: ShowRuntime Behavior ::run [ RunTime:0.001361s ]
INFO: [ view_filter ] --END-- [ RunTime:0.005141s ]
INFO: [ view_end ] --START--
INFO: ShowPageTrace Behavior ::run [ RunTime:0.001644s ]
INFO: [ view_end ] --END-- [ RunTime:0.001732s ]

[ 2014-09-01 04:16:41 ] 82.143.162.49 /index.php/Index/contact
INFO: [ route_check ] --START--
INFO: CheckRoute Behavior ::run [ RunTime:0.001544s ]
INFO: [ route_check ] --END-- [ RunTime:0.001629s ]
INFO: [ app_begin ] --START--
INFO: ReadHtmlCache Behavior ::run [ RunTime:0.001193s ]
INFO: [ app_begin ] --END-- [ RunTime:0.001264s ]
SQL: SHOW COLUMNS FROM `contents` [ RunTime:0.001991s ]
SQL: SELECT * FROM `contents` WHERE (  enable=1 and cateid=4  ) LIMIT 1   [ RunTime:0.000266s ]
SQL: SELECT * FROM `contents` WHERE (  enable=1 and cateid=1  ) LIMIT 1   [ RunTime:0.000199s ]
SQL: SHOW COLUMNS FROM `visters` [ RunTime:0.002584s ]
SQL: INSERT INTO `visters` (`ctime`,`info`,`ip`,`page`) VALUES ('2014-09-01 04:16','波兰 Dolnoslaskie Wroclaw、WindowsEnglish系统、Chrome浏览器、','82.143.162.49','产品详情页面') [ RunTime:0.010774s ]
SQL: SELECT * FROM `contents` WHERE (  enable=1 and cateid=3  ) LIMIT 1   [ RunTime:0.000335s ]
INFO: [ view_parse ] --START--
INFO: ParseTemplate Behavior ::run [ RunTime:0.013887s ]
INFO: [ view_parse ] --END-- [ RunTime:0.014012s ]
INFO: [ view_filter ] --START--
INFO: ContentReplace Behavior ::run [ RunTime:0.000963s ]
INFO: TokenBuild Behavior ::run [ RunTime:0.000968s ]
INFO: WriteHtmlCache Behavior ::run [ RunTime:0.000812s ]
INFO: ShowRuntime Behavior ::run [ RunTime:0.001099s ]
INFO: [ view_filter ] --END-- [ RunTime:0.004062s ]
INFO: [ view_end ] --START--
INFO: ShowPageTrace Behavior ::run [ RunTime:0.001290s ]
INFO: [ view_end ] --END-- [ RunTime:0.001358s ]

[ 2014-09-01 05:20:26 ] 123.125.71.17 /index.php/Index/productInfo?id=116
INFO: [ route_check ] --START--
INFO: CheckRoute Behavior ::run [ RunTime:0.002147s ]
INFO: [ route_check ] --END-- [ RunTime:0.002262s ]
INFO: [ app_begin ] --START--
INFO: ReadHtmlCache Behavior ::run [ RunTime:0.001662s ]
INFO: [ app_begin ] --END-- [ RunTime:0.001757s ]
SQL: SHOW COLUMNS FROM `contents` [ RunTime:0.002098s ]
SQL: SELECT * FROM `contents` WHERE (  enable=1 and cateid=4  ) LIMIT 1   [ RunTime:0.000277s ]
SQL: SELECT * FROM `contents` WHERE (  enable=1 and cateid=1  ) LIMIT 1   [ RunTime:0.000180s ]
SQL: SHOW COLUMNS FROM `visters` [ RunTime:0.002394s ]
SQL: INSERT INTO `visters` (`ctime`,`info`,`ip`,`page`) VALUES ('2014-09-01 05:20','中国 北京 北京、Other简体中文系统、Other浏览器、','123.125.71.17','产品详情页面') [ RunTime:0.009777s ]
SQL: SHOW COLUMNS FROM `procate` [ RunTime:0.002674s ]
SQL: SHOW COLUMNS FROM `products` [ RunTime:0.002836s ]
NOTIC: [8] Undefined index:  procate D:\enkjhost\mayning1\web\home\Lib\Action\IndexAction.class.php 第 243 行.
NOTIC: [8] Undefined index:  procate2 D:\enkjhost\mayning1\web\home\Lib\Action\IndexAction.class.php 第 244 行.
SQL: SELECT * FROM `procate` WHERE ( id=%d ) LIMIT 1   [ RunTime:0.000176s ]
ERR: 1064:You have an error in your SQL syntax; check the manual that corresponds to your MySQL server version for the right syntax to use near '%d ) LIMIT 1' at line 1
 [ SQL语句 ] : SELECT * FROM `procate` WHERE ( id=%d ) LIMIT 1  
SQL: SELECT * FROM `procate` WHERE ( id=%d ) LIMIT 1   [ RunTime:0.000177s ]
ERR: 1064:You have an error in your SQL syntax; check the manual that corresponds to your MySQL server version for the right syntax to use near '%d ) LIMIT 1' at line 1
 [ SQL语句 ] : SELECT * FROM `procate` WHERE ( id=%d ) LIMIT 1  
SQL: SELECT * FROM `procate` WHERE (  enable =1 and pid=0  )  [ RunTime:0.000328s ]
SQL: SELECT * FROM `products` WHERE (  id=116 ) LIMIT 1   [ RunTime:0.000276s ]
SQL: SELECT * FROM `procate` WHERE ( id=31 ) LIMIT 1   [ RunTime:0.000216s ]
SQL: SELECT * FROM `procate` WHERE ( id=20 ) LIMIT 1   [ RunTime:0.000212s ]
INFO: [ view_parse ] --START--
INFO: ParseTemplate Behavior ::run [ RunTime:0.028109s ]
INFO: [ view_parse ] --END-- [ RunTime:0.028203s ]
INFO: [ view_filter ] --START--
INFO: ContentReplace Behavior ::run [ RunTime:0.001029s ]
INFO: TokenBuild Behavior ::run [ RunTime:0.000963s ]
INFO: WriteHtmlCache Behavior ::run [ RunTime:0.000810s ]
INFO: ShowRuntime Behavior ::run [ RunTime:0.001054s ]
INFO: [ view_filter ] --END-- [ RunTime:0.004044s ]
INFO: [ view_end ] --START--
INFO: ShowPageTrace Behavior ::run [ RunTime:0.001283s ]
INFO: [ view_end ] --END-- [ RunTime:0.001358s ]

[ 2014-09-01 07:07:45 ] 37.59.28.87 /index.php
INFO: [ app_begin ] --START--
INFO: ReadHtmlCache Behavior ::run [ RunTime:0.001572s ]
INFO: [ app_begin ] --END-- [ RunTime:0.001681s ]
SQL: SHOW COLUMNS FROM `contents` [ RunTime:0.002013s ]
SQL: SELECT * FROM `contents` WHERE (  enable=1 and cateid=4  ) LIMIT 1   [ RunTime:0.000251s ]
SQL: SELECT * FROM `contents` WHERE (  enable=1 and cateid=1  ) LIMIT 1   [ RunTime:0.000176s ]
SQL: SHOW COLUMNS FROM `visters` [ RunTime:0.002505s ]
SQL: INSERT INTO `visters` (`ctime`,`info`,`ip`,`page`) VALUES ('2014-09-01 07:07','法国  、WindowsEnglish系统、Firefox浏览器、','37.59.28.87','系统首页') [ RunTime:0.009618s ]
SQL: SHOW COLUMNS FROM `products` [ RunTime:0.002728s ]
SQL: SELECT * FROM `products` WHERE (  enable=1 and state=1  ) ORDER BY  sorts desc  [ RunTime:0.001400s ]
SQL: SELECT * FROM `products` WHERE (  enable=1 and state=2  ) ORDER BY  sorts desc  [ RunTime:0.000917s ]
INFO: [ view_parse ] --START--
INFO: ParseTemplate Behavior ::run [ RunTime:0.028994s ]
INFO: [ view_parse ] --END-- [ RunTime:0.029090s ]
INFO: [ view_filter ] --START--
INFO: ContentReplace Behavior ::run [ RunTime:0.000971s ]
INFO: TokenBuild Behavior ::run [ RunTime:0.000935s ]
INFO: WriteHtmlCache Behavior ::run [ RunTime:0.000797s ]
INFO: ShowRuntime Behavior ::run [ RunTime:0.001044s ]
INFO: [ view_filter ] --END-- [ RunTime:0.003935s ]
INFO: [ view_end ] --START--
INFO: ShowPageTrace Behavior ::run [ RunTime:0.001235s ]
INFO: [ view_end ] --END-- [ RunTime:0.001308s ]

[ 2014-09-01 07:11:52 ] 37.58.100.77 /index.php/Index/product?procate=21
INFO: [ route_check ] --START--
INFO: CheckRoute Behavior ::run [ RunTime:0.001571s ]
INFO: [ route_check ] --END-- [ RunTime:0.001658s ]
INFO: [ app_begin ] --START--
INFO: ReadHtmlCache Behavior ::run [ RunTime:0.001193s ]
INFO: [ app_begin ] --END-- [ RunTime:0.001265s ]
SQL: SHOW COLUMNS FROM `contents` [ RunTime:0.002033s ]
SQL: SELECT * FROM `contents` WHERE (  enable=1 and cateid=4  ) LIMIT 1   [ RunTime:0.000268s ]
SQL: SELECT * FROM `contents` WHERE (  enable=1 and cateid=1  ) LIMIT 1   [ RunTime:0.000181s ]
NOTIC: [8] Undefined index:  HTTP_ACCEPT_LANGUAGE D:\enkjhost\mayning1\web\home\Lib\Action\UtilAction.class.php 第 96 行.
SQL: SHOW COLUMNS FROM `visters` [ RunTime:0.002198s ]
SQL: INSERT INTO `visters` (`ctime`,`info`,`ip`,`page`) VALUES ('2014-09-01 07:11','荷兰  、OtherEnglish系统、Other浏览器、','37.58.100.77','产品页面') [ RunTime:0.012645s ]
SQL: SHOW COLUMNS FROM `procate` [ RunTime:0.002383s ]
SQL: SHOW COLUMNS FROM `products` [ RunTime:0.002224s ]
NOTIC: [8] Undefined index:  procate2 D:\enkjhost\mayning1\web\home\Lib\Action\IndexAction.class.php 第 176 行.
SQL: SELECT * FROM `procate` WHERE ( id=21 ) LIMIT 1   [ RunTime:0.000311s ]
SQL: SELECT * FROM `procate` WHERE ( id=%d ) LIMIT 1   [ RunTime:0.000173s ]
ERR: 1064:You have an error in your SQL syntax; check the manual that corresponds to your MySQL server version for the right syntax to use near '%d ) LIMIT 1' at line 1
 [ SQL语句 ] : SELECT * FROM `procate` WHERE ( id=%d ) LIMIT 1  
SQL: SELECT * FROM `procate` WHERE ( pid=21 )  [ RunTime:0.000321s ]
SQL: select count(*) as count from products a left join procate b on a.proid = b.id where 1=1 and a.enable=1 and b.enable=1  and ( b.pid=21 or b.id=21) [ RunTime:0.000583s ]
SQL: select a.id,a.title,a.info,a.imgs,a.ctime from products a left join procate b on a.proid = b.id where 1=1 and a.enable=1 and b.enable=1  and ( b.pid=21 or b.id=21) order by a.sorts desc limit 0,9 [ RunTime:0.001036s ]
SQL: SELECT * FROM `procate` WHERE (  enable =1 and pid=0  )  [ RunTime:0.000356s ]
INFO: [ view_parse ] --START--
INFO: ParseTemplate Behavior ::run [ RunTime:0.032666s ]
INFO: [ view_parse ] --END-- [ RunTime:0.032761s ]
INFO: [ view_filter ] --START--
INFO: ContentReplace Behavior ::run [ RunTime:0.000990s ]
INFO: TokenBuild Behavior ::run [ RunTime:0.000946s ]
INFO: WriteHtmlCache Behavior ::run [ RunTime:0.000795s ]
INFO: ShowRuntime Behavior ::run [ RunTime:0.001045s ]
INFO: [ view_filter ] --END-- [ RunTime:0.003966s ]
INFO: [ view_end ] --START--
INFO: ShowPageTrace Behavior ::run [ RunTime:0.001277s ]
INFO: [ view_end ] --END-- [ RunTime:0.001353s ]

[ 2014-09-01 07:23:53 ] 37.58.100.229 /index.php/Index/product?procate=18
INFO: [ route_check ] --START--
INFO: CheckRoute Behavior ::run [ RunTime:0.001536s ]
INFO: [ route_check ] --END-- [ RunTime:0.001622s ]
INFO: [ app_begin ] --START--
INFO: ReadHtmlCache Behavior ::run [ RunTime:0.001196s ]
INFO: [ app_begin ] --END-- [ RunTime:0.001268s ]
SQL: SHOW COLUMNS FROM `contents` [ RunTime:0.002008s ]
SQL: SELECT * FROM `contents` WHERE (  enable=1 and cateid=4  ) LIMIT 1   [ RunTime:0.000282s ]
SQL: SELECT * FROM `contents` WHERE (  enable=1 and cateid=1  ) LIMIT 1   [ RunTime:0.000197s ]
NOTIC: [8] Undefined index:  HTTP_ACCEPT_LANGUAGE D:\enkjhost\mayning1\web\home\Lib\Action\UtilAction.class.php 第 96 行.
SQL: SHOW COLUMNS FROM `visters` [ RunTime:0.002201s ]
SQL: INSERT INTO `visters` (`ctime`,`info`,`ip`,`page`) VALUES ('2014-09-01 07:23','荷兰  、OtherEnglish系统、Other浏览器、','37.58.100.229','产品页面') [ RunTime:0.010495s ]
SQL: SHOW COLUMNS FROM `procate` [ RunTime:0.002322s ]
SQL: SHOW COLUMNS FROM `products` [ RunTime:0.002217s ]
NOTIC: [8] Undefined index:  procate2 D:\enkjhost\mayning1\web\home\Lib\Action\IndexAction.class.php 第 176 行.
SQL: SELECT * FROM `procate` WHERE ( id=18 ) LIMIT 1   [ RunTime:0.000291s ]
SQL: SELECT * FROM `procate` WHERE ( id=%d ) LIMIT 1   [ RunTime:0.000170s ]
ERR: 1064:You have an error in your SQL syntax; check the manual that corresponds to your MySQL server version for the right syntax to use near '%d ) LIMIT 1' at line 1
 [ SQL语句 ] : SELECT * FROM `procate` WHERE ( id=%d ) LIMIT 1  
SQL: SELECT * FROM `procate` WHERE ( pid=18 )  [ RunTime:0.000340s ]
SQL: select count(*) as count from products a left join procate b on a.proid = b.id where 1=1 and a.enable=1 and b.enable=1  and ( b.pid=18 or b.id=18) [ RunTime:0.000577s ]
SQL: select a.id,a.title,a.info,a.imgs,a.ctime from products a left join procate b on a.proid = b.id where 1=1 and a.enable=1 and b.enable=1  and ( b.pid=18 or b.id=18) order by a.sorts desc limit 0,9 [ RunTime:0.001055s ]
SQL: SELECT * FROM `procate` WHERE (  enable =1 and pid=0  )  [ RunTime:0.000346s ]
INFO: [ view_parse ] --START--
INFO: ParseTemplate Behavior ::run [ RunTime:0.023956s ]
INFO: [ view_parse ] --END-- [ RunTime:0.024049s ]
INFO: [ view_filter ] --START--
INFO: ContentReplace Behavior ::run [ RunTime:0.000989s ]
INFO: TokenBuild Behavior ::run [ RunTime:0.000949s ]
INFO: WriteHtmlCache Behavior ::run [ RunTime:0.000801s ]
INFO: ShowRuntime Behavior ::run [ RunTime:0.001044s ]
INFO: [ view_filter ] --END-- [ RunTime:0.003975s ]
INFO: [ view_end ] --START--
INFO: ShowPageTrace Behavior ::run [ RunTime:0.001288s ]
INFO: [ view_end ] --END-- [ RunTime:0.001362s ]

[ 2014-09-01 08:17:53 ] 125.168.150.46 /index.php
INFO: [ app_begin ] --START--
INFO: ReadHtmlCache Behavior ::run [ RunTime:0.001542s ]
INFO: [ app_begin ] --END-- [ RunTime:0.001646s ]
SQL: SHOW COLUMNS FROM `contents` [ RunTime:0.002147s ]
SQL: SELECT * FROM `contents` WHERE (  enable=1 and cateid=4  ) LIMIT 1   [ RunTime:0.000257s ]
SQL: SELECT * FROM `contents` WHERE (  enable=1 and cateid=1  ) LIMIT 1   [ RunTime:0.000187s ]
SQL: SHOW COLUMNS FROM `visters` [ RunTime:0.002355s ]
SQL: INSERT INTO `visters` (`ctime`,`info`,`ip`,`page`) VALUES ('2014-09-01 08:17','澳大利亚 新南威尔士 Yowrie、WindowsEnglish系统、MSIE浏览器、','125.168.150.46','系统首页') [ RunTime:0.010216s ]
SQL: SHOW COLUMNS FROM `products` [ RunTime:0.002449s ]
SQL: SELECT * FROM `products` WHERE (  enable=1 and state=1  ) ORDER BY  sorts desc  [ RunTime:0.001420s ]
SQL: SELECT * FROM `products` WHERE (  enable=1 and state=2  ) ORDER BY  sorts desc  [ RunTime:0.000971s ]
INFO: [ view_parse ] --START--
INFO: ParseTemplate Behavior ::run [ RunTime:0.018781s ]
INFO: [ view_parse ] --END-- [ RunTime:0.018878s ]
INFO: [ view_filter ] --START--
INFO: ContentReplace Behavior ::run [ RunTime:0.000972s ]
INFO: TokenBuild Behavior ::run [ RunTime:0.000942s ]
INFO: WriteHtmlCache Behavior ::run [ RunTime:0.000803s ]
INFO: ShowRuntime Behavior ::run [ RunTime:0.001045s ]
INFO: [ view_filter ] --END-- [ RunTime:0.003956s ]
INFO: [ view_end ] --START--
INFO: ShowPageTrace Behavior ::run [ RunTime:0.001274s ]
INFO: [ view_end ] --END-- [ RunTime:0.001347s ]

[ 2014-09-01 08:18:23 ] 125.168.150.46 /index.php/Index/index
INFO: [ route_check ] --START--
INFO: CheckRoute Behavior ::run [ RunTime:0.002011s ]
INFO: [ route_check ] --END-- [ RunTime:0.002122s ]
INFO: [ app_begin ] --START--
INFO: ReadHtmlCache Behavior ::run [ RunTime:0.001523s ]
INFO: [ app_begin ] --END-- [ RunTime:0.001617s ]
SQL: SHOW COLUMNS FROM `contents` [ RunTime:0.002032s ]
SQL: SELECT * FROM `contents` WHERE (  enable=1 and cateid=4  ) LIMIT 1   [ RunTime:0.000289s ]
SQL: SELECT * FROM `contents` WHERE (  enable=1 and cateid=1  ) LIMIT 1   [ RunTime:0.000197s ]
SQL: SHOW COLUMNS FROM `visters` [ RunTime:0.002484s ]
SQL: INSERT INTO `visters` (`ctime`,`info`,`ip`,`page`) VALUES ('2014-09-01 08:18','澳大利亚 新南威尔士 Yowrie、WindowsEnglish系统、MSIE浏览器、','125.168.150.46','系统首页') [ RunTime:0.012410s ]
SQL: SHOW COLUMNS FROM `products` [ RunTime:0.002727s ]
SQL: SELECT * FROM `products` WHERE (  enable=1 and state=1  ) ORDER BY  sorts desc  [ RunTime:0.001405s ]
SQL: SELECT * FROM `products` WHERE (  enable=1 and state=2  ) ORDER BY  sorts desc  [ RunTime:0.000935s ]
INFO: [ view_parse ] --START--
INFO: ParseTemplate Behavior ::run [ RunTime:0.021241s ]
INFO: [ view_parse ] --END-- [ RunTime:0.021352s ]
INFO: [ view_filter ] --START--
INFO: ContentReplace Behavior ::run [ RunTime:0.001272s ]
INFO: TokenBuild Behavior ::run [ RunTime:0.001233s ]
INFO: WriteHtmlCache Behavior ::run [ RunTime:0.001040s ]
INFO: ShowRuntime Behavior ::run [ RunTime:0.001363s ]
INFO: [ view_filter ] --END-- [ RunTime:0.005156s ]
INFO: [ view_end ] --START--
INFO: ShowPageTrace Behavior ::run [ RunTime:0.001652s ]
INFO: [ view_end ] --END-- [ RunTime:0.001747s ]

[ 2014-09-01 08:18:27 ] 125.168.150.46 /index.php/Index/product
INFO: [ route_check ] --START--
INFO: CheckRoute Behavior ::run [ RunTime:0.002050s ]
INFO: [ route_check ] --END-- [ RunTime:0.002160s ]
INFO: [ app_begin ] --START--
INFO: ReadHtmlCache Behavior ::run [ RunTime:0.001198s ]
INFO: [ app_begin ] --END-- [ RunTime:0.001270s ]
SQL: SHOW COLUMNS FROM `contents` [ RunTime:0.002074s ]
SQL: SELECT * FROM `contents` WHERE (  enable=1 and cateid=4  ) LIMIT 1   [ RunTime:0.000258s ]
SQL: SELECT * FROM `contents` WHERE (  enable=1 and cateid=1  ) LIMIT 1   [ RunTime:0.000187s ]
SQL: SHOW COLUMNS FROM `visters` [ RunTime:0.002706s ]
SQL: INSERT INTO `visters` (`ctime`,`info`,`ip`,`page`) VALUES ('2014-09-01 08:18','澳大利亚 新南威尔士 Yowrie、WindowsEnglish系统、MSIE浏览器、','125.168.150.46','产品页面') [ RunTime:0.012326s ]
SQL: SHOW COLUMNS FROM `procate` [ RunTime:0.002690s ]
SQL: SHOW COLUMNS FROM `products` [ RunTime:0.002239s ]
NOTIC: [8] Undefined index:  procate D:\enkjhost\mayning1\web\home\Lib\Action\IndexAction.class.php 第 175 行.
NOTIC: [8] Undefined index:  procate2 D:\enkjhost\mayning1\web\home\Lib\Action\IndexAction.class.php 第 176 行.
SQL: SELECT * FROM `procate` WHERE ( id=%d ) LIMIT 1   [ RunTime:0.000180s ]
ERR: 1064:You have an error in your SQL syntax; check the manual that corresponds to your MySQL server version for the right syntax to use near '%d ) LIMIT 1' at line 1
 [ SQL语句 ] : SELECT * FROM `procate` WHERE ( id=%d ) LIMIT 1  
SQL: SELECT * FROM `procate` WHERE ( id=%d ) LIMIT 1   [ RunTime:0.000178s ]
ERR: 1064:You have an error in your SQL syntax; check the manual that corresponds to your MySQL server version for the right syntax to use near '%d ) LIMIT 1' at line 1
 [ SQL语句 ] : SELECT * FROM `procate` WHERE ( id=%d ) LIMIT 1  
SQL: select count(*) as count from products a left join procate b on a.proid = b.id where 1=1 and a.enable=1 and b.enable=1  [ RunTime:0.000557s ]
SQL: select a.id,a.title,a.info,a.imgs,a.ctime from products a left join procate b on a.proid = b.id where 1=1 and a.enable=1 and b.enable=1  order by a.sorts desc limit 0,9 [ RunTime:0.000575s ]
SQL: SELECT * FROM `procate` WHERE (  enable =1 and pid=0  )  [ RunTime:0.000356s ]
NOTIC: [8] Undefined variable: cate2List D:\enkjhost\mayning1\web\home\Lib\Action\IndexAction.class.php 第 220 行.
INFO: [ view_parse ] --START--
INFO: ParseTemplate Behavior ::run [ RunTime:0.025292s ]
INFO: [ view_parse ] --END-- [ RunTime:0.025400s ]
INFO: [ view_filter ] --START--
INFO: ContentReplace Behavior ::run [ RunTime:0.001298s ]
INFO: TokenBuild Behavior ::run [ RunTime:0.001243s ]
INFO: WriteHtmlCache Behavior ::run [ RunTime:0.001046s ]
INFO: ShowRuntime Behavior ::run [ RunTime:0.001375s ]
INFO: [ view_filter ] --END-- [ RunTime:0.005214s ]
INFO: [ view_end ] --START--
INFO: ShowPageTrace Behavior ::run [ RunTime:0.001655s ]
INFO: [ view_end ] --END-- [ RunTime:0.001752s ]

[ 2014-09-01 08:18:37 ] 125.168.150.46 /index.php/Index/product?procate=22
INFO: [ route_check ] --START--
INFO: CheckRoute Behavior ::run [ RunTime:0.001350s ]
INFO: [ route_check ] --END-- [ RunTime:0.001431s ]
INFO: [ app_begin ] --START--
INFO: ReadHtmlCache Behavior ::run [ RunTime:0.001015s ]
INFO: [ app_begin ] --END-- [ RunTime:0.001078s ]
SQL: SHOW COLUMNS FROM `contents` [ RunTime:0.001934s ]
SQL: SELECT * FROM `contents` WHERE (  enable=1 and cateid=4  ) LIMIT 1   [ RunTime:0.000250s ]
SQL: SELECT * FROM `contents` WHERE (  enable=1 and cateid=1  ) LIMIT 1   [ RunTime:0.000176s ]
SQL: SHOW COLUMNS FROM `visters` [ RunTime:0.002389s ]
SQL: INSERT INTO `visters` (`ctime`,`info`,`ip`,`page`) VALUES ('2014-09-01 08:18','澳大利亚 新南威尔士 Yowrie、WindowsEnglish系统、MSIE浏览器、','125.168.150.46','产品页面') [ RunTime:0.010250s ]
SQL: SHOW COLUMNS FROM `procate` [ RunTime:0.002310s ]
SQL: SHOW COLUMNS FROM `products` [ RunTime:0.002348s ]
NOTIC: [8] Undefined index:  procate2 D:\enkjhost\mayning1\web\home\Lib\Action\IndexAction.class.php 第 176 行.
SQL: SELECT * FROM `procate` WHERE ( id=22 ) LIMIT 1   [ RunTime:0.000293s ]
SQL: SELECT * FROM `procate` WHERE ( id=%d ) LIMIT 1   [ RunTime:0.000162s ]
ERR: 1064:You have an error in your SQL syntax; check the manual that corresponds to your MySQL server version for the right syntax to use near '%d ) LIMIT 1' at line 1
 [ SQL语句 ] : SELECT * FROM `procate` WHERE ( id=%d ) LIMIT 1  
SQL: SELECT * FROM `procate` WHERE ( pid=22 )  [ RunTime:0.000304s ]
SQL: select count(*) as count from products a left join procate b on a.proid = b.id where 1=1 and a.enable=1 and b.enable=1  and ( b.pid=22 or b.id=22) [ RunTime:0.000559s ]
SQL: select a.id,a.title,a.info,a.imgs,a.ctime from products a left join procate b on a.proid = b.id where 1=1 and a.enable=1 and b.enable=1  and ( b.pid=22 or b.id=22) order by a.sorts desc limit 0,9 [ RunTime:0.001022s ]
SQL: SELECT * FROM `procate` WHERE (  enable =1 and pid=0  )  [ RunTime:0.000355s ]
INFO: [ view_parse ] --START--
INFO: ParseTemplate Behavior ::run [ RunTime:0.024971s ]
INFO: [ view_parse ] --END-- [ RunTime:0.025067s ]
INFO: [ view_filter ] --START--
INFO: ContentReplace Behavior ::run [ RunTime:0.000987s ]
INFO: TokenBuild Behavior ::run [ RunTime:0.000945s ]
INFO: WriteHtmlCache Behavior ::run [ RunTime:0.000798s ]
INFO: ShowRuntime Behavior ::run [ RunTime:0.001042s ]
INFO: [ view_filter ] --END-- [ RunTime:0.003965s ]
INFO: [ view_end ] --START--
INFO: ShowPageTrace Behavior ::run [ RunTime:0.001291s ]
INFO: [ view_end ] --END-- [ RunTime:0.001363s ]

[ 2014-09-01 08:18:47 ] 125.168.150.46 /index.php/Index/product?procate=11
INFO: [ route_check ] --START--
INFO: CheckRoute Behavior ::run [ RunTime:0.002066s ]
INFO: [ route_check ] --END-- [ RunTime:0.002182s ]
INFO: [ app_begin ] --START--
INFO: ReadHtmlCache Behavior ::run [ RunTime:0.001548s ]
INFO: [ app_begin ] --END-- [ RunTime:0.001644s ]
SQL: SHOW COLUMNS FROM `contents` [ RunTime:0.002137s ]
SQL: SELECT * FROM `contents` WHERE (  enable=1 and cateid=4  ) LIMIT 1   [ RunTime:0.000291s ]
SQL: SELECT * FROM `contents` WHERE (  enable=1 and cateid=1  ) LIMIT 1   [ RunTime:0.000218s ]
SQL: SHOW COLUMNS FROM `visters` [ RunTime:0.002323s ]
SQL: INSERT INTO `visters` (`ctime`,`info`,`ip`,`page`) VALUES ('2014-09-01 08:18','澳大利亚 新南威尔士 Yowrie、WindowsEnglish系统、MSIE浏览器、','125.168.150.46','产品页面') [ RunTime:0.007524s ]
SQL: SHOW COLUMNS FROM `procate` [ RunTime:0.002279s ]
SQL: SHOW COLUMNS FROM `products` [ RunTime:0.002252s ]
NOTIC: [8] Undefined index:  procate2 D:\enkjhost\mayning1\web\home\Lib\Action\IndexAction.class.php 第 176 行.
SQL: SELECT * FROM `procate` WHERE ( id=11 ) LIMIT 1   [ RunTime:0.000277s ]
SQL: SELECT * FROM `procate` WHERE ( id=%d ) LIMIT 1   [ RunTime:0.000157s ]
ERR: 1064:You have an error in your SQL syntax; check the manual that corresponds to your MySQL server version for the right syntax to use near '%d ) LIMIT 1' at line 1
 [ SQL语句 ] : SELECT * FROM `procate` WHERE ( id=%d ) LIMIT 1  
SQL: SELECT * FROM `procate` WHERE ( pid=11 )  [ RunTime:0.000311s ]
SQL: select count(*) as count from products a left join procate b on a.proid = b.id where 1=1 and a.enable=1 and b.enable=1  and ( b.pid=11 or b.id=11) [ RunTime:0.000566s ]
SQL: select a.id,a.title,a.info,a.imgs,a.ctime from products a left join procate b on a.proid = b.id where 1=1 and a.enable=1 and b.enable=1  and ( b.pid=11 or b.id=11) order by a.sorts desc limit 0,9 [ RunTime:0.001003s ]
SQL: SELECT * FROM `procate` WHERE (  enable =1 and pid=0  )  [ RunTime:0.000332s ]
INFO: [ view_parse ] --START--
INFO: ParseTemplate Behavior ::run [ RunTime:0.021795s ]
INFO: [ view_parse ] --END-- [ RunTime:0.021891s ]
INFO: [ view_filter ] --START--
INFO: ContentReplace Behavior ::run [ RunTime:0.000977s ]
INFO: TokenBuild Behavior ::run [ RunTime:0.000946s ]
INFO: WriteHtmlCache Behavior ::run [ RunTime:0.000796s ]
INFO: ShowRuntime Behavior ::run [ RunTime:0.001035s ]
INFO: [ view_filter ] --END-- [ RunTime:0.003942s ]
INFO: [ view_end ] --START--
INFO: ShowPageTrace Behavior ::run [ RunTime:0.001244s ]
INFO: [ view_end ] --END-- [ RunTime:0.001313s ]

[ 2014-09-01 09:20:37 ] 37.58.100.76 /index.php/Index/product?procate=11
INFO: [ route_check ] --START--
INFO: CheckRoute Behavior ::run [ RunTime:0.002040s ]
INFO: [ route_check ] --END-- [ RunTime:0.002216s ]
INFO: [ app_begin ] --START--
INFO: ReadHtmlCache Behavior ::run [ RunTime:0.001185s ]
INFO: [ app_begin ] --END-- [ RunTime:0.001258s ]
SQL: SHOW COLUMNS FROM `contents` [ RunTime:0.001959s ]
SQL: SELECT * FROM `contents` WHERE (  enable=1 and cateid=4  ) LIMIT 1   [ RunTime:0.000240s ]
SQL: SELECT * FROM `contents` WHERE (  enable=1 and cateid=1  ) LIMIT 1   [ RunTime:0.000175s ]
NOTIC: [8] Undefined index:  HTTP_ACCEPT_LANGUAGE D:\enkjhost\mayning1\web\home\Lib\Action\UtilAction.class.php 第 96 行.
SQL: SHOW COLUMNS FROM `visters` [ RunTime:0.002374s ]
SQL: INSERT INTO `visters` (`ctime`,`info`,`ip`,`page`) VALUES ('2014-09-01 09:20','荷兰  、OtherEnglish系统、Other浏览器、','37.58.100.76','产品页面') [ RunTime:0.009966s ]
SQL: SHOW COLUMNS FROM `procate` [ RunTime:0.002369s ]
SQL: SHOW COLUMNS FROM `products` [ RunTime:0.002348s ]
NOTIC: [8] Undefined index:  procate2 D:\enkjhost\mayning1\web\home\Lib\Action\IndexAction.class.php 第 176 行.
SQL: SELECT * FROM `procate` WHERE ( id=11 ) LIMIT 1   [ RunTime:0.000314s ]
SQL: SELECT * FROM `procate` WHERE ( id=%d ) LIMIT 1   [ RunTime:0.000171s ]
ERR: 1064:You have an error in your SQL syntax; check the manual that corresponds to your MySQL server version for the right syntax to use near '%d ) LIMIT 1' at line 1
 [ SQL语句 ] : SELECT * FROM `procate` WHERE ( id=%d ) LIMIT 1  
SQL: SELECT * FROM `procate` WHERE ( pid=11 )  [ RunTime:0.000306s ]
SQL: select count(*) as count from products a left join procate b on a.proid = b.id where 1=1 and a.enable=1 and b.enable=1  and ( b.pid=11 or b.id=11) [ RunTime:0.000608s ]
SQL: select a.id,a.title,a.info,a.imgs,a.ctime from products a left join procate b on a.proid = b.id where 1=1 and a.enable=1 and b.enable=1  and ( b.pid=11 or b.id=11) order by a.sorts desc limit 0,9 [ RunTime:0.001029s ]
SQL: SELECT * FROM `procate` WHERE (  enable =1 and pid=0  )  [ RunTime:0.000352s ]
INFO: [ view_parse ] --START--
INFO: ParseTemplate Behavior ::run [ RunTime:0.025593s ]
INFO: [ view_parse ] --END-- [ RunTime:0.025717s ]
INFO: [ view_filter ] --START--
INFO: ContentReplace Behavior ::run [ RunTime:0.001095s ]
INFO: TokenBuild Behavior ::run [ RunTime:0.000971s ]
INFO: WriteHtmlCache Behavior ::run [ RunTime:0.000800s ]
INFO: ShowRuntime Behavior ::run [ RunTime:0.001043s ]
INFO: [ view_filter ] --END-- [ RunTime:0.004109s ]
INFO: [ view_end ] --START--
INFO: ShowPageTrace Behavior ::run [ RunTime:0.001283s ]
INFO: [ view_end ] --END-- [ RunTime:0.001356s ]

[ 2014-09-01 12:35:26 ] 37.58.100.168 /index.php/Index/product?procate=20&procate2=30
INFO: [ route_check ] --START--
INFO: CheckRoute Behavior ::run [ RunTime:0.001709s ]
INFO: [ route_check ] --END-- [ RunTime:0.001807s ]
INFO: [ app_begin ] --START--
INFO: ReadHtmlCache Behavior ::run [ RunTime:0.001300s ]
INFO: [ app_begin ] --END-- [ RunTime:0.001380s ]
SQL: SHOW COLUMNS FROM `contents` [ RunTime:0.002012s ]
SQL: SELECT * FROM `contents` WHERE (  enable=1 and cateid=4  ) LIMIT 1   [ RunTime:0.000254s ]
SQL: SELECT * FROM `contents` WHERE (  enable=1 and cateid=1  ) LIMIT 1   [ RunTime:0.000211s ]
NOTIC: [8] Undefined index:  HTTP_ACCEPT_LANGUAGE D:\enkjhost\mayning1\web\home\Lib\Action\UtilAction.class.php 第 96 行.
SQL: SHOW COLUMNS FROM `visters` [ RunTime:0.002870s ]
SQL: INSERT INTO `visters` (`ctime`,`info`,`ip`,`page`) VALUES ('2014-09-01 12:35','荷兰  、OtherEnglish系统、Other浏览器、','37.58.100.168','产品页面') [ RunTime:0.011438s ]
SQL: SHOW COLUMNS FROM `procate` [ RunTime:0.002755s ]
SQL: SHOW COLUMNS FROM `products` [ RunTime:0.002806s ]
SQL: SELECT * FROM `procate` WHERE ( id=20 ) LIMIT 1   [ RunTime:0.000290s ]
SQL: SELECT * FROM `procate` WHERE ( id=30 ) LIMIT 1   [ RunTime:0.000308s ]
SQL: SELECT * FROM `procate` WHERE ( pid=20 )  [ RunTime:0.000377s ]
SQL: select count(*) as count from products a left join procate b on a.proid = b.id where 1=1 and a.enable=1 and b.enable=1  and ( b.pid=30 or b.id=30) [ RunTime:0.000560s ]
SQL: select a.id,a.title,a.info,a.imgs,a.ctime from products a left join procate b on a.proid = b.id where 1=1 and a.enable=1 and b.enable=1  and ( b.pid=30 or b.id=30) order by a.sorts desc limit 0,9 [ RunTime:0.001003s ]
SQL: SELECT * FROM `procate` WHERE (  enable =1 and pid=0  )  [ RunTime:0.000321s ]
INFO: [ view_parse ] --START--
INFO: ParseTemplate Behavior ::run [ RunTime:0.023463s ]
INFO: [ view_parse ] --END-- [ RunTime:0.023560s ]
INFO: [ view_filter ] --START--
INFO: ContentReplace Behavior ::run [ RunTime:0.001000s ]
INFO: TokenBuild Behavior ::run [ RunTime:0.000951s ]
INFO: WriteHtmlCache Behavior ::run [ RunTime:0.000792s ]
INFO: ShowRuntime Behavior ::run [ RunTime:0.001045s ]
INFO: [ view_filter ] --END-- [ RunTime:0.003980s ]
INFO: [ view_end ] --START--
INFO: ShowPageTrace Behavior ::run [ RunTime:0.001248s ]
INFO: [ view_end ] --END-- [ RunTime:0.001321s ]

[ 2014-09-01 14:07:52 ] 37.58.100.236 /index.php/Index/product?procate=17
INFO: [ route_check ] --START--
INFO: CheckRoute Behavior ::run [ RunTime:0.001567s ]
INFO: [ route_check ] --END-- [ RunTime:0.001655s ]
INFO: [ app_begin ] --START--
INFO: ReadHtmlCache Behavior ::run [ RunTime:0.001176s ]
INFO: [ app_begin ] --END-- [ RunTime:0.001250s ]
SQL: SHOW COLUMNS FROM `contents` [ RunTime:0.002129s ]
SQL: SELECT * FROM `contents` WHERE (  enable=1 and cateid=4  ) LIMIT 1   [ RunTime:0.000262s ]
SQL: SELECT * FROM `contents` WHERE (  enable=1 and cateid=1  ) LIMIT 1   [ RunTime:0.000193s ]
NOTIC: [8] Undefined index:  HTTP_ACCEPT_LANGUAGE D:\enkjhost\mayning1\web\home\Lib\Action\UtilAction.class.php 第 96 行.
SQL: SHOW COLUMNS FROM `visters` [ RunTime:0.002588s ]
SQL: INSERT INTO `visters` (`ctime`,`info`,`ip`,`page`) VALUES ('2014-09-01 14:07','荷兰  、OtherEnglish系统、Other浏览器、','37.58.100.236','产品页面') [ RunTime:0.009817s ]
SQL: SHOW COLUMNS FROM `procate` [ RunTime:0.002649s ]
SQL: SHOW COLUMNS FROM `products` [ RunTime:0.002293s ]
NOTIC: [8] Undefined index:  procate2 D:\enkjhost\mayning1\web\home\Lib\Action\IndexAction.class.php 第 176 行.
SQL: SELECT * FROM `procate` WHERE ( id=17 ) LIMIT 1   [ RunTime:0.000294s ]
SQL: SELECT * FROM `procate` WHERE ( id=%d ) LIMIT 1   [ RunTime:0.000173s ]
ERR: 1064:You have an error in your SQL syntax; check the manual that corresponds to your MySQL server version for the right syntax to use near '%d ) LIMIT 1' at line 1
 [ SQL语句 ] : SELECT * FROM `procate` WHERE ( id=%d ) LIMIT 1  
SQL: SELECT * FROM `procate` WHERE ( pid=17 )  [ RunTime:0.000312s ]
SQL: select count(*) as count from products a left join procate b on a.proid = b.id where 1=1 and a.enable=1 and b.enable=1  and ( b.pid=17 or b.id=17) [ RunTime:0.000573s ]
SQL: select a.id,a.title,a.info,a.imgs,a.ctime from products a left join procate b on a.proid = b.id where 1=1 and a.enable=1 and b.enable=1  and ( b.pid=17 or b.id=17) order by a.sorts desc limit 0,9 [ RunTime:0.001020s ]
SQL: SELECT * FROM `procate` WHERE (  enable =1 and pid=0  )  [ RunTime:0.000344s ]
INFO: [ view_parse ] --START--
INFO: ParseTemplate Behavior ::run [ RunTime:0.025508s ]
INFO: [ view_parse ] --END-- [ RunTime:0.025617s ]
INFO: [ view_filter ] --START--
INFO: ContentReplace Behavior ::run [ RunTime:0.001292s ]
INFO: TokenBuild Behavior ::run [ RunTime:0.001246s ]
INFO: WriteHtmlCache Behavior ::run [ RunTime:0.001047s ]
INFO: ShowRuntime Behavior ::run [ RunTime:0.001368s ]
INFO: [ view_filter ] --END-- [ RunTime:0.005204s ]
INFO: [ view_end ] --START--
INFO: ShowPageTrace Behavior ::run [ RunTime:0.001467s ]
INFO: [ view_end ] --END-- [ RunTime:0.001550s ]

[ 2014-09-01 14:56:56 ] 37.58.100.236 /index.php/Index/product?procate=22
INFO: [ route_check ] --START--
INFO: CheckRoute Behavior ::run [ RunTime:0.002036s ]
INFO: [ route_check ] --END-- [ RunTime:0.002146s ]
INFO: [ app_begin ] --START--
INFO: ReadHtmlCache Behavior ::run [ RunTime:0.001541s ]
INFO: [ app_begin ] --END-- [ RunTime:0.001637s ]
SQL: SHOW COLUMNS FROM `contents` [ RunTime:0.002067s ]
SQL: SELECT * FROM `contents` WHERE (  enable=1 and cateid=4  ) LIMIT 1   [ RunTime:0.000253s ]
SQL: SELECT * FROM `contents` WHERE (  enable=1 and cateid=1  ) LIMIT 1   [ RunTime:0.000192s ]
NOTIC: [8] Undefined index:  HTTP_ACCEPT_LANGUAGE D:\enkjhost\mayning1\web\home\Lib\Action\UtilAction.class.php 第 96 行.
SQL: SHOW COLUMNS FROM `visters` [ RunTime:0.002278s ]
SQL: INSERT INTO `visters` (`ctime`,`info`,`ip`,`page`) VALUES ('2014-09-01 14:56','荷兰  、OtherEnglish系统、Other浏览器、','37.58.100.236','产品页面') [ RunTime:0.012811s ]
SQL: SHOW COLUMNS FROM `procate` [ RunTime:0.002473s ]
SQL: SHOW COLUMNS FROM `products` [ RunTime:0.002481s ]
NOTIC: [8] Undefined index:  procate2 D:\enkjhost\mayning1\web\home\Lib\Action\IndexAction.class.php 第 176 行.
SQL: SELECT * FROM `procate` WHERE ( id=22 ) LIMIT 1   [ RunTime:0.000279s ]
SQL: SELECT * FROM `procate` WHERE ( id=%d ) LIMIT 1   [ RunTime:0.000210s ]
ERR: 1064:You have an error in your SQL syntax; check the manual that corresponds to your MySQL server version for the right syntax to use near '%d ) LIMIT 1' at line 1
 [ SQL语句 ] : SELECT * FROM `procate` WHERE ( id=%d ) LIMIT 1  
SQL: SELECT * FROM `procate` WHERE ( pid=22 )  [ RunTime:0.000357s ]
SQL: select count(*) as count from products a left join procate b on a.proid = b.id where 1=1 and a.enable=1 and b.enable=1  and ( b.pid=22 or b.id=22) [ RunTime:0.000605s ]
SQL: select a.id,a.title,a.info,a.imgs,a.ctime from products a left join procate b on a.proid = b.id where 1=1 and a.enable=1 and b.enable=1  and ( b.pid=22 or b.id=22) order by a.sorts desc limit 0,9 [ RunTime:0.001039s ]
SQL: SELECT * FROM `procate` WHERE (  enable =1 and pid=0  )  [ RunTime:0.000370s ]
INFO: [ view_parse ] --START--
INFO: ParseTemplate Behavior ::run [ RunTime:0.025676s ]
INFO: [ view_parse ] --END-- [ RunTime:0.025788s ]
INFO: [ view_filter ] --START--
INFO: ContentReplace Behavior ::run [ RunTime:0.001294s ]
INFO: TokenBuild Behavior ::run [ RunTime:0.001271s ]
INFO: WriteHtmlCache Behavior ::run [ RunTime:0.001049s ]
INFO: ShowRuntime Behavior ::run [ RunTime:0.001374s ]
INFO: [ view_filter ] --END-- [ RunTime:0.005236s ]
INFO: [ view_end ] --START--
INFO: ShowPageTrace Behavior ::run [ RunTime:0.001657s ]
INFO: [ view_end ] --END-- [ RunTime:0.001753s ]

[ 2014-09-01 15:41:03 ] 198.46.136.235 /index.php/Index/productInfo?id=120
INFO: [ route_check ] --START--
INFO: CheckRoute Behavior ::run [ RunTime:0.001567s ]
INFO: [ route_check ] --END-- [ RunTime:0.001653s ]
INFO: [ app_begin ] --START--
INFO: ReadHtmlCache Behavior ::run [ RunTime:0.001342s ]
INFO: [ app_begin ] --END-- [ RunTime:0.001417s ]
SQL: SHOW COLUMNS FROM `contents` [ RunTime:0.002036s ]
SQL: SELECT * FROM `contents` WHERE (  enable=1 and cateid=4  ) LIMIT 1   [ RunTime:0.000286s ]
SQL: SELECT * FROM `contents` WHERE (  enable=1 and cateid=1  ) LIMIT 1   [ RunTime:0.000204s ]
SQL: SHOW COLUMNS FROM `visters` [ RunTime:0.002275s ]
SQL: INSERT INTO `visters` (`ctime`,`info`,`ip`,`page`) VALUES ('2014-09-01 15:41','美国 纽约州 Buffalo、MACEnglish系统、Chrome浏览器、','198.46.136.235','产品详情页面') [ RunTime:0.009152s ]
SQL: SHOW COLUMNS FROM `procate` [ RunTime:0.002344s ]
SQL: SHOW COLUMNS FROM `products` [ RunTime:0.002253s ]
NOTIC: [8] Undefined index:  procate D:\enkjhost\mayning1\web\home\Lib\Action\IndexAction.class.php 第 243 行.
NOTIC: [8] Undefined index:  procate2 D:\enkjhost\mayning1\web\home\Lib\Action\IndexAction.class.php 第 244 行.
SQL: SELECT * FROM `procate` WHERE ( id=%d ) LIMIT 1   [ RunTime:0.000179s ]
ERR: 1064:You have an error in your SQL syntax; check the manual that corresponds to your MySQL server version for the right syntax to use near '%d ) LIMIT 1' at line 1
 [ SQL语句 ] : SELECT * FROM `procate` WHERE ( id=%d ) LIMIT 1  
SQL: SELECT * FROM `procate` WHERE ( id=%d ) LIMIT 1   [ RunTime:0.000166s ]
ERR: 1064:You have an error in your SQL syntax; check the manual that corresponds to your MySQL server version for the right syntax to use near '%d ) LIMIT 1' at line 1
 [ SQL语句 ] : SELECT * FROM `procate` WHERE ( id=%d ) LIMIT 1  
SQL: SELECT * FROM `procate` WHERE (  enable =1 and pid=0  )  [ RunTime:0.000362s ]
SQL: SELECT * FROM `products` WHERE (  id=120 ) LIMIT 1   [ RunTime:0.000317s ]
SQL: SELECT * FROM `procate` WHERE ( id=37 ) LIMIT 1   [ RunTime:0.000274s ]
SQL: SELECT * FROM `procate` WHERE ( id=0 ) LIMIT 1   [ RunTime:0.000255s ]
INFO: [ view_parse ] --START--
INFO: ParseTemplate Behavior ::run [ RunTime:0.021518s ]
INFO: [ view_parse ] --END-- [ RunTime:0.021625s ]
INFO: [ view_filter ] --START--
INFO: ContentReplace Behavior ::run [ RunTime:0.001288s ]
INFO: TokenBuild Behavior ::run [ RunTime:0.001256s ]
INFO: WriteHtmlCache Behavior ::run [ RunTime:0.001051s ]
INFO: ShowRuntime Behavior ::run [ RunTime:0.001370s ]
INFO: [ view_filter ] --END-- [ RunTime:0.005210s ]
INFO: [ view_end ] --START--
INFO: ShowPageTrace Behavior ::run [ RunTime:0.001642s ]
INFO: [ view_end ] --END-- [ RunTime:0.001736s ]

[ 2014-09-01 18:01:09 ] 69.12.65.107 /index.php/Index/productInfo?id=120
INFO: [ route_check ] --START--
INFO: CheckRoute Behavior ::run [ RunTime:0.002054s ]
INFO: [ route_check ] --END-- [ RunTime:0.002172s ]
INFO: [ app_begin ] --START--
INFO: ReadHtmlCache Behavior ::run [ RunTime:0.001548s ]
INFO: [ app_begin ] --END-- [ RunTime:0.001645s ]
SQL: SHOW COLUMNS FROM `contents` [ RunTime:0.004471s ]
SQL: SELECT * FROM `contents` WHERE (  enable=1 and cateid=4  ) LIMIT 1   [ RunTime:0.000373s ]
SQL: SELECT * FROM `contents` WHERE (  enable=1 and cateid=1  ) LIMIT 1   [ RunTime:0.000296s ]
SQL: SHOW COLUMNS FROM `visters` [ RunTime:0.002850s ]
SQL: INSERT INTO `visters` (`ctime`,`info`,`ip`,`page`) VALUES ('2014-09-01 18:01','美国 加利福尼亚 Los Angeles、MACEnglish系统、Chrome浏览器、','69.12.65.107','产品详情页面') [ RunTime:0.009777s ]
SQL: SHOW COLUMNS FROM `procate` [ RunTime:0.005232s ]
SQL: SHOW COLUMNS FROM `products` [ RunTime:0.003068s ]
NOTIC: [8] Undefined index:  procate D:\enkjhost\mayning1\web\home\Lib\Action\IndexAction.class.php 第 243 行.
NOTIC: [8] Undefined index:  procate2 D:\enkjhost\mayning1\web\home\Lib\Action\IndexAction.class.php 第 244 行.
SQL: SELECT * FROM `procate` WHERE ( id=%d ) LIMIT 1   [ RunTime:0.000225s ]
ERR: 1064:You have an error in your SQL syntax; check the manual that corresponds to your MySQL server version for the right syntax to use near '%d ) LIMIT 1' at line 1
 [ SQL语句 ] : SELECT * FROM `procate` WHERE ( id=%d ) LIMIT 1  
SQL: SELECT * FROM `procate` WHERE ( id=%d ) LIMIT 1   [ RunTime:0.000254s ]
ERR: 1064:You have an error in your SQL syntax; check the manual that corresponds to your MySQL server version for the right syntax to use near '%d ) LIMIT 1' at line 1
 [ SQL语句 ] : SELECT * FROM `procate` WHERE ( id=%d ) LIMIT 1  
SQL: SELECT * FROM `procate` WHERE (  enable =1 and pid=0  )  [ RunTime:0.000408s ]
SQL: SELECT * FROM `products` WHERE (  id=120 ) LIMIT 1   [ RunTime:0.000333s ]
SQL: SELECT * FROM `procate` WHERE ( id=37 ) LIMIT 1   [ RunTime:0.000238s ]
SQL: SELECT * FROM `procate` WHERE ( id=0 ) LIMIT 1   [ RunTime:0.000263s ]
INFO: [ view_parse ] --START--
INFO: ParseTemplate Behavior ::run [ RunTime:0.021691s ]
INFO: [ view_parse ] --END-- [ RunTime:0.021808s ]
INFO: [ view_filter ] --START--
INFO: ContentReplace Behavior ::run [ RunTime:0.001340s ]
INFO: TokenBuild Behavior ::run [ RunTime:0.001263s ]
INFO: WriteHtmlCache Behavior ::run [ RunTime:0.001068s ]
INFO: ShowRuntime Behavior ::run [ RunTime:0.001386s ]
INFO: [ view_filter ] --END-- [ RunTime:0.005318s ]
INFO: [ view_end ] --START--
INFO: ShowPageTrace Behavior ::run [ RunTime:0.001675s ]
INFO: [ view_end ] --END-- [ RunTime:0.001775s ]

[ 2014-09-01 18:29:52 ] 37.58.100.236 /index.php/Index/product?procate=&procate2=37
INFO: [ route_check ] --START--
INFO: CheckRoute Behavior ::run [ RunTime:0.002070s ]
INFO: [ route_check ] --END-- [ RunTime:0.002181s ]
INFO: [ app_begin ] --START--
INFO: ReadHtmlCache Behavior ::run [ RunTime:0.001540s ]
INFO: [ app_begin ] --END-- [ RunTime:0.001634s ]
SQL: SHOW COLUMNS FROM `contents` [ RunTime:0.002172s ]
SQL: SELECT * FROM `contents` WHERE (  enable=1 and cateid=4  ) LIMIT 1   [ RunTime:0.000298s ]
SQL: SELECT * FROM `contents` WHERE (  enable=1 and cateid=1  ) LIMIT 1   [ RunTime:0.000236s ]
NOTIC: [8] Undefined index:  HTTP_ACCEPT_LANGUAGE D:\enkjhost\mayning1\web\home\Lib\Action\UtilAction.class.php 第 96 行.
SQL: SHOW COLUMNS FROM `visters` [ RunTime:0.002237s ]
SQL: INSERT INTO `visters` (`ctime`,`info`,`ip`,`page`) VALUES ('2014-09-01 18:29','荷兰  、OtherEnglish系统、Other浏览器、','37.58.100.236','产品页面') [ RunTime:0.012762s ]
SQL: SHOW COLUMNS FROM `procate` [ RunTime:0.002343s ]
SQL: SHOW COLUMNS FROM `products` [ RunTime:0.002233s ]
SQL: SELECT * FROM `procate` WHERE ( id=0 ) LIMIT 1   [ RunTime:0.000284s ]
SQL: SELECT * FROM `procate` WHERE ( id=37 ) LIMIT 1   [ RunTime:0.000279s ]
SQL: select count(*) as count from products a left join procate b on a.proid = b.id where 1=1 and a.enable=1 and b.enable=1  [ RunTime:0.000624s ]
SQL: select a.id,a.title,a.info,a.imgs,a.ctime from products a left join procate b on a.proid = b.id where 1=1 and a.enable=1 and b.enable=1  order by a.sorts desc limit 0,9 [ RunTime:0.000580s ]
SQL: SELECT * FROM `procate` WHERE (  enable =1 and pid=0  )  [ RunTime:0.000302s ]
NOTIC: [8] Undefined variable: cate2List D:\enkjhost\mayning1\web\home\Lib\Action\IndexAction.class.php 第 220 行.
INFO: [ view_parse ] --START--
INFO: ParseTemplate Behavior ::run [ RunTime:0.025493s ]
INFO: [ view_parse ] --END-- [ RunTime:0.025607s ]
INFO: [ view_filter ] --START--
INFO: ContentReplace Behavior ::run [ RunTime:0.001342s ]
INFO: TokenBuild Behavior ::run [ RunTime:0.001261s ]
INFO: WriteHtmlCache Behavior ::run [ RunTime:0.001064s ]
INFO: ShowRuntime Behavior ::run [ RunTime:0.001297s ]
INFO: [ view_filter ] --END-- [ RunTime:0.005218s ]
INFO: [ view_end ] --START--
INFO: ShowPageTrace Behavior ::run [ RunTime:0.001550s ]
INFO: [ view_end ] --END-- [ RunTime:0.001642s ]

[ 2014-09-01 21:50:12 ] 61.135.189.171 /index.php
INFO: [ app_begin ] --START--
INFO: ReadHtmlCache Behavior ::run [ RunTime:0.001181s ]
INFO: [ app_begin ] --END-- [ RunTime:0.001266s ]
SQL: SHOW COLUMNS FROM `contents` [ RunTime:0.002259s ]
SQL: SELECT * FROM `contents` WHERE (  enable=1 and cateid=4  ) LIMIT 1   [ RunTime:0.000267s ]
SQL: SELECT * FROM `contents` WHERE (  enable=1 and cateid=1  ) LIMIT 1   [ RunTime:0.000231s ]
SQL: SHOW COLUMNS FROM `visters` [ RunTime:0.002724s ]
SQL: INSERT INTO `visters` (`ctime`,`info`,`ip`,`page`) VALUES ('2014-09-01 21:50','中国 北京 北京、Other简体中文系统、Other浏览器、','61.135.189.171','系统首页') [ RunTime:0.010406s ]
SQL: SHOW COLUMNS FROM `products` [ RunTime:0.002657s ]
SQL: SELECT * FROM `products` WHERE (  enable=1 and state=1  ) ORDER BY  sorts desc  [ RunTime:0.001112s ]
SQL: SELECT * FROM `products` WHERE (  enable=1 and state=2  ) ORDER BY  sorts desc  [ RunTime:0.000783s ]
INFO: [ view_parse ] --START--
INFO: ParseTemplate Behavior ::run [ RunTime:0.021080s ]
INFO: [ view_parse ] --END-- [ RunTime:0.021199s ]
INFO: [ view_filter ] --START--
INFO: ContentReplace Behavior ::run [ RunTime:0.001288s ]
INFO: TokenBuild Behavior ::run [ RunTime:0.001272s ]
INFO: WriteHtmlCache Behavior ::run [ RunTime:0.000809s ]
INFO: ShowRuntime Behavior ::run [ RunTime:0.001057s ]
INFO: [ view_filter ] --END-- [ RunTime:0.004639s ]
INFO: [ view_end ] --START--
INFO: ShowPageTrace Behavior ::run [ RunTime:0.001253s ]
INFO: [ view_end ] --END-- [ RunTime:0.001327s ]

[ 2014-09-01 23:43:21 ] 37.58.100.86 /index.php/Index/product?procate=16
INFO: [ route_check ] --START--
INFO: CheckRoute Behavior ::run [ RunTime:0.002017s ]
INFO: [ route_check ] --END-- [ RunTime:0.002129s ]
INFO: [ app_begin ] --START--
INFO: ReadHtmlCache Behavior ::run [ RunTime:0.001534s ]
INFO: [ app_begin ] --END-- [ RunTime:0.001628s ]
SQL: SHOW COLUMNS FROM `contents` [ RunTime:0.002007s ]
SQL: SELECT * FROM `contents` WHERE (  enable=1 and cateid=4  ) LIMIT 1   [ RunTime:0.000287s ]
SQL: SELECT * FROM `contents` WHERE (  enable=1 and cateid=1  ) LIMIT 1   [ RunTime:0.000202s ]
NOTIC: [8] Undefined index:  HTTP_ACCEPT_LANGUAGE D:\enkjhost\mayning1\web\home\Lib\Action\UtilAction.class.php 第 96 行.
SQL: SHOW COLUMNS FROM `visters` [ RunTime:0.002331s ]
SQL: INSERT INTO `visters` (`ctime`,`info`,`ip`,`page`) VALUES ('2014-09-01 23:43','荷兰  、OtherEnglish系统、Other浏览器、','37.58.100.86','产品页面') [ RunTime:0.009628s ]
SQL: SHOW COLUMNS FROM `procate` [ RunTime:0.002444s ]
SQL: SHOW COLUMNS FROM `products` [ RunTime:0.002269s ]
NOTIC: [8] Undefined index:  procate2 D:\enkjhost\mayning1\web\home\Lib\Action\IndexAction.class.php 第 176 行.
SQL: SELECT * FROM `procate` WHERE ( id=16 ) LIMIT 1   [ RunTime:0.000295s ]
SQL: SELECT * FROM `procate` WHERE ( id=%d ) LIMIT 1   [ RunTime:0.000171s ]
ERR: 1064:You have an error in your SQL syntax; check the manual that corresponds to your MySQL server version for the right syntax to use near '%d ) LIMIT 1' at line 1
 [ SQL语句 ] : SELECT * FROM `procate` WHERE ( id=%d ) LIMIT 1  
SQL: SELECT * FROM `procate` WHERE ( pid=16 )  [ RunTime:0.000305s ]
SQL: select count(*) as count from products a left join procate b on a.proid = b.id where 1=1 and a.enable=1 and b.enable=1  and ( b.pid=16 or b.id=16) [ RunTime:0.000576s ]
SQL: select a.id,a.title,a.info,a.imgs,a.ctime from products a left join procate b on a.proid = b.id where 1=1 and a.enable=1 and b.enable=1  and ( b.pid=16 or b.id=16) order by a.sorts desc limit 0,9 [ RunTime:0.001043s ]
SQL: SELECT * FROM `procate` WHERE (  enable =1 and pid=0  )  [ RunTime:0.000340s ]
INFO: [ view_parse ] --START--
INFO: ParseTemplate Behavior ::run [ RunTime:0.025293s ]
INFO: [ view_parse ] --END-- [ RunTime:0.025403s ]
INFO: [ view_filter ] --START--
INFO: ContentReplace Behavior ::run [ RunTime:0.001315s ]
INFO: TokenBuild Behavior ::run [ RunTime:0.001261s ]
INFO: WriteHtmlCache Behavior ::run [ RunTime:0.001050s ]
INFO: ShowRuntime Behavior ::run [ RunTime:0.001377s ]
INFO: [ view_filter ] --END-- [ RunTime:0.005252s ]
INFO: [ view_end ] --START--
INFO: ShowPageTrace Behavior ::run [ RunTime:0.001674s ]
INFO: [ view_end ] --END-- [ RunTime:0.001769s ]

[ 2014-09-01 23:54:34 ] 66.249.70.98 /index.php/Index/productInfo?id=116
INFO: [ route_check ] --START--
INFO: CheckRoute Behavior ::run [ RunTime:0.001928s ]
INFO: [ route_check ] --END-- [ RunTime:0.002028s ]
INFO: [ app_begin ] --START--
INFO: ReadHtmlCache Behavior ::run [ RunTime:0.001179s ]
INFO: [ app_begin ] --END-- [ RunTime:0.001252s ]
SQL: SHOW COLUMNS FROM `contents` [ RunTime:0.001861s ]
SQL: SELECT * FROM `contents` WHERE (  enable=1 and cateid=4  ) LIMIT 1   [ RunTime:0.000267s ]
SQL: SELECT * FROM `contents` WHERE (  enable=1 and cateid=1  ) LIMIT 1   [ RunTime:0.000216s ]
NOTIC: [8] Undefined index:  HTTP_ACCEPT_LANGUAGE D:\enkjhost\mayning1\web\home\Lib\Action\UtilAction.class.php 第 96 行.
SQL: SHOW COLUMNS FROM `visters` [ RunTime:0.002241s ]
SQL: INSERT INTO `visters` (`ctime`,`info`,`ip`,`page`) VALUES ('2014-09-01 23:54','美国 加利福尼亚 Mountain View、OtherEnglish系统、Other浏览器、','66.249.70.98','产品详情页面') [ RunTime:0.009957s ]
SQL: SHOW COLUMNS FROM `procate` [ RunTime:0.002356s ]
SQL: SHOW COLUMNS FROM `products` [ RunTime:0.002174s ]
NOTIC: [8] Undefined index:  procate D:\enkjhost\mayning1\web\home\Lib\Action\IndexAction.class.php 第 243 行.
NOTIC: [8] Undefined index:  procate2 D:\enkjhost\mayning1\web\home\Lib\Action\IndexAction.class.php 第 244 行.
SQL: SELECT * FROM `procate` WHERE ( id=%d ) LIMIT 1   [ RunTime:0.000178s ]
ERR: 1064:You have an error in your SQL syntax; check the manual that corresponds to your MySQL server version for the right syntax to use near '%d ) LIMIT 1' at line 1
 [ SQL语句 ] : SELECT * FROM `procate` WHERE ( id=%d ) LIMIT 1  
SQL: SELECT * FROM `procate` WHERE ( id=%d ) LIMIT 1   [ RunTime:0.000166s ]
ERR: 1064:You have an error in your SQL syntax; check the manual that corresponds to your MySQL server version for the right syntax to use near '%d ) LIMIT 1' at line 1
 [ SQL语句 ] : SELECT * FROM `procate` WHERE ( id=%d ) LIMIT 1  
SQL: SELECT * FROM `procate` WHERE (  enable =1 and pid=0  )  [ RunTime:0.000370s ]
SQL: SELECT * FROM `products` WHERE (  id=116 ) LIMIT 1   [ RunTime:0.000312s ]
SQL: SELECT * FROM `procate` WHERE ( id=31 ) LIMIT 1   [ RunTime:0.000264s ]
SQL: SELECT * FROM `procate` WHERE ( id=20 ) LIMIT 1   [ RunTime:0.000271s ]
INFO: [ view_parse ] --START--
INFO: ParseTemplate Behavior ::run [ RunTime:0.021656s ]
INFO: [ view_parse ] --END-- [ RunTime:0.021765s ]
INFO: [ view_filter ] --START--
INFO: ContentReplace Behavior ::run [ RunTime:0.001285s ]
INFO: TokenBuild Behavior ::run [ RunTime:0.001082s ]
INFO: WriteHtmlCache Behavior ::run [ RunTime:0.000823s ]
INFO: ShowRuntime Behavior ::run [ RunTime:0.001059s ]
INFO: [ view_filter ] --END-- [ RunTime:0.004457s ]
INFO: [ view_end ] --START--
INFO: ShowPageTrace Behavior ::run [ RunTime:0.001281s ]
INFO: [ view_end ] --END-- [ RunTime:0.001354s ]

