[ 2014-09-15 00:33:14 ] 202.46.48.208 /index.php
INFO: [ app_begin ] --START--
INFO: ReadHtmlCache Behavior ::run [ RunTime:0.001557s ]
INFO: [ app_begin ] --END-- [ RunTime:0.001666s ]
SQL: SHOW COLUMNS FROM `contents` [ RunTime:0.001967s ]
SQL: SELECT * FROM `contents` WHERE (  enable=1 and cateid=4  ) LIMIT 1   [ RunTime:0.000251s ]
SQL: SELECT * FROM `contents` WHERE (  enable=1 and cateid=1  ) LIMIT 1   [ RunTime:0.000175s ]
SQL: SHOW COLUMNS FROM `visters` [ RunTime:0.002635s ]
SQL: INSERT INTO `visters` (`ctime`,`info`,`ip`,`page`) VALUES ('2014-09-15 00:33','中国 广东 深圳、WindowsEnglish系统、Firefox浏览器、','202.46.48.208','系统首页') [ RunTime:0.010688s ]
SQL: SHOW COLUMNS FROM `products` [ RunTime:0.002687s ]
SQL: SELECT * FROM `products` WHERE (  enable=1 and state=1  ) ORDER BY  sorts desc  [ RunTime:0.001314s ]
SQL: SELECT * FROM `products` WHERE (  enable=1 and state=2  ) ORDER BY  sorts desc  [ RunTime:0.000891s ]
INFO: [ view_parse ] --START--
INFO: ParseTemplate Behavior ::run [ RunTime:0.021020s ]
INFO: [ view_parse ] --END-- [ RunTime:0.021131s ]
INFO: [ view_filter ] --START--
INFO: ContentReplace Behavior ::run [ RunTime:0.001090s ]
INFO: TokenBuild Behavior ::run [ RunTime:0.001051s ]
INFO: WriteHtmlCache Behavior ::run [ RunTime:0.000898s ]
INFO: ShowRuntime Behavior ::run [ RunTime:0.001164s ]
INFO: [ view_filter ] --END-- [ RunTime:0.004458s ]
INFO: [ view_end ] --START--
INFO: ShowPageTrace Behavior ::run [ RunTime:0.001386s ]
INFO: [ view_end ] --END-- [ RunTime:0.001462s ]

[ 2014-09-15 01:16:50 ] 123.125.71.102 /index.php/Index/product?procate=26
INFO: [ route_check ] --START--
INFO: CheckRoute Behavior ::run [ RunTime:0.001701s ]
INFO: [ route_check ] --END-- [ RunTime:0.001797s ]
INFO: [ app_begin ] --START--
INFO: ReadHtmlCache Behavior ::run [ RunTime:0.001312s ]
INFO: [ app_begin ] --END-- [ RunTime:0.001392s ]
SQL: SHOW COLUMNS FROM `contents` [ RunTime:0.002550s ]
SQL: SELECT * FROM `contents` WHERE (  enable=1 and cateid=4  ) LIMIT 1   [ RunTime:0.000338s ]
SQL: SELECT * FROM `contents` WHERE (  enable=1 and cateid=1  ) LIMIT 1   [ RunTime:0.000259s ]
SQL: SHOW COLUMNS FROM `visters` [ RunTime:0.002364s ]
SQL: INSERT INTO `visters` (`ctime`,`info`,`ip`,`page`) VALUES ('2014-09-15 01:16','中国 北京 北京、Other简体中文系统、Other浏览器、','123.125.71.102','产品页面') [ RunTime:0.008834s ]
SQL: SHOW COLUMNS FROM `procate` [ RunTime:0.002406s ]
SQL: SHOW COLUMNS FROM `products` [ RunTime:0.002241s ]
NOTIC: [8] Undefined index:  procate2 D:\enkjhost\mayning1\web\home\Lib\Action\IndexAction.class.php 第 176 行.
SQL: SELECT * FROM `procate` WHERE ( id=26 ) LIMIT 1   [ RunTime:0.000300s ]
SQL: SELECT * FROM `procate` WHERE ( id=%d ) LIMIT 1   [ RunTime:0.000173s ]
ERR: 1064:You have an error in your SQL syntax; check the manual that corresponds to your MySQL server version for the right syntax to use near '%d ) LIMIT 1' at line 1
 [ SQL语句 ] : SELECT * FROM `procate` WHERE ( id=%d ) LIMIT 1  
SQL: SELECT * FROM `procate` WHERE ( pid=26 )  [ RunTime:0.000313s ]
SQL: select count(*) as count from products a left join procate b on a.proid = b.id where 1=1 and a.enable=1 and b.enable=1  and ( b.pid=26 or b.id=26) [ RunTime:0.000587s ]
SQL: select a.id,a.title,a.info,a.imgs,a.ctime from products a left join procate b on a.proid = b.id where 1=1 and a.enable=1 and b.enable=1  and ( b.pid=26 or b.id=26) order by a.sorts desc limit 0,9 [ RunTime:0.001101s ]
SQL: SELECT * FROM `procate` WHERE (  enable =1 and pid=0  )  [ RunTime:0.000353s ]
INFO: [ view_parse ] --START--
INFO: ParseTemplate Behavior ::run [ RunTime:0.025589s ]
INFO: [ view_parse ] --END-- [ RunTime:0.025698s ]
INFO: [ view_filter ] --START--
INFO: ContentReplace Behavior ::run [ RunTime:0.001317s ]
INFO: TokenBuild Behavior ::run [ RunTime:0.000973s ]
INFO: WriteHtmlCache Behavior ::run [ RunTime:0.000806s ]
INFO: ShowRuntime Behavior ::run [ RunTime:0.001067s ]
INFO: [ view_filter ] --END-- [ RunTime:0.004395s ]
INFO: [ view_end ] --START--
INFO: ShowPageTrace Behavior ::run [ RunTime:0.001272s ]
INFO: [ view_end ] --END-- [ RunTime:0.001342s ]

[ 2014-09-15 02:10:16 ] 66.249.65.126 /index.php
INFO: [ app_begin ] --START--
INFO: ReadHtmlCache Behavior ::run [ RunTime:0.001559s ]
INFO: [ app_begin ] --END-- [ RunTime:0.001668s ]
SQL: SHOW COLUMNS FROM `contents` [ RunTime:0.002612s ]
SQL: SELECT * FROM `contents` WHERE (  enable=1 and cateid=4  ) LIMIT 1   [ RunTime:0.000327s ]
SQL: SELECT * FROM `contents` WHERE (  enable=1 and cateid=1  ) LIMIT 1   [ RunTime:0.000239s ]
NOTIC: [8] Undefined index:  HTTP_ACCEPT_LANGUAGE D:\enkjhost\mayning1\web\home\Lib\Action\UtilAction.class.php 第 96 行.
SQL: SHOW COLUMNS FROM `visters` [ RunTime:0.002391s ]
SQL: INSERT INTO `visters` (`ctime`,`info`,`ip`,`page`) VALUES ('2014-09-15 02:10','美国 加利福尼亚 Mountain View、OtherEnglish系统、Other浏览器、','66.249.65.126','系统首页') [ RunTime:0.010797s ]
SQL: SHOW COLUMNS FROM `products` [ RunTime:0.002508s ]
SQL: SELECT * FROM `products` WHERE (  enable=1 and state=1  ) ORDER BY  sorts desc  [ RunTime:0.001064s ]
SQL: SELECT * FROM `products` WHERE (  enable=1 and state=2  ) ORDER BY  sorts desc  [ RunTime:0.000826s ]
INFO: [ view_parse ] --START--
INFO: ParseTemplate Behavior ::run [ RunTime:0.021112s ]
INFO: [ view_parse ] --END-- [ RunTime:0.021224s ]
INFO: [ view_filter ] --START--
INFO: ContentReplace Behavior ::run [ RunTime:0.001288s ]
INFO: TokenBuild Behavior ::run [ RunTime:0.000998s ]
INFO: WriteHtmlCache Behavior ::run [ RunTime:0.000814s ]
INFO: ShowRuntime Behavior ::run [ RunTime:0.001056s ]
INFO: [ view_filter ] --END-- [ RunTime:0.004369s ]
INFO: [ view_end ] --START--
INFO: ShowPageTrace Behavior ::run [ RunTime:0.001271s ]
INFO: [ view_end ] --END-- [ RunTime:0.001342s ]

[ 2014-09-15 03:50:38 ] 37.58.100.167 /index.php/Index/productInfo?id=109
INFO: [ route_check ] --START--
INFO: CheckRoute Behavior ::run [ RunTime:0.002020s ]
INFO: [ route_check ] --END-- [ RunTime:0.002133s ]
INFO: [ app_begin ] --START--
INFO: ReadHtmlCache Behavior ::run [ RunTime:0.001184s ]
INFO: [ app_begin ] --END-- [ RunTime:0.001258s ]
SQL: SHOW COLUMNS FROM `contents` [ RunTime:0.002043s ]
SQL: SELECT * FROM `contents` WHERE (  enable=1 and cateid=4  ) LIMIT 1   [ RunTime:0.000266s ]
SQL: SELECT * FROM `contents` WHERE (  enable=1 and cateid=1  ) LIMIT 1   [ RunTime:0.000183s ]
NOTIC: [8] Undefined index:  HTTP_ACCEPT_LANGUAGE D:\enkjhost\mayning1\web\home\Lib\Action\UtilAction.class.php 第 96 行.
SQL: SHOW COLUMNS FROM `visters` [ RunTime:0.002295s ]
SQL: INSERT INTO `visters` (`ctime`,`info`,`ip`,`page`) VALUES ('2014-09-15 03:50','荷兰  、OtherEnglish系统、Other浏览器、','37.58.100.167','产品详情页面') [ RunTime:0.009348s ]
SQL: SHOW COLUMNS FROM `procate` [ RunTime:0.002471s ]
SQL: SHOW COLUMNS FROM `products` [ RunTime:0.002498s ]
NOTIC: [8] Undefined index:  procate D:\enkjhost\mayning1\web\home\Lib\Action\IndexAction.class.php 第 243 行.
NOTIC: [8] Undefined index:  procate2 D:\enkjhost\mayning1\web\home\Lib\Action\IndexAction.class.php 第 244 行.
SQL: SELECT * FROM `procate` WHERE ( id=%d ) LIMIT 1   [ RunTime:0.000189s ]
ERR: 1064:You have an error in your SQL syntax; check the manual that corresponds to your MySQL server version for the right syntax to use near '%d ) LIMIT 1' at line 1
 [ SQL语句 ] : SELECT * FROM `procate` WHERE ( id=%d ) LIMIT 1  
SQL: SELECT * FROM `procate` WHERE ( id=%d ) LIMIT 1   [ RunTime:0.000184s ]
ERR: 1064:You have an error in your SQL syntax; check the manual that corresponds to your MySQL server version for the right syntax to use near '%d ) LIMIT 1' at line 1
 [ SQL语句 ] : SELECT * FROM `procate` WHERE ( id=%d ) LIMIT 1  
SQL: SELECT * FROM `procate` WHERE (  enable =1 and pid=0  )  [ RunTime:0.000387s ]
SQL: SELECT * FROM `products` WHERE (  id=109 ) LIMIT 1   [ RunTime:0.000533s ]
SQL: SELECT * FROM `procate` WHERE ( id=30 ) LIMIT 1   [ RunTime:0.000270s ]
SQL: SELECT * FROM `procate` WHERE ( id=20 ) LIMIT 1   [ RunTime:0.000292s ]
INFO: [ view_parse ] --START--
INFO: ParseTemplate Behavior ::run [ RunTime:0.021079s ]
INFO: [ view_parse ] --END-- [ RunTime:0.021170s ]
INFO: [ view_filter ] --START--
INFO: ContentReplace Behavior ::run [ RunTime:0.001010s ]
INFO: TokenBuild Behavior ::run [ RunTime:0.000889s ]
INFO: WriteHtmlCache Behavior ::run [ RunTime:0.000746s ]
INFO: ShowRuntime Behavior ::run [ RunTime:0.000988s ]
INFO: [ view_filter ] --END-- [ RunTime:0.003807s ]
INFO: [ view_end ] --START--
INFO: ShowPageTrace Behavior ::run [ RunTime:0.001192s ]
INFO: [ view_end ] --END-- [ RunTime:0.001260s ]

[ 2014-09-15 04:34:17 ] 37.58.100.72 /index.php/Index/index
INFO: [ route_check ] --START--
INFO: CheckRoute Behavior ::run [ RunTime:0.002069s ]
INFO: [ route_check ] --END-- [ RunTime:0.002181s ]
INFO: [ app_begin ] --START--
INFO: ReadHtmlCache Behavior ::run [ RunTime:0.001547s ]
INFO: [ app_begin ] --END-- [ RunTime:0.001643s ]
SQL: SHOW COLUMNS FROM `contents` [ RunTime:0.002229s ]
SQL: SELECT * FROM `contents` WHERE (  enable=1 and cateid=4  ) LIMIT 1   [ RunTime:0.000254s ]
SQL: SELECT * FROM `contents` WHERE (  enable=1 and cateid=1  ) LIMIT 1   [ RunTime:0.000200s ]
NOTIC: [8] Undefined index:  HTTP_ACCEPT_LANGUAGE D:\enkjhost\mayning1\web\home\Lib\Action\UtilAction.class.php 第 96 行.
SQL: SHOW COLUMNS FROM `visters` [ RunTime:0.002689s ]
SQL: INSERT INTO `visters` (`ctime`,`info`,`ip`,`page`) VALUES ('2014-09-15 04:34','荷兰  、OtherEnglish系统、Other浏览器、','37.58.100.72','系统首页') [ RunTime:0.009844s ]
SQL: SHOW COLUMNS FROM `products` [ RunTime:0.002727s ]
SQL: SELECT * FROM `products` WHERE (  enable=1 and state=1  ) ORDER BY  sorts desc  [ RunTime:0.001073s ]
SQL: SELECT * FROM `products` WHERE (  enable=1 and state=2  ) ORDER BY  sorts desc  [ RunTime:0.000873s ]
INFO: [ view_parse ] --START--
INFO: ParseTemplate Behavior ::run [ RunTime:0.029831s ]
INFO: [ view_parse ] --END-- [ RunTime:0.029941s ]
INFO: [ view_filter ] --START--
INFO: ContentReplace Behavior ::run [ RunTime:0.001298s ]
INFO: TokenBuild Behavior ::run [ RunTime:0.001260s ]
INFO: WriteHtmlCache Behavior ::run [ RunTime:0.001072s ]
INFO: ShowRuntime Behavior ::run [ RunTime:0.001439s ]
INFO: [ view_filter ] --END-- [ RunTime:0.005316s ]
INFO: [ view_end ] --START--
INFO: ShowPageTrace Behavior ::run [ RunTime:0.001318s ]
INFO: [ view_end ] --END-- [ RunTime:0.001427s ]

[ 2014-09-15 04:43:07 ] 130.193.147.4 /index.php
INFO: [ app_begin ] --START--
INFO: ReadHtmlCache Behavior ::run [ RunTime:0.001567s ]
INFO: [ app_begin ] --END-- [ RunTime:0.001674s ]
SQL: SHOW COLUMNS FROM `contents` [ RunTime:0.002505s ]
SQL: SELECT * FROM `contents` WHERE (  enable=1 and cateid=4  ) LIMIT 1   [ RunTime:0.000336s ]
SQL: SELECT * FROM `contents` WHERE (  enable=1 and cateid=1  ) LIMIT 1   [ RunTime:0.000299s ]
SQL: SHOW COLUMNS FROM `visters` [ RunTime:0.002133s ]
SQL: INSERT INTO `visters` (`ctime`,`info`,`ip`,`page`) VALUES ('2014-09-15 04:43','伊拉克 Arbil Arbil、WindowsEnglish系统、Chrome浏览器、','130.193.147.4','系统首页') [ RunTime:0.009739s ]
SQL: SHOW COLUMNS FROM `products` [ RunTime:0.002349s ]
SQL: SELECT * FROM `products` WHERE (  enable=1 and state=1  ) ORDER BY  sorts desc  [ RunTime:0.001282s ]
SQL: SELECT * FROM `products` WHERE (  enable=1 and state=2  ) ORDER BY  sorts desc  [ RunTime:0.000974s ]
INFO: [ view_parse ] --START--
INFO: ParseTemplate Behavior ::run [ RunTime:0.020955s ]
INFO: [ view_parse ] --END-- [ RunTime:0.021064s ]
INFO: [ view_filter ] --START--
INFO: ContentReplace Behavior ::run [ RunTime:0.001288s ]
INFO: TokenBuild Behavior ::run [ RunTime:0.001242s ]
INFO: WriteHtmlCache Behavior ::run [ RunTime:0.000993s ]
INFO: ShowRuntime Behavior ::run [ RunTime:0.001057s ]
INFO: [ view_filter ] --END-- [ RunTime:0.004805s ]
INFO: [ view_end ] --START--
INFO: ShowPageTrace Behavior ::run [ RunTime:0.001270s ]
INFO: [ view_end ] --END-- [ RunTime:0.001343s ]

[ 2014-09-15 04:43:42 ] 130.193.147.4 /index.php/Index/product
INFO: [ route_check ] --START--
INFO: CheckRoute Behavior ::run [ RunTime:0.002027s ]
INFO: [ route_check ] --END-- [ RunTime:0.002136s ]
INFO: [ app_begin ] --START--
INFO: ReadHtmlCache Behavior ::run [ RunTime:0.001567s ]
INFO: [ app_begin ] --END-- [ RunTime:0.001660s ]
SQL: SHOW COLUMNS FROM `contents` [ RunTime:0.002553s ]
SQL: SELECT * FROM `contents` WHERE (  enable=1 and cateid=4  ) LIMIT 1   [ RunTime:0.000328s ]
SQL: SELECT * FROM `contents` WHERE (  enable=1 and cateid=1  ) LIMIT 1   [ RunTime:0.000231s ]
SQL: SHOW COLUMNS FROM `visters` [ RunTime:0.002232s ]
SQL: INSERT INTO `visters` (`ctime`,`info`,`ip`,`page`) VALUES ('2014-09-15 04:43','伊拉克 Arbil Arbil、WindowsEnglish系统、Chrome浏览器、','130.193.147.4','产品页面') [ RunTime:0.010511s ]
SQL: SHOW COLUMNS FROM `procate` [ RunTime:0.002440s ]
SQL: SHOW COLUMNS FROM `products` [ RunTime:0.002289s ]
NOTIC: [8] Undefined index:  procate D:\enkjhost\mayning1\web\home\Lib\Action\IndexAction.class.php 第 175 行.
NOTIC: [8] Undefined index:  procate2 D:\enkjhost\mayning1\web\home\Lib\Action\IndexAction.class.php 第 176 行.
SQL: SELECT * FROM `procate` WHERE ( id=%d ) LIMIT 1   [ RunTime:0.000177s ]
ERR: 1064:You have an error in your SQL syntax; check the manual that corresponds to your MySQL server version for the right syntax to use near '%d ) LIMIT 1' at line 1
 [ SQL语句 ] : SELECT * FROM `procate` WHERE ( id=%d ) LIMIT 1  
SQL: SELECT * FROM `procate` WHERE ( id=%d ) LIMIT 1   [ RunTime:0.000155s ]
ERR: 1064:You have an error in your SQL syntax; check the manual that corresponds to your MySQL server version for the right syntax to use near '%d ) LIMIT 1' at line 1
 [ SQL语句 ] : SELECT * FROM `procate` WHERE ( id=%d ) LIMIT 1  
SQL: select count(*) as count from products a left join procate b on a.proid = b.id where 1=1 and a.enable=1 and b.enable=1  [ RunTime:0.000574s ]
SQL: select a.id,a.title,a.info,a.imgs,a.ctime from products a left join procate b on a.proid = b.id where 1=1 and a.enable=1 and b.enable=1  order by a.sorts desc limit 0,9 [ RunTime:0.000549s ]
SQL: SELECT * FROM `procate` WHERE (  enable =1 and pid=0  )  [ RunTime:0.000339s ]
NOTIC: [8] Undefined variable: cate2List D:\enkjhost\mayning1\web\home\Lib\Action\IndexAction.class.php 第 220 行.
INFO: [ view_parse ] --START--
INFO: ParseTemplate Behavior ::run [ RunTime:0.032569s ]
INFO: [ view_parse ] --END-- [ RunTime:0.032667s ]
INFO: [ view_filter ] --START--
INFO: ContentReplace Behavior ::run [ RunTime:0.001026s ]
INFO: TokenBuild Behavior ::run [ RunTime:0.000977s ]
INFO: WriteHtmlCache Behavior ::run [ RunTime:0.000817s ]
INFO: ShowRuntime Behavior ::run [ RunTime:0.001058s ]
INFO: [ view_filter ] --END-- [ RunTime:0.004081s ]
INFO: [ view_end ] --START--
INFO: ShowPageTrace Behavior ::run [ RunTime:0.001295s ]
INFO: [ view_end ] --END-- [ RunTime:0.001368s ]

[ 2014-09-15 04:44:03 ] 130.193.147.4 /index.php/Index/product?procate=11
INFO: [ route_check ] --START--
INFO: CheckRoute Behavior ::run [ RunTime:0.002034s ]
INFO: [ route_check ] --END-- [ RunTime:0.002145s ]
INFO: [ app_begin ] --START--
INFO: ReadHtmlCache Behavior ::run [ RunTime:0.001557s ]
INFO: [ app_begin ] --END-- [ RunTime:0.001651s ]
SQL: SHOW COLUMNS FROM `contents` [ RunTime:0.002556s ]
SQL: SELECT * FROM `contents` WHERE (  enable=1 and cateid=4  ) LIMIT 1   [ RunTime:0.000339s ]
SQL: SELECT * FROM `contents` WHERE (  enable=1 and cateid=1  ) LIMIT 1   [ RunTime:0.000240s ]
SQL: SHOW COLUMNS FROM `visters` [ RunTime:0.002180s ]
SQL: INSERT INTO `visters` (`ctime`,`info`,`ip`,`page`) VALUES ('2014-09-15 04:44','伊拉克 Arbil Arbil、WindowsEnglish系统、Chrome浏览器、','130.193.147.4','产品页面') [ RunTime:0.008760s ]
SQL: SHOW COLUMNS FROM `procate` [ RunTime:0.002348s ]
SQL: SHOW COLUMNS FROM `products` [ RunTime:0.002266s ]
NOTIC: [8] Undefined index:  procate2 D:\enkjhost\mayning1\web\home\Lib\Action\IndexAction.class.php 第 176 行.
SQL: SELECT * FROM `procate` WHERE ( id=11 ) LIMIT 1   [ RunTime:0.000284s ]
SQL: SELECT * FROM `procate` WHERE ( id=%d ) LIMIT 1   [ RunTime:0.000171s ]
ERR: 1064:You have an error in your SQL syntax; check the manual that corresponds to your MySQL server version for the right syntax to use near '%d ) LIMIT 1' at line 1
 [ SQL语句 ] : SELECT * FROM `procate` WHERE ( id=%d ) LIMIT 1  
SQL: SELECT * FROM `procate` WHERE ( pid=11 )  [ RunTime:0.000301s ]
SQL: select count(*) as count from products a left join procate b on a.proid = b.id where 1=1 and a.enable=1 and b.enable=1  and ( b.pid=11 or b.id=11) [ RunTime:0.000566s ]
SQL: select a.id,a.title,a.info,a.imgs,a.ctime from products a left join procate b on a.proid = b.id where 1=1 and a.enable=1 and b.enable=1  and ( b.pid=11 or b.id=11) order by a.sorts desc limit 0,9 [ RunTime:0.001043s ]
SQL: SELECT * FROM `procate` WHERE (  enable =1 and pid=0  )  [ RunTime:0.000356s ]
INFO: [ view_parse ] --START--
INFO: ParseTemplate Behavior ::run [ RunTime:0.031796s ]
INFO: [ view_parse ] --END-- [ RunTime:0.031890s ]
INFO: [ view_filter ] --START--
INFO: ContentReplace Behavior ::run [ RunTime:0.000992s ]
INFO: TokenBuild Behavior ::run [ RunTime:0.000967s ]
INFO: WriteHtmlCache Behavior ::run [ RunTime:0.000819s ]
INFO: ShowRuntime Behavior ::run [ RunTime:0.001053s ]
INFO: [ view_filter ] --END-- [ RunTime:0.004025s ]
INFO: [ view_end ] --START--
INFO: ShowPageTrace Behavior ::run [ RunTime:0.001280s ]
INFO: [ view_end ] --END-- [ RunTime:0.001350s ]

[ 2014-09-15 04:44:21 ] 130.193.147.4 /index.php/Index/product?procate=12
INFO: [ route_check ] --START--
INFO: CheckRoute Behavior ::run [ RunTime:0.002033s ]
INFO: [ route_check ] --END-- [ RunTime:0.002146s ]
INFO: [ app_begin ] --START--
INFO: ReadHtmlCache Behavior ::run [ RunTime:0.001552s ]
INFO: [ app_begin ] --END-- [ RunTime:0.001650s ]
SQL: SHOW COLUMNS FROM `contents` [ RunTime:0.002148s ]
SQL: SELECT * FROM `contents` WHERE (  enable=1 and cateid=4  ) LIMIT 1   [ RunTime:0.000277s ]
SQL: SELECT * FROM `contents` WHERE (  enable=1 and cateid=1  ) LIMIT 1   [ RunTime:0.000213s ]
SQL: SHOW COLUMNS FROM `visters` [ RunTime:0.002591s ]
SQL: INSERT INTO `visters` (`ctime`,`info`,`ip`,`page`) VALUES ('2014-09-15 04:44','伊拉克 Arbil Arbil、WindowsEnglish系统、Chrome浏览器、','130.193.147.4','产品页面') [ RunTime:0.011075s ]
SQL: SHOW COLUMNS FROM `procate` [ RunTime:0.002588s ]
SQL: SHOW COLUMNS FROM `products` [ RunTime:0.002286s ]
NOTIC: [8] Undefined index:  procate2 D:\enkjhost\mayning1\web\home\Lib\Action\IndexAction.class.php 第 176 行.
SQL: SELECT * FROM `procate` WHERE ( id=12 ) LIMIT 1   [ RunTime:0.000298s ]
SQL: SELECT * FROM `procate` WHERE ( id=%d ) LIMIT 1   [ RunTime:0.000169s ]
ERR: 1064:You have an error in your SQL syntax; check the manual that corresponds to your MySQL server version for the right syntax to use near '%d ) LIMIT 1' at line 1
 [ SQL语句 ] : SELECT * FROM `procate` WHERE ( id=%d ) LIMIT 1  
SQL: SELECT * FROM `procate` WHERE ( pid=12 )  [ RunTime:0.000308s ]
SQL: select count(*) as count from products a left join procate b on a.proid = b.id where 1=1 and a.enable=1 and b.enable=1  and ( b.pid=12 or b.id=12) [ RunTime:0.000597s ]
SQL: select a.id,a.title,a.info,a.imgs,a.ctime from products a left join procate b on a.proid = b.id where 1=1 and a.enable=1 and b.enable=1  and ( b.pid=12 or b.id=12) order by a.sorts desc limit 0,9 [ RunTime:0.001063s ]
SQL: SELECT * FROM `procate` WHERE (  enable =1 and pid=0  )  [ RunTime:0.000356s ]
INFO: [ view_parse ] --START--
INFO: ParseTemplate Behavior ::run [ RunTime:0.022332s ]
INFO: [ view_parse ] --END-- [ RunTime:0.022429s ]
INFO: [ view_filter ] --START--
INFO: ContentReplace Behavior ::run [ RunTime:0.000995s ]
INFO: TokenBuild Behavior ::run [ RunTime:0.000956s ]
INFO: WriteHtmlCache Behavior ::run [ RunTime:0.000808s ]
INFO: ShowRuntime Behavior ::run [ RunTime:0.001053s ]
INFO: [ view_filter ] --END-- [ RunTime:0.004005s ]
INFO: [ view_end ] --START--
INFO: ShowPageTrace Behavior ::run [ RunTime:0.001282s ]
INFO: [ view_end ] --END-- [ RunTime:0.001354s ]

[ 2014-09-15 04:44:29 ] 130.193.147.4 /index.php/Index/product?procate=13
INFO: [ route_check ] --START--
INFO: CheckRoute Behavior ::run [ RunTime:0.001559s ]
INFO: [ route_check ] --END-- [ RunTime:0.001646s ]
INFO: [ app_begin ] --START--
INFO: ReadHtmlCache Behavior ::run [ RunTime:0.001201s ]
INFO: [ app_begin ] --END-- [ RunTime:0.001279s ]
SQL: SHOW COLUMNS FROM `contents` [ RunTime:0.002118s ]
SQL: SELECT * FROM `contents` WHERE (  enable=1 and cateid=4  ) LIMIT 1   [ RunTime:0.000267s ]
SQL: SELECT * FROM `contents` WHERE (  enable=1 and cateid=1  ) LIMIT 1   [ RunTime:0.000196s ]
SQL: SHOW COLUMNS FROM `visters` [ RunTime:0.002324s ]
SQL: INSERT INTO `visters` (`ctime`,`info`,`ip`,`page`) VALUES ('2014-09-15 04:44','伊拉克 Arbil Arbil、WindowsEnglish系统、Chrome浏览器、','130.193.147.4','产品页面') [ RunTime:0.009652s ]
SQL: SHOW COLUMNS FROM `procate` [ RunTime:0.002307s ]
SQL: SHOW COLUMNS FROM `products` [ RunTime:0.002371s ]
NOTIC: [8] Undefined index:  procate2 D:\enkjhost\mayning1\web\home\Lib\Action\IndexAction.class.php 第 176 行.
SQL: SELECT * FROM `procate` WHERE ( id=13 ) LIMIT 1   [ RunTime:0.000290s ]
SQL: SELECT * FROM `procate` WHERE ( id=%d ) LIMIT 1   [ RunTime:0.000163s ]
ERR: 1064:You have an error in your SQL syntax; check the manual that corresponds to your MySQL server version for the right syntax to use near '%d ) LIMIT 1' at line 1
 [ SQL语句 ] : SELECT * FROM `procate` WHERE ( id=%d ) LIMIT 1  
SQL: SELECT * FROM `procate` WHERE ( pid=13 )  [ RunTime:0.000305s ]
SQL: select count(*) as count from products a left join procate b on a.proid = b.id where 1=1 and a.enable=1 and b.enable=1  and ( b.pid=13 or b.id=13) [ RunTime:0.000563s ]
SQL: select a.id,a.title,a.info,a.imgs,a.ctime from products a left join procate b on a.proid = b.id where 1=1 and a.enable=1 and b.enable=1  and ( b.pid=13 or b.id=13) order by a.sorts desc limit 0,9 [ RunTime:0.001070s ]
SQL: SELECT * FROM `procate` WHERE (  enable =1 and pid=0  )  [ RunTime:0.000339s ]
INFO: [ view_parse ] --START--
INFO: ParseTemplate Behavior ::run [ RunTime:0.023211s ]
INFO: [ view_parse ] --END-- [ RunTime:0.023314s ]
INFO: [ view_filter ] --START--
INFO: ContentReplace Behavior ::run [ RunTime:0.001125s ]
INFO: TokenBuild Behavior ::run [ RunTime:0.001063s ]
INFO: WriteHtmlCache Behavior ::run [ RunTime:0.000900s ]
INFO: ShowRuntime Behavior ::run [ RunTime:0.001179s ]
INFO: [ view_filter ] --END-- [ RunTime:0.004479s ]
INFO: [ view_end ] --START--
INFO: ShowPageTrace Behavior ::run [ RunTime:0.001397s ]
INFO: [ view_end ] --END-- [ RunTime:0.001476s ]

[ 2014-09-15 04:44:40 ] 130.193.147.4 /index.php/Index/product?procate=14
INFO: [ route_check ] --START--
INFO: CheckRoute Behavior ::run [ RunTime:0.001548s ]
INFO: [ route_check ] --END-- [ RunTime:0.001637s ]
INFO: [ app_begin ] --START--
INFO: ReadHtmlCache Behavior ::run [ RunTime:0.001182s ]
INFO: [ app_begin ] --END-- [ RunTime:0.001256s ]
SQL: SHOW COLUMNS FROM `contents` [ RunTime:0.001977s ]
SQL: SELECT * FROM `contents` WHERE (  enable=1 and cateid=4  ) LIMIT 1   [ RunTime:0.000270s ]
SQL: SELECT * FROM `contents` WHERE (  enable=1 and cateid=1  ) LIMIT 1   [ RunTime:0.000183s ]
SQL: SHOW COLUMNS FROM `visters` [ RunTime:0.002307s ]
SQL: INSERT INTO `visters` (`ctime`,`info`,`ip`,`page`) VALUES ('2014-09-15 04:44','伊拉克 Arbil Arbil、WindowsEnglish系统、Chrome浏览器、','130.193.147.4','产品页面') [ RunTime:0.007536s ]
SQL: SHOW COLUMNS FROM `procate` [ RunTime:0.002352s ]
SQL: SHOW COLUMNS FROM `products` [ RunTime:0.002314s ]
NOTIC: [8] Undefined index:  procate2 D:\enkjhost\mayning1\web\home\Lib\Action\IndexAction.class.php 第 176 行.
SQL: SELECT * FROM `procate` WHERE ( id=14 ) LIMIT 1   [ RunTime:0.000294s ]
SQL: SELECT * FROM `procate` WHERE ( id=%d ) LIMIT 1   [ RunTime:0.000182s ]
ERR: 1064:You have an error in your SQL syntax; check the manual that corresponds to your MySQL server version for the right syntax to use near '%d ) LIMIT 1' at line 1
 [ SQL语句 ] : SELECT * FROM `procate` WHERE ( id=%d ) LIMIT 1  
SQL: SELECT * FROM `procate` WHERE ( pid=14 )  [ RunTime:0.000321s ]
SQL: select count(*) as count from products a left join procate b on a.proid = b.id where 1=1 and a.enable=1 and b.enable=1  and ( b.pid=14 or b.id=14) [ RunTime:0.000586s ]
SQL: select a.id,a.title,a.info,a.imgs,a.ctime from products a left join procate b on a.proid = b.id where 1=1 and a.enable=1 and b.enable=1  and ( b.pid=14 or b.id=14) order by a.sorts desc limit 0,9 [ RunTime:0.001073s ]
SQL: SELECT * FROM `procate` WHERE (  enable =1 and pid=0  )  [ RunTime:0.000335s ]
INFO: [ view_parse ] --START--
INFO: ParseTemplate Behavior ::run [ RunTime:0.024550s ]
INFO: [ view_parse ] --END-- [ RunTime:0.024643s ]
INFO: [ view_filter ] --START--
INFO: ContentReplace Behavior ::run [ RunTime:0.000911s ]
INFO: TokenBuild Behavior ::run [ RunTime:0.000872s ]
INFO: WriteHtmlCache Behavior ::run [ RunTime:0.000735s ]
INFO: ShowRuntime Behavior ::run [ RunTime:0.000955s ]
INFO: [ view_filter ] --END-- [ RunTime:0.003645s ]
INFO: [ view_end ] --START--
INFO: ShowPageTrace Behavior ::run [ RunTime:0.001158s ]
INFO: [ view_end ] --END-- [ RunTime:0.001222s ]

[ 2014-09-15 04:44:44 ] 130.193.147.4 /index.php/Index/product?procate=15
INFO: [ route_check ] --START--
INFO: CheckRoute Behavior ::run [ RunTime:0.002023s ]
INFO: [ route_check ] --END-- [ RunTime:0.002136s ]
INFO: [ app_begin ] --START--
INFO: ReadHtmlCache Behavior ::run [ RunTime:0.001546s ]
INFO: [ app_begin ] --END-- [ RunTime:0.001642s ]
SQL: SHOW COLUMNS FROM `contents` [ RunTime:0.002094s ]
SQL: SELECT * FROM `contents` WHERE (  enable=1 and cateid=4  ) LIMIT 1   [ RunTime:0.000255s ]
SQL: SELECT * FROM `contents` WHERE (  enable=1 and cateid=1  ) LIMIT 1   [ RunTime:0.000228s ]
SQL: SHOW COLUMNS FROM `visters` [ RunTime:0.002290s ]
SQL: INSERT INTO `visters` (`ctime`,`info`,`ip`,`page`) VALUES ('2014-09-15 04:44','伊拉克 Arbil Arbil、WindowsEnglish系统、Chrome浏览器、','130.193.147.4','产品页面') [ RunTime:0.009418s ]
SQL: SHOW COLUMNS FROM `procate` [ RunTime:0.002359s ]
SQL: SHOW COLUMNS FROM `products` [ RunTime:0.002217s ]
NOTIC: [8] Undefined index:  procate2 D:\enkjhost\mayning1\web\home\Lib\Action\IndexAction.class.php 第 176 行.
SQL: SELECT * FROM `procate` WHERE ( id=15 ) LIMIT 1   [ RunTime:0.000271s ]
SQL: SELECT * FROM `procate` WHERE ( id=%d ) LIMIT 1   [ RunTime:0.000147s ]
ERR: 1064:You have an error in your SQL syntax; check the manual that corresponds to your MySQL server version for the right syntax to use near '%d ) LIMIT 1' at line 1
 [ SQL语句 ] : SELECT * FROM `procate` WHERE ( id=%d ) LIMIT 1  
SQL: SELECT * FROM `procate` WHERE ( pid=15 )  [ RunTime:0.000288s ]
SQL: select count(*) as count from products a left join procate b on a.proid = b.id where 1=1 and a.enable=1 and b.enable=1  and ( b.pid=15 or b.id=15) [ RunTime:0.000545s ]
SQL: select a.id,a.title,a.info,a.imgs,a.ctime from products a left join procate b on a.proid = b.id where 1=1 and a.enable=1 and b.enable=1  and ( b.pid=15 or b.id=15) order by a.sorts desc limit 0,9 [ RunTime:0.001001s ]
SQL: SELECT * FROM `procate` WHERE (  enable =1 and pid=0  )  [ RunTime:0.000323s ]
INFO: [ view_parse ] --START--
INFO: ParseTemplate Behavior ::run [ RunTime:0.021701s ]
INFO: [ view_parse ] --END-- [ RunTime:0.021800s ]
INFO: [ view_filter ] --START--
INFO: ContentReplace Behavior ::run [ RunTime:0.001018s ]
INFO: TokenBuild Behavior ::run [ RunTime:0.000971s ]
INFO: WriteHtmlCache Behavior ::run [ RunTime:0.000825s ]
INFO: ShowRuntime Behavior ::run [ RunTime:0.001072s ]
INFO: [ view_filter ] --END-- [ RunTime:0.004077s ]
INFO: [ view_end ] --START--
INFO: ShowPageTrace Behavior ::run [ RunTime:0.001287s ]
INFO: [ view_end ] --END-- [ RunTime:0.001356s ]

[ 2014-09-15 04:44:47 ] 130.193.147.4 /index.php/Index/product?procate=16
INFO: [ route_check ] --START--
INFO: CheckRoute Behavior ::run [ RunTime:0.002039s ]
INFO: [ route_check ] --END-- [ RunTime:0.002151s ]
INFO: [ app_begin ] --START--
INFO: ReadHtmlCache Behavior ::run [ RunTime:0.001554s ]
INFO: [ app_begin ] --END-- [ RunTime:0.001647s ]
SQL: SHOW COLUMNS FROM `contents` [ RunTime:0.002679s ]
SQL: SELECT * FROM `contents` WHERE (  enable=1 and cateid=4  ) LIMIT 1   [ RunTime:0.000336s ]
SQL: SELECT * FROM `contents` WHERE (  enable=1 and cateid=1  ) LIMIT 1   [ RunTime:0.000260s ]
SQL: SHOW COLUMNS FROM `visters` [ RunTime:0.002258s ]
SQL: INSERT INTO `visters` (`ctime`,`info`,`ip`,`page`) VALUES ('2014-09-15 04:44','伊拉克 Arbil Arbil、WindowsEnglish系统、Chrome浏览器、','130.193.147.4','产品页面') [ RunTime:0.007955s ]
SQL: SHOW COLUMNS FROM `procate` [ RunTime:0.002363s ]
SQL: SHOW COLUMNS FROM `products` [ RunTime:0.002277s ]
NOTIC: [8] Undefined index:  procate2 D:\enkjhost\mayning1\web\home\Lib\Action\IndexAction.class.php 第 176 行.
SQL: SELECT * FROM `procate` WHERE ( id=16 ) LIMIT 1   [ RunTime:0.000299s ]
SQL: SELECT * FROM `procate` WHERE ( id=%d ) LIMIT 1   [ RunTime:0.000175s ]
ERR: 1064:You have an error in your SQL syntax; check the manual that corresponds to your MySQL server version for the right syntax to use near '%d ) LIMIT 1' at line 1
 [ SQL语句 ] : SELECT * FROM `procate` WHERE ( id=%d ) LIMIT 1  
SQL: SELECT * FROM `procate` WHERE ( pid=16 )  [ RunTime:0.000322s ]
SQL: select count(*) as count from products a left join procate b on a.proid = b.id where 1=1 and a.enable=1 and b.enable=1  and ( b.pid=16 or b.id=16) [ RunTime:0.000575s ]
SQL: select a.id,a.title,a.info,a.imgs,a.ctime from products a left join procate b on a.proid = b.id where 1=1 and a.enable=1 and b.enable=1  and ( b.pid=16 or b.id=16) order by a.sorts desc limit 0,9 [ RunTime:0.001048s ]
SQL: SELECT * FROM `procate` WHERE (  enable =1 and pid=0  )  [ RunTime:0.000350s ]
INFO: [ view_parse ] --START--
INFO: ParseTemplate Behavior ::run [ RunTime:0.021955s ]
INFO: [ view_parse ] --END-- [ RunTime:0.022057s ]
INFO: [ view_filter ] --START--
INFO: ContentReplace Behavior ::run [ RunTime:0.001126s ]
INFO: TokenBuild Behavior ::run [ RunTime:0.001073s ]
INFO: WriteHtmlCache Behavior ::run [ RunTime:0.000904s ]
INFO: ShowRuntime Behavior ::run [ RunTime:0.001165s ]
INFO: [ view_filter ] --END-- [ RunTime:0.004478s ]
INFO: [ view_end ] --START--
INFO: ShowPageTrace Behavior ::run [ RunTime:0.001401s ]
INFO: [ view_end ] --END-- [ RunTime:0.001481s ]

[ 2014-09-15 04:44:55 ] 130.193.147.4 /index.php/Index/product?procate=17
INFO: [ route_check ] --START--
INFO: CheckRoute Behavior ::run [ RunTime:0.001550s ]
INFO: [ route_check ] --END-- [ RunTime:0.001636s ]
INFO: [ app_begin ] --START--
INFO: ReadHtmlCache Behavior ::run [ RunTime:0.001176s ]
INFO: [ app_begin ] --END-- [ RunTime:0.001248s ]
SQL: SHOW COLUMNS FROM `contents` [ RunTime:0.002158s ]
SQL: SELECT * FROM `contents` WHERE (  enable=1 and cateid=4  ) LIMIT 1   [ RunTime:0.000290s ]
SQL: SELECT * FROM `contents` WHERE (  enable=1 and cateid=1  ) LIMIT 1   [ RunTime:0.000204s ]
SQL: SHOW COLUMNS FROM `visters` [ RunTime:0.002577s ]
SQL: INSERT INTO `visters` (`ctime`,`info`,`ip`,`page`) VALUES ('2014-09-15 04:44','伊拉克 Arbil Arbil、WindowsEnglish系统、Chrome浏览器、','130.193.147.4','产品页面') [ RunTime:0.008581s ]
SQL: SHOW COLUMNS FROM `procate` [ RunTime:0.002584s ]
SQL: SHOW COLUMNS FROM `products` [ RunTime:0.002292s ]
NOTIC: [8] Undefined index:  procate2 D:\enkjhost\mayning1\web\home\Lib\Action\IndexAction.class.php 第 176 行.
SQL: SELECT * FROM `procate` WHERE ( id=17 ) LIMIT 1   [ RunTime:0.000299s ]
SQL: SELECT * FROM `procate` WHERE ( id=%d ) LIMIT 1   [ RunTime:0.000170s ]
ERR: 1064:You have an error in your SQL syntax; check the manual that corresponds to your MySQL server version for the right syntax to use near '%d ) LIMIT 1' at line 1
 [ SQL语句 ] : SELECT * FROM `procate` WHERE ( id=%d ) LIMIT 1  
SQL: SELECT * FROM `procate` WHERE ( pid=17 )  [ RunTime:0.000320s ]
SQL: select count(*) as count from products a left join procate b on a.proid = b.id where 1=1 and a.enable=1 and b.enable=1  and ( b.pid=17 or b.id=17) [ RunTime:0.000570s ]
SQL: select a.id,a.title,a.info,a.imgs,a.ctime from products a left join procate b on a.proid = b.id where 1=1 and a.enable=1 and b.enable=1  and ( b.pid=17 or b.id=17) order by a.sorts desc limit 0,9 [ RunTime:0.001048s ]
SQL: SELECT * FROM `procate` WHERE (  enable =1 and pid=0  )  [ RunTime:0.000392s ]
INFO: [ view_parse ] --START--
INFO: ParseTemplate Behavior ::run [ RunTime:0.024681s ]
INFO: [ view_parse ] --END-- [ RunTime:0.024775s ]
INFO: [ view_filter ] --START--
INFO: ContentReplace Behavior ::run [ RunTime:0.000992s ]
INFO: TokenBuild Behavior ::run [ RunTime:0.000953s ]
INFO: WriteHtmlCache Behavior ::run [ RunTime:0.000804s ]
INFO: ShowRuntime Behavior ::run [ RunTime:0.001043s ]
INFO: [ view_filter ] --END-- [ RunTime:0.003981s ]
INFO: [ view_end ] --START--
INFO: ShowPageTrace Behavior ::run [ RunTime:0.001269s ]
INFO: [ view_end ] --END-- [ RunTime:0.001340s ]

[ 2014-09-15 04:44:59 ] 130.193.147.4 /index.php/Index/product?procate=18
INFO: [ route_check ] --START--
INFO: CheckRoute Behavior ::run [ RunTime:0.001563s ]
INFO: [ route_check ] --END-- [ RunTime:0.001651s ]
INFO: [ app_begin ] --START--
INFO: ReadHtmlCache Behavior ::run [ RunTime:0.001179s ]
INFO: [ app_begin ] --END-- [ RunTime:0.001250s ]
SQL: SHOW COLUMNS FROM `contents` [ RunTime:0.002137s ]
SQL: SELECT * FROM `contents` WHERE (  enable=1 and cateid=4  ) LIMIT 1   [ RunTime:0.000259s ]
SQL: SELECT * FROM `contents` WHERE (  enable=1 and cateid=1  ) LIMIT 1   [ RunTime:0.000199s ]
SQL: SHOW COLUMNS FROM `visters` [ RunTime:0.002273s ]
SQL: INSERT INTO `visters` (`ctime`,`info`,`ip`,`page`) VALUES ('2014-09-15 04:44','伊拉克 Arbil Arbil、WindowsEnglish系统、Chrome浏览器、','130.193.147.4','产品页面') [ RunTime:0.008790s ]
SQL: SHOW COLUMNS FROM `procate` [ RunTime:0.002301s ]
SQL: SHOW COLUMNS FROM `products` [ RunTime:0.002258s ]
NOTIC: [8] Undefined index:  procate2 D:\enkjhost\mayning1\web\home\Lib\Action\IndexAction.class.php 第 176 行.
SQL: SELECT * FROM `procate` WHERE ( id=18 ) LIMIT 1   [ RunTime:0.000294s ]
SQL: SELECT * FROM `procate` WHERE ( id=%d ) LIMIT 1   [ RunTime:0.000170s ]
ERR: 1064:You have an error in your SQL syntax; check the manual that corresponds to your MySQL server version for the right syntax to use near '%d ) LIMIT 1' at line 1
 [ SQL语句 ] : SELECT * FROM `procate` WHERE ( id=%d ) LIMIT 1  
SQL: SELECT * FROM `procate` WHERE ( pid=18 )  [ RunTime:0.000314s ]
SQL: select count(*) as count from products a left join procate b on a.proid = b.id where 1=1 and a.enable=1 and b.enable=1  and ( b.pid=18 or b.id=18) [ RunTime:0.000591s ]
SQL: select a.id,a.title,a.info,a.imgs,a.ctime from products a left join procate b on a.proid = b.id where 1=1 and a.enable=1 and b.enable=1  and ( b.pid=18 or b.id=18) order by a.sorts desc limit 0,9 [ RunTime:0.001037s ]
SQL: SELECT * FROM `procate` WHERE (  enable =1 and pid=0  )  [ RunTime:0.000345s ]
INFO: [ view_parse ] --START--
INFO: ParseTemplate Behavior ::run [ RunTime:0.025103s ]
INFO: [ view_parse ] --END-- [ RunTime:0.025213s ]
INFO: [ view_filter ] --START--
INFO: ContentReplace Behavior ::run [ RunTime:0.001306s ]
INFO: TokenBuild Behavior ::run [ RunTime:0.001061s ]
INFO: WriteHtmlCache Behavior ::run [ RunTime:0.000813s ]
INFO: ShowRuntime Behavior ::run [ RunTime:0.001064s ]
INFO: [ view_filter ] --END-- [ RunTime:0.004459s ]
INFO: [ view_end ] --START--
INFO: ShowPageTrace Behavior ::run [ RunTime:0.001285s ]
INFO: [ view_end ] --END-- [ RunTime:0.001357s ]

[ 2014-09-15 04:45:03 ] 130.193.147.4 /index.php/Index/product?procate=19
INFO: [ route_check ] --START--
INFO: CheckRoute Behavior ::run [ RunTime:0.001566s ]
INFO: [ route_check ] --END-- [ RunTime:0.001653s ]
INFO: [ app_begin ] --START--
INFO: ReadHtmlCache Behavior ::run [ RunTime:0.001177s ]
INFO: [ app_begin ] --END-- [ RunTime:0.001249s ]
SQL: SHOW COLUMNS FROM `contents` [ RunTime:0.002111s ]
SQL: SELECT * FROM `contents` WHERE (  enable=1 and cateid=4  ) LIMIT 1   [ RunTime:0.000281s ]
SQL: SELECT * FROM `contents` WHERE (  enable=1 and cateid=1  ) LIMIT 1   [ RunTime:0.000199s ]
SQL: SHOW COLUMNS FROM `visters` [ RunTime:0.002232s ]
SQL: INSERT INTO `visters` (`ctime`,`info`,`ip`,`page`) VALUES ('2014-09-15 04:45','伊拉克 Arbil Arbil、WindowsEnglish系统、Chrome浏览器、','130.193.147.4','产品页面') [ RunTime:0.008724s ]
SQL: SHOW COLUMNS FROM `procate` [ RunTime:0.002295s ]
SQL: SHOW COLUMNS FROM `products` [ RunTime:0.002278s ]
NOTIC: [8] Undefined index:  procate2 D:\enkjhost\mayning1\web\home\Lib\Action\IndexAction.class.php 第 176 行.
SQL: SELECT * FROM `procate` WHERE ( id=19 ) LIMIT 1   [ RunTime:0.000288s ]
SQL: SELECT * FROM `procate` WHERE ( id=%d ) LIMIT 1   [ RunTime:0.000160s ]
ERR: 1064:You have an error in your SQL syntax; check the manual that corresponds to your MySQL server version for the right syntax to use near '%d ) LIMIT 1' at line 1
 [ SQL语句 ] : SELECT * FROM `procate` WHERE ( id=%d ) LIMIT 1  
SQL: SELECT * FROM `procate` WHERE ( pid=19 )  [ RunTime:0.000303s ]
SQL: select count(*) as count from products a left join procate b on a.proid = b.id where 1=1 and a.enable=1 and b.enable=1  and ( b.pid=19 or b.id=19) [ RunTime:0.000575s ]
SQL: select a.id,a.title,a.info,a.imgs,a.ctime from products a left join procate b on a.proid = b.id where 1=1 and a.enable=1 and b.enable=1  and ( b.pid=19 or b.id=19) order by a.sorts desc limit 0,9 [ RunTime:0.001042s ]
SQL: SELECT * FROM `procate` WHERE (  enable =1 and pid=0  )  [ RunTime:0.000338s ]
INFO: [ view_parse ] --START--
INFO: ParseTemplate Behavior ::run [ RunTime:0.025548s ]
INFO: [ view_parse ] --END-- [ RunTime:0.025662s ]
INFO: [ view_filter ] --START--
INFO: ContentReplace Behavior ::run [ RunTime:0.001317s ]
INFO: TokenBuild Behavior ::run [ RunTime:0.001246s ]
INFO: WriteHtmlCache Behavior ::run [ RunTime:0.001061s ]
INFO: ShowRuntime Behavior ::run [ RunTime:0.001386s ]
INFO: [ view_filter ] --END-- [ RunTime:0.005271s ]
INFO: [ view_end ] --START--
INFO: ShowPageTrace Behavior ::run [ RunTime:0.001659s ]
INFO: [ view_end ] --END-- [ RunTime:0.001756s ]

[ 2014-09-15 04:45:10 ] 130.193.147.4 /index.php/Index/product?procate=20
INFO: [ route_check ] --START--
INFO: CheckRoute Behavior ::run [ RunTime:0.002025s ]
INFO: [ route_check ] --END-- [ RunTime:0.002140s ]
INFO: [ app_begin ] --START--
INFO: ReadHtmlCache Behavior ::run [ RunTime:0.001535s ]
INFO: [ app_begin ] --END-- [ RunTime:0.001630s ]
SQL: SHOW COLUMNS FROM `contents` [ RunTime:0.002580s ]
SQL: SELECT * FROM `contents` WHERE (  enable=1 and cateid=4  ) LIMIT 1   [ RunTime:0.000339s ]
SQL: SELECT * FROM `contents` WHERE (  enable=1 and cateid=1  ) LIMIT 1   [ RunTime:0.000253s ]
SQL: SHOW COLUMNS FROM `visters` [ RunTime:0.003230s ]
SQL: INSERT INTO `visters` (`ctime`,`info`,`ip`,`page`) VALUES ('2014-09-15 04:45','伊拉克 Arbil Arbil、WindowsEnglish系统、Chrome浏览器、','130.193.147.4','产品页面') [ RunTime:0.017436s ]
SQL: SHOW COLUMNS FROM `procate` [ RunTime:0.002575s ]
SQL: SHOW COLUMNS FROM `products` [ RunTime:0.002569s ]
NOTIC: [8] Undefined index:  procate2 D:\enkjhost\mayning1\web\home\Lib\Action\IndexAction.class.php 第 176 行.
SQL: SELECT * FROM `procate` WHERE ( id=20 ) LIMIT 1   [ RunTime:0.000317s ]
SQL: SELECT * FROM `procate` WHERE ( id=%d ) LIMIT 1   [ RunTime:0.000158s ]
ERR: 1064:You have an error in your SQL syntax; check the manual that corresponds to your MySQL server version for the right syntax to use near '%d ) LIMIT 1' at line 1
 [ SQL语句 ] : SELECT * FROM `procate` WHERE ( id=%d ) LIMIT 1  
SQL: SELECT * FROM `procate` WHERE ( pid=20 )  [ RunTime:0.000314s ]
SQL: select count(*) as count from products a left join procate b on a.proid = b.id where 1=1 and a.enable=1 and b.enable=1  and ( b.pid=20 or b.id=20) [ RunTime:0.000559s ]
SQL: select a.id,a.title,a.info,a.imgs,a.ctime from products a left join procate b on a.proid = b.id where 1=1 and a.enable=1 and b.enable=1  and ( b.pid=20 or b.id=20) order by a.sorts desc limit 0,9 [ RunTime:0.000607s ]
SQL: SELECT * FROM `procate` WHERE (  enable =1 and pid=0  )  [ RunTime:0.000295s ]
INFO: [ view_parse ] --START--
INFO: ParseTemplate Behavior ::run [ RunTime:0.025368s ]
INFO: [ view_parse ] --END-- [ RunTime:0.025478s ]
INFO: [ view_filter ] --START--
INFO: ContentReplace Behavior ::run [ RunTime:0.001335s ]
INFO: TokenBuild Behavior ::run [ RunTime:0.001265s ]
INFO: WriteHtmlCache Behavior ::run [ RunTime:0.001051s ]
INFO: ShowRuntime Behavior ::run [ RunTime:0.001401s ]
INFO: [ view_filter ] --END-- [ RunTime:0.005302s ]
INFO: [ view_end ] --START--
INFO: ShowPageTrace Behavior ::run [ RunTime:0.001646s ]
INFO: [ view_end ] --END-- [ RunTime:0.001741s ]

[ 2014-09-15 04:45:40 ] 130.193.147.4 /index.php/Index/product?procate=21
INFO: [ route_check ] --START--
INFO: CheckRoute Behavior ::run [ RunTime:0.001543s ]
INFO: [ route_check ] --END-- [ RunTime:0.001629s ]
INFO: [ app_begin ] --START--
INFO: ReadHtmlCache Behavior ::run [ RunTime:0.001183s ]
INFO: [ app_begin ] --END-- [ RunTime:0.001256s ]
SQL: SHOW COLUMNS FROM `contents` [ RunTime:0.002045s ]
SQL: SELECT * FROM `contents` WHERE (  enable=1 and cateid=4  ) LIMIT 1   [ RunTime:0.000283s ]
SQL: SELECT * FROM `contents` WHERE (  enable=1 and cateid=1  ) LIMIT 1   [ RunTime:0.000206s ]
SQL: SHOW COLUMNS FROM `visters` [ RunTime:0.002661s ]
SQL: INSERT INTO `visters` (`ctime`,`info`,`ip`,`page`) VALUES ('2014-09-15 04:45','伊拉克 Arbil Arbil、WindowsEnglish系统、Chrome浏览器、','130.193.147.4','产品页面') [ RunTime:0.024711s ]
SQL: SHOW COLUMNS FROM `procate` [ RunTime:0.002547s ]
SQL: SHOW COLUMNS FROM `products` [ RunTime:0.002353s ]
NOTIC: [8] Undefined index:  procate2 D:\enkjhost\mayning1\web\home\Lib\Action\IndexAction.class.php 第 176 行.
SQL: SELECT * FROM `procate` WHERE ( id=21 ) LIMIT 1   [ RunTime:0.000284s ]
SQL: SELECT * FROM `procate` WHERE ( id=%d ) LIMIT 1   [ RunTime:0.000186s ]
ERR: 1064:You have an error in your SQL syntax; check the manual that corresponds to your MySQL server version for the right syntax to use near '%d ) LIMIT 1' at line 1
 [ SQL语句 ] : SELECT * FROM `procate` WHERE ( id=%d ) LIMIT 1  
SQL: SELECT * FROM `procate` WHERE ( pid=21 )  [ RunTime:0.000345s ]
SQL: select count(*) as count from products a left join procate b on a.proid = b.id where 1=1 and a.enable=1 and b.enable=1  and ( b.pid=21 or b.id=21) [ RunTime:0.000593s ]
SQL: select a.id,a.title,a.info,a.imgs,a.ctime from products a left join procate b on a.proid = b.id where 1=1 and a.enable=1 and b.enable=1  and ( b.pid=21 or b.id=21) order by a.sorts desc limit 0,9 [ RunTime:0.001116s ]
SQL: SELECT * FROM `procate` WHERE (  enable =1 and pid=0  )  [ RunTime:0.000369s ]
INFO: [ view_parse ] --START--
INFO: ParseTemplate Behavior ::run [ RunTime:0.025345s ]
INFO: [ view_parse ] --END-- [ RunTime:0.025459s ]
INFO: [ view_filter ] --START--
INFO: ContentReplace Behavior ::run [ RunTime:0.001305s ]
INFO: TokenBuild Behavior ::run [ RunTime:0.001251s ]
INFO: WriteHtmlCache Behavior ::run [ RunTime:0.001055s ]
INFO: ShowRuntime Behavior ::run [ RunTime:0.001378s ]
INFO: [ view_filter ] --END-- [ RunTime:0.005250s ]
INFO: [ view_end ] --START--
INFO: ShowPageTrace Behavior ::run [ RunTime:0.001657s ]
INFO: [ view_end ] --END-- [ RunTime:0.001751s ]

[ 2014-09-15 04:45:51 ] 130.193.147.4 /index.php/Index/product?procate=24
INFO: [ route_check ] --START--
INFO: CheckRoute Behavior ::run [ RunTime:0.001704s ]
INFO: [ route_check ] --END-- [ RunTime:0.001800s ]
INFO: [ app_begin ] --START--
INFO: ReadHtmlCache Behavior ::run [ RunTime:0.001297s ]
INFO: [ app_begin ] --END-- [ RunTime:0.001375s ]
SQL: SHOW COLUMNS FROM `contents` [ RunTime:0.002313s ]
SQL: SELECT * FROM `contents` WHERE (  enable=1 and cateid=4  ) LIMIT 1   [ RunTime:0.000307s ]
SQL: SELECT * FROM `contents` WHERE (  enable=1 and cateid=1  ) LIMIT 1   [ RunTime:0.000223s ]
SQL: SHOW COLUMNS FROM `visters` [ RunTime:0.002558s ]
SQL: INSERT INTO `visters` (`ctime`,`info`,`ip`,`page`) VALUES ('2014-09-15 04:45','伊拉克 Arbil Arbil、WindowsEnglish系统、Chrome浏览器、','130.193.147.4','产品页面') [ RunTime:0.009031s ]
SQL: SHOW COLUMNS FROM `procate` [ RunTime:0.002540s ]
SQL: SHOW COLUMNS FROM `products` [ RunTime:0.002578s ]
NOTIC: [8] Undefined index:  procate2 D:\enkjhost\mayning1\web\home\Lib\Action\IndexAction.class.php 第 176 行.
SQL: SELECT * FROM `procate` WHERE ( id=24 ) LIMIT 1   [ RunTime:0.000313s ]
SQL: SELECT * FROM `procate` WHERE ( id=%d ) LIMIT 1   [ RunTime:0.000190s ]
ERR: 1064:You have an error in your SQL syntax; check the manual that corresponds to your MySQL server version for the right syntax to use near '%d ) LIMIT 1' at line 1
 [ SQL语句 ] : SELECT * FROM `procate` WHERE ( id=%d ) LIMIT 1  
SQL: SELECT * FROM `procate` WHERE ( pid=24 )  [ RunTime:0.000332s ]
SQL: select count(*) as count from products a left join procate b on a.proid = b.id where 1=1 and a.enable=1 and b.enable=1  and ( b.pid=24 or b.id=24) [ RunTime:0.000585s ]
SQL: select a.id,a.title,a.info,a.imgs,a.ctime from products a left join procate b on a.proid = b.id where 1=1 and a.enable=1 and b.enable=1  and ( b.pid=24 or b.id=24) order by a.sorts desc limit 0,9 [ RunTime:0.001078s ]
SQL: SELECT * FROM `procate` WHERE (  enable =1 and pid=0  )  [ RunTime:0.000383s ]
INFO: [ view_parse ] --START--
INFO: ParseTemplate Behavior ::run [ RunTime:0.023366s ]
INFO: [ view_parse ] --END-- [ RunTime:0.023463s ]
INFO: [ view_filter ] --START--
INFO: ContentReplace Behavior ::run [ RunTime:0.000995s ]
INFO: TokenBuild Behavior ::run [ RunTime:0.000954s ]
INFO: WriteHtmlCache Behavior ::run [ RunTime:0.000801s ]
INFO: ShowRuntime Behavior ::run [ RunTime:0.001049s ]
INFO: [ view_filter ] --END-- [ RunTime:0.003988s ]
INFO: [ view_end ] --START--
INFO: ShowPageTrace Behavior ::run [ RunTime:0.001257s ]
INFO: [ view_end ] --END-- [ RunTime:0.001331s ]

[ 2014-09-15 12:27:16 ] 37.58.100.150 /index.php/Index/product?procate=26
INFO: [ route_check ] --START--
INFO: CheckRoute Behavior ::run [ RunTime:0.002075s ]
INFO: [ route_check ] --END-- [ RunTime:0.002226s ]
INFO: [ app_begin ] --START--
INFO: ReadHtmlCache Behavior ::run [ RunTime:0.001080s ]
INFO: [ app_begin ] --END-- [ RunTime:0.001145s ]
SQL: SHOW COLUMNS FROM `contents` [ RunTime:0.002089s ]
SQL: SELECT * FROM `contents` WHERE (  enable=1 and cateid=4  ) LIMIT 1   [ RunTime:0.000291s ]
SQL: SELECT * FROM `contents` WHERE (  enable=1 and cateid=1  ) LIMIT 1   [ RunTime:0.000173s ]
NOTIC: [8] Undefined index:  HTTP_ACCEPT_LANGUAGE D:\enkjhost\mayning1\web\home\Lib\Action\UtilAction.class.php 第 96 行.
SQL: SHOW COLUMNS FROM `visters` [ RunTime:0.002605s ]
SQL: INSERT INTO `visters` (`ctime`,`info`,`ip`,`page`) VALUES ('2014-09-15 12:27','荷兰  、OtherEnglish系统、Other浏览器、','37.58.100.150','产品页面') [ RunTime:0.009348s ]
SQL: SHOW COLUMNS FROM `procate` [ RunTime:0.002688s ]
SQL: SHOW COLUMNS FROM `products` [ RunTime:0.002768s ]
NOTIC: [8] Undefined index:  procate2 D:\enkjhost\mayning1\web\home\Lib\Action\IndexAction.class.php 第 176 行.
SQL: SELECT * FROM `procate` WHERE ( id=26 ) LIMIT 1   [ RunTime:0.000325s ]
SQL: SELECT * FROM `procate` WHERE ( id=%d ) LIMIT 1   [ RunTime:0.000149s ]
ERR: 1064:You have an error in your SQL syntax; check the manual that corresponds to your MySQL server version for the right syntax to use near '%d ) LIMIT 1' at line 1
 [ SQL语句 ] : SELECT * FROM `procate` WHERE ( id=%d ) LIMIT 1  
SQL: SELECT * FROM `procate` WHERE ( pid=26 )  [ RunTime:0.000352s ]
SQL: select count(*) as count from products a left join procate b on a.proid = b.id where 1=1 and a.enable=1 and b.enable=1  and ( b.pid=26 or b.id=26) [ RunTime:0.000565s ]
SQL: select a.id,a.title,a.info,a.imgs,a.ctime from products a left join procate b on a.proid = b.id where 1=1 and a.enable=1 and b.enable=1  and ( b.pid=26 or b.id=26) order by a.sorts desc limit 0,9 [ RunTime:0.001004s ]
SQL: SELECT * FROM `procate` WHERE (  enable =1 and pid=0  )  [ RunTime:0.000338s ]
INFO: [ view_parse ] --START--
INFO: ParseTemplate Behavior ::run [ RunTime:0.033058s ]
INFO: [ view_parse ] --END-- [ RunTime:0.033152s ]
INFO: [ view_filter ] --START--
INFO: ContentReplace Behavior ::run [ RunTime:0.001000s ]
INFO: TokenBuild Behavior ::run [ RunTime:0.000959s ]
INFO: WriteHtmlCache Behavior ::run [ RunTime:0.000807s ]
INFO: ShowRuntime Behavior ::run [ RunTime:0.001055s ]
INFO: [ view_filter ] --END-- [ RunTime:0.004010s ]
INFO: [ view_end ] --START--
INFO: ShowPageTrace Behavior ::run [ RunTime:0.001341s ]
INFO: [ view_end ] --END-- [ RunTime:0.001412s ]

[ 2014-09-15 12:41:44 ] 123.125.71.55 /index.php/Index/product?procate=10
INFO: [ route_check ] --START--
INFO: CheckRoute Behavior ::run [ RunTime:0.001547s ]
INFO: [ route_check ] --END-- [ RunTime:0.001634s ]
INFO: [ app_begin ] --START--
INFO: ReadHtmlCache Behavior ::run [ RunTime:0.001185s ]
INFO: [ app_begin ] --END-- [ RunTime:0.001257s ]
SQL: SHOW COLUMNS FROM `contents` [ RunTime:0.002113s ]
SQL: SELECT * FROM `contents` WHERE (  enable=1 and cateid=4  ) LIMIT 1   [ RunTime:0.000273s ]
SQL: SELECT * FROM `contents` WHERE (  enable=1 and cateid=1  ) LIMIT 1   [ RunTime:0.000188s ]
SQL: SHOW COLUMNS FROM `visters` [ RunTime:0.002241s ]
SQL: INSERT INTO `visters` (`ctime`,`info`,`ip`,`page`) VALUES ('2014-09-15 12:41','中国 北京 北京、Other简体中文系统、Other浏览器、','123.125.71.55','产品页面') [ RunTime:0.010497s ]
SQL: SHOW COLUMNS FROM `procate` [ RunTime:0.002361s ]
SQL: SHOW COLUMNS FROM `products` [ RunTime:0.002311s ]
NOTIC: [8] Undefined index:  procate2 D:\enkjhost\mayning1\web\home\Lib\Action\IndexAction.class.php 第 176 行.
SQL: SELECT * FROM `procate` WHERE ( id=10 ) LIMIT 1   [ RunTime:0.000312s ]
SQL: SELECT * FROM `procate` WHERE ( id=%d ) LIMIT 1   [ RunTime:0.000186s ]
ERR: 1064:You have an error in your SQL syntax; check the manual that corresponds to your MySQL server version for the right syntax to use near '%d ) LIMIT 1' at line 1
 [ SQL语句 ] : SELECT * FROM `procate` WHERE ( id=%d ) LIMIT 1  
SQL: SELECT * FROM `procate` WHERE ( pid=10 )  [ RunTime:0.000376s ]
SQL: select count(*) as count from products a left join procate b on a.proid = b.id where 1=1 and a.enable=1 and b.enable=1  and ( b.pid=10 or b.id=10) [ RunTime:0.000574s ]
SQL: select a.id,a.title,a.info,a.imgs,a.ctime from products a left join procate b on a.proid = b.id where 1=1 and a.enable=1 and b.enable=1  and ( b.pid=10 or b.id=10) order by a.sorts desc limit 0,9 [ RunTime:0.001090s ]
SQL: SELECT * FROM `procate` WHERE (  enable =1 and pid=0  )  [ RunTime:0.000347s ]
INFO: [ view_parse ] --START--
INFO: ParseTemplate Behavior ::run [ RunTime:0.024054s ]
INFO: [ view_parse ] --END-- [ RunTime:0.024147s ]
INFO: [ view_filter ] --START--
INFO: ContentReplace Behavior ::run [ RunTime:0.000996s ]
INFO: TokenBuild Behavior ::run [ RunTime:0.000982s ]
INFO: WriteHtmlCache Behavior ::run [ RunTime:0.000816s ]
INFO: ShowRuntime Behavior ::run [ RunTime:0.001052s ]
INFO: [ view_filter ] --END-- [ RunTime:0.004038s ]
INFO: [ view_end ] --START--
INFO: ShowPageTrace Behavior ::run [ RunTime:0.001272s ]
INFO: [ view_end ] --END-- [ RunTime:0.001347s ]

[ 2014-09-15 14:05:32 ] 68.180.225.99 /index.php
INFO: [ app_begin ] --START--
INFO: ReadHtmlCache Behavior ::run [ RunTime:0.001206s ]
INFO: [ app_begin ] --END-- [ RunTime:0.001291s ]
SQL: SHOW COLUMNS FROM `contents` [ RunTime:0.002155s ]
SQL: SELECT * FROM `contents` WHERE (  enable=1 and cateid=4  ) LIMIT 1   [ RunTime:0.000259s ]
SQL: SELECT * FROM `contents` WHERE (  enable=1 and cateid=1  ) LIMIT 1   [ RunTime:0.000191s ]
NOTIC: [8] Undefined index:  HTTP_ACCEPT_LANGUAGE D:\enkjhost\mayning1\web\home\Lib\Action\UtilAction.class.php 第 96 行.
SQL: SHOW COLUMNS FROM `visters` [ RunTime:0.002500s ]
SQL: INSERT INTO `visters` (`ctime`,`info`,`ip`,`page`) VALUES ('2014-09-15 14:05','美国 加利福尼亚 Sunnyvale、OtherEnglish系统、Other浏览器、','68.180.225.99','系统首页') [ RunTime:0.008284s ]
SQL: SHOW COLUMNS FROM `products` [ RunTime:0.002704s ]
SQL: SELECT * FROM `products` WHERE (  enable=1 and state=1  ) ORDER BY  sorts desc  [ RunTime:0.001134s ]
SQL: SELECT * FROM `products` WHERE (  enable=1 and state=2  ) ORDER BY  sorts desc  [ RunTime:0.000836s ]
INFO: [ view_parse ] --START--
INFO: ParseTemplate Behavior ::run [ RunTime:0.019721s ]
INFO: [ view_parse ] --END-- [ RunTime:0.019816s ]
INFO: [ view_filter ] --START--
INFO: ContentReplace Behavior ::run [ RunTime:0.000987s ]
INFO: TokenBuild Behavior ::run [ RunTime:0.000946s ]
INFO: WriteHtmlCache Behavior ::run [ RunTime:0.000818s ]
INFO: ShowRuntime Behavior ::run [ RunTime:0.001056s ]
INFO: [ view_filter ] --END-- [ RunTime:0.003996s ]
INFO: [ view_end ] --START--
INFO: ShowPageTrace Behavior ::run [ RunTime:0.001267s ]
INFO: [ view_end ] --END-- [ RunTime:0.001339s ]

[ 2014-09-15 14:45:10 ] 66.249.65.120 /index.php
INFO: [ app_begin ] --START--
INFO: ReadHtmlCache Behavior ::run [ RunTime:0.001580s ]
INFO: [ app_begin ] --END-- [ RunTime:0.001691s ]
SQL: SHOW COLUMNS FROM `contents` [ RunTime:0.002008s ]
SQL: SELECT * FROM `contents` WHERE (  enable=1 and cateid=4  ) LIMIT 1   [ RunTime:0.000254s ]
SQL: SELECT * FROM `contents` WHERE (  enable=1 and cateid=1  ) LIMIT 1   [ RunTime:0.000182s ]
NOTIC: [8] Undefined index:  HTTP_ACCEPT_LANGUAGE D:\enkjhost\mayning1\web\home\Lib\Action\UtilAction.class.php 第 96 行.
SQL: SHOW COLUMNS FROM `visters` [ RunTime:0.002274s ]
SQL: INSERT INTO `visters` (`ctime`,`info`,`ip`,`page`) VALUES ('2014-09-15 14:45','美国 加利福尼亚 Mountain View、OtherEnglish系统、Other浏览器、','66.249.65.120','系统首页') [ RunTime:0.009313s ]
SQL: SHOW COLUMNS FROM `products` [ RunTime:0.002422s ]
SQL: SELECT * FROM `products` WHERE (  enable=1 and state=1  ) ORDER BY  sorts desc  [ RunTime:0.001154s ]
SQL: SELECT * FROM `products` WHERE (  enable=1 and state=2  ) ORDER BY  sorts desc  [ RunTime:0.000859s ]
INFO: [ view_parse ] --START--
INFO: ParseTemplate Behavior ::run [ RunTime:0.021077s ]
INFO: [ view_parse ] --END-- [ RunTime:0.021186s ]
INFO: [ view_filter ] --START--
INFO: ContentReplace Behavior ::run [ RunTime:0.001281s ]
INFO: TokenBuild Behavior ::run [ RunTime:0.000949s ]
INFO: WriteHtmlCache Behavior ::run [ RunTime:0.000823s ]
INFO: ShowRuntime Behavior ::run [ RunTime:0.001053s ]
INFO: [ view_filter ] --END-- [ RunTime:0.004307s ]
INFO: [ view_end ] --START--
INFO: ShowPageTrace Behavior ::run [ RunTime:0.001259s ]
INFO: [ view_end ] --END-- [ RunTime:0.001332s ]

[ 2014-09-15 14:45:39 ] 203.208.60.168 /index.php
INFO: [ app_begin ] --START--
INFO: ReadHtmlCache Behavior ::run [ RunTime:0.001582s ]
INFO: [ app_begin ] --END-- [ RunTime:0.001692s ]
SQL: SHOW COLUMNS FROM `contents` [ RunTime:0.001898s ]
SQL: SELECT * FROM `contents` WHERE (  enable=1 and cateid=4  ) LIMIT 1   [ RunTime:0.000269s ]
SQL: SELECT * FROM `contents` WHERE (  enable=1 and cateid=1  ) LIMIT 1   [ RunTime:0.000187s ]
NOTIC: [8] Undefined index:  HTTP_ACCEPT_LANGUAGE D:\enkjhost\mayning1\web\home\Lib\Action\UtilAction.class.php 第 96 行.
SQL: SHOW COLUMNS FROM `visters` [ RunTime:0.002249s ]
SQL: INSERT INTO `visters` (`ctime`,`info`,`ip`,`page`) VALUES ('2014-09-15 14:45','中国 北京 北京、OtherEnglish系统、Other浏览器、','203.208.60.168','系统首页') [ RunTime:0.007998s ]
SQL: SHOW COLUMNS FROM `products` [ RunTime:0.002576s ]
SQL: SELECT * FROM `products` WHERE (  enable=1 and state=1  ) ORDER BY  sorts desc  [ RunTime:0.000994s ]
SQL: SELECT * FROM `products` WHERE (  enable=1 and state=2  ) ORDER BY  sorts desc  [ RunTime:0.000738s ]
INFO: [ view_parse ] --START--
INFO: ParseTemplate Behavior ::run [ RunTime:0.021169s ]
INFO: [ view_parse ] --END-- [ RunTime:0.021281s ]
INFO: [ view_filter ] --START--
INFO: ContentReplace Behavior ::run [ RunTime:0.001291s ]
INFO: TokenBuild Behavior ::run [ RunTime:0.001239s ]
INFO: WriteHtmlCache Behavior ::run [ RunTime:0.001055s ]
INFO: ShowRuntime Behavior ::run [ RunTime:0.001383s ]
INFO: [ view_filter ] --END-- [ RunTime:0.005218s ]
INFO: [ view_end ] --START--
INFO: ShowPageTrace Behavior ::run [ RunTime:0.001714s ]
INFO: [ view_end ] --END-- [ RunTime:0.001810s ]

[ 2014-09-15 16:41:46 ] 61.135.190.105 /index.php
INFO: [ app_begin ] --START--
INFO: ReadHtmlCache Behavior ::run [ RunTime:0.001366s ]
INFO: [ app_begin ] --END-- [ RunTime:0.001464s ]
SQL: SHOW COLUMNS FROM `contents` [ RunTime:0.002214s ]
SQL: SELECT * FROM `contents` WHERE (  enable=1 and cateid=4  ) LIMIT 1   [ RunTime:0.000262s ]
SQL: SELECT * FROM `contents` WHERE (  enable=1 and cateid=1  ) LIMIT 1   [ RunTime:0.000194s ]
SQL: SHOW COLUMNS FROM `visters` [ RunTime:0.002468s ]
SQL: INSERT INTO `visters` (`ctime`,`info`,`ip`,`page`) VALUES ('2014-09-15 16:41','中国 北京 北京、WindowsEnglish系统、Firefox浏览器、','61.135.190.105','系统首页') [ RunTime:0.010058s ]
SQL: SHOW COLUMNS FROM `products` [ RunTime:0.002604s ]
SQL: SELECT * FROM `products` WHERE (  enable=1 and state=1  ) ORDER BY  sorts desc  [ RunTime:0.001304s ]
SQL: SELECT * FROM `products` WHERE (  enable=1 and state=2  ) ORDER BY  sorts desc  [ RunTime:0.001020s ]
INFO: [ view_parse ] --START--
INFO: ParseTemplate Behavior ::run [ RunTime:0.020537s ]
INFO: [ view_parse ] --END-- [ RunTime:0.020644s ]
INFO: [ view_filter ] --START--
INFO: ContentReplace Behavior ::run [ RunTime:0.001005s ]
INFO: TokenBuild Behavior ::run [ RunTime:0.000962s ]
INFO: WriteHtmlCache Behavior ::run [ RunTime:0.000821s ]
INFO: ShowRuntime Behavior ::run [ RunTime:0.001065s ]
INFO: [ view_filter ] --END-- [ RunTime:0.004044s ]
INFO: [ view_end ] --START--
INFO: ShowPageTrace Behavior ::run [ RunTime:0.001262s ]
INFO: [ view_end ] --END-- [ RunTime:0.001336s ]

[ 2014-09-15 17:37:07 ] 37.58.100.235 /index.php/Index/productInfo?id=111
INFO: [ route_check ] --START--
INFO: CheckRoute Behavior ::run [ RunTime:0.001538s ]
INFO: [ route_check ] --END-- [ RunTime:0.001626s ]
INFO: [ app_begin ] --START--
INFO: ReadHtmlCache Behavior ::run [ RunTime:0.001190s ]
INFO: [ app_begin ] --END-- [ RunTime:0.001263s ]
SQL: SHOW COLUMNS FROM `contents` [ RunTime:0.002064s ]
SQL: SELECT * FROM `contents` WHERE (  enable=1 and cateid=4  ) LIMIT 1   [ RunTime:0.000253s ]
SQL: SELECT * FROM `contents` WHERE (  enable=1 and cateid=1  ) LIMIT 1   [ RunTime:0.000195s ]
NOTIC: [8] Undefined index:  HTTP_ACCEPT_LANGUAGE D:\enkjhost\mayning1\web\home\Lib\Action\UtilAction.class.php 第 96 行.
SQL: SHOW COLUMNS FROM `visters` [ RunTime:0.002680s ]
SQL: INSERT INTO `visters` (`ctime`,`info`,`ip`,`page`) VALUES ('2014-09-15 17:37','荷兰  、OtherEnglish系统、Other浏览器、','37.58.100.235','产品详情页面') [ RunTime:0.009574s ]
SQL: SHOW COLUMNS FROM `procate` [ RunTime:0.002702s ]
SQL: SHOW COLUMNS FROM `products` [ RunTime:0.002756s ]
NOTIC: [8] Undefined index:  procate D:\enkjhost\mayning1\web\home\Lib\Action\IndexAction.class.php 第 243 行.
NOTIC: [8] Undefined index:  procate2 D:\enkjhost\mayning1\web\home\Lib\Action\IndexAction.class.php 第 244 行.
SQL: SELECT * FROM `procate` WHERE ( id=%d ) LIMIT 1   [ RunTime:0.000205s ]
ERR: 1064:You have an error in your SQL syntax; check the manual that corresponds to your MySQL server version for the right syntax to use near '%d ) LIMIT 1' at line 1
 [ SQL语句 ] : SELECT * FROM `procate` WHERE ( id=%d ) LIMIT 1  
SQL: SELECT * FROM `procate` WHERE ( id=%d ) LIMIT 1   [ RunTime:0.000188s ]
ERR: 1064:You have an error in your SQL syntax; check the manual that corresponds to your MySQL server version for the right syntax to use near '%d ) LIMIT 1' at line 1
 [ SQL语句 ] : SELECT * FROM `procate` WHERE ( id=%d ) LIMIT 1  
SQL: SELECT * FROM `procate` WHERE (  enable =1 and pid=0  )  [ RunTime:0.000406s ]
SQL: SELECT * FROM `products` WHERE (  id=111 ) LIMIT 1   [ RunTime:0.000479s ]
SQL: SELECT * FROM `procate` WHERE ( id=23 ) LIMIT 1   [ RunTime:0.000257s ]
SQL: SELECT * FROM `procate` WHERE ( id=0 ) LIMIT 1   [ RunTime:0.000237s ]
INFO: [ view_parse ] --START--
INFO: ParseTemplate Behavior ::run [ RunTime:0.019638s ]
INFO: [ view_parse ] --END-- [ RunTime:0.019738s ]
INFO: [ view_filter ] --START--
INFO: ContentReplace Behavior ::run [ RunTime:0.001207s ]
INFO: TokenBuild Behavior ::run [ RunTime:0.001065s ]
INFO: WriteHtmlCache Behavior ::run [ RunTime:0.000888s ]
INFO: ShowRuntime Behavior ::run [ RunTime:0.001184s ]
INFO: [ view_filter ] --END-- [ RunTime:0.004555s ]
INFO: [ view_end ] --START--
INFO: ShowPageTrace Behavior ::run [ RunTime:0.001433s ]
INFO: [ view_end ] --END-- [ RunTime:0.001515s ]

[ 2014-09-15 18:47:00 ] 192.157.242.3 /index.php/Index/productInfo?id=41
INFO: [ route_check ] --START--
INFO: CheckRoute Behavior ::run [ RunTime:0.001872s ]
INFO: [ route_check ] --END-- [ RunTime:0.001971s ]
INFO: [ app_begin ] --START--
INFO: ReadHtmlCache Behavior ::run [ RunTime:0.001197s ]
INFO: [ app_begin ] --END-- [ RunTime:0.001269s ]
SQL: SHOW COLUMNS FROM `contents` [ RunTime:0.002032s ]
SQL: SELECT * FROM `contents` WHERE (  enable=1 and cateid=4  ) LIMIT 1   [ RunTime:0.000262s ]
SQL: SELECT * FROM `contents` WHERE (  enable=1 and cateid=1  ) LIMIT 1   [ RunTime:0.000191s ]
SQL: SHOW COLUMNS FROM `visters` [ RunTime:0.002296s ]
SQL: INSERT INTO `visters` (`ctime`,`info`,`ip`,`page`) VALUES ('2014-09-15 18:47','美国 内华达州 Henderson、WindowsEnglish系统、Firefox浏览器、','192.157.242.3','产品详情页面') [ RunTime:0.009815s ]
SQL: SHOW COLUMNS FROM `procate` [ RunTime:0.002329s ]
SQL: SHOW COLUMNS FROM `products` [ RunTime:0.002279s ]
NOTIC: [8] Undefined index:  procate D:\enkjhost\mayning1\web\home\Lib\Action\IndexAction.class.php 第 243 行.
NOTIC: [8] Undefined index:  procate2 D:\enkjhost\mayning1\web\home\Lib\Action\IndexAction.class.php 第 244 行.
SQL: SELECT * FROM `procate` WHERE ( id=%d ) LIMIT 1   [ RunTime:0.000173s ]
ERR: 1064:You have an error in your SQL syntax; check the manual that corresponds to your MySQL server version for the right syntax to use near '%d ) LIMIT 1' at line 1
 [ SQL语句 ] : SELECT * FROM `procate` WHERE ( id=%d ) LIMIT 1  
SQL: SELECT * FROM `procate` WHERE ( id=%d ) LIMIT 1   [ RunTime:0.000158s ]
ERR: 1064:You have an error in your SQL syntax; check the manual that corresponds to your MySQL server version for the right syntax to use near '%d ) LIMIT 1' at line 1
 [ SQL语句 ] : SELECT * FROM `procate` WHERE ( id=%d ) LIMIT 1  
SQL: SELECT * FROM `procate` WHERE (  enable =1 and pid=0  )  [ RunTime:0.000365s ]
SQL: SELECT * FROM `products` WHERE (  id=41 ) LIMIT 1   [ RunTime:0.000328s ]
SQL: SELECT * FROM `procate` WHERE ( id=10 ) LIMIT 1   [ RunTime:0.000260s ]
SQL: SELECT * FROM `procate` WHERE ( id=0 ) LIMIT 1   [ RunTime:0.000244s ]
INFO: [ view_parse ] --START--
INFO: ParseTemplate Behavior ::run [ RunTime:0.019907s ]
INFO: [ view_parse ] --END-- [ RunTime:0.019999s ]
INFO: [ view_filter ] --START--
INFO: ContentReplace Behavior ::run [ RunTime:0.001002s ]
INFO: TokenBuild Behavior ::run [ RunTime:0.000967s ]
INFO: WriteHtmlCache Behavior ::run [ RunTime:0.000813s ]
INFO: ShowRuntime Behavior ::run [ RunTime:0.001067s ]
INFO: [ view_filter ] --END-- [ RunTime:0.004044s ]
INFO: [ view_end ] --START--
INFO: ShowPageTrace Behavior ::run [ RunTime:0.001272s ]
INFO: [ view_end ] --END-- [ RunTime:0.001344s ]

[ 2014-09-15 18:47:02 ] 199.30.49.8 /index.php
INFO: [ app_begin ] --START--
INFO: ReadHtmlCache Behavior ::run [ RunTime:0.001560s ]
INFO: [ app_begin ] --END-- [ RunTime:0.001673s ]
SQL: SHOW COLUMNS FROM `contents` [ RunTime:0.002670s ]
SQL: SELECT * FROM `contents` WHERE (  enable=1 and cateid=4  ) LIMIT 1   [ RunTime:0.000381s ]
SQL: SELECT * FROM `contents` WHERE (  enable=1 and cateid=1  ) LIMIT 1   [ RunTime:0.000314s ]
SQL: SHOW COLUMNS FROM `visters` [ RunTime:0.002454s ]
SQL: INSERT INTO `visters` (`ctime`,`info`,`ip`,`page`) VALUES ('2014-09-15 18:47','美国 亚利桑那州 Phoenix、WindowsEnglish系统、Firefox浏览器、','199.30.49.8','系统首页') [ RunTime:0.011384s ]
SQL: SHOW COLUMNS FROM `products` [ RunTime:0.002793s ]
SQL: SELECT * FROM `products` WHERE (  enable=1 and state=1  ) ORDER BY  sorts desc  [ RunTime:0.000968s ]
SQL: SELECT * FROM `products` WHERE (  enable=1 and state=2  ) ORDER BY  sorts desc  [ RunTime:0.000721s ]
INFO: [ view_parse ] --START--
INFO: ParseTemplate Behavior ::run [ RunTime:0.021106s ]
INFO: [ view_parse ] --END-- [ RunTime:0.021202s ]
INFO: [ view_filter ] --START--
INFO: ContentReplace Behavior ::run [ RunTime:0.000991s ]
INFO: TokenBuild Behavior ::run [ RunTime:0.000959s ]
INFO: WriteHtmlCache Behavior ::run [ RunTime:0.000815s ]
INFO: ShowRuntime Behavior ::run [ RunTime:0.001065s ]
INFO: [ view_filter ] --END-- [ RunTime:0.004020s ]
INFO: [ view_end ] --START--
INFO: ShowPageTrace Behavior ::run [ RunTime:0.001252s ]
INFO: [ view_end ] --END-- [ RunTime:0.001322s ]

[ 2014-09-15 18:56:42 ] 220.181.108.176 /index.php/Index/product?procate=13
INFO: [ route_check ] --START--
INFO: CheckRoute Behavior ::run [ RunTime:0.002031s ]
INFO: [ route_check ] --END-- [ RunTime:0.002146s ]
INFO: [ app_begin ] --START--
INFO: ReadHtmlCache Behavior ::run [ RunTime:0.001577s ]
INFO: [ app_begin ] --END-- [ RunTime:0.001670s ]
SQL: SHOW COLUMNS FROM `contents` [ RunTime:0.002385s ]
SQL: SELECT * FROM `contents` WHERE (  enable=1 and cateid=4  ) LIMIT 1   [ RunTime:0.000338s ]
SQL: SELECT * FROM `contents` WHERE (  enable=1 and cateid=1  ) LIMIT 1   [ RunTime:0.000273s ]
SQL: SHOW COLUMNS FROM `visters` [ RunTime:0.002953s ]
SQL: INSERT INTO `visters` (`ctime`,`info`,`ip`,`page`) VALUES ('2014-09-15 18:56','中国 北京 北京、Other简体中文系统、Other浏览器、','220.181.108.176','产品页面') [ RunTime:0.008225s ]
SQL: SHOW COLUMNS FROM `procate` [ RunTime:0.002291s ]
SQL: SHOW COLUMNS FROM `products` [ RunTime:0.002181s ]
NOTIC: [8] Undefined index:  procate2 D:\enkjhost\mayning1\web\home\Lib\Action\IndexAction.class.php 第 176 行.
SQL: SELECT * FROM `procate` WHERE ( id=13 ) LIMIT 1   [ RunTime:0.000305s ]
SQL: SELECT * FROM `procate` WHERE ( id=%d ) LIMIT 1   [ RunTime:0.000171s ]
ERR: 1064:You have an error in your SQL syntax; check the manual that corresponds to your MySQL server version for the right syntax to use near '%d ) LIMIT 1' at line 1
 [ SQL语句 ] : SELECT * FROM `procate` WHERE ( id=%d ) LIMIT 1  
SQL: SELECT * FROM `procate` WHERE ( pid=13 )  [ RunTime:0.000311s ]
SQL: select count(*) as count from products a left join procate b on a.proid = b.id where 1=1 and a.enable=1 and b.enable=1  and ( b.pid=13 or b.id=13) [ RunTime:0.000626s ]
SQL: select a.id,a.title,a.info,a.imgs,a.ctime from products a left join procate b on a.proid = b.id where 1=1 and a.enable=1 and b.enable=1  and ( b.pid=13 or b.id=13) order by a.sorts desc limit 0,9 [ RunTime:0.001047s ]
SQL: SELECT * FROM `procate` WHERE (  enable =1 and pid=0  )  [ RunTime:0.000353s ]
INFO: [ view_parse ] --START--
INFO: ParseTemplate Behavior ::run [ RunTime:0.025189s ]
INFO: [ view_parse ] --END-- [ RunTime:0.025299s ]
INFO: [ view_filter ] --START--
INFO: ContentReplace Behavior ::run [ RunTime:0.001305s ]
INFO: TokenBuild Behavior ::run [ RunTime:0.001148s ]
INFO: WriteHtmlCache Behavior ::run [ RunTime:0.000826s ]
INFO: ShowRuntime Behavior ::run [ RunTime:0.001069s ]
INFO: [ view_filter ] --END-- [ RunTime:0.004569s ]
INFO: [ view_end ] --START--
INFO: ShowPageTrace Behavior ::run [ RunTime:0.001287s ]
INFO: [ view_end ] --END-- [ RunTime:0.001358s ]

[ 2014-09-15 19:50:52 ] 157.55.39.175 /index.php
INFO: [ app_begin ] --START--
INFO: ReadHtmlCache Behavior ::run [ RunTime:0.001206s ]
INFO: [ app_begin ] --END-- [ RunTime:0.001301s ]
SQL: SHOW COLUMNS FROM `contents` [ RunTime:0.002071s ]
SQL: SELECT * FROM `contents` WHERE (  enable=1 and cateid=4  ) LIMIT 1   [ RunTime:0.000303s ]
SQL: SELECT * FROM `contents` WHERE (  enable=1 and cateid=1  ) LIMIT 1   [ RunTime:0.000238s ]
NOTIC: [8] Undefined index:  HTTP_ACCEPT_LANGUAGE D:\enkjhost\mayning1\web\home\Lib\Action\UtilAction.class.php 第 96 行.
SQL: SHOW COLUMNS FROM `visters` [ RunTime:0.002602s ]
SQL: INSERT INTO `visters` (`ctime`,`info`,`ip`,`page`) VALUES ('2014-09-15 19:50','美国 华盛顿州 Redmond、OtherEnglish系统、Other浏览器、','157.55.39.175','系统首页') [ RunTime:0.010589s ]
SQL: SHOW COLUMNS FROM `products` [ RunTime:0.002774s ]
SQL: SELECT * FROM `products` WHERE (  enable=1 and state=1  ) ORDER BY  sorts desc  [ RunTime:0.001346s ]
SQL: SELECT * FROM `products` WHERE (  enable=1 and state=2  ) ORDER BY  sorts desc  [ RunTime:0.000946s ]
INFO: [ view_parse ] --START--
INFO: ParseTemplate Behavior ::run [ RunTime:0.021226s ]
INFO: [ view_parse ] --END-- [ RunTime:0.021339s ]
INFO: [ view_filter ] --START--
INFO: ContentReplace Behavior ::run [ RunTime:0.001292s ]
INFO: TokenBuild Behavior ::run [ RunTime:0.001248s ]
INFO: WriteHtmlCache Behavior ::run [ RunTime:0.001124s ]
INFO: ShowRuntime Behavior ::run [ RunTime:0.001456s ]
INFO: [ view_filter ] --END-- [ RunTime:0.005372s ]
INFO: [ view_end ] --START--
INFO: ShowPageTrace Behavior ::run [ RunTime:0.001671s ]
INFO: [ view_end ] --END-- [ RunTime:0.001767s ]

[ 2014-09-15 20:07:17 ] 180.153.236.202 /index.php
INFO: [ app_begin ] --START--
INFO: ReadHtmlCache Behavior ::run [ RunTime:0.001321s ]
INFO: [ app_begin ] --END-- [ RunTime:0.001415s ]
SQL: SHOW COLUMNS FROM `contents` [ RunTime:0.002203s ]
SQL: SELECT * FROM `contents` WHERE (  enable=1 and cateid=4  ) LIMIT 1   [ RunTime:0.000339s ]
SQL: SELECT * FROM `contents` WHERE (  enable=1 and cateid=1  ) LIMIT 1   [ RunTime:0.000265s ]
SQL: SHOW COLUMNS FROM `visters` [ RunTime:0.002780s ]
SQL: INSERT INTO `visters` (`ctime`,`info`,`ip`,`page`) VALUES ('2014-09-15 20:07','中国 上海 上海、Windows简体中文系统、MSIE浏览器、','180.153.236.202','系统首页') [ RunTime:0.007710s ]
SQL: SHOW COLUMNS FROM `products` [ RunTime:0.002703s ]
SQL: SELECT * FROM `products` WHERE (  enable=1 and state=1  ) ORDER BY  sorts desc  [ RunTime:0.001287s ]
SQL: SELECT * FROM `products` WHERE (  enable=1 and state=2  ) ORDER BY  sorts desc  [ RunTime:0.000950s ]
INFO: [ view_parse ] --START--
INFO: ParseTemplate Behavior ::run [ RunTime:0.021423s ]
INFO: [ view_parse ] --END-- [ RunTime:0.021539s ]
INFO: [ view_filter ] --START--
INFO: ContentReplace Behavior ::run [ RunTime:0.001301s ]
INFO: TokenBuild Behavior ::run [ RunTime:0.001250s ]
INFO: WriteHtmlCache Behavior ::run [ RunTime:0.001063s ]
INFO: ShowRuntime Behavior ::run [ RunTime:0.001388s ]
INFO: [ view_filter ] --END-- [ RunTime:0.005253s ]
INFO: [ view_end ] --START--
INFO: ShowPageTrace Behavior ::run [ RunTime:0.001635s ]
INFO: [ view_end ] --END-- [ RunTime:0.001719s ]

[ 2014-09-15 21:25:11 ] 37.58.100.226 /index.php/Index/product?procate=14
INFO: [ route_check ] --START--
INFO: CheckRoute Behavior ::run [ RunTime:0.002029s ]
INFO: [ route_check ] --END-- [ RunTime:0.002143s ]
INFO: [ app_begin ] --START--
INFO: ReadHtmlCache Behavior ::run [ RunTime:0.001561s ]
INFO: [ app_begin ] --END-- [ RunTime:0.001656s ]
SQL: SHOW COLUMNS FROM `contents` [ RunTime:0.002494s ]
SQL: SELECT * FROM `contents` WHERE (  enable=1 and cateid=4  ) LIMIT 1   [ RunTime:0.000276s ]
SQL: SELECT * FROM `contents` WHERE (  enable=1 and cateid=1  ) LIMIT 1   [ RunTime:0.000205s ]
NOTIC: [8] Undefined index:  HTTP_ACCEPT_LANGUAGE D:\enkjhost\mayning1\web\home\Lib\Action\UtilAction.class.php 第 96 行.
SQL: SHOW COLUMNS FROM `visters` [ RunTime:0.002255s ]
SQL: INSERT INTO `visters` (`ctime`,`info`,`ip`,`page`) VALUES ('2014-09-15 21:25','荷兰  、OtherEnglish系统、Other浏览器、','37.58.100.226','产品页面') [ RunTime:0.009218s ]
SQL: SHOW COLUMNS FROM `procate` [ RunTime:0.002403s ]
SQL: SHOW COLUMNS FROM `products` [ RunTime:0.002423s ]
NOTIC: [8] Undefined index:  procate2 D:\enkjhost\mayning1\web\home\Lib\Action\IndexAction.class.php 第 176 行.
SQL: SELECT * FROM `procate` WHERE ( id=14 ) LIMIT 1   [ RunTime:0.000321s ]
SQL: SELECT * FROM `procate` WHERE ( id=%d ) LIMIT 1   [ RunTime:0.000189s ]
ERR: 1064:You have an error in your SQL syntax; check the manual that corresponds to your MySQL server version for the right syntax to use near '%d ) LIMIT 1' at line 1
 [ SQL语句 ] : SELECT * FROM `procate` WHERE ( id=%d ) LIMIT 1  
SQL: SELECT * FROM `procate` WHERE ( pid=14 )  [ RunTime:0.000334s ]
SQL: select count(*) as count from products a left join procate b on a.proid = b.id where 1=1 and a.enable=1 and b.enable=1  and ( b.pid=14 or b.id=14) [ RunTime:0.000632s ]
SQL: select a.id,a.title,a.info,a.imgs,a.ctime from products a left join procate b on a.proid = b.id where 1=1 and a.enable=1 and b.enable=1  and ( b.pid=14 or b.id=14) order by a.sorts desc limit 0,9 [ RunTime:0.001061s ]
SQL: SELECT * FROM `procate` WHERE (  enable =1 and pid=0  )  [ RunTime:0.000383s ]
INFO: [ view_parse ] --START--
INFO: ParseTemplate Behavior ::run [ RunTime:0.023071s ]
INFO: [ view_parse ] --END-- [ RunTime:0.023161s ]
INFO: [ view_filter ] --START--
INFO: ContentReplace Behavior ::run [ RunTime:0.000911s ]
INFO: TokenBuild Behavior ::run [ RunTime:0.000875s ]
INFO: WriteHtmlCache Behavior ::run [ RunTime:0.000743s ]
INFO: ShowRuntime Behavior ::run [ RunTime:0.000960s ]
INFO: [ view_filter ] --END-- [ RunTime:0.003662s ]
INFO: [ view_end ] --START--
INFO: ShowPageTrace Behavior ::run [ RunTime:0.001157s ]
INFO: [ view_end ] --END-- [ RunTime:0.001222s ]

[ 2014-09-15 21:57:01 ] 219.143.225.2 /index.php
INFO: [ app_begin ] --START--
INFO: ReadHtmlCache Behavior ::run [ RunTime:0.001566s ]
INFO: [ app_begin ] --END-- [ RunTime:0.001676s ]
SQL: SHOW COLUMNS FROM `contents` [ RunTime:0.002109s ]
SQL: SELECT * FROM `contents` WHERE (  enable=1 and cateid=4  ) LIMIT 1   [ RunTime:0.000304s ]
SQL: SELECT * FROM `contents` WHERE (  enable=1 and cateid=1  ) LIMIT 1   [ RunTime:0.000237s ]
NOTIC: [8] Undefined index:  HTTP_ACCEPT_LANGUAGE D:\enkjhost\mayning1\web\home\Lib\Action\UtilAction.class.php 第 96 行.
SQL: SHOW COLUMNS FROM `visters` [ RunTime:0.002299s ]
SQL: INSERT INTO `visters` (`ctime`,`info`,`ip`,`page`) VALUES ('2014-09-15 21:57','中国 北京 北京、WindowsEnglish系统、MSIE浏览器、','219.143.225.2','系统首页') [ RunTime:0.008046s ]
SQL: SHOW COLUMNS FROM `products` [ RunTime:0.002460s ]
SQL: SELECT * FROM `products` WHERE (  enable=1 and state=1  ) ORDER BY  sorts desc  [ RunTime:0.001142s ]
SQL: SELECT * FROM `products` WHERE (  enable=1 and state=2  ) ORDER BY  sorts desc  [ RunTime:0.000957s ]
INFO: [ view_parse ] --START--
INFO: ParseTemplate Behavior ::run [ RunTime:0.021002s ]
INFO: [ view_parse ] --END-- [ RunTime:0.021113s ]
INFO: [ view_filter ] --START--
INFO: ContentReplace Behavior ::run [ RunTime:0.001306s ]
INFO: TokenBuild Behavior ::run [ RunTime:0.000957s ]
INFO: WriteHtmlCache Behavior ::run [ RunTime:0.000819s ]
INFO: ShowRuntime Behavior ::run [ RunTime:0.001061s ]
INFO: [ view_filter ] --END-- [ RunTime:0.004339s ]
INFO: [ view_end ] --START--
INFO: ShowPageTrace Behavior ::run [ RunTime:0.001286s ]
INFO: [ view_end ] --END-- [ RunTime:0.001356s ]

[ 2014-09-15T22:15:09+08:00 ] 219.143.225.2 /index.php/index/index
INFO: [ route_check ] --START--
INFO: CheckRoute Behavior ::run [ RunTime:0.001652s ]
INFO: [ route_check ] --END-- [ RunTime:0.001751s ]
INFO: [ app_begin ] --START--
INFO: ReadHtmlCache Behavior ::run [ RunTime:0.001185s ]
INFO: [ app_begin ] --END-- [ RunTime:0.001257s ]
ERR: 无法加载模块:index

[ 2014-09-15T22:15:09+08:00 ] 219.143.225.2 /index.php/index/aboutus
INFO: [ route_check ] --START--
INFO: CheckRoute Behavior ::run [ RunTime:0.001537s ]
INFO: [ route_check ] --END-- [ RunTime:0.001621s ]
INFO: [ app_begin ] --START--
INFO: ReadHtmlCache Behavior ::run [ RunTime:0.001177s ]
INFO: [ app_begin ] --END-- [ RunTime:0.001248s ]
ERR: 无法加载模块:index

[ 2014-09-15T22:15:09+08:00 ] 219.143.225.2 /index.php/index/news
INFO: [ route_check ] --START--
INFO: CheckRoute Behavior ::run [ RunTime:0.001556s ]
INFO: [ route_check ] --END-- [ RunTime:0.001641s ]
INFO: [ app_begin ] --START--
INFO: ReadHtmlCache Behavior ::run [ RunTime:0.001224s ]
INFO: [ app_begin ] --END-- [ RunTime:0.001296s ]
ERR: 无法加载模块:index

[ 2014-09-15T22:15:09+08:00 ] 219.143.225.2 /index.php/index/product
INFO: [ route_check ] --START--
INFO: CheckRoute Behavior ::run [ RunTime:0.001554s ]
INFO: [ route_check ] --END-- [ RunTime:0.001637s ]
INFO: [ app_begin ] --START--
INFO: ReadHtmlCache Behavior ::run [ RunTime:0.001266s ]
INFO: [ app_begin ] --END-- [ RunTime:0.001337s ]
ERR: 无法加载模块:index

[ 2014-09-15T22:15:09+08:00 ] 219.143.225.2 /index.php/index/contact
INFO: [ route_check ] --START--
INFO: CheckRoute Behavior ::run [ RunTime:0.001558s ]
INFO: [ route_check ] --END-- [ RunTime:0.001646s ]
INFO: [ app_begin ] --START--
INFO: ReadHtmlCache Behavior ::run [ RunTime:0.001199s ]
INFO: [ app_begin ] --END-- [ RunTime:0.001271s ]
ERR: 无法加载模块:index

