[ 2014-09-27 00:38:00 ] 66.249.64.92 /index.php
INFO: [ app_begin ] --START--
INFO: ReadHtmlCache Behavior ::run [ RunTime:0.001542s ]
INFO: [ app_begin ] --END-- [ RunTime:0.001652s ]
SQL: SHOW COLUMNS FROM `contents` [ RunTime:0.002057s ]
SQL: SELECT * FROM `contents` WHERE (  enable=1 and cateid=4  ) LIMIT 1   [ RunTime:0.000253s ]
SQL: SELECT * FROM `contents` WHERE (  enable=1 and cateid=1  ) LIMIT 1   [ RunTime:0.000204s ]
NOTIC: [8] Undefined index:  HTTP_ACCEPT_LANGUAGE D:\enkjhost\mayning1\web\home\Lib\Action\UtilAction.class.php 第 96 行.
SQL: SHOW COLUMNS FROM `visters` [ RunTime:0.002690s ]
SQL: INSERT INTO `visters` (`ctime`,`info`,`ip`,`page`) VALUES ('2014-09-27 00:38','美国 加利福尼亚 Mountain View、OtherEnglish系统、Other浏览器、','66.249.64.92','系统首页') [ RunTime:0.009458s ]
SQL: SHOW COLUMNS FROM `products` [ RunTime:0.002886s ]
SQL: SELECT * FROM `products` WHERE (  enable=1 and state=1  ) ORDER BY  sorts desc  [ RunTime:0.001163s ]
SQL: SELECT * FROM `products` WHERE (  enable=1 and state=2  ) ORDER BY  sorts desc  [ RunTime:0.000770s ]
INFO: [ view_parse ] --START--
INFO: ParseTemplate Behavior ::run [ RunTime:0.029915s ]
INFO: [ view_parse ] --END-- [ RunTime:0.030028s ]
INFO: [ view_filter ] --START--
INFO: ContentReplace Behavior ::run [ RunTime:0.001274s ]
INFO: TokenBuild Behavior ::run [ RunTime:0.001225s ]
INFO: WriteHtmlCache Behavior ::run [ RunTime:0.000913s ]
INFO: ShowRuntime Behavior ::run [ RunTime:0.001043s ]
INFO: [ view_filter ] --END-- [ RunTime:0.004677s ]
INFO: [ view_end ] --START--
INFO: ShowPageTrace Behavior ::run [ RunTime:0.001239s ]
INFO: [ view_end ] --END-- [ RunTime:0.001311s ]

[ 2014-09-27 00:38:29 ] 203.208.60.151 /index.php
INFO: [ app_begin ] --START--
INFO: ReadHtmlCache Behavior ::run [ RunTime:0.001727s ]
INFO: [ app_begin ] --END-- [ RunTime:0.001840s ]
SQL: SHOW COLUMNS FROM `contents` [ RunTime:0.002494s ]
SQL: SELECT * FROM `contents` WHERE (  enable=1 and cateid=4  ) LIMIT 1   [ RunTime:0.000351s ]
SQL: SELECT * FROM `contents` WHERE (  enable=1 and cateid=1  ) LIMIT 1   [ RunTime:0.000247s ]
NOTIC: [8] Undefined index:  HTTP_ACCEPT_LANGUAGE D:\enkjhost\mayning1\web\home\Lib\Action\UtilAction.class.php 第 96 行.
SQL: SHOW COLUMNS FROM `visters` [ RunTime:0.002527s ]
SQL: INSERT INTO `visters` (`ctime`,`info`,`ip`,`page`) VALUES ('2014-09-27 00:38','中国 北京 北京、OtherEnglish系统、Other浏览器、','203.208.60.151','系统首页') [ RunTime:0.010353s ]
SQL: SHOW COLUMNS FROM `products` [ RunTime:0.002725s ]
SQL: SELECT * FROM `products` WHERE (  enable=1 and state=1  ) ORDER BY  sorts desc  [ RunTime:0.001285s ]
SQL: SELECT * FROM `products` WHERE (  enable=1 and state=2  ) ORDER BY  sorts desc  [ RunTime:0.000863s ]
INFO: [ view_parse ] --START--
INFO: ParseTemplate Behavior ::run [ RunTime:0.020771s ]
INFO: [ view_parse ] --END-- [ RunTime:0.020880s ]
INFO: [ view_filter ] --START--
INFO: ContentReplace Behavior ::run [ RunTime:0.001071s ]
INFO: TokenBuild Behavior ::run [ RunTime:0.000939s ]
INFO: WriteHtmlCache Behavior ::run [ RunTime:0.000796s ]
INFO: ShowRuntime Behavior ::run [ RunTime:0.001044s ]
INFO: [ view_filter ] --END-- [ RunTime:0.004042s ]
INFO: [ view_end ] --START--
INFO: ShowPageTrace Behavior ::run [ RunTime:0.001241s ]
INFO: [ view_end ] --END-- [ RunTime:0.001314s ]

[ 2014-09-27 01:08:52 ] 211.136.209.2 /index.php
INFO: [ app_begin ] --START--
INFO: ReadHtmlCache Behavior ::run [ RunTime:0.001547s ]
INFO: [ app_begin ] --END-- [ RunTime:0.001654s ]
SQL: SHOW COLUMNS FROM `contents` [ RunTime:0.002561s ]
SQL: SELECT * FROM `contents` WHERE (  enable=1 and cateid=4  ) LIMIT 1   [ RunTime:0.000314s ]
SQL: SELECT * FROM `contents` WHERE (  enable=1 and cateid=1  ) LIMIT 1   [ RunTime:0.000231s ]
NOTIC: [8] Undefined index:  HTTP_USER_AGENT D:\enkjhost\mayning1\web\home\Lib\Action\UtilAction.class.php 第 135 行.
NOTIC: [8] Undefined index:  HTTP_USER_AGENT D:\enkjhost\mayning1\web\home\Lib\Action\UtilAction.class.php 第 112 行.
NOTIC: [8] Undefined index:  HTTP_ACCEPT_LANGUAGE D:\enkjhost\mayning1\web\home\Lib\Action\UtilAction.class.php 第 96 行.
SQL: SHOW COLUMNS FROM `visters` [ RunTime:0.002604s ]
SQL: INSERT INTO `visters` (`ctime`,`info`,`ip`,`page`) VALUES ('2014-09-27 01:08','中国 广东 广州、OtherEnglish系统、Other浏览器、','211.136.209.2','系统首页') [ RunTime:0.009040s ]
SQL: SHOW COLUMNS FROM `products` [ RunTime:0.002763s ]
SQL: SELECT * FROM `products` WHERE (  enable=1 and state=1  ) ORDER BY  sorts desc  [ RunTime:0.000997s ]
SQL: SELECT * FROM `products` WHERE (  enable=1 and state=2  ) ORDER BY  sorts desc  [ RunTime:0.000769s ]
INFO: [ view_parse ] --START--
INFO: ParseTemplate Behavior ::run [ RunTime:0.030263s ]
INFO: [ view_parse ] --END-- [ RunTime:0.030375s ]
INFO: [ view_filter ] --START--
INFO: ContentReplace Behavior ::run [ RunTime:0.001399s ]
INFO: TokenBuild Behavior ::run [ RunTime:0.001273s ]
INFO: WriteHtmlCache Behavior ::run [ RunTime:0.001116s ]
INFO: ShowRuntime Behavior ::run [ RunTime:0.001453s ]
INFO: [ view_filter ] --END-- [ RunTime:0.005498s ]
INFO: [ view_end ] --START--
INFO: ShowPageTrace Behavior ::run [ RunTime:0.001682s ]
INFO: [ view_end ] --END-- [ RunTime:0.001774s ]

[ 2014-09-27 01:19:00 ] 220.181.108.100 /index.php/Index/aboutUs
INFO: [ route_check ] --START--
INFO: CheckRoute Behavior ::run [ RunTime:0.002029s ]
INFO: [ route_check ] --END-- [ RunTime:0.002138s ]
INFO: [ app_begin ] --START--
INFO: ReadHtmlCache Behavior ::run [ RunTime:0.001550s ]
INFO: [ app_begin ] --END-- [ RunTime:0.001645s ]
SQL: SHOW COLUMNS FROM `contents` [ RunTime:0.002200s ]
SQL: SELECT * FROM `contents` WHERE (  enable=1 and cateid=4  ) LIMIT 1   [ RunTime:0.000255s ]
SQL: SELECT * FROM `contents` WHERE (  enable=1 and cateid=1  ) LIMIT 1   [ RunTime:0.000249s ]
SQL: SHOW COLUMNS FROM `visters` [ RunTime:0.002557s ]
SQL: INSERT INTO `visters` (`ctime`,`info`,`ip`,`page`) VALUES ('2014-09-27 01:19','中国 北京 北京、Other简体中文系统、Other浏览器、','220.181.108.100','关于我们页面') [ RunTime:0.012784s ]
SQL: SELECT * FROM `contents` WHERE (  enable=1 and cateid=2  ) LIMIT 1   [ RunTime:0.000359s ]
INFO: [ view_parse ] --START--
INFO: ParseTemplate Behavior ::run [ RunTime:0.025640s ]
INFO: [ view_parse ] --END-- [ RunTime:0.025744s ]
INFO: [ view_filter ] --START--
INFO: ContentReplace Behavior ::run [ RunTime:0.000858s ]
INFO: TokenBuild Behavior ::run [ RunTime:0.000864s ]
INFO: WriteHtmlCache Behavior ::run [ RunTime:0.000729s ]
INFO: ShowRuntime Behavior ::run [ RunTime:0.000954s ]
INFO: [ view_filter ] --END-- [ RunTime:0.003596s ]
INFO: [ view_end ] --START--
INFO: ShowPageTrace Behavior ::run [ RunTime:0.001137s ]
INFO: [ view_end ] --END-- [ RunTime:0.001198s ]

[ 2014-09-27 02:09:51 ] 185.10.104.196 /index.php/Index/contact
INFO: [ route_check ] --START--
INFO: CheckRoute Behavior ::run [ RunTime:0.001568s ]
INFO: [ route_check ] --END-- [ RunTime:0.001664s ]
INFO: [ app_begin ] --START--
INFO: ReadHtmlCache Behavior ::run [ RunTime:0.001225s ]
INFO: [ app_begin ] --END-- [ RunTime:0.001297s ]
NOTIC: [2] mysql_connect() [<a href='function.mysql-connect'>function.mysql-connect</a>]: Can't connect to MySQL server on '122.0.115.14' (10061) D:\enkjhost\mayning1\web\ThinkPHP\Lib\Driver\Db\DbMysql.class.php 第 55 行.
ERR: Can't connect to MySQL server on '122.0.115.14' (10061)

[ 2014-09-27 02:24:48 ] 185.10.104.194 /index.php/Index/productInfo?id=111
INFO: [ route_check ] --START--
INFO: CheckRoute Behavior ::run [ RunTime:0.002074s ]
INFO: [ route_check ] --END-- [ RunTime:0.002188s ]
INFO: [ app_begin ] --START--
INFO: ReadHtmlCache Behavior ::run [ RunTime:0.001537s ]
INFO: [ app_begin ] --END-- [ RunTime:0.001632s ]
SQL: SHOW COLUMNS FROM `contents` [ RunTime:0.003337s ]
SQL: SELECT * FROM `contents` WHERE (  enable=1 and cateid=4  ) LIMIT 1   [ RunTime:0.000275s ]
SQL: SELECT * FROM `contents` WHERE (  enable=1 and cateid=1  ) LIMIT 1   [ RunTime:0.000207s ]
SQL: SHOW COLUMNS FROM `visters` [ RunTime:0.007919s ]
SQL: INSERT INTO `visters` (`ctime`,`info`,`ip`,`page`) VALUES ('2014-09-27 02:24','欧盟  、WindowsEnglish系统、Firefox浏览器、','185.10.104.194','产品详情页面') [ RunTime:0.011345s ]
SQL: SHOW COLUMNS FROM `procate` [ RunTime:0.004367s ]
SQL: SHOW COLUMNS FROM `products` [ RunTime:0.006988s ]
NOTIC: [8] Undefined index:  procate D:\enkjhost\mayning1\web\home\Lib\Action\IndexAction.class.php 第 243 行.
NOTIC: [8] Undefined index:  procate2 D:\enkjhost\mayning1\web\home\Lib\Action\IndexAction.class.php 第 244 行.
SQL: SELECT * FROM `procate` WHERE ( id=%d ) LIMIT 1   [ RunTime:0.000167s ]
ERR: 1064:You have an error in your SQL syntax; check the manual that corresponds to your MySQL server version for the right syntax to use near '%d ) LIMIT 1' at line 1
 [ SQL语句 ] : SELECT * FROM `procate` WHERE ( id=%d ) LIMIT 1  
SQL: SELECT * FROM `procate` WHERE ( id=%d ) LIMIT 1   [ RunTime:0.000155s ]
ERR: 1064:You have an error in your SQL syntax; check the manual that corresponds to your MySQL server version for the right syntax to use near '%d ) LIMIT 1' at line 1
 [ SQL语句 ] : SELECT * FROM `procate` WHERE ( id=%d ) LIMIT 1  
SQL: SELECT * FROM `procate` WHERE (  enable =1 and pid=0  )  [ RunTime:0.000359s ]
SQL: SELECT * FROM `products` WHERE (  id=111 ) LIMIT 1   [ RunTime:0.001476s ]
SQL: SELECT * FROM `procate` WHERE ( id=23 ) LIMIT 1   [ RunTime:0.000315s ]
SQL: SELECT * FROM `procate` WHERE ( id=0 ) LIMIT 1   [ RunTime:0.000276s ]
INFO: [ view_parse ] --START--
INFO: ParseTemplate Behavior ::run [ RunTime:0.029055s ]
INFO: [ view_parse ] --END-- [ RunTime:0.029165s ]
INFO: [ view_filter ] --START--
INFO: ContentReplace Behavior ::run [ RunTime:0.001217s ]
INFO: TokenBuild Behavior ::run [ RunTime:0.001063s ]
INFO: WriteHtmlCache Behavior ::run [ RunTime:0.000887s ]
INFO: ShowRuntime Behavior ::run [ RunTime:0.001200s ]
INFO: [ view_filter ] --END-- [ RunTime:0.004578s ]
INFO: [ view_end ] --START--
INFO: ShowPageTrace Behavior ::run [ RunTime:0.001472s ]
INFO: [ view_end ] --END-- [ RunTime:0.001561s ]

[ 2014-09-27 02:40:21 ] 202.46.62.30 /index.php
INFO: [ app_begin ] --START--
INFO: ReadHtmlCache Behavior ::run [ RunTime:0.001568s ]
INFO: [ app_begin ] --END-- [ RunTime:0.001683s ]
SQL: SHOW COLUMNS FROM `contents` [ RunTime:0.002954s ]
SQL: SELECT * FROM `contents` WHERE (  enable=1 and cateid=4  ) LIMIT 1   [ RunTime:0.000396s ]
SQL: SELECT * FROM `contents` WHERE (  enable=1 and cateid=1  ) LIMIT 1   [ RunTime:0.000341s ]
SQL: SHOW COLUMNS FROM `visters` [ RunTime:0.002790s ]
SQL: INSERT INTO `visters` (`ctime`,`info`,`ip`,`page`) VALUES ('2014-09-27 02:40','中国 广东 深圳、Windows简体中文系统、MSIE浏览器、','202.46.62.30','系统首页') [ RunTime:0.010882s ]
SQL: SHOW COLUMNS FROM `products` [ RunTime:0.002624s ]
SQL: SELECT * FROM `products` WHERE (  enable=1 and state=1  ) ORDER BY  sorts desc  [ RunTime:0.009775s ]
SQL: SELECT * FROM `products` WHERE (  enable=1 and state=2  ) ORDER BY  sorts desc  [ RunTime:0.001479s ]
INFO: [ view_parse ] --START--
INFO: ParseTemplate Behavior ::run [ RunTime:0.022024s ]
INFO: [ view_parse ] --END-- [ RunTime:0.022145s ]
INFO: [ view_filter ] --START--
INFO: ContentReplace Behavior ::run [ RunTime:0.001389s ]
INFO: TokenBuild Behavior ::run [ RunTime:0.001319s ]
INFO: WriteHtmlCache Behavior ::run [ RunTime:0.001129s ]
INFO: ShowRuntime Behavior ::run [ RunTime:0.001454s ]
INFO: [ view_filter ] --END-- [ RunTime:0.005549s ]
INFO: [ view_end ] --START--
INFO: ShowPageTrace Behavior ::run [ RunTime:0.001764s ]
INFO: [ view_end ] --END-- [ RunTime:0.001864s ]

[ 2014-09-27 02:40:33 ] 119.63.193.194 /index.php
INFO: [ app_begin ] --START--
INFO: ReadHtmlCache Behavior ::run [ RunTime:0.001667s ]
INFO: [ app_begin ] --END-- [ RunTime:0.001789s ]
SQL: SHOW COLUMNS FROM `contents` [ RunTime:0.002238s ]
SQL: SELECT * FROM `contents` WHERE (  enable=1 and cateid=4  ) LIMIT 1   [ RunTime:0.000318s ]
SQL: SELECT * FROM `contents` WHERE (  enable=1 and cateid=1  ) LIMIT 1   [ RunTime:0.000259s ]
SQL: SHOW COLUMNS FROM `visters` [ RunTime:0.002950s ]
SQL: INSERT INTO `visters` (`ctime`,`info`,`ip`,`page`) VALUES ('2014-09-27 02:40','日本 东京 Tokyo、Windows简体中文系统、MSIE浏览器、','119.63.193.194','系统首页') [ RunTime:0.010974s ]
SQL: SHOW COLUMNS FROM `products` [ RunTime:0.002745s ]
SQL: SELECT * FROM `products` WHERE (  enable=1 and state=1  ) ORDER BY  sorts desc  [ RunTime:0.001226s ]
SQL: SELECT * FROM `products` WHERE (  enable=1 and state=2  ) ORDER BY  sorts desc  [ RunTime:0.000869s ]
INFO: [ view_parse ] --START--
INFO: ParseTemplate Behavior ::run [ RunTime:0.021535s ]
INFO: [ view_parse ] --END-- [ RunTime:0.021652s ]
INFO: [ view_filter ] --START--
INFO: ContentReplace Behavior ::run [ RunTime:0.001349s ]
INFO: TokenBuild Behavior ::run [ RunTime:0.001294s ]
INFO: WriteHtmlCache Behavior ::run [ RunTime:0.001068s ]
INFO: ShowRuntime Behavior ::run [ RunTime:0.001401s ]
INFO: [ view_filter ] --END-- [ RunTime:0.005366s ]
INFO: [ view_end ] --START--
INFO: ShowPageTrace Behavior ::run [ RunTime:0.001690s ]
INFO: [ view_end ] --END-- [ RunTime:0.001795s ]

[ 2014-09-27 03:04:53 ] 220.181.108.173 /index.php/Index/news
INFO: [ route_check ] --START--
INFO: CheckRoute Behavior ::run [ RunTime:0.001538s ]
INFO: [ route_check ] --END-- [ RunTime:0.001623s ]
INFO: [ app_begin ] --START--
INFO: ReadHtmlCache Behavior ::run [ RunTime:0.001163s ]
INFO: [ app_begin ] --END-- [ RunTime:0.001233s ]
SQL: SHOW COLUMNS FROM `contents` [ RunTime:0.001998s ]
SQL: SELECT * FROM `contents` WHERE (  enable=1 and cateid=4  ) LIMIT 1   [ RunTime:0.000275s ]
SQL: SELECT * FROM `contents` WHERE (  enable=1 and cateid=1  ) LIMIT 1   [ RunTime:0.000186s ]
SQL: SHOW COLUMNS FROM `visters` [ RunTime:0.002361s ]
SQL: INSERT INTO `visters` (`ctime`,`info`,`ip`,`page`) VALUES ('2014-09-27 03:04','中国 北京 北京、Other简体中文系统、Other浏览器、','220.181.108.173','FAQ页面') [ RunTime:0.009118s ]
SQL: SHOW COLUMNS FROM `faqcate` [ RunTime:0.005832s ]
SQL: SHOW COLUMNS FROM `faqs` [ RunTime:0.003353s ]
NOTIC: [8] Undefined index:  faqcate D:\enkjhost\mayning1\web\home\Lib\Action\IndexAction.class.php 第 95 行.
SQL: SELECT * FROM `faqcate` WHERE ( enable=1  ) ORDER BY  sorts desc  [ RunTime:0.000327s ]
SQL: SELECT COUNT(*) AS tp_count FROM `faqs` WHERE (  1=1 and enable=1  ) LIMIT 1   [ RunTime:0.000272s ]
SQL: SELECT * FROM `faqs` WHERE (  1=1 and enable=1  ) ORDER BY sorts desc LIMIT 0,10   [ RunTime:0.000442s ]
INFO: [ view_parse ] --START--
INFO: ParseTemplate Behavior ::run [ RunTime:0.030350s ]
INFO: [ view_parse ] --END-- [ RunTime:0.030445s ]
INFO: [ view_filter ] --START--
INFO: ContentReplace Behavior ::run [ RunTime:0.000970s ]
INFO: TokenBuild Behavior ::run [ RunTime:0.000956s ]
INFO: WriteHtmlCache Behavior ::run [ RunTime:0.000805s ]
INFO: ShowRuntime Behavior ::run [ RunTime:0.001044s ]
INFO: [ view_filter ] --END-- [ RunTime:0.003965s ]
INFO: [ view_end ] --START--
INFO: ShowPageTrace Behavior ::run [ RunTime:0.001278s ]
INFO: [ view_end ] --END-- [ RunTime:0.001350s ]

[ 2014-09-27 04:01:42 ] 66.249.64.100 /index.php
INFO: [ app_begin ] --START--
INFO: ReadHtmlCache Behavior ::run [ RunTime:0.001532s ]
INFO: [ app_begin ] --END-- [ RunTime:0.001645s ]
SQL: SHOW COLUMNS FROM `contents` [ RunTime:0.002146s ]
SQL: SELECT * FROM `contents` WHERE (  enable=1 and cateid=4  ) LIMIT 1   [ RunTime:0.000256s ]
SQL: SELECT * FROM `contents` WHERE (  enable=1 and cateid=1  ) LIMIT 1   [ RunTime:0.000185s ]
NOTIC: [8] Undefined index:  HTTP_ACCEPT_LANGUAGE D:\enkjhost\mayning1\web\home\Lib\Action\UtilAction.class.php 第 96 行.
SQL: SHOW COLUMNS FROM `visters` [ RunTime:0.002447s ]
SQL: INSERT INTO `visters` (`ctime`,`info`,`ip`,`page`) VALUES ('2014-09-27 04:01','美国 加利福尼亚 Mountain View、OtherEnglish系统、Other浏览器、','66.249.64.100','系统首页') [ RunTime:0.008084s ]
SQL: SHOW COLUMNS FROM `products` [ RunTime:0.002676s ]
SQL: SELECT * FROM `products` WHERE (  enable=1 and state=1  ) ORDER BY  sorts desc  [ RunTime:0.001098s ]
SQL: SELECT * FROM `products` WHERE (  enable=1 and state=2  ) ORDER BY  sorts desc  [ RunTime:0.000766s ]
INFO: [ view_parse ] --START--
INFO: ParseTemplate Behavior ::run [ RunTime:0.020841s ]
INFO: [ view_parse ] --END-- [ RunTime:0.020936s ]
INFO: [ view_filter ] --START--
INFO: ContentReplace Behavior ::run [ RunTime:0.000972s ]
INFO: TokenBuild Behavior ::run [ RunTime:0.000939s ]
INFO: WriteHtmlCache Behavior ::run [ RunTime:0.000796s ]
INFO: ShowRuntime Behavior ::run [ RunTime:0.001048s ]
INFO: [ view_filter ] --END-- [ RunTime:0.003945s ]
INFO: [ view_end ] --START--
INFO: ShowPageTrace Behavior ::run [ RunTime:0.001240s ]
INFO: [ view_end ] --END-- [ RunTime:0.001313s ]

[ 2014-09-27 04:02:11 ] 203.208.60.199 /index.php
INFO: [ app_begin ] --START--
INFO: ReadHtmlCache Behavior ::run [ RunTime:0.001542s ]
INFO: [ app_begin ] --END-- [ RunTime:0.001653s ]
SQL: SHOW COLUMNS FROM `contents` [ RunTime:0.001881s ]
SQL: SELECT * FROM `contents` WHERE (  enable=1 and cateid=4  ) LIMIT 1   [ RunTime:0.000267s ]
SQL: SELECT * FROM `contents` WHERE (  enable=1 and cateid=1  ) LIMIT 1   [ RunTime:0.000180s ]
NOTIC: [8] Undefined index:  HTTP_ACCEPT_LANGUAGE D:\enkjhost\mayning1\web\home\Lib\Action\UtilAction.class.php 第 96 行.
SQL: SHOW COLUMNS FROM `visters` [ RunTime:0.002551s ]
SQL: INSERT INTO `visters` (`ctime`,`info`,`ip`,`page`) VALUES ('2014-09-27 04:02','中国 北京 北京、OtherEnglish系统、Other浏览器、','203.208.60.199','系统首页') [ RunTime:0.013104s ]
SQL: SHOW COLUMNS FROM `products` [ RunTime:0.002711s ]
SQL: SELECT * FROM `products` WHERE (  enable=1 and state=1  ) ORDER BY  sorts desc  [ RunTime:0.001241s ]
SQL: SELECT * FROM `products` WHERE (  enable=1 and state=2  ) ORDER BY  sorts desc  [ RunTime:0.000867s ]
INFO: [ view_parse ] --START--
INFO: ParseTemplate Behavior ::run [ RunTime:0.020876s ]
INFO: [ view_parse ] --END-- [ RunTime:0.020996s ]
INFO: [ view_filter ] --START--
INFO: ContentReplace Behavior ::run [ RunTime:0.001277s ]
INFO: TokenBuild Behavior ::run [ RunTime:0.001254s ]
INFO: WriteHtmlCache Behavior ::run [ RunTime:0.000968s ]
INFO: ShowRuntime Behavior ::run [ RunTime:0.001044s ]
INFO: [ view_filter ] --END-- [ RunTime:0.004768s ]
INFO: [ view_end ] --START--
INFO: ShowPageTrace Behavior ::run [ RunTime:0.001244s ]
INFO: [ view_end ] --END-- [ RunTime:0.001317s ]

[ 2014-09-27 04:06:22 ] 66.249.64.100 /index.php
INFO: [ app_begin ] --START--
INFO: ReadHtmlCache Behavior ::run [ RunTime:0.001300s ]
INFO: [ app_begin ] --END-- [ RunTime:0.001393s ]
SQL: SHOW COLUMNS FROM `contents` [ RunTime:0.002248s ]
SQL: SELECT * FROM `contents` WHERE (  enable=1 and cateid=4  ) LIMIT 1   [ RunTime:0.000283s ]
SQL: SELECT * FROM `contents` WHERE (  enable=1 and cateid=1  ) LIMIT 1   [ RunTime:0.000195s ]
NOTIC: [8] Undefined index:  HTTP_ACCEPT_LANGUAGE D:\enkjhost\mayning1\web\home\Lib\Action\UtilAction.class.php 第 96 行.
SQL: SHOW COLUMNS FROM `visters` [ RunTime:0.002539s ]
SQL: INSERT INTO `visters` (`ctime`,`info`,`ip`,`page`) VALUES ('2014-09-27 04:06','美国 加利福尼亚 Mountain View、OtherEnglish系统、Other浏览器、','66.249.64.100','系统首页') [ RunTime:0.010722s ]
SQL: SHOW COLUMNS FROM `products` [ RunTime:0.002705s ]
SQL: SELECT * FROM `products` WHERE (  enable=1 and state=1  ) ORDER BY  sorts desc  [ RunTime:0.001243s ]
SQL: SELECT * FROM `products` WHERE (  enable=1 and state=2  ) ORDER BY  sorts desc  [ RunTime:0.000859s ]
INFO: [ view_parse ] --START--
INFO: ParseTemplate Behavior ::run [ RunTime:0.021157s ]
INFO: [ view_parse ] --END-- [ RunTime:0.021269s ]
INFO: [ view_filter ] --START--
INFO: ContentReplace Behavior ::run [ RunTime:0.001308s ]
INFO: TokenBuild Behavior ::run [ RunTime:0.001228s ]
INFO: WriteHtmlCache Behavior ::run [ RunTime:0.001053s ]
INFO: ShowRuntime Behavior ::run [ RunTime:0.001372s ]
INFO: [ view_filter ] --END-- [ RunTime:0.005213s ]
INFO: [ view_end ] --START--
INFO: ShowPageTrace Behavior ::run [ RunTime:0.001646s ]
INFO: [ view_end ] --END-- [ RunTime:0.001743s ]

[ 2014-09-27 04:59:02 ] 123.125.71.103 /index.php/Index/productInfo?id=109
INFO: [ route_check ] --START--
INFO: CheckRoute Behavior ::run [ RunTime:0.002013s ]
INFO: [ route_check ] --END-- [ RunTime:0.002126s ]
INFO: [ app_begin ] --START--
INFO: ReadHtmlCache Behavior ::run [ RunTime:0.001160s ]
INFO: [ app_begin ] --END-- [ RunTime:0.001231s ]
SQL: SHOW COLUMNS FROM `contents` [ RunTime:0.002088s ]
SQL: SELECT * FROM `contents` WHERE (  enable=1 and cateid=4  ) LIMIT 1   [ RunTime:0.000256s ]
SQL: SELECT * FROM `contents` WHERE (  enable=1 and cateid=1  ) LIMIT 1   [ RunTime:0.000176s ]
SQL: SHOW COLUMNS FROM `visters` [ RunTime:0.002356s ]
SQL: INSERT INTO `visters` (`ctime`,`info`,`ip`,`page`) VALUES ('2014-09-27 04:59','中国 北京 北京、Other简体中文系统、Other浏览器、','123.125.71.103','产品详情页面') [ RunTime:0.010414s ]
SQL: SHOW COLUMNS FROM `procate` [ RunTime:0.002670s ]
SQL: SHOW COLUMNS FROM `products` [ RunTime:0.002739s ]
NOTIC: [8] Undefined index:  procate D:\enkjhost\mayning1\web\home\Lib\Action\IndexAction.class.php 第 243 行.
NOTIC: [8] Undefined index:  procate2 D:\enkjhost\mayning1\web\home\Lib\Action\IndexAction.class.php 第 244 行.
SQL: SELECT * FROM `procate` WHERE ( id=%d ) LIMIT 1   [ RunTime:0.000161s ]
ERR: 1064:You have an error in your SQL syntax; check the manual that corresponds to your MySQL server version for the right syntax to use near '%d ) LIMIT 1' at line 1
 [ SQL语句 ] : SELECT * FROM `procate` WHERE ( id=%d ) LIMIT 1  
SQL: SELECT * FROM `procate` WHERE ( id=%d ) LIMIT 1   [ RunTime:0.000174s ]
ERR: 1064:You have an error in your SQL syntax; check the manual that corresponds to your MySQL server version for the right syntax to use near '%d ) LIMIT 1' at line 1
 [ SQL语句 ] : SELECT * FROM `procate` WHERE ( id=%d ) LIMIT 1  
SQL: SELECT * FROM `procate` WHERE (  enable =1 and pid=0  )  [ RunTime:0.000327s ]
SQL: SELECT * FROM `products` WHERE (  id=109 ) LIMIT 1   [ RunTime:0.000486s ]
SQL: SELECT * FROM `procate` WHERE ( id=30 ) LIMIT 1   [ RunTime:0.000247s ]
SQL: SELECT * FROM `procate` WHERE ( id=20 ) LIMIT 1   [ RunTime:0.000229s ]
INFO: [ view_parse ] --START--
INFO: ParseTemplate Behavior ::run [ RunTime:0.020572s ]
INFO: [ view_parse ] --END-- [ RunTime:0.020670s ]
INFO: [ view_filter ] --START--
INFO: ContentReplace Behavior ::run [ RunTime:0.001215s ]
INFO: TokenBuild Behavior ::run [ RunTime:0.001051s ]
INFO: WriteHtmlCache Behavior ::run [ RunTime:0.000886s ]
INFO: ShowRuntime Behavior ::run [ RunTime:0.001179s ]
INFO: [ view_filter ] --END-- [ RunTime:0.004540s ]
INFO: [ view_end ] --START--
INFO: ShowPageTrace Behavior ::run [ RunTime:0.001426s ]
INFO: [ view_end ] --END-- [ RunTime:0.001508s ]

[ 2014-09-27 08:56:04 ] 66.249.64.96 /index.php
INFO: [ app_begin ] --START--
INFO: ReadHtmlCache Behavior ::run [ RunTime:0.001302s ]
INFO: [ app_begin ] --END-- [ RunTime:0.001396s ]
SQL: SHOW COLUMNS FROM `contents` [ RunTime:0.002639s ]
SQL: SELECT * FROM `contents` WHERE (  enable=1 and cateid=4  ) LIMIT 1   [ RunTime:0.000311s ]
SQL: SELECT * FROM `contents` WHERE (  enable=1 and cateid=1  ) LIMIT 1   [ RunTime:0.000257s ]
NOTIC: [8] Undefined index:  HTTP_ACCEPT_LANGUAGE D:\enkjhost\mayning1\web\home\Lib\Action\UtilAction.class.php 第 96 行.
SQL: SHOW COLUMNS FROM `visters` [ RunTime:0.002592s ]
SQL: INSERT INTO `visters` (`ctime`,`info`,`ip`,`page`) VALUES ('2014-09-27 08:56','美国 加利福尼亚 Mountain View、OtherEnglish系统、Other浏览器、','66.249.64.96','系统首页') [ RunTime:0.008284s ]
SQL: SHOW COLUMNS FROM `products` [ RunTime:0.002694s ]
SQL: SELECT * FROM `products` WHERE (  enable=1 and state=1  ) ORDER BY  sorts desc  [ RunTime:0.001360s ]
SQL: SELECT * FROM `products` WHERE (  enable=1 and state=2  ) ORDER BY  sorts desc  [ RunTime:0.000814s ]
INFO: [ view_parse ] --START--
INFO: ParseTemplate Behavior ::run [ RunTime:0.020883s ]
INFO: [ view_parse ] --END-- [ RunTime:0.020993s ]
INFO: [ view_filter ] --START--
INFO: ContentReplace Behavior ::run [ RunTime:0.001273s ]
INFO: TokenBuild Behavior ::run [ RunTime:0.001229s ]
INFO: WriteHtmlCache Behavior ::run [ RunTime:0.000906s ]
INFO: ShowRuntime Behavior ::run [ RunTime:0.000957s ]
INFO: [ view_filter ] --END-- [ RunTime:0.004582s ]
INFO: [ view_end ] --START--
INFO: ShowPageTrace Behavior ::run [ RunTime:0.001141s ]
INFO: [ view_end ] --END-- [ RunTime:0.001208s ]

[ 2014-09-27 08:56:34 ] 203.208.60.146 /index.php
INFO: [ app_begin ] --START--
INFO: ReadHtmlCache Behavior ::run [ RunTime:0.001543s ]
INFO: [ app_begin ] --END-- [ RunTime:0.001654s ]
SQL: SHOW COLUMNS FROM `contents` [ RunTime:0.001925s ]
SQL: SELECT * FROM `contents` WHERE (  enable=1 and cateid=4  ) LIMIT 1   [ RunTime:0.000264s ]
SQL: SELECT * FROM `contents` WHERE (  enable=1 and cateid=1  ) LIMIT 1   [ RunTime:0.000187s ]
NOTIC: [8] Undefined index:  HTTP_ACCEPT_LANGUAGE D:\enkjhost\mayning1\web\home\Lib\Action\UtilAction.class.php 第 96 行.
SQL: SHOW COLUMNS FROM `visters` [ RunTime:0.002641s ]
SQL: INSERT INTO `visters` (`ctime`,`info`,`ip`,`page`) VALUES ('2014-09-27 08:56','中国 北京 北京、OtherEnglish系统、Other浏览器、','203.208.60.146','系统首页') [ RunTime:0.010911s ]
SQL: SHOW COLUMNS FROM `products` [ RunTime:0.002759s ]
SQL: SELECT * FROM `products` WHERE (  enable=1 and state=1  ) ORDER BY  sorts desc  [ RunTime:0.001257s ]
SQL: SELECT * FROM `products` WHERE (  enable=1 and state=2  ) ORDER BY  sorts desc  [ RunTime:0.000878s ]
INFO: [ view_parse ] --START--
INFO: ParseTemplate Behavior ::run [ RunTime:0.021432s ]
INFO: [ view_parse ] --END-- [ RunTime:0.021542s ]
INFO: [ view_filter ] --START--
INFO: ContentReplace Behavior ::run [ RunTime:0.001282s ]
INFO: TokenBuild Behavior ::run [ RunTime:0.001230s ]
INFO: WriteHtmlCache Behavior ::run [ RunTime:0.001050s ]
INFO: ShowRuntime Behavior ::run [ RunTime:0.001372s ]
INFO: [ view_filter ] --END-- [ RunTime:0.005192s ]
INFO: [ view_end ] --START--
INFO: ShowPageTrace Behavior ::run [ RunTime:0.001274s ]
INFO: [ view_end ] --END-- [ RunTime:0.001345s ]

[ 2014-09-27 09:01:36 ] 66.249.64.100 /index.php
INFO: [ app_begin ] --START--
INFO: ReadHtmlCache Behavior ::run [ RunTime:0.001579s ]
INFO: [ app_begin ] --END-- [ RunTime:0.001691s ]
SQL: SHOW COLUMNS FROM `contents` [ RunTime:0.002102s ]
SQL: SELECT * FROM `contents` WHERE (  enable=1 and cateid=4  ) LIMIT 1   [ RunTime:0.000284s ]
SQL: SELECT * FROM `contents` WHERE (  enable=1 and cateid=1  ) LIMIT 1   [ RunTime:0.000187s ]
NOTIC: [8] Undefined index:  HTTP_ACCEPT_LANGUAGE D:\enkjhost\mayning1\web\home\Lib\Action\UtilAction.class.php 第 96 行.
SQL: SHOW COLUMNS FROM `visters` [ RunTime:0.002234s ]
SQL: INSERT INTO `visters` (`ctime`,`info`,`ip`,`page`) VALUES ('2014-09-27 09:01','美国 加利福尼亚 Mountain View、OtherEnglish系统、Other浏览器、','66.249.64.100','系统首页') [ RunTime:0.010250s ]
SQL: SHOW COLUMNS FROM `products` [ RunTime:0.002479s ]
SQL: SELECT * FROM `products` WHERE (  enable=1 and state=1  ) ORDER BY  sorts desc  [ RunTime:0.001306s ]
SQL: SELECT * FROM `products` WHERE (  enable=1 and state=2  ) ORDER BY  sorts desc  [ RunTime:0.000788s ]
INFO: [ view_parse ] --START--
INFO: ParseTemplate Behavior ::run [ RunTime:0.028539s ]
INFO: [ view_parse ] --END-- [ RunTime:0.028639s ]
INFO: [ view_filter ] --START--
INFO: ContentReplace Behavior ::run [ RunTime:0.001014s ]
INFO: TokenBuild Behavior ::run [ RunTime:0.000955s ]
INFO: WriteHtmlCache Behavior ::run [ RunTime:0.000814s ]
INFO: ShowRuntime Behavior ::run [ RunTime:0.001066s ]
INFO: [ view_filter ] --END-- [ RunTime:0.004053s ]
INFO: [ view_end ] --START--
INFO: ShowPageTrace Behavior ::run [ RunTime:0.001270s ]
INFO: [ view_end ] --END-- [ RunTime:0.001345s ]

[ 2014-09-27 09:02:04 ] 203.208.60.243 /index.php
INFO: [ app_begin ] --START--
INFO: ReadHtmlCache Behavior ::run [ RunTime:0.001176s ]
INFO: [ app_begin ] --END-- [ RunTime:0.001260s ]
SQL: SHOW COLUMNS FROM `contents` [ RunTime:0.001974s ]
SQL: SELECT * FROM `contents` WHERE (  enable=1 and cateid=4  ) LIMIT 1   [ RunTime:0.000268s ]
SQL: SELECT * FROM `contents` WHERE (  enable=1 and cateid=1  ) LIMIT 1   [ RunTime:0.000178s ]
NOTIC: [8] Undefined index:  HTTP_ACCEPT_LANGUAGE D:\enkjhost\mayning1\web\home\Lib\Action\UtilAction.class.php 第 96 行.
SQL: SHOW COLUMNS FROM `visters` [ RunTime:0.002224s ]
SQL: INSERT INTO `visters` (`ctime`,`info`,`ip`,`page`) VALUES ('2014-09-27 09:02','中国 北京 北京、OtherEnglish系统、Other浏览器、','203.208.60.243','系统首页') [ RunTime:0.010358s ]
SQL: SHOW COLUMNS FROM `products` [ RunTime:0.002511s ]
SQL: SELECT * FROM `products` WHERE (  enable=1 and state=1  ) ORDER BY  sorts desc  [ RunTime:0.001263s ]
SQL: SELECT * FROM `products` WHERE (  enable=1 and state=2  ) ORDER BY  sorts desc  [ RunTime:0.000855s ]
INFO: [ view_parse ] --START--
INFO: ParseTemplate Behavior ::run [ RunTime:0.021082s ]
INFO: [ view_parse ] --END-- [ RunTime:0.021195s ]
INFO: [ view_filter ] --START--
INFO: ContentReplace Behavior ::run [ RunTime:0.001279s ]
INFO: TokenBuild Behavior ::run [ RunTime:0.001237s ]
INFO: WriteHtmlCache Behavior ::run [ RunTime:0.001053s ]
INFO: ShowRuntime Behavior ::run [ RunTime:0.001381s ]
INFO: [ view_filter ] --END-- [ RunTime:0.005194s ]
INFO: [ view_end ] --START--
INFO: ShowPageTrace Behavior ::run [ RunTime:0.001672s ]
INFO: [ view_end ] --END-- [ RunTime:0.001766s ]

[ 2014-09-27 09:37:02 ] 75.98.9.249 /index.php
INFO: [ app_begin ] --START--
INFO: ReadHtmlCache Behavior ::run [ RunTime:0.001562s ]
INFO: [ app_begin ] --END-- [ RunTime:0.001671s ]
SQL: SHOW COLUMNS FROM `contents` [ RunTime:0.002682s ]
SQL: SELECT * FROM `contents` WHERE (  enable=1 and cateid=4  ) LIMIT 1   [ RunTime:0.000378s ]
SQL: SELECT * FROM `contents` WHERE (  enable=1 and cateid=1  ) LIMIT 1   [ RunTime:0.000332s ]
NOTIC: [8] Undefined index:  HTTP_ACCEPT_LANGUAGE D:\enkjhost\mayning1\web\home\Lib\Action\UtilAction.class.php 第 96 行.
SQL: SHOW COLUMNS FROM `visters` [ RunTime:0.002714s ]
SQL: INSERT INTO `visters` (`ctime`,`info`,`ip`,`page`) VALUES ('2014-09-27 09:37','美国 佐治亚州 Atlanta、OtherEnglish系统、Other浏览器、','75.98.9.249','系统首页') [ RunTime:0.010526s ]
SQL: SHOW COLUMNS FROM `products` [ RunTime:0.002620s ]
SQL: SELECT * FROM `products` WHERE (  enable=1 and state=1  ) ORDER BY  sorts desc  [ RunTime:0.001001s ]
SQL: SELECT * FROM `products` WHERE (  enable=1 and state=2  ) ORDER BY  sorts desc  [ RunTime:0.000708s ]
INFO: [ view_parse ] --START--
INFO: ParseTemplate Behavior ::run [ RunTime:0.021263s ]
INFO: [ view_parse ] --END-- [ RunTime:0.021376s ]
INFO: [ view_filter ] --START--
INFO: ContentReplace Behavior ::run [ RunTime:0.001308s ]
INFO: TokenBuild Behavior ::run [ RunTime:0.001251s ]
INFO: WriteHtmlCache Behavior ::run [ RunTime:0.001067s ]
INFO: ShowRuntime Behavior ::run [ RunTime:0.001398s ]
INFO: [ view_filter ] --END-- [ RunTime:0.005272s ]
INFO: [ view_end ] --START--
INFO: ShowPageTrace Behavior ::run [ RunTime:0.001652s ]
INFO: [ view_end ] --END-- [ RunTime:0.001750s ]

[ 2014-09-27 12:53:32 ] 185.10.104.131 /index.php/Index/productInfo?id=109
INFO: [ route_check ] --START--
INFO: CheckRoute Behavior ::run [ RunTime:0.002030s ]
INFO: [ route_check ] --END-- [ RunTime:0.002149s ]
INFO: [ app_begin ] --START--
INFO: ReadHtmlCache Behavior ::run [ RunTime:0.001546s ]
INFO: [ app_begin ] --END-- [ RunTime:0.001640s ]
SQL: SHOW COLUMNS FROM `contents` [ RunTime:0.002160s ]
SQL: SELECT * FROM `contents` WHERE (  enable=1 and cateid=4  ) LIMIT 1   [ RunTime:0.000277s ]
SQL: SELECT * FROM `contents` WHERE (  enable=1 and cateid=1  ) LIMIT 1   [ RunTime:0.000193s ]
SQL: SHOW COLUMNS FROM `visters` [ RunTime:0.002339s ]
SQL: INSERT INTO `visters` (`ctime`,`info`,`ip`,`page`) VALUES ('2014-09-27 12:53','欧盟  、WindowsEnglish系统、Firefox浏览器、','185.10.104.131','产品详情页面') [ RunTime:0.008984s ]
SQL: SHOW COLUMNS FROM `procate` [ RunTime:0.002471s ]
SQL: SHOW COLUMNS FROM `products` [ RunTime:0.002586s ]
NOTIC: [8] Undefined index:  procate D:\enkjhost\mayning1\web\home\Lib\Action\IndexAction.class.php 第 243 行.
NOTIC: [8] Undefined index:  procate2 D:\enkjhost\mayning1\web\home\Lib\Action\IndexAction.class.php 第 244 行.
SQL: SELECT * FROM `procate` WHERE ( id=%d ) LIMIT 1   [ RunTime:0.000184s ]
ERR: 1064:You have an error in your SQL syntax; check the manual that corresponds to your MySQL server version for the right syntax to use near '%d ) LIMIT 1' at line 1
 [ SQL语句 ] : SELECT * FROM `procate` WHERE ( id=%d ) LIMIT 1  
SQL: SELECT * FROM `procate` WHERE ( id=%d ) LIMIT 1   [ RunTime:0.000185s ]
ERR: 1064:You have an error in your SQL syntax; check the manual that corresponds to your MySQL server version for the right syntax to use near '%d ) LIMIT 1' at line 1
 [ SQL语句 ] : SELECT * FROM `procate` WHERE ( id=%d ) LIMIT 1  
SQL: SELECT * FROM `procate` WHERE (  enable =1 and pid=0  )  [ RunTime:0.000374s ]
SQL: SELECT * FROM `products` WHERE (  id=109 ) LIMIT 1   [ RunTime:0.000555s ]
SQL: SELECT * FROM `procate` WHERE ( id=30 ) LIMIT 1   [ RunTime:0.000253s ]
SQL: SELECT * FROM `procate` WHERE ( id=20 ) LIMIT 1   [ RunTime:0.000221s ]
INFO: [ view_parse ] --START--
INFO: ParseTemplate Behavior ::run [ RunTime:0.026965s ]
INFO: [ view_parse ] --END-- [ RunTime:0.027057s ]
INFO: [ view_filter ] --START--
INFO: ContentReplace Behavior ::run [ RunTime:0.000994s ]
INFO: TokenBuild Behavior ::run [ RunTime:0.000883s ]
INFO: WriteHtmlCache Behavior ::run [ RunTime:0.000733s ]
INFO: ShowRuntime Behavior ::run [ RunTime:0.000980s ]
INFO: [ view_filter ] --END-- [ RunTime:0.003761s ]
INFO: [ view_end ] --START--
INFO: ShowPageTrace Behavior ::run [ RunTime:0.001176s ]
INFO: [ view_end ] --END-- [ RunTime:0.001244s ]

[ 2014-09-27 13:04:41 ] 123.125.71.18 /index.php/Index/productInfo?id=33
INFO: [ route_check ] --START--
INFO: CheckRoute Behavior ::run [ RunTime:0.002011s ]
INFO: [ route_check ] --END-- [ RunTime:0.002124s ]
INFO: [ app_begin ] --START--
INFO: ReadHtmlCache Behavior ::run [ RunTime:0.001525s ]
INFO: [ app_begin ] --END-- [ RunTime:0.001621s ]
SQL: SHOW COLUMNS FROM `contents` [ RunTime:0.002327s ]
SQL: SELECT * FROM `contents` WHERE (  enable=1 and cateid=4  ) LIMIT 1   [ RunTime:0.000287s ]
SQL: SELECT * FROM `contents` WHERE (  enable=1 and cateid=1  ) LIMIT 1   [ RunTime:0.000237s ]
SQL: SHOW COLUMNS FROM `visters` [ RunTime:0.002541s ]
SQL: INSERT INTO `visters` (`ctime`,`info`,`ip`,`page`) VALUES ('2014-09-27 13:04','中国 北京 北京、Other简体中文系统、Other浏览器、','123.125.71.18','产品详情页面') [ RunTime:0.009411s ]
SQL: SHOW COLUMNS FROM `procate` [ RunTime:0.002604s ]
SQL: SHOW COLUMNS FROM `products` [ RunTime:0.002300s ]
NOTIC: [8] Undefined index:  procate D:\enkjhost\mayning1\web\home\Lib\Action\IndexAction.class.php 第 243 行.
NOTIC: [8] Undefined index:  procate2 D:\enkjhost\mayning1\web\home\Lib\Action\IndexAction.class.php 第 244 行.
SQL: SELECT * FROM `procate` WHERE ( id=%d ) LIMIT 1   [ RunTime:0.000186s ]
ERR: 1064:You have an error in your SQL syntax; check the manual that corresponds to your MySQL server version for the right syntax to use near '%d ) LIMIT 1' at line 1
 [ SQL语句 ] : SELECT * FROM `procate` WHERE ( id=%d ) LIMIT 1  
SQL: SELECT * FROM `procate` WHERE ( id=%d ) LIMIT 1   [ RunTime:0.000169s ]
ERR: 1064:You have an error in your SQL syntax; check the manual that corresponds to your MySQL server version for the right syntax to use near '%d ) LIMIT 1' at line 1
 [ SQL语句 ] : SELECT * FROM `procate` WHERE ( id=%d ) LIMIT 1  
SQL: SELECT * FROM `procate` WHERE (  enable =1 and pid=0  )  [ RunTime:0.000375s ]
SQL: SELECT * FROM `products` WHERE (  id=33 ) LIMIT 1   [ RunTime:0.000313s ]
SQL: SELECT * FROM `procate` WHERE ( id=25 ) LIMIT 1   [ RunTime:0.000270s ]
SQL: SELECT * FROM `procate` WHERE ( id=0 ) LIMIT 1   [ RunTime:0.000253s ]
INFO: [ view_parse ] --START--
INFO: ParseTemplate Behavior ::run [ RunTime:0.021910s ]
INFO: [ view_parse ] --END-- [ RunTime:0.022017s ]
INFO: [ view_filter ] --START--
INFO: ContentReplace Behavior ::run [ RunTime:0.001289s ]
INFO: TokenBuild Behavior ::run [ RunTime:0.001255s ]
INFO: WriteHtmlCache Behavior ::run [ RunTime:0.001087s ]
INFO: ShowRuntime Behavior ::run [ RunTime:0.001203s ]
INFO: [ view_filter ] --END-- [ RunTime:0.005068s ]
INFO: [ view_end ] --START--
INFO: ShowPageTrace Behavior ::run [ RunTime:0.001290s ]
INFO: [ view_end ] --END-- [ RunTime:0.001363s ]

[ 2014-09-27 15:41:30 ] 123.125.71.77 /index.php/Index/product?procate=15
INFO: [ route_check ] --START--
INFO: CheckRoute Behavior ::run [ RunTime:0.002010s ]
INFO: [ route_check ] --END-- [ RunTime:0.002117s ]
INFO: [ app_begin ] --START--
INFO: ReadHtmlCache Behavior ::run [ RunTime:0.001524s ]
INFO: [ app_begin ] --END-- [ RunTime:0.001617s ]
SQL: SHOW COLUMNS FROM `contents` [ RunTime:0.002110s ]
SQL: SELECT * FROM `contents` WHERE (  enable=1 and cateid=4  ) LIMIT 1   [ RunTime:0.000272s ]
SQL: SELECT * FROM `contents` WHERE (  enable=1 and cateid=1  ) LIMIT 1   [ RunTime:0.000191s ]
SQL: SHOW COLUMNS FROM `visters` [ RunTime:0.002428s ]
SQL: INSERT INTO `visters` (`ctime`,`info`,`ip`,`page`) VALUES ('2014-09-27 15:41','中国 北京 北京、Other简体中文系统、Other浏览器、','123.125.71.77','产品页面') [ RunTime:0.010668s ]
SQL: SHOW COLUMNS FROM `procate` [ RunTime:0.002745s ]
SQL: SHOW COLUMNS FROM `products` [ RunTime:0.002551s ]
NOTIC: [8] Undefined index:  procate2 D:\enkjhost\mayning1\web\home\Lib\Action\IndexAction.class.php 第 176 行.
SQL: SELECT * FROM `procate` WHERE ( id=15 ) LIMIT 1   [ RunTime:0.000286s ]
SQL: SELECT * FROM `procate` WHERE ( id=%d ) LIMIT 1   [ RunTime:0.000152s ]
ERR: 1064:You have an error in your SQL syntax; check the manual that corresponds to your MySQL server version for the right syntax to use near '%d ) LIMIT 1' at line 1
 [ SQL语句 ] : SELECT * FROM `procate` WHERE ( id=%d ) LIMIT 1  
SQL: SELECT * FROM `procate` WHERE ( pid=15 )  [ RunTime:0.000333s ]
SQL: select count(*) as count from products a left join procate b on a.proid = b.id where 1=1 and a.enable=1 and b.enable=1  and ( b.pid=15 or b.id=15) [ RunTime:0.000654s ]
SQL: select a.id,a.title,a.info,a.imgs,a.ctime from products a left join procate b on a.proid = b.id where 1=1 and a.enable=1 and b.enable=1  and ( b.pid=15 or b.id=15) order by a.sorts desc limit 0,9 [ RunTime:0.001369s ]
SQL: SELECT * FROM `procate` WHERE (  enable =1 and pid=0  )  [ RunTime:0.000384s ]
INFO: [ view_parse ] --START--
INFO: ParseTemplate Behavior ::run [ RunTime:0.022442s ]
INFO: [ view_parse ] --END-- [ RunTime:0.022529s ]
INFO: [ view_filter ] --START--
INFO: ContentReplace Behavior ::run [ RunTime:0.000896s ]
INFO: TokenBuild Behavior ::run [ RunTime:0.000861s ]
INFO: WriteHtmlCache Behavior ::run [ RunTime:0.000727s ]
INFO: ShowRuntime Behavior ::run [ RunTime:0.000952s ]
INFO: [ view_filter ] --END-- [ RunTime:0.003608s ]
INFO: [ view_end ] --START--
INFO: ShowPageTrace Behavior ::run [ RunTime:0.001140s ]
INFO: [ view_end ] --END-- [ RunTime:0.001206s ]

[ 2014-09-27 17:15:03 ] 61.135.190.100 /index.php
INFO: [ app_begin ] --START--
INFO: ReadHtmlCache Behavior ::run [ RunTime:0.001550s ]
INFO: [ app_begin ] --END-- [ RunTime:0.001660s ]
SQL: SHOW COLUMNS FROM `contents` [ RunTime:0.002257s ]
SQL: SELECT * FROM `contents` WHERE (  enable=1 and cateid=4  ) LIMIT 1   [ RunTime:0.000258s ]
SQL: SELECT * FROM `contents` WHERE (  enable=1 and cateid=1  ) LIMIT 1   [ RunTime:0.000192s ]
SQL: SHOW COLUMNS FROM `visters` [ RunTime:0.002419s ]
SQL: INSERT INTO `visters` (`ctime`,`info`,`ip`,`page`) VALUES ('2014-09-27 17:15','中国 北京 北京、WindowsEnglish系统、Firefox浏览器、','61.135.190.100','系统首页') [ RunTime:0.010182s ]
SQL: SHOW COLUMNS FROM `products` [ RunTime:0.002538s ]
SQL: SELECT * FROM `products` WHERE (  enable=1 and state=1  ) ORDER BY  sorts desc  [ RunTime:0.001235s ]
SQL: SELECT * FROM `products` WHERE (  enable=1 and state=2  ) ORDER BY  sorts desc  [ RunTime:0.000879s ]
INFO: [ view_parse ] --START--
INFO: ParseTemplate Behavior ::run [ RunTime:0.021420s ]
INFO: [ view_parse ] --END-- [ RunTime:0.021546s ]
INFO: [ view_filter ] --START--
INFO: ContentReplace Behavior ::run [ RunTime:0.001307s ]
INFO: TokenBuild Behavior ::run [ RunTime:0.001248s ]
INFO: WriteHtmlCache Behavior ::run [ RunTime:0.001089s ]
INFO: ShowRuntime Behavior ::run [ RunTime:0.001407s ]
INFO: [ view_filter ] --END-- [ RunTime:0.005302s ]
INFO: [ view_end ] --START--
INFO: ShowPageTrace Behavior ::run [ RunTime:0.001557s ]
INFO: [ view_end ] --END-- [ RunTime:0.001641s ]

[ 2014-09-27 17:21:05 ] 220.181.108.88 /index.php/Index/productInfo?id=58
INFO: [ route_check ] --START--
INFO: CheckRoute Behavior ::run [ RunTime:0.002053s ]
INFO: [ route_check ] --END-- [ RunTime:0.002165s ]
INFO: [ app_begin ] --START--
INFO: ReadHtmlCache Behavior ::run [ RunTime:0.001561s ]
INFO: [ app_begin ] --END-- [ RunTime:0.001655s ]
SQL: SHOW COLUMNS FROM `contents` [ RunTime:0.002647s ]
SQL: SELECT * FROM `contents` WHERE (  enable=1 and cateid=4  ) LIMIT 1   [ RunTime:0.000380s ]
SQL: SELECT * FROM `contents` WHERE (  enable=1 and cateid=1  ) LIMIT 1   [ RunTime:0.000305s ]
SQL: SHOW COLUMNS FROM `visters` [ RunTime:0.002622s ]
SQL: INSERT INTO `visters` (`ctime`,`info`,`ip`,`page`) VALUES ('2014-09-27 17:21','中国 北京 北京、Other简体中文系统、Other浏览器、','220.181.108.88','产品详情页面') [ RunTime:0.010283s ]
SQL: SHOW COLUMNS FROM `procate` [ RunTime:0.002739s ]
SQL: SHOW COLUMNS FROM `products` [ RunTime:0.002285s ]
NOTIC: [8] Undefined index:  procate D:\enkjhost\mayning1\web\home\Lib\Action\IndexAction.class.php 第 243 行.
NOTIC: [8] Undefined index:  procate2 D:\enkjhost\mayning1\web\home\Lib\Action\IndexAction.class.php 第 244 行.
SQL: SELECT * FROM `procate` WHERE ( id=%d ) LIMIT 1   [ RunTime:0.000180s ]
ERR: 1064:You have an error in your SQL syntax; check the manual that corresponds to your MySQL server version for the right syntax to use near '%d ) LIMIT 1' at line 1
 [ SQL语句 ] : SELECT * FROM `procate` WHERE ( id=%d ) LIMIT 1  
SQL: SELECT * FROM `procate` WHERE ( id=%d ) LIMIT 1   [ RunTime:0.000167s ]
ERR: 1064:You have an error in your SQL syntax; check the manual that corresponds to your MySQL server version for the right syntax to use near '%d ) LIMIT 1' at line 1
 [ SQL语句 ] : SELECT * FROM `procate` WHERE ( id=%d ) LIMIT 1  
SQL: SELECT * FROM `procate` WHERE (  enable =1 and pid=0  )  [ RunTime:0.000363s ]
SQL: SELECT * FROM `products` WHERE (  id=58 ) LIMIT 1   [ RunTime:0.000316s ]
SQL: SELECT * FROM `procate` WHERE ( id=21 ) LIMIT 1   [ RunTime:0.000268s ]
SQL: SELECT * FROM `procate` WHERE ( id=0 ) LIMIT 1   [ RunTime:0.000250s ]
INFO: [ view_parse ] --START--
INFO: ParseTemplate Behavior ::run [ RunTime:0.022243s ]
INFO: [ view_parse ] --END-- [ RunTime:0.022367s ]
INFO: [ view_filter ] --START--
INFO: ContentReplace Behavior ::run [ RunTime:0.001301s ]
INFO: TokenBuild Behavior ::run [ RunTime:0.001248s ]
INFO: WriteHtmlCache Behavior ::run [ RunTime:0.001057s ]
INFO: ShowRuntime Behavior ::run [ RunTime:0.001380s ]
INFO: [ view_filter ] --END-- [ RunTime:0.005232s ]
INFO: [ view_end ] --START--
INFO: ShowPageTrace Behavior ::run [ RunTime:0.001641s ]
INFO: [ view_end ] --END-- [ RunTime:0.001737s ]

[ 2014-09-27 18:27:44 ] 123.125.71.49 /index.php/Index/product?procate=22&procate2=34
INFO: [ route_check ] --START--
INFO: CheckRoute Behavior ::run [ RunTime:0.001703s ]
INFO: [ route_check ] --END-- [ RunTime:0.001796s ]
INFO: [ app_begin ] --START--
INFO: ReadHtmlCache Behavior ::run [ RunTime:0.001281s ]
INFO: [ app_begin ] --END-- [ RunTime:0.001360s ]
SQL: SHOW COLUMNS FROM `contents` [ RunTime:0.002201s ]
SQL: SELECT * FROM `contents` WHERE (  enable=1 and cateid=4  ) LIMIT 1   [ RunTime:0.000282s ]
SQL: SELECT * FROM `contents` WHERE (  enable=1 and cateid=1  ) LIMIT 1   [ RunTime:0.000222s ]
SQL: SHOW COLUMNS FROM `visters` [ RunTime:0.002906s ]
SQL: INSERT INTO `visters` (`ctime`,`info`,`ip`,`page`) VALUES ('2014-09-27 18:27','中国 北京 北京、Other简体中文系统、Other浏览器、','123.125.71.49','产品页面') [ RunTime:0.009034s ]
SQL: SHOW COLUMNS FROM `procate` [ RunTime:0.002643s ]
SQL: SHOW COLUMNS FROM `products` [ RunTime:0.002748s ]
SQL: SELECT * FROM `procate` WHERE ( id=22 ) LIMIT 1   [ RunTime:0.000275s ]
SQL: SELECT * FROM `procate` WHERE ( id=34 ) LIMIT 1   [ RunTime:0.000231s ]
SQL: SELECT * FROM `procate` WHERE ( pid=22 )  [ RunTime:0.000315s ]
SQL: select count(*) as count from products a left join procate b on a.proid = b.id where 1=1 and a.enable=1 and b.enable=1  and ( b.pid=34 or b.id=34) [ RunTime:0.000636s ]
SQL: select a.id,a.title,a.info,a.imgs,a.ctime from products a left join procate b on a.proid = b.id where 1=1 and a.enable=1 and b.enable=1  and ( b.pid=34 or b.id=34) order by a.sorts desc limit 0,9 [ RunTime:0.001071s ]
SQL: SELECT * FROM `procate` WHERE (  enable =1 and pid=0  )  [ RunTime:0.000311s ]
INFO: [ view_parse ] --START--
INFO: ParseTemplate Behavior ::run [ RunTime:0.024405s ]
INFO: [ view_parse ] --END-- [ RunTime:0.024507s ]
INFO: [ view_filter ] --START--
INFO: ContentReplace Behavior ::run [ RunTime:0.001087s ]
INFO: TokenBuild Behavior ::run [ RunTime:0.001046s ]
INFO: WriteHtmlCache Behavior ::run [ RunTime:0.000886s ]
INFO: ShowRuntime Behavior ::run [ RunTime:0.001154s ]
INFO: [ view_filter ] --END-- [ RunTime:0.004379s ]
INFO: [ view_end ] --START--
INFO: ShowPageTrace Behavior ::run [ RunTime:0.001380s ]
INFO: [ view_end ] --END-- [ RunTime:0.001459s ]

[ 2014-09-27 19:27:29 ] 62.210.78.209 /index.php
INFO: [ app_begin ] --START--
INFO: ReadHtmlCache Behavior ::run [ RunTime:0.001191s ]
INFO: [ app_begin ] --END-- [ RunTime:0.001277s ]
SQL: SHOW COLUMNS FROM `contents` [ RunTime:0.002097s ]
SQL: SELECT * FROM `contents` WHERE (  enable=1 and cateid=4  ) LIMIT 1   [ RunTime:0.000290s ]
SQL: SELECT * FROM `contents` WHERE (  enable=1 and cateid=1  ) LIMIT 1   [ RunTime:0.000202s ]
NOTIC: [8] Undefined index:  HTTP_ACCEPT_LANGUAGE D:\enkjhost\mayning1\web\home\Lib\Action\UtilAction.class.php 第 96 行.
SQL: SHOW COLUMNS FROM `visters` [ RunTime:0.002789s ]
SQL: INSERT INTO `visters` (`ctime`,`info`,`ip`,`page`) VALUES ('2014-09-27 19:27','法国  、WindowsEnglish系统、MSIE浏览器、','62.210.78.209','系统首页') [ RunTime:0.009338s ]
SQL: SHOW COLUMNS FROM `products` [ RunTime:0.002741s ]
SQL: SELECT * FROM `products` WHERE (  enable=1 and state=1  ) ORDER BY  sorts desc  [ RunTime:0.001304s ]
SQL: SELECT * FROM `products` WHERE (  enable=1 and state=2  ) ORDER BY  sorts desc  [ RunTime:0.000936s ]
INFO: [ view_parse ] --START--
INFO: ParseTemplate Behavior ::run [ RunTime:0.021422s ]
INFO: [ view_parse ] --END-- [ RunTime:0.021535s ]
INFO: [ view_filter ] --START--
INFO: ContentReplace Behavior ::run [ RunTime:0.001312s ]
INFO: TokenBuild Behavior ::run [ RunTime:0.001245s ]
INFO: WriteHtmlCache Behavior ::run [ RunTime:0.001056s ]
INFO: ShowRuntime Behavior ::run [ RunTime:0.001383s ]
INFO: [ view_filter ] --END-- [ RunTime:0.005242s ]
INFO: [ view_end ] --START--
INFO: ShowPageTrace Behavior ::run [ RunTime:0.001632s ]
INFO: [ view_end ] --END-- [ RunTime:0.001725s ]

[ 2014-09-27 22:00:23 ] 66.249.65.66 /index.php
INFO: [ app_begin ] --START--
INFO: ReadHtmlCache Behavior ::run [ RunTime:0.001550s ]
INFO: [ app_begin ] --END-- [ RunTime:0.001657s ]
SQL: SHOW COLUMNS FROM `contents` [ RunTime:0.002148s ]
SQL: SELECT * FROM `contents` WHERE (  enable=1 and cateid=4  ) LIMIT 1   [ RunTime:0.000267s ]
SQL: SELECT * FROM `contents` WHERE (  enable=1 and cateid=1  ) LIMIT 1   [ RunTime:0.000207s ]
NOTIC: [8] Undefined index:  HTTP_ACCEPT_LANGUAGE D:\enkjhost\mayning1\web\home\Lib\Action\UtilAction.class.php 第 96 行.
SQL: SHOW COLUMNS FROM `visters` [ RunTime:0.002383s ]
SQL: INSERT INTO `visters` (`ctime`,`info`,`ip`,`page`) VALUES ('2014-09-27 22:00','美国 加利福尼亚 Mountain View、OtherEnglish系统、Other浏览器、','66.249.65.66','系统首页') [ RunTime:0.009077s ]
SQL: SHOW COLUMNS FROM `products` [ RunTime:0.002573s ]
SQL: SELECT * FROM `products` WHERE (  enable=1 and state=1  ) ORDER BY  sorts desc  [ RunTime:0.001302s ]
SQL: SELECT * FROM `products` WHERE (  enable=1 and state=2  ) ORDER BY  sorts desc  [ RunTime:0.000917s ]
INFO: [ view_parse ] --START--
INFO: ParseTemplate Behavior ::run [ RunTime:0.020422s ]
INFO: [ view_parse ] --END-- [ RunTime:0.020515s ]
INFO: [ view_filter ] --START--
INFO: ContentReplace Behavior ::run [ RunTime:0.000982s ]
INFO: TokenBuild Behavior ::run [ RunTime:0.000954s ]
INFO: WriteHtmlCache Behavior ::run [ RunTime:0.000811s ]
INFO: ShowRuntime Behavior ::run [ RunTime:0.001079s ]
INFO: [ view_filter ] --END-- [ RunTime:0.004012s ]
INFO: [ view_end ] --START--
INFO: ShowPageTrace Behavior ::run [ RunTime:0.001262s ]
INFO: [ view_end ] --END-- [ RunTime:0.001334s ]

[ 2014-09-27 22:00:53 ] 203.208.60.129 /index.php
INFO: [ app_begin ] --START--
INFO: ReadHtmlCache Behavior ::run [ RunTime:0.001545s ]
INFO: [ app_begin ] --END-- [ RunTime:0.001657s ]
SQL: SHOW COLUMNS FROM `contents` [ RunTime:0.002063s ]
SQL: SELECT * FROM `contents` WHERE (  enable=1 and cateid=4  ) LIMIT 1   [ RunTime:0.000265s ]
SQL: SELECT * FROM `contents` WHERE (  enable=1 and cateid=1  ) LIMIT 1   [ RunTime:0.000218s ]
NOTIC: [8] Undefined index:  HTTP_ACCEPT_LANGUAGE D:\enkjhost\mayning1\web\home\Lib\Action\UtilAction.class.php 第 96 行.
SQL: SHOW COLUMNS FROM `visters` [ RunTime:0.002693s ]
SQL: INSERT INTO `visters` (`ctime`,`info`,`ip`,`page`) VALUES ('2014-09-27 22:00','中国 北京 北京、OtherEnglish系统、Other浏览器、','203.208.60.129','系统首页') [ RunTime:0.010700s ]
SQL: SHOW COLUMNS FROM `products` [ RunTime:0.002716s ]
SQL: SELECT * FROM `products` WHERE (  enable=1 and state=1  ) ORDER BY  sorts desc  [ RunTime:0.000921s ]
SQL: SELECT * FROM `products` WHERE (  enable=1 and state=2  ) ORDER BY  sorts desc  [ RunTime:0.000709s ]
INFO: [ view_parse ] --START--
INFO: ParseTemplate Behavior ::run [ RunTime:0.021205s ]
INFO: [ view_parse ] --END-- [ RunTime:0.021323s ]
INFO: [ view_filter ] --START--
INFO: ContentReplace Behavior ::run [ RunTime:0.001296s ]
INFO: TokenBuild Behavior ::run [ RunTime:0.000946s ]
INFO: WriteHtmlCache Behavior ::run [ RunTime:0.000811s ]
INFO: ShowRuntime Behavior ::run [ RunTime:0.001056s ]
INFO: [ view_filter ] --END-- [ RunTime:0.004311s ]
INFO: [ view_end ] --START--
INFO: ShowPageTrace Behavior ::run [ RunTime:0.001276s ]
INFO: [ view_end ] --END-- [ RunTime:0.001347s ]

[ 2014-09-27 22:06:21 ] 66.249.65.62 /index.php
INFO: [ app_begin ] --START--
INFO: ReadHtmlCache Behavior ::run [ RunTime:0.001185s ]
INFO: [ app_begin ] --END-- [ RunTime:0.001271s ]
SQL: SHOW COLUMNS FROM `contents` [ RunTime:0.002129s ]
SQL: SELECT * FROM `contents` WHERE (  enable=1 and cateid=4  ) LIMIT 1   [ RunTime:0.000263s ]
SQL: SELECT * FROM `contents` WHERE (  enable=1 and cateid=1  ) LIMIT 1   [ RunTime:0.000198s ]
NOTIC: [8] Undefined index:  HTTP_ACCEPT_LANGUAGE D:\enkjhost\mayning1\web\home\Lib\Action\UtilAction.class.php 第 96 行.
SQL: SHOW COLUMNS FROM `visters` [ RunTime:0.002246s ]
SQL: INSERT INTO `visters` (`ctime`,`info`,`ip`,`page`) VALUES ('2014-09-27 22:06','美国 加利福尼亚 Mountain View、OtherEnglish系统、Other浏览器、','66.249.65.62','系统首页') [ RunTime:0.011118s ]
SQL: SHOW COLUMNS FROM `products` [ RunTime:0.002384s ]
SQL: SELECT * FROM `products` WHERE (  enable=1 and state=1  ) ORDER BY  sorts desc  [ RunTime:0.001230s ]
SQL: SELECT * FROM `products` WHERE (  enable=1 and state=2  ) ORDER BY  sorts desc  [ RunTime:0.000839s ]
INFO: [ view_parse ] --START--
INFO: ParseTemplate Behavior ::run [ RunTime:0.020271s ]
INFO: [ view_parse ] --END-- [ RunTime:0.020372s ]
INFO: [ view_filter ] --START--
INFO: ContentReplace Behavior ::run [ RunTime:0.001084s ]
INFO: TokenBuild Behavior ::run [ RunTime:0.001049s ]
INFO: WriteHtmlCache Behavior ::run [ RunTime:0.000888s ]
INFO: ShowRuntime Behavior ::run [ RunTime:0.001165s ]
INFO: [ view_filter ] --END-- [ RunTime:0.004395s ]
INFO: [ view_end ] --START--
INFO: ShowPageTrace Behavior ::run [ RunTime:0.001379s ]
INFO: [ view_end ] --END-- [ RunTime:0.001459s ]

[ 2014-09-27 22:06:48 ] 203.208.60.164 /index.php
INFO: [ app_begin ] --START--
INFO: ReadHtmlCache Behavior ::run [ RunTime:0.001462s ]
INFO: [ app_begin ] --END-- [ RunTime:0.001559s ]
SQL: SHOW COLUMNS FROM `contents` [ RunTime:0.001951s ]
SQL: SELECT * FROM `contents` WHERE (  enable=1 and cateid=4  ) LIMIT 1   [ RunTime:0.000256s ]
SQL: SELECT * FROM `contents` WHERE (  enable=1 and cateid=1  ) LIMIT 1   [ RunTime:0.000186s ]
NOTIC: [8] Undefined index:  HTTP_ACCEPT_LANGUAGE D:\enkjhost\mayning1\web\home\Lib\Action\UtilAction.class.php 第 96 行.
SQL: SHOW COLUMNS FROM `visters` [ RunTime:0.002173s ]
SQL: INSERT INTO `visters` (`ctime`,`info`,`ip`,`page`) VALUES ('2014-09-27 22:06','中国 北京 北京、OtherEnglish系统、Other浏览器、','203.208.60.164','系统首页') [ RunTime:0.183367s ]
SQL: SHOW COLUMNS FROM `products` [ RunTime:0.005544s ]
SQL: SELECT * FROM `products` WHERE (  enable=1 and state=1  ) ORDER BY  sorts desc  [ RunTime:0.001249s ]
SQL: SELECT * FROM `products` WHERE (  enable=1 and state=2  ) ORDER BY  sorts desc  [ RunTime:0.000887s ]
INFO: [ view_parse ] --START--
INFO: ParseTemplate Behavior ::run [ RunTime:0.020144s ]
INFO: [ view_parse ] --END-- [ RunTime:0.020240s ]
INFO: [ view_filter ] --START--
INFO: ContentReplace Behavior ::run [ RunTime:0.000979s ]
INFO: TokenBuild Behavior ::run [ RunTime:0.000945s ]
INFO: WriteHtmlCache Behavior ::run [ RunTime:0.000808s ]
INFO: ShowRuntime Behavior ::run [ RunTime:0.001058s ]
INFO: [ view_filter ] --END-- [ RunTime:0.003976s ]
INFO: [ view_end ] --START--
INFO: ShowPageTrace Behavior ::run [ RunTime:0.001245s ]
INFO: [ view_end ] --END-- [ RunTime:0.001318s ]

[ 2014-09-27 22:21:07 ] 220.181.51.105 /index.php
INFO: [ app_begin ] --START--
INFO: ReadHtmlCache Behavior ::run [ RunTime:0.001549s ]
INFO: [ app_begin ] --END-- [ RunTime:0.001657s ]
SQL: SHOW COLUMNS FROM `contents` [ RunTime:0.002117s ]
SQL: SELECT * FROM `contents` WHERE (  enable=1 and cateid=4  ) LIMIT 1   [ RunTime:0.000269s ]
SQL: SELECT * FROM `contents` WHERE (  enable=1 and cateid=1  ) LIMIT 1   [ RunTime:0.000210s ]
NOTIC: [8] Undefined index:  HTTP_ACCEPT_LANGUAGE D:\enkjhost\mayning1\web\home\Lib\Action\UtilAction.class.php 第 96 行.
SQL: SHOW COLUMNS FROM `visters` [ RunTime:0.002252s ]
SQL: INSERT INTO `visters` (`ctime`,`info`,`ip`,`page`) VALUES ('2014-09-27 22:21','中国 北京 北京、WindowsEnglish系统、Firefox浏览器、','220.181.51.105','系统首页') [ RunTime:0.010399s ]
SQL: SHOW COLUMNS FROM `products` [ RunTime:0.002417s ]
SQL: SELECT * FROM `products` WHERE (  enable=1 and state=1  ) ORDER BY  sorts desc  [ RunTime:0.001279s ]
SQL: SELECT * FROM `products` WHERE (  enable=1 and state=2  ) ORDER BY  sorts desc  [ RunTime:0.000786s ]
INFO: [ view_parse ] --START--
INFO: ParseTemplate Behavior ::run [ RunTime:0.021071s ]
INFO: [ view_parse ] --END-- [ RunTime:0.021183s ]
INFO: [ view_filter ] --START--
INFO: ContentReplace Behavior ::run [ RunTime:0.001304s ]
INFO: TokenBuild Behavior ::run [ RunTime:0.001180s ]
INFO: WriteHtmlCache Behavior ::run [ RunTime:0.000814s ]
INFO: ShowRuntime Behavior ::run [ RunTime:0.001054s ]
INFO: [ view_filter ] --END-- [ RunTime:0.004566s ]
INFO: [ view_end ] --START--
INFO: ShowPageTrace Behavior ::run [ RunTime:0.001254s ]
INFO: [ view_end ] --END-- [ RunTime:0.001324s ]

[ 2014-09-27 22:21:07 ] 220.181.51.102 /index.php
INFO: [ app_begin ] --START--
INFO: ReadHtmlCache Behavior ::run [ RunTime:0.001179s ]
INFO: [ app_begin ] --END-- [ RunTime:0.001258s ]
SQL: SHOW COLUMNS FROM `contents` [ RunTime:0.001984s ]
SQL: SELECT * FROM `contents` WHERE (  enable=1 and cateid=4  ) LIMIT 1   [ RunTime:0.000313s ]
SQL: SELECT * FROM `contents` WHERE (  enable=1 and cateid=1  ) LIMIT 1   [ RunTime:0.000234s ]
NOTIC: [8] Undefined index:  HTTP_ACCEPT_LANGUAGE D:\enkjhost\mayning1\web\home\Lib\Action\UtilAction.class.php 第 96 行.
SQL: SHOW COLUMNS FROM `visters` [ RunTime:0.002261s ]
SQL: INSERT INTO `visters` (`ctime`,`info`,`ip`,`page`) VALUES ('2014-09-27 22:21','中国 北京 北京、WindowsEnglish系统、Firefox浏览器、','220.181.51.102','系统首页') [ RunTime:0.010361s ]
SQL: SHOW COLUMNS FROM `products` [ RunTime:0.001921s ]
SQL: SELECT * FROM `products` WHERE (  enable=1 and state=1  ) ORDER BY  sorts desc  [ RunTime:0.000704s ]
SQL: SELECT * FROM `products` WHERE (  enable=1 and state=2  ) ORDER BY  sorts desc  [ RunTime:0.000468s ]
INFO: [ view_parse ] --START--
INFO: ParseTemplate Behavior ::run [ RunTime:0.016001s ]
INFO: [ view_parse ] --END-- [ RunTime:0.016090s ]
INFO: [ view_filter ] --START--
INFO: ContentReplace Behavior ::run [ RunTime:0.001080s ]
INFO: TokenBuild Behavior ::run [ RunTime:0.001052s ]
INFO: WriteHtmlCache Behavior ::run [ RunTime:0.000885s ]
INFO: ShowRuntime Behavior ::run [ RunTime:0.001159s ]
INFO: [ view_filter ] --END-- [ RunTime:0.004385s ]
INFO: [ view_end ] --START--
INFO: ShowPageTrace Behavior ::run [ RunTime:0.001378s ]
INFO: [ view_end ] --END-- [ RunTime:0.001458s ]

[ 2014-09-27 23:07:46 ] 185.10.104.195 /index.php/Index/productInfo?id=111
INFO: [ route_check ] --START--
INFO: CheckRoute Behavior ::run [ RunTime:0.001916s ]
INFO: [ route_check ] --END-- [ RunTime:0.002011s ]
INFO: [ app_begin ] --START--
INFO: ReadHtmlCache Behavior ::run [ RunTime:0.001176s ]
INFO: [ app_begin ] --END-- [ RunTime:0.001248s ]
SQL: SHOW COLUMNS FROM `contents` [ RunTime:0.002082s ]
SQL: SELECT * FROM `contents` WHERE (  enable=1 and cateid=4  ) LIMIT 1   [ RunTime:0.000257s ]
SQL: SELECT * FROM `contents` WHERE (  enable=1 and cateid=1  ) LIMIT 1   [ RunTime:0.000193s ]
SQL: SHOW COLUMNS FROM `visters` [ RunTime:0.002485s ]
SQL: INSERT INTO `visters` (`ctime`,`info`,`ip`,`page`) VALUES ('2014-09-27 23:07','欧盟  、WindowsEnglish系统、Firefox浏览器、','185.10.104.195','产品详情页面') [ RunTime:0.007918s ]
SQL: SHOW COLUMNS FROM `procate` [ RunTime:0.002623s ]
SQL: SHOW COLUMNS FROM `products` [ RunTime:0.002661s ]
NOTIC: [8] Undefined index:  procate D:\enkjhost\mayning1\web\home\Lib\Action\IndexAction.class.php 第 243 行.
NOTIC: [8] Undefined index:  procate2 D:\enkjhost\mayning1\web\home\Lib\Action\IndexAction.class.php 第 244 行.
SQL: SELECT * FROM `procate` WHERE ( id=%d ) LIMIT 1   [ RunTime:0.000196s ]
ERR: 1064:You have an error in your SQL syntax; check the manual that corresponds to your MySQL server version for the right syntax to use near '%d ) LIMIT 1' at line 1
 [ SQL语句 ] : SELECT * FROM `procate` WHERE ( id=%d ) LIMIT 1  
SQL: SELECT * FROM `procate` WHERE ( id=%d ) LIMIT 1   [ RunTime:0.000180s ]
ERR: 1064:You have an error in your SQL syntax; check the manual that corresponds to your MySQL server version for the right syntax to use near '%d ) LIMIT 1' at line 1
 [ SQL语句 ] : SELECT * FROM `procate` WHERE ( id=%d ) LIMIT 1  
SQL: SELECT * FROM `procate` WHERE (  enable =1 and pid=0  )  [ RunTime:0.000413s ]
SQL: SELECT * FROM `products` WHERE (  id=111 ) LIMIT 1   [ RunTime:0.000513s ]
SQL: SELECT * FROM `procate` WHERE ( id=23 ) LIMIT 1   [ RunTime:0.000286s ]
SQL: SELECT * FROM `procate` WHERE ( id=0 ) LIMIT 1   [ RunTime:0.000281s ]
INFO: [ view_parse ] --START--
INFO: ParseTemplate Behavior ::run [ RunTime:0.020082s ]
INFO: [ view_parse ] --END-- [ RunTime:0.020174s ]
INFO: [ view_filter ] --START--
INFO: ContentReplace Behavior ::run [ RunTime:0.001084s ]
INFO: TokenBuild Behavior ::run [ RunTime:0.000958s ]
INFO: WriteHtmlCache Behavior ::run [ RunTime:0.000804s ]
INFO: ShowRuntime Behavior ::run [ RunTime:0.001071s ]
INFO: [ view_filter ] --END-- [ RunTime:0.004107s ]
INFO: [ view_end ] --START--
INFO: ShowPageTrace Behavior ::run [ RunTime:0.001294s ]
INFO: [ view_end ] --END-- [ RunTime:0.001368s ]

