[ 2014-08-28 00:57:19 ] 61.135.190.222 /index.php
INFO: [ app_begin ] --START--
INFO: ReadHtmlCache Behavior ::run [ RunTime:0.001534s ]
INFO: [ app_begin ] --END-- [ RunTime:0.001644s ]
SQL: SHOW COLUMNS FROM `contents` [ RunTime:0.001992s ]
SQL: SELECT * FROM `contents` WHERE (  enable=1 and cateid=4  ) LIMIT 1   [ RunTime:0.000254s ]
SQL: SELECT * FROM `contents` WHERE (  enable=1 and cateid=1  ) LIMIT 1   [ RunTime:0.000192s ]
SQL: SHOW COLUMNS FROM `visters` [ RunTime:0.002344s ]
SQL: INSERT INTO `visters` (`ctime`,`info`,`ip`,`page`) VALUES ('2014-08-28 00:57','61.135.190.222、中国、华北、北京市、北京市、联通、WindowsEnglish系统、Firefox浏览器、','61.135.190.222','系统首页') [ RunTime:0.008854s ]
SQL: SHOW COLUMNS FROM `products` [ RunTime:0.002593s ]
SQL: SELECT * FROM `products` WHERE (  enable=1 and state=1  ) ORDER BY  sorts desc  [ RunTime:0.001259s ]
SQL: SELECT * FROM `products` WHERE (  enable=1 and state=2  ) ORDER BY  sorts desc  [ RunTime:0.000829s ]
INFO: [ view_parse ] --START--
INFO: ParseTemplate Behavior ::run [ RunTime:0.020608s ]
INFO: [ view_parse ] --END-- [ RunTime:0.020709s ]
INFO: [ view_filter ] --START--
INFO: ContentReplace Behavior ::run [ RunTime:0.001008s ]
INFO: TokenBuild Behavior ::run [ RunTime:0.000995s ]
INFO: WriteHtmlCache Behavior ::run [ RunTime:0.000902s ]
INFO: ShowRuntime Behavior ::run [ RunTime:0.001074s ]
INFO: [ view_filter ] --END-- [ RunTime:0.004193s ]
INFO: [ view_end ] --START--
INFO: ShowPageTrace Behavior ::run [ RunTime:0.001277s ]
INFO: [ view_end ] --END-- [ RunTime:0.001349s ]

[ 2014-08-28 01:11:30 ] 66.249.65.134 /index.php/Index/productInfo?id=106
INFO: [ route_check ] --START--
INFO: CheckRoute Behavior ::run [ RunTime:0.002013s ]
INFO: [ route_check ] --END-- [ RunTime:0.002124s ]
INFO: [ app_begin ] --START--
INFO: ReadHtmlCache Behavior ::run [ RunTime:0.001529s ]
INFO: [ app_begin ] --END-- [ RunTime:0.001624s ]
SQL: SHOW COLUMNS FROM `contents` [ RunTime:0.002026s ]
SQL: SELECT * FROM `contents` WHERE (  enable=1 and cateid=4  ) LIMIT 1   [ RunTime:0.000284s ]
SQL: SELECT * FROM `contents` WHERE (  enable=1 and cateid=1  ) LIMIT 1   [ RunTime:0.000200s ]
NOTIC: [8] Undefined index:  HTTP_ACCEPT_LANGUAGE D:\enkjhost\mayning1\web\home\Lib\Action\UtilAction.class.php 第 96 行.
SQL: SHOW COLUMNS FROM `visters` [ RunTime:0.002195s ]
SQL: INSERT INTO `visters` (`ctime`,`info`,`ip`,`page`) VALUES ('2014-08-28 01:11','66.249.65.134、美国、、、、、OtherEnglish系统、Other浏览器、','66.249.65.134','产品详情页面') [ RunTime:0.010144s ]
SQL: SHOW COLUMNS FROM `procate` [ RunTime:0.002343s ]
SQL: SHOW COLUMNS FROM `products` [ RunTime:0.002234s ]
NOTIC: [8] Undefined index:  procate D:\enkjhost\mayning1\web\home\Lib\Action\IndexAction.class.php 第 243 行.
NOTIC: [8] Undefined index:  procate2 D:\enkjhost\mayning1\web\home\Lib\Action\IndexAction.class.php 第 244 行.
SQL: SELECT * FROM `procate` WHERE ( id=%d ) LIMIT 1   [ RunTime:0.000172s ]
ERR: 1064:You have an error in your SQL syntax; check the manual that corresponds to your MySQL server version for the right syntax to use near '%d ) LIMIT 1' at line 1
 [ SQL语句 ] : SELECT * FROM `procate` WHERE ( id=%d ) LIMIT 1  
SQL: SELECT * FROM `procate` WHERE ( id=%d ) LIMIT 1   [ RunTime:0.000158s ]
ERR: 1064:You have an error in your SQL syntax; check the manual that corresponds to your MySQL server version for the right syntax to use near '%d ) LIMIT 1' at line 1
 [ SQL语句 ] : SELECT * FROM `procate` WHERE ( id=%d ) LIMIT 1  
SQL: SELECT * FROM `procate` WHERE (  enable =1 and pid=0  )  [ RunTime:0.000361s ]
SQL: SELECT * FROM `products` WHERE (  id=106 ) LIMIT 1   [ RunTime:0.000305s ]
SQL: SELECT * FROM `procate` WHERE ( id=31 ) LIMIT 1   [ RunTime:0.000269s ]
SQL: SELECT * FROM `procate` WHERE ( id=20 ) LIMIT 1   [ RunTime:0.000252s ]
INFO: [ view_parse ] --START--
INFO: ParseTemplate Behavior ::run [ RunTime:0.021443s ]
INFO: [ view_parse ] --END-- [ RunTime:0.021552s ]
INFO: [ view_filter ] --START--
INFO: ContentReplace Behavior ::run [ RunTime:0.001279s ]
INFO: TokenBuild Behavior ::run [ RunTime:0.001229s ]
INFO: WriteHtmlCache Behavior ::run [ RunTime:0.001039s ]
INFO: ShowRuntime Behavior ::run [ RunTime:0.001438s ]
INFO: [ view_filter ] --END-- [ RunTime:0.005230s ]
INFO: [ view_end ] --START--
INFO: ShowPageTrace Behavior ::run [ RunTime:0.001621s ]
INFO: [ view_end ] --END-- [ RunTime:0.001714s ]

[ 2014-08-28 01:15:42 ] 66.249.65.134 /index.php/Index/productInfo?id=106
INFO: [ route_check ] --START--
INFO: CheckRoute Behavior ::run [ RunTime:0.001712s ]
INFO: [ route_check ] --END-- [ RunTime:0.001804s ]
INFO: [ app_begin ] --START--
INFO: ReadHtmlCache Behavior ::run [ RunTime:0.001286s ]
INFO: [ app_begin ] --END-- [ RunTime:0.001366s ]
SQL: SHOW COLUMNS FROM `contents` [ RunTime:0.002218s ]
SQL: SELECT * FROM `contents` WHERE (  enable=1 and cateid=4  ) LIMIT 1   [ RunTime:0.000287s ]
SQL: SELECT * FROM `contents` WHERE (  enable=1 and cateid=1  ) LIMIT 1   [ RunTime:0.000219s ]
NOTIC: [8] Undefined index:  HTTP_ACCEPT_LANGUAGE D:\enkjhost\mayning1\web\home\Lib\Action\UtilAction.class.php 第 96 行.
SQL: SHOW COLUMNS FROM `visters` [ RunTime:0.002211s ]
SQL: INSERT INTO `visters` (`ctime`,`info`,`ip`,`page`) VALUES ('2014-08-28 01:15','66.249.65.134、美国、、、、、OtherEnglish系统、Other浏览器、','66.249.65.134','产品详情页面') [ RunTime:0.010981s ]
SQL: SHOW COLUMNS FROM `procate` [ RunTime:0.002275s ]
SQL: SHOW COLUMNS FROM `products` [ RunTime:0.002249s ]
NOTIC: [8] Undefined index:  procate D:\enkjhost\mayning1\web\home\Lib\Action\IndexAction.class.php 第 243 行.
NOTIC: [8] Undefined index:  procate2 D:\enkjhost\mayning1\web\home\Lib\Action\IndexAction.class.php 第 244 行.
SQL: SELECT * FROM `procate` WHERE ( id=%d ) LIMIT 1   [ RunTime:0.000179s ]
ERR: 1064:You have an error in your SQL syntax; check the manual that corresponds to your MySQL server version for the right syntax to use near '%d ) LIMIT 1' at line 1
 [ SQL语句 ] : SELECT * FROM `procate` WHERE ( id=%d ) LIMIT 1  
SQL: SELECT * FROM `procate` WHERE ( id=%d ) LIMIT 1   [ RunTime:0.000166s ]
ERR: 1064:You have an error in your SQL syntax; check the manual that corresponds to your MySQL server version for the right syntax to use near '%d ) LIMIT 1' at line 1
 [ SQL语句 ] : SELECT * FROM `procate` WHERE ( id=%d ) LIMIT 1  
SQL: SELECT * FROM `procate` WHERE (  enable =1 and pid=0  )  [ RunTime:0.000359s ]
SQL: SELECT * FROM `products` WHERE (  id=106 ) LIMIT 1   [ RunTime:0.000309s ]
SQL: SELECT * FROM `procate` WHERE ( id=31 ) LIMIT 1   [ RunTime:0.000266s ]
SQL: SELECT * FROM `procate` WHERE ( id=20 ) LIMIT 1   [ RunTime:0.000261s ]
INFO: [ view_parse ] --START--
INFO: ParseTemplate Behavior ::run [ RunTime:0.021202s ]
INFO: [ view_parse ] --END-- [ RunTime:0.021315s ]
INFO: [ view_filter ] --START--
INFO: ContentReplace Behavior ::run [ RunTime:0.001277s ]
INFO: TokenBuild Behavior ::run [ RunTime:0.001233s ]
INFO: WriteHtmlCache Behavior ::run [ RunTime:0.001040s ]
INFO: ShowRuntime Behavior ::run [ RunTime:0.001368s ]
INFO: [ view_filter ] --END-- [ RunTime:0.005165s ]
INFO: [ view_end ] --START--
INFO: ShowPageTrace Behavior ::run [ RunTime:0.001656s ]
INFO: [ view_end ] --END-- [ RunTime:0.001751s ]

[ 2014-08-28 01:23:47 ] 66.249.70.148 /index.php/Index/productInfo?id=120
INFO: [ route_check ] --START--
INFO: CheckRoute Behavior ::run [ RunTime:0.001537s ]
INFO: [ route_check ] --END-- [ RunTime:0.001622s ]
INFO: [ app_begin ] --START--
INFO: ReadHtmlCache Behavior ::run [ RunTime:0.001162s ]
INFO: [ app_begin ] --END-- [ RunTime:0.001234s ]
SQL: SHOW COLUMNS FROM `contents` [ RunTime:0.002044s ]
SQL: SELECT * FROM `contents` WHERE (  enable=1 and cateid=4  ) LIMIT 1   [ RunTime:0.000254s ]
SQL: SELECT * FROM `contents` WHERE (  enable=1 and cateid=1  ) LIMIT 1   [ RunTime:0.000215s ]
NOTIC: [8] Undefined index:  HTTP_ACCEPT_LANGUAGE D:\enkjhost\mayning1\web\home\Lib\Action\UtilAction.class.php 第 96 行.
SQL: SHOW COLUMNS FROM `visters` [ RunTime:0.002604s ]
SQL: INSERT INTO `visters` (`ctime`,`info`,`ip`,`page`) VALUES ('2014-08-28 01:23','66.249.70.148、美国、、、、、OtherEnglish系统、Other浏览器、','66.249.70.148','产品详情页面') [ RunTime:0.009912s ]
SQL: SHOW COLUMNS FROM `procate` [ RunTime:0.002606s ]
SQL: SHOW COLUMNS FROM `products` [ RunTime:0.002503s ]
NOTIC: [8] Undefined index:  procate D:\enkjhost\mayning1\web\home\Lib\Action\IndexAction.class.php 第 243 行.
NOTIC: [8] Undefined index:  procate2 D:\enkjhost\mayning1\web\home\Lib\Action\IndexAction.class.php 第 244 行.
SQL: SELECT * FROM `procate` WHERE ( id=%d ) LIMIT 1   [ RunTime:0.000205s ]
ERR: 1064:You have an error in your SQL syntax; check the manual that corresponds to your MySQL server version for the right syntax to use near '%d ) LIMIT 1' at line 1
 [ SQL语句 ] : SELECT * FROM `procate` WHERE ( id=%d ) LIMIT 1  
SQL: SELECT * FROM `procate` WHERE ( id=%d ) LIMIT 1   [ RunTime:0.000209s ]
ERR: 1064:You have an error in your SQL syntax; check the manual that corresponds to your MySQL server version for the right syntax to use near '%d ) LIMIT 1' at line 1
 [ SQL语句 ] : SELECT * FROM `procate` WHERE ( id=%d ) LIMIT 1  
SQL: SELECT * FROM `procate` WHERE (  enable =1 and pid=0  )  [ RunTime:0.000372s ]
SQL: SELECT * FROM `products` WHERE (  id=120 ) LIMIT 1   [ RunTime:0.000294s ]
SQL: SELECT * FROM `procate` WHERE ( id=37 ) LIMIT 1   [ RunTime:0.000246s ]
SQL: SELECT * FROM `procate` WHERE ( id=0 ) LIMIT 1   [ RunTime:0.000229s ]
INFO: [ view_parse ] --START--
INFO: ParseTemplate Behavior ::run [ RunTime:0.021380s ]
INFO: [ view_parse ] --END-- [ RunTime:0.021491s ]
INFO: [ view_filter ] --START--
INFO: ContentReplace Behavior ::run [ RunTime:0.001317s ]
INFO: TokenBuild Behavior ::run [ RunTime:0.001254s ]
INFO: WriteHtmlCache Behavior ::run [ RunTime:0.001057s ]
INFO: ShowRuntime Behavior ::run [ RunTime:0.001382s ]
INFO: [ view_filter ] --END-- [ RunTime:0.005258s ]
INFO: [ view_end ] --START--
INFO: ShowPageTrace Behavior ::run [ RunTime:0.001509s ]
INFO: [ view_end ] --END-- [ RunTime:0.001593s ]

[ 2014-08-28 02:07:32 ] 220.181.108.177 /index.php/Index/productInfo?id=30
INFO: [ route_check ] --START--
INFO: CheckRoute Behavior ::run [ RunTime:0.002058s ]
INFO: [ route_check ] --END-- [ RunTime:0.002169s ]
INFO: [ app_begin ] --START--
INFO: ReadHtmlCache Behavior ::run [ RunTime:0.001529s ]
INFO: [ app_begin ] --END-- [ RunTime:0.001622s ]
SQL: SHOW COLUMNS FROM `contents` [ RunTime:0.002178s ]
SQL: SELECT * FROM `contents` WHERE (  enable=1 and cateid=4  ) LIMIT 1   [ RunTime:0.000261s ]
SQL: SELECT * FROM `contents` WHERE (  enable=1 and cateid=1  ) LIMIT 1   [ RunTime:0.000184s ]
SQL: SHOW COLUMNS FROM `visters` [ RunTime:0.002320s ]
SQL: INSERT INTO `visters` (`ctime`,`info`,`ip`,`page`) VALUES ('2014-08-28 02:07','220.181.108.177、中国、华北、北京市、北京市、电信、Other简体中文系统、Other浏览器、','220.181.108.177','产品详情页面') [ RunTime:0.183846s ]
SQL: SHOW COLUMNS FROM `procate` [ RunTime:0.001987s ]
SQL: SHOW COLUMNS FROM `products` [ RunTime:0.001759s ]
NOTIC: [8] Undefined index:  procate D:\enkjhost\mayning1\web\home\Lib\Action\IndexAction.class.php 第 243 行.
NOTIC: [8] Undefined index:  procate2 D:\enkjhost\mayning1\web\home\Lib\Action\IndexAction.class.php 第 244 行.
SQL: SELECT * FROM `procate` WHERE ( id=%d ) LIMIT 1   [ RunTime:0.000107s ]
ERR: 1064:You have an error in your SQL syntax; check the manual that corresponds to your MySQL server version for the right syntax to use near '%d ) LIMIT 1' at line 1
 [ SQL语句 ] : SELECT * FROM `procate` WHERE ( id=%d ) LIMIT 1  
SQL: SELECT * FROM `procate` WHERE ( id=%d ) LIMIT 1   [ RunTime:0.000101s ]
ERR: 1064:You have an error in your SQL syntax; check the manual that corresponds to your MySQL server version for the right syntax to use near '%d ) LIMIT 1' at line 1
 [ SQL语句 ] : SELECT * FROM `procate` WHERE ( id=%d ) LIMIT 1  
SQL: SELECT * FROM `procate` WHERE (  enable =1 and pid=0  )  [ RunTime:0.000252s ]
SQL: SELECT * FROM `products` WHERE (  id=30 ) LIMIT 1   [ RunTime:0.000187s ]
SQL: SELECT * FROM `procate` WHERE ( id=26 ) LIMIT 1   [ RunTime:0.000146s ]
SQL: SELECT * FROM `procate` WHERE ( id=0 ) LIMIT 1   [ RunTime:0.000132s ]
INFO: [ view_parse ] --START--
INFO: ParseTemplate Behavior ::run [ RunTime:0.023398s ]
INFO: [ view_parse ] --END-- [ RunTime:0.023486s ]
INFO: [ view_filter ] --START--
INFO: ContentReplace Behavior ::run [ RunTime:0.000981s ]
INFO: TokenBuild Behavior ::run [ RunTime:0.000949s ]
INFO: WriteHtmlCache Behavior ::run [ RunTime:0.000807s ]
INFO: ShowRuntime Behavior ::run [ RunTime:0.001059s ]
INFO: [ view_filter ] --END-- [ RunTime:0.003985s ]
INFO: [ view_end ] --START--
INFO: ShowPageTrace Behavior ::run [ RunTime:0.001272s ]
INFO: [ view_end ] --END-- [ RunTime:0.001346s ]

[ 2014-08-28 04:35:07 ] 66.249.70.149 /index.php/Index/function.unlink
INFO: [ route_check ] --START--
INFO: CheckRoute Behavior ::run [ RunTime:0.002043s ]
INFO: [ route_check ] --END-- [ RunTime:0.002154s ]
INFO: [ app_begin ] --START--
INFO: ReadHtmlCache Behavior ::run [ RunTime:0.001544s ]
INFO: [ app_begin ] --END-- [ RunTime:0.001649s ]
SQL: SHOW COLUMNS FROM `contents` [ RunTime:0.002090s ]
SQL: SELECT * FROM `contents` WHERE (  enable=1 and cateid=4  ) LIMIT 1   [ RunTime:0.000277s ]
SQL: SELECT * FROM `contents` WHERE (  enable=1 and cateid=1  ) LIMIT 1   [ RunTime:0.000207s ]
ERR: 非法操作:function.unlink

[ 2014-08-28 05:39:38 ] 66.249.70.125 /index.php/Index/productInfo?id=116
INFO: [ route_check ] --START--
INFO: CheckRoute Behavior ::run [ RunTime:0.001695s ]
INFO: [ route_check ] --END-- [ RunTime:0.001792s ]
INFO: [ app_begin ] --START--
INFO: ReadHtmlCache Behavior ::run [ RunTime:0.001158s ]
INFO: [ app_begin ] --END-- [ RunTime:0.001228s ]
SQL: SHOW COLUMNS FROM `contents` [ RunTime:0.002054s ]
SQL: SELECT * FROM `contents` WHERE (  enable=1 and cateid=4  ) LIMIT 1   [ RunTime:0.000265s ]
SQL: SELECT * FROM `contents` WHERE (  enable=1 and cateid=1  ) LIMIT 1   [ RunTime:0.000179s ]
NOTIC: [8] Undefined index:  HTTP_ACCEPT_LANGUAGE D:\enkjhost\mayning1\web\home\Lib\Action\UtilAction.class.php 第 96 行.
SQL: SHOW COLUMNS FROM `visters` [ RunTime:0.002261s ]
SQL: INSERT INTO `visters` (`ctime`,`info`,`ip`,`page`) VALUES ('2014-08-28 05:39','66.249.70.125、美国、、、、、OtherEnglish系统、Other浏览器、','66.249.70.125','产品详情页面') [ RunTime:0.009091s ]
SQL: SHOW COLUMNS FROM `procate` [ RunTime:0.002312s ]
SQL: SHOW COLUMNS FROM `products` [ RunTime:0.002461s ]
NOTIC: [8] Undefined index:  procate D:\enkjhost\mayning1\web\home\Lib\Action\IndexAction.class.php 第 243 行.
NOTIC: [8] Undefined index:  procate2 D:\enkjhost\mayning1\web\home\Lib\Action\IndexAction.class.php 第 244 行.
SQL: SELECT * FROM `procate` WHERE ( id=%d ) LIMIT 1   [ RunTime:0.000147s ]
ERR: 1064:You have an error in your SQL syntax; check the manual that corresponds to your MySQL server version for the right syntax to use near '%d ) LIMIT 1' at line 1
 [ SQL语句 ] : SELECT * FROM `procate` WHERE ( id=%d ) LIMIT 1  
SQL: SELECT * FROM `procate` WHERE ( id=%d ) LIMIT 1   [ RunTime:0.000113s ]
ERR: 1064:You have an error in your SQL syntax; check the manual that corresponds to your MySQL server version for the right syntax to use near '%d ) LIMIT 1' at line 1
 [ SQL语句 ] : SELECT * FROM `procate` WHERE ( id=%d ) LIMIT 1  
SQL: SELECT * FROM `procate` WHERE (  enable =1 and pid=0  )  [ RunTime:0.000286s ]
SQL: SELECT * FROM `products` WHERE (  id=116 ) LIMIT 1   [ RunTime:0.000246s ]
SQL: SELECT * FROM `procate` WHERE ( id=31 ) LIMIT 1   [ RunTime:0.000212s ]
SQL: SELECT * FROM `procate` WHERE ( id=20 ) LIMIT 1   [ RunTime:0.000213s ]
INFO: [ view_parse ] --START--
INFO: ParseTemplate Behavior ::run [ RunTime:0.017942s ]
INFO: [ view_parse ] --END-- [ RunTime:0.018035s ]
INFO: [ view_filter ] --START--
INFO: ContentReplace Behavior ::run [ RunTime:0.001104s ]
INFO: TokenBuild Behavior ::run [ RunTime:0.001052s ]
INFO: WriteHtmlCache Behavior ::run [ RunTime:0.000886s ]
INFO: ShowRuntime Behavior ::run [ RunTime:0.001163s ]
INFO: [ view_filter ] --END-- [ RunTime:0.004411s ]
INFO: [ view_end ] --START--
INFO: ShowPageTrace Behavior ::run [ RunTime:0.001404s ]
INFO: [ view_end ] --END-- [ RunTime:0.001484s ]

[ 2014-08-28 06:46:51 ] 66.249.70.28 /index.php/Index/productInfo?id=120
INFO: [ route_check ] --START--
INFO: CheckRoute Behavior ::run [ RunTime:0.002012s ]
INFO: [ route_check ] --END-- [ RunTime:0.002123s ]
INFO: [ app_begin ] --START--
INFO: ReadHtmlCache Behavior ::run [ RunTime:0.001520s ]
INFO: [ app_begin ] --END-- [ RunTime:0.001614s ]
SQL: SHOW COLUMNS FROM `contents` [ RunTime:0.002122s ]
SQL: SELECT * FROM `contents` WHERE (  enable=1 and cateid=4  ) LIMIT 1   [ RunTime:0.000257s ]
SQL: SELECT * FROM `contents` WHERE (  enable=1 and cateid=1  ) LIMIT 1   [ RunTime:0.000191s ]
NOTIC: [8] Undefined index:  HTTP_ACCEPT_LANGUAGE D:\enkjhost\mayning1\web\home\Lib\Action\UtilAction.class.php 第 96 行.
SQL: SHOW COLUMNS FROM `visters` [ RunTime:0.002430s ]
SQL: INSERT INTO `visters` (`ctime`,`info`,`ip`,`page`) VALUES ('2014-08-28 06:46','66.249.70.28、美国、、、、、OtherEnglish系统、Other浏览器、','66.249.70.28','产品详情页面') [ RunTime:0.008733s ]
SQL: SHOW COLUMNS FROM `procate` [ RunTime:0.002359s ]
SQL: SHOW COLUMNS FROM `products` [ RunTime:0.002296s ]
NOTIC: [8] Undefined index:  procate D:\enkjhost\mayning1\web\home\Lib\Action\IndexAction.class.php 第 243 行.
NOTIC: [8] Undefined index:  procate2 D:\enkjhost\mayning1\web\home\Lib\Action\IndexAction.class.php 第 244 行.
SQL: SELECT * FROM `procate` WHERE ( id=%d ) LIMIT 1   [ RunTime:0.000182s ]
ERR: 1064:You have an error in your SQL syntax; check the manual that corresponds to your MySQL server version for the right syntax to use near '%d ) LIMIT 1' at line 1
 [ SQL语句 ] : SELECT * FROM `procate` WHERE ( id=%d ) LIMIT 1  
SQL: SELECT * FROM `procate` WHERE ( id=%d ) LIMIT 1   [ RunTime:0.000165s ]
ERR: 1064:You have an error in your SQL syntax; check the manual that corresponds to your MySQL server version for the right syntax to use near '%d ) LIMIT 1' at line 1
 [ SQL语句 ] : SELECT * FROM `procate` WHERE ( id=%d ) LIMIT 1  
SQL: SELECT * FROM `procate` WHERE (  enable =1 and pid=0  )  [ RunTime:0.000372s ]
SQL: SELECT * FROM `products` WHERE (  id=120 ) LIMIT 1   [ RunTime:0.000313s ]
SQL: SELECT * FROM `procate` WHERE ( id=37 ) LIMIT 1   [ RunTime:0.000265s ]
SQL: SELECT * FROM `procate` WHERE ( id=0 ) LIMIT 1   [ RunTime:0.000250s ]
INFO: [ view_parse ] --START--
INFO: ParseTemplate Behavior ::run [ RunTime:0.021477s ]
INFO: [ view_parse ] --END-- [ RunTime:0.021585s ]
INFO: [ view_filter ] --START--
INFO: ContentReplace Behavior ::run [ RunTime:0.001277s ]
INFO: TokenBuild Behavior ::run [ RunTime:0.001234s ]
INFO: WriteHtmlCache Behavior ::run [ RunTime:0.001042s ]
INFO: ShowRuntime Behavior ::run [ RunTime:0.001365s ]
INFO: [ view_filter ] --END-- [ RunTime:0.005166s ]
INFO: [ view_end ] --START--
INFO: ShowPageTrace Behavior ::run [ RunTime:0.001636s ]
INFO: [ view_end ] --END-- [ RunTime:0.001731s ]

[ 2014-08-28 11:41:05 ] 218.28.20.161 /index.php
INFO: [ app_begin ] --START--
INFO: ReadHtmlCache Behavior ::run [ RunTime:0.001195s ]
INFO: [ app_begin ] --END-- [ RunTime:0.001281s ]
SQL: SHOW COLUMNS FROM `contents` [ RunTime:0.002016s ]
SQL: SELECT * FROM `contents` WHERE (  enable=1 and cateid=4  ) LIMIT 1   [ RunTime:0.000254s ]
SQL: SELECT * FROM `contents` WHERE (  enable=1 and cateid=1  ) LIMIT 1   [ RunTime:0.000177s ]
SQL: SHOW COLUMNS FROM `visters` [ RunTime:0.002752s ]
SQL: INSERT INTO `visters` (`ctime`,`info`,`ip`,`page`) VALUES ('2014-08-28 11:41','218.28.20.161、中国、华中、河南省、郑州市、联通、Windows简体中文系统、MSIE浏览器、','218.28.20.161','系统首页') [ RunTime:0.008434s ]
SQL: SHOW COLUMNS FROM `products` [ RunTime:0.002838s ]
SQL: SELECT * FROM `products` WHERE (  enable=1 and state=1  ) ORDER BY  sorts desc  [ RunTime:0.001451s ]
SQL: SELECT * FROM `products` WHERE (  enable=1 and state=2  ) ORDER BY  sorts desc  [ RunTime:0.000957s ]
INFO: [ view_parse ] --START--
INFO: ParseTemplate Behavior ::run [ RunTime:0.027938s ]
INFO: [ view_parse ] --END-- [ RunTime:0.028040s ]
INFO: [ view_filter ] --START--
INFO: ContentReplace Behavior ::run [ RunTime:0.001093s ]
INFO: TokenBuild Behavior ::run [ RunTime:0.001047s ]
INFO: WriteHtmlCache Behavior ::run [ RunTime:0.000893s ]
INFO: ShowRuntime Behavior ::run [ RunTime:0.001218s ]
INFO: [ view_filter ] --END-- [ RunTime:0.004462s ]
INFO: [ view_end ] --START--
INFO: ShowPageTrace Behavior ::run [ RunTime:0.001424s ]
INFO: [ view_end ] --END-- [ RunTime:0.001505s ]

[ 2014-08-28 11:43:43 ] 218.28.20.161 /index.php/Index/productInfo?id=106
INFO: [ route_check ] --START--
INFO: CheckRoute Behavior ::run [ RunTime:0.001398s ]
INFO: [ route_check ] --END-- [ RunTime:0.001476s ]
INFO: [ app_begin ] --START--
INFO: ReadHtmlCache Behavior ::run [ RunTime:0.001024s ]
INFO: [ app_begin ] --END-- [ RunTime:0.001086s ]
SQL: SHOW COLUMNS FROM `contents` [ RunTime:0.002506s ]
SQL: SELECT * FROM `contents` WHERE (  enable=1 and cateid=4  ) LIMIT 1   [ RunTime:0.000328s ]
SQL: SELECT * FROM `contents` WHERE (  enable=1 and cateid=1  ) LIMIT 1   [ RunTime:0.000242s ]
SQL: SHOW COLUMNS FROM `visters` [ RunTime:0.002592s ]
SQL: INSERT INTO `visters` (`ctime`,`info`,`ip`,`page`) VALUES ('2014-08-28 11:43','218.28.20.161、中国、华中、河南省、郑州市、联通、Windows简体中文系统、MSIE浏览器、','218.28.20.161','产品详情页面') [ RunTime:0.010579s ]
SQL: SHOW COLUMNS FROM `procate` [ RunTime:0.002778s ]
SQL: SHOW COLUMNS FROM `products` [ RunTime:0.002211s ]
NOTIC: [8] Undefined index:  procate D:\enkjhost\mayning1\web\home\Lib\Action\IndexAction.class.php 第 243 行.
NOTIC: [8] Undefined index:  procate2 D:\enkjhost\mayning1\web\home\Lib\Action\IndexAction.class.php 第 244 行.
SQL: SELECT * FROM `procate` WHERE ( id=%d ) LIMIT 1   [ RunTime:0.000193s ]
ERR: 1064:You have an error in your SQL syntax; check the manual that corresponds to your MySQL server version for the right syntax to use near '%d ) LIMIT 1' at line 1
 [ SQL语句 ] : SELECT * FROM `procate` WHERE ( id=%d ) LIMIT 1  
SQL: SELECT * FROM `procate` WHERE ( id=%d ) LIMIT 1   [ RunTime:0.000169s ]
ERR: 1064:You have an error in your SQL syntax; check the manual that corresponds to your MySQL server version for the right syntax to use near '%d ) LIMIT 1' at line 1
 [ SQL语句 ] : SELECT * FROM `procate` WHERE ( id=%d ) LIMIT 1  
SQL: SELECT * FROM `procate` WHERE (  enable =1 and pid=0  )  [ RunTime:0.000377s ]
SQL: SELECT * FROM `products` WHERE (  id=106 ) LIMIT 1   [ RunTime:0.000331s ]
SQL: SELECT * FROM `procate` WHERE ( id=31 ) LIMIT 1   [ RunTime:0.000271s ]
SQL: SELECT * FROM `procate` WHERE ( id=20 ) LIMIT 1   [ RunTime:0.000263s ]
INFO: [ view_parse ] --START--
INFO: ParseTemplate Behavior ::run [ RunTime:0.021724s ]
INFO: [ view_parse ] --END-- [ RunTime:0.021831s ]
INFO: [ view_filter ] --START--
INFO: ContentReplace Behavior ::run [ RunTime:0.001296s ]
INFO: TokenBuild Behavior ::run [ RunTime:0.001092s ]
INFO: WriteHtmlCache Behavior ::run [ RunTime:0.000812s ]
INFO: ShowRuntime Behavior ::run [ RunTime:0.001071s ]
INFO: [ view_filter ] --END-- [ RunTime:0.004485s ]
INFO: [ view_end ] --START--
INFO: ShowPageTrace Behavior ::run [ RunTime:0.001292s ]
INFO: [ view_end ] --END-- [ RunTime:0.001366s ]

[ 2014-08-28 11:56:38 ] 218.28.20.161 /index.php
INFO: [ app_begin ] --START--
INFO: ReadHtmlCache Behavior ::run [ RunTime:0.001549s ]
INFO: [ app_begin ] --END-- [ RunTime:0.001660s ]
SQL: SHOW COLUMNS FROM `contents` [ RunTime:0.002092s ]
SQL: SELECT * FROM `contents` WHERE (  enable=1 and cateid=4  ) LIMIT 1   [ RunTime:0.000310s ]
SQL: SELECT * FROM `contents` WHERE (  enable=1 and cateid=1  ) LIMIT 1   [ RunTime:0.000234s ]
SQL: SHOW COLUMNS FROM `visters` [ RunTime:0.002532s ]
SQL: INSERT INTO `visters` (`ctime`,`info`,`ip`,`page`) VALUES ('2014-08-28 11:56','218.28.20.161、中国、华中、河南省、郑州市、联通、Windows简体中文系统、Chrome浏览器、','218.28.20.161','系统首页') [ RunTime:0.009291s ]
SQL: SHOW COLUMNS FROM `products` [ RunTime:0.002699s ]
SQL: SELECT * FROM `products` WHERE (  enable=1 and state=1  ) ORDER BY  sorts desc  [ RunTime:0.001426s ]
SQL: SELECT * FROM `products` WHERE (  enable=1 and state=2  ) ORDER BY  sorts desc  [ RunTime:0.000943s ]
INFO: [ view_parse ] --START--
INFO: ParseTemplate Behavior ::run [ RunTime:0.019740s ]
INFO: [ view_parse ] --END-- [ RunTime:0.019841s ]
INFO: [ view_filter ] --START--
INFO: ContentReplace Behavior ::run [ RunTime:0.000995s ]
INFO: TokenBuild Behavior ::run [ RunTime:0.000952s ]
INFO: WriteHtmlCache Behavior ::run [ RunTime:0.000814s ]
INFO: ShowRuntime Behavior ::run [ RunTime:0.001064s ]
INFO: [ view_filter ] --END-- [ RunTime:0.004017s ]
INFO: [ view_end ] --START--
INFO: ShowPageTrace Behavior ::run [ RunTime:0.001268s ]
INFO: [ view_end ] --END-- [ RunTime:0.001341s ]

[ 2014-08-28 12:24:26 ] 66.249.70.147 /index.php/Index/news/p/
INFO: [ route_check ] --START--
INFO: CheckRoute Behavior ::run [ RunTime:0.002017s ]
INFO: [ route_check ] --END-- [ RunTime:0.002128s ]
INFO: [ app_begin ] --START--
INFO: ReadHtmlCache Behavior ::run [ RunTime:0.001528s ]
INFO: [ app_begin ] --END-- [ RunTime:0.001622s ]
SQL: SHOW COLUMNS FROM `contents` [ RunTime:0.002115s ]
SQL: SELECT * FROM `contents` WHERE (  enable=1 and cateid=4  ) LIMIT 1   [ RunTime:0.000256s ]
SQL: SELECT * FROM `contents` WHERE (  enable=1 and cateid=1  ) LIMIT 1   [ RunTime:0.000213s ]
NOTIC: [8] Undefined index:  HTTP_ACCEPT_LANGUAGE D:\enkjhost\mayning1\web\home\Lib\Action\UtilAction.class.php 第 96 行.
SQL: SHOW COLUMNS FROM `visters` [ RunTime:0.002529s ]
SQL: INSERT INTO `visters` (`ctime`,`info`,`ip`,`page`) VALUES ('2014-08-28 12:24','66.249.70.147、美国、、、、、OtherEnglish系统、Other浏览器、','66.249.70.147','FAQ页面') [ RunTime:0.009503s ]
SQL: SHOW COLUMNS FROM `faqcate` [ RunTime:0.002617s ]
SQL: SHOW COLUMNS FROM `faqs` [ RunTime:0.002250s ]
NOTIC: [8] Undefined index:  faqcate D:\enkjhost\mayning1\web\home\Lib\Action\IndexAction.class.php 第 95 行.
SQL: SELECT * FROM `faqcate` WHERE ( enable=1  ) ORDER BY  sorts desc  [ RunTime:0.000331s ]
SQL: SELECT COUNT(*) AS tp_count FROM `faqs` WHERE (  1=1 and enable=1  ) LIMIT 1   [ RunTime:0.000282s ]
SQL: SELECT * FROM `faqs` WHERE (  1=1 and enable=1  ) ORDER BY sorts desc LIMIT 0,10   [ RunTime:0.000418s ]
INFO: [ view_parse ] --START--
INFO: ParseTemplate Behavior ::run [ RunTime:0.021675s ]
INFO: [ view_parse ] --END-- [ RunTime:0.021782s ]
INFO: [ view_filter ] --START--
INFO: ContentReplace Behavior ::run [ RunTime:0.001273s ]
INFO: TokenBuild Behavior ::run [ RunTime:0.001252s ]
INFO: WriteHtmlCache Behavior ::run [ RunTime:0.001068s ]
INFO: ShowRuntime Behavior ::run [ RunTime:0.001388s ]
INFO: [ view_filter ] --END-- [ RunTime:0.005255s ]
INFO: [ view_end ] --START--
INFO: ShowPageTrace Behavior ::run [ RunTime:0.001693s ]
INFO: [ view_end ] --END-- [ RunTime:0.001787s ]

[ 2014-08-28 12:41:56 ] 218.28.20.161 /index.php
INFO: [ app_begin ] --START--
INFO: ReadHtmlCache Behavior ::run [ RunTime:0.001548s ]
INFO: [ app_begin ] --END-- [ RunTime:0.001659s ]
SQL: SHOW COLUMNS FROM `contents` [ RunTime:0.002167s ]
SQL: SELECT * FROM `contents` WHERE (  enable=1 and cateid=4  ) LIMIT 1   [ RunTime:0.000282s ]
SQL: SELECT * FROM `contents` WHERE (  enable=1 and cateid=1  ) LIMIT 1   [ RunTime:0.000204s ]
SQL: SHOW COLUMNS FROM `visters` [ RunTime:0.002182s ]
SQL: INSERT INTO `visters` (`ctime`,`info`,`ip`,`page`) VALUES ('2014-08-28 12:41','中国 河南 郑州、Windows简体中文系统、Chrome浏览器、','218.28.20.161','系统首页') [ RunTime:0.009581s ]
SQL: SHOW COLUMNS FROM `products` [ RunTime:0.002477s ]
SQL: SELECT * FROM `products` WHERE (  enable=1 and state=1  ) ORDER BY  sorts desc  [ RunTime:0.001421s ]
SQL: SELECT * FROM `products` WHERE (  enable=1 and state=2  ) ORDER BY  sorts desc  [ RunTime:0.001002s ]
INFO: [ view_parse ] --START--
INFO: ParseTemplate Behavior ::run [ RunTime:0.018791s ]
INFO: [ view_parse ] --END-- [ RunTime:0.018890s ]
INFO: [ view_filter ] --START--
INFO: ContentReplace Behavior ::run [ RunTime:0.001006s ]
INFO: TokenBuild Behavior ::run [ RunTime:0.000955s ]
INFO: WriteHtmlCache Behavior ::run [ RunTime:0.000833s ]
INFO: ShowRuntime Behavior ::run [ RunTime:0.001073s ]
INFO: [ view_filter ] --END-- [ RunTime:0.004056s ]
INFO: [ view_end ] --START--
INFO: ShowPageTrace Behavior ::run [ RunTime:0.001279s ]
INFO: [ view_end ] --END-- [ RunTime:0.001354s ]

[ 2014-08-28 13:16:33 ] 49.183.228.233 /index.php
INFO: [ app_begin ] --START--
INFO: ReadHtmlCache Behavior ::run [ RunTime:0.001554s ]
INFO: [ app_begin ] --END-- [ RunTime:0.001666s ]
SQL: SHOW COLUMNS FROM `contents` [ RunTime:0.002359s ]
SQL: SELECT * FROM `contents` WHERE (  enable=1 and cateid=4  ) LIMIT 1   [ RunTime:0.000276s ]
SQL: SELECT * FROM `contents` WHERE (  enable=1 and cateid=1  ) LIMIT 1   [ RunTime:0.000202s ]
SQL: SHOW COLUMNS FROM `visters` [ RunTime:0.002445s ]
SQL: INSERT INTO `visters` (`ctime`,`info`,`ip`,`page`) VALUES ('2014-08-28 13:16','澳大利亚 维多利亚 Hawthorn、LinuxEnglish系统、Chrome浏览器、','49.183.228.233','系统首页') [ RunTime:0.010326s ]
SQL: SHOW COLUMNS FROM `products` [ RunTime:0.002545s ]
SQL: SELECT * FROM `products` WHERE (  enable=1 and state=1  ) ORDER BY  sorts desc  [ RunTime:0.001406s ]
SQL: SELECT * FROM `products` WHERE (  enable=1 and state=2  ) ORDER BY  sorts desc  [ RunTime:0.000937s ]
INFO: [ view_parse ] --START--
INFO: ParseTemplate Behavior ::run [ RunTime:0.021172s ]
INFO: [ view_parse ] --END-- [ RunTime:0.021285s ]
INFO: [ view_filter ] --START--
INFO: ContentReplace Behavior ::run [ RunTime:0.001329s ]
INFO: TokenBuild Behavior ::run [ RunTime:0.001257s ]
INFO: WriteHtmlCache Behavior ::run [ RunTime:0.001064s ]
INFO: ShowRuntime Behavior ::run [ RunTime:0.001395s ]
INFO: [ view_filter ] --END-- [ RunTime:0.005295s ]
INFO: [ view_end ] --START--
INFO: ShowPageTrace Behavior ::run [ RunTime:0.001637s ]
INFO: [ view_end ] --END-- [ RunTime:0.001729s ]

[ 2014-08-28 13:17:11 ] 49.183.228.233 /index.php/Index/productInfo?id=120
INFO: [ route_check ] --START--
INFO: CheckRoute Behavior ::run [ RunTime:0.002007s ]
INFO: [ route_check ] --END-- [ RunTime:0.002119s ]
INFO: [ app_begin ] --START--
INFO: ReadHtmlCache Behavior ::run [ RunTime:0.001521s ]
INFO: [ app_begin ] --END-- [ RunTime:0.001616s ]
SQL: SHOW COLUMNS FROM `contents` [ RunTime:0.002126s ]
SQL: SELECT * FROM `contents` WHERE (  enable=1 and cateid=4  ) LIMIT 1   [ RunTime:0.000298s ]
SQL: SELECT * FROM `contents` WHERE (  enable=1 and cateid=1  ) LIMIT 1   [ RunTime:0.000223s ]
SQL: SHOW COLUMNS FROM `visters` [ RunTime:0.002519s ]
SQL: INSERT INTO `visters` (`ctime`,`info`,`ip`,`page`) VALUES ('2014-08-28 13:17','澳大利亚 维多利亚 Hawthorn、LinuxEnglish系统、Chrome浏览器、','49.183.228.233','产品详情页面') [ RunTime:0.012482s ]
SQL: SHOW COLUMNS FROM `procate` [ RunTime:0.002721s ]
SQL: SHOW COLUMNS FROM `products` [ RunTime:0.002658s ]
NOTIC: [8] Undefined index:  procate D:\enkjhost\mayning1\web\home\Lib\Action\IndexAction.class.php 第 243 行.
NOTIC: [8] Undefined index:  procate2 D:\enkjhost\mayning1\web\home\Lib\Action\IndexAction.class.php 第 244 行.
SQL: SELECT * FROM `procate` WHERE ( id=%d ) LIMIT 1   [ RunTime:0.000177s ]
ERR: 1064:You have an error in your SQL syntax; check the manual that corresponds to your MySQL server version for the right syntax to use near '%d ) LIMIT 1' at line 1
 [ SQL语句 ] : SELECT * FROM `procate` WHERE ( id=%d ) LIMIT 1  
SQL: SELECT * FROM `procate` WHERE ( id=%d ) LIMIT 1   [ RunTime:0.000255s ]
ERR: 1064:You have an error in your SQL syntax; check the manual that corresponds to your MySQL server version for the right syntax to use near '%d ) LIMIT 1' at line 1
 [ SQL语句 ] : SELECT * FROM `procate` WHERE ( id=%d ) LIMIT 1  
SQL: SELECT * FROM `procate` WHERE (  enable =1 and pid=0  )  [ RunTime:0.000387s ]
SQL: SELECT * FROM `products` WHERE (  id=120 ) LIMIT 1   [ RunTime:0.000348s ]
SQL: SELECT * FROM `procate` WHERE ( id=37 ) LIMIT 1   [ RunTime:0.000299s ]
SQL: SELECT * FROM `procate` WHERE ( id=0 ) LIMIT 1   [ RunTime:0.000288s ]
INFO: [ view_parse ] --START--
INFO: ParseTemplate Behavior ::run [ RunTime:0.021468s ]
INFO: [ view_parse ] --END-- [ RunTime:0.021577s ]
INFO: [ view_filter ] --START--
INFO: ContentReplace Behavior ::run [ RunTime:0.001279s ]
INFO: TokenBuild Behavior ::run [ RunTime:0.001237s ]
INFO: WriteHtmlCache Behavior ::run [ RunTime:0.001043s ]
INFO: ShowRuntime Behavior ::run [ RunTime:0.001271s ]
INFO: [ view_filter ] --END-- [ RunTime:0.005068s ]
INFO: [ view_end ] --START--
INFO: ShowPageTrace Behavior ::run [ RunTime:0.001248s ]
INFO: [ view_end ] --END-- [ RunTime:0.001323s ]

[ 2014-08-28 13:17:35 ] 49.183.228.233 /index.php
INFO: [ app_begin ] --START--
INFO: ReadHtmlCache Behavior ::run [ RunTime:0.001175s ]
INFO: [ app_begin ] --END-- [ RunTime:0.001261s ]
SQL: SHOW COLUMNS FROM `contents` [ RunTime:0.002106s ]
SQL: SELECT * FROM `contents` WHERE (  enable=1 and cateid=4  ) LIMIT 1   [ RunTime:0.000316s ]
SQL: SELECT * FROM `contents` WHERE (  enable=1 and cateid=1  ) LIMIT 1   [ RunTime:0.000221s ]
SQL: SHOW COLUMNS FROM `visters` [ RunTime:0.001894s ]
SQL: INSERT INTO `visters` (`ctime`,`info`,`ip`,`page`) VALUES ('2014-08-28 13:17','澳大利亚 维多利亚 Hawthorn、LinuxEnglish系统、Chrome浏览器、','49.183.228.233','系统首页') [ RunTime:0.007976s ]
SQL: SHOW COLUMNS FROM `products` [ RunTime:0.001887s ]
SQL: SELECT * FROM `products` WHERE (  enable=1 and state=1  ) ORDER BY  sorts desc  [ RunTime:0.000788s ]
SQL: SELECT * FROM `products` WHERE (  enable=1 and state=2  ) ORDER BY  sorts desc  [ RunTime:0.000567s ]
INFO: [ view_parse ] --START--
INFO: ParseTemplate Behavior ::run [ RunTime:0.014110s ]
INFO: [ view_parse ] --END-- [ RunTime:0.014182s ]
INFO: [ view_filter ] --START--
INFO: ContentReplace Behavior ::run [ RunTime:0.000689s ]
INFO: TokenBuild Behavior ::run [ RunTime:0.000644s ]
INFO: WriteHtmlCache Behavior ::run [ RunTime:0.000571s ]
INFO: ShowRuntime Behavior ::run [ RunTime:0.000745s ]
INFO: [ view_filter ] --END-- [ RunTime:0.002787s ]
INFO: [ view_end ] --START--
INFO: ShowPageTrace Behavior ::run [ RunTime:0.000881s ]
INFO: [ view_end ] --END-- [ RunTime:0.000932s ]

[ 2014-08-28 14:03:44 ] 106.120.160.109 /index.php
INFO: [ app_begin ] --START--
INFO: ReadHtmlCache Behavior ::run [ RunTime:0.001539s ]
INFO: [ app_begin ] --END-- [ RunTime:0.001649s ]
SQL: SHOW COLUMNS FROM `contents` [ RunTime:0.002095s ]
SQL: SELECT * FROM `contents` WHERE (  enable=1 and cateid=4  ) LIMIT 1   [ RunTime:0.000283s ]
SQL: SELECT * FROM `contents` WHERE (  enable=1 and cateid=1  ) LIMIT 1   [ RunTime:0.000206s ]
NOTIC: [8] Undefined index:  HTTP_ACCEPT_LANGUAGE D:\enkjhost\mayning1\web\home\Lib\Action\UtilAction.class.php 第 96 行.
SQL: SHOW COLUMNS FROM `visters` [ RunTime:0.002549s ]
SQL: INSERT INTO `visters` (`ctime`,`info`,`ip`,`page`) VALUES ('2014-08-28 14:03','中国 北京 北京、WindowsEnglish系统、MSIE浏览器、','106.120.160.109','系统首页') [ RunTime:0.011847s ]
SQL: SHOW COLUMNS FROM `products` [ RunTime:0.002688s ]
SQL: SELECT * FROM `products` WHERE (  enable=1 and state=1  ) ORDER BY  sorts desc  [ RunTime:0.001167s ]
SQL: SELECT * FROM `products` WHERE (  enable=1 and state=2  ) ORDER BY  sorts desc  [ RunTime:0.000698s ]
INFO: [ view_parse ] --START--
INFO: ParseTemplate Behavior ::run [ RunTime:0.020759s ]
INFO: [ view_parse ] --END-- [ RunTime:0.020869s ]
INFO: [ view_filter ] --START--
INFO: ContentReplace Behavior ::run [ RunTime:0.001276s ]
INFO: TokenBuild Behavior ::run [ RunTime:0.001105s ]
INFO: WriteHtmlCache Behavior ::run [ RunTime:0.000886s ]
INFO: ShowRuntime Behavior ::run [ RunTime:0.001159s ]
INFO: [ view_filter ] --END-- [ RunTime:0.004646s ]
INFO: [ view_end ] --START--
INFO: ShowPageTrace Behavior ::run [ RunTime:0.001430s ]
INFO: [ view_end ] --END-- [ RunTime:0.001507s ]

[ 2014-08-28 14:11:33 ] 101.199.108.57 /index.php
INFO: [ app_begin ] --START--
INFO: ReadHtmlCache Behavior ::run [ RunTime:0.001182s ]
INFO: [ app_begin ] --END-- [ RunTime:0.001266s ]
SQL: SHOW COLUMNS FROM `contents` [ RunTime:0.002067s ]
SQL: SELECT * FROM `contents` WHERE (  enable=1 and cateid=4  ) LIMIT 1   [ RunTime:0.000273s ]
SQL: SELECT * FROM `contents` WHERE (  enable=1 and cateid=1  ) LIMIT 1   [ RunTime:0.000220s ]
SQL: SHOW COLUMNS FROM `visters` [ RunTime:0.002362s ]
SQL: INSERT INTO `visters` (`ctime`,`info`,`ip`,`page`) VALUES ('2014-08-28 14:11','中国 北京 北京、WindowsEnglish系统、Chrome浏览器、','101.199.108.57','系统首页') [ RunTime:0.008833s ]
SQL: SHOW COLUMNS FROM `products` [ RunTime:0.002372s ]
SQL: SELECT * FROM `products` WHERE (  enable=1 and state=1  ) ORDER BY  sorts desc  [ RunTime:0.001465s ]
SQL: SELECT * FROM `products` WHERE (  enable=1 and state=2  ) ORDER BY  sorts desc  [ RunTime:0.000979s ]
INFO: [ view_parse ] --START--
INFO: ParseTemplate Behavior ::run [ RunTime:0.021495s ]
INFO: [ view_parse ] --END-- [ RunTime:0.021609s ]
INFO: [ view_filter ] --START--
INFO: ContentReplace Behavior ::run [ RunTime:0.001325s ]
INFO: TokenBuild Behavior ::run [ RunTime:0.001249s ]
INFO: WriteHtmlCache Behavior ::run [ RunTime:0.001038s ]
INFO: ShowRuntime Behavior ::run [ RunTime:0.001105s ]
INFO: [ view_filter ] --END-- [ RunTime:0.004941s ]
INFO: [ view_end ] --START--
INFO: ShowPageTrace Behavior ::run [ RunTime:0.001296s ]
INFO: [ view_end ] --END-- [ RunTime:0.001369s ]

[ 2014-08-28 22:02:40 ] 173.68.18.130 /index.php
INFO: [ app_begin ] --START--
INFO: ReadHtmlCache Behavior ::run [ RunTime:0.000688s ]
INFO: [ app_begin ] --END-- [ RunTime:0.000736s ]
SQL: SHOW COLUMNS FROM `contents` [ RunTime:0.001493s ]
SQL: SELECT * FROM `contents` WHERE (  enable=1 and cateid=4  ) LIMIT 1   [ RunTime:0.000201s ]
SQL: SELECT * FROM `contents` WHERE (  enable=1 and cateid=1  ) LIMIT 1   [ RunTime:0.000150s ]
NOTIC: [8] Undefined index:  HTTP_ACCEPT_LANGUAGE D:\enkjhost\mayning1\web\home\Lib\Action\UtilAction.class.php 第 96 行.
SQL: SHOW COLUMNS FROM `visters` [ RunTime:0.001583s ]
SQL: INSERT INTO `visters` (`ctime`,`info`,`ip`,`page`) VALUES ('2014-08-28 22:02','美国 纽约州 New York、OtherEnglish系统、Other浏览器、','173.68.18.130','系统首页') [ RunTime:0.007876s ]
SQL: SHOW COLUMNS FROM `products` [ RunTime:0.001645s ]
SQL: SELECT * FROM `products` WHERE (  enable=1 and state=1  ) ORDER BY  sorts desc  [ RunTime:0.000564s ]
SQL: SELECT * FROM `products` WHERE (  enable=1 and state=2  ) ORDER BY  sorts desc  [ RunTime:0.000359s ]
INFO: [ view_parse ] --START--
INFO: ParseTemplate Behavior ::run [ RunTime:0.009048s ]
INFO: [ view_parse ] --END-- [ RunTime:0.009099s ]
INFO: [ view_filter ] --START--
INFO: ContentReplace Behavior ::run [ RunTime:0.000542s ]
INFO: TokenBuild Behavior ::run [ RunTime:0.000528s ]
INFO: WriteHtmlCache Behavior ::run [ RunTime:0.000477s ]
INFO: ShowRuntime Behavior ::run [ RunTime:0.000612s ]
INFO: [ view_filter ] --END-- [ RunTime:0.002265s ]
INFO: [ view_end ] --START--
INFO: ShowPageTrace Behavior ::run [ RunTime:0.000703s ]
INFO: [ view_end ] --END-- [ RunTime:0.000757s ]

[ 2014-08-28 22:34:17 ] 61.135.190.102 /index.php
INFO: [ app_begin ] --START--
INFO: ReadHtmlCache Behavior ::run [ RunTime:0.000680s ]
INFO: [ app_begin ] --END-- [ RunTime:0.000731s ]
SQL: SHOW COLUMNS FROM `contents` [ RunTime:0.002302s ]
SQL: SELECT * FROM `contents` WHERE (  enable=1 and cateid=4  ) LIMIT 1   [ RunTime:0.000201s ]
SQL: SELECT * FROM `contents` WHERE (  enable=1 and cateid=1  ) LIMIT 1   [ RunTime:0.000139s ]
SQL: SHOW COLUMNS FROM `visters` [ RunTime:0.001809s ]
SQL: INSERT INTO `visters` (`ctime`,`info`,`ip`,`page`) VALUES ('2014-08-28 22:34','中国 北京 北京、WindowsEnglish系统、Firefox浏览器、','61.135.190.102','系统首页') [ RunTime:0.009808s ]
SQL: SHOW COLUMNS FROM `products` [ RunTime:0.001482s ]
SQL: SELECT * FROM `products` WHERE (  enable=1 and state=1  ) ORDER BY  sorts desc  [ RunTime:0.000702s ]
SQL: SELECT * FROM `products` WHERE (  enable=1 and state=2  ) ORDER BY  sorts desc  [ RunTime:0.000509s ]
INFO: [ view_parse ] --START--
INFO: ParseTemplate Behavior ::run [ RunTime:0.009292s ]
INFO: [ view_parse ] --END-- [ RunTime:0.009342s ]
INFO: [ view_filter ] --START--
INFO: ContentReplace Behavior ::run [ RunTime:0.000561s ]
INFO: TokenBuild Behavior ::run [ RunTime:0.000539s ]
INFO: WriteHtmlCache Behavior ::run [ RunTime:0.000460s ]
INFO: ShowRuntime Behavior ::run [ RunTime:0.000600s ]
INFO: [ view_filter ] --END-- [ RunTime:0.002270s ]
INFO: [ view_end ] --START--
INFO: ShowPageTrace Behavior ::run [ RunTime:0.000731s ]
INFO: [ view_end ] --END-- [ RunTime:0.000773s ]

