[ 2014-11-26 01:39:00 ] 180.76.6.149 /index.php/Index/productInfo?id=31
INFO: [ route_check ] --START--
INFO: CheckRoute Behavior ::run [ RunTime:0.004118s ]
INFO: [ route_check ] --END-- [ RunTime:0.004237s ]
INFO: [ app_begin ] --START--
INFO: ReadHtmlCache Behavior ::run [ RunTime:0.003334s ]
INFO: [ app_begin ] --END-- [ RunTime:0.003431s ]
SQL: SHOW COLUMNS FROM `contents` [ RunTime:0.006596s ]
SQL: SELECT * FROM `contents` WHERE (  enable=1 and cateid=4  ) LIMIT 1   [ RunTime:0.000403s ]
SQL: SELECT * FROM `contents` WHERE (  enable=1 and cateid=1  ) LIMIT 1   [ RunTime:0.000326s ]
SQL: SHOW COLUMNS FROM `visters` [ RunTime:0.007241s ]
SQL: INSERT INTO `visters` (`ctime`,`info`,`ip`,`page`) VALUES ('2014-11-26 01:39','中国 北京 北京、OtherEnglish系统、Other浏览器、','180.76.6.149','产品详情页面') [ RunTime:0.010590s ]
SQL: SHOW COLUMNS FROM `procate` [ RunTime:0.005697s ]
SQL: SHOW COLUMNS FROM `products` [ RunTime:0.005190s ]
NOTIC: [8] Undefined index:  procate D:\enkjhost\mayning1\web\home\Lib\Action\IndexAction.class.php 第 243 行.
NOTIC: [8] Undefined index:  procate2 D:\enkjhost\mayning1\web\home\Lib\Action\IndexAction.class.php 第 244 行.
SQL: SELECT * FROM `procate` WHERE ( id=%d ) LIMIT 1   [ RunTime:0.000172s ]
ERR: 1064:You have an error in your SQL syntax; check the manual that corresponds to your MySQL server version for the right syntax to use near '%d ) LIMIT 1' at line 1
 [ SQL语句 ] : SELECT * FROM `procate` WHERE ( id=%d ) LIMIT 1  
SQL: SELECT * FROM `procate` WHERE ( id=%d ) LIMIT 1   [ RunTime:0.000147s ]
ERR: 1064:You have an error in your SQL syntax; check the manual that corresponds to your MySQL server version for the right syntax to use near '%d ) LIMIT 1' at line 1
 [ SQL语句 ] : SELECT * FROM `procate` WHERE ( id=%d ) LIMIT 1  
SQL: SELECT * FROM `procate` WHERE (  enable =1 and pid=0  ) ORDER BY  sorts desc  [ RunTime:0.000444s ]
SQL: SELECT * FROM `products` WHERE (  id=31 ) LIMIT 1   [ RunTime:0.000271s ]
SQL: SELECT * FROM `procate` WHERE ( id=26 ) LIMIT 1   [ RunTime:0.000222s ]
SQL: SELECT * FROM `procate` WHERE ( id=0 ) LIMIT 1   [ RunTime:0.000211s ]
INFO: [ view_parse ] --START--
INFO: ParseTemplate Behavior ::run [ RunTime:0.048100s ]
INFO: [ view_parse ] --END-- [ RunTime:0.048205s ]
INFO: [ view_filter ] --START--
INFO: ContentReplace Behavior ::run [ RunTime:0.002867s ]
INFO: TokenBuild Behavior ::run [ RunTime:0.002957s ]
INFO: WriteHtmlCache Behavior ::run [ RunTime:0.002600s ]
INFO: ShowRuntime Behavior ::run [ RunTime:0.003143s ]
INFO: [ view_filter ] --END-- [ RunTime:0.011827s ]
INFO: [ view_end ] --START--
INFO: ShowPageTrace Behavior ::run [ RunTime:0.003664s ]
INFO: [ view_end ] --END-- [ RunTime:0.003762s ]

[ 2014-11-26 01:54:03 ] 183.60.243.209 /index.php
INFO: [ app_begin ] --START--
INFO: ReadHtmlCache Behavior ::run [ RunTime:0.002109s ]
INFO: [ app_begin ] --END-- [ RunTime:0.002219s ]
SQL: SHOW COLUMNS FROM `contents` [ RunTime:0.006720s ]
SQL: SELECT * FROM `contents` WHERE (  enable=1 and cateid=4  ) LIMIT 1   [ RunTime:0.000380s ]
SQL: SELECT * FROM `contents` WHERE (  enable=1 and cateid=1  ) LIMIT 1   [ RunTime:0.000303s ]
NOTIC: [8] Undefined index:  HTTP_ACCEPT_LANGUAGE D:\enkjhost\mayning1\web\home\Lib\Action\UtilAction.class.php 第 96 行.
SQL: SHOW COLUMNS FROM `visters` [ RunTime:0.007480s ]
SQL: INSERT INTO `visters` (`ctime`,`info`,`ip`,`page`) VALUES ('2014-11-26 01:54','中国 广东 广州、WindowsEnglish系统、MSIE浏览器、','183.60.243.209','系统首页') [ RunTime:0.009728s ]
SQL: SHOW COLUMNS FROM `products` [ RunTime:0.006071s ]
SQL: SELECT * FROM `products` WHERE (  enable=1 and state=1  ) ORDER BY  sorts desc  [ RunTime:0.001111s ]
SQL: SELECT * FROM `products` WHERE (  enable=1 and state=2  ) ORDER BY  sorts desc  [ RunTime:0.000655s ]
INFO: [ view_parse ] --START--
INFO: ParseTemplate Behavior ::run [ RunTime:0.040606s ]
INFO: [ view_parse ] --END-- [ RunTime:0.040735s ]
INFO: [ view_filter ] --START--
INFO: ContentReplace Behavior ::run [ RunTime:0.001849s ]
INFO: TokenBuild Behavior ::run [ RunTime:0.001796s ]
INFO: WriteHtmlCache Behavior ::run [ RunTime:0.002508s ]
INFO: ShowRuntime Behavior ::run [ RunTime:0.003029s ]
INFO: [ view_filter ] --END-- [ RunTime:0.009440s ]
INFO: [ view_end ] --START--
INFO: ShowPageTrace Behavior ::run [ RunTime:0.002295s ]
INFO: [ view_end ] --END-- [ RunTime:0.002391s ]

[ 2014-11-26 05:07:53 ] 66.249.65.66 /index.php/Index/productInfo?id=58
INFO: [ route_check ] --START--
INFO: CheckRoute Behavior ::run [ RunTime:0.004415s ]
INFO: [ route_check ] --END-- [ RunTime:0.004530s ]
INFO: [ app_begin ] --START--
INFO: ReadHtmlCache Behavior ::run [ RunTime:0.003340s ]
INFO: [ app_begin ] --END-- [ RunTime:0.003438s ]
SQL: SHOW COLUMNS FROM `contents` [ RunTime:0.008754s ]
SQL: SELECT * FROM `contents` WHERE (  enable=1 and cateid=4  ) LIMIT 1   [ RunTime:0.000398s ]
SQL: SELECT * FROM `contents` WHERE (  enable=1 and cateid=1  ) LIMIT 1   [ RunTime:0.000319s ]
NOTIC: [8] Undefined index:  HTTP_ACCEPT_LANGUAGE D:\enkjhost\mayning1\web\home\Lib\Action\UtilAction.class.php 第 96 行.
SQL: SHOW COLUMNS FROM `visters` [ RunTime:0.008301s ]
SQL: INSERT INTO `visters` (`ctime`,`info`,`ip`,`page`) VALUES ('2014-11-26 05:07','美国 加利福尼亚 Mountain View、OtherEnglish系统、Other浏览器、','66.249.65.66','产品详情页面') [ RunTime:0.008828s ]
SQL: SHOW COLUMNS FROM `procate` [ RunTime:0.010127s ]
SQL: SHOW COLUMNS FROM `products` [ RunTime:0.007038s ]
NOTIC: [8] Undefined index:  procate D:\enkjhost\mayning1\web\home\Lib\Action\IndexAction.class.php 第 243 行.
NOTIC: [8] Undefined index:  procate2 D:\enkjhost\mayning1\web\home\Lib\Action\IndexAction.class.php 第 244 行.
SQL: SELECT * FROM `procate` WHERE ( id=%d ) LIMIT 1   [ RunTime:0.000192s ]
ERR: 1064:You have an error in your SQL syntax; check the manual that corresponds to your MySQL server version for the right syntax to use near '%d ) LIMIT 1' at line 1
 [ SQL语句 ] : SELECT * FROM `procate` WHERE ( id=%d ) LIMIT 1  
SQL: SELECT * FROM `procate` WHERE ( id=%d ) LIMIT 1   [ RunTime:0.000170s ]
ERR: 1064:You have an error in your SQL syntax; check the manual that corresponds to your MySQL server version for the right syntax to use near '%d ) LIMIT 1' at line 1
 [ SQL语句 ] : SELECT * FROM `procate` WHERE ( id=%d ) LIMIT 1  
SQL: SELECT * FROM `procate` WHERE (  enable =1 and pid=0  ) ORDER BY  sorts desc  [ RunTime:0.000511s ]
SQL: SELECT * FROM `products` WHERE (  id=58 ) LIMIT 1   [ RunTime:0.000328s ]
SQL: SELECT * FROM `procate` WHERE ( id=21 ) LIMIT 1   [ RunTime:0.000258s ]
SQL: SELECT * FROM `procate` WHERE ( id=0 ) LIMIT 1   [ RunTime:0.000241s ]
INFO: [ view_parse ] --START--
INFO: ParseTemplate Behavior ::run [ RunTime:0.049667s ]
INFO: [ view_parse ] --END-- [ RunTime:0.049780s ]
INFO: [ view_filter ] --START--
INFO: ContentReplace Behavior ::run [ RunTime:0.002807s ]
INFO: TokenBuild Behavior ::run [ RunTime:0.002871s ]
INFO: WriteHtmlCache Behavior ::run [ RunTime:0.002596s ]
INFO: ShowRuntime Behavior ::run [ RunTime:0.003125s ]
INFO: [ view_filter ] --END-- [ RunTime:0.011659s ]
INFO: [ view_end ] --START--
INFO: ShowPageTrace Behavior ::run [ RunTime:0.003491s ]
INFO: [ view_end ] --END-- [ RunTime:0.003592s ]

[ 2014-11-26 05:12:08 ] 66.249.65.58 /index.php/Index/aboutUs
INFO: [ route_check ] --START--
INFO: CheckRoute Behavior ::run [ RunTime:0.002453s ]
INFO: [ route_check ] --END-- [ RunTime:0.002564s ]
INFO: [ app_begin ] --START--
INFO: ReadHtmlCache Behavior ::run [ RunTime:0.002030s ]
INFO: [ app_begin ] --END-- [ RunTime:0.002125s ]
SQL: SHOW COLUMNS FROM `contents` [ RunTime:0.005053s ]
SQL: SELECT * FROM `contents` WHERE (  enable=1 and cateid=4  ) LIMIT 1   [ RunTime:0.000299s ]
SQL: SELECT * FROM `contents` WHERE (  enable=1 and cateid=1  ) LIMIT 1   [ RunTime:0.000234s ]
NOTIC: [8] Undefined index:  HTTP_ACCEPT_LANGUAGE D:\enkjhost\mayning1\web\home\Lib\Action\UtilAction.class.php 第 96 行.
SQL: SHOW COLUMNS FROM `visters` [ RunTime:0.006714s ]
SQL: INSERT INTO `visters` (`ctime`,`info`,`ip`,`page`) VALUES ('2014-11-26 05:12','美国 加利福尼亚 Mountain View、OtherEnglish系统、Other浏览器、','66.249.65.58','关于我们页面') [ RunTime:0.008719s ]
SQL: SELECT * FROM `contents` WHERE (  enable=1 and cateid=2  ) LIMIT 1   [ RunTime:0.000404s ]
INFO: [ view_parse ] --START--
INFO: ParseTemplate Behavior ::run [ RunTime:0.025384s ]
INFO: [ view_parse ] --END-- [ RunTime:0.025525s ]
INFO: [ view_filter ] --START--
INFO: ContentReplace Behavior ::run [ RunTime:0.001676s ]
INFO: TokenBuild Behavior ::run [ RunTime:0.001655s ]
INFO: WriteHtmlCache Behavior ::run [ RunTime:0.001457s ]
INFO: ShowRuntime Behavior ::run [ RunTime:0.001776s ]
INFO: [ view_filter ] --END-- [ RunTime:0.006835s ]
INFO: [ view_end ] --START--
INFO: ShowPageTrace Behavior ::run [ RunTime:0.002053s ]
INFO: [ view_end ] --END-- [ RunTime:0.002141s ]

[ 2014-11-26 05:21:24 ] 66.249.65.66 /index.php/Index/productInfo?id=31
INFO: [ route_check ] --START--
INFO: CheckRoute Behavior ::run [ RunTime:0.002547s ]
INFO: [ route_check ] --END-- [ RunTime:0.002660s ]
INFO: [ app_begin ] --START--
INFO: ReadHtmlCache Behavior ::run [ RunTime:0.003231s ]
INFO: [ app_begin ] --END-- [ RunTime:0.003329s ]
SQL: SHOW COLUMNS FROM `contents` [ RunTime:0.005881s ]
SQL: SELECT * FROM `contents` WHERE (  enable=1 and cateid=4  ) LIMIT 1   [ RunTime:0.000416s ]
SQL: SELECT * FROM `contents` WHERE (  enable=1 and cateid=1  ) LIMIT 1   [ RunTime:0.000334s ]
NOTIC: [8] Undefined index:  HTTP_ACCEPT_LANGUAGE D:\enkjhost\mayning1\web\home\Lib\Action\UtilAction.class.php 第 96 行.
SQL: SHOW COLUMNS FROM `visters` [ RunTime:0.007200s ]
SQL: INSERT INTO `visters` (`ctime`,`info`,`ip`,`page`) VALUES ('2014-11-26 05:21','美国 加利福尼亚 Mountain View、OtherEnglish系统、Other浏览器、','66.249.65.66','产品详情页面') [ RunTime:0.009890s ]
SQL: SHOW COLUMNS FROM `procate` [ RunTime:0.005768s ]
SQL: SHOW COLUMNS FROM `products` [ RunTime:0.005785s ]
NOTIC: [8] Undefined index:  procate D:\enkjhost\mayning1\web\home\Lib\Action\IndexAction.class.php 第 243 行.
NOTIC: [8] Undefined index:  procate2 D:\enkjhost\mayning1\web\home\Lib\Action\IndexAction.class.php 第 244 行.
SQL: SELECT * FROM `procate` WHERE ( id=%d ) LIMIT 1   [ RunTime:0.000212s ]
ERR: 1064:You have an error in your SQL syntax; check the manual that corresponds to your MySQL server version for the right syntax to use near '%d ) LIMIT 1' at line 1
 [ SQL语句 ] : SELECT * FROM `procate` WHERE ( id=%d ) LIMIT 1  
SQL: SELECT * FROM `procate` WHERE ( id=%d ) LIMIT 1   [ RunTime:0.000210s ]
ERR: 1064:You have an error in your SQL syntax; check the manual that corresponds to your MySQL server version for the right syntax to use near '%d ) LIMIT 1' at line 1
 [ SQL语句 ] : SELECT * FROM `procate` WHERE ( id=%d ) LIMIT 1  
SQL: SELECT * FROM `procate` WHERE (  enable =1 and pid=0  ) ORDER BY  sorts desc  [ RunTime:0.000542s ]
SQL: SELECT * FROM `products` WHERE (  id=31 ) LIMIT 1   [ RunTime:0.000327s ]
SQL: SELECT * FROM `procate` WHERE ( id=26 ) LIMIT 1   [ RunTime:0.000271s ]
SQL: SELECT * FROM `procate` WHERE ( id=0 ) LIMIT 1   [ RunTime:0.000255s ]
INFO: [ view_parse ] --START--
INFO: ParseTemplate Behavior ::run [ RunTime:0.026869s ]
INFO: [ view_parse ] --END-- [ RunTime:0.026970s ]
INFO: [ view_filter ] --START--
INFO: ContentReplace Behavior ::run [ RunTime:0.001508s ]
INFO: TokenBuild Behavior ::run [ RunTime:0.002371s ]
INFO: WriteHtmlCache Behavior ::run [ RunTime:0.002097s ]
INFO: ShowRuntime Behavior ::run [ RunTime:0.002520s ]
INFO: [ view_filter ] --END-- [ RunTime:0.008715s ]
INFO: [ view_end ] --START--
INFO: ShowPageTrace Behavior ::run [ RunTime:0.001889s ]
INFO: [ view_end ] --END-- [ RunTime:0.001970s ]

[ 2014-11-26 05:24:04 ] 66.249.65.62 /index.php/Index/contact
INFO: [ route_check ] --START--
INFO: CheckRoute Behavior ::run [ RunTime:0.001923s ]
INFO: [ route_check ] --END-- [ RunTime:0.002013s ]
INFO: [ app_begin ] --START--
INFO: ReadHtmlCache Behavior ::run [ RunTime:0.001548s ]
INFO: [ app_begin ] --END-- [ RunTime:0.001621s ]
SQL: SHOW COLUMNS FROM `contents` [ RunTime:0.005411s ]
SQL: SELECT * FROM `contents` WHERE (  enable=1 and cateid=4  ) LIMIT 1   [ RunTime:0.000353s ]
SQL: SELECT * FROM `contents` WHERE (  enable=1 and cateid=1  ) LIMIT 1   [ RunTime:0.000278s ]
NOTIC: [8] Undefined index:  HTTP_ACCEPT_LANGUAGE D:\enkjhost\mayning1\web\home\Lib\Action\UtilAction.class.php 第 96 行.
SQL: SHOW COLUMNS FROM `visters` [ RunTime:0.005902s ]
SQL: INSERT INTO `visters` (`ctime`,`info`,`ip`,`page`) VALUES ('2014-11-26 05:24','美国 加利福尼亚 Mountain View、OtherEnglish系统、Other浏览器、','66.249.65.62','产品详情页面') [ RunTime:0.008751s ]
SQL: SELECT * FROM `contents` WHERE (  enable=1 and cateid=3  ) LIMIT 1   [ RunTime:0.000410s ]
INFO: [ view_parse ] --START--
INFO: ParseTemplate Behavior ::run [ RunTime:0.025100s ]
INFO: [ view_parse ] --END-- [ RunTime:0.025225s ]
INFO: [ view_filter ] --START--
INFO: ContentReplace Behavior ::run [ RunTime:0.001739s ]
INFO: TokenBuild Behavior ::run [ RunTime:0.001726s ]
INFO: WriteHtmlCache Behavior ::run [ RunTime:0.001525s ]
INFO: ShowRuntime Behavior ::run [ RunTime:0.001847s ]
INFO: [ view_filter ] --END-- [ RunTime:0.007119s ]
INFO: [ view_end ] --START--
INFO: ShowPageTrace Behavior ::run [ RunTime:0.002124s ]
INFO: [ view_end ] --END-- [ RunTime:0.002213s ]

[ 2014-11-26 05:25:25 ] 66.249.65.58 /index.php/Index/productInfo?id=22
INFO: [ route_check ] --START--
INFO: CheckRoute Behavior ::run [ RunTime:0.002102s ]
INFO: [ route_check ] --END-- [ RunTime:0.002198s ]
INFO: [ app_begin ] --START--
INFO: ReadHtmlCache Behavior ::run [ RunTime:0.001700s ]
INFO: [ app_begin ] --END-- [ RunTime:0.001779s ]
SQL: SHOW COLUMNS FROM `contents` [ RunTime:0.005260s ]
SQL: SELECT * FROM `contents` WHERE (  enable=1 and cateid=4  ) LIMIT 1   [ RunTime:0.000350s ]
SQL: SELECT * FROM `contents` WHERE (  enable=1 and cateid=1  ) LIMIT 1   [ RunTime:0.000270s ]
NOTIC: [8] Undefined index:  HTTP_ACCEPT_LANGUAGE D:\enkjhost\mayning1\web\home\Lib\Action\UtilAction.class.php 第 96 行.
SQL: SHOW COLUMNS FROM `visters` [ RunTime:0.006836s ]
SQL: INSERT INTO `visters` (`ctime`,`info`,`ip`,`page`) VALUES ('2014-11-26 05:25','美国 加利福尼亚 Mountain View、OtherEnglish系统、Other浏览器、','66.249.65.58','产品详情页面') [ RunTime:0.010070s ]
SQL: SHOW COLUMNS FROM `procate` [ RunTime:0.006109s ]
SQL: SHOW COLUMNS FROM `products` [ RunTime:0.006079s ]
NOTIC: [8] Undefined index:  procate D:\enkjhost\mayning1\web\home\Lib\Action\IndexAction.class.php 第 243 行.
NOTIC: [8] Undefined index:  procate2 D:\enkjhost\mayning1\web\home\Lib\Action\IndexAction.class.php 第 244 行.
SQL: SELECT * FROM `procate` WHERE ( id=%d ) LIMIT 1   [ RunTime:0.000238s ]
ERR: 1064:You have an error in your SQL syntax; check the manual that corresponds to your MySQL server version for the right syntax to use near '%d ) LIMIT 1' at line 1
 [ SQL语句 ] : SELECT * FROM `procate` WHERE ( id=%d ) LIMIT 1  
SQL: SELECT * FROM `procate` WHERE ( id=%d ) LIMIT 1   [ RunTime:0.000204s ]
ERR: 1064:You have an error in your SQL syntax; check the manual that corresponds to your MySQL server version for the right syntax to use near '%d ) LIMIT 1' at line 1
 [ SQL语句 ] : SELECT * FROM `procate` WHERE ( id=%d ) LIMIT 1  
SQL: SELECT * FROM `procate` WHERE (  enable =1 and pid=0  ) ORDER BY  sorts desc  [ RunTime:0.000529s ]
SQL: SELECT * FROM `products` WHERE (  id=22 ) LIMIT 1   [ RunTime:0.000337s ]
SQL: SELECT * FROM `procate` WHERE ( id=26 ) LIMIT 1   [ RunTime:0.000271s ]
SQL: SELECT * FROM `procate` WHERE ( id=0 ) LIMIT 1   [ RunTime:0.000253s ]
INFO: [ view_parse ] --START--
INFO: ParseTemplate Behavior ::run [ RunTime:0.024077s ]
INFO: [ view_parse ] --END-- [ RunTime:0.024176s ]
INFO: [ view_filter ] --START--
INFO: ContentReplace Behavior ::run [ RunTime:0.001383s ]
INFO: TokenBuild Behavior ::run [ RunTime:0.001338s ]
INFO: WriteHtmlCache Behavior ::run [ RunTime:0.001188s ]
INFO: ShowRuntime Behavior ::run [ RunTime:0.001436s ]
INFO: [ view_filter ] --END-- [ RunTime:0.005534s ]
INFO: [ view_end ] --START--
INFO: ShowPageTrace Behavior ::run [ RunTime:0.001638s ]
INFO: [ view_end ] --END-- [ RunTime:0.001711s ]

[ 2014-11-26 05:25:58 ] 66.249.65.58 /index.php/Index/productInfo?id=120
INFO: [ route_check ] --START--
INFO: CheckRoute Behavior ::run [ RunTime:0.001988s ]
INFO: [ route_check ] --END-- [ RunTime:0.002073s ]
INFO: [ app_begin ] --START--
INFO: ReadHtmlCache Behavior ::run [ RunTime:0.001563s ]
INFO: [ app_begin ] --END-- [ RunTime:0.001636s ]
SQL: SHOW COLUMNS FROM `contents` [ RunTime:0.005114s ]
SQL: SELECT * FROM `contents` WHERE (  enable=1 and cateid=4  ) LIMIT 1   [ RunTime:0.000334s ]
SQL: SELECT * FROM `contents` WHERE (  enable=1 and cateid=1  ) LIMIT 1   [ RunTime:0.000251s ]
NOTIC: [8] Undefined index:  HTTP_ACCEPT_LANGUAGE D:\enkjhost\mayning1\web\home\Lib\Action\UtilAction.class.php 第 96 行.
SQL: SHOW COLUMNS FROM `visters` [ RunTime:0.006882s ]
SQL: INSERT INTO `visters` (`ctime`,`info`,`ip`,`page`) VALUES ('2014-11-26 05:25','美国 加利福尼亚 Mountain View、OtherEnglish系统、Other浏览器、','66.249.65.58','产品详情页面') [ RunTime:0.010177s ]
SQL: SHOW COLUMNS FROM `procate` [ RunTime:0.006068s ]
SQL: SHOW COLUMNS FROM `products` [ RunTime:0.005923s ]
NOTIC: [8] Undefined index:  procate D:\enkjhost\mayning1\web\home\Lib\Action\IndexAction.class.php 第 243 行.
NOTIC: [8] Undefined index:  procate2 D:\enkjhost\mayning1\web\home\Lib\Action\IndexAction.class.php 第 244 行.
SQL: SELECT * FROM `procate` WHERE ( id=%d ) LIMIT 1   [ RunTime:0.000240s ]
ERR: 1064:You have an error in your SQL syntax; check the manual that corresponds to your MySQL server version for the right syntax to use near '%d ) LIMIT 1' at line 1
 [ SQL语句 ] : SELECT * FROM `procate` WHERE ( id=%d ) LIMIT 1  
SQL: SELECT * FROM `procate` WHERE ( id=%d ) LIMIT 1   [ RunTime:0.000225s ]
ERR: 1064:You have an error in your SQL syntax; check the manual that corresponds to your MySQL server version for the right syntax to use near '%d ) LIMIT 1' at line 1
 [ SQL语句 ] : SELECT * FROM `procate` WHERE ( id=%d ) LIMIT 1  
SQL: SELECT * FROM `procate` WHERE (  enable =1 and pid=0  ) ORDER BY  sorts desc  [ RunTime:0.000550s ]
SQL: SELECT * FROM `products` WHERE (  id=120 ) LIMIT 1   [ RunTime:0.000387s ]
SQL: SELECT * FROM `procate` WHERE ( id=37 ) LIMIT 1   [ RunTime:0.000323s ]
SQL: SELECT * FROM `procate` WHERE ( id=0 ) LIMIT 1   [ RunTime:0.000314s ]
INFO: [ view_parse ] --START--
INFO: ParseTemplate Behavior ::run [ RunTime:0.023626s ]
INFO: [ view_parse ] --END-- [ RunTime:0.023726s ]
INFO: [ view_filter ] --START--
INFO: ContentReplace Behavior ::run [ RunTime:0.001531s ]
INFO: TokenBuild Behavior ::run [ RunTime:0.001508s ]
INFO: WriteHtmlCache Behavior ::run [ RunTime:0.001345s ]
INFO: ShowRuntime Behavior ::run [ RunTime:0.001591s ]
INFO: [ view_filter ] --END-- [ RunTime:0.006185s ]
INFO: [ view_end ] --START--
INFO: ShowPageTrace Behavior ::run [ RunTime:0.001946s ]
INFO: [ view_end ] --END-- [ RunTime:0.002034s ]

[ 2014-11-26 05:26:13 ] 66.249.65.66 /index.php/Index/news
INFO: [ route_check ] --START--
INFO: CheckRoute Behavior ::run [ RunTime:0.001925s ]
INFO: [ route_check ] --END-- [ RunTime:0.002010s ]
INFO: [ app_begin ] --START--
INFO: ReadHtmlCache Behavior ::run [ RunTime:0.001626s ]
INFO: [ app_begin ] --END-- [ RunTime:0.001698s ]
SQL: SHOW COLUMNS FROM `contents` [ RunTime:0.004981s ]
SQL: SELECT * FROM `contents` WHERE (  enable=1 and cateid=4  ) LIMIT 1   [ RunTime:0.000339s ]
SQL: SELECT * FROM `contents` WHERE (  enable=1 and cateid=1  ) LIMIT 1   [ RunTime:0.000254s ]
NOTIC: [8] Undefined index:  HTTP_ACCEPT_LANGUAGE D:\enkjhost\mayning1\web\home\Lib\Action\UtilAction.class.php 第 96 行.
SQL: SHOW COLUMNS FROM `visters` [ RunTime:0.006836s ]
SQL: INSERT INTO `visters` (`ctime`,`info`,`ip`,`page`) VALUES ('2014-11-26 05:26','美国 加利福尼亚 Mountain View、OtherEnglish系统、Other浏览器、','66.249.65.66','FAQ页面') [ RunTime:0.010295s ]
SQL: SHOW COLUMNS FROM `faqcate` [ RunTime:0.009041s ]
SQL: SHOW COLUMNS FROM `faqs` [ RunTime:0.007227s ]
NOTIC: [8] Undefined index:  faqcate D:\enkjhost\mayning1\web\home\Lib\Action\IndexAction.class.php 第 95 行.
SQL: SELECT * FROM `faqcate` WHERE ( enable=1  ) ORDER BY  sorts desc  [ RunTime:0.000391s ]
SQL: SELECT COUNT(*) AS tp_count FROM `faqs` WHERE (  1=1 and enable=1  ) LIMIT 1   [ RunTime:0.000280s ]
SQL: SELECT * FROM `faqs` WHERE (  1=1 and enable=1  ) ORDER BY sorts desc LIMIT 0,10   [ RunTime:0.000458s ]
INFO: [ view_parse ] --START--
INFO: ParseTemplate Behavior ::run [ RunTime:0.027130s ]
INFO: [ view_parse ] --END-- [ RunTime:0.027229s ]
INFO: [ view_filter ] --START--
INFO: ContentReplace Behavior ::run [ RunTime:0.001491s ]
INFO: TokenBuild Behavior ::run [ RunTime:0.001508s ]
INFO: WriteHtmlCache Behavior ::run [ RunTime:0.001308s ]
INFO: ShowRuntime Behavior ::run [ RunTime:0.001586s ]
INFO: [ view_filter ] --END-- [ RunTime:0.006105s ]
INFO: [ view_end ] --START--
INFO: ShowPageTrace Behavior ::run [ RunTime:0.001816s ]
INFO: [ view_end ] --END-- [ RunTime:0.001895s ]

[ 2014-11-26 09:28:00 ] 66.249.65.66 /index.php/Index/product
INFO: [ route_check ] --START--
INFO: CheckRoute Behavior ::run [ RunTime:0.003956s ]
INFO: [ route_check ] --END-- [ RunTime:0.004058s ]
INFO: [ app_begin ] --START--
INFO: ReadHtmlCache Behavior ::run [ RunTime:0.003338s ]
INFO: [ app_begin ] --END-- [ RunTime:0.003440s ]
SQL: SHOW COLUMNS FROM `contents` [ RunTime:0.007262s ]
SQL: SELECT * FROM `contents` WHERE (  enable=1 and cateid=4  ) LIMIT 1   [ RunTime:0.000398s ]
SQL: SELECT * FROM `contents` WHERE (  enable=1 and cateid=1  ) LIMIT 1   [ RunTime:0.000310s ]
NOTIC: [8] Undefined index:  HTTP_ACCEPT_LANGUAGE D:\enkjhost\mayning1\web\home\Lib\Action\UtilAction.class.php 第 96 行.
SQL: SHOW COLUMNS FROM `visters` [ RunTime:0.007677s ]
SQL: INSERT INTO `visters` (`ctime`,`info`,`ip`,`page`) VALUES ('2014-11-26 09:27','美国 加利福尼亚 Mountain View、OtherEnglish系统、Other浏览器、','66.249.65.66','产品页面') [ RunTime:0.009611s ]
SQL: SHOW COLUMNS FROM `procate` [ RunTime:0.007066s ]
SQL: SHOW COLUMNS FROM `products` [ RunTime:0.006455s ]
NOTIC: [8] Undefined index:  procate D:\enkjhost\mayning1\web\home\Lib\Action\IndexAction.class.php 第 175 行.
NOTIC: [8] Undefined index:  procate2 D:\enkjhost\mayning1\web\home\Lib\Action\IndexAction.class.php 第 176 行.
SQL: SELECT * FROM `procate` WHERE ( id=%d ) LIMIT 1   [ RunTime:0.000194s ]
ERR: 1064:You have an error in your SQL syntax; check the manual that corresponds to your MySQL server version for the right syntax to use near '%d ) LIMIT 1' at line 1
 [ SQL语句 ] : SELECT * FROM `procate` WHERE ( id=%d ) LIMIT 1  
SQL: SELECT * FROM `procate` WHERE ( id=%d ) LIMIT 1   [ RunTime:0.000166s ]
ERR: 1064:You have an error in your SQL syntax; check the manual that corresponds to your MySQL server version for the right syntax to use near '%d ) LIMIT 1' at line 1
 [ SQL语句 ] : SELECT * FROM `procate` WHERE ( id=%d ) LIMIT 1  
SQL: select count(*) as count from products a left join procate b on a.proid = b.id where 1=1 and a.enable=1 and b.enable=1  [ RunTime:0.000629s ]
SQL: select a.id,a.title,a.info,a.imgs,a.ctime from products a left join procate b on a.proid = b.id where 1=1 and a.enable=1 and b.enable=1  order by a.sorts desc limit 0,9 [ RunTime:0.000551s ]
SQL: SELECT * FROM `procate` WHERE (  enable =1 and pid=0   ) ORDER BY  sorts desc  [ RunTime:0.000432s ]
NOTIC: [8] Undefined variable: cate2List D:\enkjhost\mayning1\web\home\Lib\Action\IndexAction.class.php 第 220 行.
INFO: [ view_parse ] --START--
INFO: ParseTemplate Behavior ::run [ RunTime:0.046936s ]
INFO: [ view_parse ] --END-- [ RunTime:0.047052s ]
INFO: [ view_filter ] --START--
INFO: ContentReplace Behavior ::run [ RunTime:0.002910s ]
INFO: TokenBuild Behavior ::run [ RunTime:0.002859s ]
INFO: WriteHtmlCache Behavior ::run [ RunTime:0.002532s ]
INFO: ShowRuntime Behavior ::run [ RunTime:0.003068s ]
INFO: [ view_filter ] --END-- [ RunTime:0.011628s ]
INFO: [ view_end ] --START--
INFO: ShowPageTrace Behavior ::run [ RunTime:0.003497s ]
INFO: [ view_end ] --END-- [ RunTime:0.003594s ]

[ 2014-11-26 09:30:04 ] 101.226.168.236 /index.php/Index/product?procate=25
INFO: [ route_check ] --START--
INFO: CheckRoute Behavior ::run [ RunTime:0.001954s ]
INFO: [ route_check ] --END-- [ RunTime:0.002040s ]
INFO: [ app_begin ] --START--
INFO: ReadHtmlCache Behavior ::run [ RunTime:0.001596s ]
INFO: [ app_begin ] --END-- [ RunTime:0.001669s ]
SQL: SHOW COLUMNS FROM `contents` [ RunTime:0.005084s ]
SQL: SELECT * FROM `contents` WHERE (  enable=1 and cateid=4  ) LIMIT 1   [ RunTime:0.000299s ]
SQL: SELECT * FROM `contents` WHERE (  enable=1 and cateid=1  ) LIMIT 1   [ RunTime:0.000236s ]
SQL: SHOW COLUMNS FROM `visters` [ RunTime:0.007623s ]
SQL: INSERT INTO `visters` (`ctime`,`info`,`ip`,`page`) VALUES ('2014-11-26 09:30','中国 上海 上海、Windows简体中文系统、Chrome浏览器、','101.226.168.236','产品页面') [ RunTime:0.010715s ]
SQL: SHOW COLUMNS FROM `procate` [ RunTime:0.006086s ]
SQL: SHOW COLUMNS FROM `products` [ RunTime:0.006295s ]
NOTIC: [8] Undefined index:  procate2 D:\enkjhost\mayning1\web\home\Lib\Action\IndexAction.class.php 第 176 行.
SQL: SELECT * FROM `procate` WHERE ( id=25 ) LIMIT 1   [ RunTime:0.000362s ]
SQL: SELECT * FROM `procate` WHERE ( id=%d ) LIMIT 1   [ RunTime:0.000227s ]
ERR: 1064:You have an error in your SQL syntax; check the manual that corresponds to your MySQL server version for the right syntax to use near '%d ) LIMIT 1' at line 1
 [ SQL语句 ] : SELECT * FROM `procate` WHERE ( id=%d ) LIMIT 1  
SQL: SELECT * FROM `procate` WHERE ( pid=25 )  [ RunTime:0.000365s ]
SQL: select count(*) as count from products a left join procate b on a.proid = b.id where 1=1 and a.enable=1 and b.enable=1  and ( b.pid=25 or b.id=25) [ RunTime:0.000624s ]
SQL: select a.id,a.title,a.info,a.imgs,a.ctime from products a left join procate b on a.proid = b.id where 1=1 and a.enable=1 and b.enable=1  and ( b.pid=25 or b.id=25) order by a.sorts desc limit 0,9 [ RunTime:0.001142s ]
SQL: SELECT * FROM `procate` WHERE (  enable =1 and pid=0   ) ORDER BY  sorts desc  [ RunTime:0.000501s ]
INFO: [ view_parse ] --START--
INFO: ParseTemplate Behavior ::run [ RunTime:0.030360s ]
INFO: [ view_parse ] --END-- [ RunTime:0.030457s ]
INFO: [ view_filter ] --START--
INFO: ContentReplace Behavior ::run [ RunTime:0.001411s ]
INFO: TokenBuild Behavior ::run [ RunTime:0.001368s ]
INFO: WriteHtmlCache Behavior ::run [ RunTime:0.001217s ]
INFO: ShowRuntime Behavior ::run [ RunTime:0.001459s ]
INFO: [ view_filter ] --END-- [ RunTime:0.005646s ]
INFO: [ view_end ] --START--
INFO: ShowPageTrace Behavior ::run [ RunTime:0.001683s ]
INFO: [ view_end ] --END-- [ RunTime:0.001756s ]

[ 2014-11-26 13:45:17 ] 66.249.65.62 /index.php
INFO: [ app_begin ] --START--
INFO: ReadHtmlCache Behavior ::run [ RunTime:0.003577s ]
INFO: [ app_begin ] --END-- [ RunTime:0.003693s ]
SQL: SHOW COLUMNS FROM `contents` [ RunTime:0.007763s ]
SQL: SELECT * FROM `contents` WHERE (  enable=1 and cateid=4  ) LIMIT 1   [ RunTime:0.000405s ]
SQL: SELECT * FROM `contents` WHERE (  enable=1 and cateid=1  ) LIMIT 1   [ RunTime:0.000316s ]
NOTIC: [8] Undefined index:  HTTP_ACCEPT_LANGUAGE D:\enkjhost\mayning1\web\home\Lib\Action\UtilAction.class.php 第 96 行.
SQL: SHOW COLUMNS FROM `visters` [ RunTime:0.008391s ]
SQL: INSERT INTO `visters` (`ctime`,`info`,`ip`,`page`) VALUES ('2014-11-26 13:45','美国 加利福尼亚 Mountain View、OtherEnglish系统、Other浏览器、','66.249.65.62','系统首页') [ RunTime:0.009877s ]
SQL: SHOW COLUMNS FROM `products` [ RunTime:0.010817s ]
SQL: SELECT * FROM `products` WHERE (  enable=1 and state=1  ) ORDER BY  sorts desc  [ RunTime:0.001148s ]
SQL: SELECT * FROM `products` WHERE (  enable=1 and state=2  ) ORDER BY  sorts desc  [ RunTime:0.000661s ]
INFO: [ view_parse ] --START--
INFO: ParseTemplate Behavior ::run [ RunTime:0.049677s ]
INFO: [ view_parse ] --END-- [ RunTime:0.049809s ]
INFO: [ view_filter ] --START--
INFO: ContentReplace Behavior ::run [ RunTime:0.003069s ]
INFO: TokenBuild Behavior ::run [ RunTime:0.002966s ]
INFO: WriteHtmlCache Behavior ::run [ RunTime:0.002639s ]
INFO: ShowRuntime Behavior ::run [ RunTime:0.003204s ]
INFO: [ view_filter ] --END-- [ RunTime:0.012141s ]
INFO: [ view_end ] --START--
INFO: ShowPageTrace Behavior ::run [ RunTime:0.003729s ]
INFO: [ view_end ] --END-- [ RunTime:0.003829s ]

[ 2014-11-26 13:50:16 ] 66.249.65.66 /index.php/Index/productInfo?id=30
INFO: [ route_check ] --START--
INFO: CheckRoute Behavior ::run [ RunTime:0.006590s ]
INFO: [ route_check ] --END-- [ RunTime:0.006701s ]
INFO: [ app_begin ] --START--
INFO: ReadHtmlCache Behavior ::run [ RunTime:0.002193s ]
INFO: [ app_begin ] --END-- [ RunTime:0.002289s ]
SQL: SHOW COLUMNS FROM `contents` [ RunTime:0.005275s ]
SQL: SELECT * FROM `contents` WHERE (  enable=1 and cateid=4  ) LIMIT 1   [ RunTime:0.000317s ]
SQL: SELECT * FROM `contents` WHERE (  enable=1 and cateid=1  ) LIMIT 1   [ RunTime:0.000246s ]
NOTIC: [8] Undefined index:  HTTP_ACCEPT_LANGUAGE D:\enkjhost\mayning1\web\home\Lib\Action\UtilAction.class.php 第 96 行.
SQL: SHOW COLUMNS FROM `visters` [ RunTime:0.007169s ]
SQL: INSERT INTO `visters` (`ctime`,`info`,`ip`,`page`) VALUES ('2014-11-26 13:50','美国 加利福尼亚 Mountain View、OtherEnglish系统、Other浏览器、','66.249.65.66','产品详情页面') [ RunTime:0.010136s ]
SQL: SHOW COLUMNS FROM `procate` [ RunTime:0.009771s ]
SQL: SHOW COLUMNS FROM `products` [ RunTime:0.006683s ]
NOTIC: [8] Undefined index:  procate D:\enkjhost\mayning1\web\home\Lib\Action\IndexAction.class.php 第 243 行.
NOTIC: [8] Undefined index:  procate2 D:\enkjhost\mayning1\web\home\Lib\Action\IndexAction.class.php 第 244 行.
SQL: SELECT * FROM `procate` WHERE ( id=%d ) LIMIT 1   [ RunTime:0.000215s ]
ERR: 1064:You have an error in your SQL syntax; check the manual that corresponds to your MySQL server version for the right syntax to use near '%d ) LIMIT 1' at line 1
 [ SQL语句 ] : SELECT * FROM `procate` WHERE ( id=%d ) LIMIT 1  
SQL: SELECT * FROM `procate` WHERE ( id=%d ) LIMIT 1   [ RunTime:0.000187s ]
ERR: 1064:You have an error in your SQL syntax; check the manual that corresponds to your MySQL server version for the right syntax to use near '%d ) LIMIT 1' at line 1
 [ SQL语句 ] : SELECT * FROM `procate` WHERE ( id=%d ) LIMIT 1  
SQL: SELECT * FROM `procate` WHERE (  enable =1 and pid=0  ) ORDER BY  sorts desc  [ RunTime:0.000499s ]
SQL: SELECT * FROM `products` WHERE (  id=30 ) LIMIT 1   [ RunTime:0.000331s ]
SQL: SELECT * FROM `procate` WHERE ( id=26 ) LIMIT 1   [ RunTime:0.000268s ]
SQL: SELECT * FROM `procate` WHERE ( id=0 ) LIMIT 1   [ RunTime:0.000255s ]
INFO: [ view_parse ] --START--
INFO: ParseTemplate Behavior ::run [ RunTime:0.028985s ]
INFO: [ view_parse ] --END-- [ RunTime:0.029096s ]
INFO: [ view_filter ] --START--
INFO: ContentReplace Behavior ::run [ RunTime:0.002939s ]
INFO: TokenBuild Behavior ::run [ RunTime:0.001958s ]
INFO: WriteHtmlCache Behavior ::run [ RunTime:0.002513s ]
INFO: ShowRuntime Behavior ::run [ RunTime:0.003006s ]
INFO: [ view_filter ] --END-- [ RunTime:0.010662s ]
INFO: [ view_end ] --START--
INFO: ShowPageTrace Behavior ::run [ RunTime:0.001980s ]
INFO: [ view_end ] --END-- [ RunTime:0.002061s ]

[ 2014-11-26 18:09:35 ] 66.249.65.66 /index.php/Index/productInfo?id=22
INFO: [ route_check ] --START--
INFO: CheckRoute Behavior ::run [ RunTime:0.004186s ]
INFO: [ route_check ] --END-- [ RunTime:0.004304s ]
INFO: [ app_begin ] --START--
INFO: ReadHtmlCache Behavior ::run [ RunTime:0.003322s ]
INFO: [ app_begin ] --END-- [ RunTime:0.003428s ]
SQL: SHOW COLUMNS FROM `contents` [ RunTime:0.008622s ]
SQL: SELECT * FROM `contents` WHERE (  enable=1 and cateid=4  ) LIMIT 1   [ RunTime:0.000391s ]
SQL: SELECT * FROM `contents` WHERE (  enable=1 and cateid=1  ) LIMIT 1   [ RunTime:0.000320s ]
NOTIC: [8] Undefined index:  HTTP_ACCEPT_LANGUAGE D:\enkjhost\mayning1\web\home\Lib\Action\UtilAction.class.php 第 96 行.
SQL: SHOW COLUMNS FROM `visters` [ RunTime:0.007797s ]
SQL: INSERT INTO `visters` (`ctime`,`info`,`ip`,`page`) VALUES ('2014-11-26 18:09','美国 加利福尼亚 Mountain View、OtherEnglish系统、Other浏览器、','66.249.65.66','产品详情页面') [ RunTime:0.009239s ]
SQL: SHOW COLUMNS FROM `procate` [ RunTime:0.007511s ]
SQL: SHOW COLUMNS FROM `products` [ RunTime:0.008727s ]
NOTIC: [8] Undefined index:  procate D:\enkjhost\mayning1\web\home\Lib\Action\IndexAction.class.php 第 243 行.
NOTIC: [8] Undefined index:  procate2 D:\enkjhost\mayning1\web\home\Lib\Action\IndexAction.class.php 第 244 行.
SQL: SELECT * FROM `procate` WHERE ( id=%d ) LIMIT 1   [ RunTime:0.000236s ]
ERR: 1064:You have an error in your SQL syntax; check the manual that corresponds to your MySQL server version for the right syntax to use near '%d ) LIMIT 1' at line 1
 [ SQL语句 ] : SELECT * FROM `procate` WHERE ( id=%d ) LIMIT 1  
SQL: SELECT * FROM `procate` WHERE ( id=%d ) LIMIT 1   [ RunTime:0.000182s ]
ERR: 1064:You have an error in your SQL syntax; check the manual that corresponds to your MySQL server version for the right syntax to use near '%d ) LIMIT 1' at line 1
 [ SQL语句 ] : SELECT * FROM `procate` WHERE ( id=%d ) LIMIT 1  
SQL: SELECT * FROM `procate` WHERE (  enable =1 and pid=0  ) ORDER BY  sorts desc  [ RunTime:0.000612s ]
SQL: SELECT * FROM `products` WHERE (  id=22 ) LIMIT 1   [ RunTime:0.000349s ]
SQL: SELECT * FROM `procate` WHERE ( id=26 ) LIMIT 1   [ RunTime:0.000276s ]
SQL: SELECT * FROM `procate` WHERE ( id=0 ) LIMIT 1   [ RunTime:0.000254s ]
INFO: [ view_parse ] --START--
INFO: ParseTemplate Behavior ::run [ RunTime:0.050817s ]
INFO: [ view_parse ] --END-- [ RunTime:0.050934s ]
INFO: [ view_filter ] --START--
INFO: ContentReplace Behavior ::run [ RunTime:0.003011s ]
INFO: TokenBuild Behavior ::run [ RunTime:0.002983s ]
INFO: WriteHtmlCache Behavior ::run [ RunTime:0.002725s ]
INFO: ShowRuntime Behavior ::run [ RunTime:0.003520s ]
INFO: [ view_filter ] --END-- [ RunTime:0.012515s ]
INFO: [ view_end ] --START--
INFO: ShowPageTrace Behavior ::run [ RunTime:0.003189s ]
INFO: [ view_end ] --END-- [ RunTime:0.003272s ]

[ 2014-11-26 18:30:15 ] 66.249.65.136 /index.php
INFO: [ app_begin ] --START--
INFO: ReadHtmlCache Behavior ::run [ RunTime:0.001668s ]
INFO: [ app_begin ] --END-- [ RunTime:0.001767s ]
SQL: SHOW COLUMNS FROM `contents` [ RunTime:0.005275s ]
SQL: SELECT * FROM `contents` WHERE (  enable=1 and cateid=4  ) LIMIT 1   [ RunTime:0.000298s ]
SQL: SELECT * FROM `contents` WHERE (  enable=1 and cateid=1  ) LIMIT 1   [ RunTime:0.000229s ]
NOTIC: [8] Undefined index:  HTTP_ACCEPT_LANGUAGE D:\enkjhost\mayning1\web\home\Lib\Action\UtilAction.class.php 第 96 行.
SQL: SHOW COLUMNS FROM `visters` [ RunTime:0.008188s ]
SQL: INSERT INTO `visters` (`ctime`,`info`,`ip`,`page`) VALUES ('2014-11-26 18:30','美国 加利福尼亚 Mountain View、OtherEnglish系统、Other浏览器、','66.249.65.136','系统首页') [ RunTime:0.009131s ]
SQL: SHOW COLUMNS FROM `products` [ RunTime:0.007272s ]
SQL: SELECT * FROM `products` WHERE (  enable=1 and state=1  ) ORDER BY  sorts desc  [ RunTime:0.001091s ]
SQL: SELECT * FROM `products` WHERE (  enable=1 and state=2  ) ORDER BY  sorts desc  [ RunTime:0.000583s ]
INFO: [ view_parse ] --START--
INFO: ParseTemplate Behavior ::run [ RunTime:0.028995s ]
INFO: [ view_parse ] --END-- [ RunTime:0.029116s ]
INFO: [ view_filter ] --START--
INFO: ContentReplace Behavior ::run [ RunTime:0.002544s ]
INFO: TokenBuild Behavior ::run [ RunTime:0.002418s ]
INFO: WriteHtmlCache Behavior ::run [ RunTime:0.002217s ]
INFO: ShowRuntime Behavior ::run [ RunTime:0.002589s ]
INFO: [ view_filter ] --END-- [ RunTime:0.010004s ]
INFO: [ view_end ] --START--
INFO: ShowPageTrace Behavior ::run [ RunTime:0.001969s ]
INFO: [ view_end ] --END-- [ RunTime:0.002052s ]

[ 2014-11-26 18:38:34 ] 66.249.65.66 /index.php/Index/productInfo?id=118
INFO: [ route_check ] --START--
INFO: CheckRoute Behavior ::run [ RunTime:0.003547s ]
INFO: [ route_check ] --END-- [ RunTime:0.003645s ]
INFO: [ app_begin ] --START--
INFO: ReadHtmlCache Behavior ::run [ RunTime:0.001823s ]
INFO: [ app_begin ] --END-- [ RunTime:0.001905s ]
SQL: SHOW COLUMNS FROM `contents` [ RunTime:0.005835s ]
SQL: SELECT * FROM `contents` WHERE (  enable=1 and cateid=4  ) LIMIT 1   [ RunTime:0.000360s ]
SQL: SELECT * FROM `contents` WHERE (  enable=1 and cateid=1  ) LIMIT 1   [ RunTime:0.000273s ]
NOTIC: [8] Undefined index:  HTTP_ACCEPT_LANGUAGE D:\enkjhost\mayning1\web\home\Lib\Action\UtilAction.class.php 第 96 行.
SQL: SHOW COLUMNS FROM `visters` [ RunTime:0.007098s ]
SQL: INSERT INTO `visters` (`ctime`,`info`,`ip`,`page`) VALUES ('2014-11-26 18:38','美国 加利福尼亚 Mountain View、OtherEnglish系统、Other浏览器、','66.249.65.66','产品详情页面') [ RunTime:0.010006s ]
SQL: SHOW COLUMNS FROM `procate` [ RunTime:0.008019s ]
SQL: SHOW COLUMNS FROM `products` [ RunTime:0.006475s ]
NOTIC: [8] Undefined index:  procate D:\enkjhost\mayning1\web\home\Lib\Action\IndexAction.class.php 第 243 行.
NOTIC: [8] Undefined index:  procate2 D:\enkjhost\mayning1\web\home\Lib\Action\IndexAction.class.php 第 244 行.
SQL: SELECT * FROM `procate` WHERE ( id=%d ) LIMIT 1   [ RunTime:0.000244s ]
ERR: 1064:You have an error in your SQL syntax; check the manual that corresponds to your MySQL server version for the right syntax to use near '%d ) LIMIT 1' at line 1
 [ SQL语句 ] : SELECT * FROM `procate` WHERE ( id=%d ) LIMIT 1  
SQL: SELECT * FROM `procate` WHERE ( id=%d ) LIMIT 1   [ RunTime:0.000195s ]
ERR: 1064:You have an error in your SQL syntax; check the manual that corresponds to your MySQL server version for the right syntax to use near '%d ) LIMIT 1' at line 1
 [ SQL语句 ] : SELECT * FROM `procate` WHERE ( id=%d ) LIMIT 1  
SQL: SELECT * FROM `procate` WHERE (  enable =1 and pid=0  ) ORDER BY  sorts desc  [ RunTime:0.000534s ]
SQL: SELECT * FROM `products` WHERE (  id=118 ) LIMIT 1   [ RunTime:0.000339s ]
SQL: SELECT * FROM `procate` WHERE ( id=31 ) LIMIT 1   [ RunTime:0.000268s ]
SQL: SELECT * FROM `procate` WHERE ( id=20 ) LIMIT 1   [ RunTime:0.000259s ]
INFO: [ view_parse ] --START--
INFO: ParseTemplate Behavior ::run [ RunTime:0.028243s ]
INFO: [ view_parse ] --END-- [ RunTime:0.028356s ]
INFO: [ view_filter ] --START--
INFO: ContentReplace Behavior ::run [ RunTime:0.002927s ]
INFO: TokenBuild Behavior ::run [ RunTime:0.001936s ]
INFO: WriteHtmlCache Behavior ::run [ RunTime:0.002563s ]
INFO: ShowRuntime Behavior ::run [ RunTime:0.003176s ]
INFO: [ view_filter ] --END-- [ RunTime:0.010862s ]
INFO: [ view_end ] --START--
INFO: ShowPageTrace Behavior ::run [ RunTime:0.003578s ]
INFO: [ view_end ] --END-- [ RunTime:0.003677s ]

[ 2014-11-26 18:40:00 ] 66.249.65.62 /index.php/Index/contact
INFO: [ route_check ] --START--
INFO: CheckRoute Behavior ::run [ RunTime:0.002040s ]
INFO: [ route_check ] --END-- [ RunTime:0.002135s ]
INFO: [ app_begin ] --START--
INFO: ReadHtmlCache Behavior ::run [ RunTime:0.001610s ]
INFO: [ app_begin ] --END-- [ RunTime:0.001690s ]
SQL: SHOW COLUMNS FROM `contents` [ RunTime:0.006290s ]
SQL: SELECT * FROM `contents` WHERE (  enable=1 and cateid=4  ) LIMIT 1   [ RunTime:0.000380s ]
SQL: SELECT * FROM `contents` WHERE (  enable=1 and cateid=1  ) LIMIT 1   [ RunTime:0.000309s ]
NOTIC: [8] Undefined index:  HTTP_ACCEPT_LANGUAGE D:\enkjhost\mayning1\web\home\Lib\Action\UtilAction.class.php 第 96 行.
SQL: SHOW COLUMNS FROM `visters` [ RunTime:0.006678s ]
SQL: INSERT INTO `visters` (`ctime`,`info`,`ip`,`page`) VALUES ('2014-11-26 18:40','美国 加利福尼亚 Mountain View、OtherEnglish系统、Other浏览器、','66.249.65.62','产品详情页面') [ RunTime:0.009535s ]
SQL: SELECT * FROM `contents` WHERE (  enable=1 and cateid=3  ) LIMIT 1   [ RunTime:0.000385s ]
INFO: [ view_parse ] --START--
INFO: ParseTemplate Behavior ::run [ RunTime:0.025718s ]
INFO: [ view_parse ] --END-- [ RunTime:0.025847s ]
INFO: [ view_filter ] --START--
INFO: ContentReplace Behavior ::run [ RunTime:0.001631s ]
INFO: TokenBuild Behavior ::run [ RunTime:0.001647s ]
INFO: WriteHtmlCache Behavior ::run [ RunTime:0.001436s ]
INFO: ShowRuntime Behavior ::run [ RunTime:0.001761s ]
INFO: [ view_filter ] --END-- [ RunTime:0.006757s ]
INFO: [ view_end ] --START--
INFO: ShowPageTrace Behavior ::run [ RunTime:0.002025s ]
INFO: [ view_end ] --END-- [ RunTime:0.002115s ]

[ 2014-11-26 19:06:27 ] 66.249.65.62 /index.php/Index/productInfo?id=30
INFO: [ route_check ] --START--
INFO: CheckRoute Behavior ::run [ RunTime:0.004151s ]
INFO: [ route_check ] --END-- [ RunTime:0.004263s ]
INFO: [ app_begin ] --START--
INFO: ReadHtmlCache Behavior ::run [ RunTime:0.002196s ]
INFO: [ app_begin ] --END-- [ RunTime:0.002292s ]
SQL: SHOW COLUMNS FROM `contents` [ RunTime:0.006954s ]
SQL: SELECT * FROM `contents` WHERE (  enable=1 and cateid=4  ) LIMIT 1   [ RunTime:0.000343s ]
SQL: SELECT * FROM `contents` WHERE (  enable=1 and cateid=1  ) LIMIT 1   [ RunTime:0.000257s ]
NOTIC: [8] Undefined index:  HTTP_ACCEPT_LANGUAGE D:\enkjhost\mayning1\web\home\Lib\Action\UtilAction.class.php 第 96 行.
SQL: SHOW COLUMNS FROM `visters` [ RunTime:0.008275s ]
SQL: INSERT INTO `visters` (`ctime`,`info`,`ip`,`page`) VALUES ('2014-11-26 19:06','美国 加利福尼亚 Mountain View、OtherEnglish系统、Other浏览器、','66.249.65.62','产品详情页面') [ RunTime:0.010048s ]
SQL: SHOW COLUMNS FROM `procate` [ RunTime:0.007949s ]
SQL: SHOW COLUMNS FROM `products` [ RunTime:0.006617s ]
NOTIC: [8] Undefined index:  procate D:\enkjhost\mayning1\web\home\Lib\Action\IndexAction.class.php 第 243 行.
NOTIC: [8] Undefined index:  procate2 D:\enkjhost\mayning1\web\home\Lib\Action\IndexAction.class.php 第 244 行.
SQL: SELECT * FROM `procate` WHERE ( id=%d ) LIMIT 1   [ RunTime:0.000205s ]
ERR: 1064:You have an error in your SQL syntax; check the manual that corresponds to your MySQL server version for the right syntax to use near '%d ) LIMIT 1' at line 1
 [ SQL语句 ] : SELECT * FROM `procate` WHERE ( id=%d ) LIMIT 1  
SQL: SELECT * FROM `procate` WHERE ( id=%d ) LIMIT 1   [ RunTime:0.000174s ]
ERR: 1064:You have an error in your SQL syntax; check the manual that corresponds to your MySQL server version for the right syntax to use near '%d ) LIMIT 1' at line 1
 [ SQL语句 ] : SELECT * FROM `procate` WHERE ( id=%d ) LIMIT 1  
SQL: SELECT * FROM `procate` WHERE (  enable =1 and pid=0  ) ORDER BY  sorts desc  [ RunTime:0.000487s ]
SQL: SELECT * FROM `products` WHERE (  id=30 ) LIMIT 1   [ RunTime:0.000323s ]
SQL: SELECT * FROM `procate` WHERE ( id=26 ) LIMIT 1   [ RunTime:0.000254s ]
SQL: SELECT * FROM `procate` WHERE ( id=0 ) LIMIT 1   [ RunTime:0.000243s ]
INFO: [ view_parse ] --START--
INFO: ParseTemplate Behavior ::run [ RunTime:0.038771s ]
INFO: [ view_parse ] --END-- [ RunTime:0.038871s ]
INFO: [ view_filter ] --START--
INFO: ContentReplace Behavior ::run [ RunTime:0.002522s ]
INFO: TokenBuild Behavior ::run [ RunTime:0.002551s ]
INFO: WriteHtmlCache Behavior ::run [ RunTime:0.002298s ]
INFO: ShowRuntime Behavior ::run [ RunTime:0.001746s ]
INFO: [ view_filter ] --END-- [ RunTime:0.009336s ]
INFO: [ view_end ] --START--
INFO: ShowPageTrace Behavior ::run [ RunTime:0.001921s ]
INFO: [ view_end ] --END-- [ RunTime:0.002004s ]

[ 2014-11-26 19:30:45 ] 66.249.65.62 /index.php/Index/productInfo?id=114
INFO: [ route_check ] --START--
INFO: CheckRoute Behavior ::run [ RunTime:0.004097s ]
INFO: [ route_check ] --END-- [ RunTime:0.004211s ]
INFO: [ app_begin ] --START--
INFO: ReadHtmlCache Behavior ::run [ RunTime:0.003399s ]
INFO: [ app_begin ] --END-- [ RunTime:0.003496s ]
SQL: SHOW COLUMNS FROM `contents` [ RunTime:0.007364s ]
SQL: SELECT * FROM `contents` WHERE (  enable=1 and cateid=4  ) LIMIT 1   [ RunTime:0.000386s ]
SQL: SELECT * FROM `contents` WHERE (  enable=1 and cateid=1  ) LIMIT 1   [ RunTime:0.000318s ]
NOTIC: [8] Undefined index:  HTTP_ACCEPT_LANGUAGE D:\enkjhost\mayning1\web\home\Lib\Action\UtilAction.class.php 第 96 行.
SQL: SHOW COLUMNS FROM `visters` [ RunTime:0.008095s ]
SQL: INSERT INTO `visters` (`ctime`,`info`,`ip`,`page`) VALUES ('2014-11-26 19:30','美国 加利福尼亚 Mountain View、OtherEnglish系统、Other浏览器、','66.249.65.62','产品详情页面') [ RunTime:0.009944s ]
SQL: SHOW COLUMNS FROM `procate` [ RunTime:0.007948s ]
SQL: SHOW COLUMNS FROM `products` [ RunTime:0.007384s ]
NOTIC: [8] Undefined index:  procate D:\enkjhost\mayning1\web\home\Lib\Action\IndexAction.class.php 第 243 行.
NOTIC: [8] Undefined index:  procate2 D:\enkjhost\mayning1\web\home\Lib\Action\IndexAction.class.php 第 244 行.
SQL: SELECT * FROM `procate` WHERE ( id=%d ) LIMIT 1   [ RunTime:0.000203s ]
ERR: 1064:You have an error in your SQL syntax; check the manual that corresponds to your MySQL server version for the right syntax to use near '%d ) LIMIT 1' at line 1
 [ SQL语句 ] : SELECT * FROM `procate` WHERE ( id=%d ) LIMIT 1  
SQL: SELECT * FROM `procate` WHERE ( id=%d ) LIMIT 1   [ RunTime:0.000173s ]
ERR: 1064:You have an error in your SQL syntax; check the manual that corresponds to your MySQL server version for the right syntax to use near '%d ) LIMIT 1' at line 1
 [ SQL语句 ] : SELECT * FROM `procate` WHERE ( id=%d ) LIMIT 1  
SQL: SELECT * FROM `procate` WHERE (  enable =1 and pid=0  ) ORDER BY  sorts desc  [ RunTime:0.000520s ]
SQL: SELECT * FROM `products` WHERE (  id=114 ) LIMIT 1   [ RunTime:0.000323s ]
SQL: SELECT * FROM `procate` WHERE ( id=31 ) LIMIT 1   [ RunTime:0.000260s ]
SQL: SELECT * FROM `procate` WHERE ( id=20 ) LIMIT 1   [ RunTime:0.000289s ]
INFO: [ view_parse ] --START--
INFO: ParseTemplate Behavior ::run [ RunTime:0.029841s ]
INFO: [ view_parse ] --END-- [ RunTime:0.029962s ]
INFO: [ view_filter ] --START--
INFO: ContentReplace Behavior ::run [ RunTime:0.002880s ]
INFO: TokenBuild Behavior ::run [ RunTime:0.002897s ]
INFO: WriteHtmlCache Behavior ::run [ RunTime:0.002617s ]
INFO: ShowRuntime Behavior ::run [ RunTime:0.002035s ]
INFO: [ view_filter ] --END-- [ RunTime:0.010690s ]
INFO: [ view_end ] --START--
INFO: ShowPageTrace Behavior ::run [ RunTime:0.003511s ]
INFO: [ view_end ] --END-- [ RunTime:0.003609s ]

[ 2014-11-26 20:09:56 ] 66.249.65.66 /index.php/Index/productInfo?id=33
INFO: [ route_check ] --START--
INFO: CheckRoute Behavior ::run [ RunTime:0.002456s ]
INFO: [ route_check ] --END-- [ RunTime:0.002572s ]
INFO: [ app_begin ] --START--
INFO: ReadHtmlCache Behavior ::run [ RunTime:0.001877s ]
INFO: [ app_begin ] --END-- [ RunTime:0.001972s ]
SQL: SHOW COLUMNS FROM `contents` [ RunTime:0.005116s ]
SQL: SELECT * FROM `contents` WHERE (  enable=1 and cateid=4  ) LIMIT 1   [ RunTime:0.000371s ]
SQL: SELECT * FROM `contents` WHERE (  enable=1 and cateid=1  ) LIMIT 1   [ RunTime:0.000299s ]
NOTIC: [8] Undefined index:  HTTP_ACCEPT_LANGUAGE D:\enkjhost\mayning1\web\home\Lib\Action\UtilAction.class.php 第 96 行.
SQL: SHOW COLUMNS FROM `visters` [ RunTime:0.006714s ]
SQL: INSERT INTO `visters` (`ctime`,`info`,`ip`,`page`) VALUES ('2014-11-26 20:09','美国 加利福尼亚 Mountain View、OtherEnglish系统、Other浏览器、','66.249.65.66','产品详情页面') [ RunTime:0.010115s ]
SQL: SHOW COLUMNS FROM `procate` [ RunTime:0.006020s ]
SQL: SHOW COLUMNS FROM `products` [ RunTime:0.005852s ]
NOTIC: [8] Undefined index:  procate D:\enkjhost\mayning1\web\home\Lib\Action\IndexAction.class.php 第 243 行.
NOTIC: [8] Undefined index:  procate2 D:\enkjhost\mayning1\web\home\Lib\Action\IndexAction.class.php 第 244 行.
SQL: SELECT * FROM `procate` WHERE ( id=%d ) LIMIT 1   [ RunTime:0.000242s ]
ERR: 1064:You have an error in your SQL syntax; check the manual that corresponds to your MySQL server version for the right syntax to use near '%d ) LIMIT 1' at line 1
 [ SQL语句 ] : SELECT * FROM `procate` WHERE ( id=%d ) LIMIT 1  
SQL: SELECT * FROM `procate` WHERE ( id=%d ) LIMIT 1   [ RunTime:0.000226s ]
ERR: 1064:You have an error in your SQL syntax; check the manual that corresponds to your MySQL server version for the right syntax to use near '%d ) LIMIT 1' at line 1
 [ SQL语句 ] : SELECT * FROM `procate` WHERE ( id=%d ) LIMIT 1  
SQL: SELECT * FROM `procate` WHERE (  enable =1 and pid=0  ) ORDER BY  sorts desc  [ RunTime:0.000562s ]
SQL: SELECT * FROM `products` WHERE (  id=33 ) LIMIT 1   [ RunTime:0.000377s ]
SQL: SELECT * FROM `procate` WHERE ( id=37 ) LIMIT 1   [ RunTime:0.000322s ]
SQL: SELECT * FROM `procate` WHERE ( id=0 ) LIMIT 1   [ RunTime:0.000318s ]
INFO: [ view_parse ] --START--
INFO: ParseTemplate Behavior ::run [ RunTime:0.025573s ]
INFO: [ view_parse ] --END-- [ RunTime:0.025675s ]
INFO: [ view_filter ] --START--
INFO: ContentReplace Behavior ::run [ RunTime:0.002223s ]
INFO: TokenBuild Behavior ::run [ RunTime:0.002236s ]
INFO: WriteHtmlCache Behavior ::run [ RunTime:0.001977s ]
INFO: ShowRuntime Behavior ::run [ RunTime:0.002538s ]
INFO: [ view_filter ] --END-- [ RunTime:0.009201s ]
INFO: [ view_end ] --START--
INFO: ShowPageTrace Behavior ::run [ RunTime:0.003256s ]
INFO: [ view_end ] --END-- [ RunTime:0.003353s ]

[ 2014-11-26 20:14:16 ] 66.249.65.58 /index.php/Index/productInfo?id=119
INFO: [ route_check ] --START--
INFO: CheckRoute Behavior ::run [ RunTime:0.001924s ]
INFO: [ route_check ] --END-- [ RunTime:0.002013s ]
INFO: [ app_begin ] --START--
INFO: ReadHtmlCache Behavior ::run [ RunTime:0.001539s ]
INFO: [ app_begin ] --END-- [ RunTime:0.001612s ]
SQL: SHOW COLUMNS FROM `contents` [ RunTime:0.005128s ]
SQL: SELECT * FROM `contents` WHERE (  enable=1 and cateid=4  ) LIMIT 1   [ RunTime:0.000311s ]
SQL: SELECT * FROM `contents` WHERE (  enable=1 and cateid=1  ) LIMIT 1   [ RunTime:0.000239s ]
NOTIC: [8] Undefined index:  HTTP_ACCEPT_LANGUAGE D:\enkjhost\mayning1\web\home\Lib\Action\UtilAction.class.php 第 96 行.
SQL: SHOW COLUMNS FROM `visters` [ RunTime:0.007248s ]
SQL: INSERT INTO `visters` (`ctime`,`info`,`ip`,`page`) VALUES ('2014-11-26 20:14','美国 加利福尼亚 Mountain View、OtherEnglish系统、Other浏览器、','66.249.65.58','产品详情页面') [ RunTime:0.008907s ]
SQL: SHOW COLUMNS FROM `procate` [ RunTime:0.006108s ]
SQL: SHOW COLUMNS FROM `products` [ RunTime:0.005854s ]
NOTIC: [8] Undefined index:  procate D:\enkjhost\mayning1\web\home\Lib\Action\IndexAction.class.php 第 243 行.
NOTIC: [8] Undefined index:  procate2 D:\enkjhost\mayning1\web\home\Lib\Action\IndexAction.class.php 第 244 行.
SQL: SELECT * FROM `procate` WHERE ( id=%d ) LIMIT 1   [ RunTime:0.000262s ]
ERR: 1064:You have an error in your SQL syntax; check the manual that corresponds to your MySQL server version for the right syntax to use near '%d ) LIMIT 1' at line 1
 [ SQL语句 ] : SELECT * FROM `procate` WHERE ( id=%d ) LIMIT 1  
SQL: SELECT * FROM `procate` WHERE ( id=%d ) LIMIT 1   [ RunTime:0.000264s ]
ERR: 1064:You have an error in your SQL syntax; check the manual that corresponds to your MySQL server version for the right syntax to use near '%d ) LIMIT 1' at line 1
 [ SQL语句 ] : SELECT * FROM `procate` WHERE ( id=%d ) LIMIT 1  
SQL: SELECT * FROM `procate` WHERE (  enable =1 and pid=0  ) ORDER BY  sorts desc  [ RunTime:0.000581s ]
SQL: SELECT * FROM `products` WHERE (  id=119 ) LIMIT 1   [ RunTime:0.000369s ]
SQL: SELECT * FROM `procate` WHERE ( id=11 ) LIMIT 1   [ RunTime:0.000280s ]
SQL: SELECT * FROM `procate` WHERE ( id=0 ) LIMIT 1   [ RunTime:0.000255s ]
INFO: [ view_parse ] --START--
INFO: ParseTemplate Behavior ::run [ RunTime:0.026423s ]
INFO: [ view_parse ] --END-- [ RunTime:0.026536s ]
INFO: [ view_filter ] --START--
INFO: ContentReplace Behavior ::run [ RunTime:0.002760s ]
INFO: TokenBuild Behavior ::run [ RunTime:0.001797s ]
INFO: WriteHtmlCache Behavior ::run [ RunTime:0.001549s ]
INFO: ShowRuntime Behavior ::run [ RunTime:0.001699s ]
INFO: [ view_filter ] --END-- [ RunTime:0.008050s ]
INFO: [ view_end ] --START--
INFO: ShowPageTrace Behavior ::run [ RunTime:0.001804s ]
INFO: [ view_end ] --END-- [ RunTime:0.001885s ]

[ 2014-11-26 20:29:41 ] 10.81.3.218 /index.php
INFO: [ app_begin ] --START--
INFO: ReadHtmlCache Behavior ::run [ RunTime:0.001844s ]
INFO: [ app_begin ] --END-- [ RunTime:0.001937s ]
SQL: SHOW COLUMNS FROM `contents` [ RunTime:0.005626s ]
SQL: SELECT * FROM `contents` WHERE (  enable=1 and cateid=4  ) LIMIT 1   [ RunTime:0.000345s ]
SQL: SELECT * FROM `contents` WHERE (  enable=1 and cateid=1  ) LIMIT 1   [ RunTime:0.000273s ]
NOTIC: [8] Undefined index:  HTTP_ACCEPT_LANGUAGE D:\enkjhost\mayning1\web\home\Lib\Action\UtilAction.class.php 第 96 行.
SQL: SHOW COLUMNS FROM `visters` [ RunTime:0.006075s ]
SQL: INSERT INTO `visters` (`ctime`,`info`,`ip`,`page`) VALUES ('2014-11-26 20:29','  、OtherEnglish系统、Other浏览器、','10.81.3.218','系统首页') [ RunTime:0.009076s ]
SQL: SHOW COLUMNS FROM `products` [ RunTime:0.006203s ]
SQL: SELECT * FROM `products` WHERE (  enable=1 and state=1  ) ORDER BY  sorts desc  [ RunTime:0.001112s ]
SQL: SELECT * FROM `products` WHERE (  enable=1 and state=2  ) ORDER BY  sorts desc  [ RunTime:0.000587s ]
INFO: [ view_parse ] --START--
INFO: ParseTemplate Behavior ::run [ RunTime:0.032860s ]
INFO: [ view_parse ] --END-- [ RunTime:0.032990s ]
INFO: [ view_filter ] --START--
INFO: ContentReplace Behavior ::run [ RunTime:0.002905s ]
INFO: TokenBuild Behavior ::run [ RunTime:0.001943s ]
INFO: WriteHtmlCache Behavior ::run [ RunTime:0.002684s ]
INFO: ShowRuntime Behavior ::run [ RunTime:0.002146s ]
INFO: [ view_filter ] --END-- [ RunTime:0.009942s ]
INFO: [ view_end ] --START--
INFO: ShowPageTrace Behavior ::run [ RunTime:0.002302s ]
INFO: [ view_end ] --END-- [ RunTime:0.002396s ]

[ 2014-11-26 20:58:10 ] 68.180.228.48 /index.php
INFO: [ app_begin ] --START--
INFO: ReadHtmlCache Behavior ::run [ RunTime:0.002124s ]
INFO: [ app_begin ] --END-- [ RunTime:0.002235s ]
SQL: SHOW COLUMNS FROM `contents` [ RunTime:0.006803s ]
SQL: SELECT * FROM `contents` WHERE (  enable=1 and cateid=4  ) LIMIT 1   [ RunTime:0.000396s ]
SQL: SELECT * FROM `contents` WHERE (  enable=1 and cateid=1  ) LIMIT 1   [ RunTime:0.000322s ]
NOTIC: [8] Undefined index:  HTTP_ACCEPT_LANGUAGE D:\enkjhost\mayning1\web\home\Lib\Action\UtilAction.class.php 第 96 行.
SQL: SHOW COLUMNS FROM `visters` [ RunTime:0.007631s ]
SQL: INSERT INTO `visters` (`ctime`,`info`,`ip`,`page`) VALUES ('2014-11-26 20:58','美国 加利福尼亚 Sunnyvale、OtherEnglish系统、Other浏览器、','68.180.228.48','系统首页') [ RunTime:0.009240s ]
SQL: SHOW COLUMNS FROM `products` [ RunTime:0.006938s ]
SQL: SELECT * FROM `products` WHERE (  enable=1 and state=1  ) ORDER BY  sorts desc  [ RunTime:0.001115s ]
SQL: SELECT * FROM `products` WHERE (  enable=1 and state=2  ) ORDER BY  sorts desc  [ RunTime:0.000593s ]
INFO: [ view_parse ] --START--
INFO: ParseTemplate Behavior ::run [ RunTime:0.036578s ]
INFO: [ view_parse ] --END-- [ RunTime:0.036712s ]
INFO: [ view_filter ] --START--
INFO: ContentReplace Behavior ::run [ RunTime:0.001918s ]
INFO: TokenBuild Behavior ::run [ RunTime:0.002834s ]
INFO: WriteHtmlCache Behavior ::run [ RunTime:0.002563s ]
INFO: ShowRuntime Behavior ::run [ RunTime:0.002071s ]
INFO: [ view_filter ] --END-- [ RunTime:0.009652s ]
INFO: [ view_end ] --START--
INFO: ShowPageTrace Behavior ::run [ RunTime:0.002273s ]
INFO: [ view_end ] --END-- [ RunTime:0.002369s ]

[ 2014-11-26 20:59:03 ] 68.180.228.48 /index.php/Index/productInfo?id=120
INFO: [ route_check ] --START--
INFO: CheckRoute Behavior ::run [ RunTime:1.001594s ]
INFO: [ route_check ] --END-- [ RunTime:1.001679s ]
INFO: [ app_begin ] --START--
INFO: ReadHtmlCache Behavior ::run [ RunTime:0.001073s ]
INFO: [ app_begin ] --END-- [ RunTime:0.001135s ]
SQL: SHOW COLUMNS FROM `contents` [ RunTime:0.002922s ]
SQL: SELECT * FROM `contents` WHERE (  enable=1 and cateid=4  ) LIMIT 1   [ RunTime:0.000194s ]
SQL: SELECT * FROM `contents` WHERE (  enable=1 and cateid=1  ) LIMIT 1   [ RunTime:0.000130s ]
NOTIC: [8] Undefined index:  HTTP_ACCEPT_LANGUAGE D:\enkjhost\mayning1\web\home\Lib\Action\UtilAction.class.php 第 96 行.
SQL: SHOW COLUMNS FROM `visters` [ RunTime:0.007516s ]
SQL: INSERT INTO `visters` (`ctime`,`info`,`ip`,`page`) VALUES ('2014-11-26 20:59','美国 加利福尼亚 Sunnyvale、OtherEnglish系统、Other浏览器、','68.180.228.48','产品详情页面') [ RunTime:0.012098s ]
SQL: SHOW COLUMNS FROM `procate` [ RunTime:0.006384s ]
SQL: SHOW COLUMNS FROM `products` [ RunTime:0.006357s ]
NOTIC: [8] Undefined index:  procate D:\enkjhost\mayning1\web\home\Lib\Action\IndexAction.class.php 第 243 行.
NOTIC: [8] Undefined index:  procate2 D:\enkjhost\mayning1\web\home\Lib\Action\IndexAction.class.php 第 244 行.
SQL: SELECT * FROM `procate` WHERE ( id=%d ) LIMIT 1   [ RunTime:0.000235s ]
ERR: 1064:You have an error in your SQL syntax; check the manual that corresponds to your MySQL server version for the right syntax to use near '%d ) LIMIT 1' at line 1
 [ SQL语句 ] : SELECT * FROM `procate` WHERE ( id=%d ) LIMIT 1  
SQL: SELECT * FROM `procate` WHERE ( id=%d ) LIMIT 1   [ RunTime:0.000229s ]
ERR: 1064:You have an error in your SQL syntax; check the manual that corresponds to your MySQL server version for the right syntax to use near '%d ) LIMIT 1' at line 1
 [ SQL语句 ] : SELECT * FROM `procate` WHERE ( id=%d ) LIMIT 1  
SQL: SELECT * FROM `procate` WHERE (  enable =1 and pid=0  ) ORDER BY  sorts desc  [ RunTime:0.000557s ]
SQL: SELECT * FROM `products` WHERE (  id=120 ) LIMIT 1   [ RunTime:0.000388s ]
SQL: SELECT * FROM `procate` WHERE ( id=37 ) LIMIT 1   [ RunTime:0.000328s ]
SQL: SELECT * FROM `procate` WHERE ( id=0 ) LIMIT 1   [ RunTime:0.000315s ]
INFO: [ view_parse ] --START--
INFO: ParseTemplate Behavior ::run [ RunTime:0.028598s ]
INFO: [ view_parse ] --END-- [ RunTime:0.028715s ]
INFO: [ view_filter ] --START--
INFO: ContentReplace Behavior ::run [ RunTime:0.001925s ]
INFO: TokenBuild Behavior ::run [ RunTime:0.001844s ]
INFO: WriteHtmlCache Behavior ::run [ RunTime:0.001643s ]
INFO: ShowRuntime Behavior ::run [ RunTime:0.002003s ]
INFO: [ view_filter ] --END-- [ RunTime:0.007666s ]
INFO: [ view_end ] --START--
INFO: ShowPageTrace Behavior ::run [ RunTime:0.002243s ]
INFO: [ view_end ] --END-- [ RunTime:0.002338s ]

[ 2014-11-26 20:59:22 ] 68.180.228.48 /index.php/Index/aboutUs
INFO: [ route_check ] --START--
INFO: CheckRoute Behavior ::run [ RunTime:0.001988s ]
INFO: [ route_check ] --END-- [ RunTime:0.002075s ]
INFO: [ app_begin ] --START--
INFO: ReadHtmlCache Behavior ::run [ RunTime:0.001647s ]
INFO: [ app_begin ] --END-- [ RunTime:0.001718s ]
SQL: SHOW COLUMNS FROM `contents` [ RunTime:0.005253s ]
SQL: SELECT * FROM `contents` WHERE (  enable=1 and cateid=4  ) LIMIT 1   [ RunTime:0.000335s ]
SQL: SELECT * FROM `contents` WHERE (  enable=1 and cateid=1  ) LIMIT 1   [ RunTime:0.000268s ]
NOTIC: [8] Undefined index:  HTTP_ACCEPT_LANGUAGE D:\enkjhost\mayning1\web\home\Lib\Action\UtilAction.class.php 第 96 行.
SQL: SHOW COLUMNS FROM `visters` [ RunTime:0.007182s ]
SQL: INSERT INTO `visters` (`ctime`,`info`,`ip`,`page`) VALUES ('2014-11-26 20:59','美国 加利福尼亚 Sunnyvale、OtherEnglish系统、Other浏览器、','68.180.228.48','关于我们页面') [ RunTime:0.009098s ]
SQL: SELECT * FROM `contents` WHERE (  enable=1 and cateid=2  ) LIMIT 1   [ RunTime:0.000466s ]
INFO: [ view_parse ] --START--
INFO: ParseTemplate Behavior ::run [ RunTime:0.026429s ]
INFO: [ view_parse ] --END-- [ RunTime:0.026562s ]
INFO: [ view_filter ] --START--
INFO: ContentReplace Behavior ::run [ RunTime:0.001856s ]
INFO: TokenBuild Behavior ::run [ RunTime:0.001869s ]
INFO: WriteHtmlCache Behavior ::run [ RunTime:0.001693s ]
INFO: ShowRuntime Behavior ::run [ RunTime:0.001953s ]
INFO: [ view_filter ] --END-- [ RunTime:0.007649s ]
INFO: [ view_end ] --START--
INFO: ShowPageTrace Behavior ::run [ RunTime:0.002235s ]
INFO: [ view_end ] --END-- [ RunTime:0.002324s ]

[ 2014-11-26 21:01:19 ] 123.125.71.79 /index.php/Index/product?procate=18
INFO: [ route_check ] --START--
INFO: CheckRoute Behavior ::run [ RunTime:0.002039s ]
INFO: [ route_check ] --END-- [ RunTime:0.002125s ]
INFO: [ app_begin ] --START--
INFO: ReadHtmlCache Behavior ::run [ RunTime:0.001640s ]
INFO: [ app_begin ] --END-- [ RunTime:0.001711s ]
SQL: SHOW COLUMNS FROM `contents` [ RunTime:0.006728s ]
SQL: SELECT * FROM `contents` WHERE (  enable=1 and cateid=4  ) LIMIT 1   [ RunTime:0.000404s ]
SQL: SELECT * FROM `contents` WHERE (  enable=1 and cateid=1  ) LIMIT 1   [ RunTime:0.000326s ]
SQL: SHOW COLUMNS FROM `visters` [ RunTime:0.006562s ]
SQL: INSERT INTO `visters` (`ctime`,`info`,`ip`,`page`) VALUES ('2014-11-26 21:01','中国 北京 北京、Other简体中文系统、Other浏览器、','123.125.71.79','产品页面') [ RunTime:0.009670s ]
SQL: SHOW COLUMNS FROM `procate` [ RunTime:0.006477s ]
SQL: SHOW COLUMNS FROM `products` [ RunTime:0.006490s ]
NOTIC: [8] Undefined index:  procate2 D:\enkjhost\mayning1\web\home\Lib\Action\IndexAction.class.php 第 176 行.
SQL: SELECT * FROM `procate` WHERE ( id=18 ) LIMIT 1   [ RunTime:0.000388s ]
SQL: SELECT * FROM `procate` WHERE ( id=%d ) LIMIT 1   [ RunTime:0.000266s ]
ERR: 1064:You have an error in your SQL syntax; check the manual that corresponds to your MySQL server version for the right syntax to use near '%d ) LIMIT 1' at line 1
 [ SQL语句 ] : SELECT * FROM `procate` WHERE ( id=%d ) LIMIT 1  
SQL: SELECT * FROM `procate` WHERE ( pid=18 )  [ RunTime:0.000421s ]
SQL: select count(*) as count from products a left join procate b on a.proid = b.id where 1=1 and a.enable=1 and b.enable=1  and ( b.pid=18 or b.id=18) [ RunTime:0.000708s ]
SQL: select a.id,a.title,a.info,a.imgs,a.ctime from products a left join procate b on a.proid = b.id where 1=1 and a.enable=1 and b.enable=1  and ( b.pid=18 or b.id=18) order by a.sorts desc limit 0,9 [ RunTime:0.001093s ]
SQL: SELECT * FROM `procate` WHERE (  enable =1 and pid=0   ) ORDER BY  sorts desc  [ RunTime:0.000486s ]
INFO: [ view_parse ] --START--
INFO: ParseTemplate Behavior ::run [ RunTime:0.035442s ]
INFO: [ view_parse ] --END-- [ RunTime:0.035556s ]
INFO: [ view_filter ] --START--
INFO: ContentReplace Behavior ::run [ RunTime:0.001935s ]
INFO: TokenBuild Behavior ::run [ RunTime:0.001889s ]
INFO: WriteHtmlCache Behavior ::run [ RunTime:0.002576s ]
INFO: ShowRuntime Behavior ::run [ RunTime:0.002976s ]
INFO: [ view_filter ] --END-- [ RunTime:0.009621s ]
INFO: [ view_end ] --START--
INFO: ShowPageTrace Behavior ::run [ RunTime:0.001975s ]
INFO: [ view_end ] --END-- [ RunTime:0.002056s ]

[ 2014-11-26 21:05:51 ] 66.249.65.58 /index.php/Index/productInfo?id=120
INFO: [ route_check ] --START--
INFO: CheckRoute Behavior ::run [ RunTime:0.002651s ]
INFO: [ route_check ] --END-- [ RunTime:0.002763s ]
INFO: [ app_begin ] --START--
INFO: ReadHtmlCache Behavior ::run [ RunTime:0.002159s ]
INFO: [ app_begin ] --END-- [ RunTime:0.002252s ]
SQL: SHOW COLUMNS FROM `contents` [ RunTime:0.005457s ]
SQL: SELECT * FROM `contents` WHERE (  enable=1 and cateid=4  ) LIMIT 1   [ RunTime:0.000313s ]
SQL: SELECT * FROM `contents` WHERE (  enable=1 and cateid=1  ) LIMIT 1   [ RunTime:0.000236s ]
NOTIC: [8] Undefined index:  HTTP_ACCEPT_LANGUAGE D:\enkjhost\mayning1\web\home\Lib\Action\UtilAction.class.php 第 96 行.
SQL: SHOW COLUMNS FROM `visters` [ RunTime:0.007705s ]
SQL: INSERT INTO `visters` (`ctime`,`info`,`ip`,`page`) VALUES ('2014-11-26 21:05','美国 加利福尼亚 Mountain View、OtherEnglish系统、Other浏览器、','66.249.65.58','产品详情页面') [ RunTime:0.012523s ]
SQL: SHOW COLUMNS FROM `procate` [ RunTime:0.006390s ]
SQL: SHOW COLUMNS FROM `products` [ RunTime:0.006474s ]
NOTIC: [8] Undefined index:  procate D:\enkjhost\mayning1\web\home\Lib\Action\IndexAction.class.php 第 243 行.
NOTIC: [8] Undefined index:  procate2 D:\enkjhost\mayning1\web\home\Lib\Action\IndexAction.class.php 第 244 行.
SQL: SELECT * FROM `procate` WHERE ( id=%d ) LIMIT 1   [ RunTime:0.000248s ]
ERR: 1064:You have an error in your SQL syntax; check the manual that corresponds to your MySQL server version for the right syntax to use near '%d ) LIMIT 1' at line 1
 [ SQL语句 ] : SELECT * FROM `procate` WHERE ( id=%d ) LIMIT 1  
SQL: SELECT * FROM `procate` WHERE ( id=%d ) LIMIT 1   [ RunTime:0.000225s ]
ERR: 1064:You have an error in your SQL syntax; check the manual that corresponds to your MySQL server version for the right syntax to use near '%d ) LIMIT 1' at line 1
 [ SQL语句 ] : SELECT * FROM `procate` WHERE ( id=%d ) LIMIT 1  
SQL: SELECT * FROM `procate` WHERE (  enable =1 and pid=0  ) ORDER BY  sorts desc  [ RunTime:0.000526s ]
SQL: SELECT * FROM `products` WHERE (  id=120 ) LIMIT 1   [ RunTime:0.000387s ]
SQL: SELECT * FROM `procate` WHERE ( id=37 ) LIMIT 1   [ RunTime:0.000321s ]
SQL: SELECT * FROM `procate` WHERE ( id=0 ) LIMIT 1   [ RunTime:0.000315s ]
INFO: [ view_parse ] --START--
INFO: ParseTemplate Behavior ::run [ RunTime:0.029673s ]
INFO: [ view_parse ] --END-- [ RunTime:0.029788s ]
INFO: [ view_filter ] --START--
INFO: ContentReplace Behavior ::run [ RunTime:0.001961s ]
INFO: TokenBuild Behavior ::run [ RunTime:0.001902s ]
INFO: WriteHtmlCache Behavior ::run [ RunTime:0.001697s ]
INFO: ShowRuntime Behavior ::run [ RunTime:0.002024s ]
INFO: [ view_filter ] --END-- [ RunTime:0.007835s ]
INFO: [ view_end ] --START--
INFO: ShowPageTrace Behavior ::run [ RunTime:0.002294s ]
INFO: [ view_end ] --END-- [ RunTime:0.002390s ]

[ 2014-11-26 21:08:59 ] 5.255.253.87 /index.php
INFO: [ app_begin ] --START--
INFO: ReadHtmlCache Behavior ::run [ RunTime:0.002004s ]
INFO: [ app_begin ] --END-- [ RunTime:0.002102s ]
SQL: SHOW COLUMNS FROM `contents` [ RunTime:0.005450s ]
SQL: SELECT * FROM `contents` WHERE (  enable=1 and cateid=4  ) LIMIT 1   [ RunTime:0.000322s ]
SQL: SELECT * FROM `contents` WHERE (  enable=1 and cateid=1  ) LIMIT 1   [ RunTime:0.000246s ]
SQL: SHOW COLUMNS FROM `visters` [ RunTime:0.007041s ]
SQL: INSERT INTO `visters` (`ctime`,`info`,`ip`,`page`) VALUES ('2014-11-26 21:08','俄罗斯  、OtherEnglish系统、Other浏览器、','5.255.253.87','系统首页') [ RunTime:0.009299s ]
SQL: SHOW COLUMNS FROM `products` [ RunTime:0.006548s ]
SQL: SELECT * FROM `products` WHERE (  enable=1 and state=1  ) ORDER BY  sorts desc  [ RunTime:0.001182s ]
SQL: SELECT * FROM `products` WHERE (  enable=1 and state=2  ) ORDER BY  sorts desc  [ RunTime:0.000618s ]
INFO: [ view_parse ] --START--
INFO: ParseTemplate Behavior ::run [ RunTime:0.024113s ]
INFO: [ view_parse ] --END-- [ RunTime:0.024223s ]
INFO: [ view_filter ] --START--
INFO: ContentReplace Behavior ::run [ RunTime:0.001624s ]
INFO: TokenBuild Behavior ::run [ RunTime:0.001572s ]
INFO: WriteHtmlCache Behavior ::run [ RunTime:0.001419s ]
INFO: ShowRuntime Behavior ::run [ RunTime:0.001689s ]
INFO: [ view_filter ] --END-- [ RunTime:0.006516s ]
INFO: [ view_end ] --START--
INFO: ShowPageTrace Behavior ::run [ RunTime:0.003046s ]
INFO: [ view_end ] --END-- [ RunTime:0.003127s ]

[ 2014-11-26 21:27:07 ] 66.249.65.66 /index.php/Index/news
INFO: [ route_check ] --START--
INFO: CheckRoute Behavior ::run [ RunTime:0.004073s ]
INFO: [ route_check ] --END-- [ RunTime:0.004188s ]
INFO: [ app_begin ] --START--
INFO: ReadHtmlCache Behavior ::run [ RunTime:0.002121s ]
INFO: [ app_begin ] --END-- [ RunTime:0.002218s ]
SQL: SHOW COLUMNS FROM `contents` [ RunTime:0.006640s ]
SQL: SELECT * FROM `contents` WHERE (  enable=1 and cateid=4  ) LIMIT 1   [ RunTime:0.000394s ]
SQL: SELECT * FROM `contents` WHERE (  enable=1 and cateid=1  ) LIMIT 1   [ RunTime:0.000330s ]
NOTIC: [8] Undefined index:  HTTP_ACCEPT_LANGUAGE D:\enkjhost\mayning1\web\home\Lib\Action\UtilAction.class.php 第 96 行.
SQL: SHOW COLUMNS FROM `visters` [ RunTime:0.005360s ]
SQL: INSERT INTO `visters` (`ctime`,`info`,`ip`,`page`) VALUES ('2014-11-26 21:27','美国 加利福尼亚 Mountain View、OtherEnglish系统、Other浏览器、','66.249.65.66','FAQ页面') [ RunTime:0.009652s ]
SQL: SHOW COLUMNS FROM `faqcate` [ RunTime:0.008074s ]
SQL: SHOW COLUMNS FROM `faqs` [ RunTime:0.006893s ]
NOTIC: [8] Undefined index:  faqcate D:\enkjhost\mayning1\web\home\Lib\Action\IndexAction.class.php 第 95 行.
SQL: SELECT * FROM `faqcate` WHERE ( enable=1  ) ORDER BY  sorts desc  [ RunTime:0.000348s ]
SQL: SELECT COUNT(*) AS tp_count FROM `faqs` WHERE (  1=1 and enable=1  ) LIMIT 1   [ RunTime:0.000268s ]
SQL: SELECT * FROM `faqs` WHERE (  1=1 and enable=1  ) ORDER BY sorts desc LIMIT 0,10   [ RunTime:0.000440s ]
INFO: [ view_parse ] --START--
INFO: ParseTemplate Behavior ::run [ RunTime:0.033326s ]
INFO: [ view_parse ] --END-- [ RunTime:0.033436s ]
INFO: [ view_filter ] --START--
INFO: ContentReplace Behavior ::run [ RunTime:0.002836s ]
INFO: TokenBuild Behavior ::run [ RunTime:0.001898s ]
INFO: WriteHtmlCache Behavior ::run [ RunTime:0.002514s ]
INFO: ShowRuntime Behavior ::run [ RunTime:0.002024s ]
INFO: [ view_filter ] --END-- [ RunTime:0.009530s ]
INFO: [ view_end ] --START--
INFO: ShowPageTrace Behavior ::run [ RunTime:0.002231s ]
INFO: [ view_end ] --END-- [ RunTime:0.002325s ]

[ 2014-11-26 21:34:19 ] 66.249.65.58 /index.php/Index/productInfo?id=58
INFO: [ route_check ] --START--
INFO: CheckRoute Behavior ::run [ RunTime:0.003289s ]
INFO: [ route_check ] --END-- [ RunTime:0.003376s ]
INFO: [ app_begin ] --START--
INFO: ReadHtmlCache Behavior ::run [ RunTime:0.001675s ]
INFO: [ app_begin ] --END-- [ RunTime:0.001747s ]
SQL: SHOW COLUMNS FROM `contents` [ RunTime:0.005279s ]
SQL: SELECT * FROM `contents` WHERE (  enable=1 and cateid=4  ) LIMIT 1   [ RunTime:0.000346s ]
SQL: SELECT * FROM `contents` WHERE (  enable=1 and cateid=1  ) LIMIT 1   [ RunTime:0.000248s ]
NOTIC: [8] Undefined index:  HTTP_ACCEPT_LANGUAGE D:\enkjhost\mayning1\web\home\Lib\Action\UtilAction.class.php 第 96 行.
SQL: SHOW COLUMNS FROM `visters` [ RunTime:0.006579s ]
SQL: INSERT INTO `visters` (`ctime`,`info`,`ip`,`page`) VALUES ('2014-11-26 21:34','美国 加利福尼亚 Mountain View、OtherEnglish系统、Other浏览器、','66.249.65.58','产品详情页面') [ RunTime:0.010717s ]
SQL: SHOW COLUMNS FROM `procate` [ RunTime:0.007123s ]
SQL: SHOW COLUMNS FROM `products` [ RunTime:0.006898s ]
NOTIC: [8] Undefined index:  procate D:\enkjhost\mayning1\web\home\Lib\Action\IndexAction.class.php 第 243 行.
NOTIC: [8] Undefined index:  procate2 D:\enkjhost\mayning1\web\home\Lib\Action\IndexAction.class.php 第 244 行.
SQL: SELECT * FROM `procate` WHERE ( id=%d ) LIMIT 1   [ RunTime:0.000221s ]
ERR: 1064:You have an error in your SQL syntax; check the manual that corresponds to your MySQL server version for the right syntax to use near '%d ) LIMIT 1' at line 1
 [ SQL语句 ] : SELECT * FROM `procate` WHERE ( id=%d ) LIMIT 1  
SQL: SELECT * FROM `procate` WHERE ( id=%d ) LIMIT 1   [ RunTime:0.000185s ]
ERR: 1064:You have an error in your SQL syntax; check the manual that corresponds to your MySQL server version for the right syntax to use near '%d ) LIMIT 1' at line 1
 [ SQL语句 ] : SELECT * FROM `procate` WHERE ( id=%d ) LIMIT 1  
SQL: SELECT * FROM `procate` WHERE (  enable =1 and pid=0  ) ORDER BY  sorts desc  [ RunTime:0.000510s ]
SQL: SELECT * FROM `products` WHERE (  id=58 ) LIMIT 1   [ RunTime:0.000323s ]
SQL: SELECT * FROM `procate` WHERE ( id=21 ) LIMIT 1   [ RunTime:0.000257s ]
SQL: SELECT * FROM `procate` WHERE ( id=0 ) LIMIT 1   [ RunTime:0.000252s ]
INFO: [ view_parse ] --START--
INFO: ParseTemplate Behavior ::run [ RunTime:0.028563s ]
INFO: [ view_parse ] --END-- [ RunTime:0.028675s ]
INFO: [ view_filter ] --START--
INFO: ContentReplace Behavior ::run [ RunTime:0.001925s ]
INFO: TokenBuild Behavior ::run [ RunTime:0.001869s ]
INFO: WriteHtmlCache Behavior ::run [ RunTime:0.001692s ]
INFO: ShowRuntime Behavior ::run [ RunTime:0.002000s ]
INFO: [ view_filter ] --END-- [ RunTime:0.007735s ]
INFO: [ view_end ] --START--
INFO: ShowPageTrace Behavior ::run [ RunTime:0.002262s ]
INFO: [ view_end ] --END-- [ RunTime:0.002361s ]

[ 2014-11-26 22:13:34 ] 180.76.6.61 /index.php/Index/product?procate=&procate2=25
INFO: [ route_check ] --START--
INFO: CheckRoute Behavior ::run [ RunTime:0.003970s ]
INFO: [ route_check ] --END-- [ RunTime:0.004086s ]
INFO: [ app_begin ] --START--
INFO: ReadHtmlCache Behavior ::run [ RunTime:0.003131s ]
INFO: [ app_begin ] --END-- [ RunTime:0.003228s ]
SQL: SHOW COLUMNS FROM `contents` [ RunTime:0.007232s ]
SQL: SELECT * FROM `contents` WHERE (  enable=1 and cateid=4  ) LIMIT 1   [ RunTime:0.000402s ]
SQL: SELECT * FROM `contents` WHERE (  enable=1 and cateid=1  ) LIMIT 1   [ RunTime:0.000316s ]
SQL: SHOW COLUMNS FROM `visters` [ RunTime:0.007583s ]
SQL: INSERT INTO `visters` (`ctime`,`info`,`ip`,`page`) VALUES ('2014-11-26 22:13','中国 北京 北京、OtherEnglish系统、Other浏览器、','180.76.6.61','产品页面') [ RunTime:0.012208s ]
SQL: SHOW COLUMNS FROM `procate` [ RunTime:0.006822s ]
SQL: SHOW COLUMNS FROM `products` [ RunTime:0.006964s ]
SQL: SELECT * FROM `procate` WHERE ( id=0 ) LIMIT 1   [ RunTime:0.000325s ]
SQL: SELECT * FROM `procate` WHERE ( id=25 ) LIMIT 1   [ RunTime:0.000289s ]
SQL: select count(*) as count from products a left join procate b on a.proid = b.id where 1=1 and a.enable=1 and b.enable=1  [ RunTime:0.000579s ]
SQL: select a.id,a.title,a.info,a.imgs,a.ctime from products a left join procate b on a.proid = b.id where 1=1 and a.enable=1 and b.enable=1  order by a.sorts desc limit 0,9 [ RunTime:0.000568s ]
SQL: SELECT * FROM `procate` WHERE (  enable =1 and pid=0   ) ORDER BY  sorts desc  [ RunTime:0.000444s ]
NOTIC: [8] Undefined variable: cate2List D:\enkjhost\mayning1\web\home\Lib\Action\IndexAction.class.php 第 220 行.
INFO: [ view_parse ] --START--
INFO: ParseTemplate Behavior ::run [ RunTime:0.043634s ]
INFO: [ view_parse ] --END-- [ RunTime:0.043753s ]
INFO: [ view_filter ] --START--
INFO: ContentReplace Behavior ::run [ RunTime:0.002739s ]
INFO: TokenBuild Behavior ::run [ RunTime:0.002786s ]
INFO: WriteHtmlCache Behavior ::run [ RunTime:0.002421s ]
INFO: ShowRuntime Behavior ::run [ RunTime:0.003079s ]
INFO: [ view_filter ] --END-- [ RunTime:0.011285s ]
INFO: [ view_end ] --START--
INFO: ShowPageTrace Behavior ::run [ RunTime:0.003357s ]
INFO: [ view_end ] --END-- [ RunTime:0.003452s ]

[ 2014-11-26 22:35:55 ] 66.249.65.58 /index.php/Index/productInfo?id=22
INFO: [ route_check ] --START--
INFO: CheckRoute Behavior ::run [ RunTime:0.002679s ]
INFO: [ route_check ] --END-- [ RunTime:0.002791s ]
INFO: [ app_begin ] --START--
INFO: ReadHtmlCache Behavior ::run [ RunTime:0.003350s ]
INFO: [ app_begin ] --END-- [ RunTime:0.003447s ]
SQL: SHOW COLUMNS FROM `contents` [ RunTime:0.008144s ]
SQL: SELECT * FROM `contents` WHERE (  enable=1 and cateid=4  ) LIMIT 1   [ RunTime:0.000425s ]
SQL: SELECT * FROM `contents` WHERE (  enable=1 and cateid=1  ) LIMIT 1   [ RunTime:0.000320s ]
NOTIC: [8] Undefined index:  HTTP_ACCEPT_LANGUAGE D:\enkjhost\mayning1\web\home\Lib\Action\UtilAction.class.php 第 96 行.
SQL: SHOW COLUMNS FROM `visters` [ RunTime:0.009995s ]
SQL: INSERT INTO `visters` (`ctime`,`info`,`ip`,`page`) VALUES ('2014-11-26 22:35','美国 加利福尼亚 Mountain View、OtherEnglish系统、Other浏览器、','66.249.65.58','产品详情页面') [ RunTime:0.010192s ]
SQL: SHOW COLUMNS FROM `procate` [ RunTime:0.009249s ]
SQL: SHOW COLUMNS FROM `products` [ RunTime:0.008264s ]
NOTIC: [8] Undefined index:  procate D:\enkjhost\mayning1\web\home\Lib\Action\IndexAction.class.php 第 243 行.
NOTIC: [8] Undefined index:  procate2 D:\enkjhost\mayning1\web\home\Lib\Action\IndexAction.class.php 第 244 行.
SQL: SELECT * FROM `procate` WHERE ( id=%d ) LIMIT 1   [ RunTime:0.000218s ]
ERR: 1064:You have an error in your SQL syntax; check the manual that corresponds to your MySQL server version for the right syntax to use near '%d ) LIMIT 1' at line 1
 [ SQL语句 ] : SELECT * FROM `procate` WHERE ( id=%d ) LIMIT 1  
SQL: SELECT * FROM `procate` WHERE ( id=%d ) LIMIT 1   [ RunTime:0.000177s ]
ERR: 1064:You have an error in your SQL syntax; check the manual that corresponds to your MySQL server version for the right syntax to use near '%d ) LIMIT 1' at line 1
 [ SQL语句 ] : SELECT * FROM `procate` WHERE ( id=%d ) LIMIT 1  
SQL: SELECT * FROM `procate` WHERE (  enable =1 and pid=0  ) ORDER BY  sorts desc  [ RunTime:0.000497s ]
SQL: SELECT * FROM `products` WHERE (  id=22 ) LIMIT 1   [ RunTime:0.000323s ]
SQL: SELECT * FROM `procate` WHERE ( id=26 ) LIMIT 1   [ RunTime:0.000253s ]
SQL: SELECT * FROM `procate` WHERE ( id=0 ) LIMIT 1   [ RunTime:0.000256s ]
INFO: [ view_parse ] --START--
INFO: ParseTemplate Behavior ::run [ RunTime:0.038023s ]
INFO: [ view_parse ] --END-- [ RunTime:0.038142s ]
INFO: [ view_filter ] --START--
INFO: ContentReplace Behavior ::run [ RunTime:0.002963s ]
INFO: TokenBuild Behavior ::run [ RunTime:0.001992s ]
INFO: WriteHtmlCache Behavior ::run [ RunTime:0.002663s ]
INFO: ShowRuntime Behavior ::run [ RunTime:0.003100s ]
INFO: [ view_filter ] --END-- [ RunTime:0.010987s ]
INFO: [ view_end ] --START--
INFO: ShowPageTrace Behavior ::run [ RunTime:0.002400s ]
INFO: [ view_end ] --END-- [ RunTime:0.002502s ]

[ 2014-11-26 22:40:56 ] 66.249.65.62 /index.php/Index/productInfo?id=31
INFO: [ route_check ] --START--
INFO: CheckRoute Behavior ::run [ RunTime:0.002399s ]
INFO: [ route_check ] --END-- [ RunTime:0.002511s ]
INFO: [ app_begin ] --START--
INFO: ReadHtmlCache Behavior ::run [ RunTime:0.003086s ]
INFO: [ app_begin ] --END-- [ RunTime:0.003182s ]
SQL: SHOW COLUMNS FROM `contents` [ RunTime:0.006254s ]
SQL: SELECT * FROM `contents` WHERE (  enable=1 and cateid=4  ) LIMIT 1   [ RunTime:0.000400s ]
SQL: SELECT * FROM `contents` WHERE (  enable=1 and cateid=1  ) LIMIT 1   [ RunTime:0.000313s ]
NOTIC: [8] Undefined index:  HTTP_ACCEPT_LANGUAGE D:\enkjhost\mayning1\web\home\Lib\Action\UtilAction.class.php 第 96 行.
SQL: SHOW COLUMNS FROM `visters` [ RunTime:0.006716s ]
SQL: INSERT INTO `visters` (`ctime`,`info`,`ip`,`page`) VALUES ('2014-11-26 22:40','美国 加利福尼亚 Mountain View、OtherEnglish系统、Other浏览器、','66.249.65.62','产品详情页面') [ RunTime:0.008833s ]
SQL: SHOW COLUMNS FROM `procate` [ RunTime:0.005891s ]
SQL: SHOW COLUMNS FROM `products` [ RunTime:0.006073s ]
NOTIC: [8] Undefined index:  procate D:\enkjhost\mayning1\web\home\Lib\Action\IndexAction.class.php 第 243 行.
NOTIC: [8] Undefined index:  procate2 D:\enkjhost\mayning1\web\home\Lib\Action\IndexAction.class.php 第 244 行.
SQL: SELECT * FROM `procate` WHERE ( id=%d ) LIMIT 1   [ RunTime:0.000265s ]
ERR: 1064:You have an error in your SQL syntax; check the manual that corresponds to your MySQL server version for the right syntax to use near '%d ) LIMIT 1' at line 1
 [ SQL语句 ] : SELECT * FROM `procate` WHERE ( id=%d ) LIMIT 1  
SQL: SELECT * FROM `procate` WHERE ( id=%d ) LIMIT 1   [ RunTime:0.000266s ]
ERR: 1064:You have an error in your SQL syntax; check the manual that corresponds to your MySQL server version for the right syntax to use near '%d ) LIMIT 1' at line 1
 [ SQL语句 ] : SELECT * FROM `procate` WHERE ( id=%d ) LIMIT 1  
SQL: SELECT * FROM `procate` WHERE (  enable =1 and pid=0  ) ORDER BY  sorts desc  [ RunTime:0.000615s ]
SQL: SELECT * FROM `products` WHERE (  id=31 ) LIMIT 1   [ RunTime:0.000411s ]
SQL: SELECT * FROM `procate` WHERE ( id=26 ) LIMIT 1   [ RunTime:0.000320s ]
SQL: SELECT * FROM `procate` WHERE ( id=0 ) LIMIT 1   [ RunTime:0.000294s ]
INFO: [ view_parse ] --START--
INFO: ParseTemplate Behavior ::run [ RunTime:0.028910s ]
INFO: [ view_parse ] --END-- [ RunTime:0.029014s ]
INFO: [ view_filter ] --START--
INFO: ContentReplace Behavior ::run [ RunTime:0.002323s ]
INFO: TokenBuild Behavior ::run [ RunTime:0.001427s ]
INFO: WriteHtmlCache Behavior ::run [ RunTime:0.001224s ]
INFO: ShowRuntime Behavior ::run [ RunTime:0.001471s ]
INFO: [ view_filter ] --END-- [ RunTime:0.006661s ]
INFO: [ view_end ] --START--
INFO: ShowPageTrace Behavior ::run [ RunTime:0.001699s ]
INFO: [ view_end ] --END-- [ RunTime:0.001780s ]

[ 2014-11-26 22:42:02 ] 66.249.65.62 /index.php/Index/aboutUs
INFO: [ route_check ] --START--
INFO: CheckRoute Behavior ::run [ RunTime:0.002560s ]
INFO: [ route_check ] --END-- [ RunTime:0.002685s ]
INFO: [ app_begin ] --START--
INFO: ReadHtmlCache Behavior ::run [ RunTime:0.001923s ]
INFO: [ app_begin ] --END-- [ RunTime:0.002019s ]
SQL: SHOW COLUMNS FROM `contents` [ RunTime:0.006210s ]
SQL: SELECT * FROM `contents` WHERE (  enable=1 and cateid=4  ) LIMIT 1   [ RunTime:0.000428s ]
SQL: SELECT * FROM `contents` WHERE (  enable=1 and cateid=1  ) LIMIT 1   [ RunTime:0.000312s ]
NOTIC: [8] Undefined index:  HTTP_ACCEPT_LANGUAGE D:\enkjhost\mayning1\web\home\Lib\Action\UtilAction.class.php 第 96 行.
SQL: SHOW COLUMNS FROM `visters` [ RunTime:0.006562s ]
SQL: INSERT INTO `visters` (`ctime`,`info`,`ip`,`page`) VALUES ('2014-11-26 22:42','美国 加利福尼亚 Mountain View、OtherEnglish系统、Other浏览器、','66.249.65.62','关于我们页面') [ RunTime:0.183663s ]
SQL: SELECT * FROM `contents` WHERE (  enable=1 and cateid=2  ) LIMIT 1   [ RunTime:0.000418s ]
INFO: [ view_parse ] --START--
INFO: ParseTemplate Behavior ::run [ RunTime:0.025438s ]
INFO: [ view_parse ] --END-- [ RunTime:0.025563s ]
INFO: [ view_filter ] --START--
INFO: ContentReplace Behavior ::run [ RunTime:0.001634s ]
INFO: TokenBuild Behavior ::run [ RunTime:0.001627s ]
INFO: WriteHtmlCache Behavior ::run [ RunTime:0.001430s ]
INFO: ShowRuntime Behavior ::run [ RunTime:0.001762s ]
INFO: [ view_filter ] --END-- [ RunTime:0.006722s ]
INFO: [ view_end ] --START--
INFO: ShowPageTrace Behavior ::run [ RunTime:0.002026s ]
INFO: [ view_end ] --END-- [ RunTime:0.002115s ]

[ 2014-11-26 23:19:21 ] 66.249.65.62 /index.php/Index/contact
INFO: [ route_check ] --START--
INFO: CheckRoute Behavior ::run [ RunTime:0.003179s ]
INFO: [ route_check ] --END-- [ RunTime:0.003267s ]
INFO: [ app_begin ] --START--
INFO: ReadHtmlCache Behavior ::run [ RunTime:0.002039s ]
INFO: [ app_begin ] --END-- [ RunTime:0.002125s ]
SQL: SHOW COLUMNS FROM `contents` [ RunTime:0.006916s ]
SQL: SELECT * FROM `contents` WHERE (  enable=1 and cateid=4  ) LIMIT 1   [ RunTime:0.000378s ]
SQL: SELECT * FROM `contents` WHERE (  enable=1 and cateid=1  ) LIMIT 1   [ RunTime:0.000320s ]
NOTIC: [8] Undefined index:  HTTP_ACCEPT_LANGUAGE D:\enkjhost\mayning1\web\home\Lib\Action\UtilAction.class.php 第 96 行.
SQL: SHOW COLUMNS FROM `visters` [ RunTime:0.007694s ]
SQL: INSERT INTO `visters` (`ctime`,`info`,`ip`,`page`) VALUES ('2014-11-26 23:19','美国 加利福尼亚 Mountain View、OtherEnglish系统、Other浏览器、','66.249.65.62','产品详情页面') [ RunTime:0.012827s ]
SQL: SELECT * FROM `contents` WHERE (  enable=1 and cateid=3  ) LIMIT 1   [ RunTime:0.000427s ]
INFO: [ view_parse ] --START--
INFO: ParseTemplate Behavior ::run [ RunTime:0.033159s ]
INFO: [ view_parse ] --END-- [ RunTime:0.033290s ]
INFO: [ view_filter ] --START--
INFO: ContentReplace Behavior ::run [ RunTime:0.002746s ]
INFO: TokenBuild Behavior ::run [ RunTime:0.002848s ]
INFO: WriteHtmlCache Behavior ::run [ RunTime:0.002519s ]
INFO: ShowRuntime Behavior ::run [ RunTime:0.003086s ]
INFO: [ view_filter ] --END-- [ RunTime:0.011492s ]
INFO: [ view_end ] --START--
INFO: ShowPageTrace Behavior ::run [ RunTime:0.003576s ]
INFO: [ view_end ] --END-- [ RunTime:0.003676s ]

[ 2014-11-26 23:20:03 ] 66.249.65.66 /index.php/Index/productInfo?id=118
INFO: [ route_check ] --START--
INFO: CheckRoute Behavior ::run [ RunTime:0.002594s ]
INFO: [ route_check ] --END-- [ RunTime:0.002704s ]
INFO: [ app_begin ] --START--
INFO: ReadHtmlCache Behavior ::run [ RunTime:0.002115s ]
INFO: [ app_begin ] --END-- [ RunTime:0.002209s ]
SQL: SHOW COLUMNS FROM `contents` [ RunTime:0.005075s ]
SQL: SELECT * FROM `contents` WHERE (  enable=1 and cateid=4  ) LIMIT 1   [ RunTime:0.000305s ]
SQL: SELECT * FROM `contents` WHERE (  enable=1 and cateid=1  ) LIMIT 1   [ RunTime:0.000235s ]
NOTIC: [8] Undefined index:  HTTP_ACCEPT_LANGUAGE D:\enkjhost\mayning1\web\home\Lib\Action\UtilAction.class.php 第 96 行.
SQL: SHOW COLUMNS FROM `visters` [ RunTime:0.006967s ]
SQL: INSERT INTO `visters` (`ctime`,`info`,`ip`,`page`) VALUES ('2014-11-26 23:20','美国 加利福尼亚 Mountain View、OtherEnglish系统、Other浏览器、','66.249.65.66','产品详情页面') [ RunTime:0.008986s ]
SQL: SHOW COLUMNS FROM `procate` [ RunTime:0.007088s ]
SQL: SHOW COLUMNS FROM `products` [ RunTime:0.011360s ]
NOTIC: [8] Undefined index:  procate D:\enkjhost\mayning1\web\home\Lib\Action\IndexAction.class.php 第 243 行.
NOTIC: [8] Undefined index:  procate2 D:\enkjhost\mayning1\web\home\Lib\Action\IndexAction.class.php 第 244 行.
SQL: SELECT * FROM `procate` WHERE ( id=%d ) LIMIT 1   [ RunTime:0.000203s ]
ERR: 1064:You have an error in your SQL syntax; check the manual that corresponds to your MySQL server version for the right syntax to use near '%d ) LIMIT 1' at line 1
 [ SQL语句 ] : SELECT * FROM `procate` WHERE ( id=%d ) LIMIT 1  
SQL: SELECT * FROM `procate` WHERE ( id=%d ) LIMIT 1   [ RunTime:0.000157s ]
ERR: 1064:You have an error in your SQL syntax; check the manual that corresponds to your MySQL server version for the right syntax to use near '%d ) LIMIT 1' at line 1
 [ SQL语句 ] : SELECT * FROM `procate` WHERE ( id=%d ) LIMIT 1  
SQL: SELECT * FROM `procate` WHERE (  enable =1 and pid=0  ) ORDER BY  sorts desc  [ RunTime:0.000503s ]
SQL: SELECT * FROM `products` WHERE (  id=118 ) LIMIT 1   [ RunTime:0.000331s ]
SQL: SELECT * FROM `procate` WHERE ( id=31 ) LIMIT 1   [ RunTime:0.000240s ]
SQL: SELECT * FROM `procate` WHERE ( id=20 ) LIMIT 1   [ RunTime:0.000230s ]
INFO: [ view_parse ] --START--
INFO: ParseTemplate Behavior ::run [ RunTime:0.027952s ]
INFO: [ view_parse ] --END-- [ RunTime:0.028066s ]
INFO: [ view_filter ] --START--
INFO: ContentReplace Behavior ::run [ RunTime:0.001846s ]
INFO: TokenBuild Behavior ::run [ RunTime:0.001789s ]
INFO: WriteHtmlCache Behavior ::run [ RunTime:0.001625s ]
INFO: ShowRuntime Behavior ::run [ RunTime:0.001923s ]
INFO: [ view_filter ] --END-- [ RunTime:0.007431s ]
INFO: [ view_end ] --START--
INFO: ShowPageTrace Behavior ::run [ RunTime:0.002195s ]
INFO: [ view_end ] --END-- [ RunTime:0.002290s ]

[ 2014-11-26 23:20:51 ] 66.249.65.136 /index.php
INFO: [ app_begin ] --START--
INFO: ReadHtmlCache Behavior ::run [ RunTime:0.003326s ]
INFO: [ app_begin ] --END-- [ RunTime:0.003438s ]
SQL: SHOW COLUMNS FROM `contents` [ RunTime:0.006524s ]
SQL: SELECT * FROM `contents` WHERE (  enable=1 and cateid=4  ) LIMIT 1   [ RunTime:0.000395s ]
SQL: SELECT * FROM `contents` WHERE (  enable=1 and cateid=1  ) LIMIT 1   [ RunTime:0.000313s ]
NOTIC: [8] Undefined index:  HTTP_ACCEPT_LANGUAGE D:\enkjhost\mayning1\web\home\Lib\Action\UtilAction.class.php 第 96 行.
SQL: SHOW COLUMNS FROM `visters` [ RunTime:0.007717s ]
SQL: INSERT INTO `visters` (`ctime`,`info`,`ip`,`page`) VALUES ('2014-11-26 23:20','美国 加利福尼亚 Mountain View、OtherEnglish系统、Other浏览器、','66.249.65.136','系统首页') [ RunTime:0.066080s ]
SQL: SHOW COLUMNS FROM `products` [ RunTime:0.006615s ]
SQL: SELECT * FROM `products` WHERE (  enable=1 and state=1  ) ORDER BY  sorts desc  [ RunTime:0.001177s ]
SQL: SELECT * FROM `products` WHERE (  enable=1 and state=2  ) ORDER BY  sorts desc  [ RunTime:0.000610s ]
INFO: [ view_parse ] --START--
INFO: ParseTemplate Behavior ::run [ RunTime:0.029979s ]
INFO: [ view_parse ] --END-- [ RunTime:0.030110s ]
INFO: [ view_filter ] --START--
INFO: ContentReplace Behavior ::run [ RunTime:0.002843s ]
INFO: TokenBuild Behavior ::run [ RunTime:0.001870s ]
INFO: WriteHtmlCache Behavior ::run [ RunTime:0.001619s ]
INFO: ShowRuntime Behavior ::run [ RunTime:0.001939s ]
INFO: [ view_filter ] --END-- [ RunTime:0.008529s ]
INFO: [ view_end ] --START--
INFO: ShowPageTrace Behavior ::run [ RunTime:0.002201s ]
INFO: [ view_end ] --END-- [ RunTime:0.002298s ]

[ 2014-11-26 23:21:52 ] 101.226.168.232 /index.php/Index/productInfo?id=31
INFO: [ route_check ] --START--
INFO: CheckRoute Behavior ::run [ RunTime:0.001938s ]
INFO: [ route_check ] --END-- [ RunTime:0.002022s ]
INFO: [ app_begin ] --START--
INFO: ReadHtmlCache Behavior ::run [ RunTime:0.001576s ]
INFO: [ app_begin ] --END-- [ RunTime:0.001649s ]
SQL: SHOW COLUMNS FROM `contents` [ RunTime:0.004977s ]
SQL: SELECT * FROM `contents` WHERE (  enable=1 and cateid=4  ) LIMIT 1   [ RunTime:0.000305s ]
SQL: SELECT * FROM `contents` WHERE (  enable=1 and cateid=1  ) LIMIT 1   [ RunTime:0.000234s ]
SQL: SHOW COLUMNS FROM `visters` [ RunTime:0.006463s ]
SQL: INSERT INTO `visters` (`ctime`,`info`,`ip`,`page`) VALUES ('2014-11-26 23:21','中国 上海 上海、Windows简体中文系统、Chrome浏览器、','101.226.168.232','产品详情页面') [ RunTime:0.183159s ]
SQL: SHOW COLUMNS FROM `procate` [ RunTime:0.006491s ]
SQL: SHOW COLUMNS FROM `products` [ RunTime:0.006013s ]
NOTIC: [8] Undefined index:  procate D:\enkjhost\mayning1\web\home\Lib\Action\IndexAction.class.php 第 243 行.
NOTIC: [8] Undefined index:  procate2 D:\enkjhost\mayning1\web\home\Lib\Action\IndexAction.class.php 第 244 行.
SQL: SELECT * FROM `procate` WHERE ( id=%d ) LIMIT 1   [ RunTime:0.000211s ]
ERR: 1064:You have an error in your SQL syntax; check the manual that corresponds to your MySQL server version for the right syntax to use near '%d ) LIMIT 1' at line 1
 [ SQL语句 ] : SELECT * FROM `procate` WHERE ( id=%d ) LIMIT 1  
SQL: SELECT * FROM `procate` WHERE ( id=%d ) LIMIT 1   [ RunTime:0.000195s ]
ERR: 1064:You have an error in your SQL syntax; check the manual that corresponds to your MySQL server version for the right syntax to use near '%d ) LIMIT 1' at line 1
 [ SQL语句 ] : SELECT * FROM `procate` WHERE ( id=%d ) LIMIT 1  
SQL: SELECT * FROM `procate` WHERE (  enable =1 and pid=0  ) ORDER BY  sorts desc  [ RunTime:0.000516s ]
SQL: SELECT * FROM `products` WHERE (  id=31 ) LIMIT 1   [ RunTime:0.000346s ]
SQL: SELECT * FROM `procate` WHERE ( id=26 ) LIMIT 1   [ RunTime:0.000290s ]
SQL: SELECT * FROM `procate` WHERE ( id=0 ) LIMIT 1   [ RunTime:0.000287s ]
INFO: [ view_parse ] --START--
INFO: ParseTemplate Behavior ::run [ RunTime:0.027174s ]
INFO: [ view_parse ] --END-- [ RunTime:0.027289s ]
INFO: [ view_filter ] --START--
INFO: ContentReplace Behavior ::run [ RunTime:0.001859s ]
INFO: TokenBuild Behavior ::run [ RunTime:0.001812s ]
INFO: WriteHtmlCache Behavior ::run [ RunTime:0.001607s ]
INFO: ShowRuntime Behavior ::run [ RunTime:0.001941s ]
INFO: [ view_filter ] --END-- [ RunTime:0.007471s ]
INFO: [ view_end ] --START--
INFO: ShowPageTrace Behavior ::run [ RunTime:0.002204s ]
INFO: [ view_end ] --END-- [ RunTime:0.002301s ]

[ 2014-11-26 23:21:56 ] 101.226.169.214 /index.php/Index/product
INFO: [ route_check ] --START--
INFO: CheckRoute Behavior ::run [ RunTime:0.001966s ]
INFO: [ route_check ] --END-- [ RunTime:0.002052s ]
INFO: [ app_begin ] --START--
INFO: ReadHtmlCache Behavior ::run [ RunTime:0.001590s ]
INFO: [ app_begin ] --END-- [ RunTime:0.001662s ]
SQL: SHOW COLUMNS FROM `contents` [ RunTime:0.005229s ]
SQL: SELECT * FROM `contents` WHERE (  enable=1 and cateid=4  ) LIMIT 1   [ RunTime:0.000317s ]
SQL: SELECT * FROM `contents` WHERE (  enable=1 and cateid=1  ) LIMIT 1   [ RunTime:0.000259s ]
SQL: SHOW COLUMNS FROM `visters` [ RunTime:0.007024s ]
SQL: INSERT INTO `visters` (`ctime`,`info`,`ip`,`page`) VALUES ('2014-11-26 23:21','中国 上海 上海、Windows简体中文系统、Chrome浏览器、','101.226.169.214','产品页面') [ RunTime:0.010460s ]
SQL: SHOW COLUMNS FROM `procate` [ RunTime:0.006377s ]
SQL: SHOW COLUMNS FROM `products` [ RunTime:0.006591s ]
NOTIC: [8] Undefined index:  procate D:\enkjhost\mayning1\web\home\Lib\Action\IndexAction.class.php 第 175 行.
NOTIC: [8] Undefined index:  procate2 D:\enkjhost\mayning1\web\home\Lib\Action\IndexAction.class.php 第 176 行.
SQL: SELECT * FROM `procate` WHERE ( id=%d ) LIMIT 1   [ RunTime:0.000220s ]
ERR: 1064:You have an error in your SQL syntax; check the manual that corresponds to your MySQL server version for the right syntax to use near '%d ) LIMIT 1' at line 1
 [ SQL语句 ] : SELECT * FROM `procate` WHERE ( id=%d ) LIMIT 1  
SQL: SELECT * FROM `procate` WHERE ( id=%d ) LIMIT 1   [ RunTime:0.000184s ]
ERR: 1064:You have an error in your SQL syntax; check the manual that corresponds to your MySQL server version for the right syntax to use near '%d ) LIMIT 1' at line 1
 [ SQL语句 ] : SELECT * FROM `procate` WHERE ( id=%d ) LIMIT 1  
SQL: select count(*) as count from products a left join procate b on a.proid = b.id where 1=1 and a.enable=1 and b.enable=1  [ RunTime:0.000630s ]
SQL: select a.id,a.title,a.info,a.imgs,a.ctime from products a left join procate b on a.proid = b.id where 1=1 and a.enable=1 and b.enable=1  order by a.sorts desc limit 0,9 [ RunTime:0.000571s ]
SQL: SELECT * FROM `procate` WHERE (  enable =1 and pid=0   ) ORDER BY  sorts desc  [ RunTime:0.000446s ]
NOTIC: [8] Undefined variable: cate2List D:\enkjhost\mayning1\web\home\Lib\Action\IndexAction.class.php 第 220 行.
INFO: [ view_parse ] --START--
INFO: ParseTemplate Behavior ::run [ RunTime:0.032419s ]
INFO: [ view_parse ] --END-- [ RunTime:0.032531s ]
INFO: [ view_filter ] --START--
INFO: ContentReplace Behavior ::run [ RunTime:0.001877s ]
INFO: TokenBuild Behavior ::run [ RunTime:0.001816s ]
INFO: WriteHtmlCache Behavior ::run [ RunTime:0.001610s ]
INFO: ShowRuntime Behavior ::run [ RunTime:0.001953s ]
INFO: [ view_filter ] --END-- [ RunTime:0.007507s ]
INFO: [ view_end ] --START--
INFO: ShowPageTrace Behavior ::run [ RunTime:0.002199s ]
INFO: [ view_end ] --END-- [ RunTime:0.002296s ]

[ 2014-11-26 23:28:23 ] 66.249.65.66 /index.php/Index/productInfo?id=30
INFO: [ route_check ] --START--
INFO: CheckRoute Behavior ::run [ RunTime:0.001992s ]
INFO: [ route_check ] --END-- [ RunTime:0.002078s ]
INFO: [ app_begin ] --START--
INFO: ReadHtmlCache Behavior ::run [ RunTime:0.001594s ]
INFO: [ app_begin ] --END-- [ RunTime:0.001666s ]
SQL: SHOW COLUMNS FROM `contents` [ RunTime:0.005436s ]
SQL: SELECT * FROM `contents` WHERE (  enable=1 and cateid=4  ) LIMIT 1   [ RunTime:0.000319s ]
SQL: SELECT * FROM `contents` WHERE (  enable=1 and cateid=1  ) LIMIT 1   [ RunTime:0.000246s ]
NOTIC: [8] Undefined index:  HTTP_ACCEPT_LANGUAGE D:\enkjhost\mayning1\web\home\Lib\Action\UtilAction.class.php 第 96 行.
SQL: SHOW COLUMNS FROM `visters` [ RunTime:0.007009s ]
SQL: INSERT INTO `visters` (`ctime`,`info`,`ip`,`page`) VALUES ('2014-11-26 23:28','美国 加利福尼亚 Mountain View、OtherEnglish系统、Other浏览器、','66.249.65.66','产品详情页面') [ RunTime:0.010878s ]
SQL: SHOW COLUMNS FROM `procate` [ RunTime:0.006208s ]
SQL: SHOW COLUMNS FROM `products` [ RunTime:0.006170s ]
NOTIC: [8] Undefined index:  procate D:\enkjhost\mayning1\web\home\Lib\Action\IndexAction.class.php 第 243 行.
NOTIC: [8] Undefined index:  procate2 D:\enkjhost\mayning1\web\home\Lib\Action\IndexAction.class.php 第 244 行.
SQL: SELECT * FROM `procate` WHERE ( id=%d ) LIMIT 1   [ RunTime:0.000242s ]
ERR: 1064:You have an error in your SQL syntax; check the manual that corresponds to your MySQL server version for the right syntax to use near '%d ) LIMIT 1' at line 1
 [ SQL语句 ] : SELECT * FROM `procate` WHERE ( id=%d ) LIMIT 1  
SQL: SELECT * FROM `procate` WHERE ( id=%d ) LIMIT 1   [ RunTime:0.000224s ]
ERR: 1064:You have an error in your SQL syntax; check the manual that corresponds to your MySQL server version for the right syntax to use near '%d ) LIMIT 1' at line 1
 [ SQL语句 ] : SELECT * FROM `procate` WHERE ( id=%d ) LIMIT 1  
SQL: SELECT * FROM `procate` WHERE (  enable =1 and pid=0  ) ORDER BY  sorts desc  [ RunTime:0.000532s ]
SQL: SELECT * FROM `products` WHERE (  id=30 ) LIMIT 1   [ RunTime:0.000375s ]
SQL: SELECT * FROM `procate` WHERE ( id=26 ) LIMIT 1   [ RunTime:0.000310s ]
SQL: SELECT * FROM `procate` WHERE ( id=0 ) LIMIT 1   [ RunTime:0.000283s ]
INFO: [ view_parse ] --START--
INFO: ParseTemplate Behavior ::run [ RunTime:0.028906s ]
INFO: [ view_parse ] --END-- [ RunTime:0.029006s ]
INFO: [ view_filter ] --START--
INFO: ContentReplace Behavior ::run [ RunTime:0.001592s ]
INFO: TokenBuild Behavior ::run [ RunTime:0.001554s ]
INFO: WriteHtmlCache Behavior ::run [ RunTime:0.001385s ]
INFO: ShowRuntime Behavior ::run [ RunTime:0.001655s ]
INFO: [ view_filter ] --END-- [ RunTime:0.006395s ]
INFO: [ view_end ] --START--
INFO: ShowPageTrace Behavior ::run [ RunTime:0.002957s ]
INFO: [ view_end ] --END-- [ RunTime:0.003041s ]

[ 2014-11-26 23:47:53 ] 182.118.20.162 /index.php
INFO: [ app_begin ] --START--
INFO: ReadHtmlCache Behavior ::run [ RunTime:0.002032s ]
INFO: [ app_begin ] --END-- [ RunTime:0.002146s ]
SQL: SHOW COLUMNS FROM `contents` [ RunTime:0.006620s ]
SQL: SELECT * FROM `contents` WHERE (  enable=1 and cateid=4  ) LIMIT 1   [ RunTime:0.000395s ]
SQL: SELECT * FROM `contents` WHERE (  enable=1 and cateid=1  ) LIMIT 1   [ RunTime:0.000304s ]
SQL: SHOW COLUMNS FROM `visters` [ RunTime:0.005218s ]
SQL: INSERT INTO `visters` (`ctime`,`info`,`ip`,`page`) VALUES ('2014-11-26 23:47','中国 河南 郑州、Windows简体中文系统、MSIE浏览器、','182.118.20.162','系统首页') [ RunTime:0.011602s ]
SQL: SHOW COLUMNS FROM `products` [ RunTime:0.005104s ]
SQL: SELECT * FROM `products` WHERE (  enable=1 and state=1  ) ORDER BY  sorts desc  [ RunTime:0.000904s ]
SQL: SELECT * FROM `products` WHERE (  enable=1 and state=2  ) ORDER BY  sorts desc  [ RunTime:0.000456s ]
INFO: [ view_parse ] --START--
INFO: ParseTemplate Behavior ::run [ RunTime:0.024400s ]
INFO: [ view_parse ] --END-- [ RunTime:0.024512s ]
INFO: [ view_filter ] --START--
INFO: ContentReplace Behavior ::run [ RunTime:0.001490s ]
INFO: TokenBuild Behavior ::run [ RunTime:0.001429s ]
INFO: WriteHtmlCache Behavior ::run [ RunTime:0.001268s ]
INFO: ShowRuntime Behavior ::run [ RunTime:0.001564s ]
INFO: [ view_filter ] --END-- [ RunTime:0.005967s ]
INFO: [ view_end ] --START--
INFO: ShowPageTrace Behavior ::run [ RunTime:0.001794s ]
INFO: [ view_end ] --END-- [ RunTime:0.001874s ]

