[ 2014-10-24 00:31:42 ] 155.254.34.129 /index.php/Index/productInfo?id=118
INFO: [ route_check ] --START--
INFO: CheckRoute Behavior ::run [ RunTime:0.003912s ]
INFO: [ route_check ] --END-- [ RunTime:0.004023s ]
INFO: [ app_begin ] --START--
INFO: ReadHtmlCache Behavior ::run [ RunTime:0.003113s ]
INFO: [ app_begin ] --END-- [ RunTime:0.003206s ]
SQL: SHOW COLUMNS FROM `contents` [ RunTime:0.006867s ]
SQL: SELECT * FROM `contents` WHERE (  enable=1 and cateid=4  ) LIMIT 1   [ RunTime:0.000425s ]
SQL: SELECT * FROM `contents` WHERE (  enable=1 and cateid=1  ) LIMIT 1   [ RunTime:0.000340s ]
SQL: SHOW COLUMNS FROM `visters` [ RunTime:0.006747s ]
SQL: INSERT INTO `visters` (`ctime`,`info`,`ip`,`page`) VALUES ('2014-10-24 00:31','美国 加利福尼亚 El Segundo、LinuxEnglish系统、Chrome浏览器、','155.254.34.129','产品详情页面') [ RunTime:0.010383s ]
SQL: SHOW COLUMNS FROM `procate` [ RunTime:0.006314s ]
SQL: SHOW COLUMNS FROM `products` [ RunTime:0.005827s ]
NOTIC: [8] Undefined index:  procate D:\enkjhost\mayning1\web\home\Lib\Action\IndexAction.class.php 第 243 行.
NOTIC: [8] Undefined index:  procate2 D:\enkjhost\mayning1\web\home\Lib\Action\IndexAction.class.php 第 244 行.
SQL: SELECT * FROM `procate` WHERE ( id=%d ) LIMIT 1   [ RunTime:0.000176s ]
ERR: 1064:You have an error in your SQL syntax; check the manual that corresponds to your MySQL server version for the right syntax to use near '%d ) LIMIT 1' at line 1
 [ SQL语句 ] : SELECT * FROM `procate` WHERE ( id=%d ) LIMIT 1  
SQL: SELECT * FROM `procate` WHERE ( id=%d ) LIMIT 1   [ RunTime:0.000177s ]
ERR: 1064:You have an error in your SQL syntax; check the manual that corresponds to your MySQL server version for the right syntax to use near '%d ) LIMIT 1' at line 1
 [ SQL语句 ] : SELECT * FROM `procate` WHERE ( id=%d ) LIMIT 1  
SQL: SELECT * FROM `procate` WHERE (  enable =1 and pid=0  )  [ RunTime:0.000367s ]
SQL: SELECT * FROM `products` WHERE (  id=118 ) LIMIT 1   [ RunTime:0.000309s ]
SQL: SELECT * FROM `procate` WHERE ( id=31 ) LIMIT 1   [ RunTime:0.000236s ]
SQL: SELECT * FROM `procate` WHERE ( id=20 ) LIMIT 1   [ RunTime:0.000225s ]
INFO: [ view_parse ] --START--
INFO: ParseTemplate Behavior ::run [ RunTime:0.038175s ]
INFO: [ view_parse ] --END-- [ RunTime:0.038277s ]
INFO: [ view_filter ] --START--
INFO: ContentReplace Behavior ::run [ RunTime:0.002348s ]
INFO: TokenBuild Behavior ::run [ RunTime:0.002428s ]
INFO: WriteHtmlCache Behavior ::run [ RunTime:0.002212s ]
INFO: ShowRuntime Behavior ::run [ RunTime:0.002742s ]
INFO: [ view_filter ] --END-- [ RunTime:0.009951s ]
INFO: [ view_end ] --START--
INFO: ShowPageTrace Behavior ::run [ RunTime:0.003035s ]
INFO: [ view_end ] --END-- [ RunTime:0.003118s ]

[ 2014-10-24 00:31:42 ] 155.254.34.129 /index.php/Index/product?procate=20
INFO: [ route_check ] --START--
INFO: CheckRoute Behavior ::run [ RunTime:0.002624s ]
INFO: [ route_check ] --END-- [ RunTime:0.002733s ]
INFO: [ app_begin ] --START--
INFO: ReadHtmlCache Behavior ::run [ RunTime:0.002138s ]
INFO: [ app_begin ] --END-- [ RunTime:0.002233s ]
SQL: SHOW COLUMNS FROM `contents` [ RunTime:0.004330s ]
SQL: SELECT * FROM `contents` WHERE (  enable=1 and cateid=4  ) LIMIT 1   [ RunTime:0.000282s ]
SQL: SELECT * FROM `contents` WHERE (  enable=1 and cateid=1  ) LIMIT 1   [ RunTime:0.000204s ]
SQL: SHOW COLUMNS FROM `visters` [ RunTime:0.006550s ]
SQL: INSERT INTO `visters` (`ctime`,`info`,`ip`,`page`) VALUES ('2014-10-24 00:31','美国 加利福尼亚 El Segundo、LinuxEnglish系统、Chrome浏览器、','155.254.34.129','产品页面') [ RunTime:0.008824s ]
SQL: SHOW COLUMNS FROM `procate` [ RunTime:0.005939s ]
SQL: SHOW COLUMNS FROM `products` [ RunTime:0.005889s ]
NOTIC: [8] Undefined index:  procate2 D:\enkjhost\mayning1\web\home\Lib\Action\IndexAction.class.php 第 176 行.
SQL: SELECT * FROM `procate` WHERE ( id=20 ) LIMIT 1   [ RunTime:0.000344s ]
SQL: SELECT * FROM `procate` WHERE ( id=%d ) LIMIT 1   [ RunTime:0.000177s ]
ERR: 1064:You have an error in your SQL syntax; check the manual that corresponds to your MySQL server version for the right syntax to use near '%d ) LIMIT 1' at line 1
 [ SQL语句 ] : SELECT * FROM `procate` WHERE ( id=%d ) LIMIT 1  
SQL: SELECT * FROM `procate` WHERE ( pid=20 )  [ RunTime:0.000329s ]
SQL: select count(*) as count from products a left join procate b on a.proid = b.id where 1=1 and a.enable=1 and b.enable=1  and ( b.pid=20 or b.id=20) [ RunTime:0.000560s ]
SQL: select a.id,a.title,a.info,a.imgs,a.ctime from products a left join procate b on a.proid = b.id where 1=1 and a.enable=1 and b.enable=1  and ( b.pid=20 or b.id=20) order by a.sorts desc limit 0,9 [ RunTime:0.000624s ]
SQL: SELECT * FROM `procate` WHERE (  enable =1 and pid=0  )  [ RunTime:0.000319s ]
INFO: [ view_parse ] --START--
INFO: ParseTemplate Behavior ::run [ RunTime:0.032560s ]
INFO: [ view_parse ] --END-- [ RunTime:0.032671s ]
INFO: [ view_filter ] --START--
INFO: ContentReplace Behavior ::run [ RunTime:0.001917s ]
INFO: TokenBuild Behavior ::run [ RunTime:0.001854s ]
INFO: WriteHtmlCache Behavior ::run [ RunTime:0.001592s ]
INFO: ShowRuntime Behavior ::run [ RunTime:0.001669s ]
INFO: [ view_filter ] --END-- [ RunTime:0.007267s ]
INFO: [ view_end ] --START--
INFO: ShowPageTrace Behavior ::run [ RunTime:0.001905s ]
INFO: [ view_end ] --END-- [ RunTime:0.001985s ]

[ 2014-10-24 00:45:54 ] 66.249.64.96 /index.php
INFO: [ app_begin ] --START--
INFO: ReadHtmlCache Behavior ::run [ RunTime:0.001692s ]
INFO: [ app_begin ] --END-- [ RunTime:0.001776s ]
SQL: SHOW COLUMNS FROM `contents` [ RunTime:0.004658s ]
SQL: SELECT * FROM `contents` WHERE (  enable=1 and cateid=4  ) LIMIT 1   [ RunTime:0.000336s ]
SQL: SELECT * FROM `contents` WHERE (  enable=1 and cateid=1  ) LIMIT 1   [ RunTime:0.000228s ]
NOTIC: [8] Undefined index:  HTTP_ACCEPT_LANGUAGE D:\enkjhost\mayning1\web\home\Lib\Action\UtilAction.class.php 第 96 行.
SQL: SHOW COLUMNS FROM `visters` [ RunTime:0.007313s ]
SQL: INSERT INTO `visters` (`ctime`,`info`,`ip`,`page`) VALUES ('2014-10-24 00:45','美国 加利福尼亚 Mountain View、OtherEnglish系统、Other浏览器、','66.249.64.96','系统首页') [ RunTime:0.010412s ]
SQL: SHOW COLUMNS FROM `products` [ RunTime:0.005843s ]
SQL: SELECT * FROM `products` WHERE (  enable=1 and state=1  ) ORDER BY  sorts desc  [ RunTime:0.000997s ]
SQL: SELECT * FROM `products` WHERE (  enable=1 and state=2  ) ORDER BY  sorts desc  [ RunTime:0.000920s ]
INFO: [ view_parse ] --START--
INFO: ParseTemplate Behavior ::run [ RunTime:0.033599s ]
INFO: [ view_parse ] --END-- [ RunTime:0.033714s ]
INFO: [ view_filter ] --START--
INFO: ContentReplace Behavior ::run [ RunTime:0.001968s ]
INFO: TokenBuild Behavior ::run [ RunTime:0.001921s ]
INFO: WriteHtmlCache Behavior ::run [ RunTime:0.001734s ]
INFO: ShowRuntime Behavior ::run [ RunTime:0.002102s ]
INFO: [ view_filter ] --END-- [ RunTime:0.007979s ]
INFO: [ view_end ] --START--
INFO: ShowPageTrace Behavior ::run [ RunTime:0.002334s ]
INFO: [ view_end ] --END-- [ RunTime:0.002430s ]

[ 2014-10-24 01:29:33 ] 180.76.5.26 /index.php/Index/product?procate=20&procate2=32
INFO: [ route_check ] --START--
INFO: CheckRoute Behavior ::run [ RunTime:0.003012s ]
INFO: [ route_check ] --END-- [ RunTime:0.003103s ]
INFO: [ app_begin ] --START--
INFO: ReadHtmlCache Behavior ::run [ RunTime:0.003098s ]
INFO: [ app_begin ] --END-- [ RunTime:0.003183s ]
SQL: SHOW COLUMNS FROM `contents` [ RunTime:0.006482s ]
SQL: SELECT * FROM `contents` WHERE (  enable=1 and cateid=4  ) LIMIT 1   [ RunTime:0.000418s ]
SQL: SELECT * FROM `contents` WHERE (  enable=1 and cateid=1  ) LIMIT 1   [ RunTime:0.000352s ]
SQL: SHOW COLUMNS FROM `visters` [ RunTime:0.007057s ]
SQL: INSERT INTO `visters` (`ctime`,`info`,`ip`,`page`) VALUES ('2014-10-24 01:29','中国 北京 北京、OtherEnglish系统、Other浏览器、','180.76.5.26','产品页面') [ RunTime:0.009155s ]
SQL: SHOW COLUMNS FROM `procate` [ RunTime:0.005620s ]
SQL: SHOW COLUMNS FROM `products` [ RunTime:0.005639s ]
SQL: SELECT * FROM `procate` WHERE ( id=20 ) LIMIT 1   [ RunTime:0.000354s ]
SQL: SELECT * FROM `procate` WHERE ( id=32 ) LIMIT 1   [ RunTime:0.000257s ]
SQL: SELECT * FROM `procate` WHERE ( pid=20 )  [ RunTime:0.000271s ]
SQL: select count(*) as count from products a left join procate b on a.proid = b.id where 1=1 and a.enable=1 and b.enable=1  and ( b.pid=32 or b.id=32) [ RunTime:0.000538s ]
SQL: select a.id,a.title,a.info,a.imgs,a.ctime from products a left join procate b on a.proid = b.id where 1=1 and a.enable=1 and b.enable=1  and ( b.pid=32 or b.id=32) order by a.sorts desc limit 0,9 [ RunTime:0.000983s ]
SQL: SELECT * FROM `procate` WHERE (  enable =1 and pid=0  )  [ RunTime:0.000291s ]
INFO: [ view_parse ] --START--
INFO: ParseTemplate Behavior ::run [ RunTime:0.041463s ]
INFO: [ view_parse ] --END-- [ RunTime:0.041574s ]
INFO: [ view_filter ] --START--
INFO: ContentReplace Behavior ::run [ RunTime:0.001681s ]
INFO: TokenBuild Behavior ::run [ RunTime:0.001549s ]
INFO: WriteHtmlCache Behavior ::run [ RunTime:0.002056s ]
INFO: ShowRuntime Behavior ::run [ RunTime:0.001730s ]
INFO: [ view_filter ] --END-- [ RunTime:0.007238s ]
INFO: [ view_end ] --START--
INFO: ShowPageTrace Behavior ::run [ RunTime:0.001909s ]
INFO: [ view_end ] --END-- [ RunTime:0.001989s ]

[ 2014-10-24 02:02:53 ] 180.76.6.140 /index.php/Index/product?procate=15
INFO: [ route_check ] --START--
INFO: CheckRoute Behavior ::run [ RunTime:0.003840s ]
INFO: [ route_check ] --END-- [ RunTime:0.003953s ]
INFO: [ app_begin ] --START--
INFO: ReadHtmlCache Behavior ::run [ RunTime:0.002100s ]
INFO: [ app_begin ] --END-- [ RunTime:0.002193s ]
SQL: SHOW COLUMNS FROM `contents` [ RunTime:0.004948s ]
SQL: SELECT * FROM `contents` WHERE (  enable=1 and cateid=4  ) LIMIT 1   [ RunTime:0.000323s ]
SQL: SELECT * FROM `contents` WHERE (  enable=1 and cateid=1  ) LIMIT 1   [ RunTime:0.000253s ]
SQL: SHOW COLUMNS FROM `visters` [ RunTime:0.006456s ]
SQL: INSERT INTO `visters` (`ctime`,`info`,`ip`,`page`) VALUES ('2014-10-24 02:02','中国 北京 北京、OtherEnglish系统、Other浏览器、','180.76.6.140','产品页面') [ RunTime:0.009092s ]
SQL: SHOW COLUMNS FROM `procate` [ RunTime:0.006253s ]
SQL: SHOW COLUMNS FROM `products` [ RunTime:0.005871s ]
NOTIC: [8] Undefined index:  procate2 D:\enkjhost\mayning1\web\home\Lib\Action\IndexAction.class.php 第 176 行.
SQL: SELECT * FROM `procate` WHERE ( id=15 ) LIMIT 1   [ RunTime:0.000373s ]
SQL: SELECT * FROM `procate` WHERE ( id=%d ) LIMIT 1   [ RunTime:0.000239s ]
ERR: 1064:You have an error in your SQL syntax; check the manual that corresponds to your MySQL server version for the right syntax to use near '%d ) LIMIT 1' at line 1
 [ SQL语句 ] : SELECT * FROM `procate` WHERE ( id=%d ) LIMIT 1  
SQL: SELECT * FROM `procate` WHERE ( pid=15 )  [ RunTime:0.000371s ]
SQL: select count(*) as count from products a left join procate b on a.proid = b.id where 1=1 and a.enable=1 and b.enable=1  and ( b.pid=15 or b.id=15) [ RunTime:0.000647s ]
SQL: select a.id,a.title,a.info,a.imgs,a.ctime from products a left join procate b on a.proid = b.id where 1=1 and a.enable=1 and b.enable=1  and ( b.pid=15 or b.id=15) order by a.sorts desc limit 0,9 [ RunTime:0.001085s ]
SQL: SELECT * FROM `procate` WHERE (  enable =1 and pid=0  )  [ RunTime:0.000406s ]
INFO: [ view_parse ] --START--
INFO: ParseTemplate Behavior ::run [ RunTime:0.037484s ]
INFO: [ view_parse ] --END-- [ RunTime:0.037596s ]
INFO: [ view_filter ] --START--
INFO: ContentReplace Behavior ::run [ RunTime:0.002674s ]
INFO: TokenBuild Behavior ::run [ RunTime:0.001810s ]
INFO: WriteHtmlCache Behavior ::run [ RunTime:0.001628s ]
INFO: ShowRuntime Behavior ::run [ RunTime:0.001938s ]
INFO: [ view_filter ] --END-- [ RunTime:0.008301s ]
INFO: [ view_end ] --START--
INFO: ShowPageTrace Behavior ::run [ RunTime:0.001878s ]
INFO: [ view_end ] --END-- [ RunTime:0.001960s ]

[ 2014-10-24 02:14:22 ] 220.181.108.99 /index.php/Index/productInfo?id=31
INFO: [ route_check ] --START--
INFO: CheckRoute Behavior ::run [ RunTime:0.002723s ]
INFO: [ route_check ] --END-- [ RunTime:0.002836s ]
INFO: [ app_begin ] --START--
INFO: ReadHtmlCache Behavior ::run [ RunTime:0.002219s ]
INFO: [ app_begin ] --END-- [ RunTime:0.002324s ]
SQL: SHOW COLUMNS FROM `contents` [ RunTime:0.005074s ]
SQL: SELECT * FROM `contents` WHERE (  enable=1 and cateid=4  ) LIMIT 1   [ RunTime:0.000323s ]
SQL: SELECT * FROM `contents` WHERE (  enable=1 and cateid=1  ) LIMIT 1   [ RunTime:0.000225s ]
SQL: SHOW COLUMNS FROM `visters` [ RunTime:0.007313s ]
SQL: INSERT INTO `visters` (`ctime`,`info`,`ip`,`page`) VALUES ('2014-10-24 02:14','中国 北京 北京、Other简体中文系统、Other浏览器、','220.181.108.99','产品详情页面') [ RunTime:0.007811s ]
SQL: SHOW COLUMNS FROM `procate` [ RunTime:0.005579s ]
SQL: SHOW COLUMNS FROM `products` [ RunTime:0.005440s ]
NOTIC: [8] Undefined index:  procate D:\enkjhost\mayning1\web\home\Lib\Action\IndexAction.class.php 第 243 行.
NOTIC: [8] Undefined index:  procate2 D:\enkjhost\mayning1\web\home\Lib\Action\IndexAction.class.php 第 244 行.
SQL: SELECT * FROM `procate` WHERE ( id=%d ) LIMIT 1   [ RunTime:0.000168s ]
ERR: 1064:You have an error in your SQL syntax; check the manual that corresponds to your MySQL server version for the right syntax to use near '%d ) LIMIT 1' at line 1
 [ SQL语句 ] : SELECT * FROM `procate` WHERE ( id=%d ) LIMIT 1  
SQL: SELECT * FROM `procate` WHERE ( id=%d ) LIMIT 1   [ RunTime:0.000136s ]
ERR: 1064:You have an error in your SQL syntax; check the manual that corresponds to your MySQL server version for the right syntax to use near '%d ) LIMIT 1' at line 1
 [ SQL语句 ] : SELECT * FROM `procate` WHERE ( id=%d ) LIMIT 1  
SQL: SELECT * FROM `procate` WHERE (  enable =1 and pid=0  )  [ RunTime:0.000336s ]
SQL: SELECT * FROM `products` WHERE (  id=31 ) LIMIT 1   [ RunTime:0.000273s ]
SQL: SELECT * FROM `procate` WHERE ( id=26 ) LIMIT 1   [ RunTime:0.000225s ]
SQL: SELECT * FROM `procate` WHERE ( id=0 ) LIMIT 1   [ RunTime:0.000206s ]
INFO: [ view_parse ] --START--
INFO: ParseTemplate Behavior ::run [ RunTime:0.030528s ]
INFO: [ view_parse ] --END-- [ RunTime:0.030636s ]
INFO: [ view_filter ] --START--
INFO: ContentReplace Behavior ::run [ RunTime:0.002446s ]
INFO: TokenBuild Behavior ::run [ RunTime:0.001609s ]
INFO: WriteHtmlCache Behavior ::run [ RunTime:0.001447s ]
INFO: ShowRuntime Behavior ::run [ RunTime:0.001709s ]
INFO: [ view_filter ] --END-- [ RunTime:0.007422s ]
INFO: [ view_end ] --START--
INFO: ShowPageTrace Behavior ::run [ RunTime:0.001936s ]
INFO: [ view_end ] --END-- [ RunTime:0.002018s ]

[ 2014-10-24 03:48:51 ] 123.125.71.38 /index.php/Index/product?procate=14
INFO: [ route_check ] --START--
INFO: CheckRoute Behavior ::run [ RunTime:0.004038s ]
INFO: [ route_check ] --END-- [ RunTime:0.004154s ]
INFO: [ app_begin ] --START--
INFO: ReadHtmlCache Behavior ::run [ RunTime:0.003332s ]
INFO: [ app_begin ] --END-- [ RunTime:0.003430s ]
SQL: SHOW COLUMNS FROM `contents` [ RunTime:0.006717s ]
SQL: SELECT * FROM `contents` WHERE (  enable=1 and cateid=4  ) LIMIT 1   [ RunTime:0.000389s ]
SQL: SELECT * FROM `contents` WHERE (  enable=1 and cateid=1  ) LIMIT 1   [ RunTime:0.000319s ]
SQL: SHOW COLUMNS FROM `visters` [ RunTime:0.008485s ]
SQL: INSERT INTO `visters` (`ctime`,`info`,`ip`,`page`) VALUES ('2014-10-24 03:48','中国 北京 北京、Other简体中文系统、Other浏览器、','123.125.71.38','产品页面') [ RunTime:0.009152s ]
SQL: SHOW COLUMNS FROM `procate` [ RunTime:0.006148s ]
SQL: SHOW COLUMNS FROM `products` [ RunTime:0.005788s ]
NOTIC: [8] Undefined index:  procate2 D:\enkjhost\mayning1\web\home\Lib\Action\IndexAction.class.php 第 176 行.
SQL: SELECT * FROM `procate` WHERE ( id=14 ) LIMIT 1   [ RunTime:0.000260s ]
SQL: SELECT * FROM `procate` WHERE ( id=%d ) LIMIT 1   [ RunTime:0.000134s ]
ERR: 1064:You have an error in your SQL syntax; check the manual that corresponds to your MySQL server version for the right syntax to use near '%d ) LIMIT 1' at line 1
 [ SQL语句 ] : SELECT * FROM `procate` WHERE ( id=%d ) LIMIT 1  
SQL: SELECT * FROM `procate` WHERE ( pid=14 )  [ RunTime:0.000234s ]
SQL: select count(*) as count from products a left join procate b on a.proid = b.id where 1=1 and a.enable=1 and b.enable=1  and ( b.pid=14 or b.id=14) [ RunTime:0.000520s ]
SQL: select a.id,a.title,a.info,a.imgs,a.ctime from products a left join procate b on a.proid = b.id where 1=1 and a.enable=1 and b.enable=1  and ( b.pid=14 or b.id=14) order by a.sorts desc limit 0,9 [ RunTime:0.000837s ]
SQL: SELECT * FROM `procate` WHERE (  enable =1 and pid=0  )  [ RunTime:0.000263s ]
INFO: [ view_parse ] --START--
INFO: ParseTemplate Behavior ::run [ RunTime:0.041142s ]
INFO: [ view_parse ] --END-- [ RunTime:0.041245s ]
INFO: [ view_filter ] --START--
INFO: ContentReplace Behavior ::run [ RunTime:0.003004s ]
INFO: TokenBuild Behavior ::run [ RunTime:0.002957s ]
INFO: WriteHtmlCache Behavior ::run [ RunTime:0.002706s ]
INFO: ShowRuntime Behavior ::run [ RunTime:0.003187s ]
INFO: [ view_filter ] --END-- [ RunTime:0.012119s ]
INFO: [ view_end ] --START--
INFO: ShowPageTrace Behavior ::run [ RunTime:0.003712s ]
INFO: [ view_end ] --END-- [ RunTime:0.003811s ]

[ 2014-10-24 05:02:17 ] 66.249.64.78 /index.php
INFO: [ app_begin ] --START--
INFO: ReadHtmlCache Behavior ::run [ RunTime:0.003204s ]
INFO: [ app_begin ] --END-- [ RunTime:0.003319s ]
SQL: SHOW COLUMNS FROM `contents` [ RunTime:0.006111s ]
SQL: SELECT * FROM `contents` WHERE (  enable=1 and cateid=4  ) LIMIT 1   [ RunTime:0.000444s ]
SQL: SELECT * FROM `contents` WHERE (  enable=1 and cateid=1  ) LIMIT 1   [ RunTime:0.000348s ]
NOTIC: [8] Undefined index:  HTTP_ACCEPT_LANGUAGE D:\enkjhost\mayning1\web\home\Lib\Action\UtilAction.class.php 第 96 行.
SQL: SHOW COLUMNS FROM `visters` [ RunTime:0.007010s ]
SQL: INSERT INTO `visters` (`ctime`,`info`,`ip`,`page`) VALUES ('2014-10-24 05:02','美国 加利福尼亚 Mountain View、MACEnglish系统、Safari浏览器、','66.249.64.78','系统首页') [ RunTime:0.009467s ]
SQL: SHOW COLUMNS FROM `products` [ RunTime:0.006460s ]
SQL: SELECT * FROM `products` WHERE (  enable=1 and state=1  ) ORDER BY  sorts desc  [ RunTime:0.001218s ]
SQL: SELECT * FROM `products` WHERE (  enable=1 and state=2  ) ORDER BY  sorts desc  [ RunTime:0.001101s ]
INFO: [ view_parse ] --START--
INFO: ParseTemplate Behavior ::run [ RunTime:0.030599s ]
INFO: [ view_parse ] --END-- [ RunTime:0.030704s ]
INFO: [ view_filter ] --START--
INFO: ContentReplace Behavior ::run [ RunTime:0.002309s ]
INFO: TokenBuild Behavior ::run [ RunTime:0.001589s ]
INFO: WriteHtmlCache Behavior ::run [ RunTime:0.002035s ]
INFO: ShowRuntime Behavior ::run [ RunTime:0.001715s ]
INFO: [ view_filter ] --END-- [ RunTime:0.007868s ]
INFO: [ view_end ] --START--
INFO: ShowPageTrace Behavior ::run [ RunTime:0.001891s ]
INFO: [ view_end ] --END-- [ RunTime:0.001974s ]

[ 2014-10-24 05:30:44 ] 157.55.39.214 /index.php
INFO: [ app_begin ] --START--
INFO: ReadHtmlCache Behavior ::run [ RunTime:0.002037s ]
INFO: [ app_begin ] --END-- [ RunTime:0.002148s ]
SQL: SHOW COLUMNS FROM `contents` [ RunTime:0.005961s ]
SQL: SELECT * FROM `contents` WHERE (  enable=1 and cateid=4  ) LIMIT 1   [ RunTime:0.000493s ]
SQL: SELECT * FROM `contents` WHERE (  enable=1 and cateid=1  ) LIMIT 1   [ RunTime:0.000442s ]
NOTIC: [8] Undefined index:  HTTP_ACCEPT_LANGUAGE D:\enkjhost\mayning1\web\home\Lib\Action\UtilAction.class.php 第 96 行.
SQL: SHOW COLUMNS FROM `visters` [ RunTime:0.006903s ]
SQL: INSERT INTO `visters` (`ctime`,`info`,`ip`,`page`) VALUES ('2014-10-24 05:30','美国 华盛顿州 Redmond、OtherEnglish系统、Other浏览器、','157.55.39.214','系统首页') [ RunTime:0.012601s ]
SQL: SHOW COLUMNS FROM `products` [ RunTime:0.005568s ]
SQL: SELECT * FROM `products` WHERE (  enable=1 and state=1  ) ORDER BY  sorts desc  [ RunTime:0.000996s ]
SQL: SELECT * FROM `products` WHERE (  enable=1 and state=2  ) ORDER BY  sorts desc  [ RunTime:0.000902s ]
INFO: [ view_parse ] --START--
INFO: ParseTemplate Behavior ::run [ RunTime:0.023991s ]
INFO: [ view_parse ] --END-- [ RunTime:0.024098s ]
INFO: [ view_filter ] --START--
INFO: ContentReplace Behavior ::run [ RunTime:0.001528s ]
INFO: TokenBuild Behavior ::run [ RunTime:0.002212s ]
INFO: WriteHtmlCache Behavior ::run [ RunTime:0.001962s ]
INFO: ShowRuntime Behavior ::run [ RunTime:0.001606s ]
INFO: [ view_filter ] --END-- [ RunTime:0.007532s ]
INFO: [ view_end ] --START--
INFO: ShowPageTrace Behavior ::run [ RunTime:0.001824s ]
INFO: [ view_end ] --END-- [ RunTime:0.001904s ]

[ 2014-10-24 06:03:08 ] 123.125.71.114 /index.php
INFO: [ app_begin ] --START--
INFO: ReadHtmlCache Behavior ::run [ RunTime:0.003230s ]
INFO: [ app_begin ] --END-- [ RunTime:0.003341s ]
SQL: SHOW COLUMNS FROM `contents` [ RunTime:0.004827s ]
SQL: SELECT * FROM `contents` WHERE (  enable=1 and cateid=4  ) LIMIT 1   [ RunTime:0.000332s ]
SQL: SELECT * FROM `contents` WHERE (  enable=1 and cateid=1  ) LIMIT 1   [ RunTime:0.000273s ]
SQL: SHOW COLUMNS FROM `visters` [ RunTime:0.006051s ]
SQL: INSERT INTO `visters` (`ctime`,`info`,`ip`,`page`) VALUES ('2014-10-24 06:03','中国 北京 北京、Other简体中文系统、Other浏览器、','123.125.71.114','系统首页') [ RunTime:0.013413s ]
SQL: SHOW COLUMNS FROM `products` [ RunTime:0.005889s ]
SQL: SELECT * FROM `products` WHERE (  enable=1 and state=1  ) ORDER BY  sorts desc  [ RunTime:0.001006s ]
SQL: SELECT * FROM `products` WHERE (  enable=1 and state=2  ) ORDER BY  sorts desc  [ RunTime:0.000909s ]
INFO: [ view_parse ] --START--
INFO: ParseTemplate Behavior ::run [ RunTime:0.034400s ]
INFO: [ view_parse ] --END-- [ RunTime:0.034516s ]
INFO: [ view_filter ] --START--
INFO: ContentReplace Behavior ::run [ RunTime:0.001891s ]
INFO: TokenBuild Behavior ::run [ RunTime:0.002807s ]
INFO: WriteHtmlCache Behavior ::run [ RunTime:0.001663s ]
INFO: ShowRuntime Behavior ::run [ RunTime:0.002976s ]
INFO: [ view_filter ] --END-- [ RunTime:0.009589s ]
INFO: [ view_end ] --START--
INFO: ShowPageTrace Behavior ::run [ RunTime:0.003440s ]
INFO: [ view_end ] --END-- [ RunTime:0.003536s ]

[ 2014-10-24 08:09:24 ] 180.76.5.144 /index.php/Index/product?procate=20&procate2=29
INFO: [ route_check ] --START--
INFO: CheckRoute Behavior ::run [ RunTime:0.003876s ]
INFO: [ route_check ] --END-- [ RunTime:0.003988s ]
INFO: [ app_begin ] --START--
INFO: ReadHtmlCache Behavior ::run [ RunTime:0.003079s ]
INFO: [ app_begin ] --END-- [ RunTime:0.003174s ]
SQL: SHOW COLUMNS FROM `contents` [ RunTime:0.006929s ]
SQL: SELECT * FROM `contents` WHERE (  enable=1 and cateid=4  ) LIMIT 1   [ RunTime:0.000430s ]
SQL: SELECT * FROM `contents` WHERE (  enable=1 and cateid=1  ) LIMIT 1   [ RunTime:0.000356s ]
SQL: SHOW COLUMNS FROM `visters` [ RunTime:0.006302s ]
SQL: INSERT INTO `visters` (`ctime`,`info`,`ip`,`page`) VALUES ('2014-10-24 08:09','中国 北京 北京、OtherEnglish系统、Other浏览器、','180.76.5.144','产品页面') [ RunTime:0.008769s ]
SQL: SHOW COLUMNS FROM `procate` [ RunTime:0.006299s ]
SQL: SHOW COLUMNS FROM `products` [ RunTime:0.005638s ]
SQL: SELECT * FROM `procate` WHERE ( id=20 ) LIMIT 1   [ RunTime:0.000354s ]
SQL: SELECT * FROM `procate` WHERE ( id=29 ) LIMIT 1   [ RunTime:0.000295s ]
SQL: SELECT * FROM `procate` WHERE ( pid=20 )  [ RunTime:0.000336s ]
SQL: select count(*) as count from products a left join procate b on a.proid = b.id where 1=1 and a.enable=1 and b.enable=1  and ( b.pid=29 or b.id=29) [ RunTime:0.000600s ]
SQL: select a.id,a.title,a.info,a.imgs,a.ctime from products a left join procate b on a.proid = b.id where 1=1 and a.enable=1 and b.enable=1  and ( b.pid=29 or b.id=29) order by a.sorts desc limit 0,9 [ RunTime:0.001045s ]
SQL: SELECT * FROM `procate` WHERE (  enable =1 and pid=0  )  [ RunTime:0.000367s ]
INFO: [ view_parse ] --START--
INFO: ParseTemplate Behavior ::run [ RunTime:0.042739s ]
INFO: [ view_parse ] --END-- [ RunTime:0.042858s ]
INFO: [ view_filter ] --START--
INFO: ContentReplace Behavior ::run [ RunTime:0.002790s ]
INFO: TokenBuild Behavior ::run [ RunTime:0.002713s ]
INFO: WriteHtmlCache Behavior ::run [ RunTime:0.002199s ]
INFO: ShowRuntime Behavior ::run [ RunTime:0.001670s ]
INFO: [ view_filter ] --END-- [ RunTime:0.009617s ]
INFO: [ view_end ] --START--
INFO: ShowPageTrace Behavior ::run [ RunTime:0.002780s ]
INFO: [ view_end ] --END-- [ RunTime:0.002860s ]

[ 2014-10-24 10:54:19 ] 220.181.108.93 /index.php/Index/product?procate=25
INFO: [ route_check ] --START--
INFO: CheckRoute Behavior ::run [ RunTime:0.003882s ]
INFO: [ route_check ] --END-- [ RunTime:0.003997s ]
INFO: [ app_begin ] --START--
INFO: ReadHtmlCache Behavior ::run [ RunTime:0.003110s ]
INFO: [ app_begin ] --END-- [ RunTime:0.003207s ]
SQL: SHOW COLUMNS FROM `contents` [ RunTime:0.009138s ]
SQL: SELECT * FROM `contents` WHERE (  enable=1 and cateid=4  ) LIMIT 1   [ RunTime:0.000432s ]
SQL: SELECT * FROM `contents` WHERE (  enable=1 and cateid=1  ) LIMIT 1   [ RunTime:0.000345s ]
SQL: SHOW COLUMNS FROM `visters` [ RunTime:0.008066s ]
SQL: INSERT INTO `visters` (`ctime`,`info`,`ip`,`page`) VALUES ('2014-10-24 10:54','中国 北京 北京、Other简体中文系统、Other浏览器、','220.181.108.93','产品页面') [ RunTime:0.009942s ]
SQL: SHOW COLUMNS FROM `procate` [ RunTime:0.008967s ]
SQL: SHOW COLUMNS FROM `products` [ RunTime:0.006587s ]
NOTIC: [8] Undefined index:  procate2 D:\enkjhost\mayning1\web\home\Lib\Action\IndexAction.class.php 第 176 行.
SQL: SELECT * FROM `procate` WHERE ( id=25 ) LIMIT 1   [ RunTime:0.000312s ]
SQL: SELECT * FROM `procate` WHERE ( id=%d ) LIMIT 1   [ RunTime:0.000148s ]
ERR: 1064:You have an error in your SQL syntax; check the manual that corresponds to your MySQL server version for the right syntax to use near '%d ) LIMIT 1' at line 1
 [ SQL语句 ] : SELECT * FROM `procate` WHERE ( id=%d ) LIMIT 1  
SQL: SELECT * FROM `procate` WHERE ( pid=25 )  [ RunTime:0.000263s ]
SQL: select count(*) as count from products a left join procate b on a.proid = b.id where 1=1 and a.enable=1 and b.enable=1  and ( b.pid=25 or b.id=25) [ RunTime:0.000540s ]
SQL: select a.id,a.title,a.info,a.imgs,a.ctime from products a left join procate b on a.proid = b.id where 1=1 and a.enable=1 and b.enable=1  and ( b.pid=25 or b.id=25) order by a.sorts desc limit 0,9 [ RunTime:0.000984s ]
SQL: SELECT * FROM `procate` WHERE (  enable =1 and pid=0  )  [ RunTime:0.000297s ]
INFO: [ view_parse ] --START--
INFO: ParseTemplate Behavior ::run [ RunTime:0.043904s ]
INFO: [ view_parse ] --END-- [ RunTime:0.044022s ]
INFO: [ view_filter ] --START--
INFO: ContentReplace Behavior ::run [ RunTime:0.002805s ]
INFO: TokenBuild Behavior ::run [ RunTime:0.002799s ]
INFO: WriteHtmlCache Behavior ::run [ RunTime:0.002486s ]
INFO: ShowRuntime Behavior ::run [ RunTime:0.003241s ]
INFO: [ view_filter ] --END-- [ RunTime:0.011620s ]
INFO: [ view_end ] --START--
INFO: ShowPageTrace Behavior ::run [ RunTime:0.003524s ]
INFO: [ view_end ] --END-- [ RunTime:0.003624s ]

[ 2014-10-24 11:36:15 ] 61.135.190.100 /index.php
INFO: [ app_begin ] --START--
INFO: ReadHtmlCache Behavior ::run [ RunTime:0.003440s ]
INFO: [ app_begin ] --END-- [ RunTime:0.003554s ]
SQL: SHOW COLUMNS FROM `contents` [ RunTime:0.008507s ]
SQL: SELECT * FROM `contents` WHERE (  enable=1 and cateid=4  ) LIMIT 1   [ RunTime:0.000392s ]
SQL: SELECT * FROM `contents` WHERE (  enable=1 and cateid=1  ) LIMIT 1   [ RunTime:0.000302s ]
SQL: SHOW COLUMNS FROM `visters` [ RunTime:0.006635s ]
SQL: INSERT INTO `visters` (`ctime`,`info`,`ip`,`page`) VALUES ('2014-10-24 11:36','中国 北京 北京、WindowsEnglish系统、Firefox浏览器、','61.135.190.100','系统首页') [ RunTime:0.010741s ]
SQL: SHOW COLUMNS FROM `products` [ RunTime:0.010071s ]
SQL: SELECT * FROM `products` WHERE (  enable=1 and state=1  ) ORDER BY  sorts desc  [ RunTime:0.000799s ]
SQL: SELECT * FROM `products` WHERE (  enable=1 and state=2  ) ORDER BY  sorts desc  [ RunTime:0.000703s ]
INFO: [ view_parse ] --START--
INFO: ParseTemplate Behavior ::run [ RunTime:0.045465s ]
INFO: [ view_parse ] --END-- [ RunTime:0.045581s ]
INFO: [ view_filter ] --START--
INFO: ContentReplace Behavior ::run [ RunTime:0.003093s ]
INFO: TokenBuild Behavior ::run [ RunTime:0.003164s ]
INFO: WriteHtmlCache Behavior ::run [ RunTime:0.002852s ]
INFO: ShowRuntime Behavior ::run [ RunTime:0.003230s ]
INFO: [ view_filter ] --END-- [ RunTime:0.012614s ]
INFO: [ view_end ] --START--
INFO: ShowPageTrace Behavior ::run [ RunTime:0.003671s ]
INFO: [ view_end ] --END-- [ RunTime:0.003770s ]

[ 2014-10-24 12:21:28 ] 42.156.136.45 /index.php
INFO: [ app_begin ] --START--
INFO: ReadHtmlCache Behavior ::run [ RunTime:0.003367s ]
INFO: [ app_begin ] --END-- [ RunTime:0.003481s ]
SQL: SHOW COLUMNS FROM `contents` [ RunTime:0.007679s ]
SQL: SELECT * FROM `contents` WHERE (  enable=1 and cateid=4  ) LIMIT 1   [ RunTime:0.000383s ]
SQL: SELECT * FROM `contents` WHERE (  enable=1 and cateid=1  ) LIMIT 1   [ RunTime:0.000312s ]
SQL: SHOW COLUMNS FROM `visters` [ RunTime:0.008810s ]
SQL: INSERT INTO `visters` (`ctime`,`info`,`ip`,`page`) VALUES ('2014-10-24 12:21','中国 浙江 杭州、Other简体中文系统、Other浏览器、','42.156.136.45','系统首页') [ RunTime:0.010170s ]
SQL: SHOW COLUMNS FROM `products` [ RunTime:0.007557s ]
SQL: SELECT * FROM `products` WHERE (  enable=1 and state=1  ) ORDER BY  sorts desc  [ RunTime:0.000936s ]
SQL: SELECT * FROM `products` WHERE (  enable=1 and state=2  ) ORDER BY  sorts desc  [ RunTime:0.000826s ]
INFO: [ view_parse ] --START--
INFO: ParseTemplate Behavior ::run [ RunTime:0.047793s ]
INFO: [ view_parse ] --END-- [ RunTime:0.047908s ]
INFO: [ view_filter ] --START--
INFO: ContentReplace Behavior ::run [ RunTime:0.002837s ]
INFO: TokenBuild Behavior ::run [ RunTime:0.002894s ]
INFO: WriteHtmlCache Behavior ::run [ RunTime:0.002579s ]
INFO: ShowRuntime Behavior ::run [ RunTime:0.003166s ]
INFO: [ view_filter ] --END-- [ RunTime:0.011731s ]
INFO: [ view_end ] --START--
INFO: ShowPageTrace Behavior ::run [ RunTime:0.003594s ]
INFO: [ view_end ] --END-- [ RunTime:0.003701s ]

[ 2014-10-24 13:04:59 ] 218.28.20.161 /index.php
INFO: [ app_begin ] --START--
INFO: ReadHtmlCache Behavior ::run [ RunTime:0.003371s ]
INFO: [ app_begin ] --END-- [ RunTime:0.003488s ]
SQL: SHOW COLUMNS FROM `contents` [ RunTime:0.006488s ]
SQL: SELECT * FROM `contents` WHERE (  enable=1 and cateid=4  ) LIMIT 1   [ RunTime:0.000430s ]
SQL: SELECT * FROM `contents` WHERE (  enable=1 and cateid=1  ) LIMIT 1   [ RunTime:0.000344s ]
SQL: SHOW COLUMNS FROM `visters` [ RunTime:0.006734s ]
SQL: INSERT INTO `visters` (`ctime`,`info`,`ip`,`page`) VALUES ('2014-10-24 13:04','中国 河南 郑州、Windows简体中文系统、Chrome浏览器、','218.28.20.161','系统首页') [ RunTime:0.009312s ]
SQL: SHOW COLUMNS FROM `products` [ RunTime:0.005843s ]
SQL: SELECT * FROM `products` WHERE (  enable=1 and state=1  ) ORDER BY  sorts desc  [ RunTime:0.000966s ]
SQL: SELECT * FROM `products` WHERE (  enable=1 and state=2  ) ORDER BY  sorts desc  [ RunTime:0.000753s ]
INFO: [ view_parse ] --START--
INFO: ParseTemplate Behavior ::run [ RunTime:0.041581s ]
INFO: [ view_parse ] --END-- [ RunTime:0.041691s ]
INFO: [ view_filter ] --START--
INFO: ContentReplace Behavior ::run [ RunTime:0.002759s ]
INFO: TokenBuild Behavior ::run [ RunTime:0.002674s ]
INFO: WriteHtmlCache Behavior ::run [ RunTime:0.002443s ]
INFO: ShowRuntime Behavior ::run [ RunTime:0.003255s ]
INFO: [ view_filter ] --END-- [ RunTime:0.011389s ]
INFO: [ view_end ] --START--
INFO: ShowPageTrace Behavior ::run [ RunTime:0.003628s ]
INFO: [ view_end ] --END-- [ RunTime:0.003726s ]

[ 2014-10-24 13:05:42 ] 180.76.6.150 /index.php/Index/productInfo?id=30
INFO: [ route_check ] --START--
INFO: CheckRoute Behavior ::run [ RunTime:0.003477s ]
INFO: [ route_check ] --END-- [ RunTime:0.003572s ]
INFO: [ app_begin ] --START--
INFO: ReadHtmlCache Behavior ::run [ RunTime:0.001855s ]
INFO: [ app_begin ] --END-- [ RunTime:0.001934s ]
SQL: SHOW COLUMNS FROM `contents` [ RunTime:0.006004s ]
SQL: SELECT * FROM `contents` WHERE (  enable=1 and cateid=4  ) LIMIT 1   [ RunTime:0.000358s ]
SQL: SELECT * FROM `contents` WHERE (  enable=1 and cateid=1  ) LIMIT 1   [ RunTime:0.000343s ]
SQL: SHOW COLUMNS FROM `visters` [ RunTime:0.007107s ]
SQL: INSERT INTO `visters` (`ctime`,`info`,`ip`,`page`) VALUES ('2014-10-24 13:05','中国 北京 北京、OtherEnglish系统、Other浏览器、','180.76.6.150','产品详情页面') [ RunTime:0.010234s ]
SQL: SHOW COLUMNS FROM `procate` [ RunTime:0.006496s ]
SQL: SHOW COLUMNS FROM `products` [ RunTime:0.005925s ]
NOTIC: [8] Undefined index:  procate D:\enkjhost\mayning1\web\home\Lib\Action\IndexAction.class.php 第 243 行.
NOTIC: [8] Undefined index:  procate2 D:\enkjhost\mayning1\web\home\Lib\Action\IndexAction.class.php 第 244 行.
SQL: SELECT * FROM `procate` WHERE ( id=%d ) LIMIT 1   [ RunTime:0.000195s ]
ERR: 1064:You have an error in your SQL syntax; check the manual that corresponds to your MySQL server version for the right syntax to use near '%d ) LIMIT 1' at line 1
 [ SQL语句 ] : SELECT * FROM `procate` WHERE ( id=%d ) LIMIT 1  
SQL: SELECT * FROM `procate` WHERE ( id=%d ) LIMIT 1   [ RunTime:0.000149s ]
ERR: 1064:You have an error in your SQL syntax; check the manual that corresponds to your MySQL server version for the right syntax to use near '%d ) LIMIT 1' at line 1
 [ SQL语句 ] : SELECT * FROM `procate` WHERE ( id=%d ) LIMIT 1  
SQL: SELECT * FROM `procate` WHERE (  enable =1 and pid=0  )  [ RunTime:0.000351s ]
SQL: SELECT * FROM `products` WHERE (  id=30 ) LIMIT 1   [ RunTime:0.000299s ]
SQL: SELECT * FROM `procate` WHERE ( id=26 ) LIMIT 1   [ RunTime:0.000231s ]
SQL: SELECT * FROM `procate` WHERE ( id=0 ) LIMIT 1   [ RunTime:0.000221s ]
INFO: [ view_parse ] --START--
INFO: ParseTemplate Behavior ::run [ RunTime:0.032211s ]
INFO: [ view_parse ] --END-- [ RunTime:0.032324s ]
INFO: [ view_filter ] --START--
INFO: ContentReplace Behavior ::run [ RunTime:0.001959s ]
INFO: TokenBuild Behavior ::run [ RunTime:0.001944s ]
INFO: WriteHtmlCache Behavior ::run [ RunTime:0.001826s ]
INFO: ShowRuntime Behavior ::run [ RunTime:0.002076s ]
INFO: [ view_filter ] --END-- [ RunTime:0.008051s ]
INFO: [ view_end ] --START--
INFO: ShowPageTrace Behavior ::run [ RunTime:0.002365s ]
INFO: [ view_end ] --END-- [ RunTime:0.002461s ]

[ 2014-10-24 13:29:44 ] 66.249.64.86 /index.php/Index/productInfo?id=58
INFO: [ route_check ] --START--
INFO: CheckRoute Behavior ::run [ RunTime:0.004006s ]
INFO: [ route_check ] --END-- [ RunTime:0.004117s ]
INFO: [ app_begin ] --START--
INFO: ReadHtmlCache Behavior ::run [ RunTime:0.003283s ]
INFO: [ app_begin ] --END-- [ RunTime:0.003378s ]
SQL: SHOW COLUMNS FROM `contents` [ RunTime:0.006471s ]
SQL: SELECT * FROM `contents` WHERE (  enable=1 and cateid=4  ) LIMIT 1   [ RunTime:0.000425s ]
SQL: SELECT * FROM `contents` WHERE (  enable=1 and cateid=1  ) LIMIT 1   [ RunTime:0.000360s ]
NOTIC: [8] Undefined index:  HTTP_ACCEPT_LANGUAGE D:\enkjhost\mayning1\web\home\Lib\Action\UtilAction.class.php 第 96 行.
SQL: SHOW COLUMNS FROM `visters` [ RunTime:0.007159s ]
SQL: INSERT INTO `visters` (`ctime`,`info`,`ip`,`page`) VALUES ('2014-10-24 13:29','美国 加利福尼亚 Mountain View、MACEnglish系统、Safari浏览器、','66.249.64.86','产品详情页面') [ RunTime:0.009676s ]
SQL: SHOW COLUMNS FROM `procate` [ RunTime:0.005730s ]
SQL: SHOW COLUMNS FROM `products` [ RunTime:0.005594s ]
NOTIC: [8] Undefined index:  procate D:\enkjhost\mayning1\web\home\Lib\Action\IndexAction.class.php 第 243 行.
NOTIC: [8] Undefined index:  procate2 D:\enkjhost\mayning1\web\home\Lib\Action\IndexAction.class.php 第 244 行.
SQL: SELECT * FROM `procate` WHERE ( id=%d ) LIMIT 1   [ RunTime:0.000185s ]
ERR: 1064:You have an error in your SQL syntax; check the manual that corresponds to your MySQL server version for the right syntax to use near '%d ) LIMIT 1' at line 1
 [ SQL语句 ] : SELECT * FROM `procate` WHERE ( id=%d ) LIMIT 1  
SQL: SELECT * FROM `procate` WHERE ( id=%d ) LIMIT 1   [ RunTime:0.000159s ]
ERR: 1064:You have an error in your SQL syntax; check the manual that corresponds to your MySQL server version for the right syntax to use near '%d ) LIMIT 1' at line 1
 [ SQL语句 ] : SELECT * FROM `procate` WHERE ( id=%d ) LIMIT 1  
SQL: SELECT * FROM `procate` WHERE (  enable =1 and pid=0  )  [ RunTime:0.000345s ]
SQL: SELECT * FROM `products` WHERE (  id=58 ) LIMIT 1   [ RunTime:0.000289s ]
SQL: SELECT * FROM `procate` WHERE ( id=21 ) LIMIT 1   [ RunTime:0.000243s ]
SQL: SELECT * FROM `procate` WHERE ( id=0 ) LIMIT 1   [ RunTime:0.000248s ]
INFO: [ view_parse ] --START--
INFO: ParseTemplate Behavior ::run [ RunTime:0.031528s ]
INFO: [ view_parse ] --END-- [ RunTime:0.031627s ]
INFO: [ view_filter ] --START--
INFO: ContentReplace Behavior ::run [ RunTime:0.001543s ]
INFO: TokenBuild Behavior ::run [ RunTime:0.001504s ]
INFO: WriteHtmlCache Behavior ::run [ RunTime:0.002014s ]
INFO: ShowRuntime Behavior ::run [ RunTime:0.001658s ]
INFO: [ view_filter ] --END-- [ RunTime:0.006914s ]
INFO: [ view_end ] --START--
INFO: ShowPageTrace Behavior ::run [ RunTime:0.002702s ]
INFO: [ view_end ] --END-- [ RunTime:0.002777s ]

[ 2014-10-24 13:31:54 ] 188.165.15.87 /index.php/Index/product?procate=14
INFO: [ route_check ] --START--
INFO: CheckRoute Behavior ::run [ RunTime:0.002155s ]
INFO: [ route_check ] --END-- [ RunTime:0.002243s ]
INFO: [ app_begin ] --START--
INFO: ReadHtmlCache Behavior ::run [ RunTime:0.001737s ]
INFO: [ app_begin ] --END-- [ RunTime:0.001810s ]
SQL: SHOW COLUMNS FROM `contents` [ RunTime:0.006304s ]
SQL: SELECT * FROM `contents` WHERE (  enable=1 and cateid=4  ) LIMIT 1   [ RunTime:0.000439s ]
SQL: SELECT * FROM `contents` WHERE (  enable=1 and cateid=1  ) LIMIT 1   [ RunTime:0.000360s ]
NOTIC: [8] Undefined index:  HTTP_ACCEPT_LANGUAGE D:\enkjhost\mayning1\web\home\Lib\Action\UtilAction.class.php 第 96 行.
SQL: SHOW COLUMNS FROM `visters` [ RunTime:0.006996s ]
SQL: INSERT INTO `visters` (`ctime`,`info`,`ip`,`page`) VALUES ('2014-10-24 13:31','法国  、OtherEnglish系统、Other浏览器、','188.165.15.87','产品页面') [ RunTime:0.010222s ]
SQL: SHOW COLUMNS FROM `procate` [ RunTime:0.005975s ]
SQL: SHOW COLUMNS FROM `products` [ RunTime:0.005521s ]
NOTIC: [8] Undefined index:  procate2 D:\enkjhost\mayning1\web\home\Lib\Action\IndexAction.class.php 第 176 行.
SQL: SELECT * FROM `procate` WHERE ( id=14 ) LIMIT 1   [ RunTime:0.000316s ]
SQL: SELECT * FROM `procate` WHERE ( id=%d ) LIMIT 1   [ RunTime:0.000182s ]
ERR: 1064:You have an error in your SQL syntax; check the manual that corresponds to your MySQL server version for the right syntax to use near '%d ) LIMIT 1' at line 1
 [ SQL语句 ] : SELECT * FROM `procate` WHERE ( id=%d ) LIMIT 1  
SQL: SELECT * FROM `procate` WHERE ( pid=14 )  [ RunTime:0.000304s ]
SQL: select count(*) as count from products a left join procate b on a.proid = b.id where 1=1 and a.enable=1 and b.enable=1  and ( b.pid=14 or b.id=14) [ RunTime:0.000617s ]
SQL: select a.id,a.title,a.info,a.imgs,a.ctime from products a left join procate b on a.proid = b.id where 1=1 and a.enable=1 and b.enable=1  and ( b.pid=14 or b.id=14) order by a.sorts desc limit 0,9 [ RunTime:0.001001s ]
SQL: SELECT * FROM `procate` WHERE (  enable =1 and pid=0  )  [ RunTime:0.000319s ]
INFO: [ view_parse ] --START--
INFO: ParseTemplate Behavior ::run [ RunTime:0.041074s ]
INFO: [ view_parse ] --END-- [ RunTime:0.041173s ]
INFO: [ view_filter ] --START--
INFO: ContentReplace Behavior ::run [ RunTime:0.001551s ]
INFO: TokenBuild Behavior ::run [ RunTime:0.001514s ]
INFO: WriteHtmlCache Behavior ::run [ RunTime:0.001356s ]
INFO: ShowRuntime Behavior ::run [ RunTime:0.001600s ]
INFO: [ view_filter ] --END-- [ RunTime:0.006216s ]
INFO: [ view_end ] --START--
INFO: ShowPageTrace Behavior ::run [ RunTime:0.002843s ]
INFO: [ view_end ] --END-- [ RunTime:0.002918s ]

[ 2014-10-24 13:42:25 ] 68.180.228.48 /index.php/Index/index
INFO: [ route_check ] --START--
INFO: CheckRoute Behavior ::run [ RunTime:0.002794s ]
INFO: [ route_check ] --END-- [ RunTime:0.002906s ]
INFO: [ app_begin ] --START--
INFO: ReadHtmlCache Behavior ::run [ RunTime:0.002335s ]
INFO: [ app_begin ] --END-- [ RunTime:0.002430s ]
SQL: SHOW COLUMNS FROM `contents` [ RunTime:0.006705s ]
SQL: SELECT * FROM `contents` WHERE (  enable=1 and cateid=4  ) LIMIT 1   [ RunTime:0.000357s ]
SQL: SELECT * FROM `contents` WHERE (  enable=1 and cateid=1  ) LIMIT 1   [ RunTime:0.000358s ]
NOTIC: [8] Undefined index:  HTTP_ACCEPT_LANGUAGE D:\enkjhost\mayning1\web\home\Lib\Action\UtilAction.class.php 第 96 行.
SQL: SHOW COLUMNS FROM `visters` [ RunTime:0.009366s ]
SQL: INSERT INTO `visters` (`ctime`,`info`,`ip`,`page`) VALUES ('2014-10-24 13:42','美国 加利福尼亚 Sunnyvale、OtherEnglish系统、Other浏览器、','68.180.228.48','系统首页') [ RunTime:0.010050s ]
SQL: SHOW COLUMNS FROM `products` [ RunTime:0.006918s ]
SQL: SELECT * FROM `products` WHERE (  enable=1 and state=1  ) ORDER BY  sorts desc  [ RunTime:0.001116s ]
SQL: SELECT * FROM `products` WHERE (  enable=1 and state=2  ) ORDER BY  sorts desc  [ RunTime:0.000958s ]
INFO: [ view_parse ] --START--
INFO: ParseTemplate Behavior ::run [ RunTime:0.034790s ]
INFO: [ view_parse ] --END-- [ RunTime:0.034909s ]
INFO: [ view_filter ] --START--
INFO: ContentReplace Behavior ::run [ RunTime:0.002958s ]
INFO: TokenBuild Behavior ::run [ RunTime:0.002915s ]
INFO: WriteHtmlCache Behavior ::run [ RunTime:0.002612s ]
INFO: ShowRuntime Behavior ::run [ RunTime:0.002184s ]
INFO: [ view_filter ] --END-- [ RunTime:0.010933s ]
INFO: [ view_end ] --START--
INFO: ShowPageTrace Behavior ::run [ RunTime:0.002417s ]
INFO: [ view_end ] --END-- [ RunTime:0.002515s ]

[ 2014-10-24 14:10:55 ] 66.249.64.86 /index.php/Index/productInfo?id=30
INFO: [ route_check ] --START--
INFO: CheckRoute Behavior ::run [ RunTime:0.002370s ]
INFO: [ route_check ] --END-- [ RunTime:0.002473s ]
INFO: [ app_begin ] --START--
INFO: ReadHtmlCache Behavior ::run [ RunTime:0.002931s ]
INFO: [ app_begin ] --END-- [ RunTime:0.003016s ]
SQL: SHOW COLUMNS FROM `contents` [ RunTime:0.005566s ]
SQL: SELECT * FROM `contents` WHERE (  enable=1 and cateid=4  ) LIMIT 1   [ RunTime:0.000309s ]
SQL: SELECT * FROM `contents` WHERE (  enable=1 and cateid=1  ) LIMIT 1   [ RunTime:0.000277s ]
NOTIC: [8] Undefined index:  HTTP_ACCEPT_LANGUAGE D:\enkjhost\mayning1\web\home\Lib\Action\UtilAction.class.php 第 96 行.
SQL: SHOW COLUMNS FROM `visters` [ RunTime:0.008079s ]
SQL: INSERT INTO `visters` (`ctime`,`info`,`ip`,`page`) VALUES ('2014-10-24 14:10','美国 加利福尼亚 Mountain View、MACEnglish系统、Safari浏览器、','66.249.64.86','产品详情页面') [ RunTime:0.012673s ]
SQL: SHOW COLUMNS FROM `procate` [ RunTime:0.007399s ]
SQL: SHOW COLUMNS FROM `products` [ RunTime:0.007229s ]
NOTIC: [8] Undefined index:  procate D:\enkjhost\mayning1\web\home\Lib\Action\IndexAction.class.php 第 243 行.
NOTIC: [8] Undefined index:  procate2 D:\enkjhost\mayning1\web\home\Lib\Action\IndexAction.class.php 第 244 行.
SQL: SELECT * FROM `procate` WHERE ( id=%d ) LIMIT 1   [ RunTime:0.000164s ]
ERR: 1064:You have an error in your SQL syntax; check the manual that corresponds to your MySQL server version for the right syntax to use near '%d ) LIMIT 1' at line 1
 [ SQL语句 ] : SELECT * FROM `procate` WHERE ( id=%d ) LIMIT 1  
SQL: SELECT * FROM `procate` WHERE ( id=%d ) LIMIT 1   [ RunTime:0.000136s ]
ERR: 1064:You have an error in your SQL syntax; check the manual that corresponds to your MySQL server version for the right syntax to use near '%d ) LIMIT 1' at line 1
 [ SQL语句 ] : SELECT * FROM `procate` WHERE ( id=%d ) LIMIT 1  
SQL: SELECT * FROM `procate` WHERE (  enable =1 and pid=0  )  [ RunTime:0.000342s ]
SQL: SELECT * FROM `products` WHERE (  id=30 ) LIMIT 1   [ RunTime:0.000292s ]
SQL: SELECT * FROM `procate` WHERE ( id=26 ) LIMIT 1   [ RunTime:0.000220s ]
SQL: SELECT * FROM `procate` WHERE ( id=0 ) LIMIT 1   [ RunTime:0.000205s ]
INFO: [ view_parse ] --START--
INFO: ParseTemplate Behavior ::run [ RunTime:0.040574s ]
INFO: [ view_parse ] --END-- [ RunTime:0.040685s ]
INFO: [ view_filter ] --START--
INFO: ContentReplace Behavior ::run [ RunTime:0.002621s ]
INFO: TokenBuild Behavior ::run [ RunTime:0.002191s ]
INFO: WriteHtmlCache Behavior ::run [ RunTime:0.002050s ]
INFO: ShowRuntime Behavior ::run [ RunTime:0.002497s ]
INFO: [ view_filter ] --END-- [ RunTime:0.009563s ]
INFO: [ view_end ] --START--
INFO: ShowPageTrace Behavior ::run [ RunTime:0.002869s ]
INFO: [ view_end ] --END-- [ RunTime:0.002944s ]

[ 2014-10-24 15:08:29 ] 180.76.5.62 /index.php/Index/productInfo?id=111
INFO: [ route_check ] --START--
INFO: CheckRoute Behavior ::run [ RunTime:0.004005s ]
INFO: [ route_check ] --END-- [ RunTime:0.004118s ]
INFO: [ app_begin ] --START--
INFO: ReadHtmlCache Behavior ::run [ RunTime:0.002246s ]
INFO: [ app_begin ] --END-- [ RunTime:0.002340s ]
SQL: SHOW COLUMNS FROM `contents` [ RunTime:0.006510s ]
SQL: SELECT * FROM `contents` WHERE (  enable=1 and cateid=4  ) LIMIT 1   [ RunTime:0.000414s ]
SQL: SELECT * FROM `contents` WHERE (  enable=1 and cateid=1  ) LIMIT 1   [ RunTime:0.000357s ]
SQL: SHOW COLUMNS FROM `visters` [ RunTime:0.004972s ]
SQL: INSERT INTO `visters` (`ctime`,`info`,`ip`,`page`) VALUES ('2014-10-24 15:08','中国 北京 北京、OtherEnglish系统、Other浏览器、','180.76.5.62','产品详情页面') [ RunTime:0.011772s ]
SQL: SHOW COLUMNS FROM `procate` [ RunTime:0.005368s ]
SQL: SHOW COLUMNS FROM `products` [ RunTime:0.004880s ]
NOTIC: [8] Undefined index:  procate D:\enkjhost\mayning1\web\home\Lib\Action\IndexAction.class.php 第 243 行.
NOTIC: [8] Undefined index:  procate2 D:\enkjhost\mayning1\web\home\Lib\Action\IndexAction.class.php 第 244 行.
SQL: SELECT * FROM `procate` WHERE ( id=%d ) LIMIT 1   [ RunTime:0.000186s ]
ERR: 1064:You have an error in your SQL syntax; check the manual that corresponds to your MySQL server version for the right syntax to use near '%d ) LIMIT 1' at line 1
 [ SQL语句 ] : SELECT * FROM `procate` WHERE ( id=%d ) LIMIT 1  
SQL: SELECT * FROM `procate` WHERE ( id=%d ) LIMIT 1   [ RunTime:0.000153s ]
ERR: 1064:You have an error in your SQL syntax; check the manual that corresponds to your MySQL server version for the right syntax to use near '%d ) LIMIT 1' at line 1
 [ SQL语句 ] : SELECT * FROM `procate` WHERE ( id=%d ) LIMIT 1  
SQL: SELECT * FROM `procate` WHERE (  enable =1 and pid=0  )  [ RunTime:0.000335s ]
SQL: SELECT * FROM `products` WHERE (  id=111 ) LIMIT 1   [ RunTime:0.000553s ]
SQL: SELECT * FROM `procate` WHERE ( id=10 ) LIMIT 1   [ RunTime:0.000282s ]
SQL: SELECT * FROM `procate` WHERE ( id=0 ) LIMIT 1   [ RunTime:0.000222s ]
INFO: [ view_parse ] --START--
INFO: ParseTemplate Behavior ::run [ RunTime:0.035537s ]
INFO: [ view_parse ] --END-- [ RunTime:0.035642s ]
INFO: [ view_filter ] --START--
INFO: ContentReplace Behavior ::run [ RunTime:0.002809s ]
INFO: TokenBuild Behavior ::run [ RunTime:0.002690s ]
INFO: WriteHtmlCache Behavior ::run [ RunTime:0.002792s ]
INFO: ShowRuntime Behavior ::run [ RunTime:0.003340s ]
INFO: [ view_filter ] --END-- [ RunTime:0.011880s ]
INFO: [ view_end ] --START--
INFO: ShowPageTrace Behavior ::run [ RunTime:0.003808s ]
INFO: [ view_end ] --END-- [ RunTime:0.003908s ]

[ 2014-10-24 17:13:21 ] 207.46.13.108 /index.php/Index/index
INFO: [ route_check ] --START--
INFO: CheckRoute Behavior ::run [ RunTime:0.004172s ]
INFO: [ route_check ] --END-- [ RunTime:0.004292s ]
INFO: [ app_begin ] --START--
INFO: ReadHtmlCache Behavior ::run [ RunTime:0.003331s ]
INFO: [ app_begin ] --END-- [ RunTime:0.003427s ]
SQL: SHOW COLUMNS FROM `contents` [ RunTime:0.008631s ]
SQL: SELECT * FROM `contents` WHERE (  enable=1 and cateid=4  ) LIMIT 1   [ RunTime:0.000457s ]
SQL: SELECT * FROM `contents` WHERE (  enable=1 and cateid=1  ) LIMIT 1   [ RunTime:0.000372s ]
NOTIC: [8] Undefined index:  HTTP_ACCEPT_LANGUAGE D:\enkjhost\mayning1\web\home\Lib\Action\UtilAction.class.php 第 96 行.
SQL: SHOW COLUMNS FROM `visters` [ RunTime:0.009319s ]
SQL: INSERT INTO `visters` (`ctime`,`info`,`ip`,`page`) VALUES ('2014-10-24 17:13','美国 华盛顿州 Redmond、OtherEnglish系统、Other浏览器、','207.46.13.108','系统首页') [ RunTime:0.010101s ]
SQL: SHOW COLUMNS FROM `products` [ RunTime:0.008164s ]
SQL: SELECT * FROM `products` WHERE (  enable=1 and state=1  ) ORDER BY  sorts desc  [ RunTime:0.000994s ]
SQL: SELECT * FROM `products` WHERE (  enable=1 and state=2  ) ORDER BY  sorts desc  [ RunTime:0.000928s ]
INFO: [ view_parse ] --START--
INFO: ParseTemplate Behavior ::run [ RunTime:0.039790s ]
INFO: [ view_parse ] --END-- [ RunTime:0.039907s ]
INFO: [ view_filter ] --START--
INFO: ContentReplace Behavior ::run [ RunTime:0.002933s ]
INFO: TokenBuild Behavior ::run [ RunTime:0.002893s ]
INFO: WriteHtmlCache Behavior ::run [ RunTime:0.002540s ]
INFO: ShowRuntime Behavior ::run [ RunTime:0.003114s ]
INFO: [ view_filter ] --END-- [ RunTime:0.011750s ]
INFO: [ view_end ] --START--
INFO: ShowPageTrace Behavior ::run [ RunTime:0.003508s ]
INFO: [ view_end ] --END-- [ RunTime:0.003610s ]

[ 2014-10-24 17:31:09 ] 123.125.71.95 /index.php/Index/product?procate=11
INFO: [ route_check ] --START--
INFO: CheckRoute Behavior ::run [ RunTime:0.004031s ]
INFO: [ route_check ] --END-- [ RunTime:0.004148s ]
INFO: [ app_begin ] --START--
INFO: ReadHtmlCache Behavior ::run [ RunTime:0.003238s ]
INFO: [ app_begin ] --END-- [ RunTime:0.003337s ]
SQL: SHOW COLUMNS FROM `contents` [ RunTime:0.006474s ]
SQL: SELECT * FROM `contents` WHERE (  enable=1 and cateid=4  ) LIMIT 1   [ RunTime:0.000369s ]
SQL: SELECT * FROM `contents` WHERE (  enable=1 and cateid=1  ) LIMIT 1   [ RunTime:0.000327s ]
SQL: SHOW COLUMNS FROM `visters` [ RunTime:0.009082s ]
SQL: INSERT INTO `visters` (`ctime`,`info`,`ip`,`page`) VALUES ('2014-10-24 17:31','中国 北京 北京、Other简体中文系统、Other浏览器、','123.125.71.95','产品页面') [ RunTime:0.008762s ]
SQL: SHOW COLUMNS FROM `procate` [ RunTime:0.006531s ]
SQL: SHOW COLUMNS FROM `products` [ RunTime:0.005662s ]
NOTIC: [8] Undefined index:  procate2 D:\enkjhost\mayning1\web\home\Lib\Action\IndexAction.class.php 第 176 行.
SQL: SELECT * FROM `procate` WHERE ( id=11 ) LIMIT 1   [ RunTime:0.000375s ]
SQL: SELECT * FROM `procate` WHERE ( id=%d ) LIMIT 1   [ RunTime:0.000238s ]
ERR: 1064:You have an error in your SQL syntax; check the manual that corresponds to your MySQL server version for the right syntax to use near '%d ) LIMIT 1' at line 1
 [ SQL语句 ] : SELECT * FROM `procate` WHERE ( id=%d ) LIMIT 1  
SQL: SELECT * FROM `procate` WHERE ( pid=11 )  [ RunTime:0.000366s ]
SQL: select count(*) as count from products a left join procate b on a.proid = b.id where 1=1 and a.enable=1 and b.enable=1  and ( b.pid=11 or b.id=11) [ RunTime:0.000694s ]
SQL: select a.id,a.title,a.info,a.imgs,a.ctime from products a left join procate b on a.proid = b.id where 1=1 and a.enable=1 and b.enable=1  and ( b.pid=11 or b.id=11) order by a.sorts desc limit 0,9 [ RunTime:0.001090s ]
SQL: SELECT * FROM `procate` WHERE (  enable =1 and pid=0  )  [ RunTime:0.000414s ]
INFO: [ view_parse ] --START--
INFO: ParseTemplate Behavior ::run [ RunTime:0.038118s ]
INFO: [ view_parse ] --END-- [ RunTime:0.038229s ]
INFO: [ view_filter ] --START--
INFO: ContentReplace Behavior ::run [ RunTime:0.002858s ]
INFO: TokenBuild Behavior ::run [ RunTime:0.001998s ]
INFO: WriteHtmlCache Behavior ::run [ RunTime:0.002467s ]
INFO: ShowRuntime Behavior ::run [ RunTime:0.003085s ]
INFO: [ view_filter ] --END-- [ RunTime:0.010675s ]
INFO: [ view_end ] --START--
INFO: ShowPageTrace Behavior ::run [ RunTime:0.002414s ]
INFO: [ view_end ] --END-- [ RunTime:0.002511s ]

[ 2014-10-24 17:40:09 ] 61.135.189.171 /index.php/Index/product?procate=17
INFO: [ route_check ] --START--
INFO: CheckRoute Behavior ::run [ RunTime:0.004074s ]
INFO: [ route_check ] --END-- [ RunTime:0.004188s ]
INFO: [ app_begin ] --START--
INFO: ReadHtmlCache Behavior ::run [ RunTime:0.003337s ]
INFO: [ app_begin ] --END-- [ RunTime:0.003435s ]
SQL: SHOW COLUMNS FROM `contents` [ RunTime:0.006563s ]
SQL: SELECT * FROM `contents` WHERE (  enable=1 and cateid=4  ) LIMIT 1   [ RunTime:0.000474s ]
SQL: SELECT * FROM `contents` WHERE (  enable=1 and cateid=1  ) LIMIT 1   [ RunTime:0.000391s ]
SQL: SHOW COLUMNS FROM `visters` [ RunTime:0.006831s ]
SQL: INSERT INTO `visters` (`ctime`,`info`,`ip`,`page`) VALUES ('2014-10-24 17:40','中国 北京 北京、Other简体中文系统、Other浏览器、','61.135.189.171','产品页面') [ RunTime:0.009139s ]
SQL: SHOW COLUMNS FROM `procate` [ RunTime:0.005828s ]
SQL: SHOW COLUMNS FROM `products` [ RunTime:0.005870s ]
NOTIC: [8] Undefined index:  procate2 D:\enkjhost\mayning1\web\home\Lib\Action\IndexAction.class.php 第 176 行.
SQL: SELECT * FROM `procate` WHERE ( id=17 ) LIMIT 1   [ RunTime:0.000331s ]
SQL: SELECT * FROM `procate` WHERE ( id=%d ) LIMIT 1   [ RunTime:0.000170s ]
ERR: 1064:You have an error in your SQL syntax; check the manual that corresponds to your MySQL server version for the right syntax to use near '%d ) LIMIT 1' at line 1
 [ SQL语句 ] : SELECT * FROM `procate` WHERE ( id=%d ) LIMIT 1  
SQL: SELECT * FROM `procate` WHERE ( pid=17 )  [ RunTime:0.000288s ]
SQL: select count(*) as count from products a left join procate b on a.proid = b.id where 1=1 and a.enable=1 and b.enable=1  and ( b.pid=17 or b.id=17) [ RunTime:0.000539s ]
SQL: select a.id,a.title,a.info,a.imgs,a.ctime from products a left join procate b on a.proid = b.id where 1=1 and a.enable=1 and b.enable=1  and ( b.pid=17 or b.id=17) order by a.sorts desc limit 0,9 [ RunTime:0.000986s ]
SQL: SELECT * FROM `procate` WHERE (  enable =1 and pid=0  )  [ RunTime:0.000310s ]
INFO: [ view_parse ] --START--
INFO: ParseTemplate Behavior ::run [ RunTime:0.034171s ]
INFO: [ view_parse ] --END-- [ RunTime:0.034274s ]
INFO: [ view_filter ] --START--
INFO: ContentReplace Behavior ::run [ RunTime:0.002423s ]
INFO: TokenBuild Behavior ::run [ RunTime:0.001642s ]
INFO: WriteHtmlCache Behavior ::run [ RunTime:0.001477s ]
INFO: ShowRuntime Behavior ::run [ RunTime:0.001741s ]
INFO: [ view_filter ] --END-- [ RunTime:0.007498s ]
INFO: [ view_end ] --START--
INFO: ShowPageTrace Behavior ::run [ RunTime:0.003001s ]
INFO: [ view_end ] --END-- [ RunTime:0.003083s ]

[ 2014-10-24 17:40:36 ] 61.135.189.171 /index.php
INFO: [ app_begin ] --START--
INFO: ReadHtmlCache Behavior ::run [ RunTime:0.001783s ]
INFO: [ app_begin ] --END-- [ RunTime:0.001873s ]
SQL: SHOW COLUMNS FROM `contents` [ RunTime:0.005367s ]
SQL: SELECT * FROM `contents` WHERE (  enable=1 and cateid=4  ) LIMIT 1   [ RunTime:0.000341s ]
SQL: SELECT * FROM `contents` WHERE (  enable=1 and cateid=1  ) LIMIT 1   [ RunTime:0.000254s ]
SQL: SHOW COLUMNS FROM `visters` [ RunTime:0.007928s ]
SQL: INSERT INTO `visters` (`ctime`,`info`,`ip`,`page`) VALUES ('2014-10-24 17:40','中国 北京 北京、Other简体中文系统、Other浏览器、','61.135.189.171','系统首页') [ RunTime:0.009829s ]
SQL: SHOW COLUMNS FROM `products` [ RunTime:0.005821s ]
SQL: SELECT * FROM `products` WHERE (  enable=1 and state=1  ) ORDER BY  sorts desc  [ RunTime:0.000949s ]
SQL: SELECT * FROM `products` WHERE (  enable=1 and state=2  ) ORDER BY  sorts desc  [ RunTime:0.000836s ]
INFO: [ view_parse ] --START--
INFO: ParseTemplate Behavior ::run [ RunTime:0.028276s ]
INFO: [ view_parse ] --END-- [ RunTime:0.028382s ]
INFO: [ view_filter ] --START--
INFO: ContentReplace Behavior ::run [ RunTime:0.001681s ]
INFO: TokenBuild Behavior ::run [ RunTime:0.001627s ]
INFO: WriteHtmlCache Behavior ::run [ RunTime:0.001485s ]
INFO: ShowRuntime Behavior ::run [ RunTime:0.001759s ]
INFO: [ view_filter ] --END-- [ RunTime:0.006767s ]
INFO: [ view_end ] --START--
INFO: ShowPageTrace Behavior ::run [ RunTime:0.001998s ]
INFO: [ view_end ] --END-- [ RunTime:0.002080s ]

[ 2014-10-24 17:41:00 ] 61.135.189.171 /index.php/Index/product?procate=&procate2=21
INFO: [ route_check ] --START--
INFO: CheckRoute Behavior ::run [ RunTime:0.002784s ]
INFO: [ route_check ] --END-- [ RunTime:0.002899s ]
INFO: [ app_begin ] --START--
INFO: ReadHtmlCache Behavior ::run [ RunTime:0.002243s ]
INFO: [ app_begin ] --END-- [ RunTime:0.002339s ]
SQL: SHOW COLUMNS FROM `contents` [ RunTime:0.006454s ]
SQL: SELECT * FROM `contents` WHERE (  enable=1 and cateid=4  ) LIMIT 1   [ RunTime:0.000423s ]
SQL: SELECT * FROM `contents` WHERE (  enable=1 and cateid=1  ) LIMIT 1   [ RunTime:0.000342s ]
SQL: SHOW COLUMNS FROM `visters` [ RunTime:0.005894s ]
SQL: INSERT INTO `visters` (`ctime`,`info`,`ip`,`page`) VALUES ('2014-10-24 17:41','中国 北京 北京、Other简体中文系统、Other浏览器、','61.135.189.171','产品页面') [ RunTime:0.010148s ]
SQL: SHOW COLUMNS FROM `procate` [ RunTime:0.006190s ]
SQL: SHOW COLUMNS FROM `products` [ RunTime:0.005671s ]
SQL: SELECT * FROM `procate` WHERE ( id=0 ) LIMIT 1   [ RunTime:0.000265s ]
SQL: SELECT * FROM `procate` WHERE ( id=21 ) LIMIT 1   [ RunTime:0.000232s ]
SQL: select count(*) as count from products a left join procate b on a.proid = b.id where 1=1 and a.enable=1 and b.enable=1  [ RunTime:0.000479s ]
SQL: select a.id,a.title,a.info,a.imgs,a.ctime from products a left join procate b on a.proid = b.id where 1=1 and a.enable=1 and b.enable=1  order by a.sorts desc limit 0,9 [ RunTime:0.000469s ]
SQL: SELECT * FROM `procate` WHERE (  enable =1 and pid=0  )  [ RunTime:0.000259s ]
NOTIC: [8] Undefined variable: cate2List D:\enkjhost\mayning1\web\home\Lib\Action\IndexAction.class.php 第 220 行.
INFO: [ view_parse ] --START--
INFO: ParseTemplate Behavior ::run [ RunTime:0.027594s ]
INFO: [ view_parse ] --END-- [ RunTime:0.027714s ]
INFO: [ view_filter ] --START--
INFO: ContentReplace Behavior ::run [ RunTime:0.001708s ]
INFO: TokenBuild Behavior ::run [ RunTime:0.001630s ]
INFO: WriteHtmlCache Behavior ::run [ RunTime:0.001492s ]
INFO: ShowRuntime Behavior ::run [ RunTime:0.001775s ]
INFO: [ view_filter ] --END-- [ RunTime:0.006822s ]
INFO: [ view_end ] --START--
INFO: ShowPageTrace Behavior ::run [ RunTime:0.002009s ]
INFO: [ view_end ] --END-- [ RunTime:0.002091s ]

[ 2014-10-24 18:39:51 ] 202.46.55.192 /index.php
INFO: [ app_begin ] --START--
INFO: ReadHtmlCache Behavior ::run [ RunTime:0.003323s ]
INFO: [ app_begin ] --END-- [ RunTime:0.003437s ]
SQL: SHOW COLUMNS FROM `contents` [ RunTime:0.006994s ]
SQL: SELECT * FROM `contents` WHERE (  enable=1 and cateid=4  ) LIMIT 1   [ RunTime:0.000440s ]
SQL: SELECT * FROM `contents` WHERE (  enable=1 and cateid=1  ) LIMIT 1   [ RunTime:0.000353s ]
SQL: SHOW COLUMNS FROM `visters` [ RunTime:0.008171s ]
SQL: INSERT INTO `visters` (`ctime`,`info`,`ip`,`page`) VALUES ('2014-10-24 18:39','中国 广东 深圳、Windows简体中文系统、MSIE浏览器、','202.46.55.192','系统首页') [ RunTime:0.010331s ]
SQL: SHOW COLUMNS FROM `products` [ RunTime:0.007158s ]
SQL: SELECT * FROM `products` WHERE (  enable=1 and state=1  ) ORDER BY  sorts desc  [ RunTime:0.001025s ]
SQL: SELECT * FROM `products` WHERE (  enable=1 and state=2  ) ORDER BY  sorts desc  [ RunTime:0.000943s ]
INFO: [ view_parse ] --START--
INFO: ParseTemplate Behavior ::run [ RunTime:0.036525s ]
INFO: [ view_parse ] --END-- [ RunTime:0.036640s ]
INFO: [ view_filter ] --START--
INFO: ContentReplace Behavior ::run [ RunTime:0.002530s ]
INFO: TokenBuild Behavior ::run [ RunTime:0.002271s ]
INFO: WriteHtmlCache Behavior ::run [ RunTime:0.002062s ]
INFO: ShowRuntime Behavior ::run [ RunTime:0.002870s ]
INFO: [ view_filter ] --END-- [ RunTime:0.009958s ]
INFO: [ view_end ] --START--
INFO: ShowPageTrace Behavior ::run [ RunTime:0.003152s ]
INFO: [ view_end ] --END-- [ RunTime:0.003236s ]

[ 2014-10-24 18:39:59 ] 119.63.193.196 /index.php
INFO: [ app_begin ] --START--
INFO: ReadHtmlCache Behavior ::run [ RunTime:0.001687s ]
INFO: [ app_begin ] --END-- [ RunTime:0.001777s ]
SQL: SHOW COLUMNS FROM `contents` [ RunTime:0.004328s ]
SQL: SELECT * FROM `contents` WHERE (  enable=1 and cateid=4  ) LIMIT 1   [ RunTime:0.000339s ]
SQL: SELECT * FROM `contents` WHERE (  enable=1 and cateid=1  ) LIMIT 1   [ RunTime:0.000293s ]
SQL: SHOW COLUMNS FROM `visters` [ RunTime:0.005057s ]
SQL: INSERT INTO `visters` (`ctime`,`info`,`ip`,`page`) VALUES ('2014-10-24 18:39','日本 东京 Tokyo、Windows简体中文系统、MSIE浏览器、','119.63.193.196','系统首页') [ RunTime:0.007913s ]
SQL: SHOW COLUMNS FROM `products` [ RunTime:0.005457s ]
SQL: SELECT * FROM `products` WHERE (  enable=1 and state=1  ) ORDER BY  sorts desc  [ RunTime:0.000917s ]
SQL: SELECT * FROM `products` WHERE (  enable=1 and state=2  ) ORDER BY  sorts desc  [ RunTime:0.000927s ]
INFO: [ view_parse ] --START--
INFO: ParseTemplate Behavior ::run [ RunTime:0.025240s ]
INFO: [ view_parse ] --END-- [ RunTime:0.025348s ]
INFO: [ view_filter ] --START--
INFO: ContentReplace Behavior ::run [ RunTime:0.001956s ]
INFO: TokenBuild Behavior ::run [ RunTime:0.001935s ]
INFO: WriteHtmlCache Behavior ::run [ RunTime:0.001703s ]
INFO: ShowRuntime Behavior ::run [ RunTime:0.002027s ]
INFO: [ view_filter ] --END-- [ RunTime:0.007876s ]
INFO: [ view_end ] --START--
INFO: ShowPageTrace Behavior ::run [ RunTime:0.002283s ]
INFO: [ view_end ] --END-- [ RunTime:0.002378s ]

[ 2014-10-24 19:43:47 ] 183.60.244.24 /index.php
INFO: [ app_begin ] --START--
INFO: ReadHtmlCache Behavior ::run [ RunTime:0.002400s ]
INFO: [ app_begin ] --END-- [ RunTime:0.002491s ]
SQL: SHOW COLUMNS FROM `contents` [ RunTime:0.003850s ]
SQL: SELECT * FROM `contents` WHERE (  enable=1 and cateid=4  ) LIMIT 1   [ RunTime:0.000245s ]
SQL: SELECT * FROM `contents` WHERE (  enable=1 and cateid=1  ) LIMIT 1   [ RunTime:0.000188s ]
NOTIC: [8] Undefined index:  HTTP_ACCEPT_LANGUAGE D:\enkjhost\mayning1\web\home\Lib\Action\UtilAction.class.php 第 96 行.
SQL: SHOW COLUMNS FROM `visters` [ RunTime:0.003296s ]
SQL: INSERT INTO `visters` (`ctime`,`info`,`ip`,`page`) VALUES ('2014-10-24 19:43','中国 广东 广州、OtherEnglish系统、Other浏览器、','183.60.244.24','系统首页') [ RunTime:0.008784s ]
SQL: SHOW COLUMNS FROM `products` [ RunTime:0.003484s ]
SQL: SELECT * FROM `products` WHERE (  enable=1 and state=1  ) ORDER BY  sorts desc  [ RunTime:0.000569s ]
SQL: SELECT * FROM `products` WHERE (  enable=1 and state=2  ) ORDER BY  sorts desc  [ RunTime:0.000481s ]
INFO: [ view_parse ] --START--
INFO: ParseTemplate Behavior ::run [ RunTime:0.022094s ]
INFO: [ view_parse ] --END-- [ RunTime:0.022160s ]
INFO: [ view_filter ] --START--
INFO: ContentReplace Behavior ::run [ RunTime:0.001602s ]
INFO: TokenBuild Behavior ::run [ RunTime:0.001505s ]
INFO: WriteHtmlCache Behavior ::run [ RunTime:0.001364s ]
INFO: ShowRuntime Behavior ::run [ RunTime:0.001653s ]
INFO: [ view_filter ] --END-- [ RunTime:0.006261s ]
INFO: [ view_end ] --START--
INFO: ShowPageTrace Behavior ::run [ RunTime:0.001880s ]
INFO: [ view_end ] --END-- [ RunTime:0.001930s ]

[ 2014-10-24 19:43:47 ] 183.60.244.20 /index.php
INFO: [ app_begin ] --START--
INFO: ReadHtmlCache Behavior ::run [ RunTime:0.001155s ]
INFO: [ app_begin ] --END-- [ RunTime:0.001218s ]
SQL: SHOW COLUMNS FROM `contents` [ RunTime:0.003375s ]
SQL: SELECT * FROM `contents` WHERE (  enable=1 and cateid=4  ) LIMIT 1   [ RunTime:0.000227s ]
SQL: SELECT * FROM `contents` WHERE (  enable=1 and cateid=1  ) LIMIT 1   [ RunTime:0.000157s ]
NOTIC: [8] Undefined index:  HTTP_ACCEPT_LANGUAGE D:\enkjhost\mayning1\web\home\Lib\Action\UtilAction.class.php 第 96 行.
SQL: SHOW COLUMNS FROM `visters` [ RunTime:0.007922s ]
SQL: INSERT INTO `visters` (`ctime`,`info`,`ip`,`page`) VALUES ('2014-10-24 19:43','中国 广东 广州、WindowsEnglish系统、MSIE浏览器、','183.60.244.20','系统首页') [ RunTime:0.010897s ]
SQL: SHOW COLUMNS FROM `products` [ RunTime:0.005539s ]
SQL: SELECT * FROM `products` WHERE (  enable=1 and state=1  ) ORDER BY  sorts desc  [ RunTime:0.001015s ]
SQL: SELECT * FROM `products` WHERE (  enable=1 and state=2  ) ORDER BY  sorts desc  [ RunTime:0.000946s ]
INFO: [ view_parse ] --START--
INFO: ParseTemplate Behavior ::run [ RunTime:0.027282s ]
INFO: [ view_parse ] --END-- [ RunTime:0.027400s ]
INFO: [ view_filter ] --START--
INFO: ContentReplace Behavior ::run [ RunTime:0.001979s ]
INFO: TokenBuild Behavior ::run [ RunTime:0.001886s ]
INFO: WriteHtmlCache Behavior ::run [ RunTime:0.001710s ]
INFO: ShowRuntime Behavior ::run [ RunTime:0.002103s ]
INFO: [ view_filter ] --END-- [ RunTime:0.007939s ]
INFO: [ view_end ] --START--
INFO: ShowPageTrace Behavior ::run [ RunTime:0.002416s ]
INFO: [ view_end ] --END-- [ RunTime:0.002513s ]

[ 2014-10-24 19:50:11 ] 123.125.71.46 /index.php/Index/index
INFO: [ route_check ] --START--
INFO: CheckRoute Behavior ::run [ RunTime:0.002949s ]
INFO: [ route_check ] --END-- [ RunTime:0.003033s ]
INFO: [ app_begin ] --START--
INFO: ReadHtmlCache Behavior ::run [ RunTime:0.002411s ]
INFO: [ app_begin ] --END-- [ RunTime:0.002480s ]
SQL: SHOW COLUMNS FROM `contents` [ RunTime:0.004522s ]
SQL: SELECT * FROM `contents` WHERE (  enable=1 and cateid=4  ) LIMIT 1   [ RunTime:0.000284s ]
SQL: SELECT * FROM `contents` WHERE (  enable=1 and cateid=1  ) LIMIT 1   [ RunTime:0.000202s ]
SQL: SHOW COLUMNS FROM `visters` [ RunTime:0.003810s ]
SQL: INSERT INTO `visters` (`ctime`,`info`,`ip`,`page`) VALUES ('2014-10-24 19:50','中国 北京 北京、Other简体中文系统、Other浏览器、','123.125.71.46','系统首页') [ RunTime:0.007822s ]
SQL: SHOW COLUMNS FROM `products` [ RunTime:0.004023s ]
SQL: SELECT * FROM `products` WHERE (  enable=1 and state=1  ) ORDER BY  sorts desc  [ RunTime:0.000779s ]
SQL: SELECT * FROM `products` WHERE (  enable=1 and state=2  ) ORDER BY  sorts desc  [ RunTime:0.000719s ]
INFO: [ view_parse ] --START--
INFO: ParseTemplate Behavior ::run [ RunTime:0.033599s ]
INFO: [ view_parse ] --END-- [ RunTime:0.033702s ]
INFO: [ view_filter ] --START--
INFO: ContentReplace Behavior ::run [ RunTime:0.002552s ]
INFO: TokenBuild Behavior ::run [ RunTime:0.002565s ]
INFO: WriteHtmlCache Behavior ::run [ RunTime:0.002298s ]
INFO: ShowRuntime Behavior ::run [ RunTime:0.002699s ]
INFO: [ view_filter ] --END-- [ RunTime:0.010338s ]
INFO: [ view_end ] --START--
INFO: ShowPageTrace Behavior ::run [ RunTime:0.003092s ]
INFO: [ view_end ] --END-- [ RunTime:0.003177s ]

[ 2014-10-24 19:51:22 ] 218.241.98.202 /index.php
INFO: [ app_begin ] --START--
INFO: ReadHtmlCache Behavior ::run [ RunTime:0.001698s ]
INFO: [ app_begin ] --END-- [ RunTime:0.001788s ]
SQL: SHOW COLUMNS FROM `contents` [ RunTime:0.004349s ]
SQL: SELECT * FROM `contents` WHERE (  enable=1 and cateid=4  ) LIMIT 1   [ RunTime:0.000279s ]
SQL: SELECT * FROM `contents` WHERE (  enable=1 and cateid=1  ) LIMIT 1   [ RunTime:0.000198s ]
SQL: SHOW COLUMNS FROM `visters` [ RunTime:0.005282s ]
SQL: INSERT INTO `visters` (`ctime`,`info`,`ip`,`page`) VALUES ('2014-10-24 19:51','中国 北京 北京、Windows简体中文系统、MSIE浏览器、','218.241.98.202','系统首页') [ RunTime:0.008987s ]
SQL: SHOW COLUMNS FROM `products` [ RunTime:0.005777s ]
SQL: SELECT * FROM `products` WHERE (  enable=1 and state=1  ) ORDER BY  sorts desc  [ RunTime:0.000932s ]
SQL: SELECT * FROM `products` WHERE (  enable=1 and state=2  ) ORDER BY  sorts desc  [ RunTime:0.000810s ]
INFO: [ view_parse ] --START--
INFO: ParseTemplate Behavior ::run [ RunTime:0.024960s ]
INFO: [ view_parse ] --END-- [ RunTime:0.025064s ]
INFO: [ view_filter ] --START--
INFO: ContentReplace Behavior ::run [ RunTime:0.001776s ]
INFO: TokenBuild Behavior ::run [ RunTime:0.001332s ]
INFO: WriteHtmlCache Behavior ::run [ RunTime:0.001202s ]
INFO: ShowRuntime Behavior ::run [ RunTime:0.001428s ]
INFO: [ view_filter ] --END-- [ RunTime:0.005945s ]
INFO: [ view_end ] --START--
INFO: ShowPageTrace Behavior ::run [ RunTime:0.001621s ]
INFO: [ view_end ] --END-- [ RunTime:0.001687s ]

[ 2014-10-24 20:56:56 ] 180.76.5.196 /index.php/Index/product?procate=22&procate2=33
INFO: [ route_check ] --START--
INFO: CheckRoute Behavior ::run [ RunTime:0.004048s ]
INFO: [ route_check ] --END-- [ RunTime:0.004162s ]
INFO: [ app_begin ] --START--
INFO: ReadHtmlCache Behavior ::run [ RunTime:0.002087s ]
INFO: [ app_begin ] --END-- [ RunTime:0.002182s ]
SQL: SHOW COLUMNS FROM `contents` [ RunTime:0.007067s ]
SQL: SELECT * FROM `contents` WHERE (  enable=1 and cateid=4  ) LIMIT 1   [ RunTime:0.000384s ]
SQL: SELECT * FROM `contents` WHERE (  enable=1 and cateid=1  ) LIMIT 1   [ RunTime:0.000325s ]
SQL: SHOW COLUMNS FROM `visters` [ RunTime:0.006815s ]
SQL: INSERT INTO `visters` (`ctime`,`info`,`ip`,`page`) VALUES ('2014-10-24 20:56','中国 北京 北京、OtherEnglish系统、Other浏览器、','180.76.5.196','产品页面') [ RunTime:0.010560s ]
SQL: SHOW COLUMNS FROM `procate` [ RunTime:0.006093s ]
SQL: SHOW COLUMNS FROM `products` [ RunTime:0.005561s ]
SQL: SELECT * FROM `procate` WHERE ( id=22 ) LIMIT 1   [ RunTime:0.000311s ]
SQL: SELECT * FROM `procate` WHERE ( id=33 ) LIMIT 1   [ RunTime:0.000261s ]
SQL: SELECT * FROM `procate` WHERE ( pid=22 )  [ RunTime:0.000300s ]
SQL: select count(*) as count from products a left join procate b on a.proid = b.id where 1=1 and a.enable=1 and b.enable=1  and ( b.pid=33 or b.id=33) [ RunTime:0.000573s ]
SQL: select a.id,a.title,a.info,a.imgs,a.ctime from products a left join procate b on a.proid = b.id where 1=1 and a.enable=1 and b.enable=1  and ( b.pid=33 or b.id=33) order by a.sorts desc limit 0,9 [ RunTime:0.001015s ]
SQL: SELECT * FROM `procate` WHERE (  enable =1 and pid=0  )  [ RunTime:0.000319s ]
INFO: [ view_parse ] --START--
INFO: ParseTemplate Behavior ::run [ RunTime:0.033284s ]
INFO: [ view_parse ] --END-- [ RunTime:0.033383s ]
INFO: [ view_filter ] --START--
INFO: ContentReplace Behavior ::run [ RunTime:0.001567s ]
INFO: TokenBuild Behavior ::run [ RunTime:0.001541s ]
INFO: WriteHtmlCache Behavior ::run [ RunTime:0.001988s ]
INFO: ShowRuntime Behavior ::run [ RunTime:0.001626s ]
INFO: [ view_filter ] --END-- [ RunTime:0.006935s ]
INFO: [ view_end ] --START--
INFO: ShowPageTrace Behavior ::run [ RunTime:0.002779s ]
INFO: [ view_end ] --END-- [ RunTime:0.002859s ]

[ 2014-10-24 21:40:08 ] 188.165.15.205 /index.php/Index/product?procate=20&procate2=31
INFO: [ route_check ] --START--
INFO: CheckRoute Behavior ::run [ RunTime:0.003411s ]
INFO: [ route_check ] --END-- [ RunTime:0.003513s ]
INFO: [ app_begin ] --START--
INFO: ReadHtmlCache Behavior ::run [ RunTime:0.002774s ]
INFO: [ app_begin ] --END-- [ RunTime:0.002856s ]
SQL: SHOW COLUMNS FROM `contents` [ RunTime:0.005567s ]
SQL: SELECT * FROM `contents` WHERE (  enable=1 and cateid=4  ) LIMIT 1   [ RunTime:0.000354s ]
SQL: SELECT * FROM `contents` WHERE (  enable=1 and cateid=1  ) LIMIT 1   [ RunTime:0.000328s ]
NOTIC: [8] Undefined index:  HTTP_ACCEPT_LANGUAGE D:\enkjhost\mayning1\web\home\Lib\Action\UtilAction.class.php 第 96 行.
SQL: SHOW COLUMNS FROM `visters` [ RunTime:0.003934s ]
SQL: INSERT INTO `visters` (`ctime`,`info`,`ip`,`page`) VALUES ('2014-10-24 21:40','法国  、OtherEnglish系统、Other浏览器、','188.165.15.205','产品页面') [ RunTime:0.009492s ]
SQL: SHOW COLUMNS FROM `procate` [ RunTime:0.004235s ]
SQL: SHOW COLUMNS FROM `products` [ RunTime:0.003261s ]
SQL: SELECT * FROM `procate` WHERE ( id=20 ) LIMIT 1   [ RunTime:0.000180s ]
SQL: SELECT * FROM `procate` WHERE ( id=31 ) LIMIT 1   [ RunTime:0.000135s ]
SQL: SELECT * FROM `procate` WHERE ( pid=20 )  [ RunTime:0.000144s ]
SQL: select count(*) as count from products a left join procate b on a.proid = b.id where 1=1 and a.enable=1 and b.enable=1  and ( b.pid=31 or b.id=31) [ RunTime:0.000294s ]
SQL: select a.id,a.title,a.info,a.imgs,a.ctime from products a left join procate b on a.proid = b.id where 1=1 and a.enable=1 and b.enable=1  and ( b.pid=31 or b.id=31) order by a.sorts desc limit 0,9 [ RunTime:0.000325s ]
SQL: SELECT * FROM `procate` WHERE (  enable =1 and pid=0  )  [ RunTime:0.000153s ]
INFO: [ view_parse ] --START--
INFO: ParseTemplate Behavior ::run [ RunTime:0.024606s ]
INFO: [ view_parse ] --END-- [ RunTime:0.024683s ]
INFO: [ view_filter ] --START--
INFO: ContentReplace Behavior ::run [ RunTime:0.001982s ]
INFO: TokenBuild Behavior ::run [ RunTime:0.001281s ]
INFO: WriteHtmlCache Behavior ::run [ RunTime:0.001728s ]
INFO: ShowRuntime Behavior ::run [ RunTime:0.002148s ]
INFO: [ view_filter ] --END-- [ RunTime:0.007316s ]
INFO: [ view_end ] --START--
INFO: ShowPageTrace Behavior ::run [ RunTime:0.002435s ]
INFO: [ view_end ] --END-- [ RunTime:0.002501s ]

[ 2014-10-24 22:03:35 ] 180.76.6.136 /index.php/Index/productInfo?id=22
INFO: [ route_check ] --START--
INFO: CheckRoute Behavior ::run [ RunTime:0.002697s ]
INFO: [ route_check ] --END-- [ RunTime:0.002810s ]
INFO: [ app_begin ] --START--
INFO: ReadHtmlCache Behavior ::run [ RunTime:0.003224s ]
INFO: [ app_begin ] --END-- [ RunTime:0.003320s ]
SQL: SHOW COLUMNS FROM `contents` [ RunTime:0.006750s ]
SQL: SELECT * FROM `contents` WHERE (  enable=1 and cateid=4  ) LIMIT 1   [ RunTime:0.000414s ]
SQL: SELECT * FROM `contents` WHERE (  enable=1 and cateid=1  ) LIMIT 1   [ RunTime:0.000354s ]
SQL: SHOW COLUMNS FROM `visters` [ RunTime:0.007169s ]
SQL: INSERT INTO `visters` (`ctime`,`info`,`ip`,`page`) VALUES ('2014-10-24 22:03','中国 北京 北京、OtherEnglish系统、Other浏览器、','180.76.6.136','产品详情页面') [ RunTime:0.010168s ]
SQL: SHOW COLUMNS FROM `procate` [ RunTime:0.007012s ]
SQL: SHOW COLUMNS FROM `products` [ RunTime:0.005411s ]
NOTIC: [8] Undefined index:  procate D:\enkjhost\mayning1\web\home\Lib\Action\IndexAction.class.php 第 243 行.
NOTIC: [8] Undefined index:  procate2 D:\enkjhost\mayning1\web\home\Lib\Action\IndexAction.class.php 第 244 行.
SQL: SELECT * FROM `procate` WHERE ( id=%d ) LIMIT 1   [ RunTime:0.000209s ]
ERR: 1064:You have an error in your SQL syntax; check the manual that corresponds to your MySQL server version for the right syntax to use near '%d ) LIMIT 1' at line 1
 [ SQL语句 ] : SELECT * FROM `procate` WHERE ( id=%d ) LIMIT 1  
SQL: SELECT * FROM `procate` WHERE ( id=%d ) LIMIT 1   [ RunTime:0.000299s ]
ERR: 1064:You have an error in your SQL syntax; check the manual that corresponds to your MySQL server version for the right syntax to use near '%d ) LIMIT 1' at line 1
 [ SQL语句 ] : SELECT * FROM `procate` WHERE ( id=%d ) LIMIT 1  
SQL: SELECT * FROM `procate` WHERE (  enable =1 and pid=0  )  [ RunTime:0.000420s ]
SQL: SELECT * FROM `products` WHERE (  id=22 ) LIMIT 1   [ RunTime:0.000377s ]
SQL: SELECT * FROM `procate` WHERE ( id=26 ) LIMIT 1   [ RunTime:0.000300s ]
SQL: SELECT * FROM `procate` WHERE ( id=0 ) LIMIT 1   [ RunTime:0.000289s ]
INFO: [ view_parse ] --START--
INFO: ParseTemplate Behavior ::run [ RunTime:0.027614s ]
INFO: [ view_parse ] --END-- [ RunTime:0.027716s ]
INFO: [ view_filter ] --START--
INFO: ContentReplace Behavior ::run [ RunTime:0.002137s ]
INFO: TokenBuild Behavior ::run [ RunTime:0.002097s ]
INFO: WriteHtmlCache Behavior ::run [ RunTime:0.002471s ]
INFO: ShowRuntime Behavior ::run [ RunTime:0.002318s ]
INFO: [ view_filter ] --END-- [ RunTime:0.009222s ]
INFO: [ view_end ] --START--
INFO: ShowPageTrace Behavior ::run [ RunTime:0.002649s ]
INFO: [ view_end ] --END-- [ RunTime:0.002725s ]

