[ 2014-11-29 00:14:59 ] 220.181.108.92 /index.php/Index/productInfo?id=111
INFO: [ route_check ] --START--
INFO: CheckRoute Behavior ::run [ RunTime:0.004138s ]
INFO: [ route_check ] --END-- [ RunTime:0.004257s ]
INFO: [ app_begin ] --START--
INFO: ReadHtmlCache Behavior ::run [ RunTime:0.004233s ]
INFO: [ app_begin ] --END-- [ RunTime:0.004333s ]
SQL: SHOW COLUMNS FROM `contents` [ RunTime:0.006320s ]
SQL: SELECT * FROM `contents` WHERE (  enable=1 and cateid=4  ) LIMIT 1   [ RunTime:0.000395s ]
SQL: SELECT * FROM `contents` WHERE (  enable=1 and cateid=1  ) LIMIT 1   [ RunTime:0.000310s ]
SQL: SHOW COLUMNS FROM `visters` [ RunTime:0.005835s ]
SQL: INSERT INTO `visters` (`ctime`,`info`,`ip`,`page`) VALUES ('2014-11-29 00:14','中国 北京 北京、Other简体中文系统、Other浏览器、','220.181.108.92','产品详情页面') [ RunTime:0.009905s ]
SQL: SHOW COLUMNS FROM `procate` [ RunTime:0.005279s ]
SQL: SHOW COLUMNS FROM `products` [ RunTime:0.004813s ]
NOTIC: [8] Undefined index:  procate D:\enkjhost\mayning1\web\home\Lib\Action\IndexAction.class.php 第 243 行.
NOTIC: [8] Undefined index:  procate2 D:\enkjhost\mayning1\web\home\Lib\Action\IndexAction.class.php 第 244 行.
SQL: SELECT * FROM `procate` WHERE ( id=%d ) LIMIT 1   [ RunTime:0.000161s ]
ERR: 1064:You have an error in your SQL syntax; check the manual that corresponds to your MySQL server version for the right syntax to use near '%d ) LIMIT 1' at line 1
 [ SQL语句 ] : SELECT * FROM `procate` WHERE ( id=%d ) LIMIT 1  
SQL: SELECT * FROM `procate` WHERE ( id=%d ) LIMIT 1   [ RunTime:0.000133s ]
ERR: 1064:You have an error in your SQL syntax; check the manual that corresponds to your MySQL server version for the right syntax to use near '%d ) LIMIT 1' at line 1
 [ SQL语句 ] : SELECT * FROM `procate` WHERE ( id=%d ) LIMIT 1  
SQL: SELECT * FROM `procate` WHERE (  enable =1 and pid=0  ) ORDER BY  sorts desc  [ RunTime:0.000411s ]
SQL: SELECT * FROM `products` WHERE (  id=111 ) LIMIT 1   [ RunTime:0.000549s ]
SQL: SELECT * FROM `procate` WHERE ( id=10 ) LIMIT 1   [ RunTime:0.000325s ]
SQL: SELECT * FROM `procate` WHERE ( id=0 ) LIMIT 1   [ RunTime:0.000313s ]
INFO: [ view_parse ] --START--
INFO: ParseTemplate Behavior ::run [ RunTime:0.048317s ]
INFO: [ view_parse ] --END-- [ RunTime:0.048431s ]
INFO: [ view_filter ] --START--
INFO: ContentReplace Behavior ::run [ RunTime:0.002916s ]
INFO: TokenBuild Behavior ::run [ RunTime:0.002794s ]
INFO: WriteHtmlCache Behavior ::run [ RunTime:0.002492s ]
INFO: ShowRuntime Behavior ::run [ RunTime:0.003040s ]
INFO: [ view_filter ] --END-- [ RunTime:0.011507s ]
INFO: [ view_end ] --START--
INFO: ShowPageTrace Behavior ::run [ RunTime:0.003435s ]
INFO: [ view_end ] --END-- [ RunTime:0.003537s ]

[ 2014-11-29 01:44:35 ] 123.125.71.43 /index.php/Index/index
INFO: [ route_check ] --START--
INFO: CheckRoute Behavior ::run [ RunTime:0.004128s ]
INFO: [ route_check ] --END-- [ RunTime:0.004247s ]
INFO: [ app_begin ] --START--
INFO: ReadHtmlCache Behavior ::run [ RunTime:0.003197s ]
INFO: [ app_begin ] --END-- [ RunTime:0.003296s ]
SQL: SHOW COLUMNS FROM `contents` [ RunTime:0.006374s ]
SQL: SELECT * FROM `contents` WHERE (  enable=1 and cateid=4  ) LIMIT 1   [ RunTime:0.000409s ]
SQL: SELECT * FROM `contents` WHERE (  enable=1 and cateid=1  ) LIMIT 1   [ RunTime:0.000329s ]
SQL: SHOW COLUMNS FROM `visters` [ RunTime:0.006756s ]
SQL: INSERT INTO `visters` (`ctime`,`info`,`ip`,`page`) VALUES ('2014-11-29 01:44','中国 北京 北京、Other简体中文系统、Other浏览器、','123.125.71.43','系统首页') [ RunTime:0.009219s ]
SQL: SHOW COLUMNS FROM `products` [ RunTime:0.006025s ]
SQL: SELECT * FROM `products` WHERE (  enable=1 and state=1  ) ORDER BY  sorts desc  [ RunTime:0.001151s ]
SQL: SELECT * FROM `products` WHERE (  enable=1 and state=2  ) ORDER BY  sorts desc  [ RunTime:0.000695s ]
INFO: [ view_parse ] --START--
INFO: ParseTemplate Behavior ::run [ RunTime:0.048293s ]
INFO: [ view_parse ] --END-- [ RunTime:0.048412s ]
INFO: [ view_filter ] --START--
INFO: ContentReplace Behavior ::run [ RunTime:0.002725s ]
INFO: TokenBuild Behavior ::run [ RunTime:0.002777s ]
INFO: WriteHtmlCache Behavior ::run [ RunTime:0.002454s ]
INFO: ShowRuntime Behavior ::run [ RunTime:0.002985s ]
INFO: [ view_filter ] --END-- [ RunTime:0.011204s ]
INFO: [ view_end ] --START--
INFO: ShowPageTrace Behavior ::run [ RunTime:0.003410s ]
INFO: [ view_end ] --END-- [ RunTime:0.003509s ]

[ 2014-11-29 02:20:15 ] 123.125.71.105 /index.php/Index/product?procate=25
INFO: [ route_check ] --START--
INFO: CheckRoute Behavior ::run [ RunTime:0.004038s ]
INFO: [ route_check ] --END-- [ RunTime:0.004157s ]
INFO: [ app_begin ] --START--
INFO: ReadHtmlCache Behavior ::run [ RunTime:0.003273s ]
INFO: [ app_begin ] --END-- [ RunTime:0.003373s ]
SQL: SHOW COLUMNS FROM `contents` [ RunTime:0.009346s ]
SQL: SELECT * FROM `contents` WHERE (  enable=1 and cateid=4  ) LIMIT 1   [ RunTime:0.000372s ]
SQL: SELECT * FROM `contents` WHERE (  enable=1 and cateid=1  ) LIMIT 1   [ RunTime:0.000360s ]
SQL: SHOW COLUMNS FROM `visters` [ RunTime:0.013058s ]
SQL: INSERT INTO `visters` (`ctime`,`info`,`ip`,`page`) VALUES ('2014-11-29 02:20','中国 北京 北京、Other简体中文系统、Other浏览器、','123.125.71.105','产品页面') [ RunTime:0.007989s ]
SQL: SHOW COLUMNS FROM `procate` [ RunTime:0.009854s ]
SQL: SHOW COLUMNS FROM `products` [ RunTime:0.009563s ]
NOTIC: [8] Undefined index:  procate2 D:\enkjhost\mayning1\web\home\Lib\Action\IndexAction.class.php 第 176 行.
SQL: SELECT * FROM `procate` WHERE ( id=25 ) LIMIT 1   [ RunTime:0.000273s ]
SQL: SELECT * FROM `procate` WHERE ( id=%d ) LIMIT 1   [ RunTime:0.000147s ]
ERR: 1064:You have an error in your SQL syntax; check the manual that corresponds to your MySQL server version for the right syntax to use near '%d ) LIMIT 1' at line 1
 [ SQL语句 ] : SELECT * FROM `procate` WHERE ( id=%d ) LIMIT 1  
SQL: SELECT * FROM `procate` WHERE ( pid=25 )  [ RunTime:0.000259s ]
SQL: select count(*) as count from products a left join procate b on a.proid = b.id where 1=1 and a.enable=1 and b.enable=1  and ( b.pid=25 or b.id=25) [ RunTime:0.007760s ]
SQL: select a.id,a.title,a.info,a.imgs,a.ctime from products a left join procate b on a.proid = b.id where 1=1 and a.enable=1 and b.enable=1  and ( b.pid=25 or b.id=25) order by a.sorts desc limit 0,9 [ RunTime:0.001216s ]
SQL: SELECT * FROM `procate` WHERE (  enable =1 and pid=0   ) ORDER BY  sorts desc  [ RunTime:0.000438s ]
INFO: [ view_parse ] --START--
INFO: ParseTemplate Behavior ::run [ RunTime:0.036957s ]
INFO: [ view_parse ] --END-- [ RunTime:0.037066s ]
INFO: [ view_filter ] --START--
INFO: ContentReplace Behavior ::run [ RunTime:0.001599s ]
INFO: TokenBuild Behavior ::run [ RunTime:0.002328s ]
INFO: WriteHtmlCache Behavior ::run [ RunTime:0.002117s ]
INFO: ShowRuntime Behavior ::run [ RunTime:0.002648s ]
INFO: [ view_filter ] --END-- [ RunTime:0.008914s ]
INFO: [ view_end ] --START--
INFO: ShowPageTrace Behavior ::run [ RunTime:0.002937s ]
INFO: [ view_end ] --END-- [ RunTime:0.003021s ]

[ 2014-11-29 03:21:17 ] 180.76.5.151 /index.php/Index/product?procate=&procate2=26
INFO: [ route_check ] --START--
INFO: CheckRoute Behavior ::run [ RunTime:0.004689s ]
INFO: [ route_check ] --END-- [ RunTime:0.004816s ]
INFO: [ app_begin ] --START--
INFO: ReadHtmlCache Behavior ::run [ RunTime:0.004422s ]
INFO: [ app_begin ] --END-- [ RunTime:0.004525s ]
SQL: SHOW COLUMNS FROM `contents` [ RunTime:0.006884s ]
SQL: SELECT * FROM `contents` WHERE (  enable=1 and cateid=4  ) LIMIT 1   [ RunTime:0.000419s ]
SQL: SELECT * FROM `contents` WHERE (  enable=1 and cateid=1  ) LIMIT 1   [ RunTime:0.000327s ]
SQL: SHOW COLUMNS FROM `visters` [ RunTime:0.006525s ]
SQL: INSERT INTO `visters` (`ctime`,`info`,`ip`,`page`) VALUES ('2014-11-29 03:21','中国 北京 北京、OtherEnglish系统、Other浏览器、','180.76.5.151','产品页面') [ RunTime:0.011338s ]
SQL: SHOW COLUMNS FROM `procate` [ RunTime:0.006211s ]
SQL: SHOW COLUMNS FROM `products` [ RunTime:0.006224s ]
SQL: SELECT * FROM `procate` WHERE ( id=0 ) LIMIT 1   [ RunTime:0.000342s ]
SQL: SELECT * FROM `procate` WHERE ( id=26 ) LIMIT 1   [ RunTime:0.000287s ]
SQL: select count(*) as count from products a left join procate b on a.proid = b.id where 1=1 and a.enable=1 and b.enable=1  [ RunTime:0.000631s ]
SQL: select a.id,a.title,a.info,a.imgs,a.ctime from products a left join procate b on a.proid = b.id where 1=1 and a.enable=1 and b.enable=1  order by a.sorts desc limit 0,9 [ RunTime:0.000687s ]
SQL: SELECT * FROM `procate` WHERE (  enable =1 and pid=0   ) ORDER BY  sorts desc  [ RunTime:0.000501s ]
NOTIC: [8] Undefined variable: cate2List D:\enkjhost\mayning1\web\home\Lib\Action\IndexAction.class.php 第 220 行.
INFO: [ view_parse ] --START--
INFO: ParseTemplate Behavior ::run [ RunTime:0.059126s ]
INFO: [ view_parse ] --END-- [ RunTime:0.059249s ]
INFO: [ view_filter ] --START--
INFO: ContentReplace Behavior ::run [ RunTime:0.004183s ]
INFO: TokenBuild Behavior ::run [ RunTime:0.003614s ]
INFO: WriteHtmlCache Behavior ::run [ RunTime:0.003594s ]
INFO: ShowRuntime Behavior ::run [ RunTime:0.004872s ]
INFO: [ view_filter ] --END-- [ RunTime:0.016534s ]
INFO: [ view_end ] --START--
INFO: ShowPageTrace Behavior ::run [ RunTime:0.003512s ]
INFO: [ view_end ] --END-- [ RunTime:0.003610s ]

[ 2014-11-29 03:26:56 ] 220.181.108.146 /index.php
INFO: [ app_begin ] --START--
INFO: ReadHtmlCache Behavior ::run [ RunTime:0.003448s ]
INFO: [ app_begin ] --END-- [ RunTime:0.003585s ]
SQL: SHOW COLUMNS FROM `contents` [ RunTime:0.006686s ]
SQL: SELECT * FROM `contents` WHERE (  enable=1 and cateid=4  ) LIMIT 1   [ RunTime:0.000408s ]
SQL: SELECT * FROM `contents` WHERE (  enable=1 and cateid=1  ) LIMIT 1   [ RunTime:0.000319s ]
SQL: SHOW COLUMNS FROM `visters` [ RunTime:0.006607s ]
SQL: INSERT INTO `visters` (`ctime`,`info`,`ip`,`page`) VALUES ('2014-11-29 03:26','中国 北京 北京、Other简体中文系统、Other浏览器、','220.181.108.146','系统首页') [ RunTime:0.009942s ]
SQL: SHOW COLUMNS FROM `products` [ RunTime:0.006039s ]
SQL: SELECT * FROM `products` WHERE (  enable=1 and state=1  ) ORDER BY  sorts desc  [ RunTime:0.001189s ]
SQL: SELECT * FROM `products` WHERE (  enable=1 and state=2  ) ORDER BY  sorts desc  [ RunTime:0.000669s ]
INFO: [ view_parse ] --START--
INFO: ParseTemplate Behavior ::run [ RunTime:0.051439s ]
INFO: [ view_parse ] --END-- [ RunTime:0.051577s ]
INFO: [ view_filter ] --START--
INFO: ContentReplace Behavior ::run [ RunTime:0.002828s ]
INFO: TokenBuild Behavior ::run [ RunTime:0.002835s ]
INFO: WriteHtmlCache Behavior ::run [ RunTime:0.002276s ]
INFO: ShowRuntime Behavior ::run [ RunTime:0.002671s ]
INFO: [ view_filter ] --END-- [ RunTime:0.010860s ]
INFO: [ view_end ] --START--
INFO: ShowPageTrace Behavior ::run [ RunTime:0.003011s ]
INFO: [ view_end ] --END-- [ RunTime:0.003095s ]

[ 2014-11-29 03:33:44 ] 68.180.228.48 /index.php/Index/product
INFO: [ route_check ] --START--
INFO: CheckRoute Behavior ::run [ RunTime:0.003204s ]
INFO: [ route_check ] --END-- [ RunTime:0.003291s ]
INFO: [ app_begin ] --START--
INFO: ReadHtmlCache Behavior ::run [ RunTime:0.002634s ]
INFO: [ app_begin ] --END-- [ RunTime:0.002708s ]
SQL: SHOW COLUMNS FROM `contents` [ RunTime:0.013493s ]
SQL: SELECT * FROM `contents` WHERE (  enable=1 and cateid=4  ) LIMIT 1   [ RunTime:0.000398s ]
SQL: SELECT * FROM `contents` WHERE (  enable=1 and cateid=1  ) LIMIT 1   [ RunTime:0.000318s ]
NOTIC: [8] Undefined index:  HTTP_ACCEPT_LANGUAGE D:\enkjhost\mayning1\web\home\Lib\Action\UtilAction.class.php 第 96 行.
SQL: SHOW COLUMNS FROM `visters` [ RunTime:0.007037s ]
SQL: INSERT INTO `visters` (`ctime`,`info`,`ip`,`page`) VALUES ('2014-11-29 03:33','美国 加利福尼亚 Sunnyvale、OtherEnglish系统、Other浏览器、','68.180.228.48','产品页面') [ RunTime:0.009534s ]
SQL: SHOW COLUMNS FROM `procate` [ RunTime:0.006325s ]
SQL: SHOW COLUMNS FROM `products` [ RunTime:0.005641s ]
NOTIC: [8] Undefined index:  procate D:\enkjhost\mayning1\web\home\Lib\Action\IndexAction.class.php 第 175 行.
NOTIC: [8] Undefined index:  procate2 D:\enkjhost\mayning1\web\home\Lib\Action\IndexAction.class.php 第 176 行.
SQL: SELECT * FROM `procate` WHERE ( id=%d ) LIMIT 1   [ RunTime:0.000195s ]
ERR: 1064:You have an error in your SQL syntax; check the manual that corresponds to your MySQL server version for the right syntax to use near '%d ) LIMIT 1' at line 1
 [ SQL语句 ] : SELECT * FROM `procate` WHERE ( id=%d ) LIMIT 1  
SQL: SELECT * FROM `procate` WHERE ( id=%d ) LIMIT 1   [ RunTime:0.000189s ]
ERR: 1064:You have an error in your SQL syntax; check the manual that corresponds to your MySQL server version for the right syntax to use near '%d ) LIMIT 1' at line 1
 [ SQL语句 ] : SELECT * FROM `procate` WHERE ( id=%d ) LIMIT 1  
SQL: select count(*) as count from products a left join procate b on a.proid = b.id where 1=1 and a.enable=1 and b.enable=1  [ RunTime:0.000539s ]
SQL: select a.id,a.title,a.info,a.imgs,a.ctime from products a left join procate b on a.proid = b.id where 1=1 and a.enable=1 and b.enable=1  order by a.sorts desc limit 0,9 [ RunTime:0.000473s ]
SQL: SELECT * FROM `procate` WHERE (  enable =1 and pid=0   ) ORDER BY  sorts desc  [ RunTime:0.000374s ]
NOTIC: [8] Undefined variable: cate2List D:\enkjhost\mayning1\web\home\Lib\Action\IndexAction.class.php 第 220 行.
INFO: [ view_parse ] --START--
INFO: ParseTemplate Behavior ::run [ RunTime:0.038635s ]
INFO: [ view_parse ] --END-- [ RunTime:0.038739s ]
INFO: [ view_filter ] --START--
INFO: ContentReplace Behavior ::run [ RunTime:0.002947s ]
INFO: TokenBuild Behavior ::run [ RunTime:0.001993s ]
INFO: WriteHtmlCache Behavior ::run [ RunTime:0.002543s ]
INFO: ShowRuntime Behavior ::run [ RunTime:0.003153s ]
INFO: [ view_filter ] --END-- [ RunTime:0.010899s ]
INFO: [ view_end ] --START--
INFO: ShowPageTrace Behavior ::run [ RunTime:0.003490s ]
INFO: [ view_end ] --END-- [ RunTime:0.003588s ]

[ 2014-11-29 03:36:18 ] 68.180.228.48 /index.php/Index/product?procate=20
INFO: [ route_check ] --START--
INFO: CheckRoute Behavior ::run [ RunTime:0.002476s ]
INFO: [ route_check ] --END-- [ RunTime:0.002590s ]
INFO: [ app_begin ] --START--
INFO: ReadHtmlCache Behavior ::run [ RunTime:0.003204s ]
INFO: [ app_begin ] --END-- [ RunTime:0.003301s ]
SQL: SHOW COLUMNS FROM `contents` [ RunTime:0.006918s ]
SQL: SELECT * FROM `contents` WHERE (  enable=1 and cateid=4  ) LIMIT 1   [ RunTime:0.000327s ]
SQL: SELECT * FROM `contents` WHERE (  enable=1 and cateid=1  ) LIMIT 1   [ RunTime:0.000261s ]
NOTIC: [8] Undefined index:  HTTP_ACCEPT_LANGUAGE D:\enkjhost\mayning1\web\home\Lib\Action\UtilAction.class.php 第 96 行.
SQL: SHOW COLUMNS FROM `visters` [ RunTime:0.006739s ]
SQL: INSERT INTO `visters` (`ctime`,`info`,`ip`,`page`) VALUES ('2014-11-29 03:36','美国 加利福尼亚 Sunnyvale、OtherEnglish系统、Other浏览器、','68.180.228.48','产品页面') [ RunTime:0.011503s ]
SQL: SHOW COLUMNS FROM `procate` [ RunTime:0.005816s ]
SQL: SHOW COLUMNS FROM `products` [ RunTime:0.006033s ]
NOTIC: [8] Undefined index:  procate2 D:\enkjhost\mayning1\web\home\Lib\Action\IndexAction.class.php 第 176 行.
SQL: SELECT * FROM `procate` WHERE ( id=20 ) LIMIT 1   [ RunTime:0.000389s ]
SQL: SELECT * FROM `procate` WHERE ( id=%d ) LIMIT 1   [ RunTime:0.000267s ]
ERR: 1064:You have an error in your SQL syntax; check the manual that corresponds to your MySQL server version for the right syntax to use near '%d ) LIMIT 1' at line 1
 [ SQL语句 ] : SELECT * FROM `procate` WHERE ( id=%d ) LIMIT 1  
SQL: SELECT * FROM `procate` WHERE ( pid=20 )  [ RunTime:0.000419s ]
SQL: select count(*) as count from products a left join procate b on a.proid = b.id where 1=1 and a.enable=1 and b.enable=1  and ( b.pid=20 or b.id=20) [ RunTime:0.000752s ]
SQL: select a.id,a.title,a.info,a.imgs,a.ctime from products a left join procate b on a.proid = b.id where 1=1 and a.enable=1 and b.enable=1  and ( b.pid=20 or b.id=20) order by a.sorts desc limit 0,9 [ RunTime:0.000900s ]
SQL: SELECT * FROM `procate` WHERE (  enable =1 and pid=0   ) ORDER BY  sorts desc  [ RunTime:0.000547s ]
INFO: [ view_parse ] --START--
INFO: ParseTemplate Behavior ::run [ RunTime:0.029854s ]
INFO: [ view_parse ] --END-- [ RunTime:0.029955s ]
INFO: [ view_filter ] --START--
INFO: ContentReplace Behavior ::run [ RunTime:0.002152s ]
INFO: TokenBuild Behavior ::run [ RunTime:0.001346s ]
INFO: WriteHtmlCache Behavior ::run [ RunTime:0.001870s ]
INFO: ShowRuntime Behavior ::run [ RunTime:0.002336s ]
INFO: [ view_filter ] --END-- [ RunTime:0.007908s ]
INFO: [ view_end ] --START--
INFO: ShowPageTrace Behavior ::run [ RunTime:0.001654s ]
INFO: [ view_end ] --END-- [ RunTime:0.001728s ]

[ 2014-11-29 04:11:08 ] 180.76.6.138 /index.php/Index/product?procate=22&procate2=34
INFO: [ route_check ] --START--
INFO: CheckRoute Behavior ::run [ RunTime:0.004012s ]
INFO: [ route_check ] --END-- [ RunTime:0.004128s ]
INFO: [ app_begin ] --START--
INFO: ReadHtmlCache Behavior ::run [ RunTime:0.003216s ]
INFO: [ app_begin ] --END-- [ RunTime:0.003313s ]
SQL: SHOW COLUMNS FROM `contents` [ RunTime:0.006347s ]
SQL: SELECT * FROM `contents` WHERE (  enable=1 and cateid=4  ) LIMIT 1   [ RunTime:0.000393s ]
SQL: SELECT * FROM `contents` WHERE (  enable=1 and cateid=1  ) LIMIT 1   [ RunTime:0.000313s ]
SQL: SHOW COLUMNS FROM `visters` [ RunTime:0.007574s ]
SQL: INSERT INTO `visters` (`ctime`,`info`,`ip`,`page`) VALUES ('2014-11-29 04:11','中国 北京 北京、OtherEnglish系统、Other浏览器、','180.76.6.138','产品页面') [ RunTime:0.011039s ]
SQL: SHOW COLUMNS FROM `procate` [ RunTime:0.006863s ]
SQL: SHOW COLUMNS FROM `products` [ RunTime:0.006072s ]
SQL: SELECT * FROM `procate` WHERE ( id=22 ) LIMIT 1   [ RunTime:0.000319s ]
SQL: SELECT * FROM `procate` WHERE ( id=34 ) LIMIT 1   [ RunTime:0.000267s ]
SQL: SELECT * FROM `procate` WHERE ( pid=22 )  [ RunTime:0.000317s ]
SQL: select count(*) as count from products a left join procate b on a.proid = b.id where 1=1 and a.enable=1 and b.enable=1  and ( b.pid=34 or b.id=34) [ RunTime:0.000589s ]
SQL: select a.id,a.title,a.info,a.imgs,a.ctime from products a left join procate b on a.proid = b.id where 1=1 and a.enable=1 and b.enable=1  and ( b.pid=34 or b.id=34) order by a.sorts desc limit 0,9 [ RunTime:0.001305s ]
SQL: SELECT * FROM `procate` WHERE (  enable =1 and pid=0   ) ORDER BY  sorts desc  [ RunTime:0.000441s ]
INFO: [ view_parse ] --START--
INFO: ParseTemplate Behavior ::run [ RunTime:0.043634s ]
INFO: [ view_parse ] --END-- [ RunTime:0.043751s ]
INFO: [ view_filter ] --START--
INFO: ContentReplace Behavior ::run [ RunTime:0.002794s ]
INFO: TokenBuild Behavior ::run [ RunTime:0.002740s ]
INFO: WriteHtmlCache Behavior ::run [ RunTime:0.002511s ]
INFO: ShowRuntime Behavior ::run [ RunTime:0.002966s ]
INFO: [ view_filter ] --END-- [ RunTime:0.011275s ]
INFO: [ view_end ] --START--
INFO: ShowPageTrace Behavior ::run [ RunTime:0.003444s ]
INFO: [ view_end ] --END-- [ RunTime:0.003539s ]

[ 2014-11-29 08:43:50 ] 182.118.25.238 /index.php
INFO: [ app_begin ] --START--
INFO: ReadHtmlCache Behavior ::run [ RunTime:0.003413s ]
INFO: [ app_begin ] --END-- [ RunTime:0.003528s ]
SQL: SHOW COLUMNS FROM `contents` [ RunTime:0.013102s ]
SQL: SELECT * FROM `contents` WHERE (  enable=1 and cateid=4  ) LIMIT 1   [ RunTime:0.000390s ]
SQL: SELECT * FROM `contents` WHERE (  enable=1 and cateid=1  ) LIMIT 1   [ RunTime:0.000320s ]
SQL: SHOW COLUMNS FROM `visters` [ RunTime:0.010005s ]
SQL: INSERT INTO `visters` (`ctime`,`info`,`ip`,`page`) VALUES ('2014-11-29 08:43','中国 河南 郑州、Windows简体中文系统、MSIE浏览器、','182.118.25.238','系统首页') [ RunTime:0.007873s ]
SQL: SHOW COLUMNS FROM `products` [ RunTime:0.011045s ]
SQL: SELECT * FROM `products` WHERE (  enable=1 and state=1  ) ORDER BY  sorts desc  [ RunTime:0.001157s ]
SQL: SELECT * FROM `products` WHERE (  enable=1 and state=2  ) ORDER BY  sorts desc  [ RunTime:0.000592s ]
INFO: [ view_parse ] --START--
INFO: ParseTemplate Behavior ::run [ RunTime:0.039419s ]
INFO: [ view_parse ] --END-- [ RunTime:0.039563s ]
INFO: [ view_filter ] --START--
INFO: ContentReplace Behavior ::run [ RunTime:0.002893s ]
INFO: TokenBuild Behavior ::run [ RunTime:0.002926s ]
INFO: WriteHtmlCache Behavior ::run [ RunTime:0.002650s ]
INFO: ShowRuntime Behavior ::run [ RunTime:0.003155s ]
INFO: [ view_filter ] --END-- [ RunTime:0.011897s ]
INFO: [ view_end ] --START--
INFO: ShowPageTrace Behavior ::run [ RunTime:0.003611s ]
INFO: [ view_end ] --END-- [ RunTime:0.003707s ]

[ 2014-11-29 08:44:21 ] 182.118.20.234 /index.php/Index/news
INFO: [ route_check ] --START--
INFO: CheckRoute Behavior ::run [ RunTime:0.003330s ]
INFO: [ route_check ] --END-- [ RunTime:0.003416s ]
INFO: [ app_begin ] --START--
INFO: ReadHtmlCache Behavior ::run [ RunTime:0.001702s ]
INFO: [ app_begin ] --END-- [ RunTime:0.001776s ]
SQL: SHOW COLUMNS FROM `contents` [ RunTime:0.005774s ]
SQL: SELECT * FROM `contents` WHERE (  enable=1 and cateid=4  ) LIMIT 1   [ RunTime:0.000350s ]
SQL: SELECT * FROM `contents` WHERE (  enable=1 and cateid=1  ) LIMIT 1   [ RunTime:0.000277s ]
SQL: SHOW COLUMNS FROM `visters` [ RunTime:0.007326s ]
SQL: INSERT INTO `visters` (`ctime`,`info`,`ip`,`page`) VALUES ('2014-11-29 08:44','中国 河南 郑州、Windows简体中文系统、MSIE浏览器、','182.118.20.234','FAQ页面') [ RunTime:0.012740s ]
SQL: SHOW COLUMNS FROM `faqcate` [ RunTime:0.010140s ]
SQL: SHOW COLUMNS FROM `faqs` [ RunTime:0.008541s ]
NOTIC: [8] Undefined index:  faqcate D:\enkjhost\mayning1\web\home\Lib\Action\IndexAction.class.php 第 95 行.
SQL: SELECT * FROM `faqcate` WHERE ( enable=1  ) ORDER BY  sorts desc  [ RunTime:0.000364s ]
SQL: SELECT COUNT(*) AS tp_count FROM `faqs` WHERE (  1=1 and enable=1  ) LIMIT 1   [ RunTime:0.000290s ]
SQL: SELECT * FROM `faqs` WHERE (  1=1 and enable=1  ) ORDER BY sorts desc LIMIT 0,10   [ RunTime:0.000474s ]
INFO: [ view_parse ] --START--
INFO: ParseTemplate Behavior ::run [ RunTime:0.029932s ]
INFO: [ view_parse ] --END-- [ RunTime:0.030042s ]
INFO: [ view_filter ] --START--
INFO: ContentReplace Behavior ::run [ RunTime:0.001985s ]
INFO: TokenBuild Behavior ::run [ RunTime:0.001923s ]
INFO: WriteHtmlCache Behavior ::run [ RunTime:0.001746s ]
INFO: ShowRuntime Behavior ::run [ RunTime:0.002055s ]
INFO: [ view_filter ] --END-- [ RunTime:0.007964s ]
INFO: [ view_end ] --START--
INFO: ShowPageTrace Behavior ::run [ RunTime:0.002355s ]
INFO: [ view_end ] --END-- [ RunTime:0.002451s ]

[ 2014-11-29 08:52:42 ] 66.249.65.66 /index.php
INFO: [ app_begin ] --START--
INFO: ReadHtmlCache Behavior ::run [ RunTime:0.002676s ]
INFO: [ app_begin ] --END-- [ RunTime:0.002764s ]
SQL: SHOW COLUMNS FROM `contents` [ RunTime:0.006663s ]
SQL: SELECT * FROM `contents` WHERE (  enable=1 and cateid=4  ) LIMIT 1   [ RunTime:0.000416s ]
SQL: SELECT * FROM `contents` WHERE (  enable=1 and cateid=1  ) LIMIT 1   [ RunTime:0.000336s ]
NOTIC: [8] Undefined index:  HTTP_ACCEPT_LANGUAGE D:\enkjhost\mayning1\web\home\Lib\Action\UtilAction.class.php 第 96 行.
SQL: SHOW COLUMNS FROM `visters` [ RunTime:0.006044s ]
SQL: INSERT INTO `visters` (`ctime`,`info`,`ip`,`page`) VALUES ('2014-11-29 08:52','美国 加利福尼亚 Mountain View、OtherEnglish系统、Other浏览器、','66.249.65.66','系统首页') [ RunTime:0.010352s ]
SQL: SHOW COLUMNS FROM `products` [ RunTime:0.006153s ]
SQL: SELECT * FROM `products` WHERE (  enable=1 and state=1  ) ORDER BY  sorts desc  [ RunTime:0.001127s ]
SQL: SELECT * FROM `products` WHERE (  enable=1 and state=2  ) ORDER BY  sorts desc  [ RunTime:0.000589s ]
INFO: [ view_parse ] --START--
INFO: ParseTemplate Behavior ::run [ RunTime:0.044252s ]
INFO: [ view_parse ] --END-- [ RunTime:0.044382s ]
INFO: [ view_filter ] --START--
INFO: ContentReplace Behavior ::run [ RunTime:0.002970s ]
INFO: TokenBuild Behavior ::run [ RunTime:0.002039s ]
INFO: WriteHtmlCache Behavior ::run [ RunTime:0.002596s ]
INFO: ShowRuntime Behavior ::run [ RunTime:0.003208s ]
INFO: [ view_filter ] --END-- [ RunTime:0.011076s ]
INFO: [ view_end ] --START--
INFO: ShowPageTrace Behavior ::run [ RunTime:0.002413s ]
INFO: [ view_end ] --END-- [ RunTime:0.002509s ]

[ 2014-11-29 10:15:37 ] 68.180.228.48 /index.php/Index/product?procate=&procate2=25
INFO: [ route_check ] --START--
INFO: CheckRoute Behavior ::run [ RunTime:0.004004s ]
INFO: [ route_check ] --END-- [ RunTime:0.004119s ]
INFO: [ app_begin ] --START--
INFO: ReadHtmlCache Behavior ::run [ RunTime:0.003279s ]
INFO: [ app_begin ] --END-- [ RunTime:0.003378s ]
SQL: SHOW COLUMNS FROM `contents` [ RunTime:0.007606s ]
SQL: SELECT * FROM `contents` WHERE (  enable=1 and cateid=4  ) LIMIT 1   [ RunTime:0.000418s ]
SQL: SELECT * FROM `contents` WHERE (  enable=1 and cateid=1  ) LIMIT 1   [ RunTime:0.000324s ]
NOTIC: [8] Undefined index:  HTTP_ACCEPT_LANGUAGE D:\enkjhost\mayning1\web\home\Lib\Action\UtilAction.class.php 第 96 行.
SQL: SHOW COLUMNS FROM `visters` [ RunTime:0.008356s ]
SQL: INSERT INTO `visters` (`ctime`,`info`,`ip`,`page`) VALUES ('2014-11-29 10:15','美国 加利福尼亚 Sunnyvale、OtherEnglish系统、Other浏览器、','68.180.228.48','产品页面') [ RunTime:0.008040s ]
SQL: SHOW COLUMNS FROM `procate` [ RunTime:0.009239s ]
SQL: SHOW COLUMNS FROM `products` [ RunTime:0.007162s ]
SQL: SELECT * FROM `procate` WHERE ( id=0 ) LIMIT 1   [ RunTime:0.000325s ]
SQL: SELECT * FROM `procate` WHERE ( id=25 ) LIMIT 1   [ RunTime:0.000288s ]
SQL: select count(*) as count from products a left join procate b on a.proid = b.id where 1=1 and a.enable=1 and b.enable=1  [ RunTime:0.000618s ]
SQL: select a.id,a.title,a.info,a.imgs,a.ctime from products a left join procate b on a.proid = b.id where 1=1 and a.enable=1 and b.enable=1  order by a.sorts desc limit 0,9 [ RunTime:0.000552s ]
SQL: SELECT * FROM `procate` WHERE (  enable =1 and pid=0   ) ORDER BY  sorts desc  [ RunTime:0.000447s ]
NOTIC: [8] Undefined variable: cate2List D:\enkjhost\mayning1\web\home\Lib\Action\IndexAction.class.php 第 220 行.
INFO: [ view_parse ] --START--
INFO: ParseTemplate Behavior ::run [ RunTime:0.054355s ]
INFO: [ view_parse ] --END-- [ RunTime:0.054473s ]
INFO: [ view_filter ] --START--
INFO: ContentReplace Behavior ::run [ RunTime:0.002852s ]
INFO: TokenBuild Behavior ::run [ RunTime:0.002843s ]
INFO: WriteHtmlCache Behavior ::run [ RunTime:0.002573s ]
INFO: ShowRuntime Behavior ::run [ RunTime:0.003029s ]
INFO: [ view_filter ] --END-- [ RunTime:0.011561s ]
INFO: [ view_end ] --START--
INFO: ShowPageTrace Behavior ::run [ RunTime:0.003480s ]
INFO: [ view_end ] --END-- [ RunTime:0.003576s ]

[ 2014-11-29 12:38:39 ] 66.249.65.58 /index.php
INFO: [ app_begin ] --START--
INFO: ReadHtmlCache Behavior ::run [ RunTime:0.002572s ]
INFO: [ app_begin ] --END-- [ RunTime:0.002666s ]
SQL: SHOW COLUMNS FROM `contents` [ RunTime:0.005513s ]
SQL: SELECT * FROM `contents` WHERE (  enable=1 and cateid=4  ) LIMIT 1   [ RunTime:0.000329s ]
SQL: SELECT * FROM `contents` WHERE (  enable=1 and cateid=1  ) LIMIT 1   [ RunTime:0.000253s ]
NOTIC: [8] Undefined index:  HTTP_ACCEPT_LANGUAGE D:\enkjhost\mayning1\web\home\Lib\Action\UtilAction.class.php 第 96 行.
SQL: SHOW COLUMNS FROM `visters` [ RunTime:0.008115s ]
SQL: INSERT INTO `visters` (`ctime`,`info`,`ip`,`page`) VALUES ('2014-11-29 12:38','美国 加利福尼亚 Mountain View、MACEnglish系统、Safari浏览器、','66.249.65.58','系统首页') [ RunTime:0.010291s ]
SQL: SHOW COLUMNS FROM `products` [ RunTime:0.006965s ]
SQL: SELECT * FROM `products` WHERE (  enable=1 and state=1  ) ORDER BY  sorts desc  [ RunTime:0.001128s ]
SQL: SELECT * FROM `products` WHERE (  enable=1 and state=2  ) ORDER BY  sorts desc  [ RunTime:0.000672s ]
INFO: [ view_parse ] --START--
INFO: ParseTemplate Behavior ::run [ RunTime:0.040073s ]
INFO: [ view_parse ] --END-- [ RunTime:0.040200s ]
INFO: [ view_filter ] --START--
INFO: ContentReplace Behavior ::run [ RunTime:0.002296s ]
INFO: TokenBuild Behavior ::run [ RunTime:0.002292s ]
INFO: WriteHtmlCache Behavior ::run [ RunTime:0.001991s ]
INFO: ShowRuntime Behavior ::run [ RunTime:0.002361s ]
INFO: [ view_filter ] --END-- [ RunTime:0.009156s ]
INFO: [ view_end ] --START--
INFO: ShowPageTrace Behavior ::run [ RunTime:0.002805s ]
INFO: [ view_end ] --END-- [ RunTime:0.002886s ]

[ 2014-11-29 13:03:54 ] 23.81.173.159 /index.php/Index/productInfo?id=30
INFO: [ route_check ] --START--
INFO: CheckRoute Behavior ::run [ RunTime:0.004241s ]
INFO: [ route_check ] --END-- [ RunTime:0.004353s ]
INFO: [ app_begin ] --START--
INFO: ReadHtmlCache Behavior ::run [ RunTime:0.003491s ]
INFO: [ app_begin ] --END-- [ RunTime:0.003588s ]
SQL: SHOW COLUMNS FROM `contents` [ RunTime:0.007711s ]
SQL: SELECT * FROM `contents` WHERE (  enable=1 and cateid=4  ) LIMIT 1   [ RunTime:0.000398s ]
SQL: SELECT * FROM `contents` WHERE (  enable=1 and cateid=1  ) LIMIT 1   [ RunTime:0.000316s ]
SQL: SHOW COLUMNS FROM `visters` [ RunTime:0.007233s ]
SQL: INSERT INTO `visters` (`ctime`,`info`,`ip`,`page`) VALUES ('2014-11-29 13:03','美国 亚利桑那州 Phoenix、MACEnglish系统、Chrome浏览器、','23.81.173.159','产品详情页面') [ RunTime:0.010366s ]
SQL: SHOW COLUMNS FROM `procate` [ RunTime:0.007227s ]
SQL: SHOW COLUMNS FROM `products` [ RunTime:0.006500s ]
NOTIC: [8] Undefined index:  procate D:\enkjhost\mayning1\web\home\Lib\Action\IndexAction.class.php 第 243 行.
NOTIC: [8] Undefined index:  procate2 D:\enkjhost\mayning1\web\home\Lib\Action\IndexAction.class.php 第 244 行.
SQL: SELECT * FROM `procate` WHERE ( id=%d ) LIMIT 1   [ RunTime:0.000268s ]
ERR: 1064:You have an error in your SQL syntax; check the manual that corresponds to your MySQL server version for the right syntax to use near '%d ) LIMIT 1' at line 1
 [ SQL语句 ] : SELECT * FROM `procate` WHERE ( id=%d ) LIMIT 1  
SQL: SELECT * FROM `procate` WHERE ( id=%d ) LIMIT 1   [ RunTime:0.000223s ]
ERR: 1064:You have an error in your SQL syntax; check the manual that corresponds to your MySQL server version for the right syntax to use near '%d ) LIMIT 1' at line 1
 [ SQL语句 ] : SELECT * FROM `procate` WHERE ( id=%d ) LIMIT 1  
SQL: SELECT * FROM `procate` WHERE (  enable =1 and pid=0  ) ORDER BY  sorts desc  [ RunTime:0.000554s ]
SQL: SELECT * FROM `products` WHERE (  id=30 ) LIMIT 1   [ RunTime:0.000385s ]
SQL: SELECT * FROM `procate` WHERE ( id=26 ) LIMIT 1   [ RunTime:0.000314s ]
SQL: SELECT * FROM `procate` WHERE ( id=0 ) LIMIT 1   [ RunTime:0.000305s ]
INFO: [ view_parse ] --START--
INFO: ParseTemplate Behavior ::run [ RunTime:0.039955s ]
INFO: [ view_parse ] --END-- [ RunTime:0.040082s ]
INFO: [ view_filter ] --START--
INFO: ContentReplace Behavior ::run [ RunTime:0.003052s ]
INFO: TokenBuild Behavior ::run [ RunTime:0.002022s ]
INFO: WriteHtmlCache Behavior ::run [ RunTime:0.002646s ]
INFO: ShowRuntime Behavior ::run [ RunTime:0.002154s ]
INFO: [ view_filter ] --END-- [ RunTime:0.010137s ]
INFO: [ view_end ] --START--
INFO: ShowPageTrace Behavior ::run [ RunTime:0.002387s ]
INFO: [ view_end ] --END-- [ RunTime:0.002484s ]

[ 2014-11-29 13:03:56 ] 23.81.173.159 /index.php/Index/product?procate=24
INFO: [ route_check ] --START--
INFO: CheckRoute Behavior ::run [ RunTime:0.002696s ]
INFO: [ route_check ] --END-- [ RunTime:0.002804s ]
INFO: [ app_begin ] --START--
INFO: ReadHtmlCache Behavior ::run [ RunTime:0.001802s ]
INFO: [ app_begin ] --END-- [ RunTime:0.001877s ]
SQL: SHOW COLUMNS FROM `contents` [ RunTime:0.005609s ]
SQL: SELECT * FROM `contents` WHERE (  enable=1 and cateid=4  ) LIMIT 1   [ RunTime:0.000392s ]
SQL: SELECT * FROM `contents` WHERE (  enable=1 and cateid=1  ) LIMIT 1   [ RunTime:0.000317s ]
SQL: SHOW COLUMNS FROM `visters` [ RunTime:0.007547s ]
SQL: INSERT INTO `visters` (`ctime`,`info`,`ip`,`page`) VALUES ('2014-11-29 13:03','美国 亚利桑那州 Phoenix、MACEnglish系统、Chrome浏览器、','23.81.173.159','产品页面') [ RunTime:0.009296s ]
SQL: SHOW COLUMNS FROM `procate` [ RunTime:0.006928s ]
SQL: SHOW COLUMNS FROM `products` [ RunTime:0.005000s ]
NOTIC: [8] Undefined index:  procate2 D:\enkjhost\mayning1\web\home\Lib\Action\IndexAction.class.php 第 176 行.
SQL: SELECT * FROM `procate` WHERE ( id=24 ) LIMIT 1   [ RunTime:0.000267s ]
SQL: SELECT * FROM `procate` WHERE ( id=%d ) LIMIT 1   [ RunTime:0.000149s ]
ERR: 1064:You have an error in your SQL syntax; check the manual that corresponds to your MySQL server version for the right syntax to use near '%d ) LIMIT 1' at line 1
 [ SQL语句 ] : SELECT * FROM `procate` WHERE ( id=%d ) LIMIT 1  
SQL: SELECT * FROM `procate` WHERE ( pid=24 )  [ RunTime:0.000247s ]
SQL: select count(*) as count from products a left join procate b on a.proid = b.id where 1=1 and a.enable=1 and b.enable=1  and ( b.pid=24 or b.id=24) [ RunTime:0.000504s ]
SQL: select a.id,a.title,a.info,a.imgs,a.ctime from products a left join procate b on a.proid = b.id where 1=1 and a.enable=1 and b.enable=1  and ( b.pid=24 or b.id=24) order by a.sorts desc limit 0,9 [ RunTime:0.000831s ]
SQL: SELECT * FROM `procate` WHERE (  enable =1 and pid=0   ) ORDER BY  sorts desc  [ RunTime:0.000344s ]
INFO: [ view_parse ] --START--
INFO: ParseTemplate Behavior ::run [ RunTime:0.026824s ]
INFO: [ view_parse ] --END-- [ RunTime:0.026917s ]
INFO: [ view_filter ] --START--
INFO: ContentReplace Behavior ::run [ RunTime:0.001708s ]
INFO: TokenBuild Behavior ::run [ RunTime:0.001640s ]
INFO: WriteHtmlCache Behavior ::run [ RunTime:0.001467s ]
INFO: ShowRuntime Behavior ::run [ RunTime:0.001781s ]
INFO: [ view_filter ] --END-- [ RunTime:0.006819s ]
INFO: [ view_end ] --START--
INFO: ShowPageTrace Behavior ::run [ RunTime:0.002277s ]
INFO: [ view_end ] --END-- [ RunTime:0.002363s ]

[ 2014-11-29 16:20:29 ] 108.62.82.164 /index.php/Index/productInfo?id=120
INFO: [ route_check ] --START--
INFO: CheckRoute Behavior ::run [ RunTime:0.002316s ]
INFO: [ route_check ] --END-- [ RunTime:0.002390s ]
INFO: [ app_begin ] --START--
INFO: ReadHtmlCache Behavior ::run [ RunTime:0.001220s ]
INFO: [ app_begin ] --END-- [ RunTime:0.001275s ]
SQL: SHOW COLUMNS FROM `contents` [ RunTime:0.004723s ]
SQL: SELECT * FROM `contents` WHERE (  enable=1 and cateid=4  ) LIMIT 1   [ RunTime:0.000194s ]
SQL: SELECT * FROM `contents` WHERE (  enable=1 and cateid=1  ) LIMIT 1   [ RunTime:0.000154s ]
SQL: SHOW COLUMNS FROM `visters` [ RunTime:0.011531s ]
SQL: INSERT INTO `visters` (`ctime`,`info`,`ip`,`page`) VALUES ('2014-11-29 16:20','美国 伊利诺伊 Chicago、MACEnglish系统、Chrome浏览器、','108.62.82.164','产品详情页面') [ RunTime:0.010711s ]
SQL: SHOW COLUMNS FROM `procate` [ RunTime:0.008066s ]
SQL: SHOW COLUMNS FROM `products` [ RunTime:0.007432s ]
NOTIC: [8] Undefined index:  procate D:\enkjhost\mayning1\web\home\Lib\Action\IndexAction.class.php 第 243 行.
NOTIC: [8] Undefined index:  procate2 D:\enkjhost\mayning1\web\home\Lib\Action\IndexAction.class.php 第 244 行.
SQL: SELECT * FROM `procate` WHERE ( id=%d ) LIMIT 1   [ RunTime:0.000192s ]
ERR: 1064:You have an error in your SQL syntax; check the manual that corresponds to your MySQL server version for the right syntax to use near '%d ) LIMIT 1' at line 1
 [ SQL语句 ] : SELECT * FROM `procate` WHERE ( id=%d ) LIMIT 1  
SQL: SELECT * FROM `procate` WHERE ( id=%d ) LIMIT 1   [ RunTime:0.000187s ]
ERR: 1064:You have an error in your SQL syntax; check the manual that corresponds to your MySQL server version for the right syntax to use near '%d ) LIMIT 1' at line 1
 [ SQL语句 ] : SELECT * FROM `procate` WHERE ( id=%d ) LIMIT 1  
SQL: SELECT * FROM `procate` WHERE (  enable =1 and pid=0  ) ORDER BY  sorts desc  [ RunTime:0.000520s ]
SQL: SELECT * FROM `products` WHERE (  id=120 ) LIMIT 1   [ RunTime:0.000370s ]
SQL: SELECT * FROM `procate` WHERE ( id=37 ) LIMIT 1   [ RunTime:0.000292s ]
SQL: SELECT * FROM `procate` WHERE ( id=0 ) LIMIT 1   [ RunTime:0.000302s ]
INFO: [ view_parse ] --START--
INFO: ParseTemplate Behavior ::run [ RunTime:0.036583s ]
INFO: [ view_parse ] --END-- [ RunTime:0.036689s ]
INFO: [ view_filter ] --START--
INFO: ContentReplace Behavior ::run [ RunTime:0.002269s ]
INFO: TokenBuild Behavior ::run [ RunTime:0.002257s ]
INFO: WriteHtmlCache Behavior ::run [ RunTime:0.002014s ]
INFO: ShowRuntime Behavior ::run [ RunTime:0.002465s ]
INFO: [ view_filter ] --END-- [ RunTime:0.009207s ]
INFO: [ view_end ] --START--
INFO: ShowPageTrace Behavior ::run [ RunTime:0.002800s ]
INFO: [ view_end ] --END-- [ RunTime:0.002878s ]

[ 2014-11-29 16:20:30 ] 108.62.82.164 /index.php/Index/product?procate=24
INFO: [ route_check ] --START--
INFO: CheckRoute Behavior ::run [ RunTime:0.002637s ]
INFO: [ route_check ] --END-- [ RunTime:0.002748s ]
INFO: [ app_begin ] --START--
INFO: ReadHtmlCache Behavior ::run [ RunTime:0.002150s ]
INFO: [ app_begin ] --END-- [ RunTime:0.002244s ]
SQL: SHOW COLUMNS FROM `contents` [ RunTime:0.006185s ]
SQL: SELECT * FROM `contents` WHERE (  enable=1 and cateid=4  ) LIMIT 1   [ RunTime:0.000330s ]
SQL: SELECT * FROM `contents` WHERE (  enable=1 and cateid=1  ) LIMIT 1   [ RunTime:0.000270s ]
SQL: SHOW COLUMNS FROM `visters` [ RunTime:0.007442s ]
SQL: INSERT INTO `visters` (`ctime`,`info`,`ip`,`page`) VALUES ('2014-11-29 16:20','美国 伊利诺伊 Chicago、MACEnglish系统、Chrome浏览器、','108.62.82.164','产品页面') [ RunTime:0.010486s ]
SQL: SHOW COLUMNS FROM `procate` [ RunTime:0.006167s ]
SQL: SHOW COLUMNS FROM `products` [ RunTime:0.006109s ]
NOTIC: [8] Undefined index:  procate2 D:\enkjhost\mayning1\web\home\Lib\Action\IndexAction.class.php 第 176 行.
SQL: SELECT * FROM `procate` WHERE ( id=24 ) LIMIT 1   [ RunTime:0.000370s ]
SQL: SELECT * FROM `procate` WHERE ( id=%d ) LIMIT 1   [ RunTime:0.000227s ]
ERR: 1064:You have an error in your SQL syntax; check the manual that corresponds to your MySQL server version for the right syntax to use near '%d ) LIMIT 1' at line 1
 [ SQL语句 ] : SELECT * FROM `procate` WHERE ( id=%d ) LIMIT 1  
SQL: SELECT * FROM `procate` WHERE ( pid=24 )  [ RunTime:0.000367s ]
SQL: select count(*) as count from products a left join procate b on a.proid = b.id where 1=1 and a.enable=1 and b.enable=1  and ( b.pid=24 or b.id=24) [ RunTime:0.000690s ]
SQL: select a.id,a.title,a.info,a.imgs,a.ctime from products a left join procate b on a.proid = b.id where 1=1 and a.enable=1 and b.enable=1  and ( b.pid=24 or b.id=24) order by a.sorts desc limit 0,9 [ RunTime:0.001113s ]
SQL: SELECT * FROM `procate` WHERE (  enable =1 and pid=0   ) ORDER BY  sorts desc  [ RunTime:0.000499s ]
INFO: [ view_parse ] --START--
INFO: ParseTemplate Behavior ::run [ RunTime:0.033052s ]
INFO: [ view_parse ] --END-- [ RunTime:0.033167s ]
INFO: [ view_filter ] --START--
INFO: ContentReplace Behavior ::run [ RunTime:0.001939s ]
INFO: TokenBuild Behavior ::run [ RunTime:0.001884s ]
INFO: WriteHtmlCache Behavior ::run [ RunTime:0.001680s ]
INFO: ShowRuntime Behavior ::run [ RunTime:0.002065s ]
INFO: [ view_filter ] --END-- [ RunTime:0.007823s ]
INFO: [ view_end ] --START--
INFO: ShowPageTrace Behavior ::run [ RunTime:0.002293s ]
INFO: [ view_end ] --END-- [ RunTime:0.002394s ]

[ 2014-11-29 16:51:03 ] 207.46.13.32 /index.php/Index/news
INFO: [ route_check ] --START--
INFO: CheckRoute Behavior ::run [ RunTime:0.002615s ]
INFO: [ route_check ] --END-- [ RunTime:0.002728s ]
INFO: [ app_begin ] --START--
INFO: ReadHtmlCache Behavior ::run [ RunTime:0.003314s ]
INFO: [ app_begin ] --END-- [ RunTime:0.003412s ]
SQL: SHOW COLUMNS FROM `contents` [ RunTime:0.006772s ]
SQL: SELECT * FROM `contents` WHERE (  enable=1 and cateid=4  ) LIMIT 1   [ RunTime:0.000395s ]
SQL: SELECT * FROM `contents` WHERE (  enable=1 and cateid=1  ) LIMIT 1   [ RunTime:0.000318s ]
NOTIC: [8] Undefined index:  HTTP_ACCEPT_LANGUAGE D:\enkjhost\mayning1\web\home\Lib\Action\UtilAction.class.php 第 96 行.
SQL: SHOW COLUMNS FROM `visters` [ RunTime:0.007076s ]
SQL: INSERT INTO `visters` (`ctime`,`info`,`ip`,`page`) VALUES ('2014-11-29 16:51','美国 华盛顿州 Redmond、OtherEnglish系统、Other浏览器、','207.46.13.32','FAQ页面') [ RunTime:0.010636s ]
SQL: SHOW COLUMNS FROM `faqcate` [ RunTime:0.009799s ]
SQL: SHOW COLUMNS FROM `faqs` [ RunTime:0.007632s ]
NOTIC: [8] Undefined index:  faqcate D:\enkjhost\mayning1\web\home\Lib\Action\IndexAction.class.php 第 95 行.
SQL: SELECT * FROM `faqcate` WHERE ( enable=1  ) ORDER BY  sorts desc  [ RunTime:0.000361s ]
SQL: SELECT COUNT(*) AS tp_count FROM `faqs` WHERE (  1=1 and enable=1  ) LIMIT 1   [ RunTime:0.000270s ]
SQL: SELECT * FROM `faqs` WHERE (  1=1 and enable=1  ) ORDER BY sorts desc LIMIT 0,10   [ RunTime:0.000461s ]
INFO: [ view_parse ] --START--
INFO: ParseTemplate Behavior ::run [ RunTime:0.040275s ]
INFO: [ view_parse ] --END-- [ RunTime:0.040383s ]
INFO: [ view_filter ] --START--
INFO: ContentReplace Behavior ::run [ RunTime:0.002783s ]
INFO: TokenBuild Behavior ::run [ RunTime:0.002867s ]
INFO: WriteHtmlCache Behavior ::run [ RunTime:0.002609s ]
INFO: ShowRuntime Behavior ::run [ RunTime:0.002032s ]
INFO: [ view_filter ] --END-- [ RunTime:0.010548s ]
INFO: [ view_end ] --START--
INFO: ShowPageTrace Behavior ::run [ RunTime:0.002403s ]
INFO: [ view_end ] --END-- [ RunTime:0.002500s ]

[ 2014-11-29 17:27:24 ] 108.62.82.86 /index.php/Index/productInfo?id=22
INFO: [ route_check ] --START--
INFO: CheckRoute Behavior ::run [ RunTime:0.004144s ]
INFO: [ route_check ] --END-- [ RunTime:0.004260s ]
INFO: [ app_begin ] --START--
INFO: ReadHtmlCache Behavior ::run [ RunTime:0.003376s ]
INFO: [ app_begin ] --END-- [ RunTime:0.003475s ]
SQL: SHOW COLUMNS FROM `contents` [ RunTime:0.007030s ]
SQL: SELECT * FROM `contents` WHERE (  enable=1 and cateid=4  ) LIMIT 1   [ RunTime:0.000379s ]
SQL: SELECT * FROM `contents` WHERE (  enable=1 and cateid=1  ) LIMIT 1   [ RunTime:0.000315s ]
SQL: SHOW COLUMNS FROM `visters` [ RunTime:0.006548s ]
SQL: INSERT INTO `visters` (`ctime`,`info`,`ip`,`page`) VALUES ('2014-11-29 17:27','美国 伊利诺伊 Chicago、MACEnglish系统、Chrome浏览器、','108.62.82.86','产品详情页面') [ RunTime:0.008911s ]
SQL: SHOW COLUMNS FROM `procate` [ RunTime:0.006372s ]
SQL: SHOW COLUMNS FROM `products` [ RunTime:0.006136s ]
NOTIC: [8] Undefined index:  procate D:\enkjhost\mayning1\web\home\Lib\Action\IndexAction.class.php 第 243 行.
NOTIC: [8] Undefined index:  procate2 D:\enkjhost\mayning1\web\home\Lib\Action\IndexAction.class.php 第 244 行.
SQL: SELECT * FROM `procate` WHERE ( id=%d ) LIMIT 1   [ RunTime:0.000250s ]
ERR: 1064:You have an error in your SQL syntax; check the manual that corresponds to your MySQL server version for the right syntax to use near '%d ) LIMIT 1' at line 1
 [ SQL语句 ] : SELECT * FROM `procate` WHERE ( id=%d ) LIMIT 1  
SQL: SELECT * FROM `procate` WHERE ( id=%d ) LIMIT 1   [ RunTime:0.000224s ]
ERR: 1064:You have an error in your SQL syntax; check the manual that corresponds to your MySQL server version for the right syntax to use near '%d ) LIMIT 1' at line 1
 [ SQL语句 ] : SELECT * FROM `procate` WHERE ( id=%d ) LIMIT 1  
SQL: SELECT * FROM `procate` WHERE (  enable =1 and pid=0  ) ORDER BY  sorts desc  [ RunTime:0.000555s ]
SQL: SELECT * FROM `products` WHERE (  id=22 ) LIMIT 1   [ RunTime:0.000386s ]
SQL: SELECT * FROM `procate` WHERE ( id=26 ) LIMIT 1   [ RunTime:0.000318s ]
SQL: SELECT * FROM `procate` WHERE ( id=0 ) LIMIT 1   [ RunTime:0.000306s ]
INFO: [ view_parse ] --START--
INFO: ParseTemplate Behavior ::run [ RunTime:0.033125s ]
INFO: [ view_parse ] --END-- [ RunTime:0.033241s ]
INFO: [ view_filter ] --START--
INFO: ContentReplace Behavior ::run [ RunTime:0.002882s ]
INFO: TokenBuild Behavior ::run [ RunTime:0.002913s ]
INFO: WriteHtmlCache Behavior ::run [ RunTime:0.002671s ]
INFO: ShowRuntime Behavior ::run [ RunTime:0.003158s ]
INFO: [ view_filter ] --END-- [ RunTime:0.011878s ]
INFO: [ view_end ] --START--
INFO: ShowPageTrace Behavior ::run [ RunTime:0.002011s ]
INFO: [ view_end ] --END-- [ RunTime:0.002098s ]

[ 2014-11-29 17:27:26 ] 108.62.82.86 /index.php/Index/product?procate=24
INFO: [ route_check ] --START--
INFO: CheckRoute Behavior ::run [ RunTime:0.002027s ]
INFO: [ route_check ] --END-- [ RunTime:0.002113s ]
INFO: [ app_begin ] --START--
INFO: ReadHtmlCache Behavior ::run [ RunTime:0.001651s ]
INFO: [ app_begin ] --END-- [ RunTime:0.001725s ]
SQL: SHOW COLUMNS FROM `contents` [ RunTime:0.005524s ]
SQL: SELECT * FROM `contents` WHERE (  enable=1 and cateid=4  ) LIMIT 1   [ RunTime:0.000306s ]
SQL: SELECT * FROM `contents` WHERE (  enable=1 and cateid=1  ) LIMIT 1   [ RunTime:0.000238s ]
SQL: SHOW COLUMNS FROM `visters` [ RunTime:0.007021s ]
SQL: INSERT INTO `visters` (`ctime`,`info`,`ip`,`page`) VALUES ('2014-11-29 17:27','美国 伊利诺伊 Chicago、MACEnglish系统、Chrome浏览器、','108.62.82.86','产品页面') [ RunTime:0.009483s ]
SQL: SHOW COLUMNS FROM `procate` [ RunTime:0.006268s ]
SQL: SHOW COLUMNS FROM `products` [ RunTime:0.006587s ]
NOTIC: [8] Undefined index:  procate2 D:\enkjhost\mayning1\web\home\Lib\Action\IndexAction.class.php 第 176 行.
SQL: SELECT * FROM `procate` WHERE ( id=24 ) LIMIT 1   [ RunTime:0.000334s ]
SQL: SELECT * FROM `procate` WHERE ( id=%d ) LIMIT 1   [ RunTime:0.000190s ]
ERR: 1064:You have an error in your SQL syntax; check the manual that corresponds to your MySQL server version for the right syntax to use near '%d ) LIMIT 1' at line 1
 [ SQL语句 ] : SELECT * FROM `procate` WHERE ( id=%d ) LIMIT 1  
SQL: SELECT * FROM `procate` WHERE ( pid=24 )  [ RunTime:0.000319s ]
SQL: select count(*) as count from products a left join procate b on a.proid = b.id where 1=1 and a.enable=1 and b.enable=1  and ( b.pid=24 or b.id=24) [ RunTime:0.000649s ]
SQL: select a.id,a.title,a.info,a.imgs,a.ctime from products a left join procate b on a.proid = b.id where 1=1 and a.enable=1 and b.enable=1  and ( b.pid=24 or b.id=24) order by a.sorts desc limit 0,9 [ RunTime:0.001067s ]
SQL: SELECT * FROM `procate` WHERE (  enable =1 and pid=0   ) ORDER BY  sorts desc  [ RunTime:0.000446s ]
INFO: [ view_parse ] --START--
INFO: ParseTemplate Behavior ::run [ RunTime:0.033020s ]
INFO: [ view_parse ] --END-- [ RunTime:0.033136s ]
INFO: [ view_filter ] --START--
INFO: ContentReplace Behavior ::run [ RunTime:0.001971s ]
INFO: TokenBuild Behavior ::run [ RunTime:0.001889s ]
INFO: WriteHtmlCache Behavior ::run [ RunTime:0.001703s ]
INFO: ShowRuntime Behavior ::run [ RunTime:0.002063s ]
INFO: [ view_filter ] --END-- [ RunTime:0.007877s ]
INFO: [ view_end ] --START--
INFO: ShowPageTrace Behavior ::run [ RunTime:0.002311s ]
INFO: [ view_end ] --END-- [ RunTime:0.002409s ]

[ 2014-11-29 17:39:56 ] 61.135.189.171 /index.php/Index/productInfo?id=114
INFO: [ route_check ] --START--
INFO: CheckRoute Behavior ::run [ RunTime:0.004204s ]
INFO: [ route_check ] --END-- [ RunTime:0.004321s ]
INFO: [ app_begin ] --START--
INFO: ReadHtmlCache Behavior ::run [ RunTime:0.003360s ]
INFO: [ app_begin ] --END-- [ RunTime:0.003459s ]
SQL: SHOW COLUMNS FROM `contents` [ RunTime:0.006611s ]
SQL: SELECT * FROM `contents` WHERE (  enable=1 and cateid=4  ) LIMIT 1   [ RunTime:0.000409s ]
SQL: SELECT * FROM `contents` WHERE (  enable=1 and cateid=1  ) LIMIT 1   [ RunTime:0.000360s ]
SQL: SHOW COLUMNS FROM `visters` [ RunTime:0.006044s ]
SQL: INSERT INTO `visters` (`ctime`,`info`,`ip`,`page`) VALUES ('2014-11-29 17:39','中国 北京 北京、Other简体中文系统、Other浏览器、','61.135.189.171','产品详情页面') [ RunTime:0.009596s ]
SQL: SHOW COLUMNS FROM `procate` [ RunTime:0.006057s ]
SQL: SHOW COLUMNS FROM `products` [ RunTime:0.005959s ]
NOTIC: [8] Undefined index:  procate D:\enkjhost\mayning1\web\home\Lib\Action\IndexAction.class.php 第 243 行.
NOTIC: [8] Undefined index:  procate2 D:\enkjhost\mayning1\web\home\Lib\Action\IndexAction.class.php 第 244 行.
SQL: SELECT * FROM `procate` WHERE ( id=%d ) LIMIT 1   [ RunTime:0.000203s ]
ERR: 1064:You have an error in your SQL syntax; check the manual that corresponds to your MySQL server version for the right syntax to use near '%d ) LIMIT 1' at line 1
 [ SQL语句 ] : SELECT * FROM `procate` WHERE ( id=%d ) LIMIT 1  
SQL: SELECT * FROM `procate` WHERE ( id=%d ) LIMIT 1   [ RunTime:0.000168s ]
ERR: 1064:You have an error in your SQL syntax; check the manual that corresponds to your MySQL server version for the right syntax to use near '%d ) LIMIT 1' at line 1
 [ SQL语句 ] : SELECT * FROM `procate` WHERE ( id=%d ) LIMIT 1  
SQL: SELECT * FROM `procate` WHERE (  enable =1 and pid=0  ) ORDER BY  sorts desc  [ RunTime:0.000499s ]
SQL: SELECT * FROM `products` WHERE (  id=114 ) LIMIT 1   [ RunTime:0.000321s ]
SQL: SELECT * FROM `procate` WHERE ( id=31 ) LIMIT 1   [ RunTime:0.000254s ]
SQL: SELECT * FROM `procate` WHERE ( id=20 ) LIMIT 1   [ RunTime:0.000253s ]
INFO: [ view_parse ] --START--
INFO: ParseTemplate Behavior ::run [ RunTime:0.034801s ]
INFO: [ view_parse ] --END-- [ RunTime:0.034923s ]
INFO: [ view_filter ] --START--
INFO: ContentReplace Behavior ::run [ RunTime:0.002876s ]
INFO: TokenBuild Behavior ::run [ RunTime:0.001894s ]
INFO: WriteHtmlCache Behavior ::run [ RunTime:0.001637s ]
INFO: ShowRuntime Behavior ::run [ RunTime:0.003075s ]
INFO: [ view_filter ] --END-- [ RunTime:0.009739s ]
INFO: [ view_end ] --START--
INFO: ShowPageTrace Behavior ::run [ RunTime:0.003593s ]
INFO: [ view_end ] --END-- [ RunTime:0.003697s ]

[ 2014-11-29 18:22:48 ] 123.125.71.89 /index.php/Index/product?procate=18&procate2=35
INFO: [ route_check ] --START--
INFO: CheckRoute Behavior ::run [ RunTime:0.004236s ]
INFO: [ route_check ] --END-- [ RunTime:0.004350s ]
INFO: [ app_begin ] --START--
INFO: ReadHtmlCache Behavior ::run [ RunTime:0.003423s ]
INFO: [ app_begin ] --END-- [ RunTime:0.003520s ]
SQL: SHOW COLUMNS FROM `contents` [ RunTime:0.006832s ]
SQL: SELECT * FROM `contents` WHERE (  enable=1 and cateid=4  ) LIMIT 1   [ RunTime:0.000406s ]
SQL: SELECT * FROM `contents` WHERE (  enable=1 and cateid=1  ) LIMIT 1   [ RunTime:0.000326s ]
SQL: SHOW COLUMNS FROM `visters` [ RunTime:0.007117s ]
SQL: INSERT INTO `visters` (`ctime`,`info`,`ip`,`page`) VALUES ('2014-11-29 18:22','中国 北京 北京、Other简体中文系统、Other浏览器、','123.125.71.89','产品页面') [ RunTime:0.010646s ]
SQL: SHOW COLUMNS FROM `procate` [ RunTime:0.006638s ]
SQL: SHOW COLUMNS FROM `products` [ RunTime:0.006065s ]
SQL: SELECT * FROM `procate` WHERE ( id=18 ) LIMIT 1   [ RunTime:0.000313s ]
SQL: SELECT * FROM `procate` WHERE ( id=35 ) LIMIT 1   [ RunTime:0.000264s ]
SQL: SELECT * FROM `procate` WHERE ( pid=18 )  [ RunTime:0.000310s ]
SQL: select count(*) as count from products a left join procate b on a.proid = b.id where 1=1 and a.enable=1 and b.enable=1  and ( b.pid=35 or b.id=35) [ RunTime:0.000586s ]
SQL: select a.id,a.title,a.info,a.imgs,a.ctime from products a left join procate b on a.proid = b.id where 1=1 and a.enable=1 and b.enable=1  and ( b.pid=35 or b.id=35) order by a.sorts desc limit 0,9 [ RunTime:0.001092s ]
SQL: SELECT * FROM `procate` WHERE (  enable =1 and pid=0   ) ORDER BY  sorts desc  [ RunTime:0.000444s ]
INFO: [ view_parse ] --START--
INFO: ParseTemplate Behavior ::run [ RunTime:0.054475s ]
INFO: [ view_parse ] --END-- [ RunTime:0.054597s ]
INFO: [ view_filter ] --START--
INFO: ContentReplace Behavior ::run [ RunTime:0.002719s ]
INFO: TokenBuild Behavior ::run [ RunTime:0.002547s ]
INFO: WriteHtmlCache Behavior ::run [ RunTime:0.002262s ]
INFO: ShowRuntime Behavior ::run [ RunTime:0.002732s ]
INFO: [ view_filter ] --END-- [ RunTime:0.010500s ]
INFO: [ view_end ] --START--
INFO: ShowPageTrace Behavior ::run [ RunTime:0.003093s ]
INFO: [ view_end ] --END-- [ RunTime:0.003174s ]

[ 2014-11-29 20:12:52 ] 220.181.108.77 /index.php/Index/productInfo?id=111
INFO: [ route_check ] --START--
INFO: CheckRoute Behavior ::run [ RunTime:0.004124s ]
INFO: [ route_check ] --END-- [ RunTime:0.004244s ]
INFO: [ app_begin ] --START--
INFO: ReadHtmlCache Behavior ::run [ RunTime:0.003310s ]
INFO: [ app_begin ] --END-- [ RunTime:0.003410s ]
SQL: SHOW COLUMNS FROM `contents` [ RunTime:0.007362s ]
SQL: SELECT * FROM `contents` WHERE (  enable=1 and cateid=4  ) LIMIT 1   [ RunTime:0.000394s ]
SQL: SELECT * FROM `contents` WHERE (  enable=1 and cateid=1  ) LIMIT 1   [ RunTime:0.000328s ]
SQL: SHOW COLUMNS FROM `visters` [ RunTime:0.008184s ]
SQL: INSERT INTO `visters` (`ctime`,`info`,`ip`,`page`) VALUES ('2014-11-29 20:12','中国 北京 北京、Other简体中文系统、Other浏览器、','220.181.108.77','产品详情页面') [ RunTime:0.009479s ]
SQL: SHOW COLUMNS FROM `procate` [ RunTime:0.007615s ]
SQL: SHOW COLUMNS FROM `products` [ RunTime:0.006810s ]
NOTIC: [8] Undefined index:  procate D:\enkjhost\mayning1\web\home\Lib\Action\IndexAction.class.php 第 243 行.
NOTIC: [8] Undefined index:  procate2 D:\enkjhost\mayning1\web\home\Lib\Action\IndexAction.class.php 第 244 行.
SQL: SELECT * FROM `procate` WHERE ( id=%d ) LIMIT 1   [ RunTime:0.000213s ]
ERR: 1064:You have an error in your SQL syntax; check the manual that corresponds to your MySQL server version for the right syntax to use near '%d ) LIMIT 1' at line 1
 [ SQL语句 ] : SELECT * FROM `procate` WHERE ( id=%d ) LIMIT 1  
SQL: SELECT * FROM `procate` WHERE ( id=%d ) LIMIT 1   [ RunTime:0.000182s ]
ERR: 1064:You have an error in your SQL syntax; check the manual that corresponds to your MySQL server version for the right syntax to use near '%d ) LIMIT 1' at line 1
 [ SQL语句 ] : SELECT * FROM `procate` WHERE ( id=%d ) LIMIT 1  
SQL: SELECT * FROM `procate` WHERE (  enable =1 and pid=0  ) ORDER BY  sorts desc  [ RunTime:0.000508s ]
SQL: SELECT * FROM `products` WHERE (  id=111 ) LIMIT 1   [ RunTime:0.003354s ]
SQL: SELECT * FROM `procate` WHERE ( id=10 ) LIMIT 1   [ RunTime:0.000273s ]
SQL: SELECT * FROM `procate` WHERE ( id=0 ) LIMIT 1   [ RunTime:0.000257s ]
INFO: [ view_parse ] --START--
INFO: ParseTemplate Behavior ::run [ RunTime:0.035673s ]
INFO: [ view_parse ] --END-- [ RunTime:0.035795s ]
INFO: [ view_filter ] --START--
INFO: ContentReplace Behavior ::run [ RunTime:0.003097s ]
INFO: TokenBuild Behavior ::run [ RunTime:0.002856s ]
INFO: WriteHtmlCache Behavior ::run [ RunTime:0.002571s ]
INFO: ShowRuntime Behavior ::run [ RunTime:0.003164s ]
INFO: [ view_filter ] --END-- [ RunTime:0.011969s ]
INFO: [ view_end ] --START--
INFO: ShowPageTrace Behavior ::run [ RunTime:0.003640s ]
INFO: [ view_end ] --END-- [ RunTime:0.003751s ]

[ 2014-11-29 22:15:17 ] 108.62.82.188 /index.php/Index/productInfo?id=58
INFO: [ route_check ] --START--
INFO: CheckRoute Behavior ::run [ RunTime:0.004234s ]
INFO: [ route_check ] --END-- [ RunTime:0.004347s ]
INFO: [ app_begin ] --START--
INFO: ReadHtmlCache Behavior ::run [ RunTime:0.003454s ]
INFO: [ app_begin ] --END-- [ RunTime:0.003552s ]
SQL: SHOW COLUMNS FROM `contents` [ RunTime:0.008357s ]
SQL: SELECT * FROM `contents` WHERE (  enable=1 and cateid=4  ) LIMIT 1   [ RunTime:0.000389s ]
SQL: SELECT * FROM `contents` WHERE (  enable=1 and cateid=1  ) LIMIT 1   [ RunTime:0.000316s ]
SQL: SHOW COLUMNS FROM `visters` [ RunTime:0.007702s ]
SQL: INSERT INTO `visters` (`ctime`,`info`,`ip`,`page`) VALUES ('2014-11-29 22:15','美国 伊利诺伊 Chicago、MACEnglish系统、Chrome浏览器、','108.62.82.188','产品详情页面') [ RunTime:0.009978s ]
SQL: SHOW COLUMNS FROM `procate` [ RunTime:0.007916s ]
SQL: SHOW COLUMNS FROM `products` [ RunTime:0.008393s ]
NOTIC: [8] Undefined index:  procate D:\enkjhost\mayning1\web\home\Lib\Action\IndexAction.class.php 第 243 行.
NOTIC: [8] Undefined index:  procate2 D:\enkjhost\mayning1\web\home\Lib\Action\IndexAction.class.php 第 244 行.
SQL: SELECT * FROM `procate` WHERE ( id=%d ) LIMIT 1   [ RunTime:0.000201s ]
ERR: 1064:You have an error in your SQL syntax; check the manual that corresponds to your MySQL server version for the right syntax to use near '%d ) LIMIT 1' at line 1
 [ SQL语句 ] : SELECT * FROM `procate` WHERE ( id=%d ) LIMIT 1  
SQL: SELECT * FROM `procate` WHERE ( id=%d ) LIMIT 1   [ RunTime:0.000168s ]
ERR: 1064:You have an error in your SQL syntax; check the manual that corresponds to your MySQL server version for the right syntax to use near '%d ) LIMIT 1' at line 1
 [ SQL语句 ] : SELECT * FROM `procate` WHERE ( id=%d ) LIMIT 1  
SQL: SELECT * FROM `procate` WHERE (  enable =1 and pid=0  ) ORDER BY  sorts desc  [ RunTime:0.000513s ]
SQL: SELECT * FROM `products` WHERE (  id=58 ) LIMIT 1   [ RunTime:0.000324s ]
SQL: SELECT * FROM `procate` WHERE ( id=21 ) LIMIT 1   [ RunTime:0.000256s ]
SQL: SELECT * FROM `procate` WHERE ( id=0 ) LIMIT 1   [ RunTime:0.000240s ]
INFO: [ view_parse ] --START--
INFO: ParseTemplate Behavior ::run [ RunTime:0.040904s ]
INFO: [ view_parse ] --END-- [ RunTime:0.041020s ]
INFO: [ view_filter ] --START--
INFO: ContentReplace Behavior ::run [ RunTime:0.002934s ]
INFO: TokenBuild Behavior ::run [ RunTime:0.003035s ]
INFO: WriteHtmlCache Behavior ::run [ RunTime:0.002706s ]
INFO: ShowRuntime Behavior ::run [ RunTime:0.003270s ]
INFO: [ view_filter ] --END-- [ RunTime:0.012220s ]
INFO: [ view_end ] --START--
INFO: ShowPageTrace Behavior ::run [ RunTime:0.003684s ]
INFO: [ view_end ] --END-- [ RunTime:0.003787s ]

[ 2014-11-29 22:15:18 ] 108.62.82.188 /index.php/Index/product?procate=24
INFO: [ route_check ] --START--
INFO: CheckRoute Behavior ::run [ RunTime:0.002767s ]
INFO: [ route_check ] --END-- [ RunTime:0.002878s ]
INFO: [ app_begin ] --START--
INFO: ReadHtmlCache Behavior ::run [ RunTime:0.002049s ]
INFO: [ app_begin ] --END-- [ RunTime:0.002132s ]
SQL: SHOW COLUMNS FROM `contents` [ RunTime:0.005329s ]
SQL: SELECT * FROM `contents` WHERE (  enable=1 and cateid=4  ) LIMIT 1   [ RunTime:0.000332s ]
SQL: SELECT * FROM `contents` WHERE (  enable=1 and cateid=1  ) LIMIT 1   [ RunTime:0.000263s ]
SQL: SHOW COLUMNS FROM `visters` [ RunTime:0.005985s ]
SQL: INSERT INTO `visters` (`ctime`,`info`,`ip`,`page`) VALUES ('2014-11-29 22:15','美国 伊利诺伊 Chicago、MACEnglish系统、Chrome浏览器、','108.62.82.188','产品页面') [ RunTime:0.009244s ]
SQL: SHOW COLUMNS FROM `procate` [ RunTime:0.005748s ]
SQL: SHOW COLUMNS FROM `products` [ RunTime:0.006674s ]
NOTIC: [8] Undefined index:  procate2 D:\enkjhost\mayning1\web\home\Lib\Action\IndexAction.class.php 第 176 行.
SQL: SELECT * FROM `procate` WHERE ( id=24 ) LIMIT 1   [ RunTime:0.000336s ]
SQL: SELECT * FROM `procate` WHERE ( id=%d ) LIMIT 1   [ RunTime:0.000191s ]
ERR: 1064:You have an error in your SQL syntax; check the manual that corresponds to your MySQL server version for the right syntax to use near '%d ) LIMIT 1' at line 1
 [ SQL语句 ] : SELECT * FROM `procate` WHERE ( id=%d ) LIMIT 1  
SQL: SELECT * FROM `procate` WHERE ( pid=24 )  [ RunTime:0.000314s ]
SQL: select count(*) as count from products a left join procate b on a.proid = b.id where 1=1 and a.enable=1 and b.enable=1  and ( b.pid=24 or b.id=24) [ RunTime:0.000613s ]
SQL: select a.id,a.title,a.info,a.imgs,a.ctime from products a left join procate b on a.proid = b.id where 1=1 and a.enable=1 and b.enable=1  and ( b.pid=24 or b.id=24) order by a.sorts desc limit 0,9 [ RunTime:0.001061s ]
SQL: SELECT * FROM `procate` WHERE (  enable =1 and pid=0   ) ORDER BY  sorts desc  [ RunTime:0.000446s ]
INFO: [ view_parse ] --START--
INFO: ParseTemplate Behavior ::run [ RunTime:0.033504s ]
INFO: [ view_parse ] --END-- [ RunTime:0.033619s ]
INFO: [ view_filter ] --START--
INFO: ContentReplace Behavior ::run [ RunTime:0.002024s ]
INFO: TokenBuild Behavior ::run [ RunTime:0.001839s ]
INFO: WriteHtmlCache Behavior ::run [ RunTime:0.001484s ]
INFO: ShowRuntime Behavior ::run [ RunTime:0.001761s ]
INFO: [ view_filter ] --END-- [ RunTime:0.007342s ]
INFO: [ view_end ] --START--
INFO: ShowPageTrace Behavior ::run [ RunTime:0.001986s ]
INFO: [ view_end ] --END-- [ RunTime:0.002072s ]

[ 2014-11-29 23:19:57 ] 23.81.173.107 /index.php/Index/productInfo?id=118
INFO: [ route_check ] --START--
INFO: CheckRoute Behavior ::run [ RunTime:0.004088s ]
INFO: [ route_check ] --END-- [ RunTime:0.004206s ]
INFO: [ app_begin ] --START--
INFO: ReadHtmlCache Behavior ::run [ RunTime:0.003335s ]
INFO: [ app_begin ] --END-- [ RunTime:0.003433s ]
SQL: SHOW COLUMNS FROM `contents` [ RunTime:0.006944s ]
SQL: SELECT * FROM `contents` WHERE (  enable=1 and cateid=4  ) LIMIT 1   [ RunTime:0.000396s ]
SQL: SELECT * FROM `contents` WHERE (  enable=1 and cateid=1  ) LIMIT 1   [ RunTime:0.000317s ]
SQL: SHOW COLUMNS FROM `visters` [ RunTime:0.008406s ]
SQL: INSERT INTO `visters` (`ctime`,`info`,`ip`,`page`) VALUES ('2014-11-29 23:19','美国 亚利桑那州 Phoenix、MACEnglish系统、Chrome浏览器、','23.81.173.107','产品详情页面') [ RunTime:0.009042s ]
SQL: SHOW COLUMNS FROM `procate` [ RunTime:0.006857s ]
SQL: SHOW COLUMNS FROM `products` [ RunTime:0.006988s ]
NOTIC: [8] Undefined index:  procate D:\enkjhost\mayning1\web\home\Lib\Action\IndexAction.class.php 第 243 行.
NOTIC: [8] Undefined index:  procate2 D:\enkjhost\mayning1\web\home\Lib\Action\IndexAction.class.php 第 244 行.
SQL: SELECT * FROM `procate` WHERE ( id=%d ) LIMIT 1   [ RunTime:0.000207s ]
ERR: 1064:You have an error in your SQL syntax; check the manual that corresponds to your MySQL server version for the right syntax to use near '%d ) LIMIT 1' at line 1
 [ SQL语句 ] : SELECT * FROM `procate` WHERE ( id=%d ) LIMIT 1  
SQL: SELECT * FROM `procate` WHERE ( id=%d ) LIMIT 1   [ RunTime:0.000182s ]
ERR: 1064:You have an error in your SQL syntax; check the manual that corresponds to your MySQL server version for the right syntax to use near '%d ) LIMIT 1' at line 1
 [ SQL语句 ] : SELECT * FROM `procate` WHERE ( id=%d ) LIMIT 1  
SQL: SELECT * FROM `procate` WHERE (  enable =1 and pid=0  ) ORDER BY  sorts desc  [ RunTime:0.000505s ]
SQL: SELECT * FROM `products` WHERE (  id=118 ) LIMIT 1   [ RunTime:0.000333s ]
SQL: SELECT * FROM `procate` WHERE ( id=31 ) LIMIT 1   [ RunTime:0.000266s ]
SQL: SELECT * FROM `procate` WHERE ( id=20 ) LIMIT 1   [ RunTime:0.000258s ]
INFO: [ view_parse ] --START--
INFO: ParseTemplate Behavior ::run [ RunTime:0.034835s ]
INFO: [ view_parse ] --END-- [ RunTime:0.034948s ]
INFO: [ view_filter ] --START--
INFO: ContentReplace Behavior ::run [ RunTime:0.002852s ]
INFO: TokenBuild Behavior ::run [ RunTime:0.002897s ]
INFO: WriteHtmlCache Behavior ::run [ RunTime:0.002623s ]
INFO: ShowRuntime Behavior ::run [ RunTime:0.003142s ]
INFO: [ view_filter ] --END-- [ RunTime:0.011791s ]
INFO: [ view_end ] --START--
INFO: ShowPageTrace Behavior ::run [ RunTime:0.003556s ]
INFO: [ view_end ] --END-- [ RunTime:0.003664s ]

[ 2014-11-29 23:20:03 ] 23.81.173.107 /index.php/Index/product?procate=20
INFO: [ route_check ] --START--
INFO: CheckRoute Behavior ::run [ RunTime:0.002003s ]
INFO: [ route_check ] --END-- [ RunTime:0.002089s ]
INFO: [ app_begin ] --START--
INFO: ReadHtmlCache Behavior ::run [ RunTime:0.001625s ]
INFO: [ app_begin ] --END-- [ RunTime:0.001698s ]
SQL: SHOW COLUMNS FROM `contents` [ RunTime:0.005213s ]
SQL: SELECT * FROM `contents` WHERE (  enable=1 and cateid=4  ) LIMIT 1   [ RunTime:0.000323s ]
SQL: SELECT * FROM `contents` WHERE (  enable=1 and cateid=1  ) LIMIT 1   [ RunTime:0.000250s ]
SQL: SHOW COLUMNS FROM `visters` [ RunTime:0.006614s ]
SQL: INSERT INTO `visters` (`ctime`,`info`,`ip`,`page`) VALUES ('2014-11-29 23:20','美国 亚利桑那州 Phoenix、MACEnglish系统、Chrome浏览器、','23.81.173.107','产品页面') [ RunTime:0.009831s ]
SQL: SHOW COLUMNS FROM `procate` [ RunTime:0.005924s ]
SQL: SHOW COLUMNS FROM `products` [ RunTime:0.005925s ]
NOTIC: [8] Undefined index:  procate2 D:\enkjhost\mayning1\web\home\Lib\Action\IndexAction.class.php 第 176 行.
SQL: SELECT * FROM `procate` WHERE ( id=20 ) LIMIT 1   [ RunTime:0.000303s ]
SQL: SELECT * FROM `procate` WHERE ( id=%d ) LIMIT 1   [ RunTime:0.000174s ]
ERR: 1064:You have an error in your SQL syntax; check the manual that corresponds to your MySQL server version for the right syntax to use near '%d ) LIMIT 1' at line 1
 [ SQL语句 ] : SELECT * FROM `procate` WHERE ( id=%d ) LIMIT 1  
SQL: SELECT * FROM `procate` WHERE ( pid=20 )  [ RunTime:0.000311s ]
SQL: select count(*) as count from products a left join procate b on a.proid = b.id where 1=1 and a.enable=1 and b.enable=1  and ( b.pid=20 or b.id=20) [ RunTime:0.000574s ]
SQL: select a.id,a.title,a.info,a.imgs,a.ctime from products a left join procate b on a.proid = b.id where 1=1 and a.enable=1 and b.enable=1  and ( b.pid=20 or b.id=20) order by a.sorts desc limit 0,9 [ RunTime:0.000655s ]
SQL: SELECT * FROM `procate` WHERE (  enable =1 and pid=0   ) ORDER BY  sorts desc  [ RunTime:0.000429s ]
INFO: [ view_parse ] --START--
INFO: ParseTemplate Behavior ::run [ RunTime:0.033169s ]
INFO: [ view_parse ] --END-- [ RunTime:0.033285s ]
INFO: [ view_filter ] --START--
INFO: ContentReplace Behavior ::run [ RunTime:0.001940s ]
INFO: TokenBuild Behavior ::run [ RunTime:0.001878s ]
INFO: WriteHtmlCache Behavior ::run [ RunTime:0.001659s ]
INFO: ShowRuntime Behavior ::run [ RunTime:0.001998s ]
INFO: [ view_filter ] --END-- [ RunTime:0.007741s ]
INFO: [ view_end ] --START--
INFO: ShowPageTrace Behavior ::run [ RunTime:0.002108s ]
INFO: [ view_end ] --END-- [ RunTime:0.002190s ]

