[ 2014-11-22 01:27:43 ] 112.25.211.166 /index.php
INFO: [ app_begin ] --START--
INFO: ReadHtmlCache Behavior ::run [ RunTime:0.003281s ]
INFO: [ app_begin ] --END-- [ RunTime:0.003392s ]
SQL: SHOW COLUMNS FROM `contents` [ RunTime:0.007127s ]
SQL: SELECT * FROM `contents` WHERE (  enable=1 and cateid=4  ) LIMIT 1   [ RunTime:0.000406s ]
SQL: SELECT * FROM `contents` WHERE (  enable=1 and cateid=1  ) LIMIT 1   [ RunTime:0.000320s ]
NOTIC: [8] Undefined index:  HTTP_ACCEPT_LANGUAGE D:\enkjhost\mayning1\web\home\Lib\Action\UtilAction.class.php 第 96 行.
SQL: SHOW COLUMNS FROM `visters` [ RunTime:0.007397s ]
SQL: INSERT INTO `visters` (`ctime`,`info`,`ip`,`page`) VALUES ('2014-11-22 01:27','中国 江苏 无锡、WindowsEnglish系统、Chrome浏览器、','112.25.211.166','系统首页') [ RunTime:0.183590s ]
SQL: SHOW COLUMNS FROM `products` [ RunTime:0.007095s ]
SQL: SELECT * FROM `products` WHERE (  enable=1 and state=1  ) ORDER BY  sorts desc  [ RunTime:0.001162s ]
SQL: SELECT * FROM `products` WHERE (  enable=1 and state=2  ) ORDER BY  sorts desc  [ RunTime:0.000596s ]
INFO: [ view_parse ] --START--
INFO: ParseTemplate Behavior ::run [ RunTime:0.039293s ]
INFO: [ view_parse ] --END-- [ RunTime:0.039425s ]
INFO: [ view_filter ] --START--
INFO: ContentReplace Behavior ::run [ RunTime:0.002811s ]
INFO: TokenBuild Behavior ::run [ RunTime:0.002855s ]
INFO: WriteHtmlCache Behavior ::run [ RunTime:0.002557s ]
INFO: ShowRuntime Behavior ::run [ RunTime:0.003086s ]
INFO: [ view_filter ] --END-- [ RunTime:0.011568s ]
INFO: [ view_end ] --START--
INFO: ShowPageTrace Behavior ::run [ RunTime:0.003503s ]
INFO: [ view_end ] --END-- [ RunTime:0.003601s ]

[ 2014-11-22 03:26:19 ] 188.165.15.19 /index.php/Index/product?procate=19
INFO: [ route_check ] --START--
INFO: CheckRoute Behavior ::run [ RunTime:0.039893s ]
INFO: [ route_check ] --END-- [ RunTime:0.040025s ]
INFO: [ app_begin ] --START--
INFO: ReadHtmlCache Behavior ::run [ RunTime:0.026733s ]
INFO: [ app_begin ] --END-- [ RunTime:0.026841s ]
SQL: SHOW COLUMNS FROM `contents` [ RunTime:0.008769s ]
SQL: SELECT * FROM `contents` WHERE (  enable=1 and cateid=4  ) LIMIT 1   [ RunTime:0.000389s ]
SQL: SELECT * FROM `contents` WHERE (  enable=1 and cateid=1  ) LIMIT 1   [ RunTime:0.000310s ]
NOTIC: [8] Undefined index:  HTTP_ACCEPT_LANGUAGE D:\enkjhost\mayning1\web\home\Lib\Action\UtilAction.class.php 第 96 行.
SQL: SHOW COLUMNS FROM `visters` [ RunTime:0.013920s ]
SQL: INSERT INTO `visters` (`ctime`,`info`,`ip`,`page`) VALUES ('2014-11-22 03:26','法国  、OtherEnglish系统、Other浏览器、','188.165.15.19','产品页面') [ RunTime:0.010292s ]
SQL: SHOW COLUMNS FROM `procate` [ RunTime:0.011046s ]
SQL: SHOW COLUMNS FROM `products` [ RunTime:0.010743s ]
NOTIC: [8] Undefined index:  procate2 D:\enkjhost\mayning1\web\home\Lib\Action\IndexAction.class.php 第 176 行.
SQL: SELECT * FROM `procate` WHERE ( id=19 ) LIMIT 1   [ RunTime:0.000332s ]
SQL: SELECT * FROM `procate` WHERE ( id=%d ) LIMIT 1   [ RunTime:0.000187s ]
ERR: 1064:You have an error in your SQL syntax; check the manual that corresponds to your MySQL server version for the right syntax to use near '%d ) LIMIT 1' at line 1
 [ SQL语句 ] : SELECT * FROM `procate` WHERE ( id=%d ) LIMIT 1  
SQL: SELECT * FROM `procate` WHERE ( pid=19 )  [ RunTime:0.000319s ]
SQL: select count(*) as count from products a left join procate b on a.proid = b.id where 1=1 and a.enable=1 and b.enable=1  and ( b.pid=19 or b.id=19) [ RunTime:0.009092s ]
SQL: select a.id,a.title,a.info,a.imgs,a.ctime from products a left join procate b on a.proid = b.id where 1=1 and a.enable=1 and b.enable=1  and ( b.pid=19 or b.id=19) order by a.sorts desc limit 0,9 [ RunTime:0.001399s ]
SQL: SELECT * FROM `procate` WHERE (  enable =1 and pid=0   ) ORDER BY  sorts desc  [ RunTime:0.000470s ]
INFO: [ view_parse ] --START--
INFO: ParseTemplate Behavior ::run [ RunTime:0.048980s ]
INFO: [ view_parse ] --END-- [ RunTime:0.049098s ]
INFO: [ view_filter ] --START--
INFO: ContentReplace Behavior ::run [ RunTime:0.003313s ]
INFO: TokenBuild Behavior ::run [ RunTime:0.003260s ]
INFO: WriteHtmlCache Behavior ::run [ RunTime:0.002807s ]
INFO: ShowRuntime Behavior ::run [ RunTime:0.003507s ]
INFO: [ view_filter ] --END-- [ RunTime:0.013150s ]
INFO: [ view_end ] --START--
INFO: ShowPageTrace Behavior ::run [ RunTime:0.003912s ]
INFO: [ view_end ] --END-- [ RunTime:0.004021s ]

[ 2014-11-22 03:47:38 ] 66.249.64.92 /index.php
INFO: [ app_begin ] --START--
INFO: ReadHtmlCache Behavior ::run [ RunTime:0.001993s ]
INFO: [ app_begin ] --END-- [ RunTime:0.002073s ]
SQL: SHOW COLUMNS FROM `contents` [ RunTime:0.003665s ]
SQL: SELECT * FROM `contents` WHERE (  enable=1 and cateid=4  ) LIMIT 1   [ RunTime:0.000241s ]
SQL: SELECT * FROM `contents` WHERE (  enable=1 and cateid=1  ) LIMIT 1   [ RunTime:0.000171s ]
NOTIC: [8] Undefined index:  HTTP_ACCEPT_LANGUAGE D:\enkjhost\mayning1\web\home\Lib\Action\UtilAction.class.php 第 96 行.
SQL: SHOW COLUMNS FROM `visters` [ RunTime:0.006148s ]
SQL: INSERT INTO `visters` (`ctime`,`info`,`ip`,`page`) VALUES ('2014-11-22 03:47','美国 加利福尼亚 Mountain View、OtherEnglish系统、Other浏览器、','66.249.64.92','系统首页') [ RunTime:0.009174s ]
SQL: SHOW COLUMNS FROM `products` [ RunTime:0.005921s ]
SQL: SELECT * FROM `products` WHERE (  enable=1 and state=1  ) ORDER BY  sorts desc  [ RunTime:0.001231s ]
SQL: SELECT * FROM `products` WHERE (  enable=1 and state=2  ) ORDER BY  sorts desc  [ RunTime:0.000696s ]
INFO: [ view_parse ] --START--
INFO: ParseTemplate Behavior ::run [ RunTime:0.039346s ]
INFO: [ view_parse ] --END-- [ RunTime:0.039481s ]
INFO: [ view_filter ] --START--
INFO: ContentReplace Behavior ::run [ RunTime:0.002785s ]
INFO: TokenBuild Behavior ::run [ RunTime:0.002806s ]
INFO: WriteHtmlCache Behavior ::run [ RunTime:0.002536s ]
INFO: ShowRuntime Behavior ::run [ RunTime:0.003043s ]
INFO: [ view_filter ] --END-- [ RunTime:0.011437s ]
INFO: [ view_end ] --START--
INFO: ShowPageTrace Behavior ::run [ RunTime:0.003464s ]
INFO: [ view_end ] --END-- [ RunTime:0.003564s ]

[ 2014-11-22 04:07:22 ] 66.249.64.86 /index.php/Index/product
INFO: [ route_check ] --START--
INFO: CheckRoute Behavior ::run [ RunTime:0.004151s ]
INFO: [ route_check ] --END-- [ RunTime:0.004263s ]
INFO: [ app_begin ] --START--
INFO: ReadHtmlCache Behavior ::run [ RunTime:0.003386s ]
INFO: [ app_begin ] --END-- [ RunTime:0.003484s ]
SQL: SHOW COLUMNS FROM `contents` [ RunTime:0.006308s ]
SQL: SELECT * FROM `contents` WHERE (  enable=1 and cateid=4  ) LIMIT 1   [ RunTime:0.000395s ]
SQL: SELECT * FROM `contents` WHERE (  enable=1 and cateid=1  ) LIMIT 1   [ RunTime:0.000320s ]
NOTIC: [8] Undefined index:  HTTP_ACCEPT_LANGUAGE D:\enkjhost\mayning1\web\home\Lib\Action\UtilAction.class.php 第 96 行.
SQL: SHOW COLUMNS FROM `visters` [ RunTime:0.005900s ]
SQL: INSERT INTO `visters` (`ctime`,`info`,`ip`,`page`) VALUES ('2014-11-22 04:07','美国 加利福尼亚 Mountain View、OtherEnglish系统、Other浏览器、','66.249.64.86','产品页面') [ RunTime:0.011399s ]
SQL: SHOW COLUMNS FROM `procate` [ RunTime:0.007717s ]
SQL: SHOW COLUMNS FROM `products` [ RunTime:0.005740s ]
NOTIC: [8] Undefined index:  procate D:\enkjhost\mayning1\web\home\Lib\Action\IndexAction.class.php 第 175 行.
NOTIC: [8] Undefined index:  procate2 D:\enkjhost\mayning1\web\home\Lib\Action\IndexAction.class.php 第 176 行.
SQL: SELECT * FROM `procate` WHERE ( id=%d ) LIMIT 1   [ RunTime:0.000258s ]
ERR: 1064:You have an error in your SQL syntax; check the manual that corresponds to your MySQL server version for the right syntax to use near '%d ) LIMIT 1' at line 1
 [ SQL语句 ] : SELECT * FROM `procate` WHERE ( id=%d ) LIMIT 1  
SQL: SELECT * FROM `procate` WHERE ( id=%d ) LIMIT 1   [ RunTime:0.000267s ]
ERR: 1064:You have an error in your SQL syntax; check the manual that corresponds to your MySQL server version for the right syntax to use near '%d ) LIMIT 1' at line 1
 [ SQL语句 ] : SELECT * FROM `procate` WHERE ( id=%d ) LIMIT 1  
SQL: select count(*) as count from products a left join procate b on a.proid = b.id where 1=1 and a.enable=1 and b.enable=1  [ RunTime:0.000726s ]
SQL: select a.id,a.title,a.info,a.imgs,a.ctime from products a left join procate b on a.proid = b.id where 1=1 and a.enable=1 and b.enable=1  order by a.sorts desc limit 0,9 [ RunTime:0.000707s ]
SQL: SELECT * FROM `procate` WHERE (  enable =1 and pid=0   ) ORDER BY  sorts desc  [ RunTime:0.000578s ]
NOTIC: [8] Undefined variable: cate2List D:\enkjhost\mayning1\web\home\Lib\Action\IndexAction.class.php 第 220 行.
INFO: [ view_parse ] --START--
INFO: ParseTemplate Behavior ::run [ RunTime:0.034963s ]
INFO: [ view_parse ] --END-- [ RunTime:0.035075s ]
INFO: [ view_filter ] --START--
INFO: ContentReplace Behavior ::run [ RunTime:0.001952s ]
INFO: TokenBuild Behavior ::run [ RunTime:0.001888s ]
INFO: WriteHtmlCache Behavior ::run [ RunTime:0.001680s ]
INFO: ShowRuntime Behavior ::run [ RunTime:0.002014s ]
INFO: [ view_filter ] --END-- [ RunTime:0.007783s ]
INFO: [ view_end ] --START--
INFO: ShowPageTrace Behavior ::run [ RunTime:0.002313s ]
INFO: [ view_end ] --END-- [ RunTime:0.002409s ]

[ 2014-11-22 04:21:11 ] 220.181.108.172 /index.php/Index/product?procate=12
INFO: [ route_check ] --START--
INFO: CheckRoute Behavior ::run [ RunTime:0.002152s ]
INFO: [ route_check ] --END-- [ RunTime:0.002247s ]
INFO: [ app_begin ] --START--
INFO: ReadHtmlCache Behavior ::run [ RunTime:0.002831s ]
INFO: [ app_begin ] --END-- [ RunTime:0.002911s ]
SQL: SHOW COLUMNS FROM `contents` [ RunTime:0.006628s ]
SQL: SELECT * FROM `contents` WHERE (  enable=1 and cateid=4  ) LIMIT 1   [ RunTime:0.000399s ]
SQL: SELECT * FROM `contents` WHERE (  enable=1 and cateid=1  ) LIMIT 1   [ RunTime:0.000339s ]
SQL: SHOW COLUMNS FROM `visters` [ RunTime:0.006023s ]
SQL: INSERT INTO `visters` (`ctime`,`info`,`ip`,`page`) VALUES ('2014-11-22 04:21','中国 北京 北京、Other简体中文系统、Other浏览器、','220.181.108.172','产品页面') [ RunTime:0.175828s ]
SQL: SHOW COLUMNS FROM `procate` [ RunTime:0.006277s ]
SQL: SHOW COLUMNS FROM `products` [ RunTime:0.006905s ]
NOTIC: [8] Undefined index:  procate2 D:\enkjhost\mayning1\web\home\Lib\Action\IndexAction.class.php 第 176 行.
SQL: SELECT * FROM `procate` WHERE ( id=12 ) LIMIT 1   [ RunTime:0.000332s ]
SQL: SELECT * FROM `procate` WHERE ( id=%d ) LIMIT 1   [ RunTime:0.000194s ]
ERR: 1064:You have an error in your SQL syntax; check the manual that corresponds to your MySQL server version for the right syntax to use near '%d ) LIMIT 1' at line 1
 [ SQL语句 ] : SELECT * FROM `procate` WHERE ( id=%d ) LIMIT 1  
SQL: SELECT * FROM `procate` WHERE ( pid=12 )  [ RunTime:0.000333s ]
SQL: select count(*) as count from products a left join procate b on a.proid = b.id where 1=1 and a.enable=1 and b.enable=1  and ( b.pid=12 or b.id=12) [ RunTime:0.000623s ]
SQL: select a.id,a.title,a.info,a.imgs,a.ctime from products a left join procate b on a.proid = b.id where 1=1 and a.enable=1 and b.enable=1  and ( b.pid=12 or b.id=12) order by a.sorts desc limit 0,9 [ RunTime:0.001402s ]
SQL: SELECT * FROM `procate` WHERE (  enable =1 and pid=0   ) ORDER BY  sorts desc  [ RunTime:0.000473s ]
INFO: [ view_parse ] --START--
INFO: ParseTemplate Behavior ::run [ RunTime:0.031915s ]
INFO: [ view_parse ] --END-- [ RunTime:0.032028s ]
INFO: [ view_filter ] --START--
INFO: ContentReplace Behavior ::run [ RunTime:0.002819s ]
INFO: TokenBuild Behavior ::run [ RunTime:0.001861s ]
INFO: WriteHtmlCache Behavior ::run [ RunTime:0.001590s ]
INFO: ShowRuntime Behavior ::run [ RunTime:0.001901s ]
INFO: [ view_filter ] --END-- [ RunTime:0.008426s ]
INFO: [ view_end ] --START--
INFO: ShowPageTrace Behavior ::run [ RunTime:0.002175s ]
INFO: [ view_end ] --END-- [ RunTime:0.002270s ]

[ 2014-11-22 04:22:16 ] 5.9.11.122 /index.php
INFO: [ app_begin ] --START--
INFO: ReadHtmlCache Behavior ::run [ RunTime:0.001580s ]
INFO: [ app_begin ] --END-- [ RunTime:0.001665s ]
SQL: SHOW COLUMNS FROM `contents` [ RunTime:0.005135s ]
SQL: SELECT * FROM `contents` WHERE (  enable=1 and cateid=4  ) LIMIT 1   [ RunTime:0.000307s ]
SQL: SELECT * FROM `contents` WHERE (  enable=1 and cateid=1  ) LIMIT 1   [ RunTime:0.000232s ]
NOTIC: [8] Undefined index:  HTTP_USER_AGENT D:\enkjhost\mayning1\web\home\Lib\Action\UtilAction.class.php 第 135 行.
NOTIC: [8] Undefined index:  HTTP_USER_AGENT D:\enkjhost\mayning1\web\home\Lib\Action\UtilAction.class.php 第 112 行.
NOTIC: [8] Undefined index:  HTTP_ACCEPT_LANGUAGE D:\enkjhost\mayning1\web\home\Lib\Action\UtilAction.class.php 第 96 行.
SQL: SHOW COLUMNS FROM `visters` [ RunTime:0.007060s ]
SQL: INSERT INTO `visters` (`ctime`,`info`,`ip`,`page`) VALUES ('2014-11-22 04:22','德国  、OtherEnglish系统、Other浏览器、','5.9.11.122','系统首页') [ RunTime:0.009445s ]
SQL: SHOW COLUMNS FROM `products` [ RunTime:0.006524s ]
SQL: SELECT * FROM `products` WHERE (  enable=1 and state=1  ) ORDER BY  sorts desc  [ RunTime:0.001172s ]
SQL: SELECT * FROM `products` WHERE (  enable=1 and state=2  ) ORDER BY  sorts desc  [ RunTime:0.000580s ]
INFO: [ view_parse ] --START--
INFO: ParseTemplate Behavior ::run [ RunTime:0.025780s ]
INFO: [ view_parse ] --END-- [ RunTime:0.025892s ]
INFO: [ view_filter ] --START--
INFO: ContentReplace Behavior ::run [ RunTime:0.001390s ]
INFO: TokenBuild Behavior ::run [ RunTime:0.001357s ]
INFO: WriteHtmlCache Behavior ::run [ RunTime:0.001217s ]
INFO: ShowRuntime Behavior ::run [ RunTime:0.001469s ]
INFO: [ view_filter ] --END-- [ RunTime:0.005623s ]
INFO: [ view_end ] --START--
INFO: ShowPageTrace Behavior ::run [ RunTime:0.001656s ]
INFO: [ view_end ] --END-- [ RunTime:0.001727s ]

[ 2014-11-22 04:28:26 ] 5.255.253.87 /index.php/Index/productInfo?id=30
INFO: [ route_check ] --START--
INFO: CheckRoute Behavior ::run [ RunTime:0.001956s ]
INFO: [ route_check ] --END-- [ RunTime:0.002040s ]
INFO: [ app_begin ] --START--
INFO: ReadHtmlCache Behavior ::run [ RunTime:0.001616s ]
INFO: [ app_begin ] --END-- [ RunTime:0.001688s ]
SQL: SHOW COLUMNS FROM `contents` [ RunTime:0.005069s ]
SQL: SELECT * FROM `contents` WHERE (  enable=1 and cateid=4  ) LIMIT 1   [ RunTime:0.000333s ]
SQL: SELECT * FROM `contents` WHERE (  enable=1 and cateid=1  ) LIMIT 1   [ RunTime:0.000274s ]
SQL: SHOW COLUMNS FROM `visters` [ RunTime:0.006776s ]
SQL: INSERT INTO `visters` (`ctime`,`info`,`ip`,`page`) VALUES ('2014-11-22 04:28','俄罗斯  、OtherEnglish系统、Other浏览器、','5.255.253.87','产品详情页面') [ RunTime:0.013017s ]
SQL: SHOW COLUMNS FROM `procate` [ RunTime:0.005630s ]
SQL: SHOW COLUMNS FROM `products` [ RunTime:0.005554s ]
NOTIC: [8] Undefined index:  procate D:\enkjhost\mayning1\web\home\Lib\Action\IndexAction.class.php 第 243 行.
NOTIC: [8] Undefined index:  procate2 D:\enkjhost\mayning1\web\home\Lib\Action\IndexAction.class.php 第 244 行.
SQL: SELECT * FROM `procate` WHERE ( id=%d ) LIMIT 1   [ RunTime:0.000263s ]
ERR: 1064:You have an error in your SQL syntax; check the manual that corresponds to your MySQL server version for the right syntax to use near '%d ) LIMIT 1' at line 1
 [ SQL语句 ] : SELECT * FROM `procate` WHERE ( id=%d ) LIMIT 1  
SQL: SELECT * FROM `procate` WHERE ( id=%d ) LIMIT 1   [ RunTime:0.000267s ]
ERR: 1064:You have an error in your SQL syntax; check the manual that corresponds to your MySQL server version for the right syntax to use near '%d ) LIMIT 1' at line 1
 [ SQL语句 ] : SELECT * FROM `procate` WHERE ( id=%d ) LIMIT 1  
SQL: SELECT * FROM `procate` WHERE (  enable =1 and pid=0  ) ORDER BY  sorts desc  [ RunTime:0.000576s ]
SQL: SELECT * FROM `products` WHERE (  id=30 ) LIMIT 1   [ RunTime:0.000424s ]
SQL: SELECT * FROM `procate` WHERE ( id=26 ) LIMIT 1   [ RunTime:0.000340s ]
SQL: SELECT * FROM `procate` WHERE ( id=0 ) LIMIT 1   [ RunTime:0.000337s ]
INFO: [ view_parse ] --START--
INFO: ParseTemplate Behavior ::run [ RunTime:0.031526s ]
INFO: [ view_parse ] --END-- [ RunTime:0.031623s ]
INFO: [ view_filter ] --START--
INFO: ContentReplace Behavior ::run [ RunTime:0.002242s ]
INFO: TokenBuild Behavior ::run [ RunTime:0.001430s ]
INFO: WriteHtmlCache Behavior ::run [ RunTime:0.001233s ]
INFO: ShowRuntime Behavior ::run [ RunTime:0.001475s ]
INFO: [ view_filter ] --END-- [ RunTime:0.006571s ]
INFO: [ view_end ] --START--
INFO: ShowPageTrace Behavior ::run [ RunTime:0.001684s ]
INFO: [ view_end ] --END-- [ RunTime:0.001757s ]

[ 2014-11-22 04:58:11 ] 68.180.228.48 /index.php/Index/product?procate=18
INFO: [ route_check ] --START--
INFO: CheckRoute Behavior ::run [ RunTime:0.004143s ]
INFO: [ route_check ] --END-- [ RunTime:0.004255s ]
INFO: [ app_begin ] --START--
INFO: ReadHtmlCache Behavior ::run [ RunTime:0.003340s ]
INFO: [ app_begin ] --END-- [ RunTime:0.003438s ]
SQL: SHOW COLUMNS FROM `contents` [ RunTime:0.006674s ]
SQL: SELECT * FROM `contents` WHERE (  enable=1 and cateid=4  ) LIMIT 1   [ RunTime:0.000384s ]
SQL: SELECT * FROM `contents` WHERE (  enable=1 and cateid=1  ) LIMIT 1   [ RunTime:0.000309s ]
NOTIC: [8] Undefined index:  HTTP_ACCEPT_LANGUAGE D:\enkjhost\mayning1\web\home\Lib\Action\UtilAction.class.php 第 96 行.
SQL: SHOW COLUMNS FROM `visters` [ RunTime:0.006847s ]
SQL: INSERT INTO `visters` (`ctime`,`info`,`ip`,`page`) VALUES ('2014-11-22 04:58','美国 加利福尼亚 Sunnyvale、OtherEnglish系统、Other浏览器、','68.180.228.48','产品页面') [ RunTime:0.009221s ]
SQL: SHOW COLUMNS FROM `procate` [ RunTime:0.006533s ]
SQL: SHOW COLUMNS FROM `products` [ RunTime:0.005906s ]
NOTIC: [8] Undefined index:  procate2 D:\enkjhost\mayning1\web\home\Lib\Action\IndexAction.class.php 第 176 行.
SQL: SELECT * FROM `procate` WHERE ( id=18 ) LIMIT 1   [ RunTime:0.000327s ]
SQL: SELECT * FROM `procate` WHERE ( id=%d ) LIMIT 1   [ RunTime:0.000187s ]
ERR: 1064:You have an error in your SQL syntax; check the manual that corresponds to your MySQL server version for the right syntax to use near '%d ) LIMIT 1' at line 1
 [ SQL语句 ] : SELECT * FROM `procate` WHERE ( id=%d ) LIMIT 1  
SQL: SELECT * FROM `procate` WHERE ( pid=18 )  [ RunTime:0.000319s ]
SQL: select count(*) as count from products a left join procate b on a.proid = b.id where 1=1 and a.enable=1 and b.enable=1  and ( b.pid=18 or b.id=18) [ RunTime:0.000647s ]
SQL: select a.id,a.title,a.info,a.imgs,a.ctime from products a left join procate b on a.proid = b.id where 1=1 and a.enable=1 and b.enable=1  and ( b.pid=18 or b.id=18) order by a.sorts desc limit 0,9 [ RunTime:0.001088s ]
SQL: SELECT * FROM `procate` WHERE (  enable =1 and pid=0   ) ORDER BY  sorts desc  [ RunTime:0.000435s ]
INFO: [ view_parse ] --START--
INFO: ParseTemplate Behavior ::run [ RunTime:0.040458s ]
INFO: [ view_parse ] --END-- [ RunTime:0.040573s ]
INFO: [ view_filter ] --START--
INFO: ContentReplace Behavior ::run [ RunTime:0.002878s ]
INFO: TokenBuild Behavior ::run [ RunTime:0.001910s ]
INFO: WriteHtmlCache Behavior ::run [ RunTime:0.001655s ]
INFO: ShowRuntime Behavior ::run [ RunTime:0.001966s ]
INFO: [ view_filter ] --END-- [ RunTime:0.008664s ]
INFO: [ view_end ] --START--
INFO: ShowPageTrace Behavior ::run [ RunTime:0.003493s ]
INFO: [ view_end ] --END-- [ RunTime:0.003591s ]

[ 2014-11-22 05:28:23 ] 5.255.253.87 /index.php
INFO: [ app_begin ] --START--
INFO: ReadHtmlCache Behavior ::run [ RunTime:0.002195s ]
INFO: [ app_begin ] --END-- [ RunTime:0.002275s ]
SQL: SHOW COLUMNS FROM `contents` [ RunTime:0.004941s ]
SQL: SELECT * FROM `contents` WHERE (  enable=1 and cateid=4  ) LIMIT 1   [ RunTime:0.000325s ]
SQL: SELECT * FROM `contents` WHERE (  enable=1 and cateid=1  ) LIMIT 1   [ RunTime:0.000252s ]
SQL: SHOW COLUMNS FROM `visters` [ RunTime:0.007202s ]
SQL: INSERT INTO `visters` (`ctime`,`info`,`ip`,`page`) VALUES ('2014-11-22 05:28','俄罗斯  、OtherEnglish系统、Other浏览器、','5.255.253.87','系统首页') [ RunTime:0.009296s ]
SQL: SHOW COLUMNS FROM `products` [ RunTime:0.006603s ]
SQL: SELECT * FROM `products` WHERE (  enable=1 and state=1  ) ORDER BY  sorts desc  [ RunTime:0.001255s ]
SQL: SELECT * FROM `products` WHERE (  enable=1 and state=2  ) ORDER BY  sorts desc  [ RunTime:0.000629s ]
INFO: [ view_parse ] --START--
INFO: ParseTemplate Behavior ::run [ RunTime:0.029156s ]
INFO: [ view_parse ] --END-- [ RunTime:0.029273s ]
INFO: [ view_filter ] --START--
INFO: ContentReplace Behavior ::run [ RunTime:0.002352s ]
INFO: TokenBuild Behavior ::run [ RunTime:0.002419s ]
INFO: WriteHtmlCache Behavior ::run [ RunTime:0.001364s ]
INFO: ShowRuntime Behavior ::run [ RunTime:0.001576s ]
INFO: [ view_filter ] --END-- [ RunTime:0.007930s ]
INFO: [ view_end ] --START--
INFO: ShowPageTrace Behavior ::run [ RunTime:0.002870s ]
INFO: [ view_end ] --END-- [ RunTime:0.002952s ]

[ 2014-11-22 08:18:07 ] 66.249.64.86 /index.php
INFO: [ app_begin ] --START--
INFO: ReadHtmlCache Behavior ::run [ RunTime:0.003429s ]
INFO: [ app_begin ] --END-- [ RunTime:0.003541s ]
SQL: SHOW COLUMNS FROM `contents` [ RunTime:0.008505s ]
SQL: SELECT * FROM `contents` WHERE (  enable=1 and cateid=4  ) LIMIT 1   [ RunTime:0.000427s ]
SQL: SELECT * FROM `contents` WHERE (  enable=1 and cateid=1  ) LIMIT 1   [ RunTime:0.000310s ]
NOTIC: [8] Undefined index:  HTTP_ACCEPT_LANGUAGE D:\enkjhost\mayning1\web\home\Lib\Action\UtilAction.class.php 第 96 行.
SQL: SHOW COLUMNS FROM `visters` [ RunTime:0.007513s ]
SQL: INSERT INTO `visters` (`ctime`,`info`,`ip`,`page`) VALUES ('2014-11-22 08:18','美国 加利福尼亚 Mountain View、MACEnglish系统、Safari浏览器、','66.249.64.86','系统首页') [ RunTime:0.009476s ]
SQL: SHOW COLUMNS FROM `products` [ RunTime:0.007134s ]
SQL: SELECT * FROM `products` WHERE (  enable=1 and state=1  ) ORDER BY  sorts desc  [ RunTime:0.001153s ]
SQL: SELECT * FROM `products` WHERE (  enable=1 and state=2  ) ORDER BY  sorts desc  [ RunTime:0.000586s ]
INFO: [ view_parse ] --START--
INFO: ParseTemplate Behavior ::run [ RunTime:0.038813s ]
INFO: [ view_parse ] --END-- [ RunTime:0.038957s ]
INFO: [ view_filter ] --START--
INFO: ContentReplace Behavior ::run [ RunTime:0.002779s ]
INFO: TokenBuild Behavior ::run [ RunTime:0.002753s ]
INFO: WriteHtmlCache Behavior ::run [ RunTime:0.002410s ]
INFO: ShowRuntime Behavior ::run [ RunTime:0.003032s ]
INFO: [ view_filter ] --END-- [ RunTime:0.011236s ]
INFO: [ view_end ] --START--
INFO: ShowPageTrace Behavior ::run [ RunTime:0.003492s ]
INFO: [ view_end ] --END-- [ RunTime:0.003589s ]

[ 2014-11-22 09:06:03 ] 66.249.64.100 /index.php
INFO: [ app_begin ] --START--
INFO: ReadHtmlCache Behavior ::run [ RunTime:0.003350s ]
INFO: [ app_begin ] --END-- [ RunTime:0.003465s ]
SQL: SHOW COLUMNS FROM `contents` [ RunTime:0.008096s ]
SQL: SELECT * FROM `contents` WHERE (  enable=1 and cateid=4  ) LIMIT 1   [ RunTime:0.000383s ]
SQL: SELECT * FROM `contents` WHERE (  enable=1 and cateid=1  ) LIMIT 1   [ RunTime:0.000296s ]
NOTIC: [8] Undefined index:  HTTP_ACCEPT_LANGUAGE D:\enkjhost\mayning1\web\home\Lib\Action\UtilAction.class.php 第 96 行.
SQL: SHOW COLUMNS FROM `visters` [ RunTime:0.008914s ]
SQL: INSERT INTO `visters` (`ctime`,`info`,`ip`,`page`) VALUES ('2014-11-22 09:06','美国 加利福尼亚 Mountain View、OtherEnglish系统、Other浏览器、','66.249.64.100','系统首页') [ RunTime:0.012408s ]
SQL: SHOW COLUMNS FROM `products` [ RunTime:0.006852s ]
SQL: SELECT * FROM `products` WHERE (  enable=1 and state=1  ) ORDER BY  sorts desc  [ RunTime:0.000866s ]
SQL: SELECT * FROM `products` WHERE (  enable=1 and state=2  ) ORDER BY  sorts desc  [ RunTime:0.000441s ]
INFO: [ view_parse ] --START--
INFO: ParseTemplate Behavior ::run [ RunTime:0.048456s ]
INFO: [ view_parse ] --END-- [ RunTime:0.048576s ]
INFO: [ view_filter ] --START--
INFO: ContentReplace Behavior ::run [ RunTime:0.003076s ]
INFO: TokenBuild Behavior ::run [ RunTime:0.002997s ]
INFO: WriteHtmlCache Behavior ::run [ RunTime:0.002647s ]
INFO: ShowRuntime Behavior ::run [ RunTime:0.003196s ]
INFO: [ view_filter ] --END-- [ RunTime:0.012188s ]
INFO: [ view_end ] --START--
INFO: ShowPageTrace Behavior ::run [ RunTime:0.003681s ]
INFO: [ view_end ] --END-- [ RunTime:0.003781s ]

[ 2014-11-22 10:55:18 ] 220.181.108.148 /index.php
INFO: [ app_begin ] --START--
INFO: ReadHtmlCache Behavior ::run [ RunTime:0.003390s ]
INFO: [ app_begin ] --END-- [ RunTime:0.003502s ]
SQL: SHOW COLUMNS FROM `contents` [ RunTime:0.008463s ]
SQL: SELECT * FROM `contents` WHERE (  enable=1 and cateid=4  ) LIMIT 1   [ RunTime:0.000395s ]
SQL: SELECT * FROM `contents` WHERE (  enable=1 and cateid=1  ) LIMIT 1   [ RunTime:0.000317s ]
SQL: SHOW COLUMNS FROM `visters` [ RunTime:0.008481s ]
SQL: INSERT INTO `visters` (`ctime`,`info`,`ip`,`page`) VALUES ('2014-11-22 10:55','中国 北京 北京、Other简体中文系统、Other浏览器、','220.181.108.148','系统首页') [ RunTime:0.009176s ]
SQL: SHOW COLUMNS FROM `products` [ RunTime:0.008734s ]
SQL: SELECT * FROM `products` WHERE (  enable=1 and state=1  ) ORDER BY  sorts desc  [ RunTime:0.001183s ]
SQL: SELECT * FROM `products` WHERE (  enable=1 and state=2  ) ORDER BY  sorts desc  [ RunTime:0.000579s ]
INFO: [ view_parse ] --START--
INFO: ParseTemplate Behavior ::run [ RunTime:0.037077s ]
INFO: [ view_parse ] --END-- [ RunTime:0.037205s ]
INFO: [ view_filter ] --START--
INFO: ContentReplace Behavior ::run [ RunTime:0.002925s ]
INFO: TokenBuild Behavior ::run [ RunTime:0.002973s ]
INFO: WriteHtmlCache Behavior ::run [ RunTime:0.002664s ]
INFO: ShowRuntime Behavior ::run [ RunTime:0.003179s ]
INFO: [ view_filter ] --END-- [ RunTime:0.012007s ]
INFO: [ view_end ] --START--
INFO: ShowPageTrace Behavior ::run [ RunTime:0.003597s ]
INFO: [ view_end ] --END-- [ RunTime:0.003694s ]

[ 2014-11-22 11:11:41 ] 123.125.71.75 /index.php
INFO: [ app_begin ] --START--
INFO: ReadHtmlCache Behavior ::run [ RunTime:0.001753s ]
INFO: [ app_begin ] --END-- [ RunTime:0.001843s ]
SQL: SHOW COLUMNS FROM `contents` [ RunTime:0.006180s ]
SQL: SELECT * FROM `contents` WHERE (  enable=1 and cateid=4  ) LIMIT 1   [ RunTime:0.000315s ]
SQL: SELECT * FROM `contents` WHERE (  enable=1 and cateid=1  ) LIMIT 1   [ RunTime:0.000253s ]
SQL: SHOW COLUMNS FROM `visters` [ RunTime:0.006733s ]
SQL: INSERT INTO `visters` (`ctime`,`info`,`ip`,`page`) VALUES ('2014-11-22 11:11','中国 北京 北京、Other简体中文系统、Other浏览器、','123.125.71.75','系统首页') [ RunTime:0.013002s ]
SQL: SHOW COLUMNS FROM `products` [ RunTime:0.008531s ]
SQL: SELECT * FROM `products` WHERE (  enable=1 and state=1  ) ORDER BY  sorts desc  [ RunTime:0.001135s ]
SQL: SELECT * FROM `products` WHERE (  enable=1 and state=2  ) ORDER BY  sorts desc  [ RunTime:0.000584s ]
INFO: [ view_parse ] --START--
INFO: ParseTemplate Behavior ::run [ RunTime:0.041161s ]
INFO: [ view_parse ] --END-- [ RunTime:0.041292s ]
INFO: [ view_filter ] --START--
INFO: ContentReplace Behavior ::run [ RunTime:0.002994s ]
INFO: TokenBuild Behavior ::run [ RunTime:0.001998s ]
INFO: WriteHtmlCache Behavior ::run [ RunTime:0.001775s ]
INFO: ShowRuntime Behavior ::run [ RunTime:0.003166s ]
INFO: [ view_filter ] --END-- [ RunTime:0.010190s ]
INFO: [ view_end ] --START--
INFO: ShowPageTrace Behavior ::run [ RunTime:0.003659s ]
INFO: [ view_end ] --END-- [ RunTime:0.003756s ]

[ 2014-11-22 11:28:39 ] 123.125.71.92 /index.php/Index/product?procate=17
INFO: [ route_check ] --START--
INFO: CheckRoute Behavior ::run [ RunTime:0.004129s ]
INFO: [ route_check ] --END-- [ RunTime:0.004243s ]
INFO: [ app_begin ] --START--
INFO: ReadHtmlCache Behavior ::run [ RunTime:0.002213s ]
INFO: [ app_begin ] --END-- [ RunTime:0.002309s ]
SQL: SHOW COLUMNS FROM `contents` [ RunTime:0.006771s ]
SQL: SELECT * FROM `contents` WHERE (  enable=1 and cateid=4  ) LIMIT 1   [ RunTime:0.000346s ]
SQL: SELECT * FROM `contents` WHERE (  enable=1 and cateid=1  ) LIMIT 1   [ RunTime:0.000276s ]
SQL: SHOW COLUMNS FROM `visters` [ RunTime:0.008042s ]
SQL: INSERT INTO `visters` (`ctime`,`info`,`ip`,`page`) VALUES ('2014-11-22 11:28','中国 北京 北京、Other简体中文系统、Other浏览器、','123.125.71.92','产品页面') [ RunTime:0.010118s ]
SQL: SHOW COLUMNS FROM `procate` [ RunTime:0.008487s ]
SQL: SHOW COLUMNS FROM `products` [ RunTime:0.006046s ]
NOTIC: [8] Undefined index:  procate2 D:\enkjhost\mayning1\web\home\Lib\Action\IndexAction.class.php 第 176 行.
SQL: SELECT * FROM `procate` WHERE ( id=17 ) LIMIT 1   [ RunTime:0.000364s ]
SQL: SELECT * FROM `procate` WHERE ( id=%d ) LIMIT 1   [ RunTime:0.000227s ]
ERR: 1064:You have an error in your SQL syntax; check the manual that corresponds to your MySQL server version for the right syntax to use near '%d ) LIMIT 1' at line 1
 [ SQL语句 ] : SELECT * FROM `procate` WHERE ( id=%d ) LIMIT 1  
SQL: SELECT * FROM `procate` WHERE ( pid=17 )  [ RunTime:0.000362s ]
SQL: select count(*) as count from products a left join procate b on a.proid = b.id where 1=1 and a.enable=1 and b.enable=1  and ( b.pid=17 or b.id=17) [ RunTime:0.000636s ]
SQL: select a.id,a.title,a.info,a.imgs,a.ctime from products a left join procate b on a.proid = b.id where 1=1 and a.enable=1 and b.enable=1  and ( b.pid=17 or b.id=17) order by a.sorts desc limit 0,9 [ RunTime:0.001072s ]
SQL: SELECT * FROM `procate` WHERE (  enable =1 and pid=0   ) ORDER BY  sorts desc  [ RunTime:0.000502s ]
INFO: [ view_parse ] --START--
INFO: ParseTemplate Behavior ::run [ RunTime:0.037397s ]
INFO: [ view_parse ] --END-- [ RunTime:0.037510s ]
INFO: [ view_filter ] --START--
INFO: ContentReplace Behavior ::run [ RunTime:0.001956s ]
INFO: TokenBuild Behavior ::run [ RunTime:0.002910s ]
INFO: WriteHtmlCache Behavior ::run [ RunTime:0.001790s ]
INFO: ShowRuntime Behavior ::run [ RunTime:0.002870s ]
INFO: [ view_filter ] --END-- [ RunTime:0.009771s ]
INFO: [ view_end ] --START--
INFO: ShowPageTrace Behavior ::run [ RunTime:0.003119s ]
INFO: [ view_end ] --END-- [ RunTime:0.003200s ]

[ 2014-11-22 13:43:18 ] 61.135.189.171 /index.php/Index/product?procate=18&procate2=35
INFO: [ route_check ] --START--
INFO: CheckRoute Behavior ::run [ RunTime:0.004043s ]
INFO: [ route_check ] --END-- [ RunTime:0.004155s ]
INFO: [ app_begin ] --START--
INFO: ReadHtmlCache Behavior ::run [ RunTime:0.003295s ]
INFO: [ app_begin ] --END-- [ RunTime:0.003392s ]
SQL: SHOW COLUMNS FROM `contents` [ RunTime:0.007427s ]
SQL: SELECT * FROM `contents` WHERE (  enable=1 and cateid=4  ) LIMIT 1   [ RunTime:0.000393s ]
SQL: SELECT * FROM `contents` WHERE (  enable=1 and cateid=1  ) LIMIT 1   [ RunTime:0.000316s ]
SQL: SHOW COLUMNS FROM `visters` [ RunTime:0.007254s ]
SQL: INSERT INTO `visters` (`ctime`,`info`,`ip`,`page`) VALUES ('2014-11-22 13:43','中国 北京 北京、Other简体中文系统、Other浏览器、','61.135.189.171','产品页面') [ RunTime:0.009283s ]
SQL: SHOW COLUMNS FROM `procate` [ RunTime:0.006755s ]
SQL: SHOW COLUMNS FROM `products` [ RunTime:0.006198s ]
SQL: SELECT * FROM `procate` WHERE ( id=18 ) LIMIT 1   [ RunTime:0.000333s ]
SQL: SELECT * FROM `procate` WHERE ( id=35 ) LIMIT 1   [ RunTime:0.000277s ]
SQL: SELECT * FROM `procate` WHERE ( pid=18 )  [ RunTime:0.000313s ]
SQL: select count(*) as count from products a left join procate b on a.proid = b.id where 1=1 and a.enable=1 and b.enable=1  and ( b.pid=35 or b.id=35) [ RunTime:0.000585s ]
SQL: select a.id,a.title,a.info,a.imgs,a.ctime from products a left join procate b on a.proid = b.id where 1=1 and a.enable=1 and b.enable=1  and ( b.pid=35 or b.id=35) order by a.sorts desc limit 0,9 [ RunTime:0.001045s ]
SQL: SELECT * FROM `procate` WHERE (  enable =1 and pid=0   ) ORDER BY  sorts desc  [ RunTime:0.000439s ]
INFO: [ view_parse ] --START--
INFO: ParseTemplate Behavior ::run [ RunTime:0.054032s ]
INFO: [ view_parse ] --END-- [ RunTime:0.054150s ]
INFO: [ view_filter ] --START--
INFO: ContentReplace Behavior ::run [ RunTime:0.002791s ]
INFO: TokenBuild Behavior ::run [ RunTime:0.002596s ]
INFO: WriteHtmlCache Behavior ::run [ RunTime:0.002222s ]
INFO: ShowRuntime Behavior ::run [ RunTime:0.002621s ]
INFO: [ view_filter ] --END-- [ RunTime:0.010468s ]
INFO: [ view_end ] --START--
INFO: ShowPageTrace Behavior ::run [ RunTime:0.002981s ]
INFO: [ view_end ] --END-- [ RunTime:0.003063s ]

[ 2014-11-22 13:43:54 ] 61.135.189.171 /index.php/Index/product?procate=22&procate2=33
INFO: [ route_check ] --START--
INFO: CheckRoute Behavior ::run [ RunTime:0.001985s ]
INFO: [ route_check ] --END-- [ RunTime:0.002070s ]
INFO: [ app_begin ] --START--
INFO: ReadHtmlCache Behavior ::run [ RunTime:0.001597s ]
INFO: [ app_begin ] --END-- [ RunTime:0.001670s ]
SQL: SHOW COLUMNS FROM `contents` [ RunTime:0.004955s ]
SQL: SELECT * FROM `contents` WHERE (  enable=1 and cateid=4  ) LIMIT 1   [ RunTime:0.000322s ]
SQL: SELECT * FROM `contents` WHERE (  enable=1 and cateid=1  ) LIMIT 1   [ RunTime:0.000247s ]
SQL: SHOW COLUMNS FROM `visters` [ RunTime:0.006453s ]
SQL: INSERT INTO `visters` (`ctime`,`info`,`ip`,`page`) VALUES ('2014-11-22 13:43','中国 北京 北京、Other简体中文系统、Other浏览器、','61.135.189.171','产品页面') [ RunTime:0.009887s ]
SQL: SHOW COLUMNS FROM `procate` [ RunTime:0.006091s ]
SQL: SHOW COLUMNS FROM `products` [ RunTime:0.005849s ]
SQL: SELECT * FROM `procate` WHERE ( id=22 ) LIMIT 1   [ RunTime:0.000323s ]
SQL: SELECT * FROM `procate` WHERE ( id=33 ) LIMIT 1   [ RunTime:0.000276s ]
SQL: SELECT * FROM `procate` WHERE ( pid=22 )  [ RunTime:0.000326s ]
SQL: select count(*) as count from products a left join procate b on a.proid = b.id where 1=1 and a.enable=1 and b.enable=1  and ( b.pid=33 or b.id=33) [ RunTime:0.000578s ]
SQL: select a.id,a.title,a.info,a.imgs,a.ctime from products a left join procate b on a.proid = b.id where 1=1 and a.enable=1 and b.enable=1  and ( b.pid=33 or b.id=33) order by a.sorts desc limit 0,9 [ RunTime:0.001052s ]
SQL: SELECT * FROM `procate` WHERE (  enable =1 and pid=0   ) ORDER BY  sorts desc  [ RunTime:0.000442s ]
INFO: [ view_parse ] --START--
INFO: ParseTemplate Behavior ::run [ RunTime:0.028845s ]
INFO: [ view_parse ] --END-- [ RunTime:0.028942s ]
INFO: [ view_filter ] --START--
INFO: ContentReplace Behavior ::run [ RunTime:0.001431s ]
INFO: TokenBuild Behavior ::run [ RunTime:0.001389s ]
INFO: WriteHtmlCache Behavior ::run [ RunTime:0.001231s ]
INFO: ShowRuntime Behavior ::run [ RunTime:0.001485s ]
INFO: [ view_filter ] --END-- [ RunTime:0.005730s ]
INFO: [ view_end ] --START--
INFO: ShowPageTrace Behavior ::run [ RunTime:0.001707s ]
INFO: [ view_end ] --END-- [ RunTime:0.001781s ]

[ 2014-11-22 13:44:21 ] 61.135.189.171 /index.php/Index/product?procate=18&procate2=36
INFO: [ route_check ] --START--
INFO: CheckRoute Behavior ::run [ RunTime:0.002008s ]
INFO: [ route_check ] --END-- [ RunTime:0.002093s ]
INFO: [ app_begin ] --START--
INFO: ReadHtmlCache Behavior ::run [ RunTime:0.001590s ]
INFO: [ app_begin ] --END-- [ RunTime:0.001664s ]
SQL: SHOW COLUMNS FROM `contents` [ RunTime:0.003526s ]
SQL: SELECT * FROM `contents` WHERE (  enable=1 and cateid=4  ) LIMIT 1   [ RunTime:0.000210s ]
SQL: SELECT * FROM `contents` WHERE (  enable=1 and cateid=1  ) LIMIT 1   [ RunTime:0.000148s ]
SQL: SHOW COLUMNS FROM `visters` [ RunTime:0.006950s ]
SQL: INSERT INTO `visters` (`ctime`,`info`,`ip`,`page`) VALUES ('2014-11-22 13:44','中国 北京 北京、Other简体中文系统、Other浏览器、','61.135.189.171','产品页面') [ RunTime:0.010019s ]
SQL: SHOW COLUMNS FROM `procate` [ RunTime:0.006269s ]
SQL: SHOW COLUMNS FROM `products` [ RunTime:0.005993s ]
SQL: SELECT * FROM `procate` WHERE ( id=18 ) LIMIT 1   [ RunTime:0.000330s ]
SQL: SELECT * FROM `procate` WHERE ( id=36 ) LIMIT 1   [ RunTime:0.000277s ]
SQL: SELECT * FROM `procate` WHERE ( pid=18 )  [ RunTime:0.000316s ]
SQL: select count(*) as count from products a left join procate b on a.proid = b.id where 1=1 and a.enable=1 and b.enable=1  and ( b.pid=36 or b.id=36) [ RunTime:0.000581s ]
SQL: select a.id,a.title,a.info,a.imgs,a.ctime from products a left join procate b on a.proid = b.id where 1=1 and a.enable=1 and b.enable=1  and ( b.pid=36 or b.id=36) order by a.sorts desc limit 0,9 [ RunTime:0.001048s ]
SQL: SELECT * FROM `procate` WHERE (  enable =1 and pid=0   ) ORDER BY  sorts desc  [ RunTime:0.000442s ]
INFO: [ view_parse ] --START--
INFO: ParseTemplate Behavior ::run [ RunTime:0.036535s ]
INFO: [ view_parse ] --END-- [ RunTime:0.036633s ]
INFO: [ view_filter ] --START--
INFO: ContentReplace Behavior ::run [ RunTime:0.001443s ]
INFO: TokenBuild Behavior ::run [ RunTime:0.001392s ]
INFO: WriteHtmlCache Behavior ::run [ RunTime:0.001238s ]
INFO: ShowRuntime Behavior ::run [ RunTime:0.001484s ]
INFO: [ view_filter ] --END-- [ RunTime:0.005749s ]
INFO: [ view_end ] --START--
INFO: ShowPageTrace Behavior ::run [ RunTime:0.001712s ]
INFO: [ view_end ] --END-- [ RunTime:0.001785s ]

[ 2014-11-22 13:44:50 ] 61.135.189.171 /index.php/Index/product?procate=20&procate2=29
INFO: [ route_check ] --START--
INFO: CheckRoute Behavior ::run [ RunTime:0.002608s ]
INFO: [ route_check ] --END-- [ RunTime:0.002718s ]
INFO: [ app_begin ] --START--
INFO: ReadHtmlCache Behavior ::run [ RunTime:0.001633s ]
INFO: [ app_begin ] --END-- [ RunTime:0.001707s ]
SQL: SHOW COLUMNS FROM `contents` [ RunTime:0.004631s ]
SQL: SELECT * FROM `contents` WHERE (  enable=1 and cateid=4  ) LIMIT 1   [ RunTime:0.000319s ]
SQL: SELECT * FROM `contents` WHERE (  enable=1 and cateid=1  ) LIMIT 1   [ RunTime:0.000245s ]
SQL: SHOW COLUMNS FROM `visters` [ RunTime:0.008991s ]
SQL: INSERT INTO `visters` (`ctime`,`info`,`ip`,`page`) VALUES ('2014-11-22 13:44','中国 北京 北京、Other简体中文系统、Other浏览器、','61.135.189.171','产品页面') [ RunTime:0.009817s ]
SQL: SHOW COLUMNS FROM `procate` [ RunTime:0.007459s ]
SQL: SHOW COLUMNS FROM `products` [ RunTime:0.008396s ]
SQL: SELECT * FROM `procate` WHERE ( id=20 ) LIMIT 1   [ RunTime:0.000364s ]
SQL: SELECT * FROM `procate` WHERE ( id=29 ) LIMIT 1   [ RunTime:0.000276s ]
SQL: SELECT * FROM `procate` WHERE ( pid=20 )  [ RunTime:0.000314s ]
SQL: select count(*) as count from products a left join procate b on a.proid = b.id where 1=1 and a.enable=1 and b.enable=1  and ( b.pid=29 or b.id=29) [ RunTime:0.000572s ]
SQL: select a.id,a.title,a.info,a.imgs,a.ctime from products a left join procate b on a.proid = b.id where 1=1 and a.enable=1 and b.enable=1  and ( b.pid=29 or b.id=29) order by a.sorts desc limit 0,9 [ RunTime:0.001042s ]
SQL: SELECT * FROM `procate` WHERE (  enable =1 and pid=0   ) ORDER BY  sorts desc  [ RunTime:0.000434s ]
INFO: [ view_parse ] --START--
INFO: ParseTemplate Behavior ::run [ RunTime:0.031539s ]
INFO: [ view_parse ] --END-- [ RunTime:0.031653s ]
INFO: [ view_filter ] --START--
INFO: ContentReplace Behavior ::run [ RunTime:0.001944s ]
INFO: TokenBuild Behavior ::run [ RunTime:0.001873s ]
INFO: WriteHtmlCache Behavior ::run [ RunTime:0.001600s ]
INFO: ShowRuntime Behavior ::run [ RunTime:0.001522s ]
INFO: [ view_filter ] --END-- [ RunTime:0.007176s ]
INFO: [ view_end ] --START--
INFO: ShowPageTrace Behavior ::run [ RunTime:0.001736s ]
INFO: [ view_end ] --END-- [ RunTime:0.001811s ]

[ 2014-11-22 13:45:10 ] 61.135.189.171 /index.php/Index/product?procate=20&procate2=28
INFO: [ route_check ] --START--
INFO: CheckRoute Behavior ::run [ RunTime:0.002628s ]
INFO: [ route_check ] --END-- [ RunTime:0.002737s ]
INFO: [ app_begin ] --START--
INFO: ReadHtmlCache Behavior ::run [ RunTime:0.002122s ]
INFO: [ app_begin ] --END-- [ RunTime:0.002217s ]
SQL: SHOW COLUMNS FROM `contents` [ RunTime:0.005237s ]
SQL: SELECT * FROM `contents` WHERE (  enable=1 and cateid=4  ) LIMIT 1   [ RunTime:0.000359s ]
SQL: SELECT * FROM `contents` WHERE (  enable=1 and cateid=1  ) LIMIT 1   [ RunTime:0.000305s ]
SQL: SHOW COLUMNS FROM `visters` [ RunTime:0.007053s ]
SQL: INSERT INTO `visters` (`ctime`,`info`,`ip`,`page`) VALUES ('2014-11-22 13:45','中国 北京 北京、Other简体中文系统、Other浏览器、','61.135.189.171','产品页面') [ RunTime:0.011726s ]
SQL: SHOW COLUMNS FROM `procate` [ RunTime:0.006455s ]
SQL: SHOW COLUMNS FROM `products` [ RunTime:0.005694s ]
SQL: SELECT * FROM `procate` WHERE ( id=20 ) LIMIT 1   [ RunTime:0.000328s ]
SQL: SELECT * FROM `procate` WHERE ( id=28 ) LIMIT 1   [ RunTime:0.000281s ]
SQL: SELECT * FROM `procate` WHERE ( pid=20 )  [ RunTime:0.000322s ]
SQL: select count(*) as count from products a left join procate b on a.proid = b.id where 1=1 and a.enable=1 and b.enable=1  and ( b.pid=28 or b.id=28) [ RunTime:0.000579s ]
SQL: select a.id,a.title,a.info,a.imgs,a.ctime from products a left join procate b on a.proid = b.id where 1=1 and a.enable=1 and b.enable=1  and ( b.pid=28 or b.id=28) order by a.sorts desc limit 0,9 [ RunTime:0.001063s ]
SQL: SELECT * FROM `procate` WHERE (  enable =1 and pid=0   ) ORDER BY  sorts desc  [ RunTime:0.000442s ]
INFO: [ view_parse ] --START--
INFO: ParseTemplate Behavior ::run [ RunTime:0.030785s ]
INFO: [ view_parse ] --END-- [ RunTime:0.030884s ]
INFO: [ view_filter ] --START--
INFO: ContentReplace Behavior ::run [ RunTime:0.001479s ]
INFO: TokenBuild Behavior ::run [ RunTime:0.001439s ]
INFO: WriteHtmlCache Behavior ::run [ RunTime:0.001276s ]
INFO: ShowRuntime Behavior ::run [ RunTime:0.001539s ]
INFO: [ view_filter ] --END-- [ RunTime:0.005931s ]
INFO: [ view_end ] --START--
INFO: ShowPageTrace Behavior ::run [ RunTime:0.001741s ]
INFO: [ view_end ] --END-- [ RunTime:0.001814s ]

[ 2014-11-22 14:19:40 ] 66.249.64.86 /index.php
INFO: [ app_begin ] --START--
INFO: ReadHtmlCache Behavior ::run [ RunTime:0.003343s ]
INFO: [ app_begin ] --END-- [ RunTime:0.003456s ]
SQL: SHOW COLUMNS FROM `contents` [ RunTime:0.006577s ]
SQL: SELECT * FROM `contents` WHERE (  enable=1 and cateid=4  ) LIMIT 1   [ RunTime:0.000388s ]
SQL: SELECT * FROM `contents` WHERE (  enable=1 and cateid=1  ) LIMIT 1   [ RunTime:0.000312s ]
NOTIC: [8] Undefined index:  HTTP_ACCEPT_LANGUAGE D:\enkjhost\mayning1\web\home\Lib\Action\UtilAction.class.php 第 96 行.
SQL: SHOW COLUMNS FROM `visters` [ RunTime:0.007275s ]
SQL: INSERT INTO `visters` (`ctime`,`info`,`ip`,`page`) VALUES ('2014-11-22 14:19','美国 加利福尼亚 Mountain View、OtherEnglish系统、Other浏览器、','66.249.64.86','系统首页') [ RunTime:0.011129s ]
SQL: SHOW COLUMNS FROM `products` [ RunTime:0.006854s ]
SQL: SELECT * FROM `products` WHERE (  enable=1 and state=1  ) ORDER BY  sorts desc  [ RunTime:0.001194s ]
SQL: SELECT * FROM `products` WHERE (  enable=1 and state=2  ) ORDER BY  sorts desc  [ RunTime:0.000691s ]
INFO: [ view_parse ] --START--
INFO: ParseTemplate Behavior ::run [ RunTime:0.035004s ]
INFO: [ view_parse ] --END-- [ RunTime:0.035134s ]
INFO: [ view_filter ] --START--
INFO: ContentReplace Behavior ::run [ RunTime:0.002899s ]
INFO: TokenBuild Behavior ::run [ RunTime:0.002923s ]
INFO: WriteHtmlCache Behavior ::run [ RunTime:0.002641s ]
INFO: ShowRuntime Behavior ::run [ RunTime:0.003227s ]
INFO: [ view_filter ] --END-- [ RunTime:0.011957s ]
INFO: [ view_end ] --START--
INFO: ShowPageTrace Behavior ::run [ RunTime:0.003565s ]
INFO: [ view_end ] --END-- [ RunTime:0.003664s ]

[ 2014-11-22 14:44:01 ] 202.46.62.94 /index.php
INFO: [ app_begin ] --START--
INFO: ReadHtmlCache Behavior ::run [ RunTime:0.002112s ]
INFO: [ app_begin ] --END-- [ RunTime:0.002223s ]
SQL: SHOW COLUMNS FROM `contents` [ RunTime:0.006255s ]
SQL: SELECT * FROM `contents` WHERE (  enable=1 and cateid=4  ) LIMIT 1   [ RunTime:0.000414s ]
SQL: SELECT * FROM `contents` WHERE (  enable=1 and cateid=1  ) LIMIT 1   [ RunTime:0.000328s ]
SQL: SHOW COLUMNS FROM `visters` [ RunTime:0.006777s ]
SQL: INSERT INTO `visters` (`ctime`,`info`,`ip`,`page`) VALUES ('2014-11-22 14:44','中国 广东 深圳、Windows简体中文系统、MSIE浏览器、','202.46.62.94','系统首页') [ RunTime:0.009786s ]
SQL: SHOW COLUMNS FROM `products` [ RunTime:0.006889s ]
SQL: SELECT * FROM `products` WHERE (  enable=1 and state=1  ) ORDER BY  sorts desc  [ RunTime:0.001152s ]
SQL: SELECT * FROM `products` WHERE (  enable=1 and state=2  ) ORDER BY  sorts desc  [ RunTime:0.000586s ]
INFO: [ view_parse ] --START--
INFO: ParseTemplate Behavior ::run [ RunTime:0.028675s ]
INFO: [ view_parse ] --END-- [ RunTime:0.028802s ]
INFO: [ view_filter ] --START--
INFO: ContentReplace Behavior ::run [ RunTime:0.002913s ]
INFO: TokenBuild Behavior ::run [ RunTime:0.002856s ]
INFO: WriteHtmlCache Behavior ::run [ RunTime:0.002555s ]
INFO: ShowRuntime Behavior ::run [ RunTime:0.003076s ]
INFO: [ view_filter ] --END-- [ RunTime:0.011675s ]
INFO: [ view_end ] --START--
INFO: ShowPageTrace Behavior ::run [ RunTime:0.003517s ]
INFO: [ view_end ] --END-- [ RunTime:0.003612s ]

[ 2014-11-22 14:44:19 ] 119.63.193.194 /index.php
INFO: [ app_begin ] --START--
INFO: ReadHtmlCache Behavior ::run [ RunTime:0.001593s ]
INFO: [ app_begin ] --END-- [ RunTime:0.001676s ]
SQL: SHOW COLUMNS FROM `contents` [ RunTime:0.004896s ]
SQL: SELECT * FROM `contents` WHERE (  enable=1 and cateid=4  ) LIMIT 1   [ RunTime:0.000334s ]
SQL: SELECT * FROM `contents` WHERE (  enable=1 and cateid=1  ) LIMIT 1   [ RunTime:0.000252s ]
SQL: SHOW COLUMNS FROM `visters` [ RunTime:0.007281s ]
SQL: INSERT INTO `visters` (`ctime`,`info`,`ip`,`page`) VALUES ('2014-11-22 14:44','日本 东京 Tokyo、Windows简体中文系统、MSIE浏览器、','119.63.193.194','系统首页') [ RunTime:0.010227s ]
SQL: SHOW COLUMNS FROM `products` [ RunTime:0.006891s ]
SQL: SELECT * FROM `products` WHERE (  enable=1 and state=1  ) ORDER BY  sorts desc  [ RunTime:0.001259s ]
SQL: SELECT * FROM `products` WHERE (  enable=1 and state=2  ) ORDER BY  sorts desc  [ RunTime:0.000621s ]
INFO: [ view_parse ] --START--
INFO: ParseTemplate Behavior ::run [ RunTime:0.025477s ]
INFO: [ view_parse ] --END-- [ RunTime:0.025587s ]
INFO: [ view_filter ] --START--
INFO: ContentReplace Behavior ::run [ RunTime:0.001289s ]
INFO: TokenBuild Behavior ::run [ RunTime:0.001249s ]
INFO: WriteHtmlCache Behavior ::run [ RunTime:0.001116s ]
INFO: ShowRuntime Behavior ::run [ RunTime:0.001346s ]
INFO: [ view_filter ] --END-- [ RunTime:0.005176s ]
INFO: [ view_end ] --START--
INFO: ShowPageTrace Behavior ::run [ RunTime:0.001535s ]
INFO: [ view_end ] --END-- [ RunTime:0.001601s ]

[ 2014-11-22 15:40:25 ] 188.165.15.205 /index.php/Index/product?procate=20&procate2=28
INFO: [ route_check ] --START--
INFO: CheckRoute Behavior ::run [ RunTime:0.003334s ]
INFO: [ route_check ] --END-- [ RunTime:0.003430s ]
INFO: [ app_begin ] --START--
INFO: ReadHtmlCache Behavior ::run [ RunTime:0.001634s ]
INFO: [ app_begin ] --END-- [ RunTime:0.001716s ]
SQL: SHOW COLUMNS FROM `contents` [ RunTime:0.006431s ]
SQL: SELECT * FROM `contents` WHERE (  enable=1 and cateid=4  ) LIMIT 1   [ RunTime:0.000388s ]
SQL: SELECT * FROM `contents` WHERE (  enable=1 and cateid=1  ) LIMIT 1   [ RunTime:0.000312s ]
NOTIC: [8] Undefined index:  HTTP_ACCEPT_LANGUAGE D:\enkjhost\mayning1\web\home\Lib\Action\UtilAction.class.php 第 96 行.
SQL: SHOW COLUMNS FROM `visters` [ RunTime:0.006906s ]
SQL: INSERT INTO `visters` (`ctime`,`info`,`ip`,`page`) VALUES ('2014-11-22 15:40','法国  、OtherEnglish系统、Other浏览器、','188.165.15.205','产品页面') [ RunTime:0.009800s ]
SQL: SHOW COLUMNS FROM `procate` [ RunTime:0.006120s ]
SQL: SHOW COLUMNS FROM `products` [ RunTime:0.006561s ]
SQL: SELECT * FROM `procate` WHERE ( id=20 ) LIMIT 1   [ RunTime:0.000402s ]
SQL: SELECT * FROM `procate` WHERE ( id=28 ) LIMIT 1   [ RunTime:0.000379s ]
SQL: SELECT * FROM `procate` WHERE ( pid=20 )  [ RunTime:0.000400s ]
SQL: select count(*) as count from products a left join procate b on a.proid = b.id where 1=1 and a.enable=1 and b.enable=1  and ( b.pid=28 or b.id=28) [ RunTime:0.000640s ]
SQL: select a.id,a.title,a.info,a.imgs,a.ctime from products a left join procate b on a.proid = b.id where 1=1 and a.enable=1 and b.enable=1  and ( b.pid=28 or b.id=28) order by a.sorts desc limit 0,9 [ RunTime:0.001087s ]
SQL: SELECT * FROM `procate` WHERE (  enable =1 and pid=0   ) ORDER BY  sorts desc  [ RunTime:0.000482s ]
INFO: [ view_parse ] --START--
INFO: ParseTemplate Behavior ::run [ RunTime:0.036533s ]
INFO: [ view_parse ] --END-- [ RunTime:0.036649s ]
INFO: [ view_filter ] --START--
INFO: ContentReplace Behavior ::run [ RunTime:0.002671s ]
INFO: TokenBuild Behavior ::run [ RunTime:0.002706s ]
INFO: WriteHtmlCache Behavior ::run [ RunTime:0.002401s ]
INFO: ShowRuntime Behavior ::run [ RunTime:0.001865s ]
INFO: [ view_filter ] --END-- [ RunTime:0.009918s ]
INFO: [ view_end ] --START--
INFO: ShowPageTrace Behavior ::run [ RunTime:0.002088s ]
INFO: [ view_end ] --END-- [ RunTime:0.002187s ]

[ 2014-11-22 17:46:12 ] 113.89.232.106 /index.php
INFO: [ app_begin ] --START--
INFO: ReadHtmlCache Behavior ::run [ RunTime:0.003291s ]
INFO: [ app_begin ] --END-- [ RunTime:0.003405s ]
SQL: SHOW COLUMNS FROM `contents` [ RunTime:0.007145s ]
SQL: SELECT * FROM `contents` WHERE (  enable=1 and cateid=4  ) LIMIT 1   [ RunTime:0.000414s ]
SQL: SELECT * FROM `contents` WHERE (  enable=1 and cateid=1  ) LIMIT 1   [ RunTime:0.000310s ]
SQL: SHOW COLUMNS FROM `visters` [ RunTime:0.007376s ]
SQL: INSERT INTO `visters` (`ctime`,`info`,`ip`,`page`) VALUES ('2014-11-22 17:46','中国 广东 深圳、Windows简体中文系统、Firefox浏览器、','113.89.232.106','系统首页') [ RunTime:0.008910s ]
SQL: SHOW COLUMNS FROM `products` [ RunTime:0.006566s ]
SQL: SELECT * FROM `products` WHERE (  enable=1 and state=1  ) ORDER BY  sorts desc  [ RunTime:0.001154s ]
SQL: SELECT * FROM `products` WHERE (  enable=1 and state=2  ) ORDER BY  sorts desc  [ RunTime:0.000690s ]
INFO: [ view_parse ] --START--
INFO: ParseTemplate Behavior ::run [ RunTime:0.039557s ]
INFO: [ view_parse ] --END-- [ RunTime:0.039689s ]
INFO: [ view_filter ] --START--
INFO: ContentReplace Behavior ::run [ RunTime:0.002825s ]
INFO: TokenBuild Behavior ::run [ RunTime:0.002864s ]
INFO: WriteHtmlCache Behavior ::run [ RunTime:0.002565s ]
INFO: ShowRuntime Behavior ::run [ RunTime:0.003094s ]
INFO: [ view_filter ] --END-- [ RunTime:0.011612s ]
INFO: [ view_end ] --START--
INFO: ShowPageTrace Behavior ::run [ RunTime:0.003552s ]
INFO: [ view_end ] --END-- [ RunTime:0.003648s ]

[ 2014-11-22 18:07:05 ] 180.76.6.155 /index.php/Index/product?procate=20&procate2=29
INFO: [ route_check ] --START--
INFO: CheckRoute Behavior ::run [ RunTime:0.004122s ]
INFO: [ route_check ] --END-- [ RunTime:0.004237s ]
INFO: [ app_begin ] --START--
INFO: ReadHtmlCache Behavior ::run [ RunTime:0.003339s ]
INFO: [ app_begin ] --END-- [ RunTime:0.003436s ]
SQL: SHOW COLUMNS FROM `contents` [ RunTime:0.007974s ]
SQL: SELECT * FROM `contents` WHERE (  enable=1 and cateid=4  ) LIMIT 1   [ RunTime:0.000384s ]
SQL: SELECT * FROM `contents` WHERE (  enable=1 and cateid=1  ) LIMIT 1   [ RunTime:0.000314s ]
SQL: SHOW COLUMNS FROM `visters` [ RunTime:0.008039s ]
SQL: INSERT INTO `visters` (`ctime`,`info`,`ip`,`page`) VALUES ('2014-11-22 18:07','中国 北京 北京、OtherEnglish系统、Other浏览器、','180.76.6.155','产品页面') [ RunTime:0.009475s ]
SQL: SHOW COLUMNS FROM `procate` [ RunTime:0.006759s ]
SQL: SHOW COLUMNS FROM `products` [ RunTime:0.006085s ]
SQL: SELECT * FROM `procate` WHERE ( id=20 ) LIMIT 1   [ RunTime:0.000272s ]
SQL: SELECT * FROM `procate` WHERE ( id=29 ) LIMIT 1   [ RunTime:0.000222s ]
SQL: SELECT * FROM `procate` WHERE ( pid=20 )  [ RunTime:0.000265s ]
SQL: select count(*) as count from products a left join procate b on a.proid = b.id where 1=1 and a.enable=1 and b.enable=1  and ( b.pid=29 or b.id=29) [ RunTime:0.000489s ]
SQL: select a.id,a.title,a.info,a.imgs,a.ctime from products a left join procate b on a.proid = b.id where 1=1 and a.enable=1 and b.enable=1  and ( b.pid=29 or b.id=29) order by a.sorts desc limit 0,9 [ RunTime:0.000870s ]
SQL: SELECT * FROM `procate` WHERE (  enable =1 and pid=0   ) ORDER BY  sorts desc  [ RunTime:0.000360s ]
INFO: [ view_parse ] --START--
INFO: ParseTemplate Behavior ::run [ RunTime:0.043446s ]
INFO: [ view_parse ] --END-- [ RunTime:0.043556s ]
INFO: [ view_filter ] --START--
INFO: ContentReplace Behavior ::run [ RunTime:0.002905s ]
INFO: TokenBuild Behavior ::run [ RunTime:0.002925s ]
INFO: WriteHtmlCache Behavior ::run [ RunTime:0.002615s ]
INFO: ShowRuntime Behavior ::run [ RunTime:0.003190s ]
INFO: [ view_filter ] --END-- [ RunTime:0.011905s ]
INFO: [ view_end ] --START--
INFO: ShowPageTrace Behavior ::run [ RunTime:0.003634s ]
INFO: [ view_end ] --END-- [ RunTime:0.003732s ]

[ 2014-11-22 18:31:30 ] 113.89.232.106 /index.php/Index/contact
INFO: [ route_check ] --START--
INFO: CheckRoute Behavior ::run [ RunTime:0.002676s ]
INFO: [ route_check ] --END-- [ RunTime:0.002787s ]
INFO: [ app_begin ] --START--
INFO: ReadHtmlCache Behavior ::run [ RunTime:0.002158s ]
INFO: [ app_begin ] --END-- [ RunTime:0.002251s ]
SQL: SHOW COLUMNS FROM `contents` [ RunTime:0.006417s ]
SQL: SELECT * FROM `contents` WHERE (  enable=1 and cateid=4  ) LIMIT 1   [ RunTime:0.000393s ]
SQL: SELECT * FROM `contents` WHERE (  enable=1 and cateid=1  ) LIMIT 1   [ RunTime:0.000313s ]
SQL: SHOW COLUMNS FROM `visters` [ RunTime:0.007682s ]
SQL: INSERT INTO `visters` (`ctime`,`info`,`ip`,`page`) VALUES ('2014-11-22 18:31','中国 广东 深圳、Windows简体中文系统、Firefox浏览器、','113.89.232.106','产品详情页面') [ RunTime:0.009793s ]
SQL: SELECT * FROM `contents` WHERE (  enable=1 and cateid=3  ) LIMIT 1   [ RunTime:0.000434s ]
INFO: [ view_parse ] --START--
INFO: ParseTemplate Behavior ::run [ RunTime:0.040428s ]
INFO: [ view_parse ] --END-- [ RunTime:0.040559s ]
INFO: [ view_filter ] --START--
INFO: ContentReplace Behavior ::run [ RunTime:0.002868s ]
INFO: TokenBuild Behavior ::run [ RunTime:0.001958s ]
INFO: WriteHtmlCache Behavior ::run [ RunTime:0.002639s ]
INFO: ShowRuntime Behavior ::run [ RunTime:0.003175s ]
INFO: [ view_filter ] --END-- [ RunTime:0.010931s ]
INFO: [ view_end ] --START--
INFO: ShowPageTrace Behavior ::run [ RunTime:0.002378s ]
INFO: [ view_end ] --END-- [ RunTime:0.002466s ]

[ 2014-11-22 18:32:39 ] 113.89.232.106 /index.php/Index/contact
INFO: [ route_check ] --START--
INFO: CheckRoute Behavior ::run [ RunTime:0.002069s ]
INFO: [ route_check ] --END-- [ RunTime:0.002157s ]
INFO: [ app_begin ] --START--
INFO: ReadHtmlCache Behavior ::run [ RunTime:0.001679s ]
INFO: [ app_begin ] --END-- [ RunTime:0.001751s ]
SQL: SHOW COLUMNS FROM `contents` [ RunTime:0.005165s ]
SQL: SELECT * FROM `contents` WHERE (  enable=1 and cateid=4  ) LIMIT 1   [ RunTime:0.000328s ]
SQL: SELECT * FROM `contents` WHERE (  enable=1 and cateid=1  ) LIMIT 1   [ RunTime:0.000249s ]
SQL: SHOW COLUMNS FROM `visters` [ RunTime:0.006702s ]
SQL: INSERT INTO `visters` (`ctime`,`info`,`ip`,`page`) VALUES ('2014-11-22 18:32','中国 广东 深圳、Windows简体中文系统、Firefox浏览器、','113.89.232.106','产品详情页面') [ RunTime:0.010748s ]
SQL: SELECT * FROM `contents` WHERE (  enable=1 and cateid=3  ) LIMIT 1   [ RunTime:0.000385s ]
INFO: [ view_parse ] --START--
INFO: ParseTemplate Behavior ::run [ RunTime:0.032699s ]
INFO: [ view_parse ] --END-- [ RunTime:0.032825s ]
INFO: [ view_filter ] --START--
INFO: ContentReplace Behavior ::run [ RunTime:0.001872s ]
INFO: TokenBuild Behavior ::run [ RunTime:0.001866s ]
INFO: WriteHtmlCache Behavior ::run [ RunTime:0.001666s ]
INFO: ShowRuntime Behavior ::run [ RunTime:0.003106s ]
INFO: [ view_filter ] --END-- [ RunTime:0.008792s ]
INFO: [ view_end ] --START--
INFO: ShowPageTrace Behavior ::run [ RunTime:0.002400s ]
INFO: [ view_end ] --END-- [ RunTime:0.002489s ]

[ 2014-11-22 18:32:42 ] 113.89.232.106 /index.php
INFO: [ app_begin ] --START--
INFO: ReadHtmlCache Behavior ::run [ RunTime:0.002146s ]
INFO: [ app_begin ] --END-- [ RunTime:0.002255s ]
SQL: SHOW COLUMNS FROM `contents` [ RunTime:0.005088s ]
SQL: SELECT * FROM `contents` WHERE (  enable=1 and cateid=4  ) LIMIT 1   [ RunTime:0.000315s ]
SQL: SELECT * FROM `contents` WHERE (  enable=1 and cateid=1  ) LIMIT 1   [ RunTime:0.000259s ]
SQL: SHOW COLUMNS FROM `visters` [ RunTime:0.007110s ]
SQL: INSERT INTO `visters` (`ctime`,`info`,`ip`,`page`) VALUES ('2014-11-22 18:32','中国 广东 深圳、Windows简体中文系统、Firefox浏览器、','113.89.232.106','系统首页') [ RunTime:0.008880s ]
SQL: SHOW COLUMNS FROM `products` [ RunTime:0.007654s ]
SQL: SELECT * FROM `products` WHERE (  enable=1 and state=1  ) ORDER BY  sorts desc  [ RunTime:0.001111s ]
SQL: SELECT * FROM `products` WHERE (  enable=1 and state=2  ) ORDER BY  sorts desc  [ RunTime:0.000648s ]
INFO: [ view_parse ] --START--
INFO: ParseTemplate Behavior ::run [ RunTime:0.028218s ]
INFO: [ view_parse ] --END-- [ RunTime:0.028346s ]
INFO: [ view_filter ] --START--
INFO: ContentReplace Behavior ::run [ RunTime:0.001978s ]
INFO: TokenBuild Behavior ::run [ RunTime:0.001906s ]
INFO: WriteHtmlCache Behavior ::run [ RunTime:0.001689s ]
INFO: ShowRuntime Behavior ::run [ RunTime:0.002003s ]
INFO: [ view_filter ] --END-- [ RunTime:0.007832s ]
INFO: [ view_end ] --START--
INFO: ShowPageTrace Behavior ::run [ RunTime:0.002321s ]
INFO: [ view_end ] --END-- [ RunTime:0.002414s ]

[ 2014-11-22 18:32:44 ] 113.89.232.106 /index.php
INFO: [ app_begin ] --START--
INFO: ReadHtmlCache Behavior ::run [ RunTime:0.001648s ]
INFO: [ app_begin ] --END-- [ RunTime:0.001732s ]
SQL: SHOW COLUMNS FROM `contents` [ RunTime:0.005007s ]
SQL: SELECT * FROM `contents` WHERE (  enable=1 and cateid=4  ) LIMIT 1   [ RunTime:0.000306s ]
SQL: SELECT * FROM `contents` WHERE (  enable=1 and cateid=1  ) LIMIT 1   [ RunTime:0.000234s ]
SQL: SHOW COLUMNS FROM `visters` [ RunTime:0.005999s ]
SQL: INSERT INTO `visters` (`ctime`,`info`,`ip`,`page`) VALUES ('2014-11-22 18:32','中国 广东 深圳、Windows简体中文系统、Firefox浏览器、','113.89.232.106','系统首页') [ RunTime:0.010384s ]
SQL: SHOW COLUMNS FROM `products` [ RunTime:0.007184s ]
SQL: SELECT * FROM `products` WHERE (  enable=1 and state=1  ) ORDER BY  sorts desc  [ RunTime:0.001143s ]
SQL: SELECT * FROM `products` WHERE (  enable=1 and state=2  ) ORDER BY  sorts desc  [ RunTime:0.000641s ]
INFO: [ view_parse ] --START--
INFO: ParseTemplate Behavior ::run [ RunTime:0.026680s ]
INFO: [ view_parse ] --END-- [ RunTime:0.026805s ]
INFO: [ view_filter ] --START--
INFO: ContentReplace Behavior ::run [ RunTime:0.001513s ]
INFO: TokenBuild Behavior ::run [ RunTime:0.001460s ]
INFO: WriteHtmlCache Behavior ::run [ RunTime:0.001308s ]
INFO: ShowRuntime Behavior ::run [ RunTime:0.001554s ]
INFO: [ view_filter ] --END-- [ RunTime:0.006030s ]
INFO: [ view_end ] --START--
INFO: ShowPageTrace Behavior ::run [ RunTime:0.001759s ]
INFO: [ view_end ] --END-- [ RunTime:0.001830s ]

[ 2014-11-22 20:51:19 ] 188.165.15.188 /index.php/Index/productInfo?id=118
INFO: [ route_check ] --START--
INFO: CheckRoute Behavior ::run [ RunTime:0.003995s ]
INFO: [ route_check ] --END-- [ RunTime:0.004107s ]
INFO: [ app_begin ] --START--
INFO: ReadHtmlCache Behavior ::run [ RunTime:0.003229s ]
INFO: [ app_begin ] --END-- [ RunTime:0.003326s ]
SQL: SHOW COLUMNS FROM `contents` [ RunTime:0.006858s ]
SQL: SELECT * FROM `contents` WHERE (  enable=1 and cateid=4  ) LIMIT 1   [ RunTime:0.000393s ]
SQL: SELECT * FROM `contents` WHERE (  enable=1 and cateid=1  ) LIMIT 1   [ RunTime:0.000313s ]
NOTIC: [8] Undefined index:  HTTP_ACCEPT_LANGUAGE D:\enkjhost\mayning1\web\home\Lib\Action\UtilAction.class.php 第 96 行.
SQL: SHOW COLUMNS FROM `visters` [ RunTime:0.007174s ]
SQL: INSERT INTO `visters` (`ctime`,`info`,`ip`,`page`) VALUES ('2014-11-22 20:51','法国  、OtherEnglish系统、Other浏览器、','188.165.15.188','产品详情页面') [ RunTime:0.008756s ]
SQL: SHOW COLUMNS FROM `procate` [ RunTime:0.006209s ]
SQL: SHOW COLUMNS FROM `products` [ RunTime:0.006605s ]
NOTIC: [8] Undefined index:  procate D:\enkjhost\mayning1\web\home\Lib\Action\IndexAction.class.php 第 243 行.
NOTIC: [8] Undefined index:  procate2 D:\enkjhost\mayning1\web\home\Lib\Action\IndexAction.class.php 第 244 行.
SQL: SELECT * FROM `procate` WHERE ( id=%d ) LIMIT 1   [ RunTime:0.000244s ]
ERR: 1064:You have an error in your SQL syntax; check the manual that corresponds to your MySQL server version for the right syntax to use near '%d ) LIMIT 1' at line 1
 [ SQL语句 ] : SELECT * FROM `procate` WHERE ( id=%d ) LIMIT 1  
SQL: SELECT * FROM `procate` WHERE ( id=%d ) LIMIT 1   [ RunTime:0.000224s ]
ERR: 1064:You have an error in your SQL syntax; check the manual that corresponds to your MySQL server version for the right syntax to use near '%d ) LIMIT 1' at line 1
 [ SQL语句 ] : SELECT * FROM `procate` WHERE ( id=%d ) LIMIT 1  
SQL: SELECT * FROM `procate` WHERE (  enable =1 and pid=0  ) ORDER BY  sorts desc  [ RunTime:0.000540s ]
SQL: SELECT * FROM `products` WHERE (  id=118 ) LIMIT 1   [ RunTime:0.000390s ]
SQL: SELECT * FROM `procate` WHERE ( id=31 ) LIMIT 1   [ RunTime:0.000324s ]
SQL: SELECT * FROM `procate` WHERE ( id=20 ) LIMIT 1   [ RunTime:0.000322s ]
INFO: [ view_parse ] --START--
INFO: ParseTemplate Behavior ::run [ RunTime:0.051298s ]
INFO: [ view_parse ] --END-- [ RunTime:0.051412s ]
INFO: [ view_filter ] --START--
INFO: ContentReplace Behavior ::run [ RunTime:0.002777s ]
INFO: TokenBuild Behavior ::run [ RunTime:0.002825s ]
INFO: WriteHtmlCache Behavior ::run [ RunTime:0.002506s ]
INFO: ShowRuntime Behavior ::run [ RunTime:0.003044s ]
INFO: [ view_filter ] --END-- [ RunTime:0.011412s ]
INFO: [ view_end ] --START--
INFO: ShowPageTrace Behavior ::run [ RunTime:0.003455s ]
INFO: [ view_end ] --END-- [ RunTime:0.003554s ]

[ 2014-11-22 21:12:10 ] 5.255.253.87 /index.php
INFO: [ app_begin ] --START--
INFO: ReadHtmlCache Behavior ::run [ RunTime:0.001643s ]
INFO: [ app_begin ] --END-- [ RunTime:0.001739s ]
SQL: SHOW COLUMNS FROM `contents` [ RunTime:0.005273s ]
SQL: SELECT * FROM `contents` WHERE (  enable=1 and cateid=4  ) LIMIT 1   [ RunTime:0.000336s ]
SQL: SELECT * FROM `contents` WHERE (  enable=1 and cateid=1  ) LIMIT 1   [ RunTime:0.000268s ]
SQL: SHOW COLUMNS FROM `visters` [ RunTime:0.006629s ]
SQL: INSERT INTO `visters` (`ctime`,`info`,`ip`,`page`) VALUES ('2014-11-22 21:12','俄罗斯  、OtherEnglish系统、Other浏览器、','5.255.253.87','系统首页') [ RunTime:0.008837s ]
SQL: SHOW COLUMNS FROM `products` [ RunTime:0.006690s ]
SQL: SELECT * FROM `products` WHERE (  enable=1 and state=1  ) ORDER BY  sorts desc  [ RunTime:0.001196s ]
SQL: SELECT * FROM `products` WHERE (  enable=1 and state=2  ) ORDER BY  sorts desc  [ RunTime:0.000621s ]
INFO: [ view_parse ] --START--
INFO: ParseTemplate Behavior ::run [ RunTime:0.024947s ]
INFO: [ view_parse ] --END-- [ RunTime:0.025065s ]
INFO: [ view_filter ] --START--
INFO: ContentReplace Behavior ::run [ RunTime:0.002109s ]
INFO: TokenBuild Behavior ::run [ RunTime:0.001346s ]
INFO: WriteHtmlCache Behavior ::run [ RunTime:0.001128s ]
INFO: ShowRuntime Behavior ::run [ RunTime:0.002273s ]
INFO: [ view_filter ] --END-- [ RunTime:0.007058s ]
INFO: [ view_end ] --START--
INFO: ShowPageTrace Behavior ::run [ RunTime:0.002067s ]
INFO: [ view_end ] --END-- [ RunTime:0.002152s ]

[ 2014-11-22 21:43:57 ] 182.118.21.206 /index.php/Index/productInfo?id=119
INFO: [ route_check ] --START--
INFO: CheckRoute Behavior ::run [ RunTime:0.003934s ]
INFO: [ route_check ] --END-- [ RunTime:0.004047s ]
INFO: [ app_begin ] --START--
INFO: ReadHtmlCache Behavior ::run [ RunTime:0.003160s ]
INFO: [ app_begin ] --END-- [ RunTime:0.003257s ]
SQL: SHOW COLUMNS FROM `contents` [ RunTime:0.006744s ]
SQL: SELECT * FROM `contents` WHERE (  enable=1 and cateid=4  ) LIMIT 1   [ RunTime:0.000401s ]
SQL: SELECT * FROM `contents` WHERE (  enable=1 and cateid=1  ) LIMIT 1   [ RunTime:0.000321s ]
SQL: SHOW COLUMNS FROM `visters` [ RunTime:0.006365s ]
SQL: INSERT INTO `visters` (`ctime`,`info`,`ip`,`page`) VALUES ('2014-11-22 21:43','中国 河南 郑州、Windows简体中文系统、MSIE浏览器、','182.118.21.206','产品详情页面') [ RunTime:0.009772s ]
SQL: SHOW COLUMNS FROM `procate` [ RunTime:0.005917s ]
SQL: SHOW COLUMNS FROM `products` [ RunTime:0.005925s ]
NOTIC: [8] Undefined index:  procate D:\enkjhost\mayning1\web\home\Lib\Action\IndexAction.class.php 第 243 行.
NOTIC: [8] Undefined index:  procate2 D:\enkjhost\mayning1\web\home\Lib\Action\IndexAction.class.php 第 244 行.
SQL: SELECT * FROM `procate` WHERE ( id=%d ) LIMIT 1   [ RunTime:0.000206s ]
ERR: 1064:You have an error in your SQL syntax; check the manual that corresponds to your MySQL server version for the right syntax to use near '%d ) LIMIT 1' at line 1
 [ SQL语句 ] : SELECT * FROM `procate` WHERE ( id=%d ) LIMIT 1  
SQL: SELECT * FROM `procate` WHERE ( id=%d ) LIMIT 1   [ RunTime:0.000180s ]
ERR: 1064:You have an error in your SQL syntax; check the manual that corresponds to your MySQL server version for the right syntax to use near '%d ) LIMIT 1' at line 1
 [ SQL语句 ] : SELECT * FROM `procate` WHERE ( id=%d ) LIMIT 1  
SQL: SELECT * FROM `procate` WHERE (  enable =1 and pid=0  ) ORDER BY  sorts desc  [ RunTime:0.000494s ]
SQL: SELECT * FROM `products` WHERE (  id=119 ) LIMIT 1   [ RunTime:0.000314s ]
SQL: SELECT * FROM `procate` WHERE ( id=11 ) LIMIT 1   [ RunTime:0.000263s ]
SQL: SELECT * FROM `procate` WHERE ( id=0 ) LIMIT 1   [ RunTime:0.000252s ]
INFO: [ view_parse ] --START--
INFO: ParseTemplate Behavior ::run [ RunTime:0.030495s ]
INFO: [ view_parse ] --END-- [ RunTime:0.030604s ]
INFO: [ view_filter ] --START--
INFO: ContentReplace Behavior ::run [ RunTime:0.002684s ]
INFO: TokenBuild Behavior ::run [ RunTime:0.002731s ]
INFO: WriteHtmlCache Behavior ::run [ RunTime:0.002441s ]
INFO: ShowRuntime Behavior ::run [ RunTime:0.002967s ]
INFO: [ view_filter ] --END-- [ RunTime:0.011083s ]
INFO: [ view_end ] --START--
INFO: ShowPageTrace Behavior ::run [ RunTime:0.002171s ]
INFO: [ view_end ] --END-- [ RunTime:0.002267s ]

[ 2014-11-22 21:48:23 ] 101.226.168.221 /index.php/Index/productInfo?id=129
INFO: [ route_check ] --START--
INFO: CheckRoute Behavior ::run [ RunTime:0.002573s ]
INFO: [ route_check ] --END-- [ RunTime:0.002687s ]
INFO: [ app_begin ] --START--
INFO: ReadHtmlCache Behavior ::run [ RunTime:0.002073s ]
INFO: [ app_begin ] --END-- [ RunTime:0.002168s ]
SQL: SHOW COLUMNS FROM `contents` [ RunTime:0.005905s ]
SQL: SELECT * FROM `contents` WHERE (  enable=1 and cateid=4  ) LIMIT 1   [ RunTime:0.000399s ]
SQL: SELECT * FROM `contents` WHERE (  enable=1 and cateid=1  ) LIMIT 1   [ RunTime:0.000310s ]
SQL: SHOW COLUMNS FROM `visters` [ RunTime:0.006978s ]
SQL: INSERT INTO `visters` (`ctime`,`info`,`ip`,`page`) VALUES ('2014-11-22 21:48','中国 上海 上海、Windows简体中文系统、Chrome浏览器、','101.226.168.221','产品详情页面') [ RunTime:0.010376s ]
SQL: SHOW COLUMNS FROM `procate` [ RunTime:0.006001s ]
SQL: SHOW COLUMNS FROM `products` [ RunTime:0.005551s ]
NOTIC: [8] Undefined index:  procate D:\enkjhost\mayning1\web\home\Lib\Action\IndexAction.class.php 第 243 行.
NOTIC: [8] Undefined index:  procate2 D:\enkjhost\mayning1\web\home\Lib\Action\IndexAction.class.php 第 244 行.
SQL: SELECT * FROM `procate` WHERE ( id=%d ) LIMIT 1   [ RunTime:0.000207s ]
ERR: 1064:You have an error in your SQL syntax; check the manual that corresponds to your MySQL server version for the right syntax to use near '%d ) LIMIT 1' at line 1
 [ SQL语句 ] : SELECT * FROM `procate` WHERE ( id=%d ) LIMIT 1  
SQL: SELECT * FROM `procate` WHERE ( id=%d ) LIMIT 1   [ RunTime:0.000189s ]
ERR: 1064:You have an error in your SQL syntax; check the manual that corresponds to your MySQL server version for the right syntax to use near '%d ) LIMIT 1' at line 1
 [ SQL语句 ] : SELECT * FROM `procate` WHERE ( id=%d ) LIMIT 1  
SQL: SELECT * FROM `procate` WHERE (  enable =1 and pid=0  ) ORDER BY  sorts desc  [ RunTime:0.000516s ]
SQL: SELECT * FROM `products` WHERE (  id=129 ) LIMIT 1   [ RunTime:0.000303s ]
SQL: SELECT * FROM `procate` WHERE ( id=37 ) LIMIT 1   [ RunTime:0.000266s ]
SQL: SELECT * FROM `procate` WHERE ( id=0 ) LIMIT 1   [ RunTime:0.000246s ]
INFO: [ view_parse ] --START--
INFO: ParseTemplate Behavior ::run [ RunTime:0.030787s ]
INFO: [ view_parse ] --END-- [ RunTime:0.030906s ]
INFO: [ view_filter ] --START--
INFO: ContentReplace Behavior ::run [ RunTime:0.001810s ]
INFO: TokenBuild Behavior ::run [ RunTime:0.001754s ]
INFO: WriteHtmlCache Behavior ::run [ RunTime:0.001558s ]
INFO: ShowRuntime Behavior ::run [ RunTime:0.003037s ]
INFO: [ view_filter ] --END-- [ RunTime:0.008410s ]
INFO: [ view_end ] --START--
INFO: ShowPageTrace Behavior ::run [ RunTime:0.002225s ]
INFO: [ view_end ] --END-- [ RunTime:0.002322s ]

[ 2014-11-22 21:50:57 ] 182.118.22.212 /index.php/Index/productInfo?id=33
INFO: [ route_check ] --START--
INFO: CheckRoute Behavior ::run [ RunTime:0.002567s ]
INFO: [ route_check ] --END-- [ RunTime:0.002675s ]
INFO: [ app_begin ] --START--
INFO: ReadHtmlCache Behavior ::run [ RunTime:0.001583s ]
INFO: [ app_begin ] --END-- [ RunTime:0.001664s ]
SQL: SHOW COLUMNS FROM `contents` [ RunTime:0.004884s ]
SQL: SELECT * FROM `contents` WHERE (  enable=1 and cateid=4  ) LIMIT 1   [ RunTime:0.000324s ]
SQL: SELECT * FROM `contents` WHERE (  enable=1 and cateid=1  ) LIMIT 1   [ RunTime:0.000243s ]
SQL: SHOW COLUMNS FROM `visters` [ RunTime:0.006864s ]
SQL: INSERT INTO `visters` (`ctime`,`info`,`ip`,`page`) VALUES ('2014-11-22 21:50','中国 河南 郑州、Windows简体中文系统、MSIE浏览器、','182.118.22.212','产品详情页面') [ RunTime:0.009277s ]
SQL: SHOW COLUMNS FROM `procate` [ RunTime:0.005876s ]
SQL: SHOW COLUMNS FROM `products` [ RunTime:0.005517s ]
NOTIC: [8] Undefined index:  procate D:\enkjhost\mayning1\web\home\Lib\Action\IndexAction.class.php 第 243 行.
NOTIC: [8] Undefined index:  procate2 D:\enkjhost\mayning1\web\home\Lib\Action\IndexAction.class.php 第 244 行.
SQL: SELECT * FROM `procate` WHERE ( id=%d ) LIMIT 1   [ RunTime:0.000209s ]
ERR: 1064:You have an error in your SQL syntax; check the manual that corresponds to your MySQL server version for the right syntax to use near '%d ) LIMIT 1' at line 1
 [ SQL语句 ] : SELECT * FROM `procate` WHERE ( id=%d ) LIMIT 1  
SQL: SELECT * FROM `procate` WHERE ( id=%d ) LIMIT 1   [ RunTime:0.000171s ]
ERR: 1064:You have an error in your SQL syntax; check the manual that corresponds to your MySQL server version for the right syntax to use near '%d ) LIMIT 1' at line 1
 [ SQL语句 ] : SELECT * FROM `procate` WHERE ( id=%d ) LIMIT 1  
SQL: SELECT * FROM `procate` WHERE (  enable =1 and pid=0  ) ORDER BY  sorts desc  [ RunTime:0.000508s ]
SQL: SELECT * FROM `products` WHERE (  id=33 ) LIMIT 1   [ RunTime:0.000308s ]
SQL: SELECT * FROM `procate` WHERE ( id=37 ) LIMIT 1   [ RunTime:0.000252s ]
SQL: SELECT * FROM `procate` WHERE ( id=0 ) LIMIT 1   [ RunTime:0.000273s ]
INFO: [ view_parse ] --START--
INFO: ParseTemplate Behavior ::run [ RunTime:0.028129s ]
INFO: [ view_parse ] --END-- [ RunTime:0.028242s ]
INFO: [ view_filter ] --START--
INFO: ContentReplace Behavior ::run [ RunTime:0.002892s ]
INFO: TokenBuild Behavior ::run [ RunTime:0.001839s ]
INFO: WriteHtmlCache Behavior ::run [ RunTime:0.001610s ]
INFO: ShowRuntime Behavior ::run [ RunTime:0.001921s ]
INFO: [ view_filter ] --END-- [ RunTime:0.008518s ]
INFO: [ view_end ] --START--
INFO: ShowPageTrace Behavior ::run [ RunTime:0.002161s ]
INFO: [ view_end ] --END-- [ RunTime:0.002256s ]

[ 2014-11-22 22:26:07 ] 101.226.167.253 /index.php/Index/productInfo?id=30
INFO: [ route_check ] --START--
INFO: CheckRoute Behavior ::run [ RunTime:0.003140s ]
INFO: [ route_check ] --END-- [ RunTime:0.003231s ]
INFO: [ app_begin ] --START--
INFO: ReadHtmlCache Behavior ::run [ RunTime:0.002509s ]
INFO: [ app_begin ] --END-- [ RunTime:0.002583s ]
SQL: SHOW COLUMNS FROM `contents` [ RunTime:0.006252s ]
SQL: SELECT * FROM `contents` WHERE (  enable=1 and cateid=4  ) LIMIT 1   [ RunTime:0.000385s ]
SQL: SELECT * FROM `contents` WHERE (  enable=1 and cateid=1  ) LIMIT 1   [ RunTime:0.000314s ]
SQL: SHOW COLUMNS FROM `visters` [ RunTime:0.006575s ]
SQL: INSERT INTO `visters` (`ctime`,`info`,`ip`,`page`) VALUES ('2014-11-22 22:26','中国 上海 上海、Windows简体中文系统、Chrome浏览器、','101.226.167.253','产品详情页面') [ RunTime:0.009071s ]
SQL: SHOW COLUMNS FROM `procate` [ RunTime:0.005691s ]
SQL: SHOW COLUMNS FROM `products` [ RunTime:0.006205s ]
NOTIC: [8] Undefined index:  procate D:\enkjhost\mayning1\web\home\Lib\Action\IndexAction.class.php 第 243 行.
NOTIC: [8] Undefined index:  procate2 D:\enkjhost\mayning1\web\home\Lib\Action\IndexAction.class.php 第 244 行.
SQL: SELECT * FROM `procate` WHERE ( id=%d ) LIMIT 1   [ RunTime:0.000271s ]
ERR: 1064:You have an error in your SQL syntax; check the manual that corresponds to your MySQL server version for the right syntax to use near '%d ) LIMIT 1' at line 1
 [ SQL语句 ] : SELECT * FROM `procate` WHERE ( id=%d ) LIMIT 1  
SQL: SELECT * FROM `procate` WHERE ( id=%d ) LIMIT 1   [ RunTime:0.000267s ]
ERR: 1064:You have an error in your SQL syntax; check the manual that corresponds to your MySQL server version for the right syntax to use near '%d ) LIMIT 1' at line 1
 [ SQL语句 ] : SELECT * FROM `procate` WHERE ( id=%d ) LIMIT 1  
SQL: SELECT * FROM `procate` WHERE (  enable =1 and pid=0  ) ORDER BY  sorts desc  [ RunTime:0.000599s ]
SQL: SELECT * FROM `products` WHERE (  id=30 ) LIMIT 1   [ RunTime:0.000396s ]
SQL: SELECT * FROM `procate` WHERE ( id=26 ) LIMIT 1   [ RunTime:0.000291s ]
SQL: SELECT * FROM `procate` WHERE ( id=0 ) LIMIT 1   [ RunTime:0.000257s ]
INFO: [ view_parse ] --START--
INFO: ParseTemplate Behavior ::run [ RunTime:0.039141s ]
INFO: [ view_parse ] --END-- [ RunTime:0.039258s ]
INFO: [ view_filter ] --START--
INFO: ContentReplace Behavior ::run [ RunTime:0.002819s ]
INFO: TokenBuild Behavior ::run [ RunTime:0.002816s ]
INFO: WriteHtmlCache Behavior ::run [ RunTime:0.002515s ]
INFO: ShowRuntime Behavior ::run [ RunTime:0.003032s ]
INFO: [ view_filter ] --END-- [ RunTime:0.011444s ]
INFO: [ view_end ] --START--
INFO: ShowPageTrace Behavior ::run [ RunTime:0.003435s ]
INFO: [ view_end ] --END-- [ RunTime:0.003537s ]

