[ 2014-10-08 04:17:21 ] 123.125.71.50 /index.php/Index/product?procate=24
INFO: [ route_check ] --START--
INFO: CheckRoute Behavior ::run [ RunTime:0.003906s ]
INFO: [ route_check ] --END-- [ RunTime:0.004022s ]
INFO: [ app_begin ] --START--
INFO: ReadHtmlCache Behavior ::run [ RunTime:0.003165s ]
INFO: [ app_begin ] --END-- [ RunTime:0.003264s ]
SQL: SHOW COLUMNS FROM `contents` [ RunTime:0.006915s ]
SQL: SELECT * FROM `contents` WHERE (  enable=1 and cateid=4  ) LIMIT 1   [ RunTime:0.000420s ]
SQL: SELECT * FROM `contents` WHERE (  enable=1 and cateid=1  ) LIMIT 1   [ RunTime:0.000355s ]
SQL: SHOW COLUMNS FROM `visters` [ RunTime:0.008135s ]
SQL: INSERT INTO `visters` (`ctime`,`info`,`ip`,`page`) VALUES ('2014-10-08 04:17','中国 北京 北京、Other简体中文系统、Other浏览器、','123.125.71.50','产品页面') [ RunTime:0.010203s ]
SQL: SHOW COLUMNS FROM `procate` [ RunTime:0.007558s ]
SQL: SHOW COLUMNS FROM `products` [ RunTime:0.006506s ]
NOTIC: [8] Undefined index:  procate2 D:\enkjhost\mayning1\web\home\Lib\Action\IndexAction.class.php 第 176 行.
SQL: SELECT * FROM `procate` WHERE ( id=24 ) LIMIT 1   [ RunTime:0.000321s ]
SQL: SELECT * FROM `procate` WHERE ( id=%d ) LIMIT 1   [ RunTime:0.000162s ]
ERR: 1064:You have an error in your SQL syntax; check the manual that corresponds to your MySQL server version for the right syntax to use near '%d ) LIMIT 1' at line 1
 [ SQL语句 ] : SELECT * FROM `procate` WHERE ( id=%d ) LIMIT 1  
SQL: SELECT * FROM `procate` WHERE ( pid=24 )  [ RunTime:0.000283s ]
SQL: select count(*) as count from products a left join procate b on a.proid = b.id where 1=1 and a.enable=1 and b.enable=1  and ( b.pid=24 or b.id=24) [ RunTime:0.000560s ]
SQL: select a.id,a.title,a.info,a.imgs,a.ctime from products a left join procate b on a.proid = b.id where 1=1 and a.enable=1 and b.enable=1  and ( b.pid=24 or b.id=24) order by a.sorts desc limit 0,9 [ RunTime:0.001016s ]
SQL: SELECT * FROM `procate` WHERE (  enable =1 and pid=0  )  [ RunTime:0.000319s ]
INFO: [ view_parse ] --START--
INFO: ParseTemplate Behavior ::run [ RunTime:0.041915s ]
INFO: [ view_parse ] --END-- [ RunTime:0.042030s ]
INFO: [ view_filter ] --START--
INFO: ContentReplace Behavior ::run [ RunTime:0.002725s ]
INFO: TokenBuild Behavior ::run [ RunTime:0.002673s ]
INFO: WriteHtmlCache Behavior ::run [ RunTime:0.002420s ]
INFO: ShowRuntime Behavior ::run [ RunTime:0.002864s ]
INFO: [ view_filter ] --END-- [ RunTime:0.010949s ]
INFO: [ view_end ] --START--
INFO: ShowPageTrace Behavior ::run [ RunTime:0.003426s ]
INFO: [ view_end ] --END-- [ RunTime:0.003522s ]

[ 2014-10-08 04:32:23 ] 80.102.176.169 /index.php
INFO: [ app_begin ] --START--
INFO: ReadHtmlCache Behavior ::run [ RunTime:0.001903s ]
INFO: [ app_begin ] --END-- [ RunTime:0.002009s ]
SQL: SHOW COLUMNS FROM `contents` [ RunTime:0.005324s ]
SQL: SELECT * FROM `contents` WHERE (  enable=1 and cateid=4  ) LIMIT 1   [ RunTime:0.000376s ]
SQL: SELECT * FROM `contents` WHERE (  enable=1 and cateid=1  ) LIMIT 1   [ RunTime:0.000244s ]
SQL: SHOW COLUMNS FROM `visters` [ RunTime:0.007077s ]
SQL: INSERT INTO `visters` (`ctime`,`info`,`ip`,`page`) VALUES ('2014-10-08 04:32','西班牙 Comunidad Valenciana Gandía、LinuxEnglish系统、Chrome浏览器、','80.102.176.169','系统首页') [ RunTime:0.009299s ]
SQL: SHOW COLUMNS FROM `products` [ RunTime:0.015002s ]
SQL: SELECT * FROM `products` WHERE (  enable=1 and state=1  ) ORDER BY  sorts desc  [ RunTime:0.001209s ]
SQL: SELECT * FROM `products` WHERE (  enable=1 and state=2  ) ORDER BY  sorts desc  [ RunTime:0.000847s ]
INFO: [ view_parse ] --START--
INFO: ParseTemplate Behavior ::run [ RunTime:0.030579s ]
INFO: [ view_parse ] --END-- [ RunTime:0.030688s ]
INFO: [ view_filter ] --START--
INFO: ContentReplace Behavior ::run [ RunTime:0.002111s ]
INFO: TokenBuild Behavior ::run [ RunTime:0.001395s ]
INFO: WriteHtmlCache Behavior ::run [ RunTime:0.001792s ]
INFO: ShowRuntime Behavior ::run [ RunTime:0.001503s ]
INFO: [ view_filter ] --END-- [ RunTime:0.006998s ]
INFO: [ view_end ] --START--
INFO: ShowPageTrace Behavior ::run [ RunTime:0.001712s ]
INFO: [ view_end ] --END-- [ RunTime:0.001785s ]

[ 2014-10-08 05:01:33 ] 66.249.79.126 /index.php/Index/contact
INFO: [ route_check ] --START--
INFO: CheckRoute Behavior ::run [ RunTime:0.002136s ]
INFO: [ route_check ] --END-- [ RunTime:0.002232s ]
INFO: [ app_begin ] --START--
INFO: ReadHtmlCache Behavior ::run [ RunTime:0.002873s ]
INFO: [ app_begin ] --END-- [ RunTime:0.002966s ]
SQL: SHOW COLUMNS FROM `contents` [ RunTime:0.006339s ]
SQL: SELECT * FROM `contents` WHERE (  enable=1 and cateid=4  ) LIMIT 1   [ RunTime:0.000403s ]
SQL: SELECT * FROM `contents` WHERE (  enable=1 and cateid=1  ) LIMIT 1   [ RunTime:0.000341s ]
NOTIC: [8] Undefined index:  HTTP_ACCEPT_LANGUAGE D:\enkjhost\mayning1\web\home\Lib\Action\UtilAction.class.php 第 96 行.
SQL: SHOW COLUMNS FROM `visters` [ RunTime:0.007034s ]
SQL: INSERT INTO `visters` (`ctime`,`info`,`ip`,`page`) VALUES ('2014-10-08 05:01','美国 加利福尼亚 Mountain View、MACEnglish系统、Safari浏览器、','66.249.79.126','产品详情页面') [ RunTime:0.010061s ]
SQL: SELECT * FROM `contents` WHERE (  enable=1 and cateid=3  ) LIMIT 1   [ RunTime:0.000368s ]
INFO: [ view_parse ] --START--
INFO: ParseTemplate Behavior ::run [ RunTime:0.023233s ]
INFO: [ view_parse ] --END-- [ RunTime:0.023365s ]
INFO: [ view_filter ] --START--
INFO: ContentReplace Behavior ::run [ RunTime:0.002668s ]
INFO: TokenBuild Behavior ::run [ RunTime:0.001793s ]
INFO: WriteHtmlCache Behavior ::run [ RunTime:0.002285s ]
INFO: ShowRuntime Behavior ::run [ RunTime:0.001940s ]
INFO: [ view_filter ] --END-- [ RunTime:0.008982s ]
INFO: [ view_end ] --START--
INFO: ShowPageTrace Behavior ::run [ RunTime:0.002194s ]
INFO: [ view_end ] --END-- [ RunTime:0.002285s ]

[ 2014-10-08 06:05:13 ] 66.249.79.118 /index.php/Index/productInfo?id=116
INFO: [ route_check ] --START--
INFO: CheckRoute Behavior ::run [ RunTime:0.003945s ]
INFO: [ route_check ] --END-- [ RunTime:0.004058s ]
INFO: [ app_begin ] --START--
INFO: ReadHtmlCache Behavior ::run [ RunTime:0.003114s ]
INFO: [ app_begin ] --END-- [ RunTime:0.003212s ]
SQL: SHOW COLUMNS FROM `contents` [ RunTime:0.006381s ]
SQL: SELECT * FROM `contents` WHERE (  enable=1 and cateid=4  ) LIMIT 1   [ RunTime:0.000413s ]
SQL: SELECT * FROM `contents` WHERE (  enable=1 and cateid=1  ) LIMIT 1   [ RunTime:0.000351s ]
NOTIC: [8] Undefined index:  HTTP_ACCEPT_LANGUAGE D:\enkjhost\mayning1\web\home\Lib\Action\UtilAction.class.php 第 96 行.
SQL: SHOW COLUMNS FROM `visters` [ RunTime:0.006922s ]
SQL: INSERT INTO `visters` (`ctime`,`info`,`ip`,`page`) VALUES ('2014-10-08 06:05','美国 加利福尼亚 Mountain View、OtherEnglish系统、Other浏览器、','66.249.79.118','产品详情页面') [ RunTime:0.010156s ]
SQL: SHOW COLUMNS FROM `procate` [ RunTime:0.006222s ]
SQL: SHOW COLUMNS FROM `products` [ RunTime:0.005746s ]
NOTIC: [8] Undefined index:  procate D:\enkjhost\mayning1\web\home\Lib\Action\IndexAction.class.php 第 243 行.
NOTIC: [8] Undefined index:  procate2 D:\enkjhost\mayning1\web\home\Lib\Action\IndexAction.class.php 第 244 行.
SQL: SELECT * FROM `procate` WHERE ( id=%d ) LIMIT 1   [ RunTime:0.000174s ]
ERR: 1064:You have an error in your SQL syntax; check the manual that corresponds to your MySQL server version for the right syntax to use near '%d ) LIMIT 1' at line 1
 [ SQL语句 ] : SELECT * FROM `procate` WHERE ( id=%d ) LIMIT 1  
SQL: SELECT * FROM `procate` WHERE ( id=%d ) LIMIT 1   [ RunTime:0.000154s ]
ERR: 1064:You have an error in your SQL syntax; check the manual that corresponds to your MySQL server version for the right syntax to use near '%d ) LIMIT 1' at line 1
 [ SQL语句 ] : SELECT * FROM `procate` WHERE ( id=%d ) LIMIT 1  
SQL: SELECT * FROM `procate` WHERE (  enable =1 and pid=0  )  [ RunTime:0.000341s ]
SQL: SELECT * FROM `products` WHERE (  id=116 ) LIMIT 1   [ RunTime:0.000290s ]
SQL: SELECT * FROM `procate` WHERE ( id=31 ) LIMIT 1   [ RunTime:0.000246s ]
SQL: SELECT * FROM `procate` WHERE ( id=20 ) LIMIT 1   [ RunTime:0.000223s ]
INFO: [ view_parse ] --START--
INFO: ParseTemplate Behavior ::run [ RunTime:0.037552s ]
INFO: [ view_parse ] --END-- [ RunTime:0.037667s ]
INFO: [ view_filter ] --START--
INFO: ContentReplace Behavior ::run [ RunTime:0.002761s ]
INFO: TokenBuild Behavior ::run [ RunTime:0.002826s ]
INFO: WriteHtmlCache Behavior ::run [ RunTime:0.002420s ]
INFO: ShowRuntime Behavior ::run [ RunTime:0.003058s ]
INFO: [ view_filter ] --END-- [ RunTime:0.011340s ]
INFO: [ view_end ] --START--
INFO: ShowPageTrace Behavior ::run [ RunTime:0.003367s ]
INFO: [ view_end ] --END-- [ RunTime:0.003467s ]

[ 2014-10-08 06:10:10 ] 66.249.79.104 /index.php
INFO: [ app_begin ] --START--
INFO: ReadHtmlCache Behavior ::run [ RunTime:0.001669s ]
INFO: [ app_begin ] --END-- [ RunTime:0.001764s ]
SQL: SHOW COLUMNS FROM `contents` [ RunTime:0.005633s ]
SQL: SELECT * FROM `contents` WHERE (  enable=1 and cateid=4  ) LIMIT 1   [ RunTime:0.000351s ]
SQL: SELECT * FROM `contents` WHERE (  enable=1 and cateid=1  ) LIMIT 1   [ RunTime:0.000256s ]
NOTIC: [8] Undefined index:  HTTP_ACCEPT_LANGUAGE D:\enkjhost\mayning1\web\home\Lib\Action\UtilAction.class.php 第 96 行.
SQL: SHOW COLUMNS FROM `visters` [ RunTime:0.006726s ]
SQL: INSERT INTO `visters` (`ctime`,`info`,`ip`,`page`) VALUES ('2014-10-08 06:10','美国 加利福尼亚 Mountain View、OtherEnglish系统、Other浏览器、','66.249.79.104','系统首页') [ RunTime:0.009275s ]
SQL: SHOW COLUMNS FROM `products` [ RunTime:0.006112s ]
SQL: SELECT * FROM `products` WHERE (  enable=1 and state=1  ) ORDER BY  sorts desc  [ RunTime:0.001395s ]
SQL: SELECT * FROM `products` WHERE (  enable=1 and state=2  ) ORDER BY  sorts desc  [ RunTime:0.001017s ]
INFO: [ view_parse ] --START--
INFO: ParseTemplate Behavior ::run [ RunTime:0.028130s ]
INFO: [ view_parse ] --END-- [ RunTime:0.028246s ]
INFO: [ view_filter ] --START--
INFO: ContentReplace Behavior ::run [ RunTime:0.001727s ]
INFO: TokenBuild Behavior ::run [ RunTime:0.001695s ]
INFO: WriteHtmlCache Behavior ::run [ RunTime:0.001503s ]
INFO: ShowRuntime Behavior ::run [ RunTime:0.002746s ]
INFO: [ view_filter ] --END-- [ RunTime:0.007928s ]
INFO: [ view_end ] --START--
INFO: ShowPageTrace Behavior ::run [ RunTime:0.001798s ]
INFO: [ view_end ] --END-- [ RunTime:0.001882s ]

[ 2014-10-08 09:03:24 ] 123.125.71.110 /index.php/Index/productInfo?id=22
INFO: [ route_check ] --START--
INFO: CheckRoute Behavior ::run [ RunTime:0.004016s ]
INFO: [ route_check ] --END-- [ RunTime:0.004138s ]
INFO: [ app_begin ] --START--
INFO: ReadHtmlCache Behavior ::run [ RunTime:0.003288s ]
INFO: [ app_begin ] --END-- [ RunTime:0.003387s ]
SQL: SHOW COLUMNS FROM `contents` [ RunTime:0.008407s ]
SQL: SELECT * FROM `contents` WHERE (  enable=1 and cateid=4  ) LIMIT 1   [ RunTime:0.000444s ]
SQL: SELECT * FROM `contents` WHERE (  enable=1 and cateid=1  ) LIMIT 1   [ RunTime:0.000354s ]
SQL: SHOW COLUMNS FROM `visters` [ RunTime:0.010136s ]
SQL: INSERT INTO `visters` (`ctime`,`info`,`ip`,`page`) VALUES ('2014-10-08 09:03','中国 北京 北京、Other简体中文系统、Other浏览器、','123.125.71.110','产品详情页面') [ RunTime:0.009146s ]
SQL: SHOW COLUMNS FROM `procate` [ RunTime:0.009185s ]
SQL: SHOW COLUMNS FROM `products` [ RunTime:0.006801s ]
NOTIC: [8] Undefined index:  procate D:\enkjhost\mayning1\web\home\Lib\Action\IndexAction.class.php 第 243 行.
NOTIC: [8] Undefined index:  procate2 D:\enkjhost\mayning1\web\home\Lib\Action\IndexAction.class.php 第 244 行.
SQL: SELECT * FROM `procate` WHERE ( id=%d ) LIMIT 1   [ RunTime:0.000163s ]
ERR: 1064:You have an error in your SQL syntax; check the manual that corresponds to your MySQL server version for the right syntax to use near '%d ) LIMIT 1' at line 1
 [ SQL语句 ] : SELECT * FROM `procate` WHERE ( id=%d ) LIMIT 1  
SQL: SELECT * FROM `procate` WHERE ( id=%d ) LIMIT 1   [ RunTime:0.000133s ]
ERR: 1064:You have an error in your SQL syntax; check the manual that corresponds to your MySQL server version for the right syntax to use near '%d ) LIMIT 1' at line 1
 [ SQL语句 ] : SELECT * FROM `procate` WHERE ( id=%d ) LIMIT 1  
SQL: SELECT * FROM `procate` WHERE (  enable =1 and pid=0  )  [ RunTime:0.000330s ]
SQL: SELECT * FROM `products` WHERE (  id=22 ) LIMIT 1   [ RunTime:0.000313s ]
SQL: SELECT * FROM `procate` WHERE ( id=26 ) LIMIT 1   [ RunTime:0.000237s ]
SQL: SELECT * FROM `procate` WHERE ( id=0 ) LIMIT 1   [ RunTime:0.000202s ]
INFO: [ view_parse ] --START--
INFO: ParseTemplate Behavior ::run [ RunTime:0.030396s ]
INFO: [ view_parse ] --END-- [ RunTime:0.030496s ]
INFO: [ view_filter ] --START--
INFO: ContentReplace Behavior ::run [ RunTime:0.002322s ]
INFO: TokenBuild Behavior ::run [ RunTime:0.002275s ]
INFO: WriteHtmlCache Behavior ::run [ RunTime:0.002353s ]
INFO: ShowRuntime Behavior ::run [ RunTime:0.002945s ]
INFO: [ view_filter ] --END-- [ RunTime:0.010144s ]
INFO: [ view_end ] --START--
INFO: ShowPageTrace Behavior ::run [ RunTime:0.003371s ]
INFO: [ view_end ] --END-- [ RunTime:0.003472s ]

[ 2014-10-08 09:37:15 ] 61.135.189.171 /index.php/Index/index
INFO: [ route_check ] --START--
INFO: CheckRoute Behavior ::run [ RunTime:0.002878s ]
INFO: [ route_check ] --END-- [ RunTime:0.002982s ]
INFO: [ app_begin ] --START--
INFO: ReadHtmlCache Behavior ::run [ RunTime:0.002986s ]
INFO: [ app_begin ] --END-- [ RunTime:0.003085s ]
SQL: SHOW COLUMNS FROM `contents` [ RunTime:0.006390s ]
SQL: SELECT * FROM `contents` WHERE (  enable=1 and cateid=4  ) LIMIT 1   [ RunTime:0.000395s ]
SQL: SELECT * FROM `contents` WHERE (  enable=1 and cateid=1  ) LIMIT 1   [ RunTime:0.000307s ]
SQL: SHOW COLUMNS FROM `visters` [ RunTime:0.006768s ]
SQL: INSERT INTO `visters` (`ctime`,`info`,`ip`,`page`) VALUES ('2014-10-08 09:37','中国 北京 北京、Other简体中文系统、Other浏览器、','61.135.189.171','系统首页') [ RunTime:0.009321s ]
SQL: SHOW COLUMNS FROM `products` [ RunTime:0.005689s ]
SQL: SELECT * FROM `products` WHERE (  enable=1 and state=1  ) ORDER BY  sorts desc  [ RunTime:0.001290s ]
SQL: SELECT * FROM `products` WHERE (  enable=1 and state=2  ) ORDER BY  sorts desc  [ RunTime:0.000949s ]
INFO: [ view_parse ] --START--
INFO: ParseTemplate Behavior ::run [ RunTime:0.032521s ]
INFO: [ view_parse ] --END-- [ RunTime:0.032636s ]
INFO: [ view_filter ] --START--
INFO: ContentReplace Behavior ::run [ RunTime:0.002549s ]
INFO: TokenBuild Behavior ::run [ RunTime:0.002590s ]
INFO: WriteHtmlCache Behavior ::run [ RunTime:0.002150s ]
INFO: ShowRuntime Behavior ::run [ RunTime:0.002352s ]
INFO: [ view_filter ] --END-- [ RunTime:0.009890s ]
INFO: [ view_end ] --START--
INFO: ShowPageTrace Behavior ::run [ RunTime:0.002722s ]
INFO: [ view_end ] --END-- [ RunTime:0.002804s ]

[ 2014-10-08 09:37:38 ] 61.135.189.171 /index.php/Index/productInfo?id=58
INFO: [ route_check ] --START--
INFO: CheckRoute Behavior ::run [ RunTime:0.002532s ]
INFO: [ route_check ] --END-- [ RunTime:0.002645s ]
INFO: [ app_begin ] --START--
INFO: ReadHtmlCache Behavior ::run [ RunTime:0.001991s ]
INFO: [ app_begin ] --END-- [ RunTime:0.002087s ]
SQL: SHOW COLUMNS FROM `contents` [ RunTime:0.004371s ]
SQL: SELECT * FROM `contents` WHERE (  enable=1 and cateid=4  ) LIMIT 1   [ RunTime:0.000293s ]
SQL: SELECT * FROM `contents` WHERE (  enable=1 and cateid=1  ) LIMIT 1   [ RunTime:0.000231s ]
SQL: SHOW COLUMNS FROM `visters` [ RunTime:0.006697s ]
SQL: INSERT INTO `visters` (`ctime`,`info`,`ip`,`page`) VALUES ('2014-10-08 09:37','中国 北京 北京、Other简体中文系统、Other浏览器、','61.135.189.171','产品详情页面') [ RunTime:0.009833s ]
SQL: SHOW COLUMNS FROM `procate` [ RunTime:0.006632s ]
SQL: SHOW COLUMNS FROM `products` [ RunTime:0.004241s ]
NOTIC: [8] Undefined index:  procate D:\enkjhost\mayning1\web\home\Lib\Action\IndexAction.class.php 第 243 行.
NOTIC: [8] Undefined index:  procate2 D:\enkjhost\mayning1\web\home\Lib\Action\IndexAction.class.php 第 244 行.
SQL: SELECT * FROM `procate` WHERE ( id=%d ) LIMIT 1   [ RunTime:0.000128s ]
ERR: 1064:You have an error in your SQL syntax; check the manual that corresponds to your MySQL server version for the right syntax to use near '%d ) LIMIT 1' at line 1
 [ SQL语句 ] : SELECT * FROM `procate` WHERE ( id=%d ) LIMIT 1  
SQL: SELECT * FROM `procate` WHERE ( id=%d ) LIMIT 1   [ RunTime:0.000143s ]
ERR: 1064:You have an error in your SQL syntax; check the manual that corresponds to your MySQL server version for the right syntax to use near '%d ) LIMIT 1' at line 1
 [ SQL语句 ] : SELECT * FROM `procate` WHERE ( id=%d ) LIMIT 1  
SQL: SELECT * FROM `procate` WHERE (  enable =1 and pid=0  )  [ RunTime:0.000280s ]
SQL: SELECT * FROM `products` WHERE (  id=58 ) LIMIT 1   [ RunTime:0.000225s ]
SQL: SELECT * FROM `procate` WHERE ( id=21 ) LIMIT 1   [ RunTime:0.000171s ]
SQL: SELECT * FROM `procate` WHERE ( id=0 ) LIMIT 1   [ RunTime:0.000156s ]
INFO: [ view_parse ] --START--
INFO: ParseTemplate Behavior ::run [ RunTime:0.025137s ]
INFO: [ view_parse ] --END-- [ RunTime:0.025238s ]
INFO: [ view_filter ] --START--
INFO: ContentReplace Behavior ::run [ RunTime:0.001759s ]
INFO: TokenBuild Behavior ::run [ RunTime:0.001717s ]
INFO: WriteHtmlCache Behavior ::run [ RunTime:0.001506s ]
INFO: ShowRuntime Behavior ::run [ RunTime:0.001831s ]
INFO: [ view_filter ] --END-- [ RunTime:0.007067s ]
INFO: [ view_end ] --START--
INFO: ShowPageTrace Behavior ::run [ RunTime:0.002142s ]
INFO: [ view_end ] --END-- [ RunTime:0.002237s ]

[ 2014-10-08 09:38:00 ] 61.135.189.171 /index.php/Index/product?procate=20&procate2=30
INFO: [ route_check ] --START--
INFO: CheckRoute Behavior ::run [ RunTime:0.002133s ]
INFO: [ route_check ] --END-- [ RunTime:0.002229s ]
INFO: [ app_begin ] --START--
INFO: ReadHtmlCache Behavior ::run [ RunTime:0.001836s ]
INFO: [ app_begin ] --END-- [ RunTime:0.001917s ]
SQL: SHOW COLUMNS FROM `contents` [ RunTime:0.005724s ]
SQL: SELECT * FROM `contents` WHERE (  enable=1 and cateid=4  ) LIMIT 1   [ RunTime:0.000355s ]
SQL: SELECT * FROM `contents` WHERE (  enable=1 and cateid=1  ) LIMIT 1   [ RunTime:0.000265s ]
SQL: SHOW COLUMNS FROM `visters` [ RunTime:0.004427s ]
SQL: INSERT INTO `visters` (`ctime`,`info`,`ip`,`page`) VALUES ('2014-10-08 09:38','中国 北京 北京、Other简体中文系统、Other浏览器、','61.135.189.171','产品页面') [ RunTime:0.011856s ]
SQL: SHOW COLUMNS FROM `procate` [ RunTime:0.004809s ]
SQL: SHOW COLUMNS FROM `products` [ RunTime:0.006754s ]
SQL: SELECT * FROM `procate` WHERE ( id=20 ) LIMIT 1   [ RunTime:0.000294s ]
SQL: SELECT * FROM `procate` WHERE ( id=30 ) LIMIT 1   [ RunTime:0.000206s ]
SQL: SELECT * FROM `procate` WHERE ( pid=20 )  [ RunTime:0.000335s ]
SQL: select count(*) as count from products a left join procate b on a.proid = b.id where 1=1 and a.enable=1 and b.enable=1  and ( b.pid=30 or b.id=30) [ RunTime:0.000516s ]
SQL: select a.id,a.title,a.info,a.imgs,a.ctime from products a left join procate b on a.proid = b.id where 1=1 and a.enable=1 and b.enable=1  and ( b.pid=30 or b.id=30) order by a.sorts desc limit 0,9 [ RunTime:0.000874s ]
SQL: SELECT * FROM `procate` WHERE (  enable =1 and pid=0  )  [ RunTime:0.000277s ]
INFO: [ view_parse ] --START--
INFO: ParseTemplate Behavior ::run [ RunTime:0.025122s ]
INFO: [ view_parse ] --END-- [ RunTime:0.025217s ]
INFO: [ view_filter ] --START--
INFO: ContentReplace Behavior ::run [ RunTime:0.001388s ]
INFO: TokenBuild Behavior ::run [ RunTime:0.001399s ]
INFO: WriteHtmlCache Behavior ::run [ RunTime:0.001216s ]
INFO: ShowRuntime Behavior ::run [ RunTime:0.001478s ]
INFO: [ view_filter ] --END-- [ RunTime:0.005674s ]
INFO: [ view_end ] --START--
INFO: ShowPageTrace Behavior ::run [ RunTime:0.001644s ]
INFO: [ view_end ] --END-- [ RunTime:0.001718s ]

[ 2014-10-08 10:56:38 ] 66.249.79.118 /index.php
INFO: [ app_begin ] --START--
INFO: ReadHtmlCache Behavior ::run [ RunTime:0.003199s ]
INFO: [ app_begin ] --END-- [ RunTime:0.003315s ]
SQL: SHOW COLUMNS FROM `contents` [ RunTime:0.008392s ]
SQL: SELECT * FROM `contents` WHERE (  enable=1 and cateid=4  ) LIMIT 1   [ RunTime:0.000447s ]
SQL: SELECT * FROM `contents` WHERE (  enable=1 and cateid=1  ) LIMIT 1   [ RunTime:0.000344s ]
NOTIC: [8] Undefined index:  HTTP_ACCEPT_LANGUAGE D:\enkjhost\mayning1\web\home\Lib\Action\UtilAction.class.php 第 96 行.
SQL: SHOW COLUMNS FROM `visters` [ RunTime:0.008616s ]
SQL: INSERT INTO `visters` (`ctime`,`info`,`ip`,`page`) VALUES ('2014-10-08 10:56','美国 加利福尼亚 Mountain View、MACEnglish系统、Safari浏览器、','66.249.79.118','系统首页') [ RunTime:0.010933s ]
SQL: SHOW COLUMNS FROM `products` [ RunTime:0.007688s ]
SQL: SELECT * FROM `products` WHERE (  enable=1 and state=1  ) ORDER BY  sorts desc  [ RunTime:0.001282s ]
SQL: SELECT * FROM `products` WHERE (  enable=1 and state=2  ) ORDER BY  sorts desc  [ RunTime:0.000964s ]
INFO: [ view_parse ] --START--
INFO: ParseTemplate Behavior ::run [ RunTime:0.038165s ]
INFO: [ view_parse ] --END-- [ RunTime:0.038283s ]
INFO: [ view_filter ] --START--
INFO: ContentReplace Behavior ::run [ RunTime:0.002710s ]
INFO: TokenBuild Behavior ::run [ RunTime:0.002770s ]
INFO: WriteHtmlCache Behavior ::run [ RunTime:0.002527s ]
INFO: ShowRuntime Behavior ::run [ RunTime:0.003031s ]
INFO: [ view_filter ] --END-- [ RunTime:0.011314s ]
INFO: [ view_end ] --START--
INFO: ShowPageTrace Behavior ::run [ RunTime:0.003466s ]
INFO: [ view_end ] --END-- [ RunTime:0.003565s ]

[ 2014-10-08 10:58:43 ] 176.195.210.253 /index.php
INFO: [ app_begin ] --START--
INFO: ReadHtmlCache Behavior ::run [ RunTime:0.001661s ]
INFO: [ app_begin ] --END-- [ RunTime:0.001748s ]
SQL: SHOW COLUMNS FROM `contents` [ RunTime:0.004803s ]
SQL: SELECT * FROM `contents` WHERE (  enable=1 and cateid=4  ) LIMIT 1   [ RunTime:0.000297s ]
SQL: SELECT * FROM `contents` WHERE (  enable=1 and cateid=1  ) LIMIT 1   [ RunTime:0.000234s ]
SQL: SHOW COLUMNS FROM `visters` [ RunTime:0.007546s ]
SQL: INSERT INTO `visters` (`ctime`,`info`,`ip`,`page`) VALUES ('2014-10-08 10:58','俄罗斯 Moscow City Moscow、WindowsEnglish系统、Chrome浏览器、','176.195.210.253','系统首页') [ RunTime:0.010627s ]
SQL: SHOW COLUMNS FROM `products` [ RunTime:0.006198s ]
SQL: SELECT * FROM `products` WHERE (  enable=1 and state=1  ) ORDER BY  sorts desc  [ RunTime:0.001225s ]
SQL: SELECT * FROM `products` WHERE (  enable=1 and state=2  ) ORDER BY  sorts desc  [ RunTime:0.000969s ]
INFO: [ view_parse ] --START--
INFO: ParseTemplate Behavior ::run [ RunTime:0.029348s ]
INFO: [ view_parse ] --END-- [ RunTime:0.029474s ]
INFO: [ view_filter ] --START--
INFO: ContentReplace Behavior ::run [ RunTime:0.001919s ]
INFO: TokenBuild Behavior ::run [ RunTime:0.002830s ]
INFO: WriteHtmlCache Behavior ::run [ RunTime:0.001755s ]
INFO: ShowRuntime Behavior ::run [ RunTime:0.002013s ]
INFO: [ view_filter ] --END-- [ RunTime:0.008788s ]
INFO: [ view_end ] --START--
INFO: ShowPageTrace Behavior ::run [ RunTime:0.002346s ]
INFO: [ view_end ] --END-- [ RunTime:0.002442s ]

[ 2014-10-08 11:22:30 ] 66.249.79.120 /index.php
INFO: [ app_begin ] --START--
INFO: ReadHtmlCache Behavior ::run [ RunTime:0.003144s ]
INFO: [ app_begin ] --END-- [ RunTime:0.003257s ]
SQL: SHOW COLUMNS FROM `contents` [ RunTime:0.006513s ]
SQL: SELECT * FROM `contents` WHERE (  enable=1 and cateid=4  ) LIMIT 1   [ RunTime:0.000419s ]
SQL: SELECT * FROM `contents` WHERE (  enable=1 and cateid=1  ) LIMIT 1   [ RunTime:0.000353s ]
NOTIC: [8] Undefined index:  HTTP_ACCEPT_LANGUAGE D:\enkjhost\mayning1\web\home\Lib\Action\UtilAction.class.php 第 96 行.
SQL: SHOW COLUMNS FROM `visters` [ RunTime:0.006536s ]
SQL: INSERT INTO `visters` (`ctime`,`info`,`ip`,`page`) VALUES ('2014-10-08 11:22','美国 加利福尼亚 Mountain View、OtherEnglish系统、Other浏览器、','66.249.79.120','系统首页') [ RunTime:0.009661s ]
SQL: SHOW COLUMNS FROM `products` [ RunTime:0.006345s ]
SQL: SELECT * FROM `products` WHERE (  enable=1 and state=1  ) ORDER BY  sorts desc  [ RunTime:0.001805s ]
SQL: SELECT * FROM `products` WHERE (  enable=1 and state=2  ) ORDER BY  sorts desc  [ RunTime:0.001215s ]
INFO: [ view_parse ] --START--
INFO: ParseTemplate Behavior ::run [ RunTime:0.025967s ]
INFO: [ view_parse ] --END-- [ RunTime:0.026082s ]
INFO: [ view_filter ] --START--
INFO: ContentReplace Behavior ::run [ RunTime:0.001518s ]
INFO: TokenBuild Behavior ::run [ RunTime:0.002307s ]
INFO: WriteHtmlCache Behavior ::run [ RunTime:0.002042s ]
INFO: ShowRuntime Behavior ::run [ RunTime:0.001786s ]
INFO: [ view_filter ] --END-- [ RunTime:0.007882s ]
INFO: [ view_end ] --START--
INFO: ShowPageTrace Behavior ::run [ RunTime:0.002919s ]
INFO: [ view_end ] --END-- [ RunTime:0.003006s ]

[ 2014-10-08 13:22:47 ] 123.125.71.115 /index.php/Index/product?procate=20
INFO: [ route_check ] --START--
INFO: CheckRoute Behavior ::run [ RunTime:0.004102s ]
INFO: [ route_check ] --END-- [ RunTime:0.004220s ]
INFO: [ app_begin ] --START--
INFO: ReadHtmlCache Behavior ::run [ RunTime:0.003323s ]
INFO: [ app_begin ] --END-- [ RunTime:0.003422s ]
SQL: SHOW COLUMNS FROM `contents` [ RunTime:0.008831s ]
SQL: SELECT * FROM `contents` WHERE (  enable=1 and cateid=4  ) LIMIT 1   [ RunTime:0.000424s ]
SQL: SELECT * FROM `contents` WHERE (  enable=1 and cateid=1  ) LIMIT 1   [ RunTime:0.000343s ]
SQL: SHOW COLUMNS FROM `visters` [ RunTime:0.009081s ]
SQL: INSERT INTO `visters` (`ctime`,`info`,`ip`,`page`) VALUES ('2014-10-08 13:22','中国 北京 北京、Other简体中文系统、Other浏览器、','123.125.71.115','产品页面') [ RunTime:0.010508s ]
SQL: SHOW COLUMNS FROM `procate` [ RunTime:0.008689s ]
SQL: SHOW COLUMNS FROM `products` [ RunTime:0.008346s ]
NOTIC: [8] Undefined index:  procate2 D:\enkjhost\mayning1\web\home\Lib\Action\IndexAction.class.php 第 176 行.
SQL: SELECT * FROM `procate` WHERE ( id=20 ) LIMIT 1   [ RunTime:0.000294s ]
SQL: SELECT * FROM `procate` WHERE ( id=%d ) LIMIT 1   [ RunTime:0.000210s ]
ERR: 1064:You have an error in your SQL syntax; check the manual that corresponds to your MySQL server version for the right syntax to use near '%d ) LIMIT 1' at line 1
 [ SQL语句 ] : SELECT * FROM `procate` WHERE ( id=%d ) LIMIT 1  
SQL: SELECT * FROM `procate` WHERE ( pid=20 )  [ RunTime:0.000322s ]
SQL: select count(*) as count from products a left join procate b on a.proid = b.id where 1=1 and a.enable=1 and b.enable=1  and ( b.pid=20 or b.id=20) [ RunTime:0.000571s ]
SQL: select a.id,a.title,a.info,a.imgs,a.ctime from products a left join procate b on a.proid = b.id where 1=1 and a.enable=1 and b.enable=1  and ( b.pid=20 or b.id=20) order by a.sorts desc limit 0,9 [ RunTime:0.000639s ]
SQL: SELECT * FROM `procate` WHERE (  enable =1 and pid=0  )  [ RunTime:0.000317s ]
INFO: [ view_parse ] --START--
INFO: ParseTemplate Behavior ::run [ RunTime:0.042041s ]
INFO: [ view_parse ] --END-- [ RunTime:0.042153s ]
INFO: [ view_filter ] --START--
INFO: ContentReplace Behavior ::run [ RunTime:0.002777s ]
INFO: TokenBuild Behavior ::run [ RunTime:0.002713s ]
INFO: WriteHtmlCache Behavior ::run [ RunTime:0.002437s ]
INFO: ShowRuntime Behavior ::run [ RunTime:0.002926s ]
INFO: [ view_filter ] --END-- [ RunTime:0.011115s ]
INFO: [ view_end ] --START--
INFO: ShowPageTrace Behavior ::run [ RunTime:0.003372s ]
INFO: [ view_end ] --END-- [ RunTime:0.003470s ]

[ 2014-10-08 13:45:44 ] 157.55.39.199 /index.php/Index/index
INFO: [ route_check ] --START--
INFO: CheckRoute Behavior ::run [ RunTime:0.002254s ]
INFO: [ route_check ] --END-- [ RunTime:0.002350s ]
INFO: [ app_begin ] --START--
INFO: ReadHtmlCache Behavior ::run [ RunTime:0.002624s ]
INFO: [ app_begin ] --END-- [ RunTime:0.002707s ]
SQL: SHOW COLUMNS FROM `contents` [ RunTime:0.005720s ]
SQL: SELECT * FROM `contents` WHERE (  enable=1 and cateid=4  ) LIMIT 1   [ RunTime:0.000325s ]
SQL: SELECT * FROM `contents` WHERE (  enable=1 and cateid=1  ) LIMIT 1   [ RunTime:0.000255s ]
NOTIC: [8] Undefined index:  HTTP_ACCEPT_LANGUAGE D:\enkjhost\mayning1\web\home\Lib\Action\UtilAction.class.php 第 96 行.
SQL: SHOW COLUMNS FROM `visters` [ RunTime:0.006996s ]
SQL: INSERT INTO `visters` (`ctime`,`info`,`ip`,`page`) VALUES ('2014-10-08 13:45','美国 华盛顿州 Redmond、OtherEnglish系统、Other浏览器、','157.55.39.199','系统首页') [ RunTime:0.009881s ]
SQL: SHOW COLUMNS FROM `products` [ RunTime:0.006212s ]
SQL: SELECT * FROM `products` WHERE (  enable=1 and state=1  ) ORDER BY  sorts desc  [ RunTime:0.001377s ]
SQL: SELECT * FROM `products` WHERE (  enable=1 and state=2  ) ORDER BY  sorts desc  [ RunTime:0.000914s ]
INFO: [ view_parse ] --START--
INFO: ParseTemplate Behavior ::run [ RunTime:0.030157s ]
INFO: [ view_parse ] --END-- [ RunTime:0.030271s ]
INFO: [ view_filter ] --START--
INFO: ContentReplace Behavior ::run [ RunTime:0.001797s ]
INFO: TokenBuild Behavior ::run [ RunTime:0.002569s ]
INFO: WriteHtmlCache Behavior ::run [ RunTime:0.002224s ]
INFO: ShowRuntime Behavior ::run [ RunTime:0.001741s ]
INFO: [ view_filter ] --END-- [ RunTime:0.008575s ]
INFO: [ view_end ] --START--
INFO: ShowPageTrace Behavior ::run [ RunTime:0.002845s ]
INFO: [ view_end ] --END-- [ RunTime:0.002927s ]

[ 2014-10-08 13:45:46 ] 157.55.39.199 /index.php/Index/contact
INFO: [ route_check ] --START--
INFO: CheckRoute Behavior ::run [ RunTime:0.002572s ]
INFO: [ route_check ] --END-- [ RunTime:0.002682s ]
INFO: [ app_begin ] --START--
INFO: ReadHtmlCache Behavior ::run [ RunTime:0.001580s ]
INFO: [ app_begin ] --END-- [ RunTime:0.001653s ]
SQL: SHOW COLUMNS FROM `contents` [ RunTime:0.004668s ]
SQL: SELECT * FROM `contents` WHERE (  enable=1 and cateid=4  ) LIMIT 1   [ RunTime:0.000272s ]
SQL: SELECT * FROM `contents` WHERE (  enable=1 and cateid=1  ) LIMIT 1   [ RunTime:0.000204s ]
NOTIC: [8] Undefined index:  HTTP_ACCEPT_LANGUAGE D:\enkjhost\mayning1\web\home\Lib\Action\UtilAction.class.php 第 96 行.
SQL: SHOW COLUMNS FROM `visters` [ RunTime:0.006867s ]
SQL: INSERT INTO `visters` (`ctime`,`info`,`ip`,`page`) VALUES ('2014-10-08 13:45','美国 华盛顿州 Redmond、OtherEnglish系统、Other浏览器、','157.55.39.199','产品详情页面') [ RunTime:0.008918s ]
SQL: SELECT * FROM `contents` WHERE (  enable=1 and cateid=3  ) LIMIT 1   [ RunTime:0.000398s ]
INFO: [ view_parse ] --START--
INFO: ParseTemplate Behavior ::run [ RunTime:0.027575s ]
INFO: [ view_parse ] --END-- [ RunTime:0.027705s ]
INFO: [ view_filter ] --START--
INFO: ContentReplace Behavior ::run [ RunTime:0.001798s ]
INFO: TokenBuild Behavior ::run [ RunTime:0.001798s ]
INFO: WriteHtmlCache Behavior ::run [ RunTime:0.001590s ]
INFO: ShowRuntime Behavior ::run [ RunTime:0.001909s ]
INFO: [ view_filter ] --END-- [ RunTime:0.007380s ]
INFO: [ view_end ] --START--
INFO: ShowPageTrace Behavior ::run [ RunTime:0.002187s ]
INFO: [ view_end ] --END-- [ RunTime:0.002276s ]

[ 2014-10-08 13:45:58 ] 157.55.39.199 /index.php/Index/aboutUs
INFO: [ route_check ] --START--
INFO: CheckRoute Behavior ::run [ RunTime:0.002319s ]
INFO: [ route_check ] --END-- [ RunTime:0.002415s ]
INFO: [ app_begin ] --START--
INFO: ReadHtmlCache Behavior ::run [ RunTime:0.001572s ]
INFO: [ app_begin ] --END-- [ RunTime:0.001646s ]
SQL: SHOW COLUMNS FROM `contents` [ RunTime:0.004464s ]
SQL: SELECT * FROM `contents` WHERE (  enable=1 and cateid=4  ) LIMIT 1   [ RunTime:0.000288s ]
SQL: SELECT * FROM `contents` WHERE (  enable=1 and cateid=1  ) LIMIT 1   [ RunTime:0.000206s ]
NOTIC: [8] Undefined index:  HTTP_ACCEPT_LANGUAGE D:\enkjhost\mayning1\web\home\Lib\Action\UtilAction.class.php 第 96 行.
SQL: SHOW COLUMNS FROM `visters` [ RunTime:0.007002s ]
SQL: INSERT INTO `visters` (`ctime`,`info`,`ip`,`page`) VALUES ('2014-10-08 13:45','美国 华盛顿州 Redmond、OtherEnglish系统、Other浏览器、','157.55.39.199','关于我们页面') [ RunTime:0.009017s ]
SQL: SELECT * FROM `contents` WHERE (  enable=1 and cateid=2  ) LIMIT 1   [ RunTime:0.000363s ]
INFO: [ view_parse ] --START--
INFO: ParseTemplate Behavior ::run [ RunTime:0.025991s ]
INFO: [ view_parse ] --END-- [ RunTime:0.026123s ]
INFO: [ view_filter ] --START--
INFO: ContentReplace Behavior ::run [ RunTime:0.001915s ]
INFO: TokenBuild Behavior ::run [ RunTime:0.001884s ]
INFO: WriteHtmlCache Behavior ::run [ RunTime:0.001673s ]
INFO: ShowRuntime Behavior ::run [ RunTime:0.001992s ]
INFO: [ view_filter ] --END-- [ RunTime:0.007796s ]
INFO: [ view_end ] --START--
INFO: ShowPageTrace Behavior ::run [ RunTime:0.002269s ]
INFO: [ view_end ] --END-- [ RunTime:0.002359s ]

[ 2014-10-08 14:12:56 ] 66.249.79.134 /index.php/Index/product
INFO: [ route_check ] --START--
INFO: CheckRoute Behavior ::run [ RunTime:0.002451s ]
INFO: [ route_check ] --END-- [ RunTime:0.002564s ]
INFO: [ app_begin ] --START--
INFO: ReadHtmlCache Behavior ::run [ RunTime:0.002946s ]
INFO: [ app_begin ] --END-- [ RunTime:0.003043s ]
SQL: SHOW COLUMNS FROM `contents` [ RunTime:0.006639s ]
SQL: SELECT * FROM `contents` WHERE (  enable=1 and cateid=4  ) LIMIT 1   [ RunTime:0.000432s ]
SQL: SELECT * FROM `contents` WHERE (  enable=1 and cateid=1  ) LIMIT 1   [ RunTime:0.000365s ]
NOTIC: [8] Undefined index:  HTTP_ACCEPT_LANGUAGE D:\enkjhost\mayning1\web\home\Lib\Action\UtilAction.class.php 第 96 行.
SQL: SHOW COLUMNS FROM `visters` [ RunTime:0.006709s ]
SQL: INSERT INTO `visters` (`ctime`,`info`,`ip`,`page`) VALUES ('2014-10-08 14:12','美国 加利福尼亚 Mountain View、OtherEnglish系统、Other浏览器、','66.249.79.134','产品页面') [ RunTime:0.008999s ]
SQL: SHOW COLUMNS FROM `procate` [ RunTime:0.005818s ]
SQL: SHOW COLUMNS FROM `products` [ RunTime:0.005925s ]
NOTIC: [8] Undefined index:  procate D:\enkjhost\mayning1\web\home\Lib\Action\IndexAction.class.php 第 175 行.
NOTIC: [8] Undefined index:  procate2 D:\enkjhost\mayning1\web\home\Lib\Action\IndexAction.class.php 第 176 行.
SQL: SELECT * FROM `procate` WHERE ( id=%d ) LIMIT 1   [ RunTime:0.000205s ]
ERR: 1064:You have an error in your SQL syntax; check the manual that corresponds to your MySQL server version for the right syntax to use near '%d ) LIMIT 1' at line 1
 [ SQL语句 ] : SELECT * FROM `procate` WHERE ( id=%d ) LIMIT 1  
SQL: SELECT * FROM `procate` WHERE ( id=%d ) LIMIT 1   [ RunTime:0.000159s ]
ERR: 1064:You have an error in your SQL syntax; check the manual that corresponds to your MySQL server version for the right syntax to use near '%d ) LIMIT 1' at line 1
 [ SQL语句 ] : SELECT * FROM `procate` WHERE ( id=%d ) LIMIT 1  
SQL: select count(*) as count from products a left join procate b on a.proid = b.id where 1=1 and a.enable=1 and b.enable=1  [ RunTime:0.000548s ]
SQL: select a.id,a.title,a.info,a.imgs,a.ctime from products a left join procate b on a.proid = b.id where 1=1 and a.enable=1 and b.enable=1  order by a.sorts desc limit 0,9 [ RunTime:0.000562s ]
SQL: SELECT * FROM `procate` WHERE (  enable =1 and pid=0  )  [ RunTime:0.000344s ]
NOTIC: [8] Undefined variable: cate2List D:\enkjhost\mayning1\web\home\Lib\Action\IndexAction.class.php 第 220 行.
INFO: [ view_parse ] --START--
INFO: ParseTemplate Behavior ::run [ RunTime:0.027392s ]
INFO: [ view_parse ] --END-- [ RunTime:0.027494s ]
INFO: [ view_filter ] --START--
INFO: ContentReplace Behavior ::run [ RunTime:0.001503s ]
INFO: TokenBuild Behavior ::run [ RunTime:0.001420s ]
INFO: WriteHtmlCache Behavior ::run [ RunTime:0.001308s ]
INFO: ShowRuntime Behavior ::run [ RunTime:0.002451s ]
INFO: [ view_filter ] --END-- [ RunTime:0.006917s ]
INFO: [ view_end ] --START--
INFO: ShowPageTrace Behavior ::run [ RunTime:0.003292s ]
INFO: [ view_end ] --END-- [ RunTime:0.003391s ]

[ 2014-10-08 14:13:29 ] 203.208.60.11 /index.php/Index/product
INFO: [ route_check ] --START--
INFO: CheckRoute Behavior ::run [ RunTime:0.001859s ]
INFO: [ route_check ] --END-- [ RunTime:0.001944s ]
INFO: [ app_begin ] --START--
INFO: ReadHtmlCache Behavior ::run [ RunTime:0.001502s ]
INFO: [ app_begin ] --END-- [ RunTime:0.001575s ]
SQL: SHOW COLUMNS FROM `contents` [ RunTime:0.004172s ]
SQL: SELECT * FROM `contents` WHERE (  enable=1 and cateid=4  ) LIMIT 1   [ RunTime:0.000292s ]
SQL: SELECT * FROM `contents` WHERE (  enable=1 and cateid=1  ) LIMIT 1   [ RunTime:0.000201s ]
NOTIC: [8] Undefined index:  HTTP_ACCEPT_LANGUAGE D:\enkjhost\mayning1\web\home\Lib\Action\UtilAction.class.php 第 96 行.
SQL: SHOW COLUMNS FROM `visters` [ RunTime:0.004094s ]
SQL: INSERT INTO `visters` (`ctime`,`info`,`ip`,`page`) VALUES ('2014-10-08 14:13','中国 北京 北京、OtherEnglish系统、Other浏览器、','203.208.60.11','产品页面') [ RunTime:0.009595s ]
SQL: SHOW COLUMNS FROM `procate` [ RunTime:0.004030s ]
SQL: SHOW COLUMNS FROM `products` [ RunTime:0.004380s ]
NOTIC: [8] Undefined index:  procate D:\enkjhost\mayning1\web\home\Lib\Action\IndexAction.class.php 第 175 行.
NOTIC: [8] Undefined index:  procate2 D:\enkjhost\mayning1\web\home\Lib\Action\IndexAction.class.php 第 176 行.
SQL: SELECT * FROM `procate` WHERE ( id=%d ) LIMIT 1   [ RunTime:0.000127s ]
ERR: 1064:You have an error in your SQL syntax; check the manual that corresponds to your MySQL server version for the right syntax to use near '%d ) LIMIT 1' at line 1
 [ SQL语句 ] : SELECT * FROM `procate` WHERE ( id=%d ) LIMIT 1  
SQL: SELECT * FROM `procate` WHERE ( id=%d ) LIMIT 1   [ RunTime:0.000134s ]
ERR: 1064:You have an error in your SQL syntax; check the manual that corresponds to your MySQL server version for the right syntax to use near '%d ) LIMIT 1' at line 1
 [ SQL语句 ] : SELECT * FROM `procate` WHERE ( id=%d ) LIMIT 1  
SQL: select count(*) as count from products a left join procate b on a.proid = b.id where 1=1 and a.enable=1 and b.enable=1  [ RunTime:0.000432s ]
SQL: select a.id,a.title,a.info,a.imgs,a.ctime from products a left join procate b on a.proid = b.id where 1=1 and a.enable=1 and b.enable=1  order by a.sorts desc limit 0,9 [ RunTime:0.000452s ]
SQL: SELECT * FROM `procate` WHERE (  enable =1 and pid=0  )  [ RunTime:0.000241s ]
NOTIC: [8] Undefined variable: cate2List D:\enkjhost\mayning1\web\home\Lib\Action\IndexAction.class.php 第 220 行.
INFO: [ view_parse ] --START--
INFO: ParseTemplate Behavior ::run [ RunTime:0.023024s ]
INFO: [ view_parse ] --END-- [ RunTime:0.023116s ]
INFO: [ view_filter ] --START--
INFO: ContentReplace Behavior ::run [ RunTime:0.001341s ]
INFO: TokenBuild Behavior ::run [ RunTime:0.001282s ]
INFO: WriteHtmlCache Behavior ::run [ RunTime:0.001128s ]
INFO: ShowRuntime Behavior ::run [ RunTime:0.001374s ]
INFO: [ view_filter ] --END-- [ RunTime:0.005318s ]
INFO: [ view_end ] --START--
INFO: ShowPageTrace Behavior ::run [ RunTime:0.001577s ]
INFO: [ view_end ] --END-- [ RunTime:0.001653s ]

[ 2014-10-08 14:52:29 ] 157.55.39.126 /index.php/Index/product
INFO: [ route_check ] --START--
INFO: CheckRoute Behavior ::run [ RunTime:0.003861s ]
INFO: [ route_check ] --END-- [ RunTime:0.003974s ]
INFO: [ app_begin ] --START--
INFO: ReadHtmlCache Behavior ::run [ RunTime:0.002062s ]
INFO: [ app_begin ] --END-- [ RunTime:0.002157s ]
SQL: SHOW COLUMNS FROM `contents` [ RunTime:0.006752s ]
SQL: SELECT * FROM `contents` WHERE (  enable=1 and cateid=4  ) LIMIT 1   [ RunTime:0.000433s ]
SQL: SELECT * FROM `contents` WHERE (  enable=1 and cateid=1  ) LIMIT 1   [ RunTime:0.000340s ]
NOTIC: [8] Undefined index:  HTTP_ACCEPT_LANGUAGE D:\enkjhost\mayning1\web\home\Lib\Action\UtilAction.class.php 第 96 行.
SQL: SHOW COLUMNS FROM `visters` [ RunTime:0.006992s ]
SQL: INSERT INTO `visters` (`ctime`,`info`,`ip`,`page`) VALUES ('2014-10-08 14:52','美国 华盛顿州 Redmond、OtherEnglish系统、Other浏览器、','157.55.39.126','产品页面') [ RunTime:0.009296s ]
SQL: SHOW COLUMNS FROM `procate` [ RunTime:0.006063s ]
SQL: SHOW COLUMNS FROM `products` [ RunTime:0.006104s ]
NOTIC: [8] Undefined index:  procate D:\enkjhost\mayning1\web\home\Lib\Action\IndexAction.class.php 第 175 行.
NOTIC: [8] Undefined index:  procate2 D:\enkjhost\mayning1\web\home\Lib\Action\IndexAction.class.php 第 176 行.
SQL: SELECT * FROM `procate` WHERE ( id=%d ) LIMIT 1   [ RunTime:0.000204s ]
ERR: 1064:You have an error in your SQL syntax; check the manual that corresponds to your MySQL server version for the right syntax to use near '%d ) LIMIT 1' at line 1
 [ SQL语句 ] : SELECT * FROM `procate` WHERE ( id=%d ) LIMIT 1  
SQL: SELECT * FROM `procate` WHERE ( id=%d ) LIMIT 1   [ RunTime:0.000156s ]
ERR: 1064:You have an error in your SQL syntax; check the manual that corresponds to your MySQL server version for the right syntax to use near '%d ) LIMIT 1' at line 1
 [ SQL语句 ] : SELECT * FROM `procate` WHERE ( id=%d ) LIMIT 1  
SQL: select count(*) as count from products a left join procate b on a.proid = b.id where 1=1 and a.enable=1 and b.enable=1  [ RunTime:0.000623s ]
SQL: select a.id,a.title,a.info,a.imgs,a.ctime from products a left join procate b on a.proid = b.id where 1=1 and a.enable=1 and b.enable=1  order by a.sorts desc limit 0,9 [ RunTime:0.000652s ]
SQL: SELECT * FROM `procate` WHERE (  enable =1 and pid=0  )  [ RunTime:0.000368s ]
NOTIC: [8] Undefined variable: cate2List D:\enkjhost\mayning1\web\home\Lib\Action\IndexAction.class.php 第 220 行.
INFO: [ view_parse ] --START--
INFO: ParseTemplate Behavior ::run [ RunTime:0.050966s ]
INFO: [ view_parse ] --END-- [ RunTime:0.051073s ]
INFO: [ view_filter ] --START--
INFO: ContentReplace Behavior ::run [ RunTime:0.001601s ]
INFO: TokenBuild Behavior ::run [ RunTime:0.002424s ]
INFO: WriteHtmlCache Behavior ::run [ RunTime:0.001415s ]
INFO: ShowRuntime Behavior ::run [ RunTime:0.002616s ]
INFO: [ view_filter ] --END-- [ RunTime:0.008273s ]
INFO: [ view_end ] --START--
INFO: ShowPageTrace Behavior ::run [ RunTime:0.002992s ]
INFO: [ view_end ] --END-- [ RunTime:0.003077s ]

[ 2014-10-08 14:52:42 ] 157.55.39.126 /index.php
INFO: [ app_begin ] --START--
INFO: ReadHtmlCache Behavior ::run [ RunTime:0.001607s ]
INFO: [ app_begin ] --END-- [ RunTime:0.001690s ]
SQL: SHOW COLUMNS FROM `contents` [ RunTime:0.004554s ]
SQL: SELECT * FROM `contents` WHERE (  enable=1 and cateid=4  ) LIMIT 1   [ RunTime:0.000287s ]
SQL: SELECT * FROM `contents` WHERE (  enable=1 and cateid=1  ) LIMIT 1   [ RunTime:0.000224s ]
NOTIC: [8] Undefined index:  HTTP_ACCEPT_LANGUAGE D:\enkjhost\mayning1\web\home\Lib\Action\UtilAction.class.php 第 96 行.
SQL: SHOW COLUMNS FROM `visters` [ RunTime:0.006856s ]
SQL: INSERT INTO `visters` (`ctime`,`info`,`ip`,`page`) VALUES ('2014-10-08 14:52','美国 华盛顿州 Redmond、OtherEnglish系统、Other浏览器、','157.55.39.126','系统首页') [ RunTime:0.008337s ]
SQL: SHOW COLUMNS FROM `products` [ RunTime:0.007398s ]
SQL: SELECT * FROM `products` WHERE (  enable=1 and state=1  ) ORDER BY  sorts desc  [ RunTime:0.001738s ]
SQL: SELECT * FROM `products` WHERE (  enable=1 and state=2  ) ORDER BY  sorts desc  [ RunTime:0.001082s ]
INFO: [ view_parse ] --START--
INFO: ParseTemplate Behavior ::run [ RunTime:0.026790s ]
INFO: [ view_parse ] --END-- [ RunTime:0.026887s ]
INFO: [ view_filter ] --START--
INFO: ContentReplace Behavior ::run [ RunTime:0.001318s ]
INFO: TokenBuild Behavior ::run [ RunTime:0.001265s ]
INFO: WriteHtmlCache Behavior ::run [ RunTime:0.001130s ]
INFO: ShowRuntime Behavior ::run [ RunTime:0.001351s ]
INFO: [ view_filter ] --END-- [ RunTime:0.005238s ]
INFO: [ view_end ] --START--
INFO: ShowPageTrace Behavior ::run [ RunTime:0.001550s ]
INFO: [ view_end ] --END-- [ RunTime:0.001617s ]

[ 2014-10-08 15:25:50 ] 185.10.104.196 /index.php/Index/news
INFO: [ route_check ] --START--
INFO: CheckRoute Behavior ::run [ RunTime:0.002040s ]
INFO: [ route_check ] --END-- [ RunTime:0.002125s ]
INFO: [ app_begin ] --START--
INFO: ReadHtmlCache Behavior ::run [ RunTime:0.001646s ]
INFO: [ app_begin ] --END-- [ RunTime:0.001718s ]
SQL: SHOW COLUMNS FROM `contents` [ RunTime:0.006059s ]
SQL: SELECT * FROM `contents` WHERE (  enable=1 and cateid=4  ) LIMIT 1   [ RunTime:0.000374s ]
SQL: SELECT * FROM `contents` WHERE (  enable=1 and cateid=1  ) LIMIT 1   [ RunTime:0.000303s ]
SQL: SHOW COLUMNS FROM `visters` [ RunTime:0.005974s ]
SQL: INSERT INTO `visters` (`ctime`,`info`,`ip`,`page`) VALUES ('2014-10-08 15:25','欧盟  、WindowsEnglish系统、Firefox浏览器、','185.10.104.196','FAQ页面') [ RunTime:0.009847s ]
SQL: SHOW COLUMNS FROM `faqcate` [ RunTime:0.008563s ]
SQL: SHOW COLUMNS FROM `faqs` [ RunTime:0.006458s ]
NOTIC: [8] Undefined index:  faqcate D:\enkjhost\mayning1\web\home\Lib\Action\IndexAction.class.php 第 95 行.
SQL: SELECT * FROM `faqcate` WHERE ( enable=1  ) ORDER BY  sorts desc  [ RunTime:0.000330s ]
SQL: SELECT COUNT(*) AS tp_count FROM `faqs` WHERE (  1=1 and enable=1  ) LIMIT 1   [ RunTime:0.000247s ]
SQL: SELECT * FROM `faqs` WHERE (  1=1 and enable=1  ) ORDER BY sorts desc LIMIT 0,10   [ RunTime:0.000408s ]
INFO: [ view_parse ] --START--
INFO: ParseTemplate Behavior ::run [ RunTime:0.047579s ]
INFO: [ view_parse ] --END-- [ RunTime:0.047691s ]
INFO: [ view_filter ] --START--
INFO: ContentReplace Behavior ::run [ RunTime:0.001917s ]
INFO: TokenBuild Behavior ::run [ RunTime:0.001752s ]
INFO: WriteHtmlCache Behavior ::run [ RunTime:0.002179s ]
INFO: ShowRuntime Behavior ::run [ RunTime:0.001716s ]
INFO: [ view_filter ] --END-- [ RunTime:0.007812s ]
INFO: [ view_end ] --START--
INFO: ShowPageTrace Behavior ::run [ RunTime:0.003028s ]
INFO: [ view_end ] --END-- [ RunTime:0.003109s ]

[ 2014-10-08 15:49:06 ] 123.125.71.50 /index.php/Index/product?procate=17
INFO: [ route_check ] --START--
INFO: CheckRoute Behavior ::run [ RunTime:0.003904s ]
INFO: [ route_check ] --END-- [ RunTime:0.004019s ]
INFO: [ app_begin ] --START--
INFO: ReadHtmlCache Behavior ::run [ RunTime:0.003149s ]
INFO: [ app_begin ] --END-- [ RunTime:0.003248s ]
SQL: SHOW COLUMNS FROM `contents` [ RunTime:0.006174s ]
SQL: SELECT * FROM `contents` WHERE (  enable=1 and cateid=4  ) LIMIT 1   [ RunTime:0.000398s ]
SQL: SELECT * FROM `contents` WHERE (  enable=1 and cateid=1  ) LIMIT 1   [ RunTime:0.000350s ]
SQL: SHOW COLUMNS FROM `visters` [ RunTime:0.006969s ]
SQL: INSERT INTO `visters` (`ctime`,`info`,`ip`,`page`) VALUES ('2014-10-08 15:49','中国 北京 北京、Other简体中文系统、Other浏览器、','123.125.71.50','产品页面') [ RunTime:0.008815s ]
SQL: SHOW COLUMNS FROM `procate` [ RunTime:0.005978s ]
SQL: SHOW COLUMNS FROM `products` [ RunTime:0.005954s ]
NOTIC: [8] Undefined index:  procate2 D:\enkjhost\mayning1\web\home\Lib\Action\IndexAction.class.php 第 176 行.
SQL: SELECT * FROM `procate` WHERE ( id=17 ) LIMIT 1   [ RunTime:0.000321s ]
SQL: SELECT * FROM `procate` WHERE ( id=%d ) LIMIT 1   [ RunTime:0.000185s ]
ERR: 1064:You have an error in your SQL syntax; check the manual that corresponds to your MySQL server version for the right syntax to use near '%d ) LIMIT 1' at line 1
 [ SQL语句 ] : SELECT * FROM `procate` WHERE ( id=%d ) LIMIT 1  
SQL: SELECT * FROM `procate` WHERE ( pid=17 )  [ RunTime:0.000322s ]
SQL: select count(*) as count from products a left join procate b on a.proid = b.id where 1=1 and a.enable=1 and b.enable=1  and ( b.pid=17 or b.id=17) [ RunTime:0.000591s ]
SQL: select a.id,a.title,a.info,a.imgs,a.ctime from products a left join procate b on a.proid = b.id where 1=1 and a.enable=1 and b.enable=1  and ( b.pid=17 or b.id=17) order by a.sorts desc limit 0,9 [ RunTime:0.001058s ]
SQL: SELECT * FROM `procate` WHERE (  enable =1 and pid=0  )  [ RunTime:0.000356s ]
INFO: [ view_parse ] --START--
INFO: ParseTemplate Behavior ::run [ RunTime:0.036907s ]
INFO: [ view_parse ] --END-- [ RunTime:0.037024s ]
INFO: [ view_filter ] --START--
INFO: ContentReplace Behavior ::run [ RunTime:0.002733s ]
INFO: TokenBuild Behavior ::run [ RunTime:0.001894s ]
INFO: WriteHtmlCache Behavior ::run [ RunTime:0.002303s ]
INFO: ShowRuntime Behavior ::run [ RunTime:0.002926s ]
INFO: [ view_filter ] --END-- [ RunTime:0.010120s ]
INFO: [ view_end ] --START--
INFO: ShowPageTrace Behavior ::run [ RunTime:0.002227s ]
INFO: [ view_end ] --END-- [ RunTime:0.002353s ]

[ 2014-10-08 16:34:45 ] 220.181.108.118 /index.php/Index/productInfo?id=114
INFO: [ route_check ] --START--
INFO: CheckRoute Behavior ::run [ RunTime:0.004112s ]
INFO: [ route_check ] --END-- [ RunTime:0.004226s ]
INFO: [ app_begin ] --START--
INFO: ReadHtmlCache Behavior ::run [ RunTime:0.006719s ]
INFO: [ app_begin ] --END-- [ RunTime:0.006819s ]
SQL: SHOW COLUMNS FROM `contents` [ RunTime:0.007896s ]
SQL: SELECT * FROM `contents` WHERE (  enable=1 and cateid=4  ) LIMIT 1   [ RunTime:0.000387s ]
SQL: SELECT * FROM `contents` WHERE (  enable=1 and cateid=1  ) LIMIT 1   [ RunTime:0.000320s ]
SQL: SHOW COLUMNS FROM `visters` [ RunTime:0.008550s ]
SQL: INSERT INTO `visters` (`ctime`,`info`,`ip`,`page`) VALUES ('2014-10-08 16:34','中国 北京 北京、Other简体中文系统、Other浏览器、','220.181.108.118','产品详情页面') [ RunTime:0.010835s ]
SQL: SHOW COLUMNS FROM `procate` [ RunTime:0.008687s ]
SQL: SHOW COLUMNS FROM `products` [ RunTime:0.007970s ]
NOTIC: [8] Undefined index:  procate D:\enkjhost\mayning1\web\home\Lib\Action\IndexAction.class.php 第 243 行.
NOTIC: [8] Undefined index:  procate2 D:\enkjhost\mayning1\web\home\Lib\Action\IndexAction.class.php 第 244 行.
SQL: SELECT * FROM `procate` WHERE ( id=%d ) LIMIT 1   [ RunTime:0.000187s ]
ERR: 1064:You have an error in your SQL syntax; check the manual that corresponds to your MySQL server version for the right syntax to use near '%d ) LIMIT 1' at line 1
 [ SQL语句 ] : SELECT * FROM `procate` WHERE ( id=%d ) LIMIT 1  
SQL: SELECT * FROM `procate` WHERE ( id=%d ) LIMIT 1   [ RunTime:0.000157s ]
ERR: 1064:You have an error in your SQL syntax; check the manual that corresponds to your MySQL server version for the right syntax to use near '%d ) LIMIT 1' at line 1
 [ SQL语句 ] : SELECT * FROM `procate` WHERE ( id=%d ) LIMIT 1  
SQL: SELECT * FROM `procate` WHERE (  enable =1 and pid=0  )  [ RunTime:0.000377s ]
SQL: SELECT * FROM `products` WHERE (  id=114 ) LIMIT 1   [ RunTime:0.000325s ]
SQL: SELECT * FROM `procate` WHERE ( id=31 ) LIMIT 1   [ RunTime:0.000238s ]
SQL: SELECT * FROM `procate` WHERE ( id=20 ) LIMIT 1   [ RunTime:0.000230s ]
INFO: [ view_parse ] --START--
INFO: ParseTemplate Behavior ::run [ RunTime:0.046747s ]
INFO: [ view_parse ] --END-- [ RunTime:0.046863s ]
INFO: [ view_filter ] --START--
INFO: ContentReplace Behavior ::run [ RunTime:0.003001s ]
INFO: TokenBuild Behavior ::run [ RunTime:0.002932s ]
INFO: WriteHtmlCache Behavior ::run [ RunTime:0.002659s ]
INFO: ShowRuntime Behavior ::run [ RunTime:0.003154s ]
INFO: [ view_filter ] --END-- [ RunTime:0.012015s ]
INFO: [ view_end ] --START--
INFO: ShowPageTrace Behavior ::run [ RunTime:0.004279s ]
INFO: [ view_end ] --END-- [ RunTime:0.004382s ]

[ 2014-10-08 16:47:53 ] 66.249.79.126 /index.php/Index/productInfo?id=31
INFO: [ route_check ] --START--
INFO: CheckRoute Behavior ::run [ RunTime:0.004092s ]
INFO: [ route_check ] --END-- [ RunTime:0.004207s ]
INFO: [ app_begin ] --START--
INFO: ReadHtmlCache Behavior ::run [ RunTime:0.002236s ]
INFO: [ app_begin ] --END-- [ RunTime:0.002330s ]
SQL: SHOW COLUMNS FROM `contents` [ RunTime:0.005336s ]
SQL: SELECT * FROM `contents` WHERE (  enable=1 and cateid=4  ) LIMIT 1   [ RunTime:0.000319s ]
SQL: SELECT * FROM `contents` WHERE (  enable=1 and cateid=1  ) LIMIT 1   [ RunTime:0.000265s ]
NOTIC: [8] Undefined index:  HTTP_ACCEPT_LANGUAGE D:\enkjhost\mayning1\web\home\Lib\Action\UtilAction.class.php 第 96 行.
SQL: SHOW COLUMNS FROM `visters` [ RunTime:0.004889s ]
SQL: INSERT INTO `visters` (`ctime`,`info`,`ip`,`page`) VALUES ('2014-10-08 16:47','美国 加利福尼亚 Mountain View、MACEnglish系统、Safari浏览器、','66.249.79.126','产品详情页面') [ RunTime:0.009000s ]
SQL: SHOW COLUMNS FROM `procate` [ RunTime:0.005350s ]
SQL: SHOW COLUMNS FROM `products` [ RunTime:0.005158s ]
NOTIC: [8] Undefined index:  procate D:\enkjhost\mayning1\web\home\Lib\Action\IndexAction.class.php 第 243 行.
NOTIC: [8] Undefined index:  procate2 D:\enkjhost\mayning1\web\home\Lib\Action\IndexAction.class.php 第 244 行.
SQL: SELECT * FROM `procate` WHERE ( id=%d ) LIMIT 1   [ RunTime:0.000160s ]
ERR: 1064:You have an error in your SQL syntax; check the manual that corresponds to your MySQL server version for the right syntax to use near '%d ) LIMIT 1' at line 1
 [ SQL语句 ] : SELECT * FROM `procate` WHERE ( id=%d ) LIMIT 1  
SQL: SELECT * FROM `procate` WHERE ( id=%d ) LIMIT 1   [ RunTime:0.000122s ]
ERR: 1064:You have an error in your SQL syntax; check the manual that corresponds to your MySQL server version for the right syntax to use near '%d ) LIMIT 1' at line 1
 [ SQL语句 ] : SELECT * FROM `procate` WHERE ( id=%d ) LIMIT 1  
SQL: SELECT * FROM `procate` WHERE (  enable =1 and pid=0  )  [ RunTime:0.000295s ]
SQL: SELECT * FROM `products` WHERE (  id=31 ) LIMIT 1   [ RunTime:0.000247s ]
SQL: SELECT * FROM `procate` WHERE ( id=26 ) LIMIT 1   [ RunTime:0.000193s ]
SQL: SELECT * FROM `procate` WHERE ( id=0 ) LIMIT 1   [ RunTime:0.000186s ]
INFO: [ view_parse ] --START--
INFO: ParseTemplate Behavior ::run [ RunTime:0.029945s ]
INFO: [ view_parse ] --END-- [ RunTime:0.030039s ]
INFO: [ view_filter ] --START--
INFO: ContentReplace Behavior ::run [ RunTime:0.001512s ]
INFO: TokenBuild Behavior ::run [ RunTime:0.001456s ]
INFO: WriteHtmlCache Behavior ::run [ RunTime:0.001965s ]
INFO: ShowRuntime Behavior ::run [ RunTime:0.001701s ]
INFO: [ view_filter ] --END-- [ RunTime:0.006831s ]
INFO: [ view_end ] --START--
INFO: ShowPageTrace Behavior ::run [ RunTime:0.002722s ]
INFO: [ view_end ] --END-- [ RunTime:0.002799s ]

[ 2014-10-08 17:17:33 ] 66.249.79.120 /index.php
INFO: [ app_begin ] --START--
INFO: ReadHtmlCache Behavior ::run [ RunTime:0.003355s ]
INFO: [ app_begin ] --END-- [ RunTime:0.003468s ]
SQL: SHOW COLUMNS FROM `contents` [ RunTime:0.006729s ]
SQL: SELECT * FROM `contents` WHERE (  enable=1 and cateid=4  ) LIMIT 1   [ RunTime:0.000390s ]
SQL: SELECT * FROM `contents` WHERE (  enable=1 and cateid=1  ) LIMIT 1   [ RunTime:0.000328s ]
NOTIC: [8] Undefined index:  HTTP_ACCEPT_LANGUAGE D:\enkjhost\mayning1\web\home\Lib\Action\UtilAction.class.php 第 96 行.
SQL: SHOW COLUMNS FROM `visters` [ RunTime:0.007429s ]
SQL: INSERT INTO `visters` (`ctime`,`info`,`ip`,`page`) VALUES ('2014-10-08 17:17','美国 加利福尼亚 Mountain View、OtherEnglish系统、Other浏览器、','66.249.79.120','系统首页') [ RunTime:0.009132s ]
SQL: SHOW COLUMNS FROM `products` [ RunTime:0.007314s ]
SQL: SELECT * FROM `products` WHERE (  enable=1 and state=1  ) ORDER BY  sorts desc  [ RunTime:0.001270s ]
SQL: SELECT * FROM `products` WHERE (  enable=1 and state=2  ) ORDER BY  sorts desc  [ RunTime:0.000914s ]
INFO: [ view_parse ] --START--
INFO: ParseTemplate Behavior ::run [ RunTime:0.040140s ]
INFO: [ view_parse ] --END-- [ RunTime:0.040252s ]
INFO: [ view_filter ] --START--
INFO: ContentReplace Behavior ::run [ RunTime:0.002661s ]
INFO: TokenBuild Behavior ::run [ RunTime:0.002457s ]
INFO: WriteHtmlCache Behavior ::run [ RunTime:0.002032s ]
INFO: ShowRuntime Behavior ::run [ RunTime:0.002512s ]
INFO: [ view_filter ] --END-- [ RunTime:0.009893s ]
INFO: [ view_end ] --START--
INFO: ShowPageTrace Behavior ::run [ RunTime:0.001913s ]
INFO: [ view_end ] --END-- [ RunTime:0.001994s ]

[ 2014-10-08 17:41:23 ] 123.125.71.111 /index.php/Index/productInfo?id=109
INFO: [ route_check ] --START--
INFO: CheckRoute Behavior ::run [ RunTime:0.002012s ]
INFO: [ route_check ] --END-- [ RunTime:0.002100s ]
INFO: [ app_begin ] --START--
INFO: ReadHtmlCache Behavior ::run [ RunTime:0.002096s ]
INFO: [ app_begin ] --END-- [ RunTime:0.002190s ]
SQL: SHOW COLUMNS FROM `contents` [ RunTime:0.006406s ]
SQL: SELECT * FROM `contents` WHERE (  enable=1 and cateid=4  ) LIMIT 1   [ RunTime:0.000421s ]
SQL: SELECT * FROM `contents` WHERE (  enable=1 and cateid=1  ) LIMIT 1   [ RunTime:0.000358s ]
SQL: SHOW COLUMNS FROM `visters` [ RunTime:0.006977s ]
SQL: INSERT INTO `visters` (`ctime`,`info`,`ip`,`page`) VALUES ('2014-10-08 17:41','中国 北京 北京、Other简体中文系统、Other浏览器、','123.125.71.111','产品详情页面') [ RunTime:0.008970s ]
SQL: SHOW COLUMNS FROM `procate` [ RunTime:0.005999s ]
SQL: SHOW COLUMNS FROM `products` [ RunTime:0.006004s ]
NOTIC: [8] Undefined index:  procate D:\enkjhost\mayning1\web\home\Lib\Action\IndexAction.class.php 第 243 行.
NOTIC: [8] Undefined index:  procate2 D:\enkjhost\mayning1\web\home\Lib\Action\IndexAction.class.php 第 244 行.
SQL: SELECT * FROM `procate` WHERE ( id=%d ) LIMIT 1   [ RunTime:0.000211s ]
ERR: 1064:You have an error in your SQL syntax; check the manual that corresponds to your MySQL server version for the right syntax to use near '%d ) LIMIT 1' at line 1
 [ SQL语句 ] : SELECT * FROM `procate` WHERE ( id=%d ) LIMIT 1  
SQL: SELECT * FROM `procate` WHERE ( id=%d ) LIMIT 1   [ RunTime:0.000156s ]
ERR: 1064:You have an error in your SQL syntax; check the manual that corresponds to your MySQL server version for the right syntax to use near '%d ) LIMIT 1' at line 1
 [ SQL语句 ] : SELECT * FROM `procate` WHERE ( id=%d ) LIMIT 1  
SQL: SELECT * FROM `procate` WHERE (  enable =1 and pid=0  )  [ RunTime:0.000361s ]
SQL: SELECT * FROM `products` WHERE (  id=109 ) LIMIT 1   [ RunTime:0.000653s ]
SQL: SELECT * FROM `procate` WHERE ( id=30 ) LIMIT 1   [ RunTime:0.000293s ]
SQL: SELECT * FROM `procate` WHERE ( id=20 ) LIMIT 1   [ RunTime:0.000270s ]
INFO: [ view_parse ] --START--
INFO: ParseTemplate Behavior ::run [ RunTime:0.042919s ]
INFO: [ view_parse ] --END-- [ RunTime:0.043030s ]
INFO: [ view_filter ] --START--
INFO: ContentReplace Behavior ::run [ RunTime:0.002848s ]
INFO: TokenBuild Behavior ::run [ RunTime:0.002859s ]
INFO: WriteHtmlCache Behavior ::run [ RunTime:0.001689s ]
INFO: ShowRuntime Behavior ::run [ RunTime:0.001970s ]
INFO: [ view_filter ] --END-- [ RunTime:0.009629s ]
INFO: [ view_end ] --START--
INFO: ShowPageTrace Behavior ::run [ RunTime:0.002270s ]
INFO: [ view_end ] --END-- [ RunTime:0.002370s ]

[ 2014-10-08 21:43:02 ] 61.135.189.171 /index.php/Index/productInfo?id=22
INFO: [ route_check ] --START--
INFO: CheckRoute Behavior ::run [ RunTime:0.003763s ]
INFO: [ route_check ] --END-- [ RunTime:0.003875s ]
INFO: [ app_begin ] --START--
INFO: ReadHtmlCache Behavior ::run [ RunTime:0.003102s ]
INFO: [ app_begin ] --END-- [ RunTime:0.003198s ]
SQL: SHOW COLUMNS FROM `contents` [ RunTime:0.007040s ]
SQL: SELECT * FROM `contents` WHERE (  enable=1 and cateid=4  ) LIMIT 1   [ RunTime:0.000444s ]
SQL: SELECT * FROM `contents` WHERE (  enable=1 and cateid=1  ) LIMIT 1   [ RunTime:0.000351s ]
SQL: SHOW COLUMNS FROM `visters` [ RunTime:0.007101s ]
SQL: INSERT INTO `visters` (`ctime`,`info`,`ip`,`page`) VALUES ('2014-10-08 21:43','中国 北京 北京、Other简体中文系统、Other浏览器、','61.135.189.171','产品详情页面') [ RunTime:0.008986s ]
SQL: SHOW COLUMNS FROM `procate` [ RunTime:0.006652s ]
SQL: SHOW COLUMNS FROM `products` [ RunTime:0.006986s ]
NOTIC: [8] Undefined index:  procate D:\enkjhost\mayning1\web\home\Lib\Action\IndexAction.class.php 第 243 行.
NOTIC: [8] Undefined index:  procate2 D:\enkjhost\mayning1\web\home\Lib\Action\IndexAction.class.php 第 244 行.
SQL: SELECT * FROM `procate` WHERE ( id=%d ) LIMIT 1   [ RunTime:0.000202s ]
ERR: 1064:You have an error in your SQL syntax; check the manual that corresponds to your MySQL server version for the right syntax to use near '%d ) LIMIT 1' at line 1
 [ SQL语句 ] : SELECT * FROM `procate` WHERE ( id=%d ) LIMIT 1  
SQL: SELECT * FROM `procate` WHERE ( id=%d ) LIMIT 1   [ RunTime:0.000140s ]
ERR: 1064:You have an error in your SQL syntax; check the manual that corresponds to your MySQL server version for the right syntax to use near '%d ) LIMIT 1' at line 1
 [ SQL语句 ] : SELECT * FROM `procate` WHERE ( id=%d ) LIMIT 1  
SQL: SELECT * FROM `procate` WHERE (  enable =1 and pid=0  )  [ RunTime:0.000358s ]
SQL: SELECT * FROM `products` WHERE (  id=22 ) LIMIT 1   [ RunTime:0.000292s ]
SQL: SELECT * FROM `procate` WHERE ( id=26 ) LIMIT 1   [ RunTime:0.000219s ]
SQL: SELECT * FROM `procate` WHERE ( id=0 ) LIMIT 1   [ RunTime:0.000199s ]
INFO: [ view_parse ] --START--
INFO: ParseTemplate Behavior ::run [ RunTime:0.045911s ]
INFO: [ view_parse ] --END-- [ RunTime:0.046014s ]
INFO: [ view_filter ] --START--
INFO: ContentReplace Behavior ::run [ RunTime:0.002238s ]
INFO: TokenBuild Behavior ::run [ RunTime:0.002383s ]
INFO: WriteHtmlCache Behavior ::run [ RunTime:0.002127s ]
INFO: ShowRuntime Behavior ::run [ RunTime:0.002589s ]
INFO: [ view_filter ] --END-- [ RunTime:0.009556s ]
INFO: [ view_end ] --START--
INFO: ShowPageTrace Behavior ::run [ RunTime:0.002930s ]
INFO: [ view_end ] --END-- [ RunTime:0.003013s ]

[ 2014-10-08 21:43:31 ] 61.135.189.171 /index.php/Index/productInfo?id=30
INFO: [ route_check ] --START--
INFO: CheckRoute Behavior ::run [ RunTime:0.001899s ]
INFO: [ route_check ] --END-- [ RunTime:0.001983s ]
INFO: [ app_begin ] --START--
INFO: ReadHtmlCache Behavior ::run [ RunTime:0.001524s ]
INFO: [ app_begin ] --END-- [ RunTime:0.001596s ]
SQL: SHOW COLUMNS FROM `contents` [ RunTime:0.004276s ]
SQL: SELECT * FROM `contents` WHERE (  enable=1 and cateid=4  ) LIMIT 1   [ RunTime:0.000290s ]
SQL: SELECT * FROM `contents` WHERE (  enable=1 and cateid=1  ) LIMIT 1   [ RunTime:0.000202s ]
SQL: SHOW COLUMNS FROM `visters` [ RunTime:0.006861s ]
SQL: INSERT INTO `visters` (`ctime`,`info`,`ip`,`page`) VALUES ('2014-10-08 21:43','中国 北京 北京、Other简体中文系统、Other浏览器、','61.135.189.171','产品详情页面') [ RunTime:0.010274s ]
SQL: SHOW COLUMNS FROM `procate` [ RunTime:0.005745s ]
SQL: SHOW COLUMNS FROM `products` [ RunTime:0.005664s ]
NOTIC: [8] Undefined index:  procate D:\enkjhost\mayning1\web\home\Lib\Action\IndexAction.class.php 第 243 行.
NOTIC: [8] Undefined index:  procate2 D:\enkjhost\mayning1\web\home\Lib\Action\IndexAction.class.php 第 244 行.
SQL: SELECT * FROM `procate` WHERE ( id=%d ) LIMIT 1   [ RunTime:0.000201s ]
ERR: 1064:You have an error in your SQL syntax; check the manual that corresponds to your MySQL server version for the right syntax to use near '%d ) LIMIT 1' at line 1
 [ SQL语句 ] : SELECT * FROM `procate` WHERE ( id=%d ) LIMIT 1  
SQL: SELECT * FROM `procate` WHERE ( id=%d ) LIMIT 1   [ RunTime:0.000182s ]
ERR: 1064:You have an error in your SQL syntax; check the manual that corresponds to your MySQL server version for the right syntax to use near '%d ) LIMIT 1' at line 1
 [ SQL语句 ] : SELECT * FROM `procate` WHERE ( id=%d ) LIMIT 1  
SQL: SELECT * FROM `procate` WHERE (  enable =1 and pid=0  )  [ RunTime:0.000379s ]
SQL: SELECT * FROM `products` WHERE (  id=30 ) LIMIT 1   [ RunTime:0.000346s ]
SQL: SELECT * FROM `procate` WHERE ( id=26 ) LIMIT 1   [ RunTime:0.000271s ]
SQL: SELECT * FROM `procate` WHERE ( id=0 ) LIMIT 1   [ RunTime:0.000255s ]
INFO: [ view_parse ] --START--
INFO: ParseTemplate Behavior ::run [ RunTime:0.025561s ]
INFO: [ view_parse ] --END-- [ RunTime:0.025653s ]
INFO: [ view_filter ] --START--
INFO: ContentReplace Behavior ::run [ RunTime:0.001337s ]
INFO: TokenBuild Behavior ::run [ RunTime:0.001307s ]
INFO: WriteHtmlCache Behavior ::run [ RunTime:0.001160s ]
INFO: ShowRuntime Behavior ::run [ RunTime:0.001407s ]
INFO: [ view_filter ] --END-- [ RunTime:0.005403s ]
INFO: [ view_end ] --START--
INFO: ShowPageTrace Behavior ::run [ RunTime:0.002527s ]
INFO: [ view_end ] --END-- [ RunTime:0.002602s ]

[ 2014-10-08 21:44:02 ] 61.135.189.171 /index.php/Index/productInfo?id=114
INFO: [ route_check ] --START--
INFO: CheckRoute Behavior ::run [ RunTime:0.002551s ]
INFO: [ route_check ] --END-- [ RunTime:0.002653s ]
INFO: [ app_begin ] --START--
INFO: ReadHtmlCache Behavior ::run [ RunTime:0.001702s ]
INFO: [ app_begin ] --END-- [ RunTime:0.001781s ]
SQL: SHOW COLUMNS FROM `contents` [ RunTime:0.005062s ]
SQL: SELECT * FROM `contents` WHERE (  enable=1 and cateid=4  ) LIMIT 1   [ RunTime:0.000366s ]
SQL: SELECT * FROM `contents` WHERE (  enable=1 and cateid=1  ) LIMIT 1   [ RunTime:0.000298s ]
SQL: SHOW COLUMNS FROM `visters` [ RunTime:0.006934s ]
SQL: INSERT INTO `visters` (`ctime`,`info`,`ip`,`page`) VALUES ('2014-10-08 21:44','中国 北京 北京、Other简体中文系统、Other浏览器、','61.135.189.171','产品详情页面') [ RunTime:0.009187s ]
SQL: SHOW COLUMNS FROM `procate` [ RunTime:0.005816s ]
SQL: SHOW COLUMNS FROM `products` [ RunTime:0.005671s ]
NOTIC: [8] Undefined index:  procate D:\enkjhost\mayning1\web\home\Lib\Action\IndexAction.class.php 第 243 行.
NOTIC: [8] Undefined index:  procate2 D:\enkjhost\mayning1\web\home\Lib\Action\IndexAction.class.php 第 244 行.
SQL: SELECT * FROM `procate` WHERE ( id=%d ) LIMIT 1   [ RunTime:0.000201s ]
ERR: 1064:You have an error in your SQL syntax; check the manual that corresponds to your MySQL server version for the right syntax to use near '%d ) LIMIT 1' at line 1
 [ SQL语句 ] : SELECT * FROM `procate` WHERE ( id=%d ) LIMIT 1  
SQL: SELECT * FROM `procate` WHERE ( id=%d ) LIMIT 1   [ RunTime:0.000166s ]
ERR: 1064:You have an error in your SQL syntax; check the manual that corresponds to your MySQL server version for the right syntax to use near '%d ) LIMIT 1' at line 1
 [ SQL语句 ] : SELECT * FROM `procate` WHERE ( id=%d ) LIMIT 1  
SQL: SELECT * FROM `procate` WHERE (  enable =1 and pid=0  )  [ RunTime:0.000379s ]
SQL: SELECT * FROM `products` WHERE (  id=114 ) LIMIT 1   [ RunTime:0.000332s ]
SQL: SELECT * FROM `procate` WHERE ( id=31 ) LIMIT 1   [ RunTime:0.000280s ]
SQL: SELECT * FROM `procate` WHERE ( id=20 ) LIMIT 1   [ RunTime:0.000245s ]
INFO: [ view_parse ] --START--
INFO: ParseTemplate Behavior ::run [ RunTime:0.025233s ]
INFO: [ view_parse ] --END-- [ RunTime:0.025326s ]
INFO: [ view_filter ] --START--
INFO: ContentReplace Behavior ::run [ RunTime:0.001341s ]
INFO: TokenBuild Behavior ::run [ RunTime:0.001303s ]
INFO: WriteHtmlCache Behavior ::run [ RunTime:0.001158s ]
INFO: ShowRuntime Behavior ::run [ RunTime:0.001412s ]
INFO: [ view_filter ] --END-- [ RunTime:0.005401s ]
INFO: [ view_end ] --START--
INFO: ShowPageTrace Behavior ::run [ RunTime:0.001611s ]
INFO: [ view_end ] --END-- [ RunTime:0.001683s ]

[ 2014-10-08 23:59:12 ] 176.195.210.253 /index.php
INFO: [ app_begin ] --START--
INFO: ReadHtmlCache Behavior ::run [ RunTime:0.003360s ]
INFO: [ app_begin ] --END-- [ RunTime:0.003475s ]
SQL: SHOW COLUMNS FROM `contents` [ RunTime:0.008103s ]
SQL: SELECT * FROM `contents` WHERE (  enable=1 and cateid=4  ) LIMIT 1   [ RunTime:0.000375s ]
SQL: SELECT * FROM `contents` WHERE (  enable=1 and cateid=1  ) LIMIT 1   [ RunTime:0.000323s ]
SQL: SHOW COLUMNS FROM `visters` [ RunTime:0.010342s ]
SQL: INSERT INTO `visters` (`ctime`,`info`,`ip`,`page`) VALUES ('2014-10-08 23:59','俄罗斯 Moscow City Moscow、WindowsEnglish系统、Chrome浏览器、','176.195.210.253','系统首页') [ RunTime:0.010657s ]
SQL: SHOW COLUMNS FROM `products` [ RunTime:0.008418s ]
SQL: SELECT * FROM `products` WHERE (  enable=1 and state=1  ) ORDER BY  sorts desc  [ RunTime:0.001239s ]
SQL: SELECT * FROM `products` WHERE (  enable=1 and state=2  ) ORDER BY  sorts desc  [ RunTime:0.000903s ]
INFO: [ view_parse ] --START--
INFO: ParseTemplate Behavior ::run [ RunTime:0.038648s ]
INFO: [ view_parse ] --END-- [ RunTime:0.038761s ]
INFO: [ view_filter ] --START--
INFO: ContentReplace Behavior ::run [ RunTime:0.002898s ]
INFO: TokenBuild Behavior ::run [ RunTime:0.002919s ]
INFO: WriteHtmlCache Behavior ::run [ RunTime:0.002686s ]
INFO: ShowRuntime Behavior ::run [ RunTime:0.003154s ]
INFO: [ view_filter ] --END-- [ RunTime:0.011922s ]
INFO: [ view_end ] --START--
INFO: ShowPageTrace Behavior ::run [ RunTime:0.003628s ]
INFO: [ view_end ] --END-- [ RunTime:0.003722s ]

