[ 2014-11-14 09:57:00 ] 202.126.217.131 /index.php
INFO: [ app_begin ] --START--
INFO: ReadHtmlCache Behavior ::run [ RunTime:0.002863s ]
INFO: [ app_begin ] --END-- [ RunTime:0.002966s ]
SQL: SHOW COLUMNS FROM `contents` [ RunTime:0.006882s ]
SQL: SELECT * FROM `contents` WHERE (  enable=1 and cateid=4  ) LIMIT 1   [ RunTime:0.000413s ]
SQL: SELECT * FROM `contents` WHERE (  enable=1 and cateid=1  ) LIMIT 1   [ RunTime:0.000319s ]
SQL: SHOW COLUMNS FROM `visters` [ RunTime:0.007356s ]
SQL: INSERT INTO `visters` (`ctime`,`info`,`ip`,`page`) VALUES ('2014-11-14 09:57','中国 香港 、MACEnglish系统、Safari浏览器、','202.126.217.131','系统首页') [ RunTime:0.010544s ]
SQL: SHOW COLUMNS FROM `products` [ RunTime:0.006743s ]
SQL: SELECT * FROM `products` WHERE (  enable=1 and state=1  ) ORDER BY  sorts desc  [ RunTime:0.001226s ]
SQL: SELECT * FROM `products` WHERE (  enable=1 and state=2  ) ORDER BY  sorts desc  [ RunTime:0.000636s ]
INFO: [ view_parse ] --START--
INFO: ParseTemplate Behavior ::run [ RunTime:0.040913s ]
INFO: [ view_parse ] --END-- [ RunTime:0.041042s ]
INFO: [ view_filter ] --START--
INFO: ContentReplace Behavior ::run [ RunTime:0.002641s ]
INFO: TokenBuild Behavior ::run [ RunTime:0.002581s ]
INFO: WriteHtmlCache Behavior ::run [ RunTime:0.002275s ]
INFO: ShowRuntime Behavior ::run [ RunTime:0.002804s ]
INFO: [ view_filter ] --END-- [ RunTime:0.010563s ]
INFO: [ view_end ] --START--
INFO: ShowPageTrace Behavior ::run [ RunTime:0.003292s ]
INFO: [ view_end ] --END-- [ RunTime:0.003391s ]

[ 2014-11-14 09:57:13 ] 202.126.217.131 /index.php/Index/product
INFO: [ route_check ] --START--
INFO: CheckRoute Behavior ::run [ RunTime:0.003300s ]
INFO: [ route_check ] --END-- [ RunTime:0.003386s ]
INFO: [ app_begin ] --START--
INFO: ReadHtmlCache Behavior ::run [ RunTime:0.001642s ]
INFO: [ app_begin ] --END-- [ RunTime:0.001716s ]
SQL: SHOW COLUMNS FROM `contents` [ RunTime:0.004497s ]
SQL: SELECT * FROM `contents` WHERE (  enable=1 and cateid=4  ) LIMIT 1   [ RunTime:0.000312s ]
SQL: SELECT * FROM `contents` WHERE (  enable=1 and cateid=1  ) LIMIT 1   [ RunTime:0.000228s ]
SQL: SHOW COLUMNS FROM `visters` [ RunTime:0.006638s ]
SQL: INSERT INTO `visters` (`ctime`,`info`,`ip`,`page`) VALUES ('2014-11-14 09:57','中国 香港 、MACEnglish系统、Safari浏览器、','202.126.217.131','产品页面') [ RunTime:0.009326s ]
SQL: SHOW COLUMNS FROM `procate` [ RunTime:0.007076s ]
SQL: SHOW COLUMNS FROM `products` [ RunTime:0.006108s ]
NOTIC: [8] Undefined index:  procate D:\enkjhost\mayning1\web\home\Lib\Action\IndexAction.class.php 第 175 行.
NOTIC: [8] Undefined index:  procate2 D:\enkjhost\mayning1\web\home\Lib\Action\IndexAction.class.php 第 176 行.
SQL: SELECT * FROM `procate` WHERE ( id=%d ) LIMIT 1   [ RunTime:0.000218s ]
ERR: 1064:You have an error in your SQL syntax; check the manual that corresponds to your MySQL server version for the right syntax to use near '%d ) LIMIT 1' at line 1
 [ SQL语句 ] : SELECT * FROM `procate` WHERE ( id=%d ) LIMIT 1  
SQL: SELECT * FROM `procate` WHERE ( id=%d ) LIMIT 1   [ RunTime:0.000200s ]
ERR: 1064:You have an error in your SQL syntax; check the manual that corresponds to your MySQL server version for the right syntax to use near '%d ) LIMIT 1' at line 1
 [ SQL语句 ] : SELECT * FROM `procate` WHERE ( id=%d ) LIMIT 1  
SQL: select count(*) as count from products a left join procate b on a.proid = b.id where 1=1 and a.enable=1 and b.enable=1  [ RunTime:0.000595s ]
SQL: select a.id,a.title,a.info,a.imgs,a.ctime from products a left join procate b on a.proid = b.id where 1=1 and a.enable=1 and b.enable=1  order by a.sorts desc limit 0,9 [ RunTime:0.000602s ]
SQL: SELECT * FROM `procate` WHERE (  enable =1 and pid=0   ) ORDER BY  sorts desc  [ RunTime:0.000478s ]
NOTIC: [8] Undefined variable: cate2List D:\enkjhost\mayning1\web\home\Lib\Action\IndexAction.class.php 第 220 行.
INFO: [ view_parse ] --START--
INFO: ParseTemplate Behavior ::run [ RunTime:0.028205s ]
INFO: [ view_parse ] --END-- [ RunTime:0.028304s ]
INFO: [ view_filter ] --START--
INFO: ContentReplace Behavior ::run [ RunTime:0.001337s ]
INFO: TokenBuild Behavior ::run [ RunTime:0.001294s ]
INFO: WriteHtmlCache Behavior ::run [ RunTime:0.001153s ]
INFO: ShowRuntime Behavior ::run [ RunTime:0.001383s ]
INFO: [ view_filter ] --END-- [ RunTime:0.005346s ]
INFO: [ view_end ] --START--
INFO: ShowPageTrace Behavior ::run [ RunTime:0.001562s ]
INFO: [ view_end ] --END-- [ RunTime:0.001630s ]

[ 2014-11-14 09:57:41 ] 202.126.217.131 /index.php/Index/productInfo?id=129
INFO: [ route_check ] --START--
INFO: CheckRoute Behavior ::run [ RunTime:0.002001s ]
INFO: [ route_check ] --END-- [ RunTime:0.002089s ]
INFO: [ app_begin ] --START--
INFO: ReadHtmlCache Behavior ::run [ RunTime:0.001647s ]
INFO: [ app_begin ] --END-- [ RunTime:0.001721s ]
SQL: SHOW COLUMNS FROM `contents` [ RunTime:0.004656s ]
SQL: SELECT * FROM `contents` WHERE (  enable=1 and cateid=4  ) LIMIT 1   [ RunTime:0.000332s ]
SQL: SELECT * FROM `contents` WHERE (  enable=1 and cateid=1  ) LIMIT 1   [ RunTime:0.000261s ]
SQL: SHOW COLUMNS FROM `visters` [ RunTime:0.007411s ]
SQL: INSERT INTO `visters` (`ctime`,`info`,`ip`,`page`) VALUES ('2014-11-14 09:57','中国 香港 、MACEnglish系统、Safari浏览器、','202.126.217.131','产品详情页面') [ RunTime:0.012434s ]
SQL: SHOW COLUMNS FROM `procate` [ RunTime:0.005710s ]
SQL: SHOW COLUMNS FROM `products` [ RunTime:0.005665s ]
NOTIC: [8] Undefined index:  procate D:\enkjhost\mayning1\web\home\Lib\Action\IndexAction.class.php 第 243 行.
NOTIC: [8] Undefined index:  procate2 D:\enkjhost\mayning1\web\home\Lib\Action\IndexAction.class.php 第 244 行.
SQL: SELECT * FROM `procate` WHERE ( id=%d ) LIMIT 1   [ RunTime:0.000257s ]
ERR: 1064:You have an error in your SQL syntax; check the manual that corresponds to your MySQL server version for the right syntax to use near '%d ) LIMIT 1' at line 1
 [ SQL语句 ] : SELECT * FROM `procate` WHERE ( id=%d ) LIMIT 1  
SQL: SELECT * FROM `procate` WHERE ( id=%d ) LIMIT 1   [ RunTime:0.000238s ]
ERR: 1064:You have an error in your SQL syntax; check the manual that corresponds to your MySQL server version for the right syntax to use near '%d ) LIMIT 1' at line 1
 [ SQL语句 ] : SELECT * FROM `procate` WHERE ( id=%d ) LIMIT 1  
SQL: SELECT * FROM `procate` WHERE (  enable =1 and pid=0  ) ORDER BY  sorts desc  [ RunTime:0.000536s ]
SQL: SELECT * FROM `products` WHERE (  id=129 ) LIMIT 1   [ RunTime:0.000365s ]
SQL: SELECT * FROM `procate` WHERE ( id=37 ) LIMIT 1   [ RunTime:0.000384s ]
SQL: SELECT * FROM `procate` WHERE ( id=0 ) LIMIT 1   [ RunTime:0.000227s ]
INFO: [ view_parse ] --START--
INFO: ParseTemplate Behavior ::run [ RunTime:0.028234s ]
INFO: [ view_parse ] --END-- [ RunTime:0.028347s ]
INFO: [ view_filter ] --START--
INFO: ContentReplace Behavior ::run [ RunTime:0.001935s ]
INFO: TokenBuild Behavior ::run [ RunTime:0.001846s ]
INFO: WriteHtmlCache Behavior ::run [ RunTime:0.001649s ]
INFO: ShowRuntime Behavior ::run [ RunTime:0.001974s ]
INFO: [ view_filter ] --END-- [ RunTime:0.007653s ]
INFO: [ view_end ] --START--
INFO: ShowPageTrace Behavior ::run [ RunTime:0.002250s ]
INFO: [ view_end ] --END-- [ RunTime:0.002347s ]

[ 2014-11-14 20:51:04 ] 64.246.165.170 /index.php
INFO: [ app_begin ] --START--
INFO: ReadHtmlCache Behavior ::run [ RunTime:0.003153s ]
INFO: [ app_begin ] --END-- [ RunTime:0.003267s ]
SQL: SHOW COLUMNS FROM `contents` [ RunTime:0.007034s ]
SQL: SELECT * FROM `contents` WHERE (  enable=1 and cateid=4  ) LIMIT 1   [ RunTime:0.000459s ]
SQL: SELECT * FROM `contents` WHERE (  enable=1 and cateid=1  ) LIMIT 1   [ RunTime:0.000342s ]
SQL: SHOW COLUMNS FROM `visters` [ RunTime:0.007608s ]
SQL: INSERT INTO `visters` (`ctime`,`info`,`ip`,`page`) VALUES ('2014-11-14 20:51','美国 华盛顿州 Bellevue、WindowsEnglish系统、Firefox浏览器、','64.246.165.170','系统首页') [ RunTime:0.009592s ]
SQL: SHOW COLUMNS FROM `products` [ RunTime:0.007639s ]
SQL: SELECT * FROM `products` WHERE (  enable=1 and state=1  ) ORDER BY  sorts desc  [ RunTime:0.001012s ]
SQL: SELECT * FROM `products` WHERE (  enable=1 and state=2  ) ORDER BY  sorts desc  [ RunTime:0.000641s ]
INFO: [ view_parse ] --START--
INFO: ParseTemplate Behavior ::run [ RunTime:0.044534s ]
INFO: [ view_parse ] --END-- [ RunTime:0.044653s ]
INFO: [ view_filter ] --START--
INFO: ContentReplace Behavior ::run [ RunTime:0.002189s ]
INFO: TokenBuild Behavior ::run [ RunTime:0.002097s ]
INFO: WriteHtmlCache Behavior ::run [ RunTime:0.001846s ]
INFO: ShowRuntime Behavior ::run [ RunTime:0.002299s ]
INFO: [ view_filter ] --END-- [ RunTime:0.008642s ]
INFO: [ view_end ] --START--
INFO: ShowPageTrace Behavior ::run [ RunTime:0.002643s ]
INFO: [ view_end ] --END-- [ RunTime:0.002734s ]

[ 2014-11-14 20:54:20 ] 180.76.5.25 /index.php/Index/product?procate=25
INFO: [ route_check ] --START--
INFO: CheckRoute Behavior ::run [ RunTime:0.003919s ]
INFO: [ route_check ] --END-- [ RunTime:0.004034s ]
INFO: [ app_begin ] --START--
INFO: ReadHtmlCache Behavior ::run [ RunTime:0.002037s ]
INFO: [ app_begin ] --END-- [ RunTime:0.002134s ]
SQL: SHOW COLUMNS FROM `contents` [ RunTime:0.005077s ]
SQL: SELECT * FROM `contents` WHERE (  enable=1 and cateid=4  ) LIMIT 1   [ RunTime:0.000326s ]
SQL: SELECT * FROM `contents` WHERE (  enable=1 and cateid=1  ) LIMIT 1   [ RunTime:0.000239s ]
SQL: SHOW COLUMNS FROM `visters` [ RunTime:0.006348s ]
SQL: INSERT INTO `visters` (`ctime`,`info`,`ip`,`page`) VALUES ('2014-11-14 20:54','中国 北京 北京、OtherEnglish系统、Other浏览器、','180.76.5.25','产品页面') [ RunTime:0.010045s ]
SQL: SHOW COLUMNS FROM `procate` [ RunTime:0.006484s ]
SQL: SHOW COLUMNS FROM `products` [ RunTime:0.006589s ]
NOTIC: [8] Undefined index:  procate2 D:\enkjhost\mayning1\web\home\Lib\Action\IndexAction.class.php 第 176 行.
SQL: SELECT * FROM `procate` WHERE ( id=25 ) LIMIT 1   [ RunTime:0.000372s ]
SQL: SELECT * FROM `procate` WHERE ( id=%d ) LIMIT 1   [ RunTime:0.000195s ]
ERR: 1064:You have an error in your SQL syntax; check the manual that corresponds to your MySQL server version for the right syntax to use near '%d ) LIMIT 1' at line 1
 [ SQL语句 ] : SELECT * FROM `procate` WHERE ( id=%d ) LIMIT 1  
SQL: SELECT * FROM `procate` WHERE ( pid=25 )  [ RunTime:0.000331s ]
SQL: select count(*) as count from products a left join procate b on a.proid = b.id where 1=1 and a.enable=1 and b.enable=1  and ( b.pid=25 or b.id=25) [ RunTime:0.000647s ]
SQL: select a.id,a.title,a.info,a.imgs,a.ctime from products a left join procate b on a.proid = b.id where 1=1 and a.enable=1 and b.enable=1  and ( b.pid=25 or b.id=25) order by a.sorts desc limit 0,9 [ RunTime:0.001071s ]
SQL: SELECT * FROM `procate` WHERE (  enable =1 and pid=0   ) ORDER BY  sorts desc  [ RunTime:0.000451s ]
INFO: [ view_parse ] --START--
INFO: ParseTemplate Behavior ::run [ RunTime:0.028878s ]
INFO: [ view_parse ] --END-- [ RunTime:0.028981s ]
INFO: [ view_filter ] --START--
INFO: ContentReplace Behavior ::run [ RunTime:0.001542s ]
INFO: TokenBuild Behavior ::run [ RunTime:0.001479s ]
INFO: WriteHtmlCache Behavior ::run [ RunTime:0.001297s ]
INFO: ShowRuntime Behavior ::run [ RunTime:0.001580s ]
INFO: [ view_filter ] --END-- [ RunTime:0.006125s ]
INFO: [ view_end ] --START--
INFO: ShowPageTrace Behavior ::run [ RunTime:0.002970s ]
INFO: [ view_end ] --END-- [ RunTime:0.003062s ]

[ 2014-11-14 21:38:45 ] 66.249.67.126 /index.php
INFO: [ app_begin ] --START--
INFO: ReadHtmlCache Behavior ::run [ RunTime:0.003159s ]
INFO: [ app_begin ] --END-- [ RunTime:0.003273s ]
SQL: SHOW COLUMNS FROM `contents` [ RunTime:0.006483s ]
SQL: SELECT * FROM `contents` WHERE (  enable=1 and cateid=4  ) LIMIT 1   [ RunTime:0.000394s ]
SQL: SELECT * FROM `contents` WHERE (  enable=1 and cateid=1  ) LIMIT 1   [ RunTime:0.000356s ]
NOTIC: [8] Undefined index:  HTTP_ACCEPT_LANGUAGE D:\enkjhost\mayning1\web\home\Lib\Action\UtilAction.class.php 第 96 行.
SQL: SHOW COLUMNS FROM `visters` [ RunTime:0.006760s ]
SQL: INSERT INTO `visters` (`ctime`,`info`,`ip`,`page`) VALUES ('2014-11-14 21:38','美国 加利福尼亚 Mountain View、MACEnglish系统、Safari浏览器、','66.249.67.126','系统首页') [ RunTime:0.008741s ]
SQL: SHOW COLUMNS FROM `products` [ RunTime:0.005693s ]
SQL: SELECT * FROM `products` WHERE (  enable=1 and state=1  ) ORDER BY  sorts desc  [ RunTime:0.001054s ]
SQL: SELECT * FROM `products` WHERE (  enable=1 and state=2  ) ORDER BY  sorts desc  [ RunTime:0.000706s ]
INFO: [ view_parse ] --START--
INFO: ParseTemplate Behavior ::run [ RunTime:0.047722s ]
INFO: [ view_parse ] --END-- [ RunTime:0.047849s ]
INFO: [ view_filter ] --START--
INFO: ContentReplace Behavior ::run [ RunTime:0.002756s ]
INFO: TokenBuild Behavior ::run [ RunTime:0.002845s ]
INFO: WriteHtmlCache Behavior ::run [ RunTime:0.002506s ]
INFO: ShowRuntime Behavior ::run [ RunTime:0.002961s ]
INFO: [ view_filter ] --END-- [ RunTime:0.011339s ]
INFO: [ view_end ] --START--
INFO: ShowPageTrace Behavior ::run [ RunTime:0.003384s ]
INFO: [ view_end ] --END-- [ RunTime:0.003483s ]

[ 2014-11-14 22:13:32 ] 101.226.166.250 /index.php/Index/productInfo?id=33
INFO: [ route_check ] --START--
INFO: CheckRoute Behavior ::run [ RunTime:0.003779s ]
INFO: [ route_check ] --END-- [ RunTime:0.003892s ]
INFO: [ app_begin ] --START--
INFO: ReadHtmlCache Behavior ::run [ RunTime:0.001939s ]
INFO: [ app_begin ] --END-- [ RunTime:0.002036s ]
SQL: SHOW COLUMNS FROM `contents` [ RunTime:0.006273s ]
SQL: SELECT * FROM `contents` WHERE (  enable=1 and cateid=4  ) LIMIT 1   [ RunTime:0.000467s ]
SQL: SELECT * FROM `contents` WHERE (  enable=1 and cateid=1  ) LIMIT 1   [ RunTime:0.000374s ]
SQL: SHOW COLUMNS FROM `visters` [ RunTime:0.006449s ]
SQL: INSERT INTO `visters` (`ctime`,`info`,`ip`,`page`) VALUES ('2014-11-14 22:13','中国 上海 上海、Windows简体中文系统、Chrome浏览器、','101.226.166.250','产品详情页面') [ RunTime:0.010195s ]
SQL: SHOW COLUMNS FROM `procate` [ RunTime:0.005575s ]
SQL: SHOW COLUMNS FROM `products` [ RunTime:0.005829s ]
NOTIC: [8] Undefined index:  procate D:\enkjhost\mayning1\web\home\Lib\Action\IndexAction.class.php 第 243 行.
NOTIC: [8] Undefined index:  procate2 D:\enkjhost\mayning1\web\home\Lib\Action\IndexAction.class.php 第 244 行.
SQL: SELECT * FROM `procate` WHERE ( id=%d ) LIMIT 1   [ RunTime:0.000220s ]
ERR: 1064:You have an error in your SQL syntax; check the manual that corresponds to your MySQL server version for the right syntax to use near '%d ) LIMIT 1' at line 1
 [ SQL语句 ] : SELECT * FROM `procate` WHERE ( id=%d ) LIMIT 1  
SQL: SELECT * FROM `procate` WHERE ( id=%d ) LIMIT 1   [ RunTime:0.000201s ]
ERR: 1064:You have an error in your SQL syntax; check the manual that corresponds to your MySQL server version for the right syntax to use near '%d ) LIMIT 1' at line 1
 [ SQL语句 ] : SELECT * FROM `procate` WHERE ( id=%d ) LIMIT 1  
SQL: SELECT * FROM `procate` WHERE (  enable =1 and pid=0  ) ORDER BY  sorts desc  [ RunTime:0.000530s ]
SQL: SELECT * FROM `products` WHERE (  id=33 ) LIMIT 1   [ RunTime:0.000403s ]
SQL: SELECT * FROM `procate` WHERE ( id=25 ) LIMIT 1   [ RunTime:0.000282s ]
SQL: SELECT * FROM `procate` WHERE ( id=0 ) LIMIT 1   [ RunTime:0.000280s ]
INFO: [ view_parse ] --START--
INFO: ParseTemplate Behavior ::run [ RunTime:0.045659s ]
INFO: [ view_parse ] --END-- [ RunTime:0.045763s ]
INFO: [ view_filter ] --START--
INFO: ContentReplace Behavior ::run [ RunTime:0.001415s ]
INFO: TokenBuild Behavior ::run [ RunTime:0.001371s ]
INFO: WriteHtmlCache Behavior ::run [ RunTime:0.001968s ]
INFO: ShowRuntime Behavior ::run [ RunTime:0.002442s ]
INFO: [ view_filter ] --END-- [ RunTime:0.007409s ]
INFO: [ view_end ] --START--
INFO: ShowPageTrace Behavior ::run [ RunTime:0.001771s ]
INFO: [ view_end ] --END-- [ RunTime:0.001854s ]

[ 2014-11-14 22:14:39 ] 182.118.25.217 /index.php/Index/productInfo?id=129
INFO: [ route_check ] --START--
INFO: CheckRoute Behavior ::run [ RunTime:0.002051s ]
INFO: [ route_check ] --END-- [ RunTime:0.002144s ]
INFO: [ app_begin ] --START--
INFO: ReadHtmlCache Behavior ::run [ RunTime:0.001627s ]
INFO: [ app_begin ] --END-- [ RunTime:0.001707s ]
SQL: SHOW COLUMNS FROM `contents` [ RunTime:0.004618s ]
SQL: SELECT * FROM `contents` WHERE (  enable=1 and cateid=4  ) LIMIT 1   [ RunTime:0.000309s ]
SQL: SELECT * FROM `contents` WHERE (  enable=1 and cateid=1  ) LIMIT 1   [ RunTime:0.000255s ]
SQL: SHOW COLUMNS FROM `visters` [ RunTime:0.006307s ]
SQL: INSERT INTO `visters` (`ctime`,`info`,`ip`,`page`) VALUES ('2014-11-14 22:14','中国 河南 郑州、Windows简体中文系统、MSIE浏览器、','182.118.25.217','产品详情页面') [ RunTime:0.009792s ]
SQL: SHOW COLUMNS FROM `procate` [ RunTime:0.005380s ]
SQL: SHOW COLUMNS FROM `products` [ RunTime:0.005166s ]
NOTIC: [8] Undefined index:  procate D:\enkjhost\mayning1\web\home\Lib\Action\IndexAction.class.php 第 243 行.
NOTIC: [8] Undefined index:  procate2 D:\enkjhost\mayning1\web\home\Lib\Action\IndexAction.class.php 第 244 行.
SQL: SELECT * FROM `procate` WHERE ( id=%d ) LIMIT 1   [ RunTime:0.000251s ]
ERR: 1064:You have an error in your SQL syntax; check the manual that corresponds to your MySQL server version for the right syntax to use near '%d ) LIMIT 1' at line 1
 [ SQL语句 ] : SELECT * FROM `procate` WHERE ( id=%d ) LIMIT 1  
SQL: SELECT * FROM `procate` WHERE ( id=%d ) LIMIT 1   [ RunTime:0.000240s ]
ERR: 1064:You have an error in your SQL syntax; check the manual that corresponds to your MySQL server version for the right syntax to use near '%d ) LIMIT 1' at line 1
 [ SQL语句 ] : SELECT * FROM `procate` WHERE ( id=%d ) LIMIT 1  
SQL: SELECT * FROM `procate` WHERE (  enable =1 and pid=0  ) ORDER BY  sorts desc  [ RunTime:0.000569s ]
SQL: SELECT * FROM `products` WHERE (  id=129 ) LIMIT 1   [ RunTime:0.000371s ]
SQL: SELECT * FROM `procate` WHERE ( id=37 ) LIMIT 1   [ RunTime:0.000331s ]
SQL: SELECT * FROM `procate` WHERE ( id=0 ) LIMIT 1   [ RunTime:0.000264s ]
INFO: [ view_parse ] --START--
INFO: ParseTemplate Behavior ::run [ RunTime:0.028186s ]
INFO: [ view_parse ] --END-- [ RunTime:0.028298s ]
INFO: [ view_filter ] --START--
INFO: ContentReplace Behavior ::run [ RunTime:0.001656s ]
INFO: TokenBuild Behavior ::run [ RunTime:0.001632s ]
INFO: WriteHtmlCache Behavior ::run [ RunTime:0.001470s ]
INFO: ShowRuntime Behavior ::run [ RunTime:0.001763s ]
INFO: [ view_filter ] --END-- [ RunTime:0.006769s ]
INFO: [ view_end ] --START--
INFO: ShowPageTrace Behavior ::run [ RunTime:0.002041s ]
INFO: [ view_end ] --END-- [ RunTime:0.002138s ]

[ 2014-11-14 22:16:03 ] 101.226.168.240 /index.php/Index/productInfo?id=119
INFO: [ route_check ] --START--
INFO: CheckRoute Behavior ::run [ RunTime:0.002104s ]
INFO: [ route_check ] --END-- [ RunTime:0.002197s ]
INFO: [ app_begin ] --START--
INFO: ReadHtmlCache Behavior ::run [ RunTime:0.001684s ]
INFO: [ app_begin ] --END-- [ RunTime:0.001763s ]
SQL: SHOW COLUMNS FROM `contents` [ RunTime:0.004871s ]
SQL: SELECT * FROM `contents` WHERE (  enable=1 and cateid=4  ) LIMIT 1   [ RunTime:0.000325s ]
SQL: SELECT * FROM `contents` WHERE (  enable=1 and cateid=1  ) LIMIT 1   [ RunTime:0.000244s ]
SQL: SHOW COLUMNS FROM `visters` [ RunTime:0.006749s ]
SQL: INSERT INTO `visters` (`ctime`,`info`,`ip`,`page`) VALUES ('2014-11-14 22:16','中国 上海 上海、Windows简体中文系统、Chrome浏览器、','101.226.168.240','产品详情页面') [ RunTime:0.010456s ]
SQL: SHOW COLUMNS FROM `procate` [ RunTime:0.005412s ]
SQL: SHOW COLUMNS FROM `products` [ RunTime:0.005275s ]
NOTIC: [8] Undefined index:  procate D:\enkjhost\mayning1\web\home\Lib\Action\IndexAction.class.php 第 243 行.
NOTIC: [8] Undefined index:  procate2 D:\enkjhost\mayning1\web\home\Lib\Action\IndexAction.class.php 第 244 行.
SQL: SELECT * FROM `procate` WHERE ( id=%d ) LIMIT 1   [ RunTime:0.000203s ]
ERR: 1064:You have an error in your SQL syntax; check the manual that corresponds to your MySQL server version for the right syntax to use near '%d ) LIMIT 1' at line 1
 [ SQL语句 ] : SELECT * FROM `procate` WHERE ( id=%d ) LIMIT 1  
SQL: SELECT * FROM `procate` WHERE ( id=%d ) LIMIT 1   [ RunTime:0.000156s ]
ERR: 1064:You have an error in your SQL syntax; check the manual that corresponds to your MySQL server version for the right syntax to use near '%d ) LIMIT 1' at line 1
 [ SQL语句 ] : SELECT * FROM `procate` WHERE ( id=%d ) LIMIT 1  
SQL: SELECT * FROM `procate` WHERE (  enable =1 and pid=0  ) ORDER BY  sorts desc  [ RunTime:0.000483s ]
SQL: SELECT * FROM `products` WHERE (  id=119 ) LIMIT 1   [ RunTime:0.000324s ]
SQL: SELECT * FROM `procate` WHERE ( id=11 ) LIMIT 1   [ RunTime:0.000281s ]
SQL: SELECT * FROM `procate` WHERE ( id=0 ) LIMIT 1   [ RunTime:0.000240s ]
INFO: [ view_parse ] --START--
INFO: ParseTemplate Behavior ::run [ RunTime:0.025962s ]
INFO: [ view_parse ] --END-- [ RunTime:0.026073s ]
INFO: [ view_filter ] --START--
INFO: ContentReplace Behavior ::run [ RunTime:0.001714s ]
INFO: TokenBuild Behavior ::run [ RunTime:0.001677s ]
INFO: WriteHtmlCache Behavior ::run [ RunTime:0.001477s ]
INFO: ShowRuntime Behavior ::run [ RunTime:0.001808s ]
INFO: [ view_filter ] --END-- [ RunTime:0.006918s ]
INFO: [ view_end ] --START--
INFO: ShowPageTrace Behavior ::run [ RunTime:0.002109s ]
INFO: [ view_end ] --END-- [ RunTime:0.002206s ]

[ 2014-11-14 22:19:38 ] 182.118.20.161 /index.php/Index/productInfo?id=30
INFO: [ route_check ] --START--
INFO: CheckRoute Behavior ::run [ RunTime:0.002105s ]
INFO: [ route_check ] --END-- [ RunTime:0.002209s ]
INFO: [ app_begin ] --START--
INFO: ReadHtmlCache Behavior ::run [ RunTime:0.001658s ]
INFO: [ app_begin ] --END-- [ RunTime:0.001739s ]
SQL: SHOW COLUMNS FROM `contents` [ RunTime:0.005325s ]
SQL: SELECT * FROM `contents` WHERE (  enable=1 and cateid=4  ) LIMIT 1   [ RunTime:0.000411s ]
SQL: SELECT * FROM `contents` WHERE (  enable=1 and cateid=1  ) LIMIT 1   [ RunTime:0.000284s ]
SQL: SHOW COLUMNS FROM `visters` [ RunTime:0.006278s ]
SQL: INSERT INTO `visters` (`ctime`,`info`,`ip`,`page`) VALUES ('2014-11-14 22:19','中国 河南 郑州、Windows简体中文系统、MSIE浏览器、','182.118.20.161','产品详情页面') [ RunTime:0.009243s ]
SQL: SHOW COLUMNS FROM `procate` [ RunTime:0.005899s ]
SQL: SHOW COLUMNS FROM `products` [ RunTime:0.005212s ]
NOTIC: [8] Undefined index:  procate D:\enkjhost\mayning1\web\home\Lib\Action\IndexAction.class.php 第 243 行.
NOTIC: [8] Undefined index:  procate2 D:\enkjhost\mayning1\web\home\Lib\Action\IndexAction.class.php 第 244 行.
SQL: SELECT * FROM `procate` WHERE ( id=%d ) LIMIT 1   [ RunTime:0.000262s ]
ERR: 1064:You have an error in your SQL syntax; check the manual that corresponds to your MySQL server version for the right syntax to use near '%d ) LIMIT 1' at line 1
 [ SQL语句 ] : SELECT * FROM `procate` WHERE ( id=%d ) LIMIT 1  
SQL: SELECT * FROM `procate` WHERE ( id=%d ) LIMIT 1   [ RunTime:0.000236s ]
ERR: 1064:You have an error in your SQL syntax; check the manual that corresponds to your MySQL server version for the right syntax to use near '%d ) LIMIT 1' at line 1
 [ SQL语句 ] : SELECT * FROM `procate` WHERE ( id=%d ) LIMIT 1  
SQL: SELECT * FROM `procate` WHERE (  enable =1 and pid=0  ) ORDER BY  sorts desc  [ RunTime:0.000572s ]
SQL: SELECT * FROM `products` WHERE (  id=30 ) LIMIT 1   [ RunTime:0.000400s ]
SQL: SELECT * FROM `procate` WHERE ( id=26 ) LIMIT 1   [ RunTime:0.000331s ]
SQL: SELECT * FROM `procate` WHERE ( id=0 ) LIMIT 1   [ RunTime:0.000263s ]
INFO: [ view_parse ] --START--
INFO: ParseTemplate Behavior ::run [ RunTime:0.021391s ]
INFO: [ view_parse ] --END-- [ RunTime:0.021487s ]
INFO: [ view_filter ] --START--
INFO: ContentReplace Behavior ::run [ RunTime:0.001329s ]
INFO: TokenBuild Behavior ::run [ RunTime:0.001286s ]
INFO: WriteHtmlCache Behavior ::run [ RunTime:0.001131s ]
INFO: ShowRuntime Behavior ::run [ RunTime:0.001373s ]
INFO: [ view_filter ] --END-- [ RunTime:0.005305s ]
INFO: [ view_end ] --START--
INFO: ShowPageTrace Behavior ::run [ RunTime:0.001581s ]
INFO: [ view_end ] --END-- [ RunTime:0.001654s ]

[ 2014-11-14 22:22:40 ] 188.165.15.10 /index.php/Index/product?procate=22
INFO: [ route_check ] --START--
INFO: CheckRoute Behavior ::run [ RunTime:0.002525s ]
INFO: [ route_check ] --END-- [ RunTime:0.002651s ]
INFO: [ app_begin ] --START--
INFO: ReadHtmlCache Behavior ::run [ RunTime:0.002023s ]
INFO: [ app_begin ] --END-- [ RunTime:0.002119s ]
SQL: SHOW COLUMNS FROM `contents` [ RunTime:0.004653s ]
SQL: SELECT * FROM `contents` WHERE (  enable=1 and cateid=4  ) LIMIT 1   [ RunTime:0.000306s ]
SQL: SELECT * FROM `contents` WHERE (  enable=1 and cateid=1  ) LIMIT 1   [ RunTime:0.000217s ]
NOTIC: [8] Undefined index:  HTTP_ACCEPT_LANGUAGE D:\enkjhost\mayning1\web\home\Lib\Action\UtilAction.class.php 第 96 行.
SQL: SHOW COLUMNS FROM `visters` [ RunTime:0.006364s ]
SQL: INSERT INTO `visters` (`ctime`,`info`,`ip`,`page`) VALUES ('2014-11-14 22:22','法国  、OtherEnglish系统、Other浏览器、','188.165.15.10','产品页面') [ RunTime:0.009233s ]
SQL: SHOW COLUMNS FROM `procate` [ RunTime:0.005309s ]
SQL: SHOW COLUMNS FROM `products` [ RunTime:0.005631s ]
NOTIC: [8] Undefined index:  procate2 D:\enkjhost\mayning1\web\home\Lib\Action\IndexAction.class.php 第 176 行.
SQL: SELECT * FROM `procate` WHERE ( id=22 ) LIMIT 1   [ RunTime:0.000317s ]
SQL: SELECT * FROM `procate` WHERE ( id=%d ) LIMIT 1   [ RunTime:0.000152s ]
ERR: 1064:You have an error in your SQL syntax; check the manual that corresponds to your MySQL server version for the right syntax to use near '%d ) LIMIT 1' at line 1
 [ SQL语句 ] : SELECT * FROM `procate` WHERE ( id=%d ) LIMIT 1  
SQL: SELECT * FROM `procate` WHERE ( pid=22 )  [ RunTime:0.000273s ]
SQL: select count(*) as count from products a left join procate b on a.proid = b.id where 1=1 and a.enable=1 and b.enable=1  and ( b.pid=22 or b.id=22) [ RunTime:0.000561s ]
SQL: select a.id,a.title,a.info,a.imgs,a.ctime from products a left join procate b on a.proid = b.id where 1=1 and a.enable=1 and b.enable=1  and ( b.pid=22 or b.id=22) order by a.sorts desc limit 0,9 [ RunTime:0.001002s ]
SQL: SELECT * FROM `procate` WHERE (  enable =1 and pid=0   ) ORDER BY  sorts desc  [ RunTime:0.000393s ]
INFO: [ view_parse ] --START--
INFO: ParseTemplate Behavior ::run [ RunTime:0.032213s ]
INFO: [ view_parse ] --END-- [ RunTime:0.032327s ]
INFO: [ view_filter ] --START--
INFO: ContentReplace Behavior ::run [ RunTime:0.001753s ]
INFO: TokenBuild Behavior ::run [ RunTime:0.001690s ]
INFO: WriteHtmlCache Behavior ::run [ RunTime:0.001504s ]
INFO: ShowRuntime Behavior ::run [ RunTime:0.001564s ]
INFO: [ view_filter ] --END-- [ RunTime:0.006744s ]
INFO: [ view_end ] --START--
INFO: ShowPageTrace Behavior ::run [ RunTime:0.001767s ]
INFO: [ view_end ] --END-- [ RunTime:0.001851s ]

[ 2014-11-14 22:35:26 ] 123.125.71.99 /index.php/Index/product?procate=11
INFO: [ route_check ] --START--
INFO: CheckRoute Behavior ::run [ RunTime:0.002548s ]
INFO: [ route_check ] --END-- [ RunTime:0.002665s ]
INFO: [ app_begin ] --START--
INFO: ReadHtmlCache Behavior ::run [ RunTime:0.003204s ]
INFO: [ app_begin ] --END-- [ RunTime:0.003305s ]
SQL: SHOW COLUMNS FROM `contents` [ RunTime:0.005862s ]
SQL: SELECT * FROM `contents` WHERE (  enable=1 and cateid=4  ) LIMIT 1   [ RunTime:0.000368s ]
SQL: SELECT * FROM `contents` WHERE (  enable=1 and cateid=1  ) LIMIT 1   [ RunTime:0.000320s ]
SQL: SHOW COLUMNS FROM `visters` [ RunTime:0.006605s ]
SQL: INSERT INTO `visters` (`ctime`,`info`,`ip`,`page`) VALUES ('2014-11-14 22:35','中国 北京 北京、Other简体中文系统、Other浏览器、','123.125.71.99','产品页面') [ RunTime:0.010084s ]
SQL: SHOW COLUMNS FROM `procate` [ RunTime:0.006341s ]
SQL: SHOW COLUMNS FROM `products` [ RunTime:0.005373s ]
NOTIC: [8] Undefined index:  procate2 D:\enkjhost\mayning1\web\home\Lib\Action\IndexAction.class.php 第 176 行.
SQL: SELECT * FROM `procate` WHERE ( id=11 ) LIMIT 1   [ RunTime:0.000373s ]
SQL: SELECT * FROM `procate` WHERE ( id=%d ) LIMIT 1   [ RunTime:0.000239s ]
ERR: 1064:You have an error in your SQL syntax; check the manual that corresponds to your MySQL server version for the right syntax to use near '%d ) LIMIT 1' at line 1
 [ SQL语句 ] : SELECT * FROM `procate` WHERE ( id=%d ) LIMIT 1  
SQL: SELECT * FROM `procate` WHERE ( pid=11 )  [ RunTime:0.000372s ]
SQL: select count(*) as count from products a left join procate b on a.proid = b.id where 1=1 and a.enable=1 and b.enable=1  and ( b.pid=11 or b.id=11) [ RunTime:0.000627s ]
SQL: select a.id,a.title,a.info,a.imgs,a.ctime from products a left join procate b on a.proid = b.id where 1=1 and a.enable=1 and b.enable=1  and ( b.pid=11 or b.id=11) order by a.sorts desc limit 0,9 [ RunTime:0.001104s ]
SQL: SELECT * FROM `procate` WHERE (  enable =1 and pid=0   ) ORDER BY  sorts desc  [ RunTime:0.000503s ]
INFO: [ view_parse ] --START--
INFO: ParseTemplate Behavior ::run [ RunTime:0.030579s ]
INFO: [ view_parse ] --END-- [ RunTime:0.030680s ]
INFO: [ view_filter ] --START--
INFO: ContentReplace Behavior ::run [ RunTime:0.002102s ]
INFO: TokenBuild Behavior ::run [ RunTime:0.001398s ]
INFO: WriteHtmlCache Behavior ::run [ RunTime:0.001709s ]
INFO: ShowRuntime Behavior ::run [ RunTime:0.002154s ]
INFO: [ view_filter ] --END-- [ RunTime:0.007560s ]
INFO: [ view_end ] --START--
INFO: ShowPageTrace Behavior ::run [ RunTime:0.001704s ]
INFO: [ view_end ] --END-- [ RunTime:0.001777s ]

[ 2014-11-14 23:28:32 ] 180.76.5.223 /index.php/Index/productInfo?id=106
INFO: [ route_check ] --START--
INFO: CheckRoute Behavior ::run [ RunTime:0.003977s ]
INFO: [ route_check ] --END-- [ RunTime:0.004091s ]
INFO: [ app_begin ] --START--
INFO: ReadHtmlCache Behavior ::run [ RunTime:0.003249s ]
INFO: [ app_begin ] --END-- [ RunTime:0.003343s ]
SQL: SHOW COLUMNS FROM `contents` [ RunTime:0.006329s ]
SQL: SELECT * FROM `contents` WHERE (  enable=1 and cateid=4  ) LIMIT 1   [ RunTime:0.000443s ]
SQL: SELECT * FROM `contents` WHERE (  enable=1 and cateid=1  ) LIMIT 1   [ RunTime:0.000345s ]
SQL: SHOW COLUMNS FROM `visters` [ RunTime:0.006603s ]
SQL: INSERT INTO `visters` (`ctime`,`info`,`ip`,`page`) VALUES ('2014-11-14 23:28','中国 北京 北京、OtherEnglish系统、Other浏览器、','180.76.5.223','产品详情页面') [ RunTime:0.009963s ]
SQL: SHOW COLUMNS FROM `procate` [ RunTime:0.005388s ]
SQL: SHOW COLUMNS FROM `products` [ RunTime:0.005940s ]
NOTIC: [8] Undefined index:  procate D:\enkjhost\mayning1\web\home\Lib\Action\IndexAction.class.php 第 243 行.
NOTIC: [8] Undefined index:  procate2 D:\enkjhost\mayning1\web\home\Lib\Action\IndexAction.class.php 第 244 行.
SQL: SELECT * FROM `procate` WHERE ( id=%d ) LIMIT 1   [ RunTime:0.000174s ]
ERR: 1064:You have an error in your SQL syntax; check the manual that corresponds to your MySQL server version for the right syntax to use near '%d ) LIMIT 1' at line 1
 [ SQL语句 ] : SELECT * FROM `procate` WHERE ( id=%d ) LIMIT 1  
SQL: SELECT * FROM `procate` WHERE ( id=%d ) LIMIT 1   [ RunTime:0.000136s ]
ERR: 1064:You have an error in your SQL syntax; check the manual that corresponds to your MySQL server version for the right syntax to use near '%d ) LIMIT 1' at line 1
 [ SQL语句 ] : SELECT * FROM `procate` WHERE ( id=%d ) LIMIT 1  
SQL: SELECT * FROM `procate` WHERE (  enable =1 and pid=0  ) ORDER BY  sorts desc  [ RunTime:0.000455s ]
SQL: SELECT * FROM `products` WHERE (  id=106 ) LIMIT 1   [ RunTime:0.000290s ]
SQL: SELECT * FROM `procate` WHERE ( id=31 ) LIMIT 1   [ RunTime:0.000216s ]
SQL: SELECT * FROM `procate` WHERE ( id=20 ) LIMIT 1   [ RunTime:0.000210s ]
INFO: [ view_parse ] --START--
INFO: ParseTemplate Behavior ::run [ RunTime:0.045658s ]
INFO: [ view_parse ] --END-- [ RunTime:0.045769s ]
INFO: [ view_filter ] --START--
INFO: ContentReplace Behavior ::run [ RunTime:0.002797s ]
INFO: TokenBuild Behavior ::run [ RunTime:0.002812s ]
INFO: WriteHtmlCache Behavior ::run [ RunTime:0.002511s ]
INFO: ShowRuntime Behavior ::run [ RunTime:0.002731s ]
INFO: [ view_filter ] --END-- [ RunTime:0.011106s ]
INFO: [ view_end ] --START--
INFO: ShowPageTrace Behavior ::run [ RunTime:0.002963s ]
INFO: [ view_end ] --END-- [ RunTime:0.003046s ]

