[ 2014-10-20 01:01:40 ] 66.249.79.104 /index.php
INFO: [ app_begin ] --START--
INFO: ReadHtmlCache Behavior ::run [ RunTime:0.003115s ]
INFO: [ app_begin ] --END-- [ RunTime:0.003228s ]
SQL: SHOW COLUMNS FROM `contents` [ RunTime:0.008001s ]
SQL: SELECT * FROM `contents` WHERE (  enable=1 and cateid=4  ) LIMIT 1   [ RunTime:0.000427s ]
SQL: SELECT * FROM `contents` WHERE (  enable=1 and cateid=1  ) LIMIT 1   [ RunTime:0.000339s ]
NOTIC: [8] Undefined index:  HTTP_ACCEPT_LANGUAGE D:\enkjhost\mayning1\web\home\Lib\Action\UtilAction.class.php 第 96 行.
SQL: SHOW COLUMNS FROM `visters` [ RunTime:0.009428s ]
SQL: INSERT INTO `visters` (`ctime`,`info`,`ip`,`page`) VALUES ('2014-10-20 01:01','美国 加利福尼亚 Mountain View、OtherEnglish系统、Other浏览器、','66.249.79.104','系统首页') [ RunTime:0.008820s ]
SQL: SHOW COLUMNS FROM `products` [ RunTime:0.006115s ]
SQL: SELECT * FROM `products` WHERE (  enable=1 and state=1  ) ORDER BY  sorts desc  [ RunTime:0.001009s ]
SQL: SELECT * FROM `products` WHERE (  enable=1 and state=2  ) ORDER BY  sorts desc  [ RunTime:0.000777s ]
INFO: [ view_parse ] --START--
INFO: ParseTemplate Behavior ::run [ RunTime:0.037409s ]
INFO: [ view_parse ] --END-- [ RunTime:0.037523s ]
INFO: [ view_filter ] --START--
INFO: ContentReplace Behavior ::run [ RunTime:0.002642s ]
INFO: TokenBuild Behavior ::run [ RunTime:0.002762s ]
INFO: WriteHtmlCache Behavior ::run [ RunTime:0.002164s ]
INFO: ShowRuntime Behavior ::run [ RunTime:0.002426s ]
INFO: [ view_filter ] --END-- [ RunTime:0.010242s ]
INFO: [ view_end ] --START--
INFO: ShowPageTrace Behavior ::run [ RunTime:0.002797s ]
INFO: [ view_end ] --END-- [ RunTime:0.002881s ]

[ 2014-10-20 01:40:54 ] 123.125.71.82 /index.php/Index/product?procate=10
INFO: [ route_check ] --START--
INFO: CheckRoute Behavior ::run [ RunTime:0.003634s ]
INFO: [ route_check ] --END-- [ RunTime:0.003747s ]
INFO: [ app_begin ] --START--
INFO: ReadHtmlCache Behavior ::run [ RunTime:0.002890s ]
INFO: [ app_begin ] --END-- [ RunTime:0.002988s ]
SQL: SHOW COLUMNS FROM `contents` [ RunTime:0.004161s ]
SQL: SELECT * FROM `contents` WHERE (  enable=1 and cateid=4  ) LIMIT 1   [ RunTime:0.000316s ]
SQL: SELECT * FROM `contents` WHERE (  enable=1 and cateid=1  ) LIMIT 1   [ RunTime:0.000252s ]
SQL: SHOW COLUMNS FROM `visters` [ RunTime:0.005071s ]
SQL: INSERT INTO `visters` (`ctime`,`info`,`ip`,`page`) VALUES ('2014-10-20 01:40','中国 北京 北京、Other简体中文系统、Other浏览器、','123.125.71.82','产品页面') [ RunTime:0.010478s ]
SQL: SHOW COLUMNS FROM `procate` [ RunTime:0.006147s ]
SQL: SHOW COLUMNS FROM `products` [ RunTime:0.004927s ]
NOTIC: [8] Undefined index:  procate2 D:\enkjhost\mayning1\web\home\Lib\Action\IndexAction.class.php 第 176 行.
SQL: SELECT * FROM `procate` WHERE ( id=10 ) LIMIT 1   [ RunTime:0.000359s ]
SQL: SELECT * FROM `procate` WHERE ( id=%d ) LIMIT 1   [ RunTime:0.000235s ]
ERR: 1064:You have an error in your SQL syntax; check the manual that corresponds to your MySQL server version for the right syntax to use near '%d ) LIMIT 1' at line 1
 [ SQL语句 ] : SELECT * FROM `procate` WHERE ( id=%d ) LIMIT 1  
SQL: SELECT * FROM `procate` WHERE ( pid=10 )  [ RunTime:0.000365s ]
SQL: select count(*) as count from products a left join procate b on a.proid = b.id where 1=1 and a.enable=1 and b.enable=1  and ( b.pid=10 or b.id=10) [ RunTime:0.000665s ]
SQL: select a.id,a.title,a.info,a.imgs,a.ctime from products a left join procate b on a.proid = b.id where 1=1 and a.enable=1 and b.enable=1  and ( b.pid=10 or b.id=10) order by a.sorts desc limit 0,9 [ RunTime:0.001034s ]
SQL: SELECT * FROM `procate` WHERE (  enable =1 and pid=0  )  [ RunTime:0.000347s ]
INFO: [ view_parse ] --START--
INFO: ParseTemplate Behavior ::run [ RunTime:0.046896s ]
INFO: [ view_parse ] --END-- [ RunTime:0.047009s ]
INFO: [ view_filter ] --START--
INFO: ContentReplace Behavior ::run [ RunTime:0.002451s ]
INFO: TokenBuild Behavior ::run [ RunTime:0.002145s ]
INFO: WriteHtmlCache Behavior ::run [ RunTime:0.001854s ]
INFO: ShowRuntime Behavior ::run [ RunTime:0.001509s ]
INFO: [ view_filter ] --END-- [ RunTime:0.008189s ]
INFO: [ view_end ] --START--
INFO: ShowPageTrace Behavior ::run [ RunTime:0.002782s ]
INFO: [ view_end ] --END-- [ RunTime:0.002863s ]

[ 2014-10-20 01:56:27 ] 185.10.104.195 /index.php/Index/index
INFO: [ route_check ] --START--
INFO: CheckRoute Behavior ::run [ RunTime:0.002957s ]
INFO: [ route_check ] --END-- [ RunTime:0.003047s ]
INFO: [ app_begin ] --START--
INFO: ReadHtmlCache Behavior ::run [ RunTime:0.002688s ]
INFO: [ app_begin ] --END-- [ RunTime:0.002775s ]
SQL: SHOW COLUMNS FROM `contents` [ RunTime:0.005831s ]
SQL: SELECT * FROM `contents` WHERE (  enable=1 and cateid=4  ) LIMIT 1   [ RunTime:0.000433s ]
SQL: SELECT * FROM `contents` WHERE (  enable=1 and cateid=1  ) LIMIT 1   [ RunTime:0.000336s ]
SQL: SHOW COLUMNS FROM `visters` [ RunTime:0.006477s ]
SQL: INSERT INTO `visters` (`ctime`,`info`,`ip`,`page`) VALUES ('2014-10-20 01:56','欧盟  、WindowsEnglish系统、Firefox浏览器、','185.10.104.195','系统首页') [ RunTime:0.007789s ]
SQL: SHOW COLUMNS FROM `products` [ RunTime:0.005410s ]
SQL: SELECT * FROM `products` WHERE (  enable=1 and state=1  ) ORDER BY  sorts desc  [ RunTime:0.000861s ]
SQL: SELECT * FROM `products` WHERE (  enable=1 and state=2  ) ORDER BY  sorts desc  [ RunTime:0.000809s ]
INFO: [ view_parse ] --START--
INFO: ParseTemplate Behavior ::run [ RunTime:0.030591s ]
INFO: [ view_parse ] --END-- [ RunTime:0.030712s ]
INFO: [ view_filter ] --START--
INFO: ContentReplace Behavior ::run [ RunTime:0.002632s ]
INFO: TokenBuild Behavior ::run [ RunTime:0.001766s ]
INFO: WriteHtmlCache Behavior ::run [ RunTime:0.002343s ]
INFO: ShowRuntime Behavior ::run [ RunTime:0.001897s ]
INFO: [ view_filter ] --END-- [ RunTime:0.008910s ]
INFO: [ view_end ] --START--
INFO: ShowPageTrace Behavior ::run [ RunTime:0.003251s ]
INFO: [ view_end ] --END-- [ RunTime:0.003358s ]

[ 2014-10-20 02:34:03 ] 180.76.6.14 /index.php
INFO: [ app_begin ] --START--
INFO: ReadHtmlCache Behavior ::run [ RunTime:0.003061s ]
INFO: [ app_begin ] --END-- [ RunTime:0.003178s ]
SQL: SHOW COLUMNS FROM `contents` [ RunTime:0.005439s ]
SQL: SELECT * FROM `contents` WHERE (  enable=1 and cateid=4  ) LIMIT 1   [ RunTime:0.000350s ]
SQL: SELECT * FROM `contents` WHERE (  enable=1 and cateid=1  ) LIMIT 1   [ RunTime:0.000298s ]
SQL: SHOW COLUMNS FROM `visters` [ RunTime:0.006292s ]
SQL: INSERT INTO `visters` (`ctime`,`info`,`ip`,`page`) VALUES ('2014-10-20 02:34','中国 北京 北京、OtherEnglish系统、Other浏览器、','180.76.6.14','系统首页') [ RunTime:0.009756s ]
SQL: SHOW COLUMNS FROM `products` [ RunTime:0.005640s ]
SQL: SELECT * FROM `products` WHERE (  enable=1 and state=1  ) ORDER BY  sorts desc  [ RunTime:0.000957s ]
SQL: SELECT * FROM `products` WHERE (  enable=1 and state=2  ) ORDER BY  sorts desc  [ RunTime:0.000866s ]
INFO: [ view_parse ] --START--
INFO: ParseTemplate Behavior ::run [ RunTime:0.032188s ]
INFO: [ view_parse ] --END-- [ RunTime:0.032306s ]
INFO: [ view_filter ] --START--
INFO: ContentReplace Behavior ::run [ RunTime:0.002611s ]
INFO: TokenBuild Behavior ::run [ RunTime:0.002624s ]
INFO: WriteHtmlCache Behavior ::run [ RunTime:0.002387s ]
INFO: ShowRuntime Behavior ::run [ RunTime:0.001904s ]
INFO: [ view_filter ] --END-- [ RunTime:0.009800s ]
INFO: [ view_end ] --START--
INFO: ShowPageTrace Behavior ::run [ RunTime:0.002157s ]
INFO: [ view_end ] --END-- [ RunTime:0.002256s ]

[ 2014-10-20 02:54:15 ] 123.125.71.92 /index.php/Index/product?procate=24
INFO: [ route_check ] --START--
INFO: CheckRoute Behavior ::run [ RunTime:0.003748s ]
INFO: [ route_check ] --END-- [ RunTime:0.003865s ]
INFO: [ app_begin ] --START--
INFO: ReadHtmlCache Behavior ::run [ RunTime:0.002975s ]
INFO: [ app_begin ] --END-- [ RunTime:0.003073s ]
SQL: SHOW COLUMNS FROM `contents` [ RunTime:0.006213s ]
SQL: SELECT * FROM `contents` WHERE (  enable=1 and cateid=4  ) LIMIT 1   [ RunTime:0.000426s ]
SQL: SELECT * FROM `contents` WHERE (  enable=1 and cateid=1  ) LIMIT 1   [ RunTime:0.000351s ]
SQL: SHOW COLUMNS FROM `visters` [ RunTime:0.006683s ]
SQL: INSERT INTO `visters` (`ctime`,`info`,`ip`,`page`) VALUES ('2014-10-20 02:54','中国 北京 北京、Other简体中文系统、Other浏览器、','123.125.71.92','产品页面') [ RunTime:0.009182s ]
SQL: SHOW COLUMNS FROM `procate` [ RunTime:0.005226s ]
SQL: SHOW COLUMNS FROM `products` [ RunTime:0.005316s ]
NOTIC: [8] Undefined index:  procate2 D:\enkjhost\mayning1\web\home\Lib\Action\IndexAction.class.php 第 176 行.
SQL: SELECT * FROM `procate` WHERE ( id=24 ) LIMIT 1   [ RunTime:0.000318s ]
SQL: SELECT * FROM `procate` WHERE ( id=%d ) LIMIT 1   [ RunTime:0.000160s ]
ERR: 1064:You have an error in your SQL syntax; check the manual that corresponds to your MySQL server version for the right syntax to use near '%d ) LIMIT 1' at line 1
 [ SQL语句 ] : SELECT * FROM `procate` WHERE ( id=%d ) LIMIT 1  
SQL: SELECT * FROM `procate` WHERE ( pid=24 )  [ RunTime:0.000278s ]
SQL: select count(*) as count from products a left join procate b on a.proid = b.id where 1=1 and a.enable=1 and b.enable=1  and ( b.pid=24 or b.id=24) [ RunTime:0.000628s ]
SQL: select a.id,a.title,a.info,a.imgs,a.ctime from products a left join procate b on a.proid = b.id where 1=1 and a.enable=1 and b.enable=1  and ( b.pid=24 or b.id=24) order by a.sorts desc limit 0,9 [ RunTime:0.001023s ]
SQL: SELECT * FROM `procate` WHERE (  enable =1 and pid=0  )  [ RunTime:0.000316s ]
INFO: [ view_parse ] --START--
INFO: ParseTemplate Behavior ::run [ RunTime:0.051082s ]
INFO: [ view_parse ] --END-- [ RunTime:0.051196s ]
INFO: [ view_filter ] --START--
INFO: ContentReplace Behavior ::run [ RunTime:0.002537s ]
INFO: TokenBuild Behavior ::run [ RunTime:0.002479s ]
INFO: WriteHtmlCache Behavior ::run [ RunTime:0.002195s ]
INFO: ShowRuntime Behavior ::run [ RunTime:0.002746s ]
INFO: [ view_filter ] --END-- [ RunTime:0.010220s ]
INFO: [ view_end ] --START--
INFO: ShowPageTrace Behavior ::run [ RunTime:0.003273s ]
INFO: [ view_end ] --END-- [ RunTime:0.003369s ]

[ 2014-10-20 04:00:55 ] 123.125.71.107 /index.php/Index/productInfo?id=109
INFO: [ route_check ] --START--
INFO: CheckRoute Behavior ::run [ RunTime:0.003792s ]
INFO: [ route_check ] --END-- [ RunTime:0.003906s ]
INFO: [ app_begin ] --START--
INFO: ReadHtmlCache Behavior ::run [ RunTime:0.001977s ]
INFO: [ app_begin ] --END-- [ RunTime:0.002071s ]
SQL: SHOW COLUMNS FROM `contents` [ RunTime:0.005310s ]
SQL: SELECT * FROM `contents` WHERE (  enable=1 and cateid=4  ) LIMIT 1   [ RunTime:0.000352s ]
SQL: SELECT * FROM `contents` WHERE (  enable=1 and cateid=1  ) LIMIT 1   [ RunTime:0.000286s ]
SQL: SHOW COLUMNS FROM `visters` [ RunTime:0.006330s ]
SQL: INSERT INTO `visters` (`ctime`,`info`,`ip`,`page`) VALUES ('2014-10-20 04:00','中国 北京 北京、Other简体中文系统、Other浏览器、','123.125.71.107','产品详情页面') [ RunTime:0.009116s ]
SQL: SHOW COLUMNS FROM `procate` [ RunTime:0.005290s ]
SQL: SHOW COLUMNS FROM `products` [ RunTime:0.005449s ]
NOTIC: [8] Undefined index:  procate D:\enkjhost\mayning1\web\home\Lib\Action\IndexAction.class.php 第 243 行.
NOTIC: [8] Undefined index:  procate2 D:\enkjhost\mayning1\web\home\Lib\Action\IndexAction.class.php 第 244 行.
SQL: SELECT * FROM `procate` WHERE ( id=%d ) LIMIT 1   [ RunTime:0.000208s ]
ERR: 1064:You have an error in your SQL syntax; check the manual that corresponds to your MySQL server version for the right syntax to use near '%d ) LIMIT 1' at line 1
 [ SQL语句 ] : SELECT * FROM `procate` WHERE ( id=%d ) LIMIT 1  
SQL: SELECT * FROM `procate` WHERE ( id=%d ) LIMIT 1   [ RunTime:0.000193s ]
ERR: 1064:You have an error in your SQL syntax; check the manual that corresponds to your MySQL server version for the right syntax to use near '%d ) LIMIT 1' at line 1
 [ SQL语句 ] : SELECT * FROM `procate` WHERE ( id=%d ) LIMIT 1  
SQL: SELECT * FROM `procate` WHERE (  enable =1 and pid=0  )  [ RunTime:0.000392s ]
SQL: SELECT * FROM `products` WHERE (  id=109 ) LIMIT 1   [ RunTime:0.000569s ]
SQL: SELECT * FROM `procate` WHERE ( id=30 ) LIMIT 1   [ RunTime:0.000292s ]
SQL: SELECT * FROM `procate` WHERE ( id=20 ) LIMIT 1   [ RunTime:0.000287s ]
INFO: [ view_parse ] --START--
INFO: ParseTemplate Behavior ::run [ RunTime:0.037280s ]
INFO: [ view_parse ] --END-- [ RunTime:0.037396s ]
INFO: [ view_filter ] --START--
INFO: ContentReplace Behavior ::run [ RunTime:0.002658s ]
INFO: TokenBuild Behavior ::run [ RunTime:0.002497s ]
INFO: WriteHtmlCache Behavior ::run [ RunTime:0.002253s ]
INFO: ShowRuntime Behavior ::run [ RunTime:0.001953s ]
INFO: [ view_filter ] --END-- [ RunTime:0.009620s ]
INFO: [ view_end ] --START--
INFO: ShowPageTrace Behavior ::run [ RunTime:0.002151s ]
INFO: [ view_end ] --END-- [ RunTime:0.002252s ]

[ 2014-10-20 05:48:30 ] 61.135.189.171 /index.php/Index/news
INFO: [ route_check ] --START--
INFO: CheckRoute Behavior ::run [ RunTime:0.003853s ]
INFO: [ route_check ] --END-- [ RunTime:0.003976s ]
INFO: [ app_begin ] --START--
INFO: ReadHtmlCache Behavior ::run [ RunTime:0.001937s ]
INFO: [ app_begin ] --END-- [ RunTime:0.002032s ]
SQL: SHOW COLUMNS FROM `contents` [ RunTime:0.006150s ]
SQL: SELECT * FROM `contents` WHERE (  enable=1 and cateid=4  ) LIMIT 1   [ RunTime:0.000392s ]
SQL: SELECT * FROM `contents` WHERE (  enable=1 and cateid=1  ) LIMIT 1   [ RunTime:0.000321s ]
SQL: SHOW COLUMNS FROM `visters` [ RunTime:0.008146s ]
SQL: INSERT INTO `visters` (`ctime`,`info`,`ip`,`page`) VALUES ('2014-10-20 05:48','中国 北京 北京、Other简体中文系统、Other浏览器、','61.135.189.171','FAQ页面') [ RunTime:0.010885s ]
SQL: SHOW COLUMNS FROM `faqcate` [ RunTime:0.008782s ]
SQL: SHOW COLUMNS FROM `faqs` [ RunTime:0.006554s ]
NOTIC: [8] Undefined index:  faqcate D:\enkjhost\mayning1\web\home\Lib\Action\IndexAction.class.php 第 95 行.
SQL: SELECT * FROM `faqcate` WHERE ( enable=1  ) ORDER BY  sorts desc  [ RunTime:0.000384s ]
SQL: SELECT COUNT(*) AS tp_count FROM `faqs` WHERE (  1=1 and enable=1  ) LIMIT 1   [ RunTime:0.000297s ]
SQL: SELECT * FROM `faqs` WHERE (  1=1 and enable=1  ) ORDER BY sorts desc LIMIT 0,10   [ RunTime:0.000469s ]
INFO: [ view_parse ] --START--
INFO: ParseTemplate Behavior ::run [ RunTime:0.034269s ]
INFO: [ view_parse ] --END-- [ RunTime:0.034379s ]
INFO: [ view_filter ] --START--
INFO: ContentReplace Behavior ::run [ RunTime:0.002518s ]
INFO: TokenBuild Behavior ::run [ RunTime:0.002479s ]
INFO: WriteHtmlCache Behavior ::run [ RunTime:0.002194s ]
INFO: ShowRuntime Behavior ::run [ RunTime:0.002804s ]
INFO: [ view_filter ] --END-- [ RunTime:0.010253s ]
INFO: [ view_end ] --START--
INFO: ShowPageTrace Behavior ::run [ RunTime:0.003247s ]
INFO: [ view_end ] --END-- [ RunTime:0.003343s ]

[ 2014-10-20 05:48:55 ] 61.135.189.171 /index.php
INFO: [ app_begin ] --START--
INFO: ReadHtmlCache Behavior ::run [ RunTime:0.001471s ]
INFO: [ app_begin ] --END-- [ RunTime:0.001555s ]
SQL: SHOW COLUMNS FROM `contents` [ RunTime:0.005097s ]
SQL: SELECT * FROM `contents` WHERE (  enable=1 and cateid=4  ) LIMIT 1   [ RunTime:0.000383s ]
SQL: SELECT * FROM `contents` WHERE (  enable=1 and cateid=1  ) LIMIT 1   [ RunTime:0.000310s ]
SQL: SHOW COLUMNS FROM `visters` [ RunTime:0.006075s ]
SQL: INSERT INTO `visters` (`ctime`,`info`,`ip`,`page`) VALUES ('2014-10-20 05:48','中国 北京 北京、Other简体中文系统、Other浏览器、','61.135.189.171','系统首页') [ RunTime:0.008818s ]
SQL: SHOW COLUMNS FROM `products` [ RunTime:0.006312s ]
SQL: SELECT * FROM `products` WHERE (  enable=1 and state=1  ) ORDER BY  sorts desc  [ RunTime:0.000968s ]
SQL: SELECT * FROM `products` WHERE (  enable=1 and state=2  ) ORDER BY  sorts desc  [ RunTime:0.000787s ]
INFO: [ view_parse ] --START--
INFO: ParseTemplate Behavior ::run [ RunTime:0.026113s ]
INFO: [ view_parse ] --END-- [ RunTime:0.026226s ]
INFO: [ view_filter ] --START--
INFO: ContentReplace Behavior ::run [ RunTime:0.001700s ]
INFO: TokenBuild Behavior ::run [ RunTime:0.001613s ]
INFO: WriteHtmlCache Behavior ::run [ RunTime:0.001423s ]
INFO: ShowRuntime Behavior ::run [ RunTime:0.001749s ]
INFO: [ view_filter ] --END-- [ RunTime:0.006740s ]
INFO: [ view_end ] --START--
INFO: ShowPageTrace Behavior ::run [ RunTime:0.002037s ]
INFO: [ view_end ] --END-- [ RunTime:0.002132s ]

[ 2014-10-20 05:49:19 ] 61.135.189.171 /index.php/Index/productInfo?id=116
INFO: [ route_check ] --START--
INFO: CheckRoute Behavior ::run [ RunTime:0.001831s ]
INFO: [ route_check ] --END-- [ RunTime:0.001916s ]
INFO: [ app_begin ] --START--
INFO: ReadHtmlCache Behavior ::run [ RunTime:0.001463s ]
INFO: [ app_begin ] --END-- [ RunTime:0.001534s ]
SQL: SHOW COLUMNS FROM `contents` [ RunTime:0.004000s ]
SQL: SELECT * FROM `contents` WHERE (  enable=1 and cateid=4  ) LIMIT 1   [ RunTime:0.000352s ]
SQL: SELECT * FROM `contents` WHERE (  enable=1 and cateid=1  ) LIMIT 1   [ RunTime:0.000260s ]
SQL: SHOW COLUMNS FROM `visters` [ RunTime:0.005708s ]
SQL: INSERT INTO `visters` (`ctime`,`info`,`ip`,`page`) VALUES ('2014-10-20 05:49','中国 北京 北京、Other简体中文系统、Other浏览器、','61.135.189.171','产品详情页面') [ RunTime:0.012586s ]
SQL: SHOW COLUMNS FROM `procate` [ RunTime:0.006919s ]
SQL: SHOW COLUMNS FROM `products` [ RunTime:0.005262s ]
NOTIC: [8] Undefined index:  procate D:\enkjhost\mayning1\web\home\Lib\Action\IndexAction.class.php 第 243 行.
NOTIC: [8] Undefined index:  procate2 D:\enkjhost\mayning1\web\home\Lib\Action\IndexAction.class.php 第 244 行.
SQL: SELECT * FROM `procate` WHERE ( id=%d ) LIMIT 1   [ RunTime:0.000246s ]
ERR: 1064:You have an error in your SQL syntax; check the manual that corresponds to your MySQL server version for the right syntax to use near '%d ) LIMIT 1' at line 1
 [ SQL语句 ] : SELECT * FROM `procate` WHERE ( id=%d ) LIMIT 1  
SQL: SELECT * FROM `procate` WHERE ( id=%d ) LIMIT 1   [ RunTime:0.000218s ]
ERR: 1064:You have an error in your SQL syntax; check the manual that corresponds to your MySQL server version for the right syntax to use near '%d ) LIMIT 1' at line 1
 [ SQL语句 ] : SELECT * FROM `procate` WHERE ( id=%d ) LIMIT 1  
SQL: SELECT * FROM `procate` WHERE (  enable =1 and pid=0  )  [ RunTime:0.000428s ]
SQL: SELECT * FROM `products` WHERE (  id=116 ) LIMIT 1   [ RunTime:0.000372s ]
SQL: SELECT * FROM `procate` WHERE ( id=31 ) LIMIT 1   [ RunTime:0.000312s ]
SQL: SELECT * FROM `procate` WHERE ( id=20 ) LIMIT 1   [ RunTime:0.000303s ]
INFO: [ view_parse ] --START--
INFO: ParseTemplate Behavior ::run [ RunTime:0.026499s ]
INFO: [ view_parse ] --END-- [ RunTime:0.026609s ]
INFO: [ view_filter ] --START--
INFO: ContentReplace Behavior ::run [ RunTime:0.001684s ]
INFO: TokenBuild Behavior ::run [ RunTime:0.001629s ]
INFO: WriteHtmlCache Behavior ::run [ RunTime:0.001428s ]
INFO: ShowRuntime Behavior ::run [ RunTime:0.001781s ]
INFO: [ view_filter ] --END-- [ RunTime:0.006771s ]
INFO: [ view_end ] --START--
INFO: ShowPageTrace Behavior ::run [ RunTime:0.002021s ]
INFO: [ view_end ] --END-- [ RunTime:0.002121s ]

[ 2014-10-20 06:08:05 ] 220.181.108.139 /index.php/Index/index
INFO: [ route_check ] --START--
INFO: CheckRoute Behavior ::run [ RunTime:0.002493s ]
INFO: [ route_check ] --END-- [ RunTime:0.002604s ]
INFO: [ app_begin ] --START--
INFO: ReadHtmlCache Behavior ::run [ RunTime:0.002004s ]
INFO: [ app_begin ] --END-- [ RunTime:0.002099s ]
SQL: SHOW COLUMNS FROM `contents` [ RunTime:0.006004s ]
SQL: SELECT * FROM `contents` WHERE (  enable=1 and cateid=4  ) LIMIT 1   [ RunTime:0.000420s ]
SQL: SELECT * FROM `contents` WHERE (  enable=1 and cateid=1  ) LIMIT 1   [ RunTime:0.000350s ]
SQL: SHOW COLUMNS FROM `visters` [ RunTime:0.006419s ]
SQL: INSERT INTO `visters` (`ctime`,`info`,`ip`,`page`) VALUES ('2014-10-20 06:08','中国 北京 北京、Other简体中文系统、Other浏览器、','220.181.108.139','系统首页') [ RunTime:0.010077s ]
SQL: SHOW COLUMNS FROM `products` [ RunTime:0.005499s ]
SQL: SELECT * FROM `products` WHERE (  enable=1 and state=1  ) ORDER BY  sorts desc  [ RunTime:0.000972s ]
SQL: SELECT * FROM `products` WHERE (  enable=1 and state=2  ) ORDER BY  sorts desc  [ RunTime:0.000896s ]
INFO: [ view_parse ] --START--
INFO: ParseTemplate Behavior ::run [ RunTime:0.034186s ]
INFO: [ view_parse ] --END-- [ RunTime:0.034304s ]
INFO: [ view_filter ] --START--
INFO: ContentReplace Behavior ::run [ RunTime:0.001772s ]
INFO: TokenBuild Behavior ::run [ RunTime:0.001703s ]
INFO: WriteHtmlCache Behavior ::run [ RunTime:0.001512s ]
INFO: ShowRuntime Behavior ::run [ RunTime:0.001831s ]
INFO: [ view_filter ] --END-- [ RunTime:0.007068s ]
INFO: [ view_end ] --START--
INFO: ShowPageTrace Behavior ::run [ RunTime:0.002103s ]
INFO: [ view_end ] --END-- [ RunTime:0.002199s ]

[ 2014-10-20 06:20:52 ] 180.76.6.56 /index.php
INFO: [ app_begin ] --START--
INFO: ReadHtmlCache Behavior ::run [ RunTime:0.001428s ]
INFO: [ app_begin ] --END-- [ RunTime:0.001513s ]
SQL: SHOW COLUMNS FROM `contents` [ RunTime:0.003733s ]
SQL: SELECT * FROM `contents` WHERE (  enable=1 and cateid=4  ) LIMIT 1   [ RunTime:0.000263s ]
SQL: SELECT * FROM `contents` WHERE (  enable=1 and cateid=1  ) LIMIT 1   [ RunTime:0.000194s ]
SQL: SHOW COLUMNS FROM `visters` [ RunTime:0.005955s ]
SQL: INSERT INTO `visters` (`ctime`,`info`,`ip`,`page`) VALUES ('2014-10-20 06:20','中国 北京 北京、WindowsEnglish系统、Firefox浏览器、','180.76.6.56','系统首页') [ RunTime:0.011131s ]
SQL: SHOW COLUMNS FROM `products` [ RunTime:0.005137s ]
SQL: SELECT * FROM `products` WHERE (  enable=1 and state=1  ) ORDER BY  sorts desc  [ RunTime:0.000886s ]
SQL: SELECT * FROM `products` WHERE (  enable=1 and state=2  ) ORDER BY  sorts desc  [ RunTime:0.000783s ]
INFO: [ view_parse ] --START--
INFO: ParseTemplate Behavior ::run [ RunTime:0.037479s ]
INFO: [ view_parse ] --END-- [ RunTime:0.037592s ]
INFO: [ view_filter ] --START--
INFO: ContentReplace Behavior ::run [ RunTime:0.001621s ]
INFO: TokenBuild Behavior ::run [ RunTime:0.001571s ]
INFO: WriteHtmlCache Behavior ::run [ RunTime:0.001378s ]
INFO: ShowRuntime Behavior ::run [ RunTime:0.002672s ]
INFO: [ view_filter ] --END-- [ RunTime:0.007496s ]
INFO: [ view_end ] --START--
INFO: ShowPageTrace Behavior ::run [ RunTime:0.002029s ]
INFO: [ view_end ] --END-- [ RunTime:0.002126s ]

[ 2014-10-20 06:22:44 ] 185.10.104.195 /index.php/Index/news?faqcate=4
INFO: [ route_check ] --START--
INFO: CheckRoute Behavior ::run [ RunTime:0.001966s ]
INFO: [ route_check ] --END-- [ RunTime:0.002058s ]
INFO: [ app_begin ] --START--
INFO: ReadHtmlCache Behavior ::run [ RunTime:0.001575s ]
INFO: [ app_begin ] --END-- [ RunTime:0.001655s ]
SQL: SHOW COLUMNS FROM `contents` [ RunTime:0.004571s ]
SQL: SELECT * FROM `contents` WHERE (  enable=1 and cateid=4  ) LIMIT 1   [ RunTime:0.000320s ]
SQL: SELECT * FROM `contents` WHERE (  enable=1 and cateid=1  ) LIMIT 1   [ RunTime:0.000238s ]
SQL: SHOW COLUMNS FROM `visters` [ RunTime:0.006418s ]
SQL: INSERT INTO `visters` (`ctime`,`info`,`ip`,`page`) VALUES ('2014-10-20 06:22','欧盟  、WindowsEnglish系统、Firefox浏览器、','185.10.104.195','FAQ页面') [ RunTime:0.008132s ]
SQL: SHOW COLUMNS FROM `faqcate` [ RunTime:0.006007s ]
SQL: SHOW COLUMNS FROM `faqs` [ RunTime:0.005993s ]
SQL: SELECT * FROM `faqcate` WHERE ( enable=1  ) ORDER BY  sorts desc  [ RunTime:0.000369s ]
SQL: SELECT COUNT(*) AS tp_count FROM `faqs` WHERE (  1=1 and enable=1 and  faqcate= 4 ) LIMIT 1   [ RunTime:0.000322s ]
SQL: SELECT * FROM `faqs` WHERE (  1=1 and enable=1 and  faqcate= 4 ) ORDER BY sorts desc LIMIT 0,10   [ RunTime:0.000498s ]
INFO: [ view_parse ] --START--
INFO: ParseTemplate Behavior ::run [ RunTime:0.022028s ]
INFO: [ view_parse ] --END-- [ RunTime:0.022130s ]
INFO: [ view_filter ] --START--
INFO: ContentReplace Behavior ::run [ RunTime:0.001351s ]
INFO: TokenBuild Behavior ::run [ RunTime:0.001315s ]
INFO: WriteHtmlCache Behavior ::run [ RunTime:0.001165s ]
INFO: ShowRuntime Behavior ::run [ RunTime:0.001439s ]
INFO: [ view_filter ] --END-- [ RunTime:0.005480s ]
INFO: [ view_end ] --START--
INFO: ShowPageTrace Behavior ::run [ RunTime:0.001676s ]
INFO: [ view_end ] --END-- [ RunTime:0.001754s ]

[ 2014-10-20 07:30:48 ] 123.125.71.79 /index.php
INFO: [ app_begin ] --START--
INFO: ReadHtmlCache Behavior ::run [ RunTime:0.002279s ]
INFO: [ app_begin ] --END-- [ RunTime:0.002364s ]
SQL: SHOW COLUMNS FROM `contents` [ RunTime:0.006217s ]
SQL: SELECT * FROM `contents` WHERE (  enable=1 and cateid=4  ) LIMIT 1   [ RunTime:0.000417s ]
SQL: SELECT * FROM `contents` WHERE (  enable=1 and cateid=1  ) LIMIT 1   [ RunTime:0.000352s ]
SQL: SHOW COLUMNS FROM `visters` [ RunTime:0.006267s ]
SQL: INSERT INTO `visters` (`ctime`,`info`,`ip`,`page`) VALUES ('2014-10-20 07:30','中国 北京 北京、Other简体中文系统、Other浏览器、','123.125.71.79','系统首页') [ RunTime:0.009892s ]
SQL: SHOW COLUMNS FROM `products` [ RunTime:0.005459s ]
SQL: SELECT * FROM `products` WHERE (  enable=1 and state=1  ) ORDER BY  sorts desc  [ RunTime:0.000990s ]
SQL: SELECT * FROM `products` WHERE (  enable=1 and state=2  ) ORDER BY  sorts desc  [ RunTime:0.000908s ]
INFO: [ view_parse ] --START--
INFO: ParseTemplate Behavior ::run [ RunTime:0.030426s ]
INFO: [ view_parse ] --END-- [ RunTime:0.030539s ]
INFO: [ view_filter ] --START--
INFO: ContentReplace Behavior ::run [ RunTime:0.002533s ]
INFO: TokenBuild Behavior ::run [ RunTime:0.002488s ]
INFO: WriteHtmlCache Behavior ::run [ RunTime:0.002161s ]
INFO: ShowRuntime Behavior ::run [ RunTime:0.001818s ]
INFO: [ view_filter ] --END-- [ RunTime:0.009261s ]
INFO: [ view_end ] --START--
INFO: ShowPageTrace Behavior ::run [ RunTime:0.003132s ]
INFO: [ view_end ] --END-- [ RunTime:0.003233s ]

[ 2014-10-20 07:51:54 ] 220.181.108.117 /index.php/Index/productInfo?id=116
INFO: [ route_check ] --START--
INFO: CheckRoute Behavior ::run [ RunTime:0.002354s ]
INFO: [ route_check ] --END-- [ RunTime:0.002465s ]
INFO: [ app_begin ] --START--
INFO: ReadHtmlCache Behavior ::run [ RunTime:0.001857s ]
INFO: [ app_begin ] --END-- [ RunTime:0.001949s ]
SQL: SHOW COLUMNS FROM `contents` [ RunTime:0.004906s ]
SQL: SELECT * FROM `contents` WHERE (  enable=1 and cateid=4  ) LIMIT 1   [ RunTime:0.000370s ]
SQL: SELECT * FROM `contents` WHERE (  enable=1 and cateid=1  ) LIMIT 1   [ RunTime:0.000345s ]
SQL: SHOW COLUMNS FROM `visters` [ RunTime:0.006166s ]
SQL: INSERT INTO `visters` (`ctime`,`info`,`ip`,`page`) VALUES ('2014-10-20 07:51','中国 北京 北京、Other简体中文系统、Other浏览器、','220.181.108.117','产品详情页面') [ RunTime:0.010286s ]
SQL: SHOW COLUMNS FROM `procate` [ RunTime:0.005493s ]
SQL: SHOW COLUMNS FROM `products` [ RunTime:0.005290s ]
NOTIC: [8] Undefined index:  procate D:\enkjhost\mayning1\web\home\Lib\Action\IndexAction.class.php 第 243 行.
NOTIC: [8] Undefined index:  procate2 D:\enkjhost\mayning1\web\home\Lib\Action\IndexAction.class.php 第 244 行.
SQL: SELECT * FROM `procate` WHERE ( id=%d ) LIMIT 1   [ RunTime:0.000214s ]
ERR: 1064:You have an error in your SQL syntax; check the manual that corresponds to your MySQL server version for the right syntax to use near '%d ) LIMIT 1' at line 1
 [ SQL语句 ] : SELECT * FROM `procate` WHERE ( id=%d ) LIMIT 1  
SQL: SELECT * FROM `procate` WHERE ( id=%d ) LIMIT 1   [ RunTime:0.000182s ]
ERR: 1064:You have an error in your SQL syntax; check the manual that corresponds to your MySQL server version for the right syntax to use near '%d ) LIMIT 1' at line 1
 [ SQL语句 ] : SELECT * FROM `procate` WHERE ( id=%d ) LIMIT 1  
SQL: SELECT * FROM `procate` WHERE (  enable =1 and pid=0  )  [ RunTime:0.000349s ]
SQL: SELECT * FROM `products` WHERE (  id=116 ) LIMIT 1   [ RunTime:0.000332s ]
SQL: SELECT * FROM `procate` WHERE ( id=31 ) LIMIT 1   [ RunTime:0.000241s ]
SQL: SELECT * FROM `procate` WHERE ( id=20 ) LIMIT 1   [ RunTime:0.000231s ]
INFO: [ view_parse ] --START--
INFO: ParseTemplate Behavior ::run [ RunTime:0.028142s ]
INFO: [ view_parse ] --END-- [ RunTime:0.028251s ]
INFO: [ view_filter ] --START--
INFO: ContentReplace Behavior ::run [ RunTime:0.001620s ]
INFO: TokenBuild Behavior ::run [ RunTime:0.001574s ]
INFO: WriteHtmlCache Behavior ::run [ RunTime:0.002023s ]
INFO: ShowRuntime Behavior ::run [ RunTime:0.001709s ]
INFO: [ view_filter ] --END-- [ RunTime:0.007173s ]
INFO: [ view_end ] --START--
INFO: ShowPageTrace Behavior ::run [ RunTime:0.001981s ]
INFO: [ view_end ] --END-- [ RunTime:0.002072s ]

[ 2014-10-20 08:52:36 ] 5.255.253.87 /index.php/Index/product?procate=20&procate2=29
INFO: [ route_check ] --START--
INFO: CheckRoute Behavior ::run [ RunTime:0.002417s ]
INFO: [ route_check ] --END-- [ RunTime:0.002533s ]
INFO: [ app_begin ] --START--
INFO: ReadHtmlCache Behavior ::run [ RunTime:0.002952s ]
INFO: [ app_begin ] --END-- [ RunTime:0.003047s ]
SQL: SHOW COLUMNS FROM `contents` [ RunTime:0.005044s ]
SQL: SELECT * FROM `contents` WHERE (  enable=1 and cateid=4  ) LIMIT 1   [ RunTime:0.000388s ]
SQL: SELECT * FROM `contents` WHERE (  enable=1 and cateid=1  ) LIMIT 1   [ RunTime:0.000311s ]
SQL: SHOW COLUMNS FROM `visters` [ RunTime:0.006536s ]
SQL: INSERT INTO `visters` (`ctime`,`info`,`ip`,`page`) VALUES ('2014-10-20 08:52','俄罗斯  、OtherEnglish系统、Other浏览器、','5.255.253.87','产品页面') [ RunTime:0.012282s ]
SQL: SHOW COLUMNS FROM `procate` [ RunTime:0.005333s ]
SQL: SHOW COLUMNS FROM `products` [ RunTime:0.004858s ]
SQL: SELECT * FROM `procate` WHERE ( id=20 ) LIMIT 1   [ RunTime:0.000324s ]
SQL: SELECT * FROM `procate` WHERE ( id=29 ) LIMIT 1   [ RunTime:0.000265s ]
SQL: SELECT * FROM `procate` WHERE ( pid=20 )  [ RunTime:0.000296s ]
SQL: select count(*) as count from products a left join procate b on a.proid = b.id where 1=1 and a.enable=1 and b.enable=1  and ( b.pid=29 or b.id=29) [ RunTime:0.000562s ]
SQL: select a.id,a.title,a.info,a.imgs,a.ctime from products a left join procate b on a.proid = b.id where 1=1 and a.enable=1 and b.enable=1  and ( b.pid=29 or b.id=29) order by a.sorts desc limit 0,9 [ RunTime:0.001003s ]
SQL: SELECT * FROM `procate` WHERE (  enable =1 and pid=0  )  [ RunTime:0.000318s ]
INFO: [ view_parse ] --START--
INFO: ParseTemplate Behavior ::run [ RunTime:0.038676s ]
INFO: [ view_parse ] --END-- [ RunTime:0.038807s ]
INFO: [ view_filter ] --START--
INFO: ContentReplace Behavior ::run [ RunTime:0.002479s ]
INFO: TokenBuild Behavior ::run [ RunTime:0.002388s ]
INFO: WriteHtmlCache Behavior ::run [ RunTime:0.002070s ]
INFO: ShowRuntime Behavior ::run [ RunTime:0.001841s ]
INFO: [ view_filter ] --END-- [ RunTime:0.009029s ]
INFO: [ view_end ] --START--
INFO: ShowPageTrace Behavior ::run [ RunTime:0.003260s ]
INFO: [ view_end ] --END-- [ RunTime:0.003360s ]

[ 2014-10-20 08:54:06 ] 185.10.104.196 /index.php/Index/productInfo?id=106
INFO: [ route_check ] --START--
INFO: CheckRoute Behavior ::run [ RunTime:0.002085s ]
INFO: [ route_check ] --END-- [ RunTime:0.002176s ]
INFO: [ app_begin ] --START--
INFO: ReadHtmlCache Behavior ::run [ RunTime:0.002662s ]
INFO: [ app_begin ] --END-- [ RunTime:0.002745s ]
SQL: SHOW COLUMNS FROM `contents` [ RunTime:0.004158s ]
SQL: SELECT * FROM `contents` WHERE (  enable=1 and cateid=4  ) LIMIT 1   [ RunTime:0.000323s ]
SQL: SELECT * FROM `contents` WHERE (  enable=1 and cateid=1  ) LIMIT 1   [ RunTime:0.000233s ]
SQL: SHOW COLUMNS FROM `visters` [ RunTime:0.004888s ]
SQL: INSERT INTO `visters` (`ctime`,`info`,`ip`,`page`) VALUES ('2014-10-20 08:54','欧盟  、WindowsEnglish系统、Firefox浏览器、','185.10.104.196','产品详情页面') [ RunTime:0.008580s ]
SQL: SHOW COLUMNS FROM `procate` [ RunTime:0.005071s ]
SQL: SHOW COLUMNS FROM `products` [ RunTime:0.005238s ]
NOTIC: [8] Undefined index:  procate D:\enkjhost\mayning1\web\home\Lib\Action\IndexAction.class.php 第 243 行.
NOTIC: [8] Undefined index:  procate2 D:\enkjhost\mayning1\web\home\Lib\Action\IndexAction.class.php 第 244 行.
SQL: SELECT * FROM `procate` WHERE ( id=%d ) LIMIT 1   [ RunTime:0.000170s ]
ERR: 1064:You have an error in your SQL syntax; check the manual that corresponds to your MySQL server version for the right syntax to use near '%d ) LIMIT 1' at line 1
 [ SQL语句 ] : SELECT * FROM `procate` WHERE ( id=%d ) LIMIT 1  
SQL: SELECT * FROM `procate` WHERE ( id=%d ) LIMIT 1   [ RunTime:0.000175s ]
ERR: 1064:You have an error in your SQL syntax; check the manual that corresponds to your MySQL server version for the right syntax to use near '%d ) LIMIT 1' at line 1
 [ SQL语句 ] : SELECT * FROM `procate` WHERE ( id=%d ) LIMIT 1  
SQL: SELECT * FROM `procate` WHERE (  enable =1 and pid=0  )  [ RunTime:0.000382s ]
SQL: SELECT * FROM `products` WHERE (  id=106 ) LIMIT 1   [ RunTime:0.000313s ]
SQL: SELECT * FROM `procate` WHERE ( id=31 ) LIMIT 1   [ RunTime:0.000248s ]
SQL: SELECT * FROM `procate` WHERE ( id=20 ) LIMIT 1   [ RunTime:0.000258s ]
INFO: [ view_parse ] --START--
INFO: ParseTemplate Behavior ::run [ RunTime:0.026857s ]
INFO: [ view_parse ] --END-- [ RunTime:0.026978s ]
INFO: [ view_filter ] --START--
INFO: ContentReplace Behavior ::run [ RunTime:0.001741s ]
INFO: TokenBuild Behavior ::run [ RunTime:0.001686s ]
INFO: WriteHtmlCache Behavior ::run [ RunTime:0.001488s ]
INFO: ShowRuntime Behavior ::run [ RunTime:0.002814s ]
INFO: [ view_filter ] --END-- [ RunTime:0.007985s ]
INFO: [ view_end ] --START--
INFO: ShowPageTrace Behavior ::run [ RunTime:0.002126s ]
INFO: [ view_end ] --END-- [ RunTime:0.002226s ]

[ 2014-10-20 09:52:22 ] 5.255.253.87 /index.php/Index/product?procate=20&procate2=31
INFO: [ route_check ] --START--
INFO: CheckRoute Behavior ::run [ RunTime:0.003848s ]
INFO: [ route_check ] --END-- [ RunTime:0.003968s ]
INFO: [ app_begin ] --START--
INFO: ReadHtmlCache Behavior ::run [ RunTime:0.003053s ]
INFO: [ app_begin ] --END-- [ RunTime:0.003159s ]
SQL: SHOW COLUMNS FROM `contents` [ RunTime:0.005956s ]
SQL: SELECT * FROM `contents` WHERE (  enable=1 and cateid=4  ) LIMIT 1   [ RunTime:0.000389s ]
SQL: SELECT * FROM `contents` WHERE (  enable=1 and cateid=1  ) LIMIT 1   [ RunTime:0.000331s ]
SQL: SHOW COLUMNS FROM `visters` [ RunTime:0.007449s ]
SQL: INSERT INTO `visters` (`ctime`,`info`,`ip`,`page`) VALUES ('2014-10-20 09:52','俄罗斯  、OtherEnglish系统、Other浏览器、','5.255.253.87','产品页面') [ RunTime:0.009130s ]
SQL: SHOW COLUMNS FROM `procate` [ RunTime:0.005815s ]
SQL: SHOW COLUMNS FROM `products` [ RunTime:0.006141s ]
SQL: SELECT * FROM `procate` WHERE ( id=20 ) LIMIT 1   [ RunTime:0.000358s ]
SQL: SELECT * FROM `procate` WHERE ( id=31 ) LIMIT 1   [ RunTime:0.000251s ]
SQL: SELECT * FROM `procate` WHERE ( pid=20 )  [ RunTime:0.000289s ]
SQL: select count(*) as count from products a left join procate b on a.proid = b.id where 1=1 and a.enable=1 and b.enable=1  and ( b.pid=31 or b.id=31) [ RunTime:0.000554s ]
SQL: select a.id,a.title,a.info,a.imgs,a.ctime from products a left join procate b on a.proid = b.id where 1=1 and a.enable=1 and b.enable=1  and ( b.pid=31 or b.id=31) order by a.sorts desc limit 0,9 [ RunTime:0.000634s ]
SQL: SELECT * FROM `procate` WHERE (  enable =1 and pid=0  )  [ RunTime:0.000311s ]
INFO: [ view_parse ] --START--
INFO: ParseTemplate Behavior ::run [ RunTime:0.045817s ]
INFO: [ view_parse ] --END-- [ RunTime:0.045916s ]
INFO: [ view_filter ] --START--
INFO: ContentReplace Behavior ::run [ RunTime:0.002025s ]
INFO: TokenBuild Behavior ::run [ RunTime:0.001974s ]
INFO: WriteHtmlCache Behavior ::run [ RunTime:0.001735s ]
INFO: ShowRuntime Behavior ::run [ RunTime:0.002137s ]
INFO: [ view_filter ] --END-- [ RunTime:0.008068s ]
INFO: [ view_end ] --START--
INFO: ShowPageTrace Behavior ::run [ RunTime:0.002469s ]
INFO: [ view_end ] --END-- [ RunTime:0.002543s ]

[ 2014-10-20 10:04:46 ] 5.255.253.87 /index.php/Index/product?procate=37
INFO: [ route_check ] --START--
INFO: CheckRoute Behavior ::run [ RunTime:0.003755s ]
INFO: [ route_check ] --END-- [ RunTime:0.003868s ]
INFO: [ app_begin ] --START--
INFO: ReadHtmlCache Behavior ::run [ RunTime:0.003041s ]
INFO: [ app_begin ] --END-- [ RunTime:0.003137s ]
SQL: SHOW COLUMNS FROM `contents` [ RunTime:0.006057s ]
SQL: SELECT * FROM `contents` WHERE (  enable=1 and cateid=4  ) LIMIT 1   [ RunTime:0.000423s ]
SQL: SELECT * FROM `contents` WHERE (  enable=1 and cateid=1  ) LIMIT 1   [ RunTime:0.000349s ]
SQL: SHOW COLUMNS FROM `visters` [ RunTime:0.006469s ]
SQL: INSERT INTO `visters` (`ctime`,`info`,`ip`,`page`) VALUES ('2014-10-20 10:04','俄罗斯  、OtherEnglish系统、Other浏览器、','5.255.253.87','产品页面') [ RunTime:0.008879s ]
SQL: SHOW COLUMNS FROM `procate` [ RunTime:0.005675s ]
SQL: SHOW COLUMNS FROM `products` [ RunTime:0.005129s ]
NOTIC: [8] Undefined index:  procate2 D:\enkjhost\mayning1\web\home\Lib\Action\IndexAction.class.php 第 176 行.
SQL: SELECT * FROM `procate` WHERE ( id=37 ) LIMIT 1   [ RunTime:0.000310s ]
SQL: SELECT * FROM `procate` WHERE ( id=%d ) LIMIT 1   [ RunTime:0.000159s ]
ERR: 1064:You have an error in your SQL syntax; check the manual that corresponds to your MySQL server version for the right syntax to use near '%d ) LIMIT 1' at line 1
 [ SQL语句 ] : SELECT * FROM `procate` WHERE ( id=%d ) LIMIT 1  
SQL: SELECT * FROM `procate` WHERE ( pid=37 )  [ RunTime:0.000279s ]
SQL: select count(*) as count from products a left join procate b on a.proid = b.id where 1=1 and a.enable=1 and b.enable=1  and ( b.pid=37 or b.id=37) [ RunTime:0.000548s ]
SQL: select a.id,a.title,a.info,a.imgs,a.ctime from products a left join procate b on a.proid = b.id where 1=1 and a.enable=1 and b.enable=1  and ( b.pid=37 or b.id=37) order by a.sorts desc limit 0,9 [ RunTime:0.001029s ]
SQL: SELECT * FROM `procate` WHERE (  enable =1 and pid=0  )  [ RunTime:0.000335s ]
INFO: [ view_parse ] --START--
INFO: ParseTemplate Behavior ::run [ RunTime:0.042864s ]
INFO: [ view_parse ] --END-- [ RunTime:0.042980s ]
INFO: [ view_filter ] --START--
INFO: ContentReplace Behavior ::run [ RunTime:0.002645s ]
INFO: TokenBuild Behavior ::run [ RunTime:0.002640s ]
INFO: WriteHtmlCache Behavior ::run [ RunTime:0.002285s ]
INFO: ShowRuntime Behavior ::run [ RunTime:0.002805s ]
INFO: [ view_filter ] --END-- [ RunTime:0.010644s ]
INFO: [ view_end ] --START--
INFO: ShowPageTrace Behavior ::run [ RunTime:0.003270s ]
INFO: [ view_end ] --END-- [ RunTime:0.003368s ]

[ 2014-10-20 10:18:03 ] 5.255.253.87 /index.php/Index/product?procate=20&procate2=32
INFO: [ route_check ] --START--
INFO: CheckRoute Behavior ::run [ RunTime:0.002121s ]
INFO: [ route_check ] --END-- [ RunTime:0.002218s ]
INFO: [ app_begin ] --START--
INFO: ReadHtmlCache Behavior ::run [ RunTime:0.002555s ]
INFO: [ app_begin ] --END-- [ RunTime:0.002636s ]
SQL: SHOW COLUMNS FROM `contents` [ RunTime:0.005444s ]
SQL: SELECT * FROM `contents` WHERE (  enable=1 and cateid=4  ) LIMIT 1   [ RunTime:0.000440s ]
SQL: SELECT * FROM `contents` WHERE (  enable=1 and cateid=1  ) LIMIT 1   [ RunTime:0.000379s ]
SQL: SHOW COLUMNS FROM `visters` [ RunTime:0.005447s ]
SQL: INSERT INTO `visters` (`ctime`,`info`,`ip`,`page`) VALUES ('2014-10-20 10:18','俄罗斯  、OtherEnglish系统、Other浏览器、','5.255.253.87','产品页面') [ RunTime:0.010537s ]
SQL: SHOW COLUMNS FROM `procate` [ RunTime:0.005530s ]
SQL: SHOW COLUMNS FROM `products` [ RunTime:0.005316s ]
SQL: SELECT * FROM `procate` WHERE ( id=20 ) LIMIT 1   [ RunTime:0.000278s ]
SQL: SELECT * FROM `procate` WHERE ( id=32 ) LIMIT 1   [ RunTime:0.000196s ]
SQL: SELECT * FROM `procate` WHERE ( pid=20 )  [ RunTime:0.000231s ]
SQL: select count(*) as count from products a left join procate b on a.proid = b.id where 1=1 and a.enable=1 and b.enable=1  and ( b.pid=32 or b.id=32) [ RunTime:0.000460s ]
SQL: select a.id,a.title,a.info,a.imgs,a.ctime from products a left join procate b on a.proid = b.id where 1=1 and a.enable=1 and b.enable=1  and ( b.pid=32 or b.id=32) order by a.sorts desc limit 0,9 [ RunTime:0.000826s ]
SQL: SELECT * FROM `procate` WHERE (  enable =1 and pid=0  )  [ RunTime:0.000252s ]
INFO: [ view_parse ] --START--
INFO: ParseTemplate Behavior ::run [ RunTime:0.032199s ]
INFO: [ view_parse ] --END-- [ RunTime:0.032298s ]
INFO: [ view_filter ] --START--
INFO: ContentReplace Behavior ::run [ RunTime:0.002181s ]
INFO: TokenBuild Behavior ::run [ RunTime:0.002139s ]
INFO: WriteHtmlCache Behavior ::run [ RunTime:0.001828s ]
INFO: ShowRuntime Behavior ::run [ RunTime:0.001568s ]
INFO: [ view_filter ] --END-- [ RunTime:0.007927s ]
INFO: [ view_end ] --START--
INFO: ShowPageTrace Behavior ::run [ RunTime:0.002738s ]
INFO: [ view_end ] --END-- [ RunTime:0.002818s ]

[ 2014-10-20 10:44:01 ] 5.255.253.87 /index.php/Index/product?procate=20&procate2=28
INFO: [ route_check ] --START--
INFO: CheckRoute Behavior ::run [ RunTime:0.002853s ]
INFO: [ route_check ] --END-- [ RunTime:0.002941s ]
INFO: [ app_begin ] --START--
INFO: ReadHtmlCache Behavior ::run [ RunTime:0.002362s ]
INFO: [ app_begin ] --END-- [ RunTime:0.002450s ]
SQL: SHOW COLUMNS FROM `contents` [ RunTime:0.005801s ]
SQL: SELECT * FROM `contents` WHERE (  enable=1 and cateid=4  ) LIMIT 1   [ RunTime:0.000395s ]
SQL: SELECT * FROM `contents` WHERE (  enable=1 and cateid=1  ) LIMIT 1   [ RunTime:0.000322s ]
SQL: SHOW COLUMNS FROM `visters` [ RunTime:0.006282s ]
SQL: INSERT INTO `visters` (`ctime`,`info`,`ip`,`page`) VALUES ('2014-10-20 10:44','俄罗斯  、OtherEnglish系统、Other浏览器、','5.255.253.87','产品页面') [ RunTime:0.009800s ]
SQL: SHOW COLUMNS FROM `procate` [ RunTime:0.005537s ]
SQL: SHOW COLUMNS FROM `products` [ RunTime:0.005801s ]
SQL: SELECT * FROM `procate` WHERE ( id=20 ) LIMIT 1   [ RunTime:0.000337s ]
SQL: SELECT * FROM `procate` WHERE ( id=28 ) LIMIT 1   [ RunTime:0.000302s ]
SQL: SELECT * FROM `procate` WHERE ( pid=20 )  [ RunTime:0.000397s ]
SQL: select count(*) as count from products a left join procate b on a.proid = b.id where 1=1 and a.enable=1 and b.enable=1  and ( b.pid=28 or b.id=28) [ RunTime:0.000607s ]
SQL: select a.id,a.title,a.info,a.imgs,a.ctime from products a left join procate b on a.proid = b.id where 1=1 and a.enable=1 and b.enable=1  and ( b.pid=28 or b.id=28) order by a.sorts desc limit 0,9 [ RunTime:0.001049s ]
SQL: SELECT * FROM `procate` WHERE (  enable =1 and pid=0  )  [ RunTime:0.000377s ]
INFO: [ view_parse ] --START--
INFO: ParseTemplate Behavior ::run [ RunTime:0.037744s ]
INFO: [ view_parse ] --END-- [ RunTime:0.037855s ]
INFO: [ view_filter ] --START--
INFO: ContentReplace Behavior ::run [ RunTime:0.002508s ]
INFO: TokenBuild Behavior ::run [ RunTime:0.002381s ]
INFO: WriteHtmlCache Behavior ::run [ RunTime:0.001814s ]
INFO: ShowRuntime Behavior ::run [ RunTime:0.002194s ]
INFO: [ view_filter ] --END-- [ RunTime:0.009152s ]
INFO: [ view_end ] --START--
INFO: ShowPageTrace Behavior ::run [ RunTime:0.002836s ]
INFO: [ view_end ] --END-- [ RunTime:0.002920s ]

[ 2014-10-20 10:56:58 ] 5.255.253.87 /index.php/Index/product?procate=18
INFO: [ route_check ] --START--
INFO: CheckRoute Behavior ::run [ RunTime:0.002587s ]
INFO: [ route_check ] --END-- [ RunTime:0.002700s ]
INFO: [ app_begin ] --START--
INFO: ReadHtmlCache Behavior ::run [ RunTime:0.002063s ]
INFO: [ app_begin ] --END-- [ RunTime:0.002157s ]
SQL: SHOW COLUMNS FROM `contents` [ RunTime:0.006140s ]
SQL: SELECT * FROM `contents` WHERE (  enable=1 and cateid=4  ) LIMIT 1   [ RunTime:0.000442s ]
SQL: SELECT * FROM `contents` WHERE (  enable=1 and cateid=1  ) LIMIT 1   [ RunTime:0.000333s ]
SQL: SHOW COLUMNS FROM `visters` [ RunTime:0.006796s ]
SQL: INSERT INTO `visters` (`ctime`,`info`,`ip`,`page`) VALUES ('2014-10-20 10:56','俄罗斯  、OtherEnglish系统、Other浏览器、','5.255.253.87','产品页面') [ RunTime:0.010879s ]
SQL: SHOW COLUMNS FROM `procate` [ RunTime:0.005287s ]
SQL: SHOW COLUMNS FROM `products` [ RunTime:0.005492s ]
NOTIC: [8] Undefined index:  procate2 D:\enkjhost\mayning1\web\home\Lib\Action\IndexAction.class.php 第 176 行.
SQL: SELECT * FROM `procate` WHERE ( id=18 ) LIMIT 1   [ RunTime:0.000319s ]
SQL: SELECT * FROM `procate` WHERE ( id=%d ) LIMIT 1   [ RunTime:0.000182s ]
ERR: 1064:You have an error in your SQL syntax; check the manual that corresponds to your MySQL server version for the right syntax to use near '%d ) LIMIT 1' at line 1
 [ SQL语句 ] : SELECT * FROM `procate` WHERE ( id=%d ) LIMIT 1  
SQL: SELECT * FROM `procate` WHERE ( pid=18 )  [ RunTime:0.000313s ]
SQL: select count(*) as count from products a left join procate b on a.proid = b.id where 1=1 and a.enable=1 and b.enable=1  and ( b.pid=18 or b.id=18) [ RunTime:0.000578s ]
SQL: select a.id,a.title,a.info,a.imgs,a.ctime from products a left join procate b on a.proid = b.id where 1=1 and a.enable=1 and b.enable=1  and ( b.pid=18 or b.id=18) order by a.sorts desc limit 0,9 [ RunTime:0.001029s ]
SQL: SELECT * FROM `procate` WHERE (  enable =1 and pid=0  )  [ RunTime:0.000342s ]
INFO: [ view_parse ] --START--
INFO: ParseTemplate Behavior ::run [ RunTime:0.035997s ]
INFO: [ view_parse ] --END-- [ RunTime:0.036105s ]
INFO: [ view_filter ] --START--
INFO: ContentReplace Behavior ::run [ RunTime:0.001567s ]
INFO: TokenBuild Behavior ::run [ RunTime:0.001520s ]
INFO: WriteHtmlCache Behavior ::run [ RunTime:0.002046s ]
INFO: ShowRuntime Behavior ::run [ RunTime:0.002497s ]
INFO: [ view_filter ] --END-- [ RunTime:0.007848s ]
INFO: [ view_end ] --START--
INFO: ShowPageTrace Behavior ::run [ RunTime:0.002807s ]
INFO: [ view_end ] --END-- [ RunTime:0.002888s ]

[ 2014-10-20 11:36:42 ] 5.255.253.87 /index.php/Index/product?procate=14
INFO: [ route_check ] --START--
INFO: CheckRoute Behavior ::run [ RunTime:0.003867s ]
INFO: [ route_check ] --END-- [ RunTime:0.003982s ]
INFO: [ app_begin ] --START--
INFO: ReadHtmlCache Behavior ::run [ RunTime:0.003431s ]
INFO: [ app_begin ] --END-- [ RunTime:0.003535s ]
SQL: SHOW COLUMNS FROM `contents` [ RunTime:0.006625s ]
SQL: SELECT * FROM `contents` WHERE (  enable=1 and cateid=4  ) LIMIT 1   [ RunTime:0.000376s ]
SQL: SELECT * FROM `contents` WHERE (  enable=1 and cateid=1  ) LIMIT 1   [ RunTime:0.000314s ]
SQL: SHOW COLUMNS FROM `visters` [ RunTime:0.007598s ]
SQL: INSERT INTO `visters` (`ctime`,`info`,`ip`,`page`) VALUES ('2014-10-20 11:36','俄罗斯  、OtherEnglish系统、Other浏览器、','5.255.253.87','产品页面') [ RunTime:0.010115s ]
SQL: SHOW COLUMNS FROM `procate` [ RunTime:0.007029s ]
SQL: SHOW COLUMNS FROM `products` [ RunTime:0.007457s ]
NOTIC: [8] Undefined index:  procate2 D:\enkjhost\mayning1\web\home\Lib\Action\IndexAction.class.php 第 176 行.
SQL: SELECT * FROM `procate` WHERE ( id=14 ) LIMIT 1   [ RunTime:0.000387s ]
SQL: SELECT * FROM `procate` WHERE ( id=%d ) LIMIT 1   [ RunTime:0.000218s ]
ERR: 1064:You have an error in your SQL syntax; check the manual that corresponds to your MySQL server version for the right syntax to use near '%d ) LIMIT 1' at line 1
 [ SQL语句 ] : SELECT * FROM `procate` WHERE ( id=%d ) LIMIT 1  
SQL: SELECT * FROM `procate` WHERE ( pid=14 )  [ RunTime:0.000313s ]
SQL: select count(*) as count from products a left join procate b on a.proid = b.id where 1=1 and a.enable=1 and b.enable=1  and ( b.pid=14 or b.id=14) [ RunTime:0.000567s ]
SQL: select a.id,a.title,a.info,a.imgs,a.ctime from products a left join procate b on a.proid = b.id where 1=1 and a.enable=1 and b.enable=1  and ( b.pid=14 or b.id=14) order by a.sorts desc limit 0,9 [ RunTime:0.001010s ]
SQL: SELECT * FROM `procate` WHERE (  enable =1 and pid=0  )  [ RunTime:0.000390s ]
INFO: [ view_parse ] --START--
INFO: ParseTemplate Behavior ::run [ RunTime:0.043282s ]
INFO: [ view_parse ] --END-- [ RunTime:0.043400s ]
INFO: [ view_filter ] --START--
INFO: ContentReplace Behavior ::run [ RunTime:0.002714s ]
INFO: TokenBuild Behavior ::run [ RunTime:0.002682s ]
INFO: WriteHtmlCache Behavior ::run [ RunTime:0.002354s ]
INFO: ShowRuntime Behavior ::run [ RunTime:0.002903s ]
INFO: [ view_filter ] --END-- [ RunTime:0.010922s ]
INFO: [ view_end ] --START--
INFO: ShowPageTrace Behavior ::run [ RunTime:0.003549s ]
INFO: [ view_end ] --END-- [ RunTime:0.003648s ]

[ 2014-10-20 12:29:51 ] 5.255.253.87 /index.php/Index/product?procate=13
INFO: [ route_check ] --START--
INFO: CheckRoute Behavior ::run [ RunTime:0.002959s ]
INFO: [ route_check ] --END-- [ RunTime:0.003045s ]
INFO: [ app_begin ] --START--
INFO: ReadHtmlCache Behavior ::run [ RunTime:0.003117s ]
INFO: [ app_begin ] --END-- [ RunTime:0.003211s ]
SQL: SHOW COLUMNS FROM `contents` [ RunTime:0.006251s ]
SQL: SELECT * FROM `contents` WHERE (  enable=1 and cateid=4  ) LIMIT 1   [ RunTime:0.000426s ]
SQL: SELECT * FROM `contents` WHERE (  enable=1 and cateid=1  ) LIMIT 1   [ RunTime:0.000331s ]
SQL: SHOW COLUMNS FROM `visters` [ RunTime:0.006378s ]
SQL: INSERT INTO `visters` (`ctime`,`info`,`ip`,`page`) VALUES ('2014-10-20 12:29','俄罗斯  、OtherEnglish系统、Other浏览器、','5.255.253.87','产品页面') [ RunTime:0.010498s ]
SQL: SHOW COLUMNS FROM `procate` [ RunTime:0.005329s ]
SQL: SHOW COLUMNS FROM `products` [ RunTime:0.005972s ]
NOTIC: [8] Undefined index:  procate2 D:\enkjhost\mayning1\web\home\Lib\Action\IndexAction.class.php 第 176 行.
SQL: SELECT * FROM `procate` WHERE ( id=13 ) LIMIT 1   [ RunTime:0.000285s ]
SQL: SELECT * FROM `procate` WHERE ( id=%d ) LIMIT 1   [ RunTime:0.000141s ]
ERR: 1064:You have an error in your SQL syntax; check the manual that corresponds to your MySQL server version for the right syntax to use near '%d ) LIMIT 1' at line 1
 [ SQL语句 ] : SELECT * FROM `procate` WHERE ( id=%d ) LIMIT 1  
SQL: SELECT * FROM `procate` WHERE ( pid=13 )  [ RunTime:0.000263s ]
SQL: select count(*) as count from products a left join procate b on a.proid = b.id where 1=1 and a.enable=1 and b.enable=1  and ( b.pid=13 or b.id=13) [ RunTime:0.000536s ]
SQL: select a.id,a.title,a.info,a.imgs,a.ctime from products a left join procate b on a.proid = b.id where 1=1 and a.enable=1 and b.enable=1  and ( b.pid=13 or b.id=13) order by a.sorts desc limit 0,9 [ RunTime:0.000977s ]
SQL: SELECT * FROM `procate` WHERE (  enable =1 and pid=0  )  [ RunTime:0.000296s ]
INFO: [ view_parse ] --START--
INFO: ParseTemplate Behavior ::run [ RunTime:0.034822s ]
INFO: [ view_parse ] --END-- [ RunTime:0.034932s ]
INFO: [ view_filter ] --START--
INFO: ContentReplace Behavior ::run [ RunTime:0.002648s ]
INFO: TokenBuild Behavior ::run [ RunTime:0.002492s ]
INFO: WriteHtmlCache Behavior ::run [ RunTime:0.001999s ]
INFO: ShowRuntime Behavior ::run [ RunTime:0.001644s ]
INFO: [ view_filter ] --END-- [ RunTime:0.009018s ]
INFO: [ view_end ] --START--
INFO: ShowPageTrace Behavior ::run [ RunTime:0.002884s ]
INFO: [ view_end ] --END-- [ RunTime:0.002968s ]

[ 2014-10-20 12:43:35 ] 5.255.253.87 /index.php/Index/product?procate=&procate2=26
INFO: [ route_check ] --START--
INFO: CheckRoute Behavior ::run [ RunTime:0.003116s ]
INFO: [ route_check ] --END-- [ RunTime:0.003216s ]
INFO: [ app_begin ] --START--
INFO: ReadHtmlCache Behavior ::run [ RunTime:0.002461s ]
INFO: [ app_begin ] --END-- [ RunTime:0.002542s ]
SQL: SHOW COLUMNS FROM `contents` [ RunTime:0.004609s ]
SQL: SELECT * FROM `contents` WHERE (  enable=1 and cateid=4  ) LIMIT 1   [ RunTime:0.000296s ]
SQL: SELECT * FROM `contents` WHERE (  enable=1 and cateid=1  ) LIMIT 1   [ RunTime:0.000221s ]
SQL: SHOW COLUMNS FROM `visters` [ RunTime:0.006336s ]
SQL: INSERT INTO `visters` (`ctime`,`info`,`ip`,`page`) VALUES ('2014-10-20 12:43','俄罗斯  、OtherEnglish系统、Other浏览器、','5.255.253.87','产品页面') [ RunTime:0.009938s ]
SQL: SHOW COLUMNS FROM `procate` [ RunTime:0.005286s ]
SQL: SHOW COLUMNS FROM `products` [ RunTime:0.005680s ]
SQL: SELECT * FROM `procate` WHERE ( id=0 ) LIMIT 1   [ RunTime:0.000308s ]
SQL: SELECT * FROM `procate` WHERE ( id=26 ) LIMIT 1   [ RunTime:0.000260s ]
SQL: select count(*) as count from products a left join procate b on a.proid = b.id where 1=1 and a.enable=1 and b.enable=1  [ RunTime:0.000591s ]
SQL: select a.id,a.title,a.info,a.imgs,a.ctime from products a left join procate b on a.proid = b.id where 1=1 and a.enable=1 and b.enable=1  order by a.sorts desc limit 0,9 [ RunTime:0.000540s ]
SQL: SELECT * FROM `procate` WHERE (  enable =1 and pid=0  )  [ RunTime:0.000340s ]
NOTIC: [8] Undefined variable: cate2List D:\enkjhost\mayning1\web\home\Lib\Action\IndexAction.class.php 第 220 行.
INFO: [ view_parse ] --START--
INFO: ParseTemplate Behavior ::run [ RunTime:0.034490s ]
INFO: [ view_parse ] --END-- [ RunTime:0.034602s ]
INFO: [ view_filter ] --START--
INFO: ContentReplace Behavior ::run [ RunTime:0.002682s ]
INFO: TokenBuild Behavior ::run [ RunTime:0.001659s ]
INFO: WriteHtmlCache Behavior ::run [ RunTime:0.001460s ]
INFO: ShowRuntime Behavior ::run [ RunTime:0.001788s ]
INFO: [ view_filter ] --END-- [ RunTime:0.007850s ]
INFO: [ view_end ] --START--
INFO: ShowPageTrace Behavior ::run [ RunTime:0.002075s ]
INFO: [ view_end ] --END-- [ RunTime:0.002171s ]

[ 2014-10-20 13:10:58 ] 5.255.253.87 /index.php/Index/product?procate=15
INFO: [ route_check ] --START--
INFO: CheckRoute Behavior ::run [ RunTime:0.003810s ]
INFO: [ route_check ] --END-- [ RunTime:0.003928s ]
INFO: [ app_begin ] --START--
INFO: ReadHtmlCache Behavior ::run [ RunTime:0.002920s ]
INFO: [ app_begin ] --END-- [ RunTime:0.003018s ]
SQL: SHOW COLUMNS FROM `contents` [ RunTime:0.005302s ]
SQL: SELECT * FROM `contents` WHERE (  enable=1 and cateid=4  ) LIMIT 1   [ RunTime:0.000372s ]
SQL: SELECT * FROM `contents` WHERE (  enable=1 and cateid=1  ) LIMIT 1   [ RunTime:0.000282s ]
SQL: SHOW COLUMNS FROM `visters` [ RunTime:0.007140s ]
SQL: INSERT INTO `visters` (`ctime`,`info`,`ip`,`page`) VALUES ('2014-10-20 13:10','俄罗斯  、OtherEnglish系统、Other浏览器、','5.255.253.87','产品页面') [ RunTime:0.009246s ]
SQL: SHOW COLUMNS FROM `procate` [ RunTime:0.006280s ]
SQL: SHOW COLUMNS FROM `products` [ RunTime:0.006100s ]
NOTIC: [8] Undefined index:  procate2 D:\enkjhost\mayning1\web\home\Lib\Action\IndexAction.class.php 第 176 行.
SQL: SELECT * FROM `procate` WHERE ( id=15 ) LIMIT 1   [ RunTime:0.000350s ]
SQL: SELECT * FROM `procate` WHERE ( id=%d ) LIMIT 1   [ RunTime:0.000201s ]
ERR: 1064:You have an error in your SQL syntax; check the manual that corresponds to your MySQL server version for the right syntax to use near '%d ) LIMIT 1' at line 1
 [ SQL语句 ] : SELECT * FROM `procate` WHERE ( id=%d ) LIMIT 1  
SQL: SELECT * FROM `procate` WHERE ( pid=15 )  [ RunTime:0.000338s ]
SQL: select count(*) as count from products a left join procate b on a.proid = b.id where 1=1 and a.enable=1 and b.enable=1  and ( b.pid=15 or b.id=15) [ RunTime:0.000613s ]
SQL: select a.id,a.title,a.info,a.imgs,a.ctime from products a left join procate b on a.proid = b.id where 1=1 and a.enable=1 and b.enable=1  and ( b.pid=15 or b.id=15) order by a.sorts desc limit 0,9 [ RunTime:0.001062s ]
SQL: SELECT * FROM `procate` WHERE (  enable =1 and pid=0  )  [ RunTime:0.000374s ]
INFO: [ view_parse ] --START--
INFO: ParseTemplate Behavior ::run [ RunTime:0.041178s ]
INFO: [ view_parse ] --END-- [ RunTime:0.041292s ]
INFO: [ view_filter ] --START--
INFO: ContentReplace Behavior ::run [ RunTime:0.002366s ]
INFO: TokenBuild Behavior ::run [ RunTime:0.002304s ]
INFO: WriteHtmlCache Behavior ::run [ RunTime:0.001997s ]
INFO: ShowRuntime Behavior ::run [ RunTime:0.002565s ]
INFO: [ view_filter ] --END-- [ RunTime:0.009484s ]
INFO: [ view_end ] --START--
INFO: ShowPageTrace Behavior ::run [ RunTime:0.002961s ]
INFO: [ view_end ] --END-- [ RunTime:0.003054s ]

[ 2014-10-20 13:24:40 ] 5.255.253.87 /index.php/Index/product?procate=22&procate2=34
INFO: [ route_check ] --START--
INFO: CheckRoute Behavior ::run [ RunTime:0.002525s ]
INFO: [ route_check ] --END-- [ RunTime:0.002639s ]
INFO: [ app_begin ] --START--
INFO: ReadHtmlCache Behavior ::run [ RunTime:0.002683s ]
INFO: [ app_begin ] --END-- [ RunTime:0.002766s ]
SQL: SHOW COLUMNS FROM `contents` [ RunTime:0.006260s ]
SQL: SELECT * FROM `contents` WHERE (  enable=1 and cateid=4  ) LIMIT 1   [ RunTime:0.000342s ]
SQL: SELECT * FROM `contents` WHERE (  enable=1 and cateid=1  ) LIMIT 1   [ RunTime:0.000259s ]
SQL: SHOW COLUMNS FROM `visters` [ RunTime:0.006508s ]
SQL: INSERT INTO `visters` (`ctime`,`info`,`ip`,`page`) VALUES ('2014-10-20 13:24','俄罗斯  、OtherEnglish系统、Other浏览器、','5.255.253.87','产品页面') [ RunTime:0.010316s ]
SQL: SHOW COLUMNS FROM `procate` [ RunTime:0.005301s ]
SQL: SHOW COLUMNS FROM `products` [ RunTime:0.005589s ]
SQL: SELECT * FROM `procate` WHERE ( id=22 ) LIMIT 1   [ RunTime:0.000315s ]
SQL: SELECT * FROM `procate` WHERE ( id=34 ) LIMIT 1   [ RunTime:0.000265s ]
SQL: SELECT * FROM `procate` WHERE ( pid=22 )  [ RunTime:0.000282s ]
SQL: select count(*) as count from products a left join procate b on a.proid = b.id where 1=1 and a.enable=1 and b.enable=1  and ( b.pid=34 or b.id=34) [ RunTime:0.000542s ]
SQL: select a.id,a.title,a.info,a.imgs,a.ctime from products a left join procate b on a.proid = b.id where 1=1 and a.enable=1 and b.enable=1  and ( b.pid=34 or b.id=34) order by a.sorts desc limit 0,9 [ RunTime:0.001034s ]
SQL: SELECT * FROM `procate` WHERE (  enable =1 and pid=0  )  [ RunTime:0.000313s ]
INFO: [ view_parse ] --START--
INFO: ParseTemplate Behavior ::run [ RunTime:0.031791s ]
INFO: [ view_parse ] --END-- [ RunTime:0.031909s ]
INFO: [ view_filter ] --START--
INFO: ContentReplace Behavior ::run [ RunTime:0.001935s ]
INFO: TokenBuild Behavior ::run [ RunTime:0.001741s ]
INFO: WriteHtmlCache Behavior ::run [ RunTime:0.002402s ]
INFO: ShowRuntime Behavior ::run [ RunTime:0.001973s ]
INFO: [ view_filter ] --END-- [ RunTime:0.008310s ]
INFO: [ view_end ] --START--
INFO: ShowPageTrace Behavior ::run [ RunTime:0.003316s ]
INFO: [ view_end ] --END-- [ RunTime:0.003412s ]

[ 2014-10-20 14:03:43 ] 66.249.79.118 /index.php
INFO: [ app_begin ] --START--
INFO: ReadHtmlCache Behavior ::run [ RunTime:0.001749s ]
INFO: [ app_begin ] --END-- [ RunTime:0.001843s ]
SQL: SHOW COLUMNS FROM `contents` [ RunTime:0.004842s ]
SQL: SELECT * FROM `contents` WHERE (  enable=1 and cateid=4  ) LIMIT 1   [ RunTime:0.000305s ]
SQL: SELECT * FROM `contents` WHERE (  enable=1 and cateid=1  ) LIMIT 1   [ RunTime:0.000231s ]
NOTIC: [8] Undefined index:  HTTP_ACCEPT_LANGUAGE D:\enkjhost\mayning1\web\home\Lib\Action\UtilAction.class.php 第 96 行.
SQL: SHOW COLUMNS FROM `visters` [ RunTime:0.006967s ]
SQL: INSERT INTO `visters` (`ctime`,`info`,`ip`,`page`) VALUES ('2014-10-20 14:03','美国 加利福尼亚 Mountain View、MACEnglish系统、Safari浏览器、','66.249.79.118','系统首页') [ RunTime:0.010184s ]
SQL: SHOW COLUMNS FROM `products` [ RunTime:0.008540s ]
SQL: SELECT * FROM `products` WHERE (  enable=1 and state=1  ) ORDER BY  sorts desc  [ RunTime:0.001037s ]
SQL: SELECT * FROM `products` WHERE (  enable=1 and state=2  ) ORDER BY  sorts desc  [ RunTime:0.000863s ]
INFO: [ view_parse ] --START--
INFO: ParseTemplate Behavior ::run [ RunTime:0.030106s ]
INFO: [ view_parse ] --END-- [ RunTime:0.030211s ]
INFO: [ view_filter ] --START--
INFO: ContentReplace Behavior ::run [ RunTime:0.002191s ]
INFO: TokenBuild Behavior ::run [ RunTime:0.001496s ]
INFO: WriteHtmlCache Behavior ::run [ RunTime:0.001982s ]
INFO: ShowRuntime Behavior ::run [ RunTime:0.002336s ]
INFO: [ view_filter ] --END-- [ RunTime:0.008216s ]
INFO: [ view_end ] --START--
INFO: ShowPageTrace Behavior ::run [ RunTime:0.002711s ]
INFO: [ view_end ] --END-- [ RunTime:0.002792s ]

[ 2014-10-20 14:19:19 ] 5.255.253.87 /index.php/Index/product?procate=&procate2=11
INFO: [ route_check ] --START--
INFO: CheckRoute Behavior ::run [ RunTime:0.003781s ]
INFO: [ route_check ] --END-- [ RunTime:0.003894s ]
INFO: [ app_begin ] --START--
INFO: ReadHtmlCache Behavior ::run [ RunTime:0.002054s ]
INFO: [ app_begin ] --END-- [ RunTime:0.002151s ]
SQL: SHOW COLUMNS FROM `contents` [ RunTime:0.013478s ]
SQL: SELECT * FROM `contents` WHERE (  enable=1 and cateid=4  ) LIMIT 1   [ RunTime:0.000441s ]
SQL: SELECT * FROM `contents` WHERE (  enable=1 and cateid=1  ) LIMIT 1   [ RunTime:0.000371s ]
SQL: SHOW COLUMNS FROM `visters` [ RunTime:0.005167s ]
SQL: INSERT INTO `visters` (`ctime`,`info`,`ip`,`page`) VALUES ('2014-10-20 14:19','俄罗斯  、OtherEnglish系统、Other浏览器、','5.255.253.87','产品页面') [ RunTime:0.009834s ]
SQL: SHOW COLUMNS FROM `procate` [ RunTime:0.006070s ]
SQL: SHOW COLUMNS FROM `products` [ RunTime:0.004982s ]
SQL: SELECT * FROM `procate` WHERE ( id=0 ) LIMIT 1   [ RunTime:0.000282s ]
SQL: SELECT * FROM `procate` WHERE ( id=11 ) LIMIT 1   [ RunTime:0.000307s ]
SQL: select count(*) as count from products a left join procate b on a.proid = b.id where 1=1 and a.enable=1 and b.enable=1  [ RunTime:0.000598s ]
SQL: select a.id,a.title,a.info,a.imgs,a.ctime from products a left join procate b on a.proid = b.id where 1=1 and a.enable=1 and b.enable=1  order by a.sorts desc limit 0,9 [ RunTime:0.000533s ]
SQL: SELECT * FROM `procate` WHERE (  enable =1 and pid=0  )  [ RunTime:0.000325s ]
NOTIC: [8] Undefined variable: cate2List D:\enkjhost\mayning1\web\home\Lib\Action\IndexAction.class.php 第 220 行.
INFO: [ view_parse ] --START--
INFO: ParseTemplate Behavior ::run [ RunTime:0.043937s ]
INFO: [ view_parse ] --END-- [ RunTime:0.044053s ]
INFO: [ view_filter ] --START--
INFO: ContentReplace Behavior ::run [ RunTime:0.002673s ]
INFO: TokenBuild Behavior ::run [ RunTime:0.001823s ]
INFO: WriteHtmlCache Behavior ::run [ RunTime:0.002069s ]
INFO: ShowRuntime Behavior ::run [ RunTime:0.002212s ]
INFO: [ view_filter ] --END-- [ RunTime:0.009027s ]
INFO: [ view_end ] --START--
INFO: ShowPageTrace Behavior ::run [ RunTime:0.001750s ]
INFO: [ view_end ] --END-- [ RunTime:0.001824s ]

[ 2014-10-20 14:42:30 ] 5.255.253.87 /index.php/Index/product?procate=22&procate2=33
INFO: [ route_check ] --START--
INFO: CheckRoute Behavior ::run [ RunTime:0.002347s ]
INFO: [ route_check ] --END-- [ RunTime:0.002456s ]
INFO: [ app_begin ] --START--
INFO: ReadHtmlCache Behavior ::run [ RunTime:0.001867s ]
INFO: [ app_begin ] --END-- [ RunTime:0.001960s ]
SQL: SHOW COLUMNS FROM `contents` [ RunTime:0.004467s ]
SQL: SELECT * FROM `contents` WHERE (  enable=1 and cateid=4  ) LIMIT 1   [ RunTime:0.000340s ]
SQL: SELECT * FROM `contents` WHERE (  enable=1 and cateid=1  ) LIMIT 1   [ RunTime:0.000326s ]
SQL: SHOW COLUMNS FROM `visters` [ RunTime:0.006026s ]
SQL: INSERT INTO `visters` (`ctime`,`info`,`ip`,`page`) VALUES ('2014-10-20 14:42','俄罗斯  、OtherEnglish系统、Other浏览器、','5.255.253.87','产品页面') [ RunTime:0.010069s ]
SQL: SHOW COLUMNS FROM `procate` [ RunTime:0.005228s ]
SQL: SHOW COLUMNS FROM `products` [ RunTime:0.005153s ]
SQL: SELECT * FROM `procate` WHERE ( id=22 ) LIMIT 1   [ RunTime:0.000367s ]
SQL: SELECT * FROM `procate` WHERE ( id=33 ) LIMIT 1   [ RunTime:0.000329s ]
SQL: SELECT * FROM `procate` WHERE ( pid=22 )  [ RunTime:0.000371s ]
SQL: select count(*) as count from products a left join procate b on a.proid = b.id where 1=1 and a.enable=1 and b.enable=1  and ( b.pid=33 or b.id=33) [ RunTime:0.000634s ]
SQL: select a.id,a.title,a.info,a.imgs,a.ctime from products a left join procate b on a.proid = b.id where 1=1 and a.enable=1 and b.enable=1  and ( b.pid=33 or b.id=33) order by a.sorts desc limit 0,9 [ RunTime:0.001083s ]
SQL: SELECT * FROM `procate` WHERE (  enable =1 and pid=0  )  [ RunTime:0.000403s ]
INFO: [ view_parse ] --START--
INFO: ParseTemplate Behavior ::run [ RunTime:0.030614s ]
INFO: [ view_parse ] --END-- [ RunTime:0.030718s ]
INFO: [ view_filter ] --START--
INFO: ContentReplace Behavior ::run [ RunTime:0.002229s ]
INFO: TokenBuild Behavior ::run [ RunTime:0.001401s ]
INFO: WriteHtmlCache Behavior ::run [ RunTime:0.001890s ]
INFO: ShowRuntime Behavior ::run [ RunTime:0.001509s ]
INFO: [ view_filter ] --END-- [ RunTime:0.007250s ]
INFO: [ view_end ] --START--
INFO: ShowPageTrace Behavior ::run [ RunTime:0.002717s ]
INFO: [ view_end ] --END-- [ RunTime:0.002801s ]

[ 2014-10-20 16:10:52 ] 185.10.104.131 /index.php/Index/contact
INFO: [ route_check ] --START--
INFO: CheckRoute Behavior ::run [ RunTime:0.003762s ]
INFO: [ route_check ] --END-- [ RunTime:0.003878s ]
INFO: [ app_begin ] --START--
INFO: ReadHtmlCache Behavior ::run [ RunTime:0.003099s ]
INFO: [ app_begin ] --END-- [ RunTime:0.003199s ]
SQL: SHOW COLUMNS FROM `contents` [ RunTime:0.007295s ]
SQL: SELECT * FROM `contents` WHERE (  enable=1 and cateid=4  ) LIMIT 1   [ RunTime:0.000416s ]
SQL: SELECT * FROM `contents` WHERE (  enable=1 and cateid=1  ) LIMIT 1   [ RunTime:0.000326s ]
SQL: SHOW COLUMNS FROM `visters` [ RunTime:0.008557s ]
SQL: INSERT INTO `visters` (`ctime`,`info`,`ip`,`page`) VALUES ('2014-10-20 16:10','欧盟  、WindowsEnglish系统、Firefox浏览器、','185.10.104.131','产品详情页面') [ RunTime:0.008316s ]
SQL: SELECT * FROM `contents` WHERE (  enable=1 and cateid=3  ) LIMIT 1   [ RunTime:0.000362s ]
INFO: [ view_parse ] --START--
INFO: ParseTemplate Behavior ::run [ RunTime:0.042310s ]
INFO: [ view_parse ] --END-- [ RunTime:0.042439s ]
INFO: [ view_filter ] --START--
INFO: ContentReplace Behavior ::run [ RunTime:0.002535s ]
INFO: TokenBuild Behavior ::run [ RunTime:0.002697s ]
INFO: WriteHtmlCache Behavior ::run [ RunTime:0.002409s ]
INFO: ShowRuntime Behavior ::run [ RunTime:0.002914s ]
INFO: [ view_filter ] --END-- [ RunTime:0.010852s ]
INFO: [ view_end ] --START--
INFO: ShowPageTrace Behavior ::run [ RunTime:0.003363s ]
INFO: [ view_end ] --END-- [ RunTime:0.003455s ]

[ 2014-10-20 17:02:57 ] 123.125.71.20 /index.php/Index/product
INFO: [ route_check ] --START--
INFO: CheckRoute Behavior ::run [ RunTime:0.004136s ]
INFO: [ route_check ] --END-- [ RunTime:0.004269s ]
INFO: [ app_begin ] --START--
INFO: ReadHtmlCache Behavior ::run [ RunTime:0.003379s ]
INFO: [ app_begin ] --END-- [ RunTime:0.003477s ]
SQL: SHOW COLUMNS FROM `contents` [ RunTime:0.008495s ]
SQL: SELECT * FROM `contents` WHERE (  enable=1 and cateid=4  ) LIMIT 1   [ RunTime:0.000432s ]
SQL: SELECT * FROM `contents` WHERE (  enable=1 and cateid=1  ) LIMIT 1   [ RunTime:0.000339s ]
SQL: SHOW COLUMNS FROM `visters` [ RunTime:0.007955s ]
SQL: INSERT INTO `visters` (`ctime`,`info`,`ip`,`page`) VALUES ('2014-10-20 17:02','中国 北京 北京、Other简体中文系统、Other浏览器、','123.125.71.20','产品页面') [ RunTime:0.010440s ]
SQL: SHOW COLUMNS FROM `procate` [ RunTime:0.009537s ]
SQL: SHOW COLUMNS FROM `products` [ RunTime:0.006686s ]
NOTIC: [8] Undefined index:  procate D:\enkjhost\mayning1\web\home\Lib\Action\IndexAction.class.php 第 175 行.
NOTIC: [8] Undefined index:  procate2 D:\enkjhost\mayning1\web\home\Lib\Action\IndexAction.class.php 第 176 行.
SQL: SELECT * FROM `procate` WHERE ( id=%d ) LIMIT 1   [ RunTime:0.000145s ]
ERR: 1064:You have an error in your SQL syntax; check the manual that corresponds to your MySQL server version for the right syntax to use near '%d ) LIMIT 1' at line 1
 [ SQL语句 ] : SELECT * FROM `procate` WHERE ( id=%d ) LIMIT 1  
SQL: SELECT * FROM `procate` WHERE ( id=%d ) LIMIT 1   [ RunTime:0.000148s ]
ERR: 1064:You have an error in your SQL syntax; check the manual that corresponds to your MySQL server version for the right syntax to use near '%d ) LIMIT 1' at line 1
 [ SQL语句 ] : SELECT * FROM `procate` WHERE ( id=%d ) LIMIT 1  
SQL: select count(*) as count from products a left join procate b on a.proid = b.id where 1=1 and a.enable=1 and b.enable=1  [ RunTime:0.000474s ]
SQL: select a.id,a.title,a.info,a.imgs,a.ctime from products a left join procate b on a.proid = b.id where 1=1 and a.enable=1 and b.enable=1  order by a.sorts desc limit 0,9 [ RunTime:0.000434s ]
SQL: SELECT * FROM `procate` WHERE (  enable =1 and pid=0  )  [ RunTime:0.000256s ]
NOTIC: [8] Undefined variable: cate2List D:\enkjhost\mayning1\web\home\Lib\Action\IndexAction.class.php 第 220 行.
INFO: [ view_parse ] --START--
INFO: ParseTemplate Behavior ::run [ RunTime:0.052052s ]
INFO: [ view_parse ] --END-- [ RunTime:0.052158s ]
INFO: [ view_filter ] --START--
INFO: ContentReplace Behavior ::run [ RunTime:0.002915s ]
INFO: TokenBuild Behavior ::run [ RunTime:0.002884s ]
INFO: WriteHtmlCache Behavior ::run [ RunTime:0.002637s ]
INFO: ShowRuntime Behavior ::run [ RunTime:0.003164s ]
INFO: [ view_filter ] --END-- [ RunTime:0.011861s ]
INFO: [ view_end ] --START--
INFO: ShowPageTrace Behavior ::run [ RunTime:0.003569s ]
INFO: [ view_end ] --END-- [ RunTime:0.003671s ]

[ 2014-10-20 17:17:33 ] 185.10.104.131 /index.php/Index/productInfo?id=118
INFO: [ route_check ] --START--
INFO: CheckRoute Behavior ::run [ RunTime:0.002665s ]
INFO: [ route_check ] --END-- [ RunTime:0.002779s ]
INFO: [ app_begin ] --START--
INFO: ReadHtmlCache Behavior ::run [ RunTime:0.003186s ]
INFO: [ app_begin ] --END-- [ RunTime:0.003286s ]
SQL: SHOW COLUMNS FROM `contents` [ RunTime:0.006439s ]
SQL: SELECT * FROM `contents` WHERE (  enable=1 and cateid=4  ) LIMIT 1   [ RunTime:0.000362s ]
SQL: SELECT * FROM `contents` WHERE (  enable=1 and cateid=1  ) LIMIT 1   [ RunTime:0.000380s ]
SQL: SHOW COLUMNS FROM `visters` [ RunTime:0.007148s ]
SQL: INSERT INTO `visters` (`ctime`,`info`,`ip`,`page`) VALUES ('2014-10-20 17:17','欧盟  、WindowsEnglish系统、Firefox浏览器、','185.10.104.131','产品详情页面') [ RunTime:0.010579s ]
SQL: SHOW COLUMNS FROM `procate` [ RunTime:0.006361s ]
SQL: SHOW COLUMNS FROM `products` [ RunTime:0.007092s ]
NOTIC: [8] Undefined index:  procate D:\enkjhost\mayning1\web\home\Lib\Action\IndexAction.class.php 第 243 行.
NOTIC: [8] Undefined index:  procate2 D:\enkjhost\mayning1\web\home\Lib\Action\IndexAction.class.php 第 244 行.
SQL: SELECT * FROM `procate` WHERE ( id=%d ) LIMIT 1   [ RunTime:0.000195s ]
ERR: 1064:You have an error in your SQL syntax; check the manual that corresponds to your MySQL server version for the right syntax to use near '%d ) LIMIT 1' at line 1
 [ SQL语句 ] : SELECT * FROM `procate` WHERE ( id=%d ) LIMIT 1  
SQL: SELECT * FROM `procate` WHERE ( id=%d ) LIMIT 1   [ RunTime:0.000179s ]
ERR: 1064:You have an error in your SQL syntax; check the manual that corresponds to your MySQL server version for the right syntax to use near '%d ) LIMIT 1' at line 1
 [ SQL语句 ] : SELECT * FROM `procate` WHERE ( id=%d ) LIMIT 1  
SQL: SELECT * FROM `procate` WHERE (  enable =1 and pid=0  )  [ RunTime:0.000380s ]
SQL: SELECT * FROM `products` WHERE (  id=118 ) LIMIT 1   [ RunTime:0.000347s ]
SQL: SELECT * FROM `procate` WHERE ( id=31 ) LIMIT 1   [ RunTime:0.000270s ]
SQL: SELECT * FROM `procate` WHERE ( id=20 ) LIMIT 1   [ RunTime:0.000267s ]
INFO: [ view_parse ] --START--
INFO: ParseTemplate Behavior ::run [ RunTime:0.036901s ]
INFO: [ view_parse ] --END-- [ RunTime:0.037004s ]
INFO: [ view_filter ] --START--
INFO: ContentReplace Behavior ::run [ RunTime:0.002362s ]
INFO: TokenBuild Behavior ::run [ RunTime:0.002415s ]
INFO: WriteHtmlCache Behavior ::run [ RunTime:0.002142s ]
INFO: ShowRuntime Behavior ::run [ RunTime:0.001793s ]
INFO: [ view_filter ] --END-- [ RunTime:0.008943s ]
INFO: [ view_end ] --START--
INFO: ShowPageTrace Behavior ::run [ RunTime:0.003123s ]
INFO: [ view_end ] --END-- [ RunTime:0.003220s ]

[ 2014-10-20 17:46:20 ] 61.135.189.171 /index.php/Index/product?procate=22
INFO: [ route_check ] --START--
INFO: CheckRoute Behavior ::run [ RunTime:0.002660s ]
INFO: [ route_check ] --END-- [ RunTime:0.002775s ]
INFO: [ app_begin ] --START--
INFO: ReadHtmlCache Behavior ::run [ RunTime:0.003448s ]
INFO: [ app_begin ] --END-- [ RunTime:0.003548s ]
SQL: SHOW COLUMNS FROM `contents` [ RunTime:0.006202s ]
SQL: SELECT * FROM `contents` WHERE (  enable=1 and cateid=4  ) LIMIT 1   [ RunTime:0.000402s ]
SQL: SELECT * FROM `contents` WHERE (  enable=1 and cateid=1  ) LIMIT 1   [ RunTime:0.000309s ]
SQL: SHOW COLUMNS FROM `visters` [ RunTime:0.006707s ]
SQL: INSERT INTO `visters` (`ctime`,`info`,`ip`,`page`) VALUES ('2014-10-20 17:46','中国 北京 北京、Other简体中文系统、Other浏览器、','61.135.189.171','产品页面') [ RunTime:0.009562s ]
SQL: SHOW COLUMNS FROM `procate` [ RunTime:0.005848s ]
SQL: SHOW COLUMNS FROM `products` [ RunTime:0.005696s ]
NOTIC: [8] Undefined index:  procate2 D:\enkjhost\mayning1\web\home\Lib\Action\IndexAction.class.php 第 176 行.
SQL: SELECT * FROM `procate` WHERE ( id=22 ) LIMIT 1   [ RunTime:0.000331s ]
SQL: SELECT * FROM `procate` WHERE ( id=%d ) LIMIT 1   [ RunTime:0.000160s ]
ERR: 1064:You have an error in your SQL syntax; check the manual that corresponds to your MySQL server version for the right syntax to use near '%d ) LIMIT 1' at line 1
 [ SQL语句 ] : SELECT * FROM `procate` WHERE ( id=%d ) LIMIT 1  
SQL: SELECT * FROM `procate` WHERE ( pid=22 )  [ RunTime:0.000288s ]
SQL: select count(*) as count from products a left join procate b on a.proid = b.id where 1=1 and a.enable=1 and b.enable=1  and ( b.pid=22 or b.id=22) [ RunTime:0.000543s ]
SQL: select a.id,a.title,a.info,a.imgs,a.ctime from products a left join procate b on a.proid = b.id where 1=1 and a.enable=1 and b.enable=1  and ( b.pid=22 or b.id=22) order by a.sorts desc limit 0,9 [ RunTime:0.000982s ]
SQL: SELECT * FROM `procate` WHERE (  enable =1 and pid=0  )  [ RunTime:0.000299s ]
INFO: [ view_parse ] --START--
INFO: ParseTemplate Behavior ::run [ RunTime:0.045857s ]
INFO: [ view_parse ] --END-- [ RunTime:0.045977s ]
INFO: [ view_filter ] --START--
INFO: ContentReplace Behavior ::run [ RunTime:0.001907s ]
INFO: TokenBuild Behavior ::run [ RunTime:0.001822s ]
INFO: WriteHtmlCache Behavior ::run [ RunTime:0.002516s ]
INFO: ShowRuntime Behavior ::run [ RunTime:0.001916s ]
INFO: [ view_filter ] --END-- [ RunTime:0.008411s ]
INFO: [ view_end ] --START--
INFO: ShowPageTrace Behavior ::run [ RunTime:0.003025s ]
INFO: [ view_end ] --END-- [ RunTime:0.003111s ]

[ 2014-10-20 17:46:53 ] 61.135.189.171 /index.php/Index/product?procate=20
INFO: [ route_check ] --START--
INFO: CheckRoute Behavior ::run [ RunTime:0.002003s ]
INFO: [ route_check ] --END-- [ RunTime:0.002091s ]
INFO: [ app_begin ] --START--
INFO: ReadHtmlCache Behavior ::run [ RunTime:0.001591s ]
INFO: [ app_begin ] --END-- [ RunTime:0.001665s ]
SQL: SHOW COLUMNS FROM `contents` [ RunTime:0.005066s ]
SQL: SELECT * FROM `contents` WHERE (  enable=1 and cateid=4  ) LIMIT 1   [ RunTime:0.000356s ]
SQL: SELECT * FROM `contents` WHERE (  enable=1 and cateid=1  ) LIMIT 1   [ RunTime:0.000322s ]
SQL: SHOW COLUMNS FROM `visters` [ RunTime:0.006558s ]
SQL: INSERT INTO `visters` (`ctime`,`info`,`ip`,`page`) VALUES ('2014-10-20 17:46','中国 北京 北京、Other简体中文系统、Other浏览器、','61.135.189.171','产品页面') [ RunTime:0.007909s ]
SQL: SHOW COLUMNS FROM `procate` [ RunTime:0.005824s ]
SQL: SHOW COLUMNS FROM `products` [ RunTime:0.005579s ]
NOTIC: [8] Undefined index:  procate2 D:\enkjhost\mayning1\web\home\Lib\Action\IndexAction.class.php 第 176 行.
SQL: SELECT * FROM `procate` WHERE ( id=20 ) LIMIT 1   [ RunTime:0.000290s ]
SQL: SELECT * FROM `procate` WHERE ( id=%d ) LIMIT 1   [ RunTime:0.000178s ]
ERR: 1064:You have an error in your SQL syntax; check the manual that corresponds to your MySQL server version for the right syntax to use near '%d ) LIMIT 1' at line 1
 [ SQL语句 ] : SELECT * FROM `procate` WHERE ( id=%d ) LIMIT 1  
SQL: SELECT * FROM `procate` WHERE ( pid=20 )  [ RunTime:0.000309s ]
SQL: select count(*) as count from products a left join procate b on a.proid = b.id where 1=1 and a.enable=1 and b.enable=1  and ( b.pid=20 or b.id=20) [ RunTime:0.000560s ]
SQL: select a.id,a.title,a.info,a.imgs,a.ctime from products a left join procate b on a.proid = b.id where 1=1 and a.enable=1 and b.enable=1  and ( b.pid=20 or b.id=20) order by a.sorts desc limit 0,9 [ RunTime:0.000639s ]
SQL: SELECT * FROM `procate` WHERE (  enable =1 and pid=0  )  [ RunTime:0.000319s ]
INFO: [ view_parse ] --START--
INFO: ParseTemplate Behavior ::run [ RunTime:0.038153s ]
INFO: [ view_parse ] --END-- [ RunTime:0.038255s ]
INFO: [ view_filter ] --START--
INFO: ContentReplace Behavior ::run [ RunTime:0.001448s ]
INFO: TokenBuild Behavior ::run [ RunTime:0.001394s ]
INFO: WriteHtmlCache Behavior ::run [ RunTime:0.001263s ]
INFO: ShowRuntime Behavior ::run [ RunTime:0.001496s ]
INFO: [ view_filter ] --END-- [ RunTime:0.005795s ]
INFO: [ view_end ] --START--
INFO: ShowPageTrace Behavior ::run [ RunTime:0.001724s ]
INFO: [ view_end ] --END-- [ RunTime:0.001800s ]

[ 2014-10-20 17:47:30 ] 61.135.189.171 /index.php/Index/product?procate=11
INFO: [ route_check ] --START--
INFO: CheckRoute Behavior ::run [ RunTime:0.002608s ]
INFO: [ route_check ] --END-- [ RunTime:0.002721s ]
INFO: [ app_begin ] --START--
INFO: ReadHtmlCache Behavior ::run [ RunTime:0.002106s ]
INFO: [ app_begin ] --END-- [ RunTime:0.002200s ]
SQL: SHOW COLUMNS FROM `contents` [ RunTime:0.004746s ]
SQL: SELECT * FROM `contents` WHERE (  enable=1 and cateid=4  ) LIMIT 1   [ RunTime:0.000359s ]
SQL: SELECT * FROM `contents` WHERE (  enable=1 and cateid=1  ) LIMIT 1   [ RunTime:0.000290s ]
SQL: SHOW COLUMNS FROM `visters` [ RunTime:0.006793s ]
SQL: INSERT INTO `visters` (`ctime`,`info`,`ip`,`page`) VALUES ('2014-10-20 17:47','中国 北京 北京、Other简体中文系统、Other浏览器、','61.135.189.171','产品页面') [ RunTime:0.009672s ]
SQL: SHOW COLUMNS FROM `procate` [ RunTime:0.006642s ]
SQL: SHOW COLUMNS FROM `products` [ RunTime:0.004190s ]
NOTIC: [8] Undefined index:  procate2 D:\enkjhost\mayning1\web\home\Lib\Action\IndexAction.class.php 第 176 行.
SQL: SELECT * FROM `procate` WHERE ( id=11 ) LIMIT 1   [ RunTime:0.000248s ]
SQL: SELECT * FROM `procate` WHERE ( id=%d ) LIMIT 1   [ RunTime:0.000111s ]
ERR: 1064:You have an error in your SQL syntax; check the manual that corresponds to your MySQL server version for the right syntax to use near '%d ) LIMIT 1' at line 1
 [ SQL语句 ] : SELECT * FROM `procate` WHERE ( id=%d ) LIMIT 1  
SQL: SELECT * FROM `procate` WHERE ( pid=11 )  [ RunTime:0.000204s ]
SQL: select count(*) as count from products a left join procate b on a.proid = b.id where 1=1 and a.enable=1 and b.enable=1  and ( b.pid=11 or b.id=11) [ RunTime:0.000412s ]
SQL: select a.id,a.title,a.info,a.imgs,a.ctime from products a left join procate b on a.proid = b.id where 1=1 and a.enable=1 and b.enable=1  and ( b.pid=11 or b.id=11) order by a.sorts desc limit 0,9 [ RunTime:0.000754s ]
SQL: SELECT * FROM `procate` WHERE (  enable =1 and pid=0  )  [ RunTime:0.000233s ]
INFO: [ view_parse ] --START--
INFO: ParseTemplate Behavior ::run [ RunTime:0.023486s ]
INFO: [ view_parse ] --END-- [ RunTime:0.023573s ]
INFO: [ view_filter ] --START--
INFO: ContentReplace Behavior ::run [ RunTime:0.001412s ]
INFO: TokenBuild Behavior ::run [ RunTime:0.001372s ]
INFO: WriteHtmlCache Behavior ::run [ RunTime:0.001223s ]
INFO: ShowRuntime Behavior ::run [ RunTime:0.001480s ]
INFO: [ view_filter ] --END-- [ RunTime:0.005678s ]
INFO: [ view_end ] --START--
INFO: ShowPageTrace Behavior ::run [ RunTime:0.001698s ]
INFO: [ view_end ] --END-- [ RunTime:0.001769s ]

[ 2014-10-20 22:40:01 ] 119.63.193.130 /index.php
INFO: [ app_begin ] --START--
INFO: ReadHtmlCache Behavior ::run [ RunTime:0.003511s ]
INFO: [ app_begin ] --END-- [ RunTime:0.003644s ]
SQL: SHOW COLUMNS FROM `contents` [ RunTime:0.009804s ]
SQL: SELECT * FROM `contents` WHERE (  enable=1 and cateid=4  ) LIMIT 1   [ RunTime:0.000399s ]
SQL: SELECT * FROM `contents` WHERE (  enable=1 and cateid=1  ) LIMIT 1   [ RunTime:0.000298s ]
SQL: SHOW COLUMNS FROM `visters` [ RunTime:0.007615s ]
SQL: INSERT INTO `visters` (`ctime`,`info`,`ip`,`page`) VALUES ('2014-10-20 22:40','日本 东京 Tokyo、Windows简体中文系统、MSIE浏览器、','119.63.193.130','系统首页') [ RunTime:0.009240s ]
SQL: SHOW COLUMNS FROM `products` [ RunTime:0.009139s ]
SQL: SELECT * FROM `products` WHERE (  enable=1 and state=1  ) ORDER BY  sorts desc  [ RunTime:0.000833s ]
SQL: SELECT * FROM `products` WHERE (  enable=1 and state=2  ) ORDER BY  sorts desc  [ RunTime:0.000698s ]
INFO: [ view_parse ] --START--
INFO: ParseTemplate Behavior ::run [ RunTime:0.038151s ]
INFO: [ view_parse ] --END-- [ RunTime:0.038264s ]
INFO: [ view_filter ] --START--
INFO: ContentReplace Behavior ::run [ RunTime:0.002720s ]
INFO: TokenBuild Behavior ::run [ RunTime:0.002680s ]
INFO: WriteHtmlCache Behavior ::run [ RunTime:0.002422s ]
INFO: ShowRuntime Behavior ::run [ RunTime:0.003577s ]
INFO: [ view_filter ] --END-- [ RunTime:0.011657s ]
INFO: [ view_end ] --START--
INFO: ShowPageTrace Behavior ::run [ RunTime:0.003472s ]
INFO: [ view_end ] --END-- [ RunTime:0.003582s ]

[ 2014-10-20 22:40:02 ] 202.46.61.26 /index.php
INFO: [ app_begin ] --START--
INFO: ReadHtmlCache Behavior ::run [ RunTime:0.002153s ]
INFO: [ app_begin ] --END-- [ RunTime:0.002268s ]
SQL: SHOW COLUMNS FROM `contents` [ RunTime:0.005349s ]
SQL: SELECT * FROM `contents` WHERE (  enable=1 and cateid=4  ) LIMIT 1   [ RunTime:0.000419s ]
SQL: SELECT * FROM `contents` WHERE (  enable=1 and cateid=1  ) LIMIT 1   [ RunTime:0.000358s ]
SQL: SHOW COLUMNS FROM `visters` [ RunTime:0.006551s ]
SQL: INSERT INTO `visters` (`ctime`,`info`,`ip`,`page`) VALUES ('2014-10-20 22:40','中国 广东 深圳、Windows简体中文系统、MSIE浏览器、','202.46.61.26','系统首页') [ RunTime:0.010127s ]
SQL: SHOW COLUMNS FROM `products` [ RunTime:0.006481s ]
SQL: SELECT * FROM `products` WHERE (  enable=1 and state=1  ) ORDER BY  sorts desc  [ RunTime:0.000991s ]
SQL: SELECT * FROM `products` WHERE (  enable=1 and state=2  ) ORDER BY  sorts desc  [ RunTime:0.000972s ]
INFO: [ view_parse ] --START--
INFO: ParseTemplate Behavior ::run [ RunTime:0.027198s ]
INFO: [ view_parse ] --END-- [ RunTime:0.027318s ]
INFO: [ view_filter ] --START--
INFO: ContentReplace Behavior ::run [ RunTime:0.001928s ]
INFO: TokenBuild Behavior ::run [ RunTime:0.001861s ]
INFO: WriteHtmlCache Behavior ::run [ RunTime:0.001664s ]
INFO: ShowRuntime Behavior ::run [ RunTime:0.001998s ]
INFO: [ view_filter ] --END-- [ RunTime:0.007705s ]
INFO: [ view_end ] --START--
INFO: ShowPageTrace Behavior ::run [ RunTime:0.002268s ]
INFO: [ view_end ] --END-- [ RunTime:0.002364s ]

[ 2014-10-20 22:47:17 ] 66.249.67.118 /index.php
INFO: [ app_begin ] --START--
INFO: ReadHtmlCache Behavior ::run [ RunTime:0.002509s ]
INFO: [ app_begin ] --END-- [ RunTime:0.002601s ]
SQL: SHOW COLUMNS FROM `contents` [ RunTime:0.005541s ]
SQL: SELECT * FROM `contents` WHERE (  enable=1 and cateid=4  ) LIMIT 1   [ RunTime:0.000359s ]
SQL: SELECT * FROM `contents` WHERE (  enable=1 and cateid=1  ) LIMIT 1   [ RunTime:0.000294s ]
NOTIC: [8] Undefined index:  HTTP_ACCEPT_LANGUAGE D:\enkjhost\mayning1\web\home\Lib\Action\UtilAction.class.php 第 96 行.
SQL: SHOW COLUMNS FROM `visters` [ RunTime:0.006522s ]
SQL: INSERT INTO `visters` (`ctime`,`info`,`ip`,`page`) VALUES ('2014-10-20 22:47','美国 加利福尼亚 Mountain View、OtherEnglish系统、Other浏览器、','66.249.67.118','系统首页') [ RunTime:0.010107s ]
SQL: SHOW COLUMNS FROM `products` [ RunTime:0.005575s ]
SQL: SELECT * FROM `products` WHERE (  enable=1 and state=1  ) ORDER BY  sorts desc  [ RunTime:0.000996s ]
SQL: SELECT * FROM `products` WHERE (  enable=1 and state=2  ) ORDER BY  sorts desc  [ RunTime:0.000949s ]
INFO: [ view_parse ] --START--
INFO: ParseTemplate Behavior ::run [ RunTime:0.028873s ]
INFO: [ view_parse ] --END-- [ RunTime:0.028975s ]
INFO: [ view_filter ] --START--
INFO: ContentReplace Behavior ::run [ RunTime:0.002118s ]
INFO: TokenBuild Behavior ::run [ RunTime:0.001364s ]
INFO: WriteHtmlCache Behavior ::run [ RunTime:0.001832s ]
INFO: ShowRuntime Behavior ::run [ RunTime:0.001535s ]
INFO: [ view_filter ] --END-- [ RunTime:0.007048s ]
INFO: [ view_end ] --START--
INFO: ShowPageTrace Behavior ::run [ RunTime:0.002521s ]
INFO: [ view_end ] --END-- [ RunTime:0.002597s ]

[ 2014-10-20 22:48:01 ] 66.249.67.134 /index.php/Index/index
INFO: [ route_check ] --START--
INFO: CheckRoute Behavior ::run [ RunTime:0.004135s ]
INFO: [ route_check ] --END-- [ RunTime:0.004249s ]
INFO: [ app_begin ] --START--
INFO: ReadHtmlCache Behavior ::run [ RunTime:0.001660s ]
INFO: [ app_begin ] --END-- [ RunTime:0.001737s ]
SQL: SHOW COLUMNS FROM `contents` [ RunTime:0.004812s ]
SQL: SELECT * FROM `contents` WHERE (  enable=1 and cateid=4  ) LIMIT 1   [ RunTime:0.000353s ]
SQL: SELECT * FROM `contents` WHERE (  enable=1 and cateid=1  ) LIMIT 1   [ RunTime:0.000262s ]
NOTIC: [8] Undefined index:  HTTP_ACCEPT_LANGUAGE D:\enkjhost\mayning1\web\home\Lib\Action\UtilAction.class.php 第 96 行.
SQL: SHOW COLUMNS FROM `visters` [ RunTime:0.006678s ]
SQL: INSERT INTO `visters` (`ctime`,`info`,`ip`,`page`) VALUES ('2014-10-20 22:48','美国 加利福尼亚 Mountain View、OtherEnglish系统、Other浏览器、','66.249.67.134','系统首页') [ RunTime:0.009368s ]
SQL: SHOW COLUMNS FROM `products` [ RunTime:0.006028s ]
SQL: SELECT * FROM `products` WHERE (  enable=1 and state=1  ) ORDER BY  sorts desc  [ RunTime:0.001239s ]
SQL: SELECT * FROM `products` WHERE (  enable=1 and state=2  ) ORDER BY  sorts desc  [ RunTime:0.001160s ]
INFO: [ view_parse ] --START--
INFO: ParseTemplate Behavior ::run [ RunTime:0.023281s ]
INFO: [ view_parse ] --END-- [ RunTime:0.023397s ]
INFO: [ view_filter ] --START--
INFO: ContentReplace Behavior ::run [ RunTime:0.001563s ]
INFO: TokenBuild Behavior ::run [ RunTime:0.001520s ]
INFO: WriteHtmlCache Behavior ::run [ RunTime:0.001347s ]
INFO: ShowRuntime Behavior ::run [ RunTime:0.001638s ]
INFO: [ view_filter ] --END-- [ RunTime:0.006282s ]
INFO: [ view_end ] --START--
INFO: ShowPageTrace Behavior ::run [ RunTime:0.001865s ]
INFO: [ view_end ] --END-- [ RunTime:0.001948s ]

[ 2014-10-20 22:49:28 ] 220.181.108.182 /index.php
INFO: [ app_begin ] --START--
INFO: ReadHtmlCache Behavior ::run [ RunTime:0.003133s ]
INFO: [ app_begin ] --END-- [ RunTime:0.003254s ]
SQL: SHOW COLUMNS FROM `contents` [ RunTime:0.005782s ]
SQL: SELECT * FROM `contents` WHERE (  enable=1 and cateid=4  ) LIMIT 1   [ RunTime:0.000439s ]
SQL: SELECT * FROM `contents` WHERE (  enable=1 and cateid=1  ) LIMIT 1   [ RunTime:0.000374s ]
SQL: SHOW COLUMNS FROM `visters` [ RunTime:0.006956s ]
SQL: INSERT INTO `visters` (`ctime`,`info`,`ip`,`page`) VALUES ('2014-10-20 22:49','中国 北京 北京、Other简体中文系统、Other浏览器、','220.181.108.182','系统首页') [ RunTime:0.011367s ]
SQL: SHOW COLUMNS FROM `products` [ RunTime:0.005786s ]
SQL: SELECT * FROM `products` WHERE (  enable=1 and state=1  ) ORDER BY  sorts desc  [ RunTime:0.001255s ]
SQL: SELECT * FROM `products` WHERE (  enable=1 and state=2  ) ORDER BY  sorts desc  [ RunTime:0.001193s ]
INFO: [ view_parse ] --START--
INFO: ParseTemplate Behavior ::run [ RunTime:0.038092s ]
INFO: [ view_parse ] --END-- [ RunTime:0.038216s ]
INFO: [ view_filter ] --START--
INFO: ContentReplace Behavior ::run [ RunTime:0.002697s ]
INFO: TokenBuild Behavior ::run [ RunTime:0.002744s ]
INFO: WriteHtmlCache Behavior ::run [ RunTime:0.002501s ]
INFO: ShowRuntime Behavior ::run [ RunTime:0.002928s ]
INFO: [ view_filter ] --END-- [ RunTime:0.011139s ]
INFO: [ view_end ] --START--
INFO: ShowPageTrace Behavior ::run [ RunTime:0.003438s ]
INFO: [ view_end ] --END-- [ RunTime:0.003539s ]

[ 2014-10-20 22:49:41 ] 123.125.71.95 /index.php
INFO: [ app_begin ] --START--
INFO: ReadHtmlCache Behavior ::run [ RunTime:0.001623s ]
INFO: [ app_begin ] --END-- [ RunTime:0.001711s ]
SQL: SHOW COLUMNS FROM `contents` [ RunTime:0.004714s ]
SQL: SELECT * FROM `contents` WHERE (  enable=1 and cateid=4  ) LIMIT 1   [ RunTime:0.000299s ]
SQL: SELECT * FROM `contents` WHERE (  enable=1 and cateid=1  ) LIMIT 1   [ RunTime:0.000235s ]
SQL: SHOW COLUMNS FROM `visters` [ RunTime:0.005596s ]
SQL: INSERT INTO `visters` (`ctime`,`info`,`ip`,`page`) VALUES ('2014-10-20 22:49','中国 北京 北京、Other简体中文系统、Other浏览器、','123.125.71.95','系统首页') [ RunTime:0.009552s ]
SQL: SHOW COLUMNS FROM `products` [ RunTime:0.006069s ]
SQL: SELECT * FROM `products` WHERE (  enable=1 and state=1  ) ORDER BY  sorts desc  [ RunTime:0.000934s ]
SQL: SELECT * FROM `products` WHERE (  enable=1 and state=2  ) ORDER BY  sorts desc  [ RunTime:0.000852s ]
INFO: [ view_parse ] --START--
INFO: ParseTemplate Behavior ::run [ RunTime:0.026513s ]
INFO: [ view_parse ] --END-- [ RunTime:0.026627s ]
INFO: [ view_filter ] --START--
INFO: ContentReplace Behavior ::run [ RunTime:0.001891s ]
INFO: TokenBuild Behavior ::run [ RunTime:0.001812s ]
INFO: WriteHtmlCache Behavior ::run [ RunTime:0.001616s ]
INFO: ShowRuntime Behavior ::run [ RunTime:0.001946s ]
INFO: [ view_filter ] --END-- [ RunTime:0.007521s ]
INFO: [ view_end ] --START--
INFO: ShowPageTrace Behavior ::run [ RunTime:0.002213s ]
INFO: [ view_end ] --END-- [ RunTime:0.002309s ]

[ 2014-10-20 23:00:07 ] 66.249.67.118 /index.php/Index/product/p/
INFO: [ route_check ] --START--
INFO: CheckRoute Behavior ::run [ RunTime:0.003963s ]
INFO: [ route_check ] --END-- [ RunTime:0.004077s ]
INFO: [ app_begin ] --START--
INFO: ReadHtmlCache Behavior ::run [ RunTime:0.002170s ]
INFO: [ app_begin ] --END-- [ RunTime:0.002266s ]
SQL: SHOW COLUMNS FROM `contents` [ RunTime:0.006444s ]
SQL: SELECT * FROM `contents` WHERE (  enable=1 and cateid=4  ) LIMIT 1   [ RunTime:0.000423s ]
SQL: SELECT * FROM `contents` WHERE (  enable=1 and cateid=1  ) LIMIT 1   [ RunTime:0.000348s ]
NOTIC: [8] Undefined index:  HTTP_ACCEPT_LANGUAGE D:\enkjhost\mayning1\web\home\Lib\Action\UtilAction.class.php 第 96 行.
SQL: SHOW COLUMNS FROM `visters` [ RunTime:0.006718s ]
SQL: INSERT INTO `visters` (`ctime`,`info`,`ip`,`page`) VALUES ('2014-10-20 23:00','美国 加利福尼亚 Mountain View、OtherEnglish系统、Other浏览器、','66.249.67.118','产品页面') [ RunTime:0.010242s ]
SQL: SHOW COLUMNS FROM `procate` [ RunTime:0.007690s ]
SQL: SHOW COLUMNS FROM `products` [ RunTime:0.005318s ]
NOTIC: [8] Undefined index:  procate D:\enkjhost\mayning1\web\home\Lib\Action\IndexAction.class.php 第 175 行.
NOTIC: [8] Undefined index:  procate2 D:\enkjhost\mayning1\web\home\Lib\Action\IndexAction.class.php 第 176 行.
SQL: SELECT * FROM `procate` WHERE ( id=%d ) LIMIT 1   [ RunTime:0.000166s ]
ERR: 1064:You have an error in your SQL syntax; check the manual that corresponds to your MySQL server version for the right syntax to use near '%d ) LIMIT 1' at line 1
 [ SQL语句 ] : SELECT * FROM `procate` WHERE ( id=%d ) LIMIT 1  
SQL: SELECT * FROM `procate` WHERE ( id=%d ) LIMIT 1   [ RunTime:0.000134s ]
ERR: 1064:You have an error in your SQL syntax; check the manual that corresponds to your MySQL server version for the right syntax to use near '%d ) LIMIT 1' at line 1
 [ SQL语句 ] : SELECT * FROM `procate` WHERE ( id=%d ) LIMIT 1  
SQL: select count(*) as count from products a left join procate b on a.proid = b.id where 1=1 and a.enable=1 and b.enable=1  [ RunTime:0.000521s ]
SQL: select a.id,a.title,a.info,a.imgs,a.ctime from products a left join procate b on a.proid = b.id where 1=1 and a.enable=1 and b.enable=1  order by a.sorts desc limit 0,9 [ RunTime:0.000506s ]
SQL: SELECT * FROM `procate` WHERE (  enable =1 and pid=0  )  [ RunTime:0.000300s ]
NOTIC: [8] Undefined variable: cate2List D:\enkjhost\mayning1\web\home\Lib\Action\IndexAction.class.php 第 220 行.
INFO: [ view_parse ] --START--
INFO: ParseTemplate Behavior ::run [ RunTime:0.033621s ]
INFO: [ view_parse ] --END-- [ RunTime:0.033734s ]
INFO: [ view_filter ] --START--
INFO: ContentReplace Behavior ::run [ RunTime:0.001887s ]
INFO: TokenBuild Behavior ::run [ RunTime:0.002603s ]
INFO: WriteHtmlCache Behavior ::run [ RunTime:0.001524s ]
INFO: ShowRuntime Behavior ::run [ RunTime:0.001758s ]
INFO: [ view_filter ] --END-- [ RunTime:0.007998s ]
INFO: [ view_end ] --START--
INFO: ShowPageTrace Behavior ::run [ RunTime:0.003069s ]
INFO: [ view_end ] --END-- [ RunTime:0.003153s ]

[ 2014-10-20 23:43:03 ] 66.249.67.118 /index.php/Index/news/p/
INFO: [ route_check ] --START--
INFO: CheckRoute Behavior ::run [ RunTime:0.002470s ]
INFO: [ route_check ] --END-- [ RunTime:0.002585s ]
INFO: [ app_begin ] --START--
INFO: ReadHtmlCache Behavior ::run [ RunTime:0.002958s ]
INFO: [ app_begin ] --END-- [ RunTime:0.003055s ]
SQL: SHOW COLUMNS FROM `contents` [ RunTime:0.005929s ]
SQL: SELECT * FROM `contents` WHERE (  enable=1 and cateid=4  ) LIMIT 1   [ RunTime:0.000431s ]
SQL: SELECT * FROM `contents` WHERE (  enable=1 and cateid=1  ) LIMIT 1   [ RunTime:0.000336s ]
NOTIC: [8] Undefined index:  HTTP_ACCEPT_LANGUAGE D:\enkjhost\mayning1\web\home\Lib\Action\UtilAction.class.php 第 96 行.
SQL: SHOW COLUMNS FROM `visters` [ RunTime:0.006556s ]
SQL: INSERT INTO `visters` (`ctime`,`info`,`ip`,`page`) VALUES ('2014-10-20 23:43','美国 加利福尼亚 Mountain View、OtherEnglish系统、Other浏览器、','66.249.67.118','FAQ页面') [ RunTime:0.010391s ]
SQL: SHOW COLUMNS FROM `faqcate` [ RunTime:0.008229s ]
SQL: SHOW COLUMNS FROM `faqs` [ RunTime:0.006467s ]
NOTIC: [8] Undefined index:  faqcate D:\enkjhost\mayning1\web\home\Lib\Action\IndexAction.class.php 第 95 行.
SQL: SELECT * FROM `faqcate` WHERE ( enable=1  ) ORDER BY  sorts desc  [ RunTime:0.000392s ]
SQL: SELECT COUNT(*) AS tp_count FROM `faqs` WHERE (  1=1 and enable=1  ) LIMIT 1   [ RunTime:0.000304s ]
SQL: SELECT * FROM `faqs` WHERE (  1=1 and enable=1  ) ORDER BY sorts desc LIMIT 0,10   [ RunTime:0.000481s ]
INFO: [ view_parse ] --START--
INFO: ParseTemplate Behavior ::run [ RunTime:0.042233s ]
INFO: [ view_parse ] --END-- [ RunTime:0.042340s ]
INFO: [ view_filter ] --START--
INFO: ContentReplace Behavior ::run [ RunTime:0.002790s ]
INFO: TokenBuild Behavior ::run [ RunTime:0.001802s ]
INFO: WriteHtmlCache Behavior ::run [ RunTime:0.002294s ]
INFO: ShowRuntime Behavior ::run [ RunTime:0.001931s ]
INFO: [ view_filter ] --END-- [ RunTime:0.009077s ]
INFO: [ view_end ] --START--
INFO: ShowPageTrace Behavior ::run [ RunTime:0.003314s ]
INFO: [ view_end ] --END-- [ RunTime:0.003412s ]

[ 2014-10-20 23:56:10 ] 66.249.67.134 /index.php/Index/news?faqcate=4
INFO: [ route_check ] --START--
INFO: CheckRoute Behavior ::run [ RunTime:0.002540s ]
INFO: [ route_check ] --END-- [ RunTime:0.002650s ]
INFO: [ app_begin ] --START--
INFO: ReadHtmlCache Behavior ::run [ RunTime:0.001821s ]
INFO: [ app_begin ] --END-- [ RunTime:0.001901s ]
SQL: SHOW COLUMNS FROM `contents` [ RunTime:0.005128s ]
SQL: SELECT * FROM `contents` WHERE (  enable=1 and cateid=4  ) LIMIT 1   [ RunTime:0.000359s ]
SQL: SELECT * FROM `contents` WHERE (  enable=1 and cateid=1  ) LIMIT 1   [ RunTime:0.000276s ]
NOTIC: [8] Undefined index:  HTTP_ACCEPT_LANGUAGE D:\enkjhost\mayning1\web\home\Lib\Action\UtilAction.class.php 第 96 行.
SQL: SHOW COLUMNS FROM `visters` [ RunTime:0.006604s ]
SQL: INSERT INTO `visters` (`ctime`,`info`,`ip`,`page`) VALUES ('2014-10-20 23:56','美国 加利福尼亚 Mountain View、OtherEnglish系统、Other浏览器、','66.249.67.134','FAQ页面') [ RunTime:0.009738s ]
SQL: SHOW COLUMNS FROM `faqcate` [ RunTime:0.005777s ]
SQL: SHOW COLUMNS FROM `faqs` [ RunTime:0.005630s ]
SQL: SELECT * FROM `faqcate` WHERE ( enable=1  ) ORDER BY  sorts desc  [ RunTime:0.000323s ]
SQL: SELECT COUNT(*) AS tp_count FROM `faqs` WHERE (  1=1 and enable=1 and  faqcate= 4 ) LIMIT 1   [ RunTime:0.000275s ]
SQL: SELECT * FROM `faqs` WHERE (  1=1 and enable=1 and  faqcate= 4 ) ORDER BY sorts desc LIMIT 0,10   [ RunTime:0.000427s ]
INFO: [ view_parse ] --START--
INFO: ParseTemplate Behavior ::run [ RunTime:0.026686s ]
INFO: [ view_parse ] --END-- [ RunTime:0.026786s ]
INFO: [ view_filter ] --START--
INFO: ContentReplace Behavior ::run [ RunTime:0.001670s ]
INFO: TokenBuild Behavior ::run [ RunTime:0.001631s ]
INFO: WriteHtmlCache Behavior ::run [ RunTime:0.001457s ]
INFO: ShowRuntime Behavior ::run [ RunTime:0.001727s ]
INFO: [ view_filter ] --END-- [ RunTime:0.006699s ]
INFO: [ view_end ] --START--
INFO: ShowPageTrace Behavior ::run [ RunTime:0.001985s ]
INFO: [ view_end ] --END-- [ RunTime:0.002067s ]

[ 2014-10-20 23:57:42 ] 66.249.67.134 /index.php/Index/productInfo?id=116
INFO: [ route_check ] --START--
INFO: CheckRoute Behavior ::run [ RunTime:0.002033s ]
INFO: [ route_check ] --END-- [ RunTime:0.002118s ]
INFO: [ app_begin ] --START--
INFO: ReadHtmlCache Behavior ::run [ RunTime:0.001671s ]
INFO: [ app_begin ] --END-- [ RunTime:0.001742s ]
SQL: SHOW COLUMNS FROM `contents` [ RunTime:0.005160s ]
SQL: SELECT * FROM `contents` WHERE (  enable=1 and cateid=4  ) LIMIT 1   [ RunTime:0.000343s ]
SQL: SELECT * FROM `contents` WHERE (  enable=1 and cateid=1  ) LIMIT 1   [ RunTime:0.000246s ]
NOTIC: [8] Undefined index:  HTTP_ACCEPT_LANGUAGE D:\enkjhost\mayning1\web\home\Lib\Action\UtilAction.class.php 第 96 行.
SQL: SHOW COLUMNS FROM `visters` [ RunTime:0.007209s ]
SQL: INSERT INTO `visters` (`ctime`,`info`,`ip`,`page`) VALUES ('2014-10-20 23:57','美国 加利福尼亚 Mountain View、OtherEnglish系统、Other浏览器、','66.249.67.134','产品详情页面') [ RunTime:0.009375s ]
SQL: SHOW COLUMNS FROM `procate` [ RunTime:0.006848s ]
SQL: SHOW COLUMNS FROM `products` [ RunTime:0.006341s ]
NOTIC: [8] Undefined index:  procate D:\enkjhost\mayning1\web\home\Lib\Action\IndexAction.class.php 第 243 行.
NOTIC: [8] Undefined index:  procate2 D:\enkjhost\mayning1\web\home\Lib\Action\IndexAction.class.php 第 244 行.
SQL: SELECT * FROM `procate` WHERE ( id=%d ) LIMIT 1   [ RunTime:0.000257s ]
ERR: 1064:You have an error in your SQL syntax; check the manual that corresponds to your MySQL server version for the right syntax to use near '%d ) LIMIT 1' at line 1
 [ SQL语句 ] : SELECT * FROM `procate` WHERE ( id=%d ) LIMIT 1  
SQL: SELECT * FROM `procate` WHERE ( id=%d ) LIMIT 1   [ RunTime:0.000238s ]
ERR: 1064:You have an error in your SQL syntax; check the manual that corresponds to your MySQL server version for the right syntax to use near '%d ) LIMIT 1' at line 1
 [ SQL语句 ] : SELECT * FROM `procate` WHERE ( id=%d ) LIMIT 1  
SQL: SELECT * FROM `procate` WHERE (  enable =1 and pid=0  )  [ RunTime:0.000446s ]
SQL: SELECT * FROM `products` WHERE (  id=116 ) LIMIT 1   [ RunTime:0.000398s ]
SQL: SELECT * FROM `procate` WHERE ( id=31 ) LIMIT 1   [ RunTime:0.000327s ]
SQL: SELECT * FROM `procate` WHERE ( id=20 ) LIMIT 1   [ RunTime:0.000321s ]
INFO: [ view_parse ] --START--
INFO: ParseTemplate Behavior ::run [ RunTime:0.028493s ]
INFO: [ view_parse ] --END-- [ RunTime:0.028607s ]
INFO: [ view_filter ] --START--
INFO: ContentReplace Behavior ::run [ RunTime:0.001977s ]
INFO: TokenBuild Behavior ::run [ RunTime:0.001946s ]
INFO: WriteHtmlCache Behavior ::run [ RunTime:0.001789s ]
INFO: ShowRuntime Behavior ::run [ RunTime:0.002059s ]
INFO: [ view_filter ] --END-- [ RunTime:0.008020s ]
INFO: [ view_end ] --START--
INFO: ShowPageTrace Behavior ::run [ RunTime:0.002310s ]
INFO: [ view_end ] --END-- [ RunTime:0.002408s ]

