[ 2014-12-26 01:02:41 ] 188.165.15.132 /index.php/Index/product?procate=11
INFO: [ route_check ] --START--
INFO: CheckRoute Behavior ::run [ RunTime:0.003879s ]
INFO: [ route_check ] --END-- [ RunTime:0.003992s ]
INFO: [ app_begin ] --START--
INFO: ReadHtmlCache Behavior ::run [ RunTime:0.003148s ]
INFO: [ app_begin ] --END-- [ RunTime:0.003243s ]
SQL: SHOW COLUMNS FROM `contents` [ RunTime:0.007357s ]
SQL: SELECT * FROM `contents` WHERE (  enable=1 and cateid=4  ) LIMIT 1   [ RunTime:0.000353s ]
SQL: SELECT * FROM `contents` WHERE (  enable=1 and cateid=1  ) LIMIT 1   [ RunTime:0.000260s ]
NOTIC: [8] Undefined index:  HTTP_ACCEPT_LANGUAGE D:\enkjhost\mayning1\web\home\Lib\Action\UtilAction.class.php 第 96 行.
SQL: SHOW COLUMNS FROM `visters` [ RunTime:0.008396s ]
SQL: INSERT INTO `visters` (`ctime`,`info`,`ip`,`page`) VALUES ('2014-12-26 01:02','法国  、OtherEnglish系统、Other浏览器、','188.165.15.132','产品页面') [ RunTime:0.183021s ]
SQL: SHOW COLUMNS FROM `procate` [ RunTime:0.007554s ]
SQL: SHOW COLUMNS FROM `products` [ RunTime:0.007590s ]
NOTIC: [8] Undefined index:  procate2 D:\enkjhost\mayning1\web\home\Lib\Action\IndexAction.class.php 第 176 行.
SQL: SELECT * FROM `procate` WHERE ( id=11 ) LIMIT 1   [ RunTime:0.000321s ]
SQL: SELECT * FROM `procate` WHERE ( id=%d ) LIMIT 1   [ RunTime:0.000170s ]
ERR: 1064:You have an error in your SQL syntax; check the manual that corresponds to your MySQL server version for the right syntax to use near '%d ) LIMIT 1' at line 1
 [ SQL语句 ] : SELECT * FROM `procate` WHERE ( id=%d ) LIMIT 1  
SQL: SELECT * FROM `procate` WHERE ( pid=11 )  [ RunTime:0.000285s ]
SQL: select count(*) as count from products a left join procate b on a.proid = b.id where 1=1 and a.enable=1 and b.enable=1  and ( b.pid=11 or b.id=11) [ RunTime:0.000565s ]
SQL: select a.id,a.title,a.info,a.imgs,a.ctime from products a left join procate b on a.proid = b.id where 1=1 and a.enable=1 and b.enable=1  and ( b.pid=11 or b.id=11) order by a.sorts desc limit 0,9 [ RunTime:0.001012s ]
SQL: SELECT * FROM `procate` WHERE (  enable =1 and pid=0   ) ORDER BY  sorts desc  [ RunTime:0.000405s ]
INFO: [ view_parse ] --START--
INFO: ParseTemplate Behavior ::run [ RunTime:0.051934s ]
INFO: [ view_parse ] --END-- [ RunTime:0.052050s ]
INFO: [ view_filter ] --START--
INFO: ContentReplace Behavior ::run [ RunTime:0.002624s ]
INFO: TokenBuild Behavior ::run [ RunTime:0.002319s ]
INFO: WriteHtmlCache Behavior ::run [ RunTime:0.002139s ]
INFO: ShowRuntime Behavior ::run [ RunTime:0.002704s ]
INFO: [ view_filter ] --END-- [ RunTime:0.010010s ]
INFO: [ view_end ] --START--
INFO: ShowPageTrace Behavior ::run [ RunTime:0.003068s ]
INFO: [ view_end ] --END-- [ RunTime:0.003153s ]

[ 2014-12-26 01:17:03 ] 173.208.74.130 /index.php/Index/productInfo?id=120
INFO: [ route_check ] --START--
INFO: CheckRoute Behavior ::run [ RunTime:0.003455s ]
INFO: [ route_check ] --END-- [ RunTime:0.003551s ]
INFO: [ app_begin ] --START--
INFO: ReadHtmlCache Behavior ::run [ RunTime:0.002758s ]
INFO: [ app_begin ] --END-- [ RunTime:0.002840s ]
SQL: SHOW COLUMNS FROM `contents` [ RunTime:0.004714s ]
SQL: SELECT * FROM `contents` WHERE (  enable=1 and cateid=4  ) LIMIT 1   [ RunTime:0.000353s ]
SQL: SELECT * FROM `contents` WHERE (  enable=1 and cateid=1  ) LIMIT 1   [ RunTime:0.000256s ]
SQL: SHOW COLUMNS FROM `visters` [ RunTime:0.005992s ]
SQL: INSERT INTO `visters` (`ctime`,`info`,`ip`,`page`) VALUES ('2014-12-26 01:17','美国 伊利诺伊 Chicago、WindowsEnglish系统、Firefox浏览器、','173.208.74.130','产品详情页面') [ RunTime:0.014572s ]
SQL: SHOW COLUMNS FROM `procate` [ RunTime:0.005582s ]
SQL: SHOW COLUMNS FROM `products` [ RunTime:0.005707s ]
NOTIC: [8] Undefined index:  procate D:\enkjhost\mayning1\web\home\Lib\Action\IndexAction.class.php 第 243 行.
NOTIC: [8] Undefined index:  procate2 D:\enkjhost\mayning1\web\home\Lib\Action\IndexAction.class.php 第 244 行.
SQL: SELECT * FROM `procate` WHERE ( id=%d ) LIMIT 1   [ RunTime:0.000211s ]
ERR: 1064:You have an error in your SQL syntax; check the manual that corresponds to your MySQL server version for the right syntax to use near '%d ) LIMIT 1' at line 1
 [ SQL语句 ] : SELECT * FROM `procate` WHERE ( id=%d ) LIMIT 1  
SQL: SELECT * FROM `procate` WHERE ( id=%d ) LIMIT 1   [ RunTime:0.000161s ]
ERR: 1064:You have an error in your SQL syntax; check the manual that corresponds to your MySQL server version for the right syntax to use near '%d ) LIMIT 1' at line 1
 [ SQL语句 ] : SELECT * FROM `procate` WHERE ( id=%d ) LIMIT 1  
SQL: SELECT * FROM `procate` WHERE (  enable =1 and pid=0  ) ORDER BY  sorts desc  [ RunTime:0.000460s ]
SQL: SELECT * FROM `products` WHERE (  id=120 ) LIMIT 1   [ RunTime:0.000283s ]
SQL: SELECT * FROM `procate` WHERE ( id=37 ) LIMIT 1   [ RunTime:0.000223s ]
SQL: SELECT * FROM `procate` WHERE ( id=0 ) LIMIT 1   [ RunTime:0.000211s ]
INFO: [ view_parse ] --START--
INFO: ParseTemplate Behavior ::run [ RunTime:0.040136s ]
INFO: [ view_parse ] --END-- [ RunTime:0.040234s ]
INFO: [ view_filter ] --START--
INFO: ContentReplace Behavior ::run [ RunTime:0.001392s ]
INFO: TokenBuild Behavior ::run [ RunTime:0.002097s ]
INFO: WriteHtmlCache Behavior ::run [ RunTime:0.001219s ]
INFO: ShowRuntime Behavior ::run [ RunTime:0.001448s ]
INFO: [ view_filter ] --END-- [ RunTime:0.006347s ]
INFO: [ view_end ] --START--
INFO: ShowPageTrace Behavior ::run [ RunTime:0.001688s ]
INFO: [ view_end ] --END-- [ RunTime:0.001763s ]

[ 2014-12-26 01:17:04 ] 173.208.74.130 /index.php/Index/product?procate=24
INFO: [ route_check ] --START--
INFO: CheckRoute Behavior ::run [ RunTime:0.002533s ]
INFO: [ route_check ] --END-- [ RunTime:0.002648s ]
INFO: [ app_begin ] --START--
INFO: ReadHtmlCache Behavior ::run [ RunTime:0.002064s ]
INFO: [ app_begin ] --END-- [ RunTime:0.002171s ]
SQL: SHOW COLUMNS FROM `contents` [ RunTime:0.004312s ]
SQL: SELECT * FROM `contents` WHERE (  enable=1 and cateid=4  ) LIMIT 1   [ RunTime:0.000278s ]
SQL: SELECT * FROM `contents` WHERE (  enable=1 and cateid=1  ) LIMIT 1   [ RunTime:0.000195s ]
SQL: SHOW COLUMNS FROM `visters` [ RunTime:0.005748s ]
SQL: INSERT INTO `visters` (`ctime`,`info`,`ip`,`page`) VALUES ('2014-12-26 01:17','美国 伊利诺伊 Chicago、WindowsEnglish系统、Firefox浏览器、','173.208.74.130','产品页面') [ RunTime:0.011943s ]
SQL: SHOW COLUMNS FROM `procate` [ RunTime:0.005493s ]
SQL: SHOW COLUMNS FROM `products` [ RunTime:0.005601s ]
NOTIC: [8] Undefined index:  procate2 D:\enkjhost\mayning1\web\home\Lib\Action\IndexAction.class.php 第 176 行.
SQL: SELECT * FROM `procate` WHERE ( id=24 ) LIMIT 1   [ RunTime:0.000421s ]
SQL: SELECT * FROM `procate` WHERE ( id=%d ) LIMIT 1   [ RunTime:0.000308s ]
ERR: 1064:You have an error in your SQL syntax; check the manual that corresponds to your MySQL server version for the right syntax to use near '%d ) LIMIT 1' at line 1
 [ SQL语句 ] : SELECT * FROM `procate` WHERE ( id=%d ) LIMIT 1  
SQL: SELECT * FROM `procate` WHERE ( pid=24 )  [ RunTime:0.000458s ]
SQL: select count(*) as count from products a left join procate b on a.proid = b.id where 1=1 and a.enable=1 and b.enable=1  and ( b.pid=24 or b.id=24) [ RunTime:0.000805s ]
SQL: select a.id,a.title,a.info,a.imgs,a.ctime from products a left join procate b on a.proid = b.id where 1=1 and a.enable=1 and b.enable=1  and ( b.pid=24 or b.id=24) order by a.sorts desc limit 0,9 [ RunTime:0.001190s ]
SQL: SELECT * FROM `procate` WHERE (  enable =1 and pid=0   ) ORDER BY  sorts desc  [ RunTime:0.000573s ]
INFO: [ view_parse ] --START--
INFO: ParseTemplate Behavior ::run [ RunTime:0.031444s ]
INFO: [ view_parse ] --END-- [ RunTime:0.031543s ]
INFO: [ view_filter ] --START--
INFO: ContentReplace Behavior ::run [ RunTime:0.001402s ]
INFO: TokenBuild Behavior ::run [ RunTime:0.001357s ]
INFO: WriteHtmlCache Behavior ::run [ RunTime:0.001197s ]
INFO: ShowRuntime Behavior ::run [ RunTime:0.001456s ]
INFO: [ view_filter ] --END-- [ RunTime:0.005614s ]
INFO: [ view_end ] --START--
INFO: ShowPageTrace Behavior ::run [ RunTime:0.001676s ]
INFO: [ view_end ] --END-- [ RunTime:0.001749s ]

[ 2014-12-26 01:37:58 ] 61.135.189.171 /index.php/Index/index
INFO: [ route_check ] --START--
INFO: CheckRoute Behavior ::run [ RunTime:0.003251s ]
INFO: [ route_check ] --END-- [ RunTime:0.003347s ]
INFO: [ app_begin ] --START--
INFO: ReadHtmlCache Behavior ::run [ RunTime:0.001630s ]
INFO: [ app_begin ] --END-- [ RunTime:0.001712s ]
SQL: SHOW COLUMNS FROM `contents` [ RunTime:0.004629s ]
SQL: SELECT * FROM `contents` WHERE (  enable=1 and cateid=4  ) LIMIT 1   [ RunTime:0.000313s ]
SQL: SELECT * FROM `contents` WHERE (  enable=1 and cateid=1  ) LIMIT 1   [ RunTime:0.000231s ]
SQL: SHOW COLUMNS FROM `visters` [ RunTime:0.006234s ]
SQL: INSERT INTO `visters` (`ctime`,`info`,`ip`,`page`) VALUES ('2014-12-26 01:37','中国 北京 北京、Other简体中文系统、Other浏览器、','61.135.189.171','系统首页') [ RunTime:0.192108s ]
SQL: SHOW COLUMNS FROM `products` [ RunTime:0.006205s ]
SQL: SELECT * FROM `products` WHERE (  enable=1 and state=1  ) ORDER BY  sorts desc  [ RunTime:0.000868s ]
SQL: SELECT * FROM `products` WHERE (  enable=1 and state=2  ) ORDER BY  sorts desc  [ RunTime:0.000594s ]
INFO: [ view_parse ] --START--
INFO: ParseTemplate Behavior ::run [ RunTime:0.027955s ]
INFO: [ view_parse ] --END-- [ RunTime:0.028070s ]
INFO: [ view_filter ] --START--
INFO: ContentReplace Behavior ::run [ RunTime:0.002692s ]
INFO: TokenBuild Behavior ::run [ RunTime:0.002710s ]
INFO: WriteHtmlCache Behavior ::run [ RunTime:0.001545s ]
INFO: ShowRuntime Behavior ::run [ RunTime:0.001793s ]
INFO: [ view_filter ] --END-- [ RunTime:0.009002s ]
INFO: [ view_end ] --START--
INFO: ShowPageTrace Behavior ::run [ RunTime:0.002083s ]
INFO: [ view_end ] --END-- [ RunTime:0.002181s ]

[ 2014-12-26 01:55:46 ] 202.46.62.125 /index.php/Index/product?procate=25
INFO: [ route_check ] --START--
INFO: CheckRoute Behavior ::run [ RunTime:0.003086s ]
INFO: [ route_check ] --END-- [ RunTime:0.003174s ]
INFO: [ app_begin ] --START--
INFO: ReadHtmlCache Behavior ::run [ RunTime:0.001634s ]
INFO: [ app_begin ] --END-- [ RunTime:0.001708s ]
SQL: SHOW COLUMNS FROM `contents` [ RunTime:0.004903s ]
SQL: SELECT * FROM `contents` WHERE (  enable=1 and cateid=4  ) LIMIT 1   [ RunTime:0.000323s ]
SQL: SELECT * FROM `contents` WHERE (  enable=1 and cateid=1  ) LIMIT 1   [ RunTime:0.000224s ]
SQL: SHOW COLUMNS FROM `visters` [ RunTime:0.006547s ]
SQL: INSERT INTO `visters` (`ctime`,`info`,`ip`,`page`) VALUES ('2014-12-26 01:55','中国 广东 深圳、Windows简体中文系统、Chrome浏览器、','202.46.62.125','产品页面') [ RunTime:0.012912s ]
SQL: SHOW COLUMNS FROM `procate` [ RunTime:0.006585s ]
SQL: SHOW COLUMNS FROM `products` [ RunTime:0.006804s ]
NOTIC: [8] Undefined index:  procate2 D:\enkjhost\mayning1\web\home\Lib\Action\IndexAction.class.php 第 176 行.
SQL: SELECT * FROM `procate` WHERE ( id=25 ) LIMIT 1   [ RunTime:0.000279s ]
SQL: SELECT * FROM `procate` WHERE ( id=%d ) LIMIT 1   [ RunTime:0.000180s ]
ERR: 1064:You have an error in your SQL syntax; check the manual that corresponds to your MySQL server version for the right syntax to use near '%d ) LIMIT 1' at line 1
 [ SQL语句 ] : SELECT * FROM `procate` WHERE ( id=%d ) LIMIT 1  
SQL: SELECT * FROM `procate` WHERE ( pid=25 )  [ RunTime:0.000301s ]
SQL: select count(*) as count from products a left join procate b on a.proid = b.id where 1=1 and a.enable=1 and b.enable=1  and ( b.pid=25 or b.id=25) [ RunTime:0.000564s ]
SQL: select a.id,a.title,a.info,a.imgs,a.ctime from products a left join procate b on a.proid = b.id where 1=1 and a.enable=1 and b.enable=1  and ( b.pid=25 or b.id=25) order by a.sorts desc limit 0,9 [ RunTime:0.001011s ]
SQL: SELECT * FROM `procate` WHERE (  enable =1 and pid=0   ) ORDER BY  sorts desc  [ RunTime:0.000402s ]
INFO: [ view_parse ] --START--
INFO: ParseTemplate Behavior ::run [ RunTime:0.044254s ]
INFO: [ view_parse ] --END-- [ RunTime:0.044360s ]
INFO: [ view_filter ] --START--
INFO: ContentReplace Behavior ::run [ RunTime:0.001466s ]
INFO: TokenBuild Behavior ::run [ RunTime:0.002114s ]
INFO: WriteHtmlCache Behavior ::run [ RunTime:0.001333s ]
INFO: ShowRuntime Behavior ::run [ RunTime:0.002276s ]
INFO: [ view_filter ] --END-- [ RunTime:0.007388s ]
INFO: [ view_end ] --START--
INFO: ShowPageTrace Behavior ::run [ RunTime:0.001734s ]
INFO: [ view_end ] --END-- [ RunTime:0.001810s ]

[ 2014-12-26 02:16:42 ] 66.249.64.82 /index.php/Index/productInfo?id=106
INFO: [ route_check ] --START--
INFO: CheckRoute Behavior ::run [ RunTime:0.001917s ]
INFO: [ route_check ] --END-- [ RunTime:0.002003s ]
INFO: [ app_begin ] --START--
INFO: ReadHtmlCache Behavior ::run [ RunTime:0.002410s ]
INFO: [ app_begin ] --END-- [ RunTime:0.002482s ]
SQL: SHOW COLUMNS FROM `contents` [ RunTime:0.005276s ]
SQL: SELECT * FROM `contents` WHERE (  enable=1 and cateid=4  ) LIMIT 1   [ RunTime:0.000386s ]
SQL: SELECT * FROM `contents` WHERE (  enable=1 and cateid=1  ) LIMIT 1   [ RunTime:0.000316s ]
NOTIC: [8] Undefined index:  HTTP_ACCEPT_LANGUAGE D:\enkjhost\mayning1\web\home\Lib\Action\UtilAction.class.php 第 96 行.
SQL: SHOW COLUMNS FROM `visters` [ RunTime:0.006939s ]
SQL: INSERT INTO `visters` (`ctime`,`info`,`ip`,`page`) VALUES ('2014-12-26 02:16','美国 加利福尼亚 Mountain View、OtherEnglish系统、Other浏览器、','66.249.64.82','产品详情页面') [ RunTime:0.022373s ]
SQL: SHOW COLUMNS FROM `procate` [ RunTime:0.005251s ]
SQL: SHOW COLUMNS FROM `products` [ RunTime:0.005663s ]
NOTIC: [8] Undefined index:  procate D:\enkjhost\mayning1\web\home\Lib\Action\IndexAction.class.php 第 243 行.
NOTIC: [8] Undefined index:  procate2 D:\enkjhost\mayning1\web\home\Lib\Action\IndexAction.class.php 第 244 行.
SQL: SELECT * FROM `procate` WHERE ( id=%d ) LIMIT 1   [ RunTime:0.000172s ]
ERR: 1064:You have an error in your SQL syntax; check the manual that corresponds to your MySQL server version for the right syntax to use near '%d ) LIMIT 1' at line 1
 [ SQL语句 ] : SELECT * FROM `procate` WHERE ( id=%d ) LIMIT 1  
SQL: SELECT * FROM `procate` WHERE ( id=%d ) LIMIT 1   [ RunTime:0.000136s ]
ERR: 1064:You have an error in your SQL syntax; check the manual that corresponds to your MySQL server version for the right syntax to use near '%d ) LIMIT 1' at line 1
 [ SQL语句 ] : SELECT * FROM `procate` WHERE ( id=%d ) LIMIT 1  
SQL: SELECT * FROM `procate` WHERE (  enable =1 and pid=0  ) ORDER BY  sorts desc  [ RunTime:0.000460s ]
SQL: SELECT * FROM `products` WHERE (  id=106 ) LIMIT 1   [ RunTime:0.000321s ]
SQL: SELECT * FROM `procate` WHERE ( id=31 ) LIMIT 1   [ RunTime:0.000262s ]
SQL: SELECT * FROM `procate` WHERE ( id=20 ) LIMIT 1   [ RunTime:0.000229s ]
INFO: [ view_parse ] --START--
INFO: ParseTemplate Behavior ::run [ RunTime:0.029263s ]
INFO: [ view_parse ] --END-- [ RunTime:0.029377s ]
INFO: [ view_filter ] --START--
INFO: ContentReplace Behavior ::run [ RunTime:0.001809s ]
INFO: TokenBuild Behavior ::run [ RunTime:0.002720s ]
INFO: WriteHtmlCache Behavior ::run [ RunTime:0.001572s ]
INFO: ShowRuntime Behavior ::run [ RunTime:0.001865s ]
INFO: [ view_filter ] --END-- [ RunTime:0.008231s ]
INFO: [ view_end ] --START--
INFO: ShowPageTrace Behavior ::run [ RunTime:0.002168s ]
INFO: [ view_end ] --END-- [ RunTime:0.002263s ]

[ 2014-12-26 04:29:34 ] 188.165.15.224 /index.php/Index/productInfo?id=111
INFO: [ route_check ] --START--
INFO: CheckRoute Behavior ::run [ RunTime:0.003867s ]
INFO: [ route_check ] --END-- [ RunTime:0.003980s ]
INFO: [ app_begin ] --START--
INFO: ReadHtmlCache Behavior ::run [ RunTime:0.003124s ]
INFO: [ app_begin ] --END-- [ RunTime:0.003220s ]
SQL: SHOW COLUMNS FROM `contents` [ RunTime:0.007047s ]
SQL: SELECT * FROM `contents` WHERE (  enable=1 and cateid=4  ) LIMIT 1   [ RunTime:0.000434s ]
SQL: SELECT * FROM `contents` WHERE (  enable=1 and cateid=1  ) LIMIT 1   [ RunTime:0.000331s ]
NOTIC: [8] Undefined index:  HTTP_ACCEPT_LANGUAGE D:\enkjhost\mayning1\web\home\Lib\Action\UtilAction.class.php 第 96 行.
SQL: SHOW COLUMNS FROM `visters` [ RunTime:0.007841s ]
SQL: INSERT INTO `visters` (`ctime`,`info`,`ip`,`page`) VALUES ('2014-12-26 04:29','法国  、OtherEnglish系统、Other浏览器、','188.165.15.224','产品详情页面') [ RunTime:0.011994s ]
SQL: SHOW COLUMNS FROM `procate` [ RunTime:0.006080s ]
SQL: SHOW COLUMNS FROM `products` [ RunTime:0.006023s ]
NOTIC: [8] Undefined index:  procate D:\enkjhost\mayning1\web\home\Lib\Action\IndexAction.class.php 第 243 行.
NOTIC: [8] Undefined index:  procate2 D:\enkjhost\mayning1\web\home\Lib\Action\IndexAction.class.php 第 244 行.
SQL: SELECT * FROM `procate` WHERE ( id=%d ) LIMIT 1   [ RunTime:0.000170s ]
ERR: 1064:You have an error in your SQL syntax; check the manual that corresponds to your MySQL server version for the right syntax to use near '%d ) LIMIT 1' at line 1
 [ SQL语句 ] : SELECT * FROM `procate` WHERE ( id=%d ) LIMIT 1  
SQL: SELECT * FROM `procate` WHERE ( id=%d ) LIMIT 1   [ RunTime:0.000139s ]
ERR: 1064:You have an error in your SQL syntax; check the manual that corresponds to your MySQL server version for the right syntax to use near '%d ) LIMIT 1' at line 1
 [ SQL语句 ] : SELECT * FROM `procate` WHERE ( id=%d ) LIMIT 1  
SQL: SELECT * FROM `procate` WHERE (  enable =1 and pid=0  ) ORDER BY  sorts desc  [ RunTime:0.000467s ]
SQL: SELECT * FROM `products` WHERE (  id=111 ) LIMIT 1   [ RunTime:0.003280s ]
SQL: SELECT * FROM `procate` WHERE ( id=10 ) LIMIT 1   [ RunTime:0.000318s ]
SQL: SELECT * FROM `procate` WHERE ( id=0 ) LIMIT 1   [ RunTime:0.000301s ]
INFO: [ view_parse ] --START--
INFO: ParseTemplate Behavior ::run [ RunTime:0.038377s ]
INFO: [ view_parse ] --END-- [ RunTime:0.038492s ]
INFO: [ view_filter ] --START--
INFO: ContentReplace Behavior ::run [ RunTime:0.002915s ]
INFO: TokenBuild Behavior ::run [ RunTime:0.002730s ]
INFO: WriteHtmlCache Behavior ::run [ RunTime:0.002353s ]
INFO: ShowRuntime Behavior ::run [ RunTime:0.002934s ]
INFO: [ view_filter ] --END-- [ RunTime:0.011207s ]
INFO: [ view_end ] --START--
INFO: ShowPageTrace Behavior ::run [ RunTime:0.003346s ]
INFO: [ view_end ] --END-- [ RunTime:0.003446s ]

[ 2014-12-26 04:30:43 ] 66.249.64.78 /index.php/Index/productInfo?id=119
INFO: [ route_check ] --START--
INFO: CheckRoute Behavior ::run [ RunTime:0.002593s ]
INFO: [ route_check ] --END-- [ RunTime:0.002725s ]
INFO: [ app_begin ] --START--
INFO: ReadHtmlCache Behavior ::run [ RunTime:0.001605s ]
INFO: [ app_begin ] --END-- [ RunTime:0.001677s ]
SQL: SHOW COLUMNS FROM `contents` [ RunTime:0.004275s ]
SQL: SELECT * FROM `contents` WHERE (  enable=1 and cateid=4  ) LIMIT 1   [ RunTime:0.000268s ]
SQL: SELECT * FROM `contents` WHERE (  enable=1 and cateid=1  ) LIMIT 1   [ RunTime:0.000191s ]
NOTIC: [8] Undefined index:  HTTP_ACCEPT_LANGUAGE D:\enkjhost\mayning1\web\home\Lib\Action\UtilAction.class.php 第 96 行.
SQL: SHOW COLUMNS FROM `visters` [ RunTime:0.006311s ]
SQL: INSERT INTO `visters` (`ctime`,`info`,`ip`,`page`) VALUES ('2014-12-26 04:30','美国 加利福尼亚 Mountain View、OtherEnglish系统、Other浏览器、','66.249.64.78','产品详情页面') [ RunTime:0.012691s ]
SQL: SHOW COLUMNS FROM `procate` [ RunTime:0.005418s ]
SQL: SHOW COLUMNS FROM `products` [ RunTime:0.005501s ]
NOTIC: [8] Undefined index:  procate D:\enkjhost\mayning1\web\home\Lib\Action\IndexAction.class.php 第 243 行.
NOTIC: [8] Undefined index:  procate2 D:\enkjhost\mayning1\web\home\Lib\Action\IndexAction.class.php 第 244 行.
SQL: SELECT * FROM `procate` WHERE ( id=%d ) LIMIT 1   [ RunTime:0.000228s ]
ERR: 1064:You have an error in your SQL syntax; check the manual that corresponds to your MySQL server version for the right syntax to use near '%d ) LIMIT 1' at line 1
 [ SQL语句 ] : SELECT * FROM `procate` WHERE ( id=%d ) LIMIT 1  
SQL: SELECT * FROM `procate` WHERE ( id=%d ) LIMIT 1   [ RunTime:0.000225s ]
ERR: 1064:You have an error in your SQL syntax; check the manual that corresponds to your MySQL server version for the right syntax to use near '%d ) LIMIT 1' at line 1
 [ SQL语句 ] : SELECT * FROM `procate` WHERE ( id=%d ) LIMIT 1  
SQL: SELECT * FROM `procate` WHERE (  enable =1 and pid=0  ) ORDER BY  sorts desc  [ RunTime:0.000531s ]
SQL: SELECT * FROM `products` WHERE (  id=119 ) LIMIT 1   [ RunTime:0.000308s ]
SQL: SELECT * FROM `procate` WHERE ( id=11 ) LIMIT 1   [ RunTime:0.000257s ]
SQL: SELECT * FROM `procate` WHERE ( id=0 ) LIMIT 1   [ RunTime:0.000245s ]
INFO: [ view_parse ] --START--
INFO: ParseTemplate Behavior ::run [ RunTime:0.024978s ]
INFO: [ view_parse ] --END-- [ RunTime:0.025078s ]
INFO: [ view_filter ] --START--
INFO: ContentReplace Behavior ::run [ RunTime:0.001553s ]
INFO: TokenBuild Behavior ::run [ RunTime:0.001532s ]
INFO: WriteHtmlCache Behavior ::run [ RunTime:0.001376s ]
INFO: ShowRuntime Behavior ::run [ RunTime:0.001643s ]
INFO: [ view_filter ] --END-- [ RunTime:0.006311s ]
INFO: [ view_end ] --START--
INFO: ShowPageTrace Behavior ::run [ RunTime:0.001871s ]
INFO: [ view_end ] --END-- [ RunTime:0.001953s ]

[ 2014-12-26 05:31:28 ] 66.249.64.86 /index.php/Index/productInfo?id=114
INFO: [ route_check ] --START--
INFO: CheckRoute Behavior ::run [ RunTime:0.003189s ]
INFO: [ route_check ] --END-- [ RunTime:0.003290s ]
INFO: [ app_begin ] --START--
INFO: ReadHtmlCache Behavior ::run [ RunTime:0.002113s ]
INFO: [ app_begin ] --END-- [ RunTime:0.002209s ]
SQL: SHOW COLUMNS FROM `contents` [ RunTime:0.006262s ]
SQL: SELECT * FROM `contents` WHERE (  enable=1 and cateid=4  ) LIMIT 1   [ RunTime:0.000442s ]
SQL: SELECT * FROM `contents` WHERE (  enable=1 and cateid=1  ) LIMIT 1   [ RunTime:0.000379s ]
NOTIC: [8] Undefined index:  HTTP_ACCEPT_LANGUAGE D:\enkjhost\mayning1\web\home\Lib\Action\UtilAction.class.php 第 96 行.
SQL: SHOW COLUMNS FROM `visters` [ RunTime:0.006156s ]
SQL: INSERT INTO `visters` (`ctime`,`info`,`ip`,`page`) VALUES ('2014-12-26 05:31','美国 加利福尼亚 Mountain View、OtherEnglish系统、Other浏览器、','66.249.64.86','产品详情页面') [ RunTime:0.182949s ]
SQL: SHOW COLUMNS FROM `procate` [ RunTime:0.006441s ]
SQL: SHOW COLUMNS FROM `products` [ RunTime:0.006228s ]
NOTIC: [8] Undefined index:  procate D:\enkjhost\mayning1\web\home\Lib\Action\IndexAction.class.php 第 243 行.
NOTIC: [8] Undefined index:  procate2 D:\enkjhost\mayning1\web\home\Lib\Action\IndexAction.class.php 第 244 行.
SQL: SELECT * FROM `procate` WHERE ( id=%d ) LIMIT 1   [ RunTime:0.000185s ]
ERR: 1064:You have an error in your SQL syntax; check the manual that corresponds to your MySQL server version for the right syntax to use near '%d ) LIMIT 1' at line 1
 [ SQL语句 ] : SELECT * FROM `procate` WHERE ( id=%d ) LIMIT 1  
SQL: SELECT * FROM `procate` WHERE ( id=%d ) LIMIT 1   [ RunTime:0.000166s ]
ERR: 1064:You have an error in your SQL syntax; check the manual that corresponds to your MySQL server version for the right syntax to use near '%d ) LIMIT 1' at line 1
 [ SQL语句 ] : SELECT * FROM `procate` WHERE ( id=%d ) LIMIT 1  
SQL: SELECT * FROM `procate` WHERE (  enable =1 and pid=0  ) ORDER BY  sorts desc  [ RunTime:0.000514s ]
SQL: SELECT * FROM `products` WHERE (  id=114 ) LIMIT 1   [ RunTime:0.000326s ]
SQL: SELECT * FROM `procate` WHERE ( id=31 ) LIMIT 1   [ RunTime:0.000275s ]
SQL: SELECT * FROM `procate` WHERE ( id=20 ) LIMIT 1   [ RunTime:0.000261s ]
INFO: [ view_parse ] --START--
INFO: ParseTemplate Behavior ::run [ RunTime:0.031829s ]
INFO: [ view_parse ] --END-- [ RunTime:0.031964s ]
INFO: [ view_filter ] --START--
INFO: ContentReplace Behavior ::run [ RunTime:0.002672s ]
INFO: TokenBuild Behavior ::run [ RunTime:0.002706s ]
INFO: WriteHtmlCache Behavior ::run [ RunTime:0.002401s ]
INFO: ShowRuntime Behavior ::run [ RunTime:0.002874s ]
INFO: [ view_filter ] --END-- [ RunTime:0.010916s ]
INFO: [ view_end ] --START--
INFO: ShowPageTrace Behavior ::run [ RunTime:0.003289s ]
INFO: [ view_end ] --END-- [ RunTime:0.003386s ]

[ 2014-12-26 06:00:35 ] 123.125.71.75 /index.php/Index/product?procate=11
INFO: [ route_check ] --START--
INFO: CheckRoute Behavior ::run [ RunTime:0.002630s ]
INFO: [ route_check ] --END-- [ RunTime:0.002743s ]
INFO: [ app_begin ] --START--
INFO: ReadHtmlCache Behavior ::run [ RunTime:0.002099s ]
INFO: [ app_begin ] --END-- [ RunTime:0.002195s ]
SQL: SHOW COLUMNS FROM `contents` [ RunTime:0.005898s ]
SQL: SELECT * FROM `contents` WHERE (  enable=1 and cateid=4  ) LIMIT 1   [ RunTime:0.000394s ]
SQL: SELECT * FROM `contents` WHERE (  enable=1 and cateid=1  ) LIMIT 1   [ RunTime:0.000310s ]
SQL: SHOW COLUMNS FROM `visters` [ RunTime:0.007053s ]
SQL: INSERT INTO `visters` (`ctime`,`info`,`ip`,`page`) VALUES ('2014-12-26 06:00','中国 北京 北京、Other简体中文系统、Other浏览器、','123.125.71.75','产品页面') [ RunTime:0.183005s ]
SQL: SHOW COLUMNS FROM `procate` [ RunTime:0.007907s ]
SQL: SHOW COLUMNS FROM `products` [ RunTime:0.006803s ]
NOTIC: [8] Undefined index:  procate2 D:\enkjhost\mayning1\web\home\Lib\Action\IndexAction.class.php 第 176 行.
SQL: SELECT * FROM `procate` WHERE ( id=11 ) LIMIT 1   [ RunTime:0.000314s ]
SQL: SELECT * FROM `procate` WHERE ( id=%d ) LIMIT 1   [ RunTime:0.000179s ]
ERR: 1064:You have an error in your SQL syntax; check the manual that corresponds to your MySQL server version for the right syntax to use near '%d ) LIMIT 1' at line 1
 [ SQL语句 ] : SELECT * FROM `procate` WHERE ( id=%d ) LIMIT 1  
SQL: SELECT * FROM `procate` WHERE ( pid=11 )  [ RunTime:0.000315s ]
SQL: select count(*) as count from products a left join procate b on a.proid = b.id where 1=1 and a.enable=1 and b.enable=1  and ( b.pid=11 or b.id=11) [ RunTime:0.000607s ]
SQL: select a.id,a.title,a.info,a.imgs,a.ctime from products a left join procate b on a.proid = b.id where 1=1 and a.enable=1 and b.enable=1  and ( b.pid=11 or b.id=11) order by a.sorts desc limit 0,9 [ RunTime:0.001059s ]
SQL: SELECT * FROM `procate` WHERE (  enable =1 and pid=0   ) ORDER BY  sorts desc  [ RunTime:0.000445s ]
INFO: [ view_parse ] --START--
INFO: ParseTemplate Behavior ::run [ RunTime:0.028571s ]
INFO: [ view_parse ] --END-- [ RunTime:0.028658s ]
INFO: [ view_filter ] --START--
INFO: ContentReplace Behavior ::run [ RunTime:0.001436s ]
INFO: TokenBuild Behavior ::run [ RunTime:0.002344s ]
INFO: WriteHtmlCache Behavior ::run [ RunTime:0.001442s ]
INFO: ShowRuntime Behavior ::run [ RunTime:0.001658s ]
INFO: [ view_filter ] --END-- [ RunTime:0.007092s ]
INFO: [ view_end ] --START--
INFO: ShowPageTrace Behavior ::run [ RunTime:0.001881s ]
INFO: [ view_end ] --END-- [ RunTime:0.001963s ]

[ 2014-12-26 07:07:21 ] 157.55.39.192 /index.php
INFO: [ app_begin ] --START--
INFO: ReadHtmlCache Behavior ::run [ RunTime:0.002473s ]
INFO: [ app_begin ] --END-- [ RunTime:0.002576s ]
SQL: SHOW COLUMNS FROM `contents` [ RunTime:0.005503s ]
SQL: SELECT * FROM `contents` WHERE (  enable=1 and cateid=4  ) LIMIT 1   [ RunTime:0.000425s ]
SQL: SELECT * FROM `contents` WHERE (  enable=1 and cateid=1  ) LIMIT 1   [ RunTime:0.000388s ]
NOTIC: [8] Undefined index:  HTTP_ACCEPT_LANGUAGE D:\enkjhost\mayning1\web\home\Lib\Action\UtilAction.class.php 第 96 行.
SQL: SHOW COLUMNS FROM `visters` [ RunTime:0.006041s ]
SQL: INSERT INTO `visters` (`ctime`,`info`,`ip`,`page`) VALUES ('2014-12-26 07:07','美国 华盛顿州 Redmond、OtherEnglish系统、Other浏览器、','157.55.39.192','系统首页') [ RunTime:0.009684s ]
SQL: SHOW COLUMNS FROM `products` [ RunTime:0.006447s ]
SQL: SELECT * FROM `products` WHERE (  enable=1 and state=1  ) ORDER BY  sorts desc  [ RunTime:0.000858s ]
SQL: SELECT * FROM `products` WHERE (  enable=1 and state=2  ) ORDER BY  sorts desc  [ RunTime:0.000626s ]
INFO: [ view_parse ] --START--
INFO: ParseTemplate Behavior ::run [ RunTime:0.035406s ]
INFO: [ view_parse ] --END-- [ RunTime:0.035539s ]
INFO: [ view_filter ] --START--
INFO: ContentReplace Behavior ::run [ RunTime:0.001645s ]
INFO: TokenBuild Behavior ::run [ RunTime:0.002419s ]
INFO: WriteHtmlCache Behavior ::run [ RunTime:0.002211s ]
INFO: ShowRuntime Behavior ::run [ RunTime:0.001807s ]
INFO: [ view_filter ] --END-- [ RunTime:0.008345s ]
INFO: [ view_end ] --START--
INFO: ShowPageTrace Behavior ::run [ RunTime:0.002022s ]
INFO: [ view_end ] --END-- [ RunTime:0.002118s ]

[ 2014-12-26 07:26:49 ] 66.249.64.82 /index.php
INFO: [ app_begin ] --START--
INFO: ReadHtmlCache Behavior ::run [ RunTime:0.002459s ]
INFO: [ app_begin ] --END-- [ RunTime:0.002546s ]
SQL: SHOW COLUMNS FROM `contents` [ RunTime:0.005488s ]
SQL: SELECT * FROM `contents` WHERE (  enable=1 and cateid=4  ) LIMIT 1   [ RunTime:0.000344s ]
SQL: SELECT * FROM `contents` WHERE (  enable=1 and cateid=1  ) LIMIT 1   [ RunTime:0.000253s ]
NOTIC: [8] Undefined index:  HTTP_ACCEPT_LANGUAGE D:\enkjhost\mayning1\web\home\Lib\Action\UtilAction.class.php 第 96 行.
SQL: SHOW COLUMNS FROM `visters` [ RunTime:0.006106s ]
SQL: INSERT INTO `visters` (`ctime`,`info`,`ip`,`page`) VALUES ('2014-12-26 07:26','美国 加利福尼亚 Mountain View、MACEnglish系统、Safari浏览器、','66.249.64.82','系统首页') [ RunTime:0.182872s ]
SQL: SHOW COLUMNS FROM `products` [ RunTime:0.006510s ]
SQL: SELECT * FROM `products` WHERE (  enable=1 and state=1  ) ORDER BY  sorts desc  [ RunTime:0.001049s ]
SQL: SELECT * FROM `products` WHERE (  enable=1 and state=2  ) ORDER BY  sorts desc  [ RunTime:0.000552s ]
INFO: [ view_parse ] --START--
INFO: ParseTemplate Behavior ::run [ RunTime:0.029322s ]
INFO: [ view_parse ] --END-- [ RunTime:0.029441s ]
INFO: [ view_filter ] --START--
INFO: ContentReplace Behavior ::run [ RunTime:0.001521s ]
INFO: TokenBuild Behavior ::run [ RunTime:0.002176s ]
INFO: WriteHtmlCache Behavior ::run [ RunTime:0.001431s ]
INFO: ShowRuntime Behavior ::run [ RunTime:0.002777s ]
INFO: [ view_filter ] --END-- [ RunTime:0.008136s ]
INFO: [ view_end ] --START--
INFO: ShowPageTrace Behavior ::run [ RunTime:0.002204s ]
INFO: [ view_end ] --END-- [ RunTime:0.002300s ]

[ 2014-12-26 08:17:17 ] 173.208.74.24 /index.php/Index/productInfo?id=118
INFO: [ route_check ] --START--
INFO: CheckRoute Behavior ::run [ RunTime:0.003942s ]
INFO: [ route_check ] --END-- [ RunTime:0.004058s ]
INFO: [ app_begin ] --START--
INFO: ReadHtmlCache Behavior ::run [ RunTime:0.003217s ]
INFO: [ app_begin ] --END-- [ RunTime:0.003321s ]
SQL: SHOW COLUMNS FROM `contents` [ RunTime:0.006173s ]
SQL: SELECT * FROM `contents` WHERE (  enable=1 and cateid=4  ) LIMIT 1   [ RunTime:0.000432s ]
SQL: SELECT * FROM `contents` WHERE (  enable=1 and cateid=1  ) LIMIT 1   [ RunTime:0.000335s ]
SQL: SHOW COLUMNS FROM `visters` [ RunTime:0.007897s ]
SQL: INSERT INTO `visters` (`ctime`,`info`,`ip`,`page`) VALUES ('2014-12-26 08:17','美国 伊利诺伊 Chicago、WindowsEnglish系统、Firefox浏览器、','173.208.74.24','产品详情页面') [ RunTime:0.010045s ]
SQL: SHOW COLUMNS FROM `procate` [ RunTime:0.004473s ]
SQL: SHOW COLUMNS FROM `products` [ RunTime:0.004133s ]
NOTIC: [8] Undefined index:  procate D:\enkjhost\mayning1\web\home\Lib\Action\IndexAction.class.php 第 243 行.
NOTIC: [8] Undefined index:  procate2 D:\enkjhost\mayning1\web\home\Lib\Action\IndexAction.class.php 第 244 行.
SQL: SELECT * FROM `procate` WHERE ( id=%d ) LIMIT 1   [ RunTime:0.000166s ]
ERR: 1064:You have an error in your SQL syntax; check the manual that corresponds to your MySQL server version for the right syntax to use near '%d ) LIMIT 1' at line 1
 [ SQL语句 ] : SELECT * FROM `procate` WHERE ( id=%d ) LIMIT 1  
SQL: SELECT * FROM `procate` WHERE ( id=%d ) LIMIT 1   [ RunTime:0.000135s ]
ERR: 1064:You have an error in your SQL syntax; check the manual that corresponds to your MySQL server version for the right syntax to use near '%d ) LIMIT 1' at line 1
 [ SQL语句 ] : SELECT * FROM `procate` WHERE ( id=%d ) LIMIT 1  
SQL: SELECT * FROM `procate` WHERE (  enable =1 and pid=0  ) ORDER BY  sorts desc  [ RunTime:0.000373s ]
SQL: SELECT * FROM `products` WHERE (  id=118 ) LIMIT 1   [ RunTime:0.000218s ]
SQL: SELECT * FROM `procate` WHERE ( id=31 ) LIMIT 1   [ RunTime:0.000205s ]
SQL: SELECT * FROM `procate` WHERE ( id=20 ) LIMIT 1   [ RunTime:0.000188s ]
INFO: [ view_parse ] --START--
INFO: ParseTemplate Behavior ::run [ RunTime:0.027455s ]
INFO: [ view_parse ] --END-- [ RunTime:0.027552s ]
INFO: [ view_filter ] --START--
INFO: ContentReplace Behavior ::run [ RunTime:0.002169s ]
INFO: TokenBuild Behavior ::run [ RunTime:0.002116s ]
INFO: WriteHtmlCache Behavior ::run [ RunTime:0.001272s ]
INFO: ShowRuntime Behavior ::run [ RunTime:0.002307s ]
INFO: [ view_filter ] --END-- [ RunTime:0.008067s ]
INFO: [ view_end ] --START--
INFO: ShowPageTrace Behavior ::run [ RunTime:0.001776s ]
INFO: [ view_end ] --END-- [ RunTime:0.001856s ]

[ 2014-12-26 08:17:19 ] 173.208.74.24 /index.php/Index/product?procate=20
INFO: [ route_check ] --START--
INFO: CheckRoute Behavior ::run [ RunTime:0.001949s ]
INFO: [ route_check ] --END-- [ RunTime:0.002037s ]
INFO: [ app_begin ] --START--
INFO: ReadHtmlCache Behavior ::run [ RunTime:0.001573s ]
INFO: [ app_begin ] --END-- [ RunTime:0.001646s ]
SQL: SHOW COLUMNS FROM `contents` [ RunTime:0.004474s ]
SQL: SELECT * FROM `contents` WHERE (  enable=1 and cateid=4  ) LIMIT 1   [ RunTime:0.000270s ]
SQL: SELECT * FROM `contents` WHERE (  enable=1 and cateid=1  ) LIMIT 1   [ RunTime:0.000188s ]
SQL: SHOW COLUMNS FROM `visters` [ RunTime:0.007107s ]
SQL: INSERT INTO `visters` (`ctime`,`info`,`ip`,`page`) VALUES ('2014-12-26 08:17','美国 伊利诺伊 Chicago、WindowsEnglish系统、Firefox浏览器、','173.208.74.24','产品页面') [ RunTime:0.008632s ]
SQL: SHOW COLUMNS FROM `procate` [ RunTime:0.006906s ]
SQL: SHOW COLUMNS FROM `products` [ RunTime:0.005390s ]
NOTIC: [8] Undefined index:  procate2 D:\enkjhost\mayning1\web\home\Lib\Action\IndexAction.class.php 第 176 行.
SQL: SELECT * FROM `procate` WHERE ( id=20 ) LIMIT 1   [ RunTime:0.000291s ]
SQL: SELECT * FROM `procate` WHERE ( id=%d ) LIMIT 1   [ RunTime:0.000145s ]
ERR: 1064:You have an error in your SQL syntax; check the manual that corresponds to your MySQL server version for the right syntax to use near '%d ) LIMIT 1' at line 1
 [ SQL语句 ] : SELECT * FROM `procate` WHERE ( id=%d ) LIMIT 1  
SQL: SELECT * FROM `procate` WHERE ( pid=20 )  [ RunTime:0.000288s ]
SQL: select count(*) as count from products a left join procate b on a.proid = b.id where 1=1 and a.enable=1 and b.enable=1  and ( b.pid=20 or b.id=20) [ RunTime:0.000544s ]
SQL: select a.id,a.title,a.info,a.imgs,a.ctime from products a left join procate b on a.proid = b.id where 1=1 and a.enable=1 and b.enable=1  and ( b.pid=20 or b.id=20) order by a.sorts desc limit 0,9 [ RunTime:0.000631s ]
SQL: SELECT * FROM `procate` WHERE (  enable =1 and pid=0   ) ORDER BY  sorts desc  [ RunTime:0.000406s ]
INFO: [ view_parse ] --START--
INFO: ParseTemplate Behavior ::run [ RunTime:0.032393s ]
INFO: [ view_parse ] --END-- [ RunTime:0.032508s ]
INFO: [ view_filter ] --START--
INFO: ContentReplace Behavior ::run [ RunTime:0.001888s ]
INFO: TokenBuild Behavior ::run [ RunTime:0.001791s ]
INFO: WriteHtmlCache Behavior ::run [ RunTime:0.001584s ]
INFO: ShowRuntime Behavior ::run [ RunTime:0.001912s ]
INFO: [ view_filter ] --END-- [ RunTime:0.007438s ]
INFO: [ view_end ] --START--
INFO: ShowPageTrace Behavior ::run [ RunTime:0.002181s ]
INFO: [ view_end ] --END-- [ RunTime:0.002279s ]

[ 2014-12-26 08:17:24 ] 66.249.64.86 /index.php
INFO: [ app_begin ] --START--
INFO: ReadHtmlCache Behavior ::run [ RunTime:0.002067s ]
INFO: [ app_begin ] --END-- [ RunTime:0.002178s ]
SQL: SHOW COLUMNS FROM `contents` [ RunTime:0.004056s ]
SQL: SELECT * FROM `contents` WHERE (  enable=1 and cateid=4  ) LIMIT 1   [ RunTime:0.000252s ]
SQL: SELECT * FROM `contents` WHERE (  enable=1 and cateid=1  ) LIMIT 1   [ RunTime:0.000175s ]
NOTIC: [8] Undefined index:  HTTP_ACCEPT_LANGUAGE D:\enkjhost\mayning1\web\home\Lib\Action\UtilAction.class.php 第 96 行.
SQL: SHOW COLUMNS FROM `visters` [ RunTime:0.006458s ]
SQL: INSERT INTO `visters` (`ctime`,`info`,`ip`,`page`) VALUES ('2014-12-26 08:17','美国 加利福尼亚 Mountain View、OtherEnglish系统、Other浏览器、','66.249.64.86','系统首页') [ RunTime:0.009839s ]
SQL: SHOW COLUMNS FROM `products` [ RunTime:0.006589s ]
SQL: SELECT * FROM `products` WHERE (  enable=1 and state=1  ) ORDER BY  sorts desc  [ RunTime:0.001075s ]
SQL: SELECT * FROM `products` WHERE (  enable=1 and state=2  ) ORDER BY  sorts desc  [ RunTime:0.000615s ]
INFO: [ view_parse ] --START--
INFO: ParseTemplate Behavior ::run [ RunTime:0.026254s ]
INFO: [ view_parse ] --END-- [ RunTime:0.026381s ]
INFO: [ view_filter ] --START--
INFO: ContentReplace Behavior ::run [ RunTime:0.001800s ]
INFO: TokenBuild Behavior ::run [ RunTime:0.001758s ]
INFO: WriteHtmlCache Behavior ::run [ RunTime:0.001595s ]
INFO: ShowRuntime Behavior ::run [ RunTime:0.001900s ]
INFO: [ view_filter ] --END-- [ RunTime:0.007306s ]
INFO: [ view_end ] --START--
INFO: ShowPageTrace Behavior ::run [ RunTime:0.002169s ]
INFO: [ view_end ] --END-- [ RunTime:0.002269s ]

[ 2014-12-26 08:19:07 ] 220.181.108.88 /index.php/Index/product?procate=15
INFO: [ route_check ] --START--
INFO: CheckRoute Behavior ::run [ RunTime:0.002552s ]
INFO: [ route_check ] --END-- [ RunTime:0.002666s ]
INFO: [ app_begin ] --START--
INFO: ReadHtmlCache Behavior ::run [ RunTime:0.001576s ]
INFO: [ app_begin ] --END-- [ RunTime:0.001650s ]
SQL: SHOW COLUMNS FROM `contents` [ RunTime:0.004248s ]
SQL: SELECT * FROM `contents` WHERE (  enable=1 and cateid=4  ) LIMIT 1   [ RunTime:0.000277s ]
SQL: SELECT * FROM `contents` WHERE (  enable=1 and cateid=1  ) LIMIT 1   [ RunTime:0.000193s ]
SQL: SHOW COLUMNS FROM `visters` [ RunTime:0.005935s ]
SQL: INSERT INTO `visters` (`ctime`,`info`,`ip`,`page`) VALUES ('2014-12-26 08:19','中国 北京 北京、Other简体中文系统、Other浏览器、','220.181.108.88','产品页面') [ RunTime:0.007686s ]
SQL: SHOW COLUMNS FROM `procate` [ RunTime:0.006113s ]
SQL: SHOW COLUMNS FROM `products` [ RunTime:0.005912s ]
NOTIC: [8] Undefined index:  procate2 D:\enkjhost\mayning1\web\home\Lib\Action\IndexAction.class.php 第 176 行.
SQL: SELECT * FROM `procate` WHERE ( id=15 ) LIMIT 1   [ RunTime:0.000318s ]
SQL: SELECT * FROM `procate` WHERE ( id=%d ) LIMIT 1   [ RunTime:0.000187s ]
ERR: 1064:You have an error in your SQL syntax; check the manual that corresponds to your MySQL server version for the right syntax to use near '%d ) LIMIT 1' at line 1
 [ SQL语句 ] : SELECT * FROM `procate` WHERE ( id=%d ) LIMIT 1  
SQL: SELECT * FROM `procate` WHERE ( pid=15 )  [ RunTime:0.000326s ]
SQL: select count(*) as count from products a left join procate b on a.proid = b.id where 1=1 and a.enable=1 and b.enable=1  and ( b.pid=15 or b.id=15) [ RunTime:0.000596s ]
SQL: select a.id,a.title,a.info,a.imgs,a.ctime from products a left join procate b on a.proid = b.id where 1=1 and a.enable=1 and b.enable=1  and ( b.pid=15 or b.id=15) order by a.sorts desc limit 0,9 [ RunTime:0.001095s ]
SQL: SELECT * FROM `procate` WHERE (  enable =1 and pid=0   ) ORDER BY  sorts desc  [ RunTime:0.000485s ]
INFO: [ view_parse ] --START--
INFO: ParseTemplate Behavior ::run [ RunTime:0.026295s ]
INFO: [ view_parse ] --END-- [ RunTime:0.026408s ]
INFO: [ view_filter ] --START--
INFO: ContentReplace Behavior ::run [ RunTime:0.001547s ]
INFO: TokenBuild Behavior ::run [ RunTime:0.001490s ]
INFO: WriteHtmlCache Behavior ::run [ RunTime:0.001333s ]
INFO: ShowRuntime Behavior ::run [ RunTime:0.001601s ]
INFO: [ view_filter ] --END-- [ RunTime:0.006185s ]
INFO: [ view_end ] --START--
INFO: ShowPageTrace Behavior ::run [ RunTime:0.001857s ]
INFO: [ view_end ] --END-- [ RunTime:0.001940s ]

[ 2014-12-26 11:13:37 ] 157.55.39.192 /index.php
INFO: [ app_begin ] --START--
INFO: ReadHtmlCache Behavior ::run [ RunTime:0.002856s ]
INFO: [ app_begin ] --END-- [ RunTime:0.002959s ]
SQL: SHOW COLUMNS FROM `contents` [ RunTime:0.007933s ]
SQL: SELECT * FROM `contents` WHERE (  enable=1 and cateid=4  ) LIMIT 1   [ RunTime:0.000398s ]
SQL: SELECT * FROM `contents` WHERE (  enable=1 and cateid=1  ) LIMIT 1   [ RunTime:0.000326s ]
NOTIC: [8] Undefined index:  HTTP_ACCEPT_LANGUAGE D:\enkjhost\mayning1\web\home\Lib\Action\UtilAction.class.php 第 96 行.
SQL: SHOW COLUMNS FROM `visters` [ RunTime:0.007573s ]
SQL: INSERT INTO `visters` (`ctime`,`info`,`ip`,`page`) VALUES ('2014-12-26 11:13','美国 华盛顿州 Redmond、OtherEnglish系统、Other浏览器、','157.55.39.192','系统首页') [ RunTime:0.010391s ]
SQL: SHOW COLUMNS FROM `products` [ RunTime:0.008073s ]
SQL: SELECT * FROM `products` WHERE (  enable=1 and state=1  ) ORDER BY  sorts desc  [ RunTime:0.000908s ]
SQL: SELECT * FROM `products` WHERE (  enable=1 and state=2  ) ORDER BY  sorts desc  [ RunTime:0.000605s ]
INFO: [ view_parse ] --START--
INFO: ParseTemplate Behavior ::run [ RunTime:0.041319s ]
INFO: [ view_parse ] --END-- [ RunTime:0.041453s ]
INFO: [ view_filter ] --START--
INFO: ContentReplace Behavior ::run [ RunTime:0.002852s ]
INFO: TokenBuild Behavior ::run [ RunTime:0.002876s ]
INFO: WriteHtmlCache Behavior ::run [ RunTime:0.002547s ]
INFO: ShowRuntime Behavior ::run [ RunTime:0.003044s ]
INFO: [ view_filter ] --END-- [ RunTime:0.011608s ]
INFO: [ view_end ] --START--
INFO: ShowPageTrace Behavior ::run [ RunTime:0.003431s ]
INFO: [ view_end ] --END-- [ RunTime:0.003530s ]

[ 2014-12-26 12:13:14 ] 180.76.6.145 /index.php/Index/product?procate=23
INFO: [ route_check ] --START--
INFO: CheckRoute Behavior ::run [ RunTime:0.003852s ]
INFO: [ route_check ] --END-- [ RunTime:0.003970s ]
INFO: [ app_begin ] --START--
INFO: ReadHtmlCache Behavior ::run [ RunTime:0.003473s ]
INFO: [ app_begin ] --END-- [ RunTime:0.003578s ]
SQL: SHOW COLUMNS FROM `contents` [ RunTime:0.004798s ]
SQL: SELECT * FROM `contents` WHERE (  enable=1 and cateid=4  ) LIMIT 1   [ RunTime:0.000331s ]
SQL: SELECT * FROM `contents` WHERE (  enable=1 and cateid=1  ) LIMIT 1   [ RunTime:0.000269s ]
SQL: SHOW COLUMNS FROM `visters` [ RunTime:0.004461s ]
SQL: INSERT INTO `visters` (`ctime`,`info`,`ip`,`page`) VALUES ('2014-12-26 12:13','中国 北京 北京、OtherEnglish系统、Other浏览器、','180.76.6.145','产品页面') [ RunTime:0.013328s ]
SQL: SHOW COLUMNS FROM `procate` [ RunTime:0.005727s ]
SQL: SHOW COLUMNS FROM `products` [ RunTime:0.005605s ]
NOTIC: [8] Undefined index:  procate2 D:\enkjhost\mayning1\web\home\Lib\Action\IndexAction.class.php 第 176 行.
SQL: SELECT * FROM `procate` WHERE ( id=23 ) LIMIT 1   [ RunTime:0.000288s ]
SQL: SELECT * FROM `procate` WHERE ( id=%d ) LIMIT 1   [ RunTime:0.000154s ]
ERR: 1064:You have an error in your SQL syntax; check the manual that corresponds to your MySQL server version for the right syntax to use near '%d ) LIMIT 1' at line 1
 [ SQL语句 ] : SELECT * FROM `procate` WHERE ( id=%d ) LIMIT 1  
SQL: SELECT * FROM `procate` WHERE ( pid=23 )  [ RunTime:0.000271s ]
SQL: select count(*) as count from products a left join procate b on a.proid = b.id where 1=1 and a.enable=1 and b.enable=1  and ( b.pid=23 or b.id=23) [ RunTime:0.000542s ]
SQL: select a.id,a.title,a.info,a.imgs,a.ctime from products a left join procate b on a.proid = b.id where 1=1 and a.enable=1 and b.enable=1  and ( b.pid=23 or b.id=23) order by a.sorts desc limit 0,9 [ RunTime:0.000999s ]
SQL: SELECT * FROM `procate` WHERE (  enable =1 and pid=0   ) ORDER BY  sorts desc  [ RunTime:0.000389s ]
INFO: [ view_parse ] --START--
INFO: ParseTemplate Behavior ::run [ RunTime:0.043816s ]
INFO: [ view_parse ] --END-- [ RunTime:0.043937s ]
INFO: [ view_filter ] --START--
INFO: ContentReplace Behavior ::run [ RunTime:0.002728s ]
INFO: TokenBuild Behavior ::run [ RunTime:0.002711s ]
INFO: WriteHtmlCache Behavior ::run [ RunTime:0.002302s ]
INFO: ShowRuntime Behavior ::run [ RunTime:0.002853s ]
INFO: [ view_filter ] --END-- [ RunTime:0.010861s ]
INFO: [ view_end ] --START--
INFO: ShowPageTrace Behavior ::run [ RunTime:0.003270s ]
INFO: [ view_end ] --END-- [ RunTime:0.003367s ]

[ 2014-12-26 12:18:52 ] 157.55.39.191 /index.php
INFO: [ app_begin ] --START--
INFO: ReadHtmlCache Behavior ::run [ RunTime:0.003065s ]
INFO: [ app_begin ] --END-- [ RunTime:0.003178s ]
SQL: SHOW COLUMNS FROM `contents` [ RunTime:0.005605s ]
SQL: SELECT * FROM `contents` WHERE (  enable=1 and cateid=4  ) LIMIT 1   [ RunTime:0.000321s ]
SQL: SELECT * FROM `contents` WHERE (  enable=1 and cateid=1  ) LIMIT 1   [ RunTime:0.000221s ]
NOTIC: [8] Undefined index:  HTTP_ACCEPT_LANGUAGE D:\enkjhost\mayning1\web\home\Lib\Action\UtilAction.class.php 第 96 行.
SQL: SHOW COLUMNS FROM `visters` [ RunTime:0.005826s ]
SQL: INSERT INTO `visters` (`ctime`,`info`,`ip`,`page`) VALUES ('2014-12-26 12:18','美国 华盛顿州 Redmond、OtherEnglish系统、Other浏览器、','157.55.39.191','系统首页') [ RunTime:0.012528s ]
SQL: SHOW COLUMNS FROM `products` [ RunTime:0.005564s ]
SQL: SELECT * FROM `products` WHERE (  enable=1 and state=1  ) ORDER BY  sorts desc  [ RunTime:0.000879s ]
SQL: SELECT * FROM `products` WHERE (  enable=1 and state=2  ) ORDER BY  sorts desc  [ RunTime:0.000663s ]
INFO: [ view_parse ] --START--
INFO: ParseTemplate Behavior ::run [ RunTime:0.034507s ]
INFO: [ view_parse ] --END-- [ RunTime:0.034635s ]
INFO: [ view_filter ] --START--
INFO: ContentReplace Behavior ::run [ RunTime:0.002322s ]
INFO: TokenBuild Behavior ::run [ RunTime:0.002200s ]
INFO: WriteHtmlCache Behavior ::run [ RunTime:0.001345s ]
INFO: ShowRuntime Behavior ::run [ RunTime:0.002456s ]
INFO: [ view_filter ] --END-- [ RunTime:0.008540s ]
INFO: [ view_end ] --START--
INFO: ShowPageTrace Behavior ::run [ RunTime:0.001874s ]
INFO: [ view_end ] --END-- [ RunTime:0.001954s ]

[ 2014-12-26 13:29:35 ] 188.165.15.162 /index.php/Index/productInfo?id=109
INFO: [ route_check ] --START--
INFO: CheckRoute Behavior ::run [ RunTime:0.003998s ]
INFO: [ route_check ] --END-- [ RunTime:0.004119s ]
INFO: [ app_begin ] --START--
INFO: ReadHtmlCache Behavior ::run [ RunTime:0.003234s ]
INFO: [ app_begin ] --END-- [ RunTime:0.003334s ]
SQL: SHOW COLUMNS FROM `contents` [ RunTime:0.006806s ]
SQL: SELECT * FROM `contents` WHERE (  enable=1 and cateid=4  ) LIMIT 1   [ RunTime:0.000406s ]
SQL: SELECT * FROM `contents` WHERE (  enable=1 and cateid=1  ) LIMIT 1   [ RunTime:0.000347s ]
NOTIC: [8] Undefined index:  HTTP_ACCEPT_LANGUAGE D:\enkjhost\mayning1\web\home\Lib\Action\UtilAction.class.php 第 96 行.
SQL: SHOW COLUMNS FROM `visters` [ RunTime:0.006609s ]
SQL: INSERT INTO `visters` (`ctime`,`info`,`ip`,`page`) VALUES ('2014-12-26 13:29','法国  、OtherEnglish系统、Other浏览器、','188.165.15.162','产品详情页面') [ RunTime:0.010949s ]
SQL: SHOW COLUMNS FROM `procate` [ RunTime:0.006916s ]
SQL: SHOW COLUMNS FROM `products` [ RunTime:0.006366s ]
NOTIC: [8] Undefined index:  procate D:\enkjhost\mayning1\web\home\Lib\Action\IndexAction.class.php 第 243 行.
NOTIC: [8] Undefined index:  procate2 D:\enkjhost\mayning1\web\home\Lib\Action\IndexAction.class.php 第 244 行.
SQL: SELECT * FROM `procate` WHERE ( id=%d ) LIMIT 1   [ RunTime:0.000240s ]
ERR: 1064:You have an error in your SQL syntax; check the manual that corresponds to your MySQL server version for the right syntax to use near '%d ) LIMIT 1' at line 1
 [ SQL语句 ] : SELECT * FROM `procate` WHERE ( id=%d ) LIMIT 1  
SQL: SELECT * FROM `procate` WHERE ( id=%d ) LIMIT 1   [ RunTime:0.000208s ]
ERR: 1064:You have an error in your SQL syntax; check the manual that corresponds to your MySQL server version for the right syntax to use near '%d ) LIMIT 1' at line 1
 [ SQL语句 ] : SELECT * FROM `procate` WHERE ( id=%d ) LIMIT 1  
SQL: SELECT * FROM `procate` WHERE (  enable =1 and pid=0  ) ORDER BY  sorts desc  [ RunTime:0.000551s ]
SQL: SELECT * FROM `products` WHERE (  id=109 ) LIMIT 1   [ RunTime:0.000355s ]
SQL: SELECT * FROM `procate` WHERE ( id=30 ) LIMIT 1   [ RunTime:0.000344s ]
SQL: SELECT * FROM `procate` WHERE ( id=20 ) LIMIT 1   [ RunTime:0.000257s ]
INFO: [ view_parse ] --START--
INFO: ParseTemplate Behavior ::run [ RunTime:0.037629s ]
INFO: [ view_parse ] --END-- [ RunTime:0.037736s ]
INFO: [ view_filter ] --START--
INFO: ContentReplace Behavior ::run [ RunTime:0.002288s ]
INFO: TokenBuild Behavior ::run [ RunTime:0.002258s ]
INFO: WriteHtmlCache Behavior ::run [ RunTime:0.002076s ]
INFO: ShowRuntime Behavior ::run [ RunTime:0.002518s ]
INFO: [ view_filter ] --END-- [ RunTime:0.009341s ]
INFO: [ view_end ] --START--
INFO: ShowPageTrace Behavior ::run [ RunTime:0.002772s ]
INFO: [ view_end ] --END-- [ RunTime:0.002849s ]

[ 2014-12-26 13:48:04 ] 61.135.189.171 /index.php/Index/product?procate=20&procate2=31
INFO: [ route_check ] --START--
INFO: CheckRoute Behavior ::run [ RunTime:0.004126s ]
INFO: [ route_check ] --END-- [ RunTime:0.004248s ]
INFO: [ app_begin ] --START--
INFO: ReadHtmlCache Behavior ::run [ RunTime:0.003331s ]
INFO: [ app_begin ] --END-- [ RunTime:0.003434s ]
SQL: SHOW COLUMNS FROM `contents` [ RunTime:0.004605s ]
SQL: SELECT * FROM `contents` WHERE (  enable=1 and cateid=4  ) LIMIT 1   [ RunTime:0.000309s ]
SQL: SELECT * FROM `contents` WHERE (  enable=1 and cateid=1  ) LIMIT 1   [ RunTime:0.000221s ]
SQL: SHOW COLUMNS FROM `visters` [ RunTime:0.005268s ]
SQL: INSERT INTO `visters` (`ctime`,`info`,`ip`,`page`) VALUES ('2014-12-26 13:48','中国 北京 北京、Other简体中文系统、Other浏览器、','61.135.189.171','产品页面') [ RunTime:0.009868s ]
SQL: SHOW COLUMNS FROM `procate` [ RunTime:0.005423s ]
SQL: SHOW COLUMNS FROM `products` [ RunTime:0.005196s ]
SQL: SELECT * FROM `procate` WHERE ( id=20 ) LIMIT 1   [ RunTime:0.000285s ]
SQL: SELECT * FROM `procate` WHERE ( id=31 ) LIMIT 1   [ RunTime:0.000219s ]
SQL: SELECT * FROM `procate` WHERE ( pid=20 )  [ RunTime:0.000262s ]
SQL: select count(*) as count from products a left join procate b on a.proid = b.id where 1=1 and a.enable=1 and b.enable=1  and ( b.pid=31 or b.id=31) [ RunTime:0.000539s ]
SQL: select a.id,a.title,a.info,a.imgs,a.ctime from products a left join procate b on a.proid = b.id where 1=1 and a.enable=1 and b.enable=1  and ( b.pid=31 or b.id=31) order by a.sorts desc limit 0,9 [ RunTime:0.000648s ]
SQL: SELECT * FROM `procate` WHERE (  enable =1 and pid=0   ) ORDER BY  sorts desc  [ RunTime:0.000387s ]
INFO: [ view_parse ] --START--
INFO: ParseTemplate Behavior ::run [ RunTime:0.040232s ]
INFO: [ view_parse ] --END-- [ RunTime:0.040340s ]
INFO: [ view_filter ] --START--
INFO: ContentReplace Behavior ::run [ RunTime:0.001437s ]
INFO: TokenBuild Behavior ::run [ RunTime:0.002037s ]
INFO: WriteHtmlCache Behavior ::run [ RunTime:0.001805s ]
INFO: ShowRuntime Behavior ::run [ RunTime:0.002246s ]
INFO: [ view_filter ] --END-- [ RunTime:0.007730s ]
INFO: [ view_end ] --START--
INFO: ShowPageTrace Behavior ::run [ RunTime:0.002533s ]
INFO: [ view_end ] --END-- [ RunTime:0.002608s ]

[ 2014-12-26 14:25:01 ] 66.249.64.86 /index.php/Index/product
INFO: [ route_check ] --START--
INFO: CheckRoute Behavior ::run [ RunTime:0.003636s ]
INFO: [ route_check ] --END-- [ RunTime:0.003744s ]
INFO: [ app_begin ] --START--
INFO: ReadHtmlCache Behavior ::run [ RunTime:0.003139s ]
INFO: [ app_begin ] --END-- [ RunTime:0.003234s ]
SQL: SHOW COLUMNS FROM `contents` [ RunTime:0.008622s ]
SQL: SELECT * FROM `contents` WHERE (  enable=1 and cateid=4  ) LIMIT 1   [ RunTime:0.000394s ]
SQL: SELECT * FROM `contents` WHERE (  enable=1 and cateid=1  ) LIMIT 1   [ RunTime:0.000331s ]
NOTIC: [8] Undefined index:  HTTP_ACCEPT_LANGUAGE D:\enkjhost\mayning1\web\home\Lib\Action\UtilAction.class.php 第 96 行.
SQL: SHOW COLUMNS FROM `visters` [ RunTime:0.007059s ]
SQL: INSERT INTO `visters` (`ctime`,`info`,`ip`,`page`) VALUES ('2014-12-26 14:25','美国 加利福尼亚 Mountain View、MACEnglish系统、Safari浏览器、','66.249.64.86','产品页面') [ RunTime:0.013123s ]
SQL: SHOW COLUMNS FROM `procate` [ RunTime:0.008324s ]
SQL: SHOW COLUMNS FROM `products` [ RunTime:0.008284s ]
NOTIC: [8] Undefined index:  procate D:\enkjhost\mayning1\web\home\Lib\Action\IndexAction.class.php 第 175 行.
NOTIC: [8] Undefined index:  procate2 D:\enkjhost\mayning1\web\home\Lib\Action\IndexAction.class.php 第 176 行.
SQL: SELECT * FROM `procate` WHERE ( id=%d ) LIMIT 1   [ RunTime:0.000266s ]
ERR: 1064:You have an error in your SQL syntax; check the manual that corresponds to your MySQL server version for the right syntax to use near '%d ) LIMIT 1' at line 1
 [ SQL语句 ] : SELECT * FROM `procate` WHERE ( id=%d ) LIMIT 1  
SQL: SELECT * FROM `procate` WHERE ( id=%d ) LIMIT 1   [ RunTime:0.000237s ]
ERR: 1064:You have an error in your SQL syntax; check the manual that corresponds to your MySQL server version for the right syntax to use near '%d ) LIMIT 1' at line 1
 [ SQL语句 ] : SELECT * FROM `procate` WHERE ( id=%d ) LIMIT 1  
SQL: select count(*) as count from products a left join procate b on a.proid = b.id where 1=1 and a.enable=1 and b.enable=1  [ RunTime:0.000648s ]
SQL: select a.id,a.title,a.info,a.imgs,a.ctime from products a left join procate b on a.proid = b.id where 1=1 and a.enable=1 and b.enable=1  order by a.sorts desc limit 0,9 [ RunTime:0.000595s ]
SQL: SELECT * FROM `procate` WHERE (  enable =1 and pid=0   ) ORDER BY  sorts desc  [ RunTime:0.000458s ]
NOTIC: [8] Undefined variable: cate2List D:\enkjhost\mayning1\web\home\Lib\Action\IndexAction.class.php 第 220 行.
INFO: [ view_parse ] --START--
INFO: ParseTemplate Behavior ::run [ RunTime:0.043471s ]
INFO: [ view_parse ] --END-- [ RunTime:0.043590s ]
INFO: [ view_filter ] --START--
INFO: ContentReplace Behavior ::run [ RunTime:0.002765s ]
INFO: TokenBuild Behavior ::run [ RunTime:0.002678s ]
INFO: WriteHtmlCache Behavior ::run [ RunTime:0.002414s ]
INFO: ShowRuntime Behavior ::run [ RunTime:0.003780s ]
INFO: [ view_filter ] --END-- [ RunTime:0.011906s ]
INFO: [ view_end ] --START--
INFO: ShowPageTrace Behavior ::run [ RunTime:0.003634s ]
INFO: [ view_end ] --END-- [ RunTime:0.003731s ]

[ 2014-12-26 15:10:27 ] 171.8.242.105 /index.php
INFO: [ app_begin ] --START--
INFO: ReadHtmlCache Behavior ::run [ RunTime:0.002626s ]
INFO: [ app_begin ] --END-- [ RunTime:0.002728s ]
SQL: SHOW COLUMNS FROM `contents` [ RunTime:0.006435s ]
SQL: SELECT * FROM `contents` WHERE (  enable=1 and cateid=4  ) LIMIT 1   [ RunTime:0.000380s ]
SQL: SELECT * FROM `contents` WHERE (  enable=1 and cateid=1  ) LIMIT 1   [ RunTime:0.000289s ]
SQL: SHOW COLUMNS FROM `visters` [ RunTime:0.006301s ]
SQL: INSERT INTO `visters` (`ctime`,`info`,`ip`,`page`) VALUES ('2014-12-26 15:10','中国 河南 郑州、Windows简体中文系统、Chrome浏览器、','171.8.242.105','系统首页') [ RunTime:0.009695s ]
SQL: SHOW COLUMNS FROM `products` [ RunTime:0.006673s ]
SQL: SELECT * FROM `products` WHERE (  enable=1 and state=1  ) ORDER BY  sorts desc  [ RunTime:0.000921s ]
SQL: SELECT * FROM `products` WHERE (  enable=1 and state=2  ) ORDER BY  sorts desc  [ RunTime:0.000642s ]
INFO: [ view_parse ] --START--
INFO: ParseTemplate Behavior ::run [ RunTime:0.046327s ]
INFO: [ view_parse ] --END-- [ RunTime:0.046462s ]
INFO: [ view_filter ] --START--
INFO: ContentReplace Behavior ::run [ RunTime:0.002555s ]
INFO: TokenBuild Behavior ::run [ RunTime:0.002284s ]
INFO: WriteHtmlCache Behavior ::run [ RunTime:0.002250s ]
INFO: ShowRuntime Behavior ::run [ RunTime:0.002573s ]
INFO: [ view_filter ] --END-- [ RunTime:0.009909s ]
INFO: [ view_end ] --START--
INFO: ShowPageTrace Behavior ::run [ RunTime:0.002947s ]
INFO: [ view_end ] --END-- [ RunTime:0.003035s ]

[ 2014-12-26 15:10:43 ] 171.8.242.105 /index.php
INFO: [ app_begin ] --START--
INFO: ReadHtmlCache Behavior ::run [ RunTime:0.001545s ]
INFO: [ app_begin ] --END-- [ RunTime:0.001634s ]
SQL: SHOW COLUMNS FROM `contents` [ RunTime:0.003920s ]
SQL: SELECT * FROM `contents` WHERE (  enable=1 and cateid=4  ) LIMIT 1   [ RunTime:0.000275s ]
SQL: SELECT * FROM `contents` WHERE (  enable=1 and cateid=1  ) LIMIT 1   [ RunTime:0.000196s ]
SQL: SHOW COLUMNS FROM `visters` [ RunTime:0.005510s ]
SQL: INSERT INTO `visters` (`ctime`,`info`,`ip`,`page`) VALUES ('2014-12-26 15:10','中国 河南 郑州、Windows简体中文系统、Chrome浏览器、','171.8.242.105','系统首页') [ RunTime:0.012947s ]
SQL: SHOW COLUMNS FROM `products` [ RunTime:0.005643s ]
SQL: SELECT * FROM `products` WHERE (  enable=1 and state=1  ) ORDER BY  sorts desc  [ RunTime:0.000865s ]
SQL: SELECT * FROM `products` WHERE (  enable=1 and state=2  ) ORDER BY  sorts desc  [ RunTime:0.000658s ]
INFO: [ view_parse ] --START--
INFO: ParseTemplate Behavior ::run [ RunTime:0.026428s ]
INFO: [ view_parse ] --END-- [ RunTime:0.026565s ]
INFO: [ view_filter ] --START--
INFO: ContentReplace Behavior ::run [ RunTime:0.001806s ]
INFO: TokenBuild Behavior ::run [ RunTime:0.001582s ]
INFO: WriteHtmlCache Behavior ::run [ RunTime:0.001204s ]
INFO: ShowRuntime Behavior ::run [ RunTime:0.001437s ]
INFO: [ view_filter ] --END-- [ RunTime:0.006249s ]
INFO: [ view_end ] --START--
INFO: ShowPageTrace Behavior ::run [ RunTime:0.001659s ]
INFO: [ view_end ] --END-- [ RunTime:0.001735s ]

[ 2014-12-26 15:21:13 ] 180.153.214.199 /index.php
INFO: [ app_begin ] --START--
INFO: ReadHtmlCache Behavior ::run [ RunTime:0.003398s ]
INFO: [ app_begin ] --END-- [ RunTime:0.003521s ]
SQL: SHOW COLUMNS FROM `contents` [ RunTime:0.004574s ]
SQL: SELECT * FROM `contents` WHERE (  enable=1 and cateid=4  ) LIMIT 1   [ RunTime:0.000307s ]
SQL: SELECT * FROM `contents` WHERE (  enable=1 and cateid=1  ) LIMIT 1   [ RunTime:0.000218s ]
SQL: SHOW COLUMNS FROM `visters` [ RunTime:0.004233s ]
SQL: INSERT INTO `visters` (`ctime`,`info`,`ip`,`page`) VALUES ('2014-12-26 15:21','中国 上海 上海、Other简体中文系统、Other浏览器、','180.153.214.199','系统首页') [ RunTime:0.013462s ]
SQL: SHOW COLUMNS FROM `products` [ RunTime:0.004152s ]
SQL: SELECT * FROM `products` WHERE (  enable=1 and state=1  ) ORDER BY  sorts desc  [ RunTime:0.000613s ]
SQL: SELECT * FROM `products` WHERE (  enable=1 and state=2  ) ORDER BY  sorts desc  [ RunTime:0.000407s ]
INFO: [ view_parse ] --START--
INFO: ParseTemplate Behavior ::run [ RunTime:0.045556s ]
INFO: [ view_parse ] --END-- [ RunTime:0.045682s ]
INFO: [ view_filter ] --START--
INFO: ContentReplace Behavior ::run [ RunTime:0.002914s ]
INFO: TokenBuild Behavior ::run [ RunTime:0.002909s ]
INFO: WriteHtmlCache Behavior ::run [ RunTime:0.001726s ]
INFO: ShowRuntime Behavior ::run [ RunTime:0.002892s ]
INFO: [ view_filter ] --END-- [ RunTime:0.010709s ]
INFO: [ view_end ] --START--
INFO: ShowPageTrace Behavior ::run [ RunTime:0.002264s ]
INFO: [ view_end ] --END-- [ RunTime:0.002362s ]

[ 2014-12-26 15:27:31 ] 66.249.64.92 /index.php
INFO: [ app_begin ] --START--
INFO: ReadHtmlCache Behavior ::run [ RunTime:0.003511s ]
INFO: [ app_begin ] --END-- [ RunTime:0.003632s ]
SQL: SHOW COLUMNS FROM `contents` [ RunTime:0.005363s ]
SQL: SELECT * FROM `contents` WHERE (  enable=1 and cateid=4  ) LIMIT 1   [ RunTime:0.000350s ]
SQL: SELECT * FROM `contents` WHERE (  enable=1 and cateid=1  ) LIMIT 1   [ RunTime:0.000253s ]
NOTIC: [8] Undefined index:  HTTP_ACCEPT_LANGUAGE D:\enkjhost\mayning1\web\home\Lib\Action\UtilAction.class.php 第 96 行.
SQL: SHOW COLUMNS FROM `visters` [ RunTime:0.008159s ]
SQL: INSERT INTO `visters` (`ctime`,`info`,`ip`,`page`) VALUES ('2014-12-26 15:27','美国 加利福尼亚 Mountain View、OtherEnglish系统、Other浏览器、','66.249.64.92','系统首页') [ RunTime:0.011634s ]
SQL: SHOW COLUMNS FROM `products` [ RunTime:0.005615s ]
SQL: SELECT * FROM `products` WHERE (  enable=1 and state=1  ) ORDER BY  sorts desc  [ RunTime:0.000814s ]
SQL: SELECT * FROM `products` WHERE (  enable=1 and state=2  ) ORDER BY  sorts desc  [ RunTime:0.000549s ]
INFO: [ view_parse ] --START--
INFO: ParseTemplate Behavior ::run [ RunTime:0.037691s ]
INFO: [ view_parse ] --END-- [ RunTime:0.037887s ]
INFO: [ view_filter ] --START--
INFO: ContentReplace Behavior ::run [ RunTime:0.002736s ]
INFO: TokenBuild Behavior ::run [ RunTime:0.002787s ]
INFO: WriteHtmlCache Behavior ::run [ RunTime:0.002499s ]
INFO: ShowRuntime Behavior ::run [ RunTime:0.003000s ]
INFO: [ view_filter ] --END-- [ RunTime:0.011288s ]
INFO: [ view_end ] --START--
INFO: ShowPageTrace Behavior ::run [ RunTime:0.003447s ]
INFO: [ view_end ] --END-- [ RunTime:0.003547s ]

[ 2014-12-26 18:07:56 ] 188.165.15.26 /index.php/Index/product?procate=10
INFO: [ route_check ] --START--
INFO: CheckRoute Behavior ::run [ RunTime:0.003785s ]
INFO: [ route_check ] --END-- [ RunTime:0.003923s ]
INFO: [ app_begin ] --START--
INFO: ReadHtmlCache Behavior ::run [ RunTime:0.003002s ]
INFO: [ app_begin ] --END-- [ RunTime:0.003100s ]
SQL: SHOW COLUMNS FROM `contents` [ RunTime:0.006283s ]
SQL: SELECT * FROM `contents` WHERE (  enable=1 and cateid=4  ) LIMIT 1   [ RunTime:0.000416s ]
SQL: SELECT * FROM `contents` WHERE (  enable=1 and cateid=1  ) LIMIT 1   [ RunTime:0.000317s ]
NOTIC: [8] Undefined index:  HTTP_ACCEPT_LANGUAGE D:\enkjhost\mayning1\web\home\Lib\Action\UtilAction.class.php 第 96 行.
SQL: SHOW COLUMNS FROM `visters` [ RunTime:0.006675s ]
SQL: INSERT INTO `visters` (`ctime`,`info`,`ip`,`page`) VALUES ('2014-12-26 18:07','法国  、OtherEnglish系统、Other浏览器、','188.165.15.26','产品页面') [ RunTime:0.010370s ]
SQL: SHOW COLUMNS FROM `procate` [ RunTime:0.006476s ]
SQL: SHOW COLUMNS FROM `products` [ RunTime:0.005564s ]
NOTIC: [8] Undefined index:  procate2 D:\enkjhost\mayning1\web\home\Lib\Action\IndexAction.class.php 第 176 行.
SQL: SELECT * FROM `procate` WHERE ( id=10 ) LIMIT 1   [ RunTime:0.000305s ]
SQL: SELECT * FROM `procate` WHERE ( id=%d ) LIMIT 1   [ RunTime:0.000164s ]
ERR: 1064:You have an error in your SQL syntax; check the manual that corresponds to your MySQL server version for the right syntax to use near '%d ) LIMIT 1' at line 1
 [ SQL语句 ] : SELECT * FROM `procate` WHERE ( id=%d ) LIMIT 1  
SQL: SELECT * FROM `procate` WHERE ( pid=10 )  [ RunTime:0.000290s ]
SQL: select count(*) as count from products a left join procate b on a.proid = b.id where 1=1 and a.enable=1 and b.enable=1  and ( b.pid=10 or b.id=10) [ RunTime:0.000558s ]
SQL: select a.id,a.title,a.info,a.imgs,a.ctime from products a left join procate b on a.proid = b.id where 1=1 and a.enable=1 and b.enable=1  and ( b.pid=10 or b.id=10) order by a.sorts desc limit 0,9 [ RunTime:0.001021s ]
SQL: SELECT * FROM `procate` WHERE (  enable =1 and pid=0   ) ORDER BY  sorts desc  [ RunTime:0.000402s ]
INFO: [ view_parse ] --START--
INFO: ParseTemplate Behavior ::run [ RunTime:0.050813s ]
INFO: [ view_parse ] --END-- [ RunTime:0.050915s ]
INFO: [ view_filter ] --START--
INFO: ContentReplace Behavior ::run [ RunTime:0.001976s ]
INFO: TokenBuild Behavior ::run [ RunTime:0.002081s ]
INFO: WriteHtmlCache Behavior ::run [ RunTime:0.001842s ]
INFO: ShowRuntime Behavior ::run [ RunTime:0.002272s ]
INFO: [ view_filter ] --END-- [ RunTime:0.008373s ]
INFO: [ view_end ] --START--
INFO: ShowPageTrace Behavior ::run [ RunTime:0.002628s ]
INFO: [ view_end ] --END-- [ RunTime:0.002705s ]

[ 2014-12-26 18:44:22 ] 180.76.6.154 /index.php/Index/product?procate=19
INFO: [ route_check ] --START--
INFO: CheckRoute Behavior ::run [ RunTime:0.001964s ]
INFO: [ route_check ] --END-- [ RunTime:0.002056s ]
INFO: [ app_begin ] --START--
INFO: ReadHtmlCache Behavior ::run [ RunTime:0.001579s ]
INFO: [ app_begin ] --END-- [ RunTime:0.001652s ]
SQL: SHOW COLUMNS FROM `contents` [ RunTime:0.004660s ]
SQL: SELECT * FROM `contents` WHERE (  enable=1 and cateid=4  ) LIMIT 1   [ RunTime:0.000330s ]
SQL: SELECT * FROM `contents` WHERE (  enable=1 and cateid=1  ) LIMIT 1   [ RunTime:0.000236s ]
SQL: SHOW COLUMNS FROM `visters` [ RunTime:0.006279s ]
SQL: INSERT INTO `visters` (`ctime`,`info`,`ip`,`page`) VALUES ('2014-12-26 18:44','中国 北京 北京、OtherEnglish系统、Other浏览器、','180.76.6.154','产品页面') [ RunTime:0.008246s ]
SQL: SHOW COLUMNS FROM `procate` [ RunTime:0.005460s ]
SQL: SHOW COLUMNS FROM `products` [ RunTime:0.005112s ]
NOTIC: [8] Undefined index:  procate2 D:\enkjhost\mayning1\web\home\Lib\Action\IndexAction.class.php 第 176 行.
SQL: SELECT * FROM `procate` WHERE ( id=19 ) LIMIT 1   [ RunTime:0.000275s ]
SQL: SELECT * FROM `procate` WHERE ( id=%d ) LIMIT 1   [ RunTime:0.000149s ]
ERR: 1064:You have an error in your SQL syntax; check the manual that corresponds to your MySQL server version for the right syntax to use near '%d ) LIMIT 1' at line 1
 [ SQL语句 ] : SELECT * FROM `procate` WHERE ( id=%d ) LIMIT 1  
SQL: SELECT * FROM `procate` WHERE ( pid=19 )  [ RunTime:0.000268s ]
SQL: select count(*) as count from products a left join procate b on a.proid = b.id where 1=1 and a.enable=1 and b.enable=1  and ( b.pid=19 or b.id=19) [ RunTime:0.000543s ]
SQL: select a.id,a.title,a.info,a.imgs,a.ctime from products a left join procate b on a.proid = b.id where 1=1 and a.enable=1 and b.enable=1  and ( b.pid=19 or b.id=19) order by a.sorts desc limit 0,9 [ RunTime:0.001017s ]
SQL: SELECT * FROM `procate` WHERE (  enable =1 and pid=0   ) ORDER BY  sorts desc  [ RunTime:0.000400s ]
INFO: [ view_parse ] --START--
INFO: ParseTemplate Behavior ::run [ RunTime:0.046202s ]
INFO: [ view_parse ] --END-- [ RunTime:0.046309s ]
INFO: [ view_filter ] --START--
INFO: ContentReplace Behavior ::run [ RunTime:0.001552s ]
INFO: TokenBuild Behavior ::run [ RunTime:0.002253s ]
INFO: WriteHtmlCache Behavior ::run [ RunTime:0.002101s ]
INFO: ShowRuntime Behavior ::run [ RunTime:0.001696s ]
INFO: [ view_filter ] --END-- [ RunTime:0.007822s ]
INFO: [ view_end ] --START--
INFO: ShowPageTrace Behavior ::run [ RunTime:0.001858s ]
INFO: [ view_end ] --END-- [ RunTime:0.001939s ]

[ 2014-12-26 18:52:36 ] 188.165.15.36 /index.php/Index/product?procate=22
INFO: [ route_check ] --START--
INFO: CheckRoute Behavior ::run [ RunTime:0.002603s ]
INFO: [ route_check ] --END-- [ RunTime:0.002716s ]
INFO: [ app_begin ] --START--
INFO: ReadHtmlCache Behavior ::run [ RunTime:0.002119s ]
INFO: [ app_begin ] --END-- [ RunTime:0.002213s ]
SQL: SHOW COLUMNS FROM `contents` [ RunTime:0.004307s ]
SQL: SELECT * FROM `contents` WHERE (  enable=1 and cateid=4  ) LIMIT 1   [ RunTime:0.000288s ]
SQL: SELECT * FROM `contents` WHERE (  enable=1 and cateid=1  ) LIMIT 1   [ RunTime:0.000207s ]
NOTIC: [8] Undefined index:  HTTP_ACCEPT_LANGUAGE D:\enkjhost\mayning1\web\home\Lib\Action\UtilAction.class.php 第 96 行.
SQL: SHOW COLUMNS FROM `visters` [ RunTime:0.006158s ]
SQL: INSERT INTO `visters` (`ctime`,`info`,`ip`,`page`) VALUES ('2014-12-26 18:52','法国  、OtherEnglish系统、Other浏览器、','188.165.15.36','产品页面') [ RunTime:0.010518s ]
SQL: SHOW COLUMNS FROM `procate` [ RunTime:0.005428s ]
SQL: SHOW COLUMNS FROM `products` [ RunTime:0.004926s ]
NOTIC: [8] Undefined index:  procate2 D:\enkjhost\mayning1\web\home\Lib\Action\IndexAction.class.php 第 176 行.
SQL: SELECT * FROM `procate` WHERE ( id=22 ) LIMIT 1   [ RunTime:0.000300s ]
SQL: SELECT * FROM `procate` WHERE ( id=%d ) LIMIT 1   [ RunTime:0.000144s ]
ERR: 1064:You have an error in your SQL syntax; check the manual that corresponds to your MySQL server version for the right syntax to use near '%d ) LIMIT 1' at line 1
 [ SQL语句 ] : SELECT * FROM `procate` WHERE ( id=%d ) LIMIT 1  
SQL: SELECT * FROM `procate` WHERE ( pid=22 )  [ RunTime:0.000280s ]
SQL: select count(*) as count from products a left join procate b on a.proid = b.id where 1=1 and a.enable=1 and b.enable=1  and ( b.pid=22 or b.id=22) [ RunTime:0.000549s ]
SQL: select a.id,a.title,a.info,a.imgs,a.ctime from products a left join procate b on a.proid = b.id where 1=1 and a.enable=1 and b.enable=1  and ( b.pid=22 or b.id=22) order by a.sorts desc limit 0,9 [ RunTime:0.001009s ]
SQL: SELECT * FROM `procate` WHERE (  enable =1 and pid=0   ) ORDER BY  sorts desc  [ RunTime:0.000404s ]
INFO: [ view_parse ] --START--
INFO: ParseTemplate Behavior ::run [ RunTime:0.040815s ]
INFO: [ view_parse ] --END-- [ RunTime:0.040911s ]
INFO: [ view_filter ] --START--
INFO: ContentReplace Behavior ::run [ RunTime:0.001454s ]
INFO: TokenBuild Behavior ::run [ RunTime:0.002052s ]
INFO: WriteHtmlCache Behavior ::run [ RunTime:0.001328s ]
INFO: ShowRuntime Behavior ::run [ RunTime:0.001517s ]
INFO: [ view_filter ] --END-- [ RunTime:0.006551s ]
INFO: [ view_end ] --START--
INFO: ShowPageTrace Behavior ::run [ RunTime:0.001896s ]
INFO: [ view_end ] --END-- [ RunTime:0.001984s ]

[ 2014-12-26 21:19:33 ] 203.208.60.226 /index.php/Index/product?procate=37
INFO: [ route_check ] --START--
INFO: CheckRoute Behavior ::run [ RunTime:0.003818s ]
INFO: [ route_check ] --END-- [ RunTime:0.003932s ]
INFO: [ app_begin ] --START--
INFO: ReadHtmlCache Behavior ::run [ RunTime:0.003096s ]
INFO: [ app_begin ] --END-- [ RunTime:0.003192s ]
SQL: SHOW COLUMNS FROM `contents` [ RunTime:0.006549s ]
SQL: SELECT * FROM `contents` WHERE (  enable=1 and cateid=4  ) LIMIT 1   [ RunTime:0.000416s ]
SQL: SELECT * FROM `contents` WHERE (  enable=1 and cateid=1  ) LIMIT 1   [ RunTime:0.000318s ]
NOTIC: [8] Undefined index:  HTTP_ACCEPT_LANGUAGE D:\enkjhost\mayning1\web\home\Lib\Action\UtilAction.class.php 第 96 行.
SQL: SHOW COLUMNS FROM `visters` [ RunTime:0.006781s ]
SQL: INSERT INTO `visters` (`ctime`,`info`,`ip`,`page`) VALUES ('2014-12-26 21:19','中国 北京 北京、MACEnglish系统、Safari浏览器、','203.208.60.226','产品页面') [ RunTime:0.010127s ]
SQL: SHOW COLUMNS FROM `procate` [ RunTime:0.006248s ]
SQL: SHOW COLUMNS FROM `products` [ RunTime:0.006180s ]
NOTIC: [8] Undefined index:  procate2 D:\enkjhost\mayning1\web\home\Lib\Action\IndexAction.class.php 第 176 行.
SQL: SELECT * FROM `procate` WHERE ( id=37 ) LIMIT 1   [ RunTime:0.000323s ]
SQL: SELECT * FROM `procate` WHERE ( id=%d ) LIMIT 1   [ RunTime:0.000142s ]
ERR: 1064:You have an error in your SQL syntax; check the manual that corresponds to your MySQL server version for the right syntax to use near '%d ) LIMIT 1' at line 1
 [ SQL语句 ] : SELECT * FROM `procate` WHERE ( id=%d ) LIMIT 1  
SQL: SELECT * FROM `procate` WHERE ( pid=37 )  [ RunTime:0.000260s ]
SQL: select count(*) as count from products a left join procate b on a.proid = b.id where 1=1 and a.enable=1 and b.enable=1  and ( b.pid=37 or b.id=37) [ RunTime:0.000539s ]
SQL: select a.id,a.title,a.info,a.imgs,a.ctime from products a left join procate b on a.proid = b.id where 1=1 and a.enable=1 and b.enable=1  and ( b.pid=37 or b.id=37) order by a.sorts desc limit 0,9 [ RunTime:0.001033s ]
SQL: SELECT * FROM `procate` WHERE (  enable =1 and pid=0   ) ORDER BY  sorts desc  [ RunTime:0.000388s ]
INFO: [ view_parse ] --START--
INFO: ParseTemplate Behavior ::run [ RunTime:0.051898s ]
INFO: [ view_parse ] --END-- [ RunTime:0.052019s ]
INFO: [ view_filter ] --START--
INFO: ContentReplace Behavior ::run [ RunTime:0.002894s ]
INFO: TokenBuild Behavior ::run [ RunTime:0.002815s ]
INFO: WriteHtmlCache Behavior ::run [ RunTime:0.002572s ]
INFO: ShowRuntime Behavior ::run [ RunTime:0.003019s ]
INFO: [ view_filter ] --END-- [ RunTime:0.011565s ]
INFO: [ view_end ] --START--
INFO: ShowPageTrace Behavior ::run [ RunTime:0.003510s ]
INFO: [ view_end ] --END-- [ RunTime:0.003611s ]

[ 2014-12-26 21:56:14 ] 203.208.60.166 /index.php
INFO: [ app_begin ] --START--
INFO: ReadHtmlCache Behavior ::run [ RunTime:0.003200s ]
INFO: [ app_begin ] --END-- [ RunTime:0.003314s ]
SQL: SHOW COLUMNS FROM `contents` [ RunTime:0.008170s ]
SQL: SELECT * FROM `contents` WHERE (  enable=1 and cateid=4  ) LIMIT 1   [ RunTime:0.000394s ]
SQL: SELECT * FROM `contents` WHERE (  enable=1 and cateid=1  ) LIMIT 1   [ RunTime:0.000295s ]
NOTIC: [8] Undefined index:  HTTP_ACCEPT_LANGUAGE D:\enkjhost\mayning1\web\home\Lib\Action\UtilAction.class.php 第 96 行.
SQL: SHOW COLUMNS FROM `visters` [ RunTime:0.006045s ]
SQL: INSERT INTO `visters` (`ctime`,`info`,`ip`,`page`) VALUES ('2014-12-26 21:56','中国 北京 北京、OtherEnglish系统、Other浏览器、','203.208.60.166','系统首页') [ RunTime:0.010949s ]
SQL: SHOW COLUMNS FROM `products` [ RunTime:0.005308s ]
SQL: SELECT * FROM `products` WHERE (  enable=1 and state=1  ) ORDER BY  sorts desc  [ RunTime:0.000685s ]
SQL: SELECT * FROM `products` WHERE (  enable=1 and state=2  ) ORDER BY  sorts desc  [ RunTime:0.000422s ]
INFO: [ view_parse ] --START--
INFO: ParseTemplate Behavior ::run [ RunTime:0.047564s ]
INFO: [ view_parse ] --END-- [ RunTime:0.047691s ]
INFO: [ view_filter ] --START--
INFO: ContentReplace Behavior ::run [ RunTime:0.002861s ]
INFO: TokenBuild Behavior ::run [ RunTime:0.002882s ]
INFO: WriteHtmlCache Behavior ::run [ RunTime:0.002709s ]
INFO: ShowRuntime Behavior ::run [ RunTime:0.003126s ]
INFO: [ view_filter ] --END-- [ RunTime:0.011854s ]
INFO: [ view_end ] --START--
INFO: ShowPageTrace Behavior ::run [ RunTime:0.003750s ]
INFO: [ view_end ] --END-- [ RunTime:0.003851s ]

[ 2014-12-26 22:59:39 ] 203.208.60.228 /index.php/Index/product?procate=17
INFO: [ route_check ] --START--
INFO: CheckRoute Behavior ::run [ RunTime:0.003937s ]
INFO: [ route_check ] --END-- [ RunTime:0.004044s ]
INFO: [ app_begin ] --START--
INFO: ReadHtmlCache Behavior ::run [ RunTime:0.003139s ]
INFO: [ app_begin ] --END-- [ RunTime:0.003236s ]
SQL: SHOW COLUMNS FROM `contents` [ RunTime:0.006991s ]
SQL: SELECT * FROM `contents` WHERE (  enable=1 and cateid=4  ) LIMIT 1   [ RunTime:0.000437s ]
SQL: SELECT * FROM `contents` WHERE (  enable=1 and cateid=1  ) LIMIT 1   [ RunTime:0.000334s ]
NOTIC: [8] Undefined index:  HTTP_ACCEPT_LANGUAGE D:\enkjhost\mayning1\web\home\Lib\Action\UtilAction.class.php 第 96 行.
SQL: SHOW COLUMNS FROM `visters` [ RunTime:0.006902s ]
SQL: INSERT INTO `visters` (`ctime`,`info`,`ip`,`page`) VALUES ('2014-12-26 22:59','中国 北京 北京、MACEnglish系统、Safari浏览器、','203.208.60.228','产品页面') [ RunTime:0.009351s ]
SQL: SHOW COLUMNS FROM `procate` [ RunTime:0.006099s ]
SQL: SHOW COLUMNS FROM `products` [ RunTime:0.006393s ]
NOTIC: [8] Undefined index:  procate2 D:\enkjhost\mayning1\web\home\Lib\Action\IndexAction.class.php 第 176 行.
SQL: SELECT * FROM `procate` WHERE ( id=17 ) LIMIT 1   [ RunTime:0.000292s ]
SQL: SELECT * FROM `procate` WHERE ( id=%d ) LIMIT 1   [ RunTime:0.000136s ]
ERR: 1064:You have an error in your SQL syntax; check the manual that corresponds to your MySQL server version for the right syntax to use near '%d ) LIMIT 1' at line 1
 [ SQL语句 ] : SELECT * FROM `procate` WHERE ( id=%d ) LIMIT 1  
SQL: SELECT * FROM `procate` WHERE ( pid=17 )  [ RunTime:0.000254s ]
SQL: select count(*) as count from products a left join procate b on a.proid = b.id where 1=1 and a.enable=1 and b.enable=1  and ( b.pid=17 or b.id=17) [ RunTime:0.000533s ]
SQL: select a.id,a.title,a.info,a.imgs,a.ctime from products a left join procate b on a.proid = b.id where 1=1 and a.enable=1 and b.enable=1  and ( b.pid=17 or b.id=17) order by a.sorts desc limit 0,9 [ RunTime:0.001001s ]
SQL: SELECT * FROM `procate` WHERE (  enable =1 and pid=0   ) ORDER BY  sorts desc  [ RunTime:0.000408s ]
INFO: [ view_parse ] --START--
INFO: ParseTemplate Behavior ::run [ RunTime:0.042009s ]
INFO: [ view_parse ] --END-- [ RunTime:0.042124s ]
INFO: [ view_filter ] --START--
INFO: ContentReplace Behavior ::run [ RunTime:0.002790s ]
INFO: TokenBuild Behavior ::run [ RunTime:0.002916s ]
INFO: WriteHtmlCache Behavior ::run [ RunTime:0.002626s ]
INFO: ShowRuntime Behavior ::run [ RunTime:0.003170s ]
INFO: [ view_filter ] --END-- [ RunTime:0.011765s ]
INFO: [ view_end ] --START--
INFO: ShowPageTrace Behavior ::run [ RunTime:0.003612s ]
INFO: [ view_end ] --END-- [ RunTime:0.003709s ]

[ 2014-12-26 23:47:48 ] 192.227.191.147 /index.php/Index/productInfo?id=114
INFO: [ route_check ] --START--
INFO: CheckRoute Behavior ::run [ RunTime:0.002590s ]
INFO: [ route_check ] --END-- [ RunTime:0.002703s ]
INFO: [ app_begin ] --START--
INFO: ReadHtmlCache Behavior ::run [ RunTime:0.003176s ]
INFO: [ app_begin ] --END-- [ RunTime:0.003276s ]
SQL: SHOW COLUMNS FROM `contents` [ RunTime:0.006230s ]
SQL: SELECT * FROM `contents` WHERE (  enable=1 and cateid=4  ) LIMIT 1   [ RunTime:0.000422s ]
SQL: SELECT * FROM `contents` WHERE (  enable=1 and cateid=1  ) LIMIT 1   [ RunTime:0.000400s ]
SQL: SHOW COLUMNS FROM `visters` [ RunTime:0.006718s ]
SQL: INSERT INTO `visters` (`ctime`,`info`,`ip`,`page`) VALUES ('2014-12-26 23:47','美国 纽约州 Buffalo、WindowsEnglish系统、Firefox浏览器、','192.227.191.147','产品详情页面') [ RunTime:0.008050s ]
SQL: SHOW COLUMNS FROM `procate` [ RunTime:0.005424s ]
SQL: SHOW COLUMNS FROM `products` [ RunTime:0.005336s ]
NOTIC: [8] Undefined index:  procate D:\enkjhost\mayning1\web\home\Lib\Action\IndexAction.class.php 第 243 行.
NOTIC: [8] Undefined index:  procate2 D:\enkjhost\mayning1\web\home\Lib\Action\IndexAction.class.php 第 244 行.
SQL: SELECT * FROM `procate` WHERE ( id=%d ) LIMIT 1   [ RunTime:0.000198s ]
ERR: 1064:You have an error in your SQL syntax; check the manual that corresponds to your MySQL server version for the right syntax to use near '%d ) LIMIT 1' at line 1
 [ SQL语句 ] : SELECT * FROM `procate` WHERE ( id=%d ) LIMIT 1  
SQL: SELECT * FROM `procate` WHERE ( id=%d ) LIMIT 1   [ RunTime:0.000143s ]
ERR: 1064:You have an error in your SQL syntax; check the manual that corresponds to your MySQL server version for the right syntax to use near '%d ) LIMIT 1' at line 1
 [ SQL语句 ] : SELECT * FROM `procate` WHERE ( id=%d ) LIMIT 1  
SQL: SELECT * FROM `procate` WHERE (  enable =1 and pid=0  ) ORDER BY  sorts desc  [ RunTime:0.000445s ]
SQL: SELECT * FROM `products` WHERE (  id=114 ) LIMIT 1   [ RunTime:0.000267s ]
SQL: SELECT * FROM `procate` WHERE ( id=31 ) LIMIT 1   [ RunTime:0.000203s ]
SQL: SELECT * FROM `procate` WHERE ( id=20 ) LIMIT 1   [ RunTime:0.000196s ]
INFO: [ view_parse ] --START--
INFO: ParseTemplate Behavior ::run [ RunTime:0.042569s ]
INFO: [ view_parse ] --END-- [ RunTime:0.042681s ]
INFO: [ view_filter ] --START--
INFO: ContentReplace Behavior ::run [ RunTime:0.002718s ]
INFO: TokenBuild Behavior ::run [ RunTime:0.002805s ]
INFO: WriteHtmlCache Behavior ::run [ RunTime:0.001701s ]
INFO: ShowRuntime Behavior ::run [ RunTime:0.003008s ]
INFO: [ view_filter ] --END-- [ RunTime:0.010500s ]
INFO: [ view_end ] --START--
INFO: ShowPageTrace Behavior ::run [ RunTime:0.002295s ]
INFO: [ view_end ] --END-- [ RunTime:0.002392s ]

[ 2014-12-26 23:48:04 ] 192.227.191.147 /index.php/Index/product?procate=20
INFO: [ route_check ] --START--
INFO: CheckRoute Behavior ::run [ RunTime:0.001972s ]
INFO: [ route_check ] --END-- [ RunTime:0.002057s ]
INFO: [ app_begin ] --START--
INFO: ReadHtmlCache Behavior ::run [ RunTime:0.001602s ]
INFO: [ app_begin ] --END-- [ RunTime:0.001674s ]
SQL: SHOW COLUMNS FROM `contents` [ RunTime:0.004124s ]
SQL: SELECT * FROM `contents` WHERE (  enable=1 and cateid=4  ) LIMIT 1   [ RunTime:0.000289s ]
SQL: SELECT * FROM `contents` WHERE (  enable=1 and cateid=1  ) LIMIT 1   [ RunTime:0.000230s ]
SQL: SHOW COLUMNS FROM `visters` [ RunTime:0.004213s ]
SQL: INSERT INTO `visters` (`ctime`,`info`,`ip`,`page`) VALUES ('2014-12-26 23:48','美国 纽约州 Buffalo、WindowsEnglish系统、Firefox浏览器、','192.227.191.147','产品页面') [ RunTime:0.008153s ]
SQL: SHOW COLUMNS FROM `procate` [ RunTime:0.004630s ]
SQL: SHOW COLUMNS FROM `products` [ RunTime:0.004091s ]
NOTIC: [8] Undefined index:  procate2 D:\enkjhost\mayning1\web\home\Lib\Action\IndexAction.class.php 第 176 行.
SQL: SELECT * FROM `procate` WHERE ( id=20 ) LIMIT 1   [ RunTime:0.000216s ]
SQL: SELECT * FROM `procate` WHERE ( id=%d ) LIMIT 1   [ RunTime:0.000116s ]
ERR: 1064:You have an error in your SQL syntax; check the manual that corresponds to your MySQL server version for the right syntax to use near '%d ) LIMIT 1' at line 1
 [ SQL语句 ] : SELECT * FROM `procate` WHERE ( id=%d ) LIMIT 1  
SQL: SELECT * FROM `procate` WHERE ( pid=20 )  [ RunTime:0.000193s ]
SQL: select count(*) as count from products a left join procate b on a.proid = b.id where 1=1 and a.enable=1 and b.enable=1  and ( b.pid=20 or b.id=20) [ RunTime:0.000363s ]
SQL: select a.id,a.title,a.info,a.imgs,a.ctime from products a left join procate b on a.proid = b.id where 1=1 and a.enable=1 and b.enable=1  and ( b.pid=20 or b.id=20) order by a.sorts desc limit 0,9 [ RunTime:0.000402s ]
SQL: SELECT * FROM `procate` WHERE (  enable =1 and pid=0   ) ORDER BY  sorts desc  [ RunTime:0.000255s ]
INFO: [ view_parse ] --START--
INFO: ParseTemplate Behavior ::run [ RunTime:0.019497s ]
INFO: [ view_parse ] --END-- [ RunTime:0.019570s ]
INFO: [ view_filter ] --START--
INFO: ContentReplace Behavior ::run [ RunTime:0.001173s ]
INFO: TokenBuild Behavior ::run [ RunTime:0.001730s ]
INFO: WriteHtmlCache Behavior ::run [ RunTime:0.001074s ]
INFO: ShowRuntime Behavior ::run [ RunTime:0.001219s ]
INFO: [ view_filter ] --END-- [ RunTime:0.005362s ]
INFO: [ view_end ] --START--
INFO: ShowPageTrace Behavior ::run [ RunTime:0.001434s ]
INFO: [ view_end ] --END-- [ RunTime:0.001493s ]

[ 2014-12-26 23:57:33 ] 172.245.142.79 /index.php/Index/productInfo?id=114
INFO: [ route_check ] --START--
INFO: CheckRoute Behavior ::run [ RunTime:0.002008s ]
INFO: [ route_check ] --END-- [ RunTime:0.002095s ]
INFO: [ app_begin ] --START--
INFO: ReadHtmlCache Behavior ::run [ RunTime:0.001633s ]
INFO: [ app_begin ] --END-- [ RunTime:0.001705s ]
SQL: SHOW COLUMNS FROM `contents` [ RunTime:0.004128s ]
SQL: SELECT * FROM `contents` WHERE (  enable=1 and cateid=4  ) LIMIT 1   [ RunTime:0.000267s ]
SQL: SELECT * FROM `contents` WHERE (  enable=1 and cateid=1  ) LIMIT 1   [ RunTime:0.000187s ]
SQL: SHOW COLUMNS FROM `visters` [ RunTime:0.006508s ]
SQL: INSERT INTO `visters` (`ctime`,`info`,`ip`,`page`) VALUES ('2014-12-26 23:57','美国 伊利诺伊 Chicago、WindowsEnglish系统、Firefox浏览器、','172.245.142.79','产品详情页面') [ RunTime:0.011456s ]
SQL: SHOW COLUMNS FROM `procate` [ RunTime:0.005401s ]
SQL: SHOW COLUMNS FROM `products` [ RunTime:0.005597s ]
NOTIC: [8] Undefined index:  procate D:\enkjhost\mayning1\web\home\Lib\Action\IndexAction.class.php 第 243 行.
NOTIC: [8] Undefined index:  procate2 D:\enkjhost\mayning1\web\home\Lib\Action\IndexAction.class.php 第 244 行.
SQL: SELECT * FROM `procate` WHERE ( id=%d ) LIMIT 1   [ RunTime:0.000228s ]
ERR: 1064:You have an error in your SQL syntax; check the manual that corresponds to your MySQL server version for the right syntax to use near '%d ) LIMIT 1' at line 1
 [ SQL语句 ] : SELECT * FROM `procate` WHERE ( id=%d ) LIMIT 1  
SQL: SELECT * FROM `procate` WHERE ( id=%d ) LIMIT 1   [ RunTime:0.000223s ]
ERR: 1064:You have an error in your SQL syntax; check the manual that corresponds to your MySQL server version for the right syntax to use near '%d ) LIMIT 1' at line 1
 [ SQL语句 ] : SELECT * FROM `procate` WHERE ( id=%d ) LIMIT 1  
SQL: SELECT * FROM `procate` WHERE (  enable =1 and pid=0  ) ORDER BY  sorts desc  [ RunTime:0.000465s ]
SQL: SELECT * FROM `products` WHERE (  id=114 ) LIMIT 1   [ RunTime:0.000314s ]
SQL: SELECT * FROM `procate` WHERE ( id=31 ) LIMIT 1   [ RunTime:0.000208s ]
SQL: SELECT * FROM `procate` WHERE ( id=20 ) LIMIT 1   [ RunTime:0.000193s ]
INFO: [ view_parse ] --START--
INFO: ParseTemplate Behavior ::run [ RunTime:0.035417s ]
INFO: [ view_parse ] --END-- [ RunTime:0.035517s ]
INFO: [ view_filter ] --START--
INFO: ContentReplace Behavior ::run [ RunTime:0.001484s ]
INFO: TokenBuild Behavior ::run [ RunTime:0.002122s ]
INFO: WriteHtmlCache Behavior ::run [ RunTime:0.001294s ]
INFO: ShowRuntime Behavior ::run [ RunTime:0.001523s ]
INFO: [ view_filter ] --END-- [ RunTime:0.006616s ]
INFO: [ view_end ] --START--
INFO: ShowPageTrace Behavior ::run [ RunTime:0.001739s ]
INFO: [ view_end ] --END-- [ RunTime:0.001814s ]

[ 2014-12-26 23:58:28 ] 172.245.142.79 /index.php/Index/product?procate=20
INFO: [ route_check ] --START--
INFO: CheckRoute Behavior ::run [ RunTime:0.002022s ]
INFO: [ route_check ] --END-- [ RunTime:0.002106s ]
INFO: [ app_begin ] --START--
INFO: ReadHtmlCache Behavior ::run [ RunTime:0.001790s ]
INFO: [ app_begin ] --END-- [ RunTime:0.001862s ]
SQL: SHOW COLUMNS FROM `contents` [ RunTime:0.004223s ]
SQL: SELECT * FROM `contents` WHERE (  enable=1 and cateid=4  ) LIMIT 1   [ RunTime:0.000274s ]
SQL: SELECT * FROM `contents` WHERE (  enable=1 and cateid=1  ) LIMIT 1   [ RunTime:0.000192s ]
SQL: SHOW COLUMNS FROM `visters` [ RunTime:0.006412s ]
SQL: INSERT INTO `visters` (`ctime`,`info`,`ip`,`page`) VALUES ('2014-12-26 23:58','美国 伊利诺伊 Chicago、WindowsEnglish系统、Firefox浏览器、','172.245.142.79','产品页面') [ RunTime:0.008778s ]
SQL: SHOW COLUMNS FROM `procate` [ RunTime:0.005659s ]
SQL: SHOW COLUMNS FROM `products` [ RunTime:0.006102s ]
NOTIC: [8] Undefined index:  procate2 D:\enkjhost\mayning1\web\home\Lib\Action\IndexAction.class.php 第 176 行.
SQL: SELECT * FROM `procate` WHERE ( id=20 ) LIMIT 1   [ RunTime:0.000311s ]
SQL: SELECT * FROM `procate` WHERE ( id=%d ) LIMIT 1   [ RunTime:0.000139s ]
ERR: 1064:You have an error in your SQL syntax; check the manual that corresponds to your MySQL server version for the right syntax to use near '%d ) LIMIT 1' at line 1
 [ SQL语句 ] : SELECT * FROM `procate` WHERE ( id=%d ) LIMIT 1  
SQL: SELECT * FROM `procate` WHERE ( pid=20 )  [ RunTime:0.000262s ]
SQL: select count(*) as count from products a left join procate b on a.proid = b.id where 1=1 and a.enable=1 and b.enable=1  and ( b.pid=20 or b.id=20) [ RunTime:0.000481s ]
SQL: select a.id,a.title,a.info,a.imgs,a.ctime from products a left join procate b on a.proid = b.id where 1=1 and a.enable=1 and b.enable=1  and ( b.pid=20 or b.id=20) order by a.sorts desc limit 0,9 [ RunTime:0.000548s ]
SQL: SELECT * FROM `procate` WHERE (  enable =1 and pid=0   ) ORDER BY  sorts desc  [ RunTime:0.000421s ]
INFO: [ view_parse ] --START--
INFO: ParseTemplate Behavior ::run [ RunTime:0.036789s ]
INFO: [ view_parse ] --END-- [ RunTime:0.036896s ]
INFO: [ view_filter ] --START--
INFO: ContentReplace Behavior ::run [ RunTime:0.002009s ]
INFO: TokenBuild Behavior ::run [ RunTime:0.002942s ]
INFO: WriteHtmlCache Behavior ::run [ RunTime:0.001788s ]
INFO: ShowRuntime Behavior ::run [ RunTime:0.002028s ]
INFO: [ view_filter ] --END-- [ RunTime:0.009029s ]
INFO: [ view_end ] --START--
INFO: ShowPageTrace Behavior ::run [ RunTime:0.002277s ]
INFO: [ view_end ] --END-- [ RunTime:0.002369s ]

