[ 2014-10-22 01:29:54 ] 220.181.108.162 /index.php/Index/productInfo?id=109
INFO: [ route_check ] --START--
INFO: CheckRoute Behavior ::run [ RunTime:0.003230s ]
INFO: [ route_check ] --END-- [ RunTime:0.003334s ]
INFO: [ app_begin ] --START--
INFO: ReadHtmlCache Behavior ::run [ RunTime:0.003066s ]
INFO: [ app_begin ] --END-- [ RunTime:0.003164s ]
SQL: SHOW COLUMNS FROM `contents` [ RunTime:0.009165s ]
SQL: SELECT * FROM `contents` WHERE (  enable=1 and cateid=4  ) LIMIT 1   [ RunTime:0.000413s ]
SQL: SELECT * FROM `contents` WHERE (  enable=1 and cateid=1  ) LIMIT 1   [ RunTime:0.000351s ]
SQL: SHOW COLUMNS FROM `visters` [ RunTime:0.009395s ]
SQL: INSERT INTO `visters` (`ctime`,`info`,`ip`,`page`) VALUES ('2014-10-22 01:29','中国 北京 北京、Other简体中文系统、Other浏览器、','220.181.108.162','产品详情页面') [ RunTime:0.009023s ]
SQL: SHOW COLUMNS FROM `procate` [ RunTime:0.007218s ]
SQL: SHOW COLUMNS FROM `products` [ RunTime:0.010514s ]
NOTIC: [8] Undefined index:  procate D:\enkjhost\mayning1\web\home\Lib\Action\IndexAction.class.php 第 243 行.
NOTIC: [8] Undefined index:  procate2 D:\enkjhost\mayning1\web\home\Lib\Action\IndexAction.class.php 第 244 行.
SQL: SELECT * FROM `procate` WHERE ( id=%d ) LIMIT 1   [ RunTime:0.000181s ]
ERR: 1064:You have an error in your SQL syntax; check the manual that corresponds to your MySQL server version for the right syntax to use near '%d ) LIMIT 1' at line 1
 [ SQL语句 ] : SELECT * FROM `procate` WHERE ( id=%d ) LIMIT 1  
SQL: SELECT * FROM `procate` WHERE ( id=%d ) LIMIT 1   [ RunTime:0.000156s ]
ERR: 1064:You have an error in your SQL syntax; check the manual that corresponds to your MySQL server version for the right syntax to use near '%d ) LIMIT 1' at line 1
 [ SQL语句 ] : SELECT * FROM `procate` WHERE ( id=%d ) LIMIT 1  
SQL: SELECT * FROM `procate` WHERE (  enable =1 and pid=0  )  [ RunTime:0.000340s ]
SQL: SELECT * FROM `products` WHERE (  id=109 ) LIMIT 1   [ RunTime:0.001209s ]
SQL: SELECT * FROM `procate` WHERE ( id=30 ) LIMIT 1   [ RunTime:0.000264s ]
SQL: SELECT * FROM `procate` WHERE ( id=20 ) LIMIT 1   [ RunTime:0.000224s ]
INFO: [ view_parse ] --START--
INFO: ParseTemplate Behavior ::run [ RunTime:0.043579s ]
INFO: [ view_parse ] --END-- [ RunTime:0.043694s ]
INFO: [ view_filter ] --START--
INFO: ContentReplace Behavior ::run [ RunTime:0.002906s ]
INFO: TokenBuild Behavior ::run [ RunTime:0.002838s ]
INFO: WriteHtmlCache Behavior ::run [ RunTime:0.002467s ]
INFO: ShowRuntime Behavior ::run [ RunTime:0.003002s ]
INFO: [ view_filter ] --END-- [ RunTime:0.011482s ]
INFO: [ view_end ] --START--
INFO: ShowPageTrace Behavior ::run [ RunTime:0.003430s ]
INFO: [ view_end ] --END-- [ RunTime:0.003534s ]

[ 2014-10-22 01:43:51 ] 61.135.189.171 /index.php/Index/product?procate=20&procate2=31
INFO: [ route_check ] --START--
INFO: CheckRoute Behavior ::run [ RunTime:0.003146s ]
INFO: [ route_check ] --END-- [ RunTime:0.003234s ]
INFO: [ app_begin ] --START--
INFO: ReadHtmlCache Behavior ::run [ RunTime:0.001654s ]
INFO: [ app_begin ] --END-- [ RunTime:0.001727s ]
SQL: SHOW COLUMNS FROM `contents` [ RunTime:0.004147s ]
SQL: SELECT * FROM `contents` WHERE (  enable=1 and cateid=4  ) LIMIT 1   [ RunTime:0.000282s ]
SQL: SELECT * FROM `contents` WHERE (  enable=1 and cateid=1  ) LIMIT 1   [ RunTime:0.000197s ]
SQL: SHOW COLUMNS FROM `visters` [ RunTime:0.005544s ]
SQL: INSERT INTO `visters` (`ctime`,`info`,`ip`,`page`) VALUES ('2014-10-22 01:43','中国 北京 北京、Other简体中文系统、Other浏览器、','61.135.189.171','产品页面') [ RunTime:0.008619s ]
SQL: SHOW COLUMNS FROM `procate` [ RunTime:0.004373s ]
SQL: SHOW COLUMNS FROM `products` [ RunTime:0.004580s ]
SQL: SELECT * FROM `procate` WHERE ( id=20 ) LIMIT 1   [ RunTime:0.000240s ]
SQL: SELECT * FROM `procate` WHERE ( id=31 ) LIMIT 1   [ RunTime:0.000192s ]
SQL: SELECT * FROM `procate` WHERE ( pid=20 )  [ RunTime:0.000226s ]
SQL: select count(*) as count from products a left join procate b on a.proid = b.id where 1=1 and a.enable=1 and b.enable=1  and ( b.pid=31 or b.id=31) [ RunTime:0.009102s ]
SQL: select a.id,a.title,a.info,a.imgs,a.ctime from products a left join procate b on a.proid = b.id where 1=1 and a.enable=1 and b.enable=1  and ( b.pid=31 or b.id=31) order by a.sorts desc limit 0,9 [ RunTime:0.000578s ]
SQL: SELECT * FROM `procate` WHERE (  enable =1 and pid=0  )  [ RunTime:0.000235s ]
INFO: [ view_parse ] --START--
INFO: ParseTemplate Behavior ::run [ RunTime:0.033916s ]
INFO: [ view_parse ] --END-- [ RunTime:0.034014s ]
INFO: [ view_filter ] --START--
INFO: ContentReplace Behavior ::run [ RunTime:0.002342s ]
INFO: TokenBuild Behavior ::run [ RunTime:0.002361s ]
INFO: WriteHtmlCache Behavior ::run [ RunTime:0.002109s ]
INFO: ShowRuntime Behavior ::run [ RunTime:0.001661s ]
INFO: [ view_filter ] --END-- [ RunTime:0.008684s ]
INFO: [ view_end ] --START--
INFO: ShowPageTrace Behavior ::run [ RunTime:0.001840s ]
INFO: [ view_end ] --END-- [ RunTime:0.001914s ]

[ 2014-10-22 01:44:22 ] 61.135.189.171 /index.php
INFO: [ app_begin ] --START--
INFO: ReadHtmlCache Behavior ::run [ RunTime:0.001643s ]
INFO: [ app_begin ] --END-- [ RunTime:0.001729s ]
SQL: SHOW COLUMNS FROM `contents` [ RunTime:0.005709s ]
SQL: SELECT * FROM `contents` WHERE (  enable=1 and cateid=4  ) LIMIT 1   [ RunTime:0.000358s ]
SQL: SELECT * FROM `contents` WHERE (  enable=1 and cateid=1  ) LIMIT 1   [ RunTime:0.000263s ]
SQL: SHOW COLUMNS FROM `visters` [ RunTime:0.007446s ]
SQL: INSERT INTO `visters` (`ctime`,`info`,`ip`,`page`) VALUES ('2014-10-22 01:44','中国 北京 北京、Other简体中文系统、Other浏览器、','61.135.189.171','系统首页') [ RunTime:0.010266s ]
SQL: SHOW COLUMNS FROM `products` [ RunTime:0.006137s ]
SQL: SELECT * FROM `products` WHERE (  enable=1 and state=1  ) ORDER BY  sorts desc  [ RunTime:0.001033s ]
SQL: SELECT * FROM `products` WHERE (  enable=1 and state=2  ) ORDER BY  sorts desc  [ RunTime:0.000985s ]
INFO: [ view_parse ] --START--
INFO: ParseTemplate Behavior ::run [ RunTime:0.028131s ]
INFO: [ view_parse ] --END-- [ RunTime:0.028246s ]
INFO: [ view_filter ] --START--
INFO: ContentReplace Behavior ::run [ RunTime:0.001932s ]
INFO: TokenBuild Behavior ::run [ RunTime:0.001865s ]
INFO: WriteHtmlCache Behavior ::run [ RunTime:0.001679s ]
INFO: ShowRuntime Behavior ::run [ RunTime:0.002009s ]
INFO: [ view_filter ] --END-- [ RunTime:0.007743s ]
INFO: [ view_end ] --START--
INFO: ShowPageTrace Behavior ::run [ RunTime:0.002368s ]
INFO: [ view_end ] --END-- [ RunTime:0.002468s ]

[ 2014-10-22 01:44:49 ] 61.135.189.171 /index.php/Index/product?procate=10
INFO: [ route_check ] --START--
INFO: CheckRoute Behavior ::run [ RunTime:0.002271s ]
INFO: [ route_check ] --END-- [ RunTime:0.002366s ]
INFO: [ app_begin ] --START--
INFO: ReadHtmlCache Behavior ::run [ RunTime:0.001830s ]
INFO: [ app_begin ] --END-- [ RunTime:0.001911s ]
SQL: SHOW COLUMNS FROM `contents` [ RunTime:0.005785s ]
SQL: SELECT * FROM `contents` WHERE (  enable=1 and cateid=4  ) LIMIT 1   [ RunTime:0.000384s ]
SQL: SELECT * FROM `contents` WHERE (  enable=1 and cateid=1  ) LIMIT 1   [ RunTime:0.000366s ]
SQL: SHOW COLUMNS FROM `visters` [ RunTime:0.006486s ]
SQL: INSERT INTO `visters` (`ctime`,`info`,`ip`,`page`) VALUES ('2014-10-22 01:44','中国 北京 北京、Other简体中文系统、Other浏览器、','61.135.189.171','产品页面') [ RunTime:0.008830s ]
SQL: SHOW COLUMNS FROM `procate` [ RunTime:0.005878s ]
SQL: SHOW COLUMNS FROM `products` [ RunTime:0.005663s ]
NOTIC: [8] Undefined index:  procate2 D:\enkjhost\mayning1\web\home\Lib\Action\IndexAction.class.php 第 176 行.
SQL: SELECT * FROM `procate` WHERE ( id=10 ) LIMIT 1   [ RunTime:0.000308s ]
SQL: SELECT * FROM `procate` WHERE ( id=%d ) LIMIT 1   [ RunTime:0.000159s ]
ERR: 1064:You have an error in your SQL syntax; check the manual that corresponds to your MySQL server version for the right syntax to use near '%d ) LIMIT 1' at line 1
 [ SQL语句 ] : SELECT * FROM `procate` WHERE ( id=%d ) LIMIT 1  
SQL: SELECT * FROM `procate` WHERE ( pid=10 )  [ RunTime:0.000283s ]
SQL: select count(*) as count from products a left join procate b on a.proid = b.id where 1=1 and a.enable=1 and b.enable=1  and ( b.pid=10 or b.id=10) [ RunTime:0.000607s ]
SQL: select a.id,a.title,a.info,a.imgs,a.ctime from products a left join procate b on a.proid = b.id where 1=1 and a.enable=1 and b.enable=1  and ( b.pid=10 or b.id=10) order by a.sorts desc limit 0,9 [ RunTime:0.001328s ]
SQL: SELECT * FROM `procate` WHERE (  enable =1 and pid=0  )  [ RunTime:0.000318s ]
INFO: [ view_parse ] --START--
INFO: ParseTemplate Behavior ::run [ RunTime:0.029887s ]
INFO: [ view_parse ] --END-- [ RunTime:0.029991s ]
INFO: [ view_filter ] --START--
INFO: ContentReplace Behavior ::run [ RunTime:0.001636s ]
INFO: TokenBuild Behavior ::run [ RunTime:0.001584s ]
INFO: WriteHtmlCache Behavior ::run [ RunTime:0.001419s ]
INFO: ShowRuntime Behavior ::run [ RunTime:0.001781s ]
INFO: [ view_filter ] --END-- [ RunTime:0.006641s ]
INFO: [ view_end ] --START--
INFO: ShowPageTrace Behavior ::run [ RunTime:0.001955s ]
INFO: [ view_end ] --END-- [ RunTime:0.002047s ]

[ 2014-10-22 01:59:09 ] 66.249.64.78 /index.php/Index/productInfo?id=118
INFO: [ route_check ] --START--
INFO: CheckRoute Behavior ::run [ RunTime:0.002956s ]
INFO: [ route_check ] --END-- [ RunTime:0.003042s ]
INFO: [ app_begin ] --START--
INFO: ReadHtmlCache Behavior ::run [ RunTime:0.002387s ]
INFO: [ app_begin ] --END-- [ RunTime:0.002462s ]
SQL: SHOW COLUMNS FROM `contents` [ RunTime:0.004744s ]
SQL: SELECT * FROM `contents` WHERE (  enable=1 and cateid=4  ) LIMIT 1   [ RunTime:0.000377s ]
SQL: SELECT * FROM `contents` WHERE (  enable=1 and cateid=1  ) LIMIT 1   [ RunTime:0.000273s ]
NOTIC: [8] Undefined index:  HTTP_ACCEPT_LANGUAGE D:\enkjhost\mayning1\web\home\Lib\Action\UtilAction.class.php 第 96 行.
SQL: SHOW COLUMNS FROM `visters` [ RunTime:0.007073s ]
SQL: INSERT INTO `visters` (`ctime`,`info`,`ip`,`page`) VALUES ('2014-10-22 01:59','美国 加利福尼亚 Mountain View、OtherEnglish系统、Other浏览器、','66.249.64.78','产品详情页面') [ RunTime:0.007775s ]
SQL: SHOW COLUMNS FROM `procate` [ RunTime:0.005797s ]
SQL: SHOW COLUMNS FROM `products` [ RunTime:0.005472s ]
NOTIC: [8] Undefined index:  procate D:\enkjhost\mayning1\web\home\Lib\Action\IndexAction.class.php 第 243 行.
NOTIC: [8] Undefined index:  procate2 D:\enkjhost\mayning1\web\home\Lib\Action\IndexAction.class.php 第 244 行.
SQL: SELECT * FROM `procate` WHERE ( id=%d ) LIMIT 1   [ RunTime:0.000198s ]
ERR: 1064:You have an error in your SQL syntax; check the manual that corresponds to your MySQL server version for the right syntax to use near '%d ) LIMIT 1' at line 1
 [ SQL语句 ] : SELECT * FROM `procate` WHERE ( id=%d ) LIMIT 1  
SQL: SELECT * FROM `procate` WHERE ( id=%d ) LIMIT 1   [ RunTime:0.000157s ]
ERR: 1064:You have an error in your SQL syntax; check the manual that corresponds to your MySQL server version for the right syntax to use near '%d ) LIMIT 1' at line 1
 [ SQL语句 ] : SELECT * FROM `procate` WHERE ( id=%d ) LIMIT 1  
SQL: SELECT * FROM `procate` WHERE (  enable =1 and pid=0  )  [ RunTime:0.000355s ]
SQL: SELECT * FROM `products` WHERE (  id=118 ) LIMIT 1   [ RunTime:0.000357s ]
SQL: SELECT * FROM `procate` WHERE ( id=31 ) LIMIT 1   [ RunTime:0.000284s ]
SQL: SELECT * FROM `procate` WHERE ( id=20 ) LIMIT 1   [ RunTime:0.000250s ]
INFO: [ view_parse ] --START--
INFO: ParseTemplate Behavior ::run [ RunTime:0.026982s ]
INFO: [ view_parse ] --END-- [ RunTime:0.027084s ]
INFO: [ view_filter ] --START--
INFO: ContentReplace Behavior ::run [ RunTime:0.001536s ]
INFO: TokenBuild Behavior ::run [ RunTime:0.001492s ]
INFO: WriteHtmlCache Behavior ::run [ RunTime:0.001318s ]
INFO: ShowRuntime Behavior ::run [ RunTime:0.002467s ]
INFO: [ view_filter ] --END-- [ RunTime:0.007029s ]
INFO: [ view_end ] --START--
INFO: ShowPageTrace Behavior ::run [ RunTime:0.002838s ]
INFO: [ view_end ] --END-- [ RunTime:0.002922s ]

[ 2014-10-22 02:24:29 ] 123.125.71.54 /index.php/Index/productInfo?id=109
INFO: [ route_check ] --START--
INFO: CheckRoute Behavior ::run [ RunTime:0.002467s ]
INFO: [ route_check ] --END-- [ RunTime:0.002577s ]
INFO: [ app_begin ] --START--
INFO: ReadHtmlCache Behavior ::run [ RunTime:0.001950s ]
INFO: [ app_begin ] --END-- [ RunTime:0.002047s ]
SQL: SHOW COLUMNS FROM `contents` [ RunTime:0.004405s ]
SQL: SELECT * FROM `contents` WHERE (  enable=1 and cateid=4  ) LIMIT 1   [ RunTime:0.000304s ]
SQL: SELECT * FROM `contents` WHERE (  enable=1 and cateid=1  ) LIMIT 1   [ RunTime:0.000259s ]
SQL: SHOW COLUMNS FROM `visters` [ RunTime:0.006251s ]
SQL: INSERT INTO `visters` (`ctime`,`info`,`ip`,`page`) VALUES ('2014-10-22 02:24','中国 北京 北京、Other简体中文系统、Other浏览器、','123.125.71.54','产品详情页面') [ RunTime:0.010154s ]
SQL: SHOW COLUMNS FROM `procate` [ RunTime:0.005633s ]
SQL: SHOW COLUMNS FROM `products` [ RunTime:0.005295s ]
NOTIC: [8] Undefined index:  procate D:\enkjhost\mayning1\web\home\Lib\Action\IndexAction.class.php 第 243 行.
NOTIC: [8] Undefined index:  procate2 D:\enkjhost\mayning1\web\home\Lib\Action\IndexAction.class.php 第 244 行.
SQL: SELECT * FROM `procate` WHERE ( id=%d ) LIMIT 1   [ RunTime:0.000195s ]
ERR: 1064:You have an error in your SQL syntax; check the manual that corresponds to your MySQL server version for the right syntax to use near '%d ) LIMIT 1' at line 1
 [ SQL语句 ] : SELECT * FROM `procate` WHERE ( id=%d ) LIMIT 1  
SQL: SELECT * FROM `procate` WHERE ( id=%d ) LIMIT 1   [ RunTime:0.000177s ]
ERR: 1064:You have an error in your SQL syntax; check the manual that corresponds to your MySQL server version for the right syntax to use near '%d ) LIMIT 1' at line 1
 [ SQL语句 ] : SELECT * FROM `procate` WHERE ( id=%d ) LIMIT 1  
SQL: SELECT * FROM `procate` WHERE (  enable =1 and pid=0  )  [ RunTime:0.000367s ]
SQL: SELECT * FROM `products` WHERE (  id=109 ) LIMIT 1   [ RunTime:0.000549s ]
SQL: SELECT * FROM `procate` WHERE ( id=30 ) LIMIT 1   [ RunTime:0.000247s ]
SQL: SELECT * FROM `procate` WHERE ( id=20 ) LIMIT 1   [ RunTime:0.000236s ]
INFO: [ view_parse ] --START--
INFO: ParseTemplate Behavior ::run [ RunTime:0.036638s ]
INFO: [ view_parse ] --END-- [ RunTime:0.036741s ]
INFO: [ view_filter ] --START--
INFO: ContentReplace Behavior ::run [ RunTime:0.002099s ]
INFO: TokenBuild Behavior ::run [ RunTime:0.001320s ]
INFO: WriteHtmlCache Behavior ::run [ RunTime:0.001722s ]
INFO: ShowRuntime Behavior ::run [ RunTime:0.002276s ]
INFO: [ view_filter ] --END-- [ RunTime:0.007619s ]
INFO: [ view_end ] --START--
INFO: ShowPageTrace Behavior ::run [ RunTime:0.002597s ]
INFO: [ view_end ] --END-- [ RunTime:0.002676s ]

[ 2014-10-22 02:31:32 ] 5.255.253.87 /index.php/Index/product?procate=&procate2=25
INFO: [ route_check ] --START--
INFO: CheckRoute Behavior ::run [ RunTime:0.002608s ]
INFO: [ route_check ] --END-- [ RunTime:0.002718s ]
INFO: [ app_begin ] --START--
INFO: ReadHtmlCache Behavior ::run [ RunTime:0.002094s ]
INFO: [ app_begin ] --END-- [ RunTime:0.002189s ]
SQL: SHOW COLUMNS FROM `contents` [ RunTime:0.005019s ]
SQL: SELECT * FROM `contents` WHERE (  enable=1 and cateid=4  ) LIMIT 1   [ RunTime:0.000342s ]
SQL: SELECT * FROM `contents` WHERE (  enable=1 and cateid=1  ) LIMIT 1   [ RunTime:0.000264s ]
SQL: SHOW COLUMNS FROM `visters` [ RunTime:0.007119s ]
SQL: INSERT INTO `visters` (`ctime`,`info`,`ip`,`page`) VALUES ('2014-10-22 02:31','俄罗斯  、OtherEnglish系统、Other浏览器、','5.255.253.87','产品页面') [ RunTime:0.009929s ]
SQL: SHOW COLUMNS FROM `procate` [ RunTime:0.006439s ]
SQL: SHOW COLUMNS FROM `products` [ RunTime:0.006355s ]
SQL: SELECT * FROM `procate` WHERE ( id=0 ) LIMIT 1   [ RunTime:0.000329s ]
SQL: SELECT * FROM `procate` WHERE ( id=25 ) LIMIT 1   [ RunTime:0.000309s ]
SQL: select count(*) as count from products a left join procate b on a.proid = b.id where 1=1 and a.enable=1 and b.enable=1  [ RunTime:0.000690s ]
SQL: select a.id,a.title,a.info,a.imgs,a.ctime from products a left join procate b on a.proid = b.id where 1=1 and a.enable=1 and b.enable=1  order by a.sorts desc limit 0,9 [ RunTime:0.000657s ]
SQL: SELECT * FROM `procate` WHERE (  enable =1 and pid=0  )  [ RunTime:0.000392s ]
NOTIC: [8] Undefined variable: cate2List D:\enkjhost\mayning1\web\home\Lib\Action\IndexAction.class.php 第 220 行.
INFO: [ view_parse ] --START--
INFO: ParseTemplate Behavior ::run [ RunTime:0.026497s ]
INFO: [ view_parse ] --END-- [ RunTime:0.026601s ]
INFO: [ view_filter ] --START--
INFO: ContentReplace Behavior ::run [ RunTime:0.001467s ]
INFO: TokenBuild Behavior ::run [ RunTime:0.001443s ]
INFO: WriteHtmlCache Behavior ::run [ RunTime:0.001225s ]
INFO: ShowRuntime Behavior ::run [ RunTime:0.001472s ]
INFO: [ view_filter ] --END-- [ RunTime:0.005803s ]
INFO: [ view_end ] --START--
INFO: ShowPageTrace Behavior ::run [ RunTime:0.001704s ]
INFO: [ view_end ] --END-- [ RunTime:0.001777s ]

[ 2014-10-22 02:34:14 ] 5.255.253.87 /index.php/Index/product?procate=20&procate2=30
INFO: [ route_check ] --START--
INFO: CheckRoute Behavior ::run [ RunTime:0.002025s ]
INFO: [ route_check ] --END-- [ RunTime:0.002111s ]
INFO: [ app_begin ] --START--
INFO: ReadHtmlCache Behavior ::run [ RunTime:0.001619s ]
INFO: [ app_begin ] --END-- [ RunTime:0.001692s ]
SQL: SHOW COLUMNS FROM `contents` [ RunTime:0.004065s ]
SQL: SELECT * FROM `contents` WHERE (  enable=1 and cateid=4  ) LIMIT 1   [ RunTime:0.000270s ]
SQL: SELECT * FROM `contents` WHERE (  enable=1 and cateid=1  ) LIMIT 1   [ RunTime:0.000244s ]
SQL: SHOW COLUMNS FROM `visters` [ RunTime:0.006784s ]
SQL: INSERT INTO `visters` (`ctime`,`info`,`ip`,`page`) VALUES ('2014-10-22 02:34','俄罗斯  、OtherEnglish系统、Other浏览器、','5.255.253.87','产品页面') [ RunTime:0.010171s ]
SQL: SHOW COLUMNS FROM `procate` [ RunTime:0.005652s ]
SQL: SHOW COLUMNS FROM `products` [ RunTime:0.005258s ]
SQL: SELECT * FROM `procate` WHERE ( id=20 ) LIMIT 1   [ RunTime:0.000322s ]
SQL: SELECT * FROM `procate` WHERE ( id=30 ) LIMIT 1   [ RunTime:0.000278s ]
SQL: SELECT * FROM `procate` WHERE ( pid=20 )  [ RunTime:0.000299s ]
SQL: select count(*) as count from products a left join procate b on a.proid = b.id where 1=1 and a.enable=1 and b.enable=1  and ( b.pid=30 or b.id=30) [ RunTime:0.000603s ]
SQL: select a.id,a.title,a.info,a.imgs,a.ctime from products a left join procate b on a.proid = b.id where 1=1 and a.enable=1 and b.enable=1  and ( b.pid=30 or b.id=30) order by a.sorts desc limit 0,9 [ RunTime:0.001357s ]
SQL: SELECT * FROM `procate` WHERE (  enable =1 and pid=0  )  [ RunTime:0.000322s ]
INFO: [ view_parse ] --START--
INFO: ParseTemplate Behavior ::run [ RunTime:0.034844s ]
INFO: [ view_parse ] --END-- [ RunTime:0.034943s ]
INFO: [ view_filter ] --START--
INFO: ContentReplace Behavior ::run [ RunTime:0.001452s ]
INFO: TokenBuild Behavior ::run [ RunTime:0.001406s ]
INFO: WriteHtmlCache Behavior ::run [ RunTime:0.001285s ]
INFO: ShowRuntime Behavior ::run [ RunTime:0.001518s ]
INFO: [ view_filter ] --END-- [ RunTime:0.005859s ]
INFO: [ view_end ] --START--
INFO: ShowPageTrace Behavior ::run [ RunTime:0.001712s ]
INFO: [ view_end ] --END-- [ RunTime:0.001788s ]

[ 2014-10-22 02:34:17 ] 5.255.253.87 /index.php/Index/product?procate=&procate2=21
INFO: [ route_check ] --START--
INFO: CheckRoute Behavior ::run [ RunTime:0.001965s ]
INFO: [ route_check ] --END-- [ RunTime:0.002049s ]
INFO: [ app_begin ] --START--
INFO: ReadHtmlCache Behavior ::run [ RunTime:0.001597s ]
INFO: [ app_begin ] --END-- [ RunTime:0.001669s ]
SQL: SHOW COLUMNS FROM `contents` [ RunTime:0.006057s ]
SQL: SELECT * FROM `contents` WHERE (  enable=1 and cateid=4  ) LIMIT 1   [ RunTime:0.000381s ]
SQL: SELECT * FROM `contents` WHERE (  enable=1 and cateid=1  ) LIMIT 1   [ RunTime:0.000284s ]
SQL: SHOW COLUMNS FROM `visters` [ RunTime:0.006390s ]
SQL: INSERT INTO `visters` (`ctime`,`info`,`ip`,`page`) VALUES ('2014-10-22 02:34','俄罗斯  、OtherEnglish系统、Other浏览器、','5.255.253.87','产品页面') [ RunTime:0.009681s ]
SQL: SHOW COLUMNS FROM `procate` [ RunTime:0.007832s ]
SQL: SHOW COLUMNS FROM `products` [ RunTime:0.008057s ]
SQL: SELECT * FROM `procate` WHERE ( id=0 ) LIMIT 1   [ RunTime:0.000333s ]
SQL: SELECT * FROM `procate` WHERE ( id=21 ) LIMIT 1   [ RunTime:0.000314s ]
SQL: select count(*) as count from products a left join procate b on a.proid = b.id where 1=1 and a.enable=1 and b.enable=1  [ RunTime:0.000629s ]
SQL: select a.id,a.title,a.info,a.imgs,a.ctime from products a left join procate b on a.proid = b.id where 1=1 and a.enable=1 and b.enable=1  order by a.sorts desc limit 0,9 [ RunTime:0.000605s ]
SQL: SELECT * FROM `procate` WHERE (  enable =1 and pid=0  )  [ RunTime:0.000405s ]
NOTIC: [8] Undefined variable: cate2List D:\enkjhost\mayning1\web\home\Lib\Action\IndexAction.class.php 第 220 行.
INFO: [ view_parse ] --START--
INFO: ParseTemplate Behavior ::run [ RunTime:0.026017s ]
INFO: [ view_parse ] --END-- [ RunTime:0.026113s ]
INFO: [ view_filter ] --START--
INFO: ContentReplace Behavior ::run [ RunTime:0.001608s ]
INFO: TokenBuild Behavior ::run [ RunTime:0.001560s ]
INFO: WriteHtmlCache Behavior ::run [ RunTime:0.001380s ]
INFO: ShowRuntime Behavior ::run [ RunTime:0.001648s ]
INFO: [ view_filter ] --END-- [ RunTime:0.006413s ]
INFO: [ view_end ] --START--
INFO: ShowPageTrace Behavior ::run [ RunTime:0.001894s ]
INFO: [ view_end ] --END-- [ RunTime:0.001976s ]

[ 2014-10-22 02:34:22 ] 5.255.253.87 /index.php/Index/product?procate=15
INFO: [ route_check ] --START--
INFO: CheckRoute Behavior ::run [ RunTime:0.001984s ]
INFO: [ route_check ] --END-- [ RunTime:0.002071s ]
INFO: [ app_begin ] --START--
INFO: ReadHtmlCache Behavior ::run [ RunTime:0.001622s ]
INFO: [ app_begin ] --END-- [ RunTime:0.001694s ]
SQL: SHOW COLUMNS FROM `contents` [ RunTime:0.005555s ]
SQL: SELECT * FROM `contents` WHERE (  enable=1 and cateid=4  ) LIMIT 1   [ RunTime:0.000378s ]
SQL: SELECT * FROM `contents` WHERE (  enable=1 and cateid=1  ) LIMIT 1   [ RunTime:0.000285s ]
SQL: SHOW COLUMNS FROM `visters` [ RunTime:0.006602s ]
SQL: INSERT INTO `visters` (`ctime`,`info`,`ip`,`page`) VALUES ('2014-10-22 02:34','俄罗斯  、OtherEnglish系统、Other浏览器、','5.255.253.87','产品页面') [ RunTime:0.010046s ]
SQL: SHOW COLUMNS FROM `procate` [ RunTime:0.006027s ]
SQL: SHOW COLUMNS FROM `products` [ RunTime:0.005546s ]
NOTIC: [8] Undefined index:  procate2 D:\enkjhost\mayning1\web\home\Lib\Action\IndexAction.class.php 第 176 行.
SQL: SELECT * FROM `procate` WHERE ( id=15 ) LIMIT 1   [ RunTime:0.000320s ]
SQL: SELECT * FROM `procate` WHERE ( id=%d ) LIMIT 1   [ RunTime:0.000161s ]
ERR: 1064:You have an error in your SQL syntax; check the manual that corresponds to your MySQL server version for the right syntax to use near '%d ) LIMIT 1' at line 1
 [ SQL语句 ] : SELECT * FROM `procate` WHERE ( id=%d ) LIMIT 1  
SQL: SELECT * FROM `procate` WHERE ( pid=15 )  [ RunTime:0.000285s ]
SQL: select count(*) as count from products a left join procate b on a.proid = b.id where 1=1 and a.enable=1 and b.enable=1  and ( b.pid=15 or b.id=15) [ RunTime:0.000605s ]
SQL: select a.id,a.title,a.info,a.imgs,a.ctime from products a left join procate b on a.proid = b.id where 1=1 and a.enable=1 and b.enable=1  and ( b.pid=15 or b.id=15) order by a.sorts desc limit 0,9 [ RunTime:0.001085s ]
SQL: SELECT * FROM `procate` WHERE (  enable =1 and pid=0  )  [ RunTime:0.000323s ]
INFO: [ view_parse ] --START--
INFO: ParseTemplate Behavior ::run [ RunTime:0.027507s ]
INFO: [ view_parse ] --END-- [ RunTime:0.027605s ]
INFO: [ view_filter ] --START--
INFO: ContentReplace Behavior ::run [ RunTime:0.001445s ]
INFO: TokenBuild Behavior ::run [ RunTime:0.001408s ]
INFO: WriteHtmlCache Behavior ::run [ RunTime:0.001345s ]
INFO: ShowRuntime Behavior ::run [ RunTime:0.001960s ]
INFO: [ view_filter ] --END-- [ RunTime:0.006380s ]
INFO: [ view_end ] --START--
INFO: ShowPageTrace Behavior ::run [ RunTime:0.002240s ]
INFO: [ view_end ] --END-- [ RunTime:0.002337s ]

[ 2014-10-22 02:38:42 ] 5.255.253.87 /index.php/Index/product?procate=&procate2=37
INFO: [ route_check ] --START--
INFO: CheckRoute Behavior ::run [ RunTime:0.001990s ]
INFO: [ route_check ] --END-- [ RunTime:0.002075s ]
INFO: [ app_begin ] --START--
INFO: ReadHtmlCache Behavior ::run [ RunTime:0.001620s ]
INFO: [ app_begin ] --END-- [ RunTime:0.001692s ]
SQL: SHOW COLUMNS FROM `contents` [ RunTime:0.005409s ]
SQL: SELECT * FROM `contents` WHERE (  enable=1 and cateid=4  ) LIMIT 1   [ RunTime:0.000395s ]
SQL: SELECT * FROM `contents` WHERE (  enable=1 and cateid=1  ) LIMIT 1   [ RunTime:0.000331s ]
SQL: SHOW COLUMNS FROM `visters` [ RunTime:0.006847s ]
SQL: INSERT INTO `visters` (`ctime`,`info`,`ip`,`page`) VALUES ('2014-10-22 02:38','俄罗斯  、OtherEnglish系统、Other浏览器、','5.255.253.87','产品页面') [ RunTime:0.008817s ]
SQL: SHOW COLUMNS FROM `procate` [ RunTime:0.005643s ]
SQL: SHOW COLUMNS FROM `products` [ RunTime:0.005550s ]
SQL: SELECT * FROM `procate` WHERE ( id=0 ) LIMIT 1   [ RunTime:0.000361s ]
SQL: SELECT * FROM `procate` WHERE ( id=37 ) LIMIT 1   [ RunTime:0.000340s ]
SQL: select count(*) as count from products a left join procate b on a.proid = b.id where 1=1 and a.enable=1 and b.enable=1  [ RunTime:0.000655s ]
SQL: select a.id,a.title,a.info,a.imgs,a.ctime from products a left join procate b on a.proid = b.id where 1=1 and a.enable=1 and b.enable=1  order by a.sorts desc limit 0,9 [ RunTime:0.000625s ]
SQL: SELECT * FROM `procate` WHERE (  enable =1 and pid=0  )  [ RunTime:0.000386s ]
NOTIC: [8] Undefined variable: cate2List D:\enkjhost\mayning1\web\home\Lib\Action\IndexAction.class.php 第 220 行.
INFO: [ view_parse ] --START--
INFO: ParseTemplate Behavior ::run [ RunTime:0.030868s ]
INFO: [ view_parse ] --END-- [ RunTime:0.030979s ]
INFO: [ view_filter ] --START--
INFO: ContentReplace Behavior ::run [ RunTime:0.001710s ]
INFO: TokenBuild Behavior ::run [ RunTime:0.001426s ]
INFO: WriteHtmlCache Behavior ::run [ RunTime:0.001266s ]
INFO: ShowRuntime Behavior ::run [ RunTime:0.001514s ]
INFO: [ view_filter ] --END-- [ RunTime:0.006122s ]
INFO: [ view_end ] --START--
INFO: ShowPageTrace Behavior ::run [ RunTime:0.001727s ]
INFO: [ view_end ] --END-- [ RunTime:0.001802s ]

[ 2014-10-22 02:38:45 ] 5.255.253.87 /index.php/Index/productInfo?id=130
INFO: [ route_check ] --START--
INFO: CheckRoute Behavior ::run [ RunTime:0.002606s ]
INFO: [ route_check ] --END-- [ RunTime:0.002717s ]
INFO: [ app_begin ] --START--
INFO: ReadHtmlCache Behavior ::run [ RunTime:0.002115s ]
INFO: [ app_begin ] --END-- [ RunTime:0.002208s ]
SQL: SHOW COLUMNS FROM `contents` [ RunTime:0.004307s ]
SQL: SELECT * FROM `contents` WHERE (  enable=1 and cateid=4  ) LIMIT 1   [ RunTime:0.000278s ]
SQL: SELECT * FROM `contents` WHERE (  enable=1 and cateid=1  ) LIMIT 1   [ RunTime:0.000202s ]
SQL: SHOW COLUMNS FROM `visters` [ RunTime:0.007218s ]
SQL: INSERT INTO `visters` (`ctime`,`info`,`ip`,`page`) VALUES ('2014-10-22 02:38','俄罗斯  、OtherEnglish系统、Other浏览器、','5.255.253.87','产品详情页面') [ RunTime:0.008953s ]
SQL: SHOW COLUMNS FROM `procate` [ RunTime:0.006378s ]
SQL: SHOW COLUMNS FROM `products` [ RunTime:0.006403s ]
NOTIC: [8] Undefined index:  procate D:\enkjhost\mayning1\web\home\Lib\Action\IndexAction.class.php 第 243 行.
NOTIC: [8] Undefined index:  procate2 D:\enkjhost\mayning1\web\home\Lib\Action\IndexAction.class.php 第 244 行.
SQL: SELECT * FROM `procate` WHERE ( id=%d ) LIMIT 1   [ RunTime:0.000176s ]
ERR: 1064:You have an error in your SQL syntax; check the manual that corresponds to your MySQL server version for the right syntax to use near '%d ) LIMIT 1' at line 1
 [ SQL语句 ] : SELECT * FROM `procate` WHERE ( id=%d ) LIMIT 1  
SQL: SELECT * FROM `procate` WHERE ( id=%d ) LIMIT 1   [ RunTime:0.000136s ]
ERR: 1064:You have an error in your SQL syntax; check the manual that corresponds to your MySQL server version for the right syntax to use near '%d ) LIMIT 1' at line 1
 [ SQL语句 ] : SELECT * FROM `procate` WHERE ( id=%d ) LIMIT 1  
SQL: SELECT * FROM `procate` WHERE (  enable =1 and pid=0  )  [ RunTime:0.000349s ]
SQL: SELECT * FROM `products` WHERE (  id=130 ) LIMIT 1   [ RunTime:0.000279s ]
SQL: SELECT * FROM `procate` WHERE ( id=37 ) LIMIT 1   [ RunTime:0.000259s ]
SQL: SELECT * FROM `procate` WHERE ( id=0 ) LIMIT 1   [ RunTime:0.000210s ]
INFO: [ view_parse ] --START--
INFO: ParseTemplate Behavior ::run [ RunTime:0.027870s ]
INFO: [ view_parse ] --END-- [ RunTime:0.027983s ]
INFO: [ view_filter ] --START--
INFO: ContentReplace Behavior ::run [ RunTime:0.001952s ]
INFO: TokenBuild Behavior ::run [ RunTime:0.001853s ]
INFO: WriteHtmlCache Behavior ::run [ RunTime:0.001707s ]
INFO: ShowRuntime Behavior ::run [ RunTime:0.001971s ]
INFO: [ view_filter ] --END-- [ RunTime:0.007734s ]
INFO: [ view_end ] --START--
INFO: ShowPageTrace Behavior ::run [ RunTime:0.002196s ]
INFO: [ view_end ] --END-- [ RunTime:0.002283s ]

[ 2014-10-22 02:38:49 ] 5.255.253.87 /index.php/Index/productInfo?id=118
INFO: [ route_check ] --START--
INFO: CheckRoute Behavior ::run [ RunTime:0.002193s ]
INFO: [ route_check ] --END-- [ RunTime:0.002289s ]
INFO: [ app_begin ] --START--
INFO: ReadHtmlCache Behavior ::run [ RunTime:0.001777s ]
INFO: [ app_begin ] --END-- [ RunTime:0.001858s ]
SQL: SHOW COLUMNS FROM `contents` [ RunTime:0.004673s ]
SQL: SELECT * FROM `contents` WHERE (  enable=1 and cateid=4  ) LIMIT 1   [ RunTime:0.000306s ]
SQL: SELECT * FROM `contents` WHERE (  enable=1 and cateid=1  ) LIMIT 1   [ RunTime:0.000222s ]
SQL: SHOW COLUMNS FROM `visters` [ RunTime:0.006659s ]
SQL: INSERT INTO `visters` (`ctime`,`info`,`ip`,`page`) VALUES ('2014-10-22 02:38','俄罗斯  、OtherEnglish系统、Other浏览器、','5.255.253.87','产品详情页面') [ RunTime:0.010403s ]
SQL: SHOW COLUMNS FROM `procate` [ RunTime:0.005731s ]
SQL: SHOW COLUMNS FROM `products` [ RunTime:0.005596s ]
NOTIC: [8] Undefined index:  procate D:\enkjhost\mayning1\web\home\Lib\Action\IndexAction.class.php 第 243 行.
NOTIC: [8] Undefined index:  procate2 D:\enkjhost\mayning1\web\home\Lib\Action\IndexAction.class.php 第 244 行.
SQL: SELECT * FROM `procate` WHERE ( id=%d ) LIMIT 1   [ RunTime:0.000197s ]
ERR: 1064:You have an error in your SQL syntax; check the manual that corresponds to your MySQL server version for the right syntax to use near '%d ) LIMIT 1' at line 1
 [ SQL语句 ] : SELECT * FROM `procate` WHERE ( id=%d ) LIMIT 1  
SQL: SELECT * FROM `procate` WHERE ( id=%d ) LIMIT 1   [ RunTime:0.000154s ]
ERR: 1064:You have an error in your SQL syntax; check the manual that corresponds to your MySQL server version for the right syntax to use near '%d ) LIMIT 1' at line 1
 [ SQL语句 ] : SELECT * FROM `procate` WHERE ( id=%d ) LIMIT 1  
SQL: SELECT * FROM `procate` WHERE (  enable =1 and pid=0  )  [ RunTime:0.000349s ]
SQL: SELECT * FROM `products` WHERE (  id=118 ) LIMIT 1   [ RunTime:0.000348s ]
SQL: SELECT * FROM `procate` WHERE ( id=31 ) LIMIT 1   [ RunTime:0.000283s ]
SQL: SELECT * FROM `procate` WHERE ( id=20 ) LIMIT 1   [ RunTime:0.000247s ]
INFO: [ view_parse ] --START--
INFO: ParseTemplate Behavior ::run [ RunTime:0.026842s ]
INFO: [ view_parse ] --END-- [ RunTime:0.026957s ]
INFO: [ view_filter ] --START--
INFO: ContentReplace Behavior ::run [ RunTime:0.001918s ]
INFO: TokenBuild Behavior ::run [ RunTime:0.001859s ]
INFO: WriteHtmlCache Behavior ::run [ RunTime:0.001671s ]
INFO: ShowRuntime Behavior ::run [ RunTime:0.001992s ]
INFO: [ view_filter ] --END-- [ RunTime:0.007693s ]
INFO: [ view_end ] --START--
INFO: ShowPageTrace Behavior ::run [ RunTime:0.002271s ]
INFO: [ view_end ] --END-- [ RunTime:0.002371s ]

[ 2014-10-22 02:39:18 ] 66.249.64.86 /index.php/Index/productInfo?id=58
INFO: [ route_check ] --START--
INFO: CheckRoute Behavior ::run [ RunTime:0.002214s ]
INFO: [ route_check ] --END-- [ RunTime:0.002308s ]
INFO: [ app_begin ] --START--
INFO: ReadHtmlCache Behavior ::run [ RunTime:0.001822s ]
INFO: [ app_begin ] --END-- [ RunTime:0.001902s ]
SQL: SHOW COLUMNS FROM `contents` [ RunTime:0.005553s ]
SQL: SELECT * FROM `contents` WHERE (  enable=1 and cateid=4  ) LIMIT 1   [ RunTime:0.000342s ]
SQL: SELECT * FROM `contents` WHERE (  enable=1 and cateid=1  ) LIMIT 1   [ RunTime:0.000262s ]
NOTIC: [8] Undefined index:  HTTP_ACCEPT_LANGUAGE D:\enkjhost\mayning1\web\home\Lib\Action\UtilAction.class.php 第 96 行.
SQL: SHOW COLUMNS FROM `visters` [ RunTime:0.006651s ]
SQL: INSERT INTO `visters` (`ctime`,`info`,`ip`,`page`) VALUES ('2014-10-22 02:39','美国 加利福尼亚 Mountain View、OtherEnglish系统、Other浏览器、','66.249.64.86','产品详情页面') [ RunTime:0.010476s ]
SQL: SHOW COLUMNS FROM `procate` [ RunTime:0.005901s ]
SQL: SHOW COLUMNS FROM `products` [ RunTime:0.005804s ]
NOTIC: [8] Undefined index:  procate D:\enkjhost\mayning1\web\home\Lib\Action\IndexAction.class.php 第 243 行.
NOTIC: [8] Undefined index:  procate2 D:\enkjhost\mayning1\web\home\Lib\Action\IndexAction.class.php 第 244 行.
SQL: SELECT * FROM `procate` WHERE ( id=%d ) LIMIT 1   [ RunTime:0.000206s ]
ERR: 1064:You have an error in your SQL syntax; check the manual that corresponds to your MySQL server version for the right syntax to use near '%d ) LIMIT 1' at line 1
 [ SQL语句 ] : SELECT * FROM `procate` WHERE ( id=%d ) LIMIT 1  
SQL: SELECT * FROM `procate` WHERE ( id=%d ) LIMIT 1   [ RunTime:0.000187s ]
ERR: 1064:You have an error in your SQL syntax; check the manual that corresponds to your MySQL server version for the right syntax to use near '%d ) LIMIT 1' at line 1
 [ SQL语句 ] : SELECT * FROM `procate` WHERE ( id=%d ) LIMIT 1  
SQL: SELECT * FROM `procate` WHERE (  enable =1 and pid=0  )  [ RunTime:0.000429s ]
SQL: SELECT * FROM `products` WHERE (  id=58 ) LIMIT 1   [ RunTime:0.000372s ]
SQL: SELECT * FROM `procate` WHERE ( id=21 ) LIMIT 1   [ RunTime:0.000301s ]
SQL: SELECT * FROM `procate` WHERE ( id=0 ) LIMIT 1   [ RunTime:0.000286s ]
INFO: [ view_parse ] --START--
INFO: ParseTemplate Behavior ::run [ RunTime:0.026340s ]
INFO: [ view_parse ] --END-- [ RunTime:0.026438s ]
INFO: [ view_filter ] --START--
INFO: ContentReplace Behavior ::run [ RunTime:0.001472s ]
INFO: TokenBuild Behavior ::run [ RunTime:0.001448s ]
INFO: WriteHtmlCache Behavior ::run [ RunTime:0.001273s ]
INFO: ShowRuntime Behavior ::run [ RunTime:0.001518s ]
INFO: [ view_filter ] --END-- [ RunTime:0.005903s ]
INFO: [ view_end ] --START--
INFO: ShowPageTrace Behavior ::run [ RunTime:0.001785s ]
INFO: [ view_end ] --END-- [ RunTime:0.001860s ]

[ 2014-10-22 03:51:26 ] 66.249.64.78 /index.php/Index/productInfo?id=114
INFO: [ route_check ] --START--
INFO: CheckRoute Behavior ::run [ RunTime:0.003957s ]
INFO: [ route_check ] --END-- [ RunTime:0.004069s ]
INFO: [ app_begin ] --START--
INFO: ReadHtmlCache Behavior ::run [ RunTime:0.003224s ]
INFO: [ app_begin ] --END-- [ RunTime:0.003319s ]
SQL: SHOW COLUMNS FROM `contents` [ RunTime:0.005408s ]
SQL: SELECT * FROM `contents` WHERE (  enable=1 and cateid=4  ) LIMIT 1   [ RunTime:0.000358s ]
SQL: SELECT * FROM `contents` WHERE (  enable=1 and cateid=1  ) LIMIT 1   [ RunTime:0.000270s ]
NOTIC: [8] Undefined index:  HTTP_ACCEPT_LANGUAGE D:\enkjhost\mayning1\web\home\Lib\Action\UtilAction.class.php 第 96 行.
SQL: SHOW COLUMNS FROM `visters` [ RunTime:0.006927s ]
SQL: INSERT INTO `visters` (`ctime`,`info`,`ip`,`page`) VALUES ('2014-10-22 03:51','美国 加利福尼亚 Mountain View、OtherEnglish系统、Other浏览器、','66.249.64.78','产品详情页面') [ RunTime:0.010191s ]
SQL: SHOW COLUMNS FROM `procate` [ RunTime:0.006059s ]
SQL: SHOW COLUMNS FROM `products` [ RunTime:0.006273s ]
NOTIC: [8] Undefined index:  procate D:\enkjhost\mayning1\web\home\Lib\Action\IndexAction.class.php 第 243 行.
NOTIC: [8] Undefined index:  procate2 D:\enkjhost\mayning1\web\home\Lib\Action\IndexAction.class.php 第 244 行.
SQL: SELECT * FROM `procate` WHERE ( id=%d ) LIMIT 1   [ RunTime:0.000216s ]
ERR: 1064:You have an error in your SQL syntax; check the manual that corresponds to your MySQL server version for the right syntax to use near '%d ) LIMIT 1' at line 1
 [ SQL语句 ] : SELECT * FROM `procate` WHERE ( id=%d ) LIMIT 1  
SQL: SELECT * FROM `procate` WHERE ( id=%d ) LIMIT 1   [ RunTime:0.000220s ]
ERR: 1064:You have an error in your SQL syntax; check the manual that corresponds to your MySQL server version for the right syntax to use near '%d ) LIMIT 1' at line 1
 [ SQL语句 ] : SELECT * FROM `procate` WHERE ( id=%d ) LIMIT 1  
SQL: SELECT * FROM `procate` WHERE (  enable =1 and pid=0  )  [ RunTime:0.000350s ]
SQL: SELECT * FROM `products` WHERE (  id=114 ) LIMIT 1   [ RunTime:0.000311s ]
SQL: SELECT * FROM `procate` WHERE ( id=31 ) LIMIT 1   [ RunTime:0.000239s ]
SQL: SELECT * FROM `procate` WHERE ( id=20 ) LIMIT 1   [ RunTime:0.000254s ]
INFO: [ view_parse ] --START--
INFO: ParseTemplate Behavior ::run [ RunTime:0.034568s ]
INFO: [ view_parse ] --END-- [ RunTime:0.034678s ]
INFO: [ view_filter ] --START--
INFO: ContentReplace Behavior ::run [ RunTime:0.002859s ]
INFO: TokenBuild Behavior ::run [ RunTime:0.002863s ]
INFO: WriteHtmlCache Behavior ::run [ RunTime:0.002555s ]
INFO: ShowRuntime Behavior ::run [ RunTime:0.003139s ]
INFO: [ view_filter ] --END-- [ RunTime:0.011680s ]
INFO: [ view_end ] --START--
INFO: ShowPageTrace Behavior ::run [ RunTime:0.003547s ]
INFO: [ view_end ] --END-- [ RunTime:0.003648s ]

[ 2014-10-22 04:41:27 ] 66.249.64.96 /index.php
INFO: [ app_begin ] --START--
INFO: ReadHtmlCache Behavior ::run [ RunTime:0.003099s ]
INFO: [ app_begin ] --END-- [ RunTime:0.003214s ]
SQL: SHOW COLUMNS FROM `contents` [ RunTime:0.004816s ]
SQL: SELECT * FROM `contents` WHERE (  enable=1 and cateid=4  ) LIMIT 1   [ RunTime:0.000348s ]
SQL: SELECT * FROM `contents` WHERE (  enable=1 and cateid=1  ) LIMIT 1   [ RunTime:0.000255s ]
NOTIC: [8] Undefined index:  HTTP_ACCEPT_LANGUAGE D:\enkjhost\mayning1\web\home\Lib\Action\UtilAction.class.php 第 96 行.
SQL: SHOW COLUMNS FROM `visters` [ RunTime:0.006671s ]
SQL: INSERT INTO `visters` (`ctime`,`info`,`ip`,`page`) VALUES ('2014-10-22 04:41','美国 加利福尼亚 Mountain View、OtherEnglish系统、Other浏览器、','66.249.64.96','系统首页') [ RunTime:0.010755s ]
SQL: SHOW COLUMNS FROM `products` [ RunTime:0.004986s ]
SQL: SELECT * FROM `products` WHERE (  enable=1 and state=1  ) ORDER BY  sorts desc  [ RunTime:0.000794s ]
SQL: SELECT * FROM `products` WHERE (  enable=1 and state=2  ) ORDER BY  sorts desc  [ RunTime:0.000713s ]
INFO: [ view_parse ] --START--
INFO: ParseTemplate Behavior ::run [ RunTime:0.039205s ]
INFO: [ view_parse ] --END-- [ RunTime:0.039312s ]
INFO: [ view_filter ] --START--
INFO: ContentReplace Behavior ::run [ RunTime:0.002943s ]
INFO: TokenBuild Behavior ::run [ RunTime:0.002944s ]
INFO: WriteHtmlCache Behavior ::run [ RunTime:0.001722s ]
INFO: ShowRuntime Behavior ::run [ RunTime:0.001985s ]
INFO: [ view_filter ] --END-- [ RunTime:0.009858s ]
INFO: [ view_end ] --START--
INFO: ShowPageTrace Behavior ::run [ RunTime:0.003477s ]
INFO: [ view_end ] --END-- [ RunTime:0.003580s ]

[ 2014-10-22 04:52:29 ] 66.249.64.86 /index.php/Index/productInfo?id=30
INFO: [ route_check ] --START--
INFO: CheckRoute Behavior ::run [ RunTime:0.001999s ]
INFO: [ route_check ] --END-- [ RunTime:0.002085s ]
INFO: [ app_begin ] --START--
INFO: ReadHtmlCache Behavior ::run [ RunTime:0.002495s ]
INFO: [ app_begin ] --END-- [ RunTime:0.002568s ]
SQL: SHOW COLUMNS FROM `contents` [ RunTime:0.004274s ]
SQL: SELECT * FROM `contents` WHERE (  enable=1 and cateid=4  ) LIMIT 1   [ RunTime:0.000277s ]
SQL: SELECT * FROM `contents` WHERE (  enable=1 and cateid=1  ) LIMIT 1   [ RunTime:0.000197s ]
NOTIC: [8] Undefined index:  HTTP_ACCEPT_LANGUAGE D:\enkjhost\mayning1\web\home\Lib\Action\UtilAction.class.php 第 96 行.
SQL: SHOW COLUMNS FROM `visters` [ RunTime:0.006882s ]
SQL: INSERT INTO `visters` (`ctime`,`info`,`ip`,`page`) VALUES ('2014-10-22 04:52','美国 加利福尼亚 Mountain View、OtherEnglish系统、Other浏览器、','66.249.64.86','产品详情页面') [ RunTime:0.011659s ]
SQL: SHOW COLUMNS FROM `procate` [ RunTime:0.005649s ]
SQL: SHOW COLUMNS FROM `products` [ RunTime:0.005551s ]
NOTIC: [8] Undefined index:  procate D:\enkjhost\mayning1\web\home\Lib\Action\IndexAction.class.php 第 243 行.
NOTIC: [8] Undefined index:  procate2 D:\enkjhost\mayning1\web\home\Lib\Action\IndexAction.class.php 第 244 行.
SQL: SELECT * FROM `procate` WHERE ( id=%d ) LIMIT 1   [ RunTime:0.000255s ]
ERR: 1064:You have an error in your SQL syntax; check the manual that corresponds to your MySQL server version for the right syntax to use near '%d ) LIMIT 1' at line 1
 [ SQL语句 ] : SELECT * FROM `procate` WHERE ( id=%d ) LIMIT 1  
SQL: SELECT * FROM `procate` WHERE ( id=%d ) LIMIT 1   [ RunTime:0.000246s ]
ERR: 1064:You have an error in your SQL syntax; check the manual that corresponds to your MySQL server version for the right syntax to use near '%d ) LIMIT 1' at line 1
 [ SQL语句 ] : SELECT * FROM `procate` WHERE ( id=%d ) LIMIT 1  
SQL: SELECT * FROM `procate` WHERE (  enable =1 and pid=0  )  [ RunTime:0.000429s ]
SQL: SELECT * FROM `products` WHERE (  id=30 ) LIMIT 1   [ RunTime:0.000303s ]
SQL: SELECT * FROM `procate` WHERE ( id=26 ) LIMIT 1   [ RunTime:0.000273s ]
SQL: SELECT * FROM `procate` WHERE ( id=0 ) LIMIT 1   [ RunTime:0.000208s ]
INFO: [ view_parse ] --START--
INFO: ParseTemplate Behavior ::run [ RunTime:0.035226s ]
INFO: [ view_parse ] --END-- [ RunTime:0.035320s ]
INFO: [ view_filter ] --START--
INFO: ContentReplace Behavior ::run [ RunTime:0.002094s ]
INFO: TokenBuild Behavior ::run [ RunTime:0.001409s ]
INFO: WriteHtmlCache Behavior ::run [ RunTime:0.001262s ]
INFO: ShowRuntime Behavior ::run [ RunTime:0.001607s ]
INFO: [ view_filter ] --END-- [ RunTime:0.006563s ]
INFO: [ view_end ] --START--
INFO: ShowPageTrace Behavior ::run [ RunTime:0.001741s ]
INFO: [ view_end ] --END-- [ RunTime:0.001813s ]

[ 2014-10-22 05:25:12 ] 180.76.6.64 /index.php
INFO: [ app_begin ] --START--
INFO: ReadHtmlCache Behavior ::run [ RunTime:0.001988s ]
INFO: [ app_begin ] --END-- [ RunTime:0.002099s ]
SQL: SHOW COLUMNS FROM `contents` [ RunTime:0.005706s ]
SQL: SELECT * FROM `contents` WHERE (  enable=1 and cateid=4  ) LIMIT 1   [ RunTime:0.000422s ]
SQL: SELECT * FROM `contents` WHERE (  enable=1 and cateid=1  ) LIMIT 1   [ RunTime:0.000340s ]
SQL: SHOW COLUMNS FROM `visters` [ RunTime:0.006314s ]
SQL: INSERT INTO `visters` (`ctime`,`info`,`ip`,`page`) VALUES ('2014-10-22 05:25','中国 北京 北京、WindowsEnglish系统、Firefox浏览器、','180.76.6.64','系统首页') [ RunTime:0.009470s ]
SQL: SHOW COLUMNS FROM `products` [ RunTime:0.005479s ]
SQL: SELECT * FROM `products` WHERE (  enable=1 and state=1  ) ORDER BY  sorts desc  [ RunTime:0.001013s ]
SQL: SELECT * FROM `products` WHERE (  enable=1 and state=2  ) ORDER BY  sorts desc  [ RunTime:0.000977s ]
INFO: [ view_parse ] --START--
INFO: ParseTemplate Behavior ::run [ RunTime:0.027406s ]
INFO: [ view_parse ] --END-- [ RunTime:0.027518s ]
INFO: [ view_filter ] --START--
INFO: ContentReplace Behavior ::run [ RunTime:0.002612s ]
INFO: TokenBuild Behavior ::run [ RunTime:0.002570s ]
INFO: WriteHtmlCache Behavior ::run [ RunTime:0.002130s ]
INFO: ShowRuntime Behavior ::run [ RunTime:0.002360s ]
INFO: [ view_filter ] --END-- [ RunTime:0.009909s ]
INFO: [ view_end ] --START--
INFO: ShowPageTrace Behavior ::run [ RunTime:0.001772s ]
INFO: [ view_end ] --END-- [ RunTime:0.001854s ]

[ 2014-10-22 05:54:52 ] 66.249.64.86 /index.php/Index/productInfo?id=119
INFO: [ route_check ] --START--
INFO: CheckRoute Behavior ::run [ RunTime:0.002919s ]
INFO: [ route_check ] --END-- [ RunTime:0.003006s ]
INFO: [ app_begin ] --START--
INFO: ReadHtmlCache Behavior ::run [ RunTime:0.001515s ]
INFO: [ app_begin ] --END-- [ RunTime:0.001588s ]
SQL: SHOW COLUMNS FROM `contents` [ RunTime:0.005331s ]
SQL: SELECT * FROM `contents` WHERE (  enable=1 and cateid=4  ) LIMIT 1   [ RunTime:0.000344s ]
SQL: SELECT * FROM `contents` WHERE (  enable=1 and cateid=1  ) LIMIT 1   [ RunTime:0.000310s ]
NOTIC: [8] Undefined index:  HTTP_ACCEPT_LANGUAGE D:\enkjhost\mayning1\web\home\Lib\Action\UtilAction.class.php 第 96 行.
SQL: SHOW COLUMNS FROM `visters` [ RunTime:0.006406s ]
SQL: INSERT INTO `visters` (`ctime`,`info`,`ip`,`page`) VALUES ('2014-10-22 05:54','美国 加利福尼亚 Mountain View、OtherEnglish系统、Other浏览器、','66.249.64.86','产品详情页面') [ RunTime:0.009774s ]
SQL: SHOW COLUMNS FROM `procate` [ RunTime:0.005413s ]
SQL: SHOW COLUMNS FROM `products` [ RunTime:0.005228s ]
NOTIC: [8] Undefined index:  procate D:\enkjhost\mayning1\web\home\Lib\Action\IndexAction.class.php 第 243 行.
NOTIC: [8] Undefined index:  procate2 D:\enkjhost\mayning1\web\home\Lib\Action\IndexAction.class.php 第 244 行.
SQL: SELECT * FROM `procate` WHERE ( id=%d ) LIMIT 1   [ RunTime:0.000207s ]
ERR: 1064:You have an error in your SQL syntax; check the manual that corresponds to your MySQL server version for the right syntax to use near '%d ) LIMIT 1' at line 1
 [ SQL语句 ] : SELECT * FROM `procate` WHERE ( id=%d ) LIMIT 1  
SQL: SELECT * FROM `procate` WHERE ( id=%d ) LIMIT 1   [ RunTime:0.000163s ]
ERR: 1064:You have an error in your SQL syntax; check the manual that corresponds to your MySQL server version for the right syntax to use near '%d ) LIMIT 1' at line 1
 [ SQL语句 ] : SELECT * FROM `procate` WHERE ( id=%d ) LIMIT 1  
SQL: SELECT * FROM `procate` WHERE (  enable =1 and pid=0  )  [ RunTime:0.000361s ]
SQL: SELECT * FROM `products` WHERE (  id=119 ) LIMIT 1   [ RunTime:0.000289s ]
SQL: SELECT * FROM `procate` WHERE ( id=11 ) LIMIT 1   [ RunTime:0.000241s ]
SQL: SELECT * FROM `procate` WHERE ( id=0 ) LIMIT 1   [ RunTime:0.000221s ]
INFO: [ view_parse ] --START--
INFO: ParseTemplate Behavior ::run [ RunTime:0.034022s ]
INFO: [ view_parse ] --END-- [ RunTime:0.034135s ]
INFO: [ view_filter ] --START--
INFO: ContentReplace Behavior ::run [ RunTime:0.002661s ]
INFO: TokenBuild Behavior ::run [ RunTime:0.002747s ]
INFO: WriteHtmlCache Behavior ::run [ RunTime:0.002410s ]
INFO: ShowRuntime Behavior ::run [ RunTime:0.002978s ]
INFO: [ view_filter ] --END-- [ RunTime:0.011060s ]
INFO: [ view_end ] --START--
INFO: ShowPageTrace Behavior ::run [ RunTime:0.003364s ]
INFO: [ view_end ] --END-- [ RunTime:0.003463s ]

[ 2014-10-22 06:50:01 ] 220.181.108.160 /index.php/Index/product
INFO: [ route_check ] --START--
INFO: CheckRoute Behavior ::run [ RunTime:0.003970s ]
INFO: [ route_check ] --END-- [ RunTime:0.004083s ]
INFO: [ app_begin ] --START--
INFO: ReadHtmlCache Behavior ::run [ RunTime:0.003266s ]
INFO: [ app_begin ] --END-- [ RunTime:0.003364s ]
SQL: SHOW COLUMNS FROM `contents` [ RunTime:0.008024s ]
SQL: SELECT * FROM `contents` WHERE (  enable=1 and cateid=4  ) LIMIT 1   [ RunTime:0.000424s ]
SQL: SELECT * FROM `contents` WHERE (  enable=1 and cateid=1  ) LIMIT 1   [ RunTime:0.000324s ]
SQL: SHOW COLUMNS FROM `visters` [ RunTime:0.008751s ]
SQL: INSERT INTO `visters` (`ctime`,`info`,`ip`,`page`) VALUES ('2014-10-22 06:50','中国 北京 北京、Other简体中文系统、Other浏览器、','220.181.108.160','产品页面') [ RunTime:0.010142s ]
SQL: SHOW COLUMNS FROM `procate` [ RunTime:0.007307s ]
SQL: SHOW COLUMNS FROM `products` [ RunTime:0.006992s ]
NOTIC: [8] Undefined index:  procate D:\enkjhost\mayning1\web\home\Lib\Action\IndexAction.class.php 第 175 行.
NOTIC: [8] Undefined index:  procate2 D:\enkjhost\mayning1\web\home\Lib\Action\IndexAction.class.php 第 176 行.
SQL: SELECT * FROM `procate` WHERE ( id=%d ) LIMIT 1   [ RunTime:0.000196s ]
ERR: 1064:You have an error in your SQL syntax; check the manual that corresponds to your MySQL server version for the right syntax to use near '%d ) LIMIT 1' at line 1
 [ SQL语句 ] : SELECT * FROM `procate` WHERE ( id=%d ) LIMIT 1  
SQL: SELECT * FROM `procate` WHERE ( id=%d ) LIMIT 1   [ RunTime:0.000176s ]
ERR: 1064:You have an error in your SQL syntax; check the manual that corresponds to your MySQL server version for the right syntax to use near '%d ) LIMIT 1' at line 1
 [ SQL语句 ] : SELECT * FROM `procate` WHERE ( id=%d ) LIMIT 1  
SQL: select count(*) as count from products a left join procate b on a.proid = b.id where 1=1 and a.enable=1 and b.enable=1  [ RunTime:0.000616s ]
SQL: select a.id,a.title,a.info,a.imgs,a.ctime from products a left join procate b on a.proid = b.id where 1=1 and a.enable=1 and b.enable=1  order by a.sorts desc limit 0,9 [ RunTime:0.000540s ]
SQL: SELECT * FROM `procate` WHERE (  enable =1 and pid=0  )  [ RunTime:0.000326s ]
NOTIC: [8] Undefined variable: cate2List D:\enkjhost\mayning1\web\home\Lib\Action\IndexAction.class.php 第 220 行.
INFO: [ view_parse ] --START--
INFO: ParseTemplate Behavior ::run [ RunTime:0.052095s ]
INFO: [ view_parse ] --END-- [ RunTime:0.052213s ]
INFO: [ view_filter ] --START--
INFO: ContentReplace Behavior ::run [ RunTime:0.002999s ]
INFO: TokenBuild Behavior ::run [ RunTime:0.002827s ]
INFO: WriteHtmlCache Behavior ::run [ RunTime:0.002546s ]
INFO: ShowRuntime Behavior ::run [ RunTime:0.003110s ]
INFO: [ view_filter ] --END-- [ RunTime:0.011741s ]
INFO: [ view_end ] --START--
INFO: ShowPageTrace Behavior ::run [ RunTime:0.003573s ]
INFO: [ view_end ] --END-- [ RunTime:0.003677s ]

[ 2014-10-22 06:57:54 ] 66.249.64.82 /index.php/Index/productInfo?id=120
INFO: [ route_check ] --START--
INFO: CheckRoute Behavior ::run [ RunTime:0.003115s ]
INFO: [ route_check ] --END-- [ RunTime:0.003200s ]
INFO: [ app_begin ] --START--
INFO: ReadHtmlCache Behavior ::run [ RunTime:0.001614s ]
INFO: [ app_begin ] --END-- [ RunTime:0.001685s ]
SQL: SHOW COLUMNS FROM `contents` [ RunTime:0.005639s ]
SQL: SELECT * FROM `contents` WHERE (  enable=1 and cateid=4  ) LIMIT 1   [ RunTime:0.000346s ]
SQL: SELECT * FROM `contents` WHERE (  enable=1 and cateid=1  ) LIMIT 1   [ RunTime:0.000255s ]
NOTIC: [8] Undefined index:  HTTP_ACCEPT_LANGUAGE D:\enkjhost\mayning1\web\home\Lib\Action\UtilAction.class.php 第 96 行.
SQL: SHOW COLUMNS FROM `visters` [ RunTime:0.006650s ]
SQL: INSERT INTO `visters` (`ctime`,`info`,`ip`,`page`) VALUES ('2014-10-22 06:57','美国 加利福尼亚 Mountain View、OtherEnglish系统、Other浏览器、','66.249.64.82','产品详情页面') [ RunTime:0.011578s ]
SQL: SHOW COLUMNS FROM `procate` [ RunTime:0.005807s ]
SQL: SHOW COLUMNS FROM `products` [ RunTime:0.006892s ]
NOTIC: [8] Undefined index:  procate D:\enkjhost\mayning1\web\home\Lib\Action\IndexAction.class.php 第 243 行.
NOTIC: [8] Undefined index:  procate2 D:\enkjhost\mayning1\web\home\Lib\Action\IndexAction.class.php 第 244 行.
SQL: SELECT * FROM `procate` WHERE ( id=%d ) LIMIT 1   [ RunTime:0.000186s ]
ERR: 1064:You have an error in your SQL syntax; check the manual that corresponds to your MySQL server version for the right syntax to use near '%d ) LIMIT 1' at line 1
 [ SQL语句 ] : SELECT * FROM `procate` WHERE ( id=%d ) LIMIT 1  
SQL: SELECT * FROM `procate` WHERE ( id=%d ) LIMIT 1   [ RunTime:0.000217s ]
ERR: 1064:You have an error in your SQL syntax; check the manual that corresponds to your MySQL server version for the right syntax to use near '%d ) LIMIT 1' at line 1
 [ SQL语句 ] : SELECT * FROM `procate` WHERE ( id=%d ) LIMIT 1  
SQL: SELECT * FROM `procate` WHERE (  enable =1 and pid=0  )  [ RunTime:0.000372s ]
SQL: SELECT * FROM `products` WHERE (  id=120 ) LIMIT 1   [ RunTime:0.000314s ]
SQL: SELECT * FROM `procate` WHERE ( id=37 ) LIMIT 1   [ RunTime:0.000266s ]
SQL: SELECT * FROM `procate` WHERE ( id=0 ) LIMIT 1   [ RunTime:0.000234s ]
INFO: [ view_parse ] --START--
INFO: ParseTemplate Behavior ::run [ RunTime:0.024917s ]
INFO: [ view_parse ] --END-- [ RunTime:0.025019s ]
INFO: [ view_filter ] --START--
INFO: ContentReplace Behavior ::run [ RunTime:0.001591s ]
INFO: TokenBuild Behavior ::run [ RunTime:0.002242s ]
INFO: WriteHtmlCache Behavior ::run [ RunTime:0.001985s ]
INFO: ShowRuntime Behavior ::run [ RunTime:0.001652s ]
INFO: [ view_filter ] --END-- [ RunTime:0.007681s ]
INFO: [ view_end ] --START--
INFO: ShowPageTrace Behavior ::run [ RunTime:0.002783s ]
INFO: [ view_end ] --END-- [ RunTime:0.002865s ]

[ 2014-10-22 08:28:22 ] 202.46.62.54 /index.php/Index/productInfo?id=33
INFO: [ route_check ] --START--
INFO: CheckRoute Behavior ::run [ RunTime:0.003994s ]
INFO: [ route_check ] --END-- [ RunTime:0.004110s ]
INFO: [ app_begin ] --START--
INFO: ReadHtmlCache Behavior ::run [ RunTime:0.002172s ]
INFO: [ app_begin ] --END-- [ RunTime:0.002269s ]
SQL: SHOW COLUMNS FROM `contents` [ RunTime:0.007281s ]
SQL: SELECT * FROM `contents` WHERE (  enable=1 and cateid=4  ) LIMIT 1   [ RunTime:0.000410s ]
SQL: SELECT * FROM `contents` WHERE (  enable=1 and cateid=1  ) LIMIT 1   [ RunTime:0.000337s ]
SQL: SHOW COLUMNS FROM `visters` [ RunTime:0.008529s ]
SQL: INSERT INTO `visters` (`ctime`,`info`,`ip`,`page`) VALUES ('2014-10-22 08:28','中国 广东 深圳、WindowsEnglish系统、Firefox浏览器、','202.46.62.54','产品详情页面') [ RunTime:0.009277s ]
SQL: SHOW COLUMNS FROM `procate` [ RunTime:0.006234s ]
SQL: SHOW COLUMNS FROM `products` [ RunTime:0.006285s ]
NOTIC: [8] Undefined index:  procate D:\enkjhost\mayning1\web\home\Lib\Action\IndexAction.class.php 第 243 行.
NOTIC: [8] Undefined index:  procate2 D:\enkjhost\mayning1\web\home\Lib\Action\IndexAction.class.php 第 244 行.
SQL: SELECT * FROM `procate` WHERE ( id=%d ) LIMIT 1   [ RunTime:0.000201s ]
ERR: 1064:You have an error in your SQL syntax; check the manual that corresponds to your MySQL server version for the right syntax to use near '%d ) LIMIT 1' at line 1
 [ SQL语句 ] : SELECT * FROM `procate` WHERE ( id=%d ) LIMIT 1  
SQL: SELECT * FROM `procate` WHERE ( id=%d ) LIMIT 1   [ RunTime:0.000157s ]
ERR: 1064:You have an error in your SQL syntax; check the manual that corresponds to your MySQL server version for the right syntax to use near '%d ) LIMIT 1' at line 1
 [ SQL语句 ] : SELECT * FROM `procate` WHERE ( id=%d ) LIMIT 1  
SQL: SELECT * FROM `procate` WHERE (  enable =1 and pid=0  )  [ RunTime:0.000388s ]
SQL: SELECT * FROM `products` WHERE (  id=33 ) LIMIT 1   [ RunTime:0.000350s ]
SQL: SELECT * FROM `procate` WHERE ( id=25 ) LIMIT 1   [ RunTime:0.000290s ]
SQL: SELECT * FROM `procate` WHERE ( id=0 ) LIMIT 1   [ RunTime:0.000234s ]
INFO: [ view_parse ] --START--
INFO: ParseTemplate Behavior ::run [ RunTime:0.038467s ]
INFO: [ view_parse ] --END-- [ RunTime:0.038584s ]
INFO: [ view_filter ] --START--
INFO: ContentReplace Behavior ::run [ RunTime:0.002861s ]
INFO: TokenBuild Behavior ::run [ RunTime:0.002865s ]
INFO: WriteHtmlCache Behavior ::run [ RunTime:0.002539s ]
INFO: ShowRuntime Behavior ::run [ RunTime:0.002999s ]
INFO: [ view_filter ] --END-- [ RunTime:0.011531s ]
INFO: [ view_end ] --START--
INFO: ShowPageTrace Behavior ::run [ RunTime:0.003419s ]
INFO: [ view_end ] --END-- [ RunTime:0.003519s ]

[ 2014-10-22 08:52:56 ] 66.249.64.86 /index.php/Index/news
INFO: [ route_check ] --START--
INFO: CheckRoute Behavior ::run [ RunTime:0.001895s ]
INFO: [ route_check ] --END-- [ RunTime:0.001982s ]
INFO: [ app_begin ] --START--
INFO: ReadHtmlCache Behavior ::run [ RunTime:0.001459s ]
INFO: [ app_begin ] --END-- [ RunTime:0.001531s ]
SQL: SHOW COLUMNS FROM `contents` [ RunTime:0.004446s ]
SQL: SELECT * FROM `contents` WHERE (  enable=1 and cateid=4  ) LIMIT 1   [ RunTime:0.000301s ]
SQL: SELECT * FROM `contents` WHERE (  enable=1 and cateid=1  ) LIMIT 1   [ RunTime:0.000270s ]
NOTIC: [8] Undefined index:  HTTP_ACCEPT_LANGUAGE D:\enkjhost\mayning1\web\home\Lib\Action\UtilAction.class.php 第 96 行.
SQL: SHOW COLUMNS FROM `visters` [ RunTime:0.006356s ]
SQL: INSERT INTO `visters` (`ctime`,`info`,`ip`,`page`) VALUES ('2014-10-22 08:52','美国 加利福尼亚 Mountain View、OtherEnglish系统、Other浏览器、','66.249.64.86','FAQ页面') [ RunTime:0.010783s ]
SQL: SHOW COLUMNS FROM `faqcate` [ RunTime:0.008695s ]
SQL: SHOW COLUMNS FROM `faqs` [ RunTime:0.006424s ]
NOTIC: [8] Undefined index:  faqcate D:\enkjhost\mayning1\web\home\Lib\Action\IndexAction.class.php 第 95 行.
SQL: SELECT * FROM `faqcate` WHERE ( enable=1  ) ORDER BY  sorts desc  [ RunTime:0.000328s ]
SQL: SELECT COUNT(*) AS tp_count FROM `faqs` WHERE (  1=1 and enable=1  ) LIMIT 1   [ RunTime:0.000306s ]
SQL: SELECT * FROM `faqs` WHERE (  1=1 and enable=1  ) ORDER BY sorts desc LIMIT 0,10   [ RunTime:0.000458s ]
INFO: [ view_parse ] --START--
INFO: ParseTemplate Behavior ::run [ RunTime:0.033672s ]
INFO: [ view_parse ] --END-- [ RunTime:0.033783s ]
INFO: [ view_filter ] --START--
INFO: ContentReplace Behavior ::run [ RunTime:0.002526s ]
INFO: TokenBuild Behavior ::run [ RunTime:0.002348s ]
INFO: WriteHtmlCache Behavior ::run [ RunTime:0.001897s ]
INFO: ShowRuntime Behavior ::run [ RunTime:0.001549s ]
INFO: [ view_filter ] --END-- [ RunTime:0.008555s ]
INFO: [ view_end ] --START--
INFO: ShowPageTrace Behavior ::run [ RunTime:0.002773s ]
INFO: [ view_end ] --END-- [ RunTime:0.002858s ]

[ 2014-10-22 09:07:52 ] 66.249.64.86 /index.php/Index/contact
INFO: [ route_check ] --START--
INFO: CheckRoute Behavior ::run [ RunTime:0.002230s ]
INFO: [ route_check ] --END-- [ RunTime:0.002325s ]
INFO: [ app_begin ] --START--
INFO: ReadHtmlCache Behavior ::run [ RunTime:0.001884s ]
INFO: [ app_begin ] --END-- [ RunTime:0.001965s ]
SQL: SHOW COLUMNS FROM `contents` [ RunTime:0.006473s ]
SQL: SELECT * FROM `contents` WHERE (  enable=1 and cateid=4  ) LIMIT 1   [ RunTime:0.000388s ]
SQL: SELECT * FROM `contents` WHERE (  enable=1 and cateid=1  ) LIMIT 1   [ RunTime:0.000316s ]
NOTIC: [8] Undefined index:  HTTP_ACCEPT_LANGUAGE D:\enkjhost\mayning1\web\home\Lib\Action\UtilAction.class.php 第 96 行.
SQL: SHOW COLUMNS FROM `visters` [ RunTime:0.005183s ]
SQL: INSERT INTO `visters` (`ctime`,`info`,`ip`,`page`) VALUES ('2014-10-22 09:07','美国 加利福尼亚 Mountain View、OtherEnglish系统、Other浏览器、','66.249.64.86','产品详情页面') [ RunTime:0.008979s ]
SQL: SELECT * FROM `contents` WHERE (  enable=1 and cateid=3  ) LIMIT 1   [ RunTime:0.000276s ]
INFO: [ view_parse ] --START--
INFO: ParseTemplate Behavior ::run [ RunTime:0.025818s ]
INFO: [ view_parse ] --END-- [ RunTime:0.025925s ]
INFO: [ view_filter ] --START--
INFO: ContentReplace Behavior ::run [ RunTime:0.001582s ]
INFO: TokenBuild Behavior ::run [ RunTime:0.002302s ]
INFO: WriteHtmlCache Behavior ::run [ RunTime:0.001999s ]
INFO: ShowRuntime Behavior ::run [ RunTime:0.001585s ]
INFO: [ view_filter ] --END-- [ RunTime:0.007690s ]
INFO: [ view_end ] --START--
INFO: ShowPageTrace Behavior ::run [ RunTime:0.001803s ]
INFO: [ view_end ] --END-- [ RunTime:0.001874s ]

[ 2014-10-22 10:05:42 ] 66.249.64.78 /index.php/Index/productInfo?id=114
INFO: [ route_check ] --START--
INFO: CheckRoute Behavior ::run [ RunTime:0.004301s ]
INFO: [ route_check ] --END-- [ RunTime:0.004419s ]
INFO: [ app_begin ] --START--
INFO: ReadHtmlCache Behavior ::run [ RunTime:0.003513s ]
INFO: [ app_begin ] --END-- [ RunTime:0.003612s ]
SQL: SHOW COLUMNS FROM `contents` [ RunTime:0.007016s ]
SQL: SELECT * FROM `contents` WHERE (  enable=1 and cateid=4  ) LIMIT 1   [ RunTime:0.000296s ]
SQL: SELECT * FROM `contents` WHERE (  enable=1 and cateid=1  ) LIMIT 1   [ RunTime:0.000242s ]
NOTIC: [8] Undefined index:  HTTP_ACCEPT_LANGUAGE D:\enkjhost\mayning1\web\home\Lib\Action\UtilAction.class.php 第 96 行.
SQL: SHOW COLUMNS FROM `visters` [ RunTime:0.005928s ]
SQL: INSERT INTO `visters` (`ctime`,`info`,`ip`,`page`) VALUES ('2014-10-22 10:05','美国 加利福尼亚 Mountain View、OtherEnglish系统、Other浏览器、','66.249.64.78','产品详情页面') [ RunTime:0.007879s ]
SQL: SHOW COLUMNS FROM `procate` [ RunTime:0.005815s ]
SQL: SHOW COLUMNS FROM `products` [ RunTime:0.004345s ]
NOTIC: [8] Undefined index:  procate D:\enkjhost\mayning1\web\home\Lib\Action\IndexAction.class.php 第 243 行.
NOTIC: [8] Undefined index:  procate2 D:\enkjhost\mayning1\web\home\Lib\Action\IndexAction.class.php 第 244 行.
SQL: SELECT * FROM `procate` WHERE ( id=%d ) LIMIT 1   [ RunTime:0.000149s ]
ERR: 1064:You have an error in your SQL syntax; check the manual that corresponds to your MySQL server version for the right syntax to use near '%d ) LIMIT 1' at line 1
 [ SQL语句 ] : SELECT * FROM `procate` WHERE ( id=%d ) LIMIT 1  
SQL: SELECT * FROM `procate` WHERE ( id=%d ) LIMIT 1   [ RunTime:0.000139s ]
ERR: 1064:You have an error in your SQL syntax; check the manual that corresponds to your MySQL server version for the right syntax to use near '%d ) LIMIT 1' at line 1
 [ SQL语句 ] : SELECT * FROM `procate` WHERE ( id=%d ) LIMIT 1  
SQL: SELECT * FROM `procate` WHERE (  enable =1 and pid=0  )  [ RunTime:0.000279s ]
SQL: SELECT * FROM `products` WHERE (  id=114 ) LIMIT 1   [ RunTime:0.000249s ]
SQL: SELECT * FROM `procate` WHERE ( id=31 ) LIMIT 1   [ RunTime:0.000197s ]
SQL: SELECT * FROM `procate` WHERE ( id=20 ) LIMIT 1   [ RunTime:0.000197s ]
INFO: [ view_parse ] --START--
INFO: ParseTemplate Behavior ::run [ RunTime:0.027616s ]
INFO: [ view_parse ] --END-- [ RunTime:0.027697s ]
INFO: [ view_filter ] --START--
INFO: ContentReplace Behavior ::run [ RunTime:0.002203s ]
INFO: TokenBuild Behavior ::run [ RunTime:0.002087s ]
INFO: WriteHtmlCache Behavior ::run [ RunTime:0.001880s ]
INFO: ShowRuntime Behavior ::run [ RunTime:0.002231s ]
INFO: [ view_filter ] --END-- [ RunTime:0.008579s ]
INFO: [ view_end ] --START--
INFO: ShowPageTrace Behavior ::run [ RunTime:0.002327s ]
INFO: [ view_end ] --END-- [ RunTime:0.002385s ]

[ 2014-10-22 11:23:09 ] 183.60.243.209 /index.php
INFO: [ app_begin ] --START--
INFO: ReadHtmlCache Behavior ::run [ RunTime:0.002327s ]
INFO: [ app_begin ] --END-- [ RunTime:0.002417s ]
SQL: SHOW COLUMNS FROM `contents` [ RunTime:0.006530s ]
SQL: SELECT * FROM `contents` WHERE (  enable=1 and cateid=4  ) LIMIT 1   [ RunTime:0.000462s ]
SQL: SELECT * FROM `contents` WHERE (  enable=1 and cateid=1  ) LIMIT 1   [ RunTime:0.000354s ]
NOTIC: [8] Undefined index:  HTTP_ACCEPT_LANGUAGE D:\enkjhost\mayning1\web\home\Lib\Action\UtilAction.class.php 第 96 行.
SQL: SHOW COLUMNS FROM `visters` [ RunTime:0.007305s ]
SQL: INSERT INTO `visters` (`ctime`,`info`,`ip`,`page`) VALUES ('2014-10-22 11:23','中国 广东 广州、WindowsEnglish系统、MSIE浏览器、','183.60.243.209','系统首页') [ RunTime:0.010971s ]
SQL: SHOW COLUMNS FROM `products` [ RunTime:0.005841s ]
SQL: SELECT * FROM `products` WHERE (  enable=1 and state=1  ) ORDER BY  sorts desc  [ RunTime:0.000924s ]
SQL: SELECT * FROM `products` WHERE (  enable=1 and state=2  ) ORDER BY  sorts desc  [ RunTime:0.000902s ]
INFO: [ view_parse ] --START--
INFO: ParseTemplate Behavior ::run [ RunTime:0.036258s ]
INFO: [ view_parse ] --END-- [ RunTime:0.036377s ]
INFO: [ view_filter ] --START--
INFO: ContentReplace Behavior ::run [ RunTime:0.002515s ]
INFO: TokenBuild Behavior ::run [ RunTime:0.002577s ]
INFO: WriteHtmlCache Behavior ::run [ RunTime:0.002367s ]
INFO: ShowRuntime Behavior ::run [ RunTime:0.002873s ]
INFO: [ view_filter ] --END-- [ RunTime:0.010594s ]
INFO: [ view_end ] --START--
INFO: ShowPageTrace Behavior ::run [ RunTime:0.003300s ]
INFO: [ view_end ] --END-- [ RunTime:0.003401s ]

[ 2014-10-22 11:43:10 ] 66.249.64.86 /index.php/Index/productInfo?id=58
INFO: [ route_check ] --START--
INFO: CheckRoute Behavior ::run [ RunTime:0.004015s ]
INFO: [ route_check ] --END-- [ RunTime:0.004130s ]
INFO: [ app_begin ] --START--
INFO: ReadHtmlCache Behavior ::run [ RunTime:0.003218s ]
INFO: [ app_begin ] --END-- [ RunTime:0.003312s ]
SQL: SHOW COLUMNS FROM `contents` [ RunTime:0.006260s ]
SQL: SELECT * FROM `contents` WHERE (  enable=1 and cateid=4  ) LIMIT 1   [ RunTime:0.000393s ]
SQL: SELECT * FROM `contents` WHERE (  enable=1 and cateid=1  ) LIMIT 1   [ RunTime:0.000355s ]
NOTIC: [8] Undefined index:  HTTP_ACCEPT_LANGUAGE D:\enkjhost\mayning1\web\home\Lib\Action\UtilAction.class.php 第 96 行.
SQL: SHOW COLUMNS FROM `visters` [ RunTime:0.007690s ]
SQL: INSERT INTO `visters` (`ctime`,`info`,`ip`,`page`) VALUES ('2014-10-22 11:43','美国 加利福尼亚 Mountain View、OtherEnglish系统、Other浏览器、','66.249.64.86','产品详情页面') [ RunTime:0.010660s ]
SQL: SHOW COLUMNS FROM `procate` [ RunTime:0.007810s ]
SQL: SHOW COLUMNS FROM `products` [ RunTime:0.006904s ]
NOTIC: [8] Undefined index:  procate D:\enkjhost\mayning1\web\home\Lib\Action\IndexAction.class.php 第 243 行.
NOTIC: [8] Undefined index:  procate2 D:\enkjhost\mayning1\web\home\Lib\Action\IndexAction.class.php 第 244 行.
SQL: SELECT * FROM `procate` WHERE ( id=%d ) LIMIT 1   [ RunTime:0.000249s ]
ERR: 1064:You have an error in your SQL syntax; check the manual that corresponds to your MySQL server version for the right syntax to use near '%d ) LIMIT 1' at line 1
 [ SQL语句 ] : SELECT * FROM `procate` WHERE ( id=%d ) LIMIT 1  
SQL: SELECT * FROM `procate` WHERE ( id=%d ) LIMIT 1   [ RunTime:0.000214s ]
ERR: 1064:You have an error in your SQL syntax; check the manual that corresponds to your MySQL server version for the right syntax to use near '%d ) LIMIT 1' at line 1
 [ SQL语句 ] : SELECT * FROM `procate` WHERE ( id=%d ) LIMIT 1  
SQL: SELECT * FROM `procate` WHERE (  enable =1 and pid=0  )  [ RunTime:0.000387s ]
SQL: SELECT * FROM `products` WHERE (  id=58 ) LIMIT 1   [ RunTime:0.000324s ]
SQL: SELECT * FROM `procate` WHERE ( id=21 ) LIMIT 1   [ RunTime:0.000257s ]
SQL: SELECT * FROM `procate` WHERE ( id=0 ) LIMIT 1   [ RunTime:0.000241s ]
INFO: [ view_parse ] --START--
INFO: ParseTemplate Behavior ::run [ RunTime:0.029953s ]
INFO: [ view_parse ] --END-- [ RunTime:0.030064s ]
INFO: [ view_filter ] --START--
INFO: ContentReplace Behavior ::run [ RunTime:0.003074s ]
INFO: TokenBuild Behavior ::run [ RunTime:0.002047s ]
INFO: WriteHtmlCache Behavior ::run [ RunTime:0.002657s ]
INFO: ShowRuntime Behavior ::run [ RunTime:0.002188s ]
INFO: [ view_filter ] --END-- [ RunTime:0.010229s ]
INFO: [ view_end ] --START--
INFO: ShowPageTrace Behavior ::run [ RunTime:0.003509s ]
INFO: [ view_end ] --END-- [ RunTime:0.003602s ]

[ 2014-10-22 12:37:06 ] 66.249.64.82 /index.php/Index/productInfo?id=109
INFO: [ route_check ] --START--
INFO: CheckRoute Behavior ::run [ RunTime:0.004008s ]
INFO: [ route_check ] --END-- [ RunTime:0.004122s ]
INFO: [ app_begin ] --START--
INFO: ReadHtmlCache Behavior ::run [ RunTime:0.003267s ]
INFO: [ app_begin ] --END-- [ RunTime:0.003367s ]
SQL: SHOW COLUMNS FROM `contents` [ RunTime:0.006479s ]
SQL: SELECT * FROM `contents` WHERE (  enable=1 and cateid=4  ) LIMIT 1   [ RunTime:0.000386s ]
SQL: SELECT * FROM `contents` WHERE (  enable=1 and cateid=1  ) LIMIT 1   [ RunTime:0.000302s ]
NOTIC: [8] Undefined index:  HTTP_ACCEPT_LANGUAGE D:\enkjhost\mayning1\web\home\Lib\Action\UtilAction.class.php 第 96 行.
SQL: SHOW COLUMNS FROM `visters` [ RunTime:0.004025s ]
SQL: INSERT INTO `visters` (`ctime`,`info`,`ip`,`page`) VALUES ('2014-10-22 12:37','美国 加利福尼亚 Mountain View、OtherEnglish系统、Other浏览器、','66.249.64.82','产品详情页面') [ RunTime:0.008965s ]
SQL: SHOW COLUMNS FROM `procate` [ RunTime:0.005401s ]
SQL: SHOW COLUMNS FROM `products` [ RunTime:0.005672s ]
NOTIC: [8] Undefined index:  procate D:\enkjhost\mayning1\web\home\Lib\Action\IndexAction.class.php 第 243 行.
NOTIC: [8] Undefined index:  procate2 D:\enkjhost\mayning1\web\home\Lib\Action\IndexAction.class.php 第 244 行.
SQL: SELECT * FROM `procate` WHERE ( id=%d ) LIMIT 1   [ RunTime:0.000203s ]
ERR: 1064:You have an error in your SQL syntax; check the manual that corresponds to your MySQL server version for the right syntax to use near '%d ) LIMIT 1' at line 1
 [ SQL语句 ] : SELECT * FROM `procate` WHERE ( id=%d ) LIMIT 1  
SQL: SELECT * FROM `procate` WHERE ( id=%d ) LIMIT 1   [ RunTime:0.000169s ]
ERR: 1064:You have an error in your SQL syntax; check the manual that corresponds to your MySQL server version for the right syntax to use near '%d ) LIMIT 1' at line 1
 [ SQL语句 ] : SELECT * FROM `procate` WHERE ( id=%d ) LIMIT 1  
SQL: SELECT * FROM `procate` WHERE (  enable =1 and pid=0  )  [ RunTime:0.000372s ]
SQL: SELECT * FROM `products` WHERE (  id=109 ) LIMIT 1   [ RunTime:0.000551s ]
SQL: SELECT * FROM `procate` WHERE ( id=30 ) LIMIT 1   [ RunTime:0.000254s ]
SQL: SELECT * FROM `procate` WHERE ( id=20 ) LIMIT 1   [ RunTime:0.000241s ]
INFO: [ view_parse ] --START--
INFO: ParseTemplate Behavior ::run [ RunTime:0.040318s ]
INFO: [ view_parse ] --END-- [ RunTime:0.040435s ]
INFO: [ view_filter ] --START--
INFO: ContentReplace Behavior ::run [ RunTime:0.003275s ]
INFO: TokenBuild Behavior ::run [ RunTime:0.002972s ]
INFO: WriteHtmlCache Behavior ::run [ RunTime:0.002697s ]
INFO: ShowRuntime Behavior ::run [ RunTime:0.003223s ]
INFO: [ view_filter ] --END-- [ RunTime:0.012444s ]
INFO: [ view_end ] --START--
INFO: ShowPageTrace Behavior ::run [ RunTime:0.003598s ]
INFO: [ view_end ] --END-- [ RunTime:0.003699s ]

[ 2014-10-22 13:22:35 ] 66.249.64.82 /index.php/Index/aboutUs
INFO: [ route_check ] --START--
INFO: CheckRoute Behavior ::run [ RunTime:0.003968s ]
INFO: [ route_check ] --END-- [ RunTime:0.004081s ]
INFO: [ app_begin ] --START--
INFO: ReadHtmlCache Behavior ::run [ RunTime:0.003266s ]
INFO: [ app_begin ] --END-- [ RunTime:0.003364s ]
SQL: SHOW COLUMNS FROM `contents` [ RunTime:0.006861s ]
SQL: SELECT * FROM `contents` WHERE (  enable=1 and cateid=4  ) LIMIT 1   [ RunTime:0.000449s ]
SQL: SELECT * FROM `contents` WHERE (  enable=1 and cateid=1  ) LIMIT 1   [ RunTime:0.000408s ]
NOTIC: [8] Undefined index:  HTTP_ACCEPT_LANGUAGE D:\enkjhost\mayning1\web\home\Lib\Action\UtilAction.class.php 第 96 行.
SQL: SHOW COLUMNS FROM `visters` [ RunTime:0.005759s ]
SQL: INSERT INTO `visters` (`ctime`,`info`,`ip`,`page`) VALUES ('2014-10-22 13:22','美国 加利福尼亚 Mountain View、OtherEnglish系统、Other浏览器、','66.249.64.82','关于我们页面') [ RunTime:0.010307s ]
SQL: SELECT * FROM `contents` WHERE (  enable=1 and cateid=2  ) LIMIT 1   [ RunTime:0.000354s ]
INFO: [ view_parse ] --START--
INFO: ParseTemplate Behavior ::run [ RunTime:0.034855s ]
INFO: [ view_parse ] --END-- [ RunTime:0.034991s ]
INFO: [ view_filter ] --START--
INFO: ContentReplace Behavior ::run [ RunTime:0.002981s ]
INFO: TokenBuild Behavior ::run [ RunTime:0.003038s ]
INFO: WriteHtmlCache Behavior ::run [ RunTime:0.002490s ]
INFO: ShowRuntime Behavior ::run [ RunTime:0.002749s ]
INFO: [ view_filter ] --END-- [ RunTime:0.011521s ]
INFO: [ view_end ] --START--
INFO: ShowPageTrace Behavior ::run [ RunTime:0.003123s ]
INFO: [ view_end ] --END-- [ RunTime:0.003201s ]

[ 2014-10-22 14:21:43 ] 61.135.190.103 /index.php
INFO: [ app_begin ] --START--
INFO: ReadHtmlCache Behavior ::run [ RunTime:0.003226s ]
INFO: [ app_begin ] --END-- [ RunTime:0.003341s ]
SQL: SHOW COLUMNS FROM `contents` [ RunTime:0.008240s ]
SQL: SELECT * FROM `contents` WHERE (  enable=1 and cateid=4  ) LIMIT 1   [ RunTime:0.000436s ]
SQL: SELECT * FROM `contents` WHERE (  enable=1 and cateid=1  ) LIMIT 1   [ RunTime:0.000341s ]
SQL: SHOW COLUMNS FROM `visters` [ RunTime:0.007916s ]
SQL: INSERT INTO `visters` (`ctime`,`info`,`ip`,`page`) VALUES ('2014-10-22 14:21','中国 北京 北京、WindowsEnglish系统、Firefox浏览器、','61.135.190.103','系统首页') [ RunTime:0.008898s ]
SQL: SHOW COLUMNS FROM `products` [ RunTime:0.007887s ]
SQL: SELECT * FROM `products` WHERE (  enable=1 and state=1  ) ORDER BY  sorts desc  [ RunTime:0.000920s ]
SQL: SELECT * FROM `products` WHERE (  enable=1 and state=2  ) ORDER BY  sorts desc  [ RunTime:0.000813s ]
INFO: [ view_parse ] --START--
INFO: ParseTemplate Behavior ::run [ RunTime:0.037697s ]
INFO: [ view_parse ] --END-- [ RunTime:0.037813s ]
INFO: [ view_filter ] --START--
INFO: ContentReplace Behavior ::run [ RunTime:0.002988s ]
INFO: TokenBuild Behavior ::run [ RunTime:0.002830s ]
INFO: WriteHtmlCache Behavior ::run [ RunTime:0.002323s ]
INFO: ShowRuntime Behavior ::run [ RunTime:0.002712s ]
INFO: [ view_filter ] --END-- [ RunTime:0.011095s ]
INFO: [ view_end ] --START--
INFO: ShowPageTrace Behavior ::run [ RunTime:0.003144s ]
INFO: [ view_end ] --END-- [ RunTime:0.003230s ]

[ 2014-10-22 14:54:15 ] 66.249.64.78 /index.php/Index/productInfo?id=114
INFO: [ route_check ] --START--
INFO: CheckRoute Behavior ::run [ RunTime:0.002901s ]
INFO: [ route_check ] --END-- [ RunTime:0.003001s ]
INFO: [ app_begin ] --START--
INFO: ReadHtmlCache Behavior ::run [ RunTime:0.002977s ]
INFO: [ app_begin ] --END-- [ RunTime:0.003066s ]
SQL: SHOW COLUMNS FROM `contents` [ RunTime:0.006129s ]
SQL: SELECT * FROM `contents` WHERE (  enable=1 and cateid=4  ) LIMIT 1   [ RunTime:0.000427s ]
SQL: SELECT * FROM `contents` WHERE (  enable=1 and cateid=1  ) LIMIT 1   [ RunTime:0.000335s ]
NOTIC: [8] Undefined index:  HTTP_ACCEPT_LANGUAGE D:\enkjhost\mayning1\web\home\Lib\Action\UtilAction.class.php 第 96 行.
SQL: SHOW COLUMNS FROM `visters` [ RunTime:0.006491s ]
SQL: INSERT INTO `visters` (`ctime`,`info`,`ip`,`page`) VALUES ('2014-10-22 14:54','美国 加利福尼亚 Mountain View、OtherEnglish系统、Other浏览器、','66.249.64.78','产品详情页面') [ RunTime:0.008222s ]
SQL: SHOW COLUMNS FROM `procate` [ RunTime:0.006027s ]
SQL: SHOW COLUMNS FROM `products` [ RunTime:0.005349s ]
NOTIC: [8] Undefined index:  procate D:\enkjhost\mayning1\web\home\Lib\Action\IndexAction.class.php 第 243 行.
NOTIC: [8] Undefined index:  procate2 D:\enkjhost\mayning1\web\home\Lib\Action\IndexAction.class.php 第 244 行.
SQL: SELECT * FROM `procate` WHERE ( id=%d ) LIMIT 1   [ RunTime:0.000255s ]
ERR: 1064:You have an error in your SQL syntax; check the manual that corresponds to your MySQL server version for the right syntax to use near '%d ) LIMIT 1' at line 1
 [ SQL语句 ] : SELECT * FROM `procate` WHERE ( id=%d ) LIMIT 1  
SQL: SELECT * FROM `procate` WHERE ( id=%d ) LIMIT 1   [ RunTime:0.000178s ]
ERR: 1064:You have an error in your SQL syntax; check the manual that corresponds to your MySQL server version for the right syntax to use near '%d ) LIMIT 1' at line 1
 [ SQL语句 ] : SELECT * FROM `procate` WHERE ( id=%d ) LIMIT 1  
SQL: SELECT * FROM `procate` WHERE (  enable =1 and pid=0  )  [ RunTime:0.000399s ]
SQL: SELECT * FROM `products` WHERE (  id=114 ) LIMIT 1   [ RunTime:0.000343s ]
SQL: SELECT * FROM `procate` WHERE ( id=31 ) LIMIT 1   [ RunTime:0.000235s ]
SQL: SELECT * FROM `procate` WHERE ( id=20 ) LIMIT 1   [ RunTime:0.000213s ]
INFO: [ view_parse ] --START--
INFO: ParseTemplate Behavior ::run [ RunTime:0.034925s ]
INFO: [ view_parse ] --END-- [ RunTime:0.035037s ]
INFO: [ view_filter ] --START--
INFO: ContentReplace Behavior ::run [ RunTime:0.001750s ]
INFO: TokenBuild Behavior ::run [ RunTime:0.002584s ]
INFO: WriteHtmlCache Behavior ::run [ RunTime:0.002276s ]
INFO: ShowRuntime Behavior ::run [ RunTime:0.001857s ]
INFO: [ view_filter ] --END-- [ RunTime:0.008714s ]
INFO: [ view_end ] --START--
INFO: ShowPageTrace Behavior ::run [ RunTime:0.002759s ]
INFO: [ view_end ] --END-- [ RunTime:0.002841s ]

[ 2014-10-22 15:34:30 ] 66.249.64.78 /index.php/Index/productInfo?id=33
INFO: [ route_check ] --START--
INFO: CheckRoute Behavior ::run [ RunTime:0.002049s ]
INFO: [ route_check ] --END-- [ RunTime:0.002138s ]
INFO: [ app_begin ] --START--
INFO: ReadHtmlCache Behavior ::run [ RunTime:0.002470s ]
INFO: [ app_begin ] --END-- [ RunTime:0.002544s ]
SQL: SHOW COLUMNS FROM `contents` [ RunTime:0.006574s ]
SQL: SELECT * FROM `contents` WHERE (  enable=1 and cateid=4  ) LIMIT 1   [ RunTime:0.000501s ]
SQL: SELECT * FROM `contents` WHERE (  enable=1 and cateid=1  ) LIMIT 1   [ RunTime:0.000363s ]
NOTIC: [8] Undefined index:  HTTP_ACCEPT_LANGUAGE D:\enkjhost\mayning1\web\home\Lib\Action\UtilAction.class.php 第 96 行.
SQL: SHOW COLUMNS FROM `visters` [ RunTime:0.010309s ]
SQL: INSERT INTO `visters` (`ctime`,`info`,`ip`,`page`) VALUES ('2014-10-22 15:34','美国 加利福尼亚 Mountain View、OtherEnglish系统、Other浏览器、','66.249.64.78','产品详情页面') [ RunTime:0.008188s ]
SQL: SHOW COLUMNS FROM `procate` [ RunTime:0.005707s ]
SQL: SHOW COLUMNS FROM `products` [ RunTime:0.005551s ]
NOTIC: [8] Undefined index:  procate D:\enkjhost\mayning1\web\home\Lib\Action\IndexAction.class.php 第 243 行.
NOTIC: [8] Undefined index:  procate2 D:\enkjhost\mayning1\web\home\Lib\Action\IndexAction.class.php 第 244 行.
SQL: SELECT * FROM `procate` WHERE ( id=%d ) LIMIT 1   [ RunTime:0.000180s ]
ERR: 1064:You have an error in your SQL syntax; check the manual that corresponds to your MySQL server version for the right syntax to use near '%d ) LIMIT 1' at line 1
 [ SQL语句 ] : SELECT * FROM `procate` WHERE ( id=%d ) LIMIT 1  
SQL: SELECT * FROM `procate` WHERE ( id=%d ) LIMIT 1   [ RunTime:0.000155s ]
ERR: 1064:You have an error in your SQL syntax; check the manual that corresponds to your MySQL server version for the right syntax to use near '%d ) LIMIT 1' at line 1
 [ SQL语句 ] : SELECT * FROM `procate` WHERE ( id=%d ) LIMIT 1  
SQL: SELECT * FROM `procate` WHERE (  enable =1 and pid=0  )  [ RunTime:0.000359s ]
SQL: SELECT * FROM `products` WHERE (  id=33 ) LIMIT 1   [ RunTime:0.000295s ]
SQL: SELECT * FROM `procate` WHERE ( id=25 ) LIMIT 1   [ RunTime:0.000247s ]
SQL: SELECT * FROM `procate` WHERE ( id=0 ) LIMIT 1   [ RunTime:0.000235s ]
INFO: [ view_parse ] --START--
INFO: ParseTemplate Behavior ::run [ RunTime:0.037206s ]
INFO: [ view_parse ] --END-- [ RunTime:0.037323s ]
INFO: [ view_filter ] --START--
INFO: ContentReplace Behavior ::run [ RunTime:0.002922s ]
INFO: TokenBuild Behavior ::run [ RunTime:0.002756s ]
INFO: WriteHtmlCache Behavior ::run [ RunTime:0.002514s ]
INFO: ShowRuntime Behavior ::run [ RunTime:0.003175s ]
INFO: [ view_filter ] --END-- [ RunTime:0.011621s ]
INFO: [ view_end ] --START--
INFO: ShowPageTrace Behavior ::run [ RunTime:0.003518s ]
INFO: [ view_end ] --END-- [ RunTime:0.003614s ]

[ 2014-10-22 16:41:28 ] 123.125.71.98 /index.php/Index/product?procate=37
INFO: [ route_check ] --START--
INFO: CheckRoute Behavior ::run [ RunTime:0.002672s ]
INFO: [ route_check ] --END-- [ RunTime:0.002775s ]
INFO: [ app_begin ] --START--
INFO: ReadHtmlCache Behavior ::run [ RunTime:0.003258s ]
INFO: [ app_begin ] --END-- [ RunTime:0.003356s ]
SQL: SHOW COLUMNS FROM `contents` [ RunTime:0.009890s ]
SQL: SELECT * FROM `contents` WHERE (  enable=1 and cateid=4  ) LIMIT 1   [ RunTime:0.000400s ]
SQL: SELECT * FROM `contents` WHERE (  enable=1 and cateid=1  ) LIMIT 1   [ RunTime:0.000319s ]
SQL: SHOW COLUMNS FROM `visters` [ RunTime:0.008535s ]
SQL: INSERT INTO `visters` (`ctime`,`info`,`ip`,`page`) VALUES ('2014-10-22 16:41','中国 北京 北京、Other简体中文系统、Other浏览器、','123.125.71.98','产品页面') [ RunTime:0.010478s ]
SQL: SHOW COLUMNS FROM `procate` [ RunTime:0.007909s ]
SQL: SHOW COLUMNS FROM `products` [ RunTime:0.007654s ]
NOTIC: [8] Undefined index:  procate2 D:\enkjhost\mayning1\web\home\Lib\Action\IndexAction.class.php 第 176 行.
SQL: SELECT * FROM `procate` WHERE ( id=37 ) LIMIT 1   [ RunTime:0.000367s ]
SQL: SELECT * FROM `procate` WHERE ( id=%d ) LIMIT 1   [ RunTime:0.000165s ]
ERR: 1064:You have an error in your SQL syntax; check the manual that corresponds to your MySQL server version for the right syntax to use near '%d ) LIMIT 1' at line 1
 [ SQL语句 ] : SELECT * FROM `procate` WHERE ( id=%d ) LIMIT 1  
SQL: SELECT * FROM `procate` WHERE ( pid=37 )  [ RunTime:0.000287s ]
SQL: select count(*) as count from products a left join procate b on a.proid = b.id where 1=1 and a.enable=1 and b.enable=1  and ( b.pid=37 or b.id=37) [ RunTime:0.000614s ]
SQL: select a.id,a.title,a.info,a.imgs,a.ctime from products a left join procate b on a.proid = b.id where 1=1 and a.enable=1 and b.enable=1  and ( b.pid=37 or b.id=37) order by a.sorts desc limit 0,9 [ RunTime:0.001082s ]
SQL: SELECT * FROM `procate` WHERE (  enable =1 and pid=0  )  [ RunTime:0.000322s ]
INFO: [ view_parse ] --START--
INFO: ParseTemplate Behavior ::run [ RunTime:0.037543s ]
INFO: [ view_parse ] --END-- [ RunTime:0.037660s ]
INFO: [ view_filter ] --START--
INFO: ContentReplace Behavior ::run [ RunTime:0.002886s ]
INFO: TokenBuild Behavior ::run [ RunTime:0.002781s ]
INFO: WriteHtmlCache Behavior ::run [ RunTime:0.002409s ]
INFO: ShowRuntime Behavior ::run [ RunTime:0.002911s ]
INFO: [ view_filter ] --END-- [ RunTime:0.011252s ]
INFO: [ view_end ] --START--
INFO: ShowPageTrace Behavior ::run [ RunTime:0.003408s ]
INFO: [ view_end ] --END-- [ RunTime:0.003505s ]

[ 2014-10-22 17:38:25 ] 61.135.189.171 /index.php/Index/aboutUs
INFO: [ route_check ] --START--
INFO: CheckRoute Behavior ::run [ RunTime:0.004002s ]
INFO: [ route_check ] --END-- [ RunTime:0.004118s ]
INFO: [ app_begin ] --START--
INFO: ReadHtmlCache Behavior ::run [ RunTime:0.003252s ]
INFO: [ app_begin ] --END-- [ RunTime:0.003352s ]
SQL: SHOW COLUMNS FROM `contents` [ RunTime:0.006305s ]
SQL: SELECT * FROM `contents` WHERE (  enable=1 and cateid=4  ) LIMIT 1   [ RunTime:0.000416s ]
SQL: SELECT * FROM `contents` WHERE (  enable=1 and cateid=1  ) LIMIT 1   [ RunTime:0.000346s ]
SQL: SHOW COLUMNS FROM `visters` [ RunTime:0.007124s ]
SQL: INSERT INTO `visters` (`ctime`,`info`,`ip`,`page`) VALUES ('2014-10-22 17:38','中国 北京 北京、Other简体中文系统、Other浏览器、','61.135.189.171','关于我们页面') [ RunTime:0.010303s ]
SQL: SELECT * FROM `contents` WHERE (  enable=1 and cateid=2  ) LIMIT 1   [ RunTime:0.000395s ]
INFO: [ view_parse ] --START--
INFO: ParseTemplate Behavior ::run [ RunTime:0.033892s ]
INFO: [ view_parse ] --END-- [ RunTime:0.034032s ]
INFO: [ view_filter ] --START--
INFO: ContentReplace Behavior ::run [ RunTime:0.002777s ]
INFO: TokenBuild Behavior ::run [ RunTime:0.002879s ]
INFO: WriteHtmlCache Behavior ::run [ RunTime:0.002481s ]
INFO: ShowRuntime Behavior ::run [ RunTime:0.003019s ]
INFO: [ view_filter ] --END-- [ RunTime:0.011447s ]
INFO: [ view_end ] --START--
INFO: ShowPageTrace Behavior ::run [ RunTime:0.003381s ]
INFO: [ view_end ] --END-- [ RunTime:0.003473s ]

[ 2014-10-22 17:38:56 ] 61.135.189.171 /index.php/Index/productInfo?id=129
INFO: [ route_check ] --START--
INFO: CheckRoute Behavior ::run [ RunTime:0.002017s ]
INFO: [ route_check ] --END-- [ RunTime:0.002104s ]
INFO: [ app_begin ] --START--
INFO: ReadHtmlCache Behavior ::run [ RunTime:0.001662s ]
INFO: [ app_begin ] --END-- [ RunTime:0.001737s ]
SQL: SHOW COLUMNS FROM `contents` [ RunTime:0.004269s ]
SQL: SELECT * FROM `contents` WHERE (  enable=1 and cateid=4  ) LIMIT 1   [ RunTime:0.000278s ]
SQL: SELECT * FROM `contents` WHERE (  enable=1 and cateid=1  ) LIMIT 1   [ RunTime:0.000196s ]
SQL: SHOW COLUMNS FROM `visters` [ RunTime:0.006487s ]
SQL: INSERT INTO `visters` (`ctime`,`info`,`ip`,`page`) VALUES ('2014-10-22 17:38','中国 北京 北京、Other简体中文系统、Other浏览器、','61.135.189.171','产品详情页面') [ RunTime:0.009988s ]
SQL: SHOW COLUMNS FROM `procate` [ RunTime:0.005731s ]
SQL: SHOW COLUMNS FROM `products` [ RunTime:0.005718s ]
NOTIC: [8] Undefined index:  procate D:\enkjhost\mayning1\web\home\Lib\Action\IndexAction.class.php 第 243 行.
NOTIC: [8] Undefined index:  procate2 D:\enkjhost\mayning1\web\home\Lib\Action\IndexAction.class.php 第 244 行.
SQL: SELECT * FROM `procate` WHERE ( id=%d ) LIMIT 1   [ RunTime:0.000250s ]
ERR: 1064:You have an error in your SQL syntax; check the manual that corresponds to your MySQL server version for the right syntax to use near '%d ) LIMIT 1' at line 1
 [ SQL语句 ] : SELECT * FROM `procate` WHERE ( id=%d ) LIMIT 1  
SQL: SELECT * FROM `procate` WHERE ( id=%d ) LIMIT 1   [ RunTime:0.000235s ]
ERR: 1064:You have an error in your SQL syntax; check the manual that corresponds to your MySQL server version for the right syntax to use near '%d ) LIMIT 1' at line 1
 [ SQL语句 ] : SELECT * FROM `procate` WHERE ( id=%d ) LIMIT 1  
SQL: SELECT * FROM `procate` WHERE (  enable =1 and pid=0  )  [ RunTime:0.000437s ]
SQL: SELECT * FROM `products` WHERE (  id=129 ) LIMIT 1   [ RunTime:0.000315s ]
SQL: SELECT * FROM `procate` WHERE ( id=37 ) LIMIT 1   [ RunTime:0.000274s ]
SQL: SELECT * FROM `procate` WHERE ( id=0 ) LIMIT 1   [ RunTime:0.000256s ]
INFO: [ view_parse ] --START--
INFO: ParseTemplate Behavior ::run [ RunTime:0.026534s ]
INFO: [ view_parse ] --END-- [ RunTime:0.026631s ]
INFO: [ view_filter ] --START--
INFO: ContentReplace Behavior ::run [ RunTime:0.001447s ]
INFO: TokenBuild Behavior ::run [ RunTime:0.001417s ]
INFO: WriteHtmlCache Behavior ::run [ RunTime:0.001277s ]
INFO: ShowRuntime Behavior ::run [ RunTime:0.001523s ]
INFO: [ view_filter ] --END-- [ RunTime:0.005855s ]
INFO: [ view_end ] --START--
INFO: ShowPageTrace Behavior ::run [ RunTime:0.001741s ]
INFO: [ view_end ] --END-- [ RunTime:0.001816s ]

[ 2014-10-22 17:39:26 ] 61.135.189.171 /index.php/Index/productInfo?id=106
INFO: [ route_check ] --START--
INFO: CheckRoute Behavior ::run [ RunTime:0.002053s ]
INFO: [ route_check ] --END-- [ RunTime:0.002142s ]
INFO: [ app_begin ] --START--
INFO: ReadHtmlCache Behavior ::run [ RunTime:0.001770s ]
INFO: [ app_begin ] --END-- [ RunTime:0.001845s ]
SQL: SHOW COLUMNS FROM `contents` [ RunTime:0.004630s ]
SQL: SELECT * FROM `contents` WHERE (  enable=1 and cateid=4  ) LIMIT 1   [ RunTime:0.000301s ]
SQL: SELECT * FROM `contents` WHERE (  enable=1 and cateid=1  ) LIMIT 1   [ RunTime:0.000203s ]
SQL: SHOW COLUMNS FROM `visters` [ RunTime:0.007086s ]
SQL: INSERT INTO `visters` (`ctime`,`info`,`ip`,`page`) VALUES ('2014-10-22 17:39','中国 北京 北京、Other简体中文系统、Other浏览器、','61.135.189.171','产品详情页面') [ RunTime:0.010943s ]
SQL: SHOW COLUMNS FROM `procate` [ RunTime:0.005612s ]
SQL: SHOW COLUMNS FROM `products` [ RunTime:0.005480s ]
NOTIC: [8] Undefined index:  procate D:\enkjhost\mayning1\web\home\Lib\Action\IndexAction.class.php 第 243 行.
NOTIC: [8] Undefined index:  procate2 D:\enkjhost\mayning1\web\home\Lib\Action\IndexAction.class.php 第 244 行.
SQL: SELECT * FROM `procate` WHERE ( id=%d ) LIMIT 1   [ RunTime:0.000253s ]
ERR: 1064:You have an error in your SQL syntax; check the manual that corresponds to your MySQL server version for the right syntax to use near '%d ) LIMIT 1' at line 1
 [ SQL语句 ] : SELECT * FROM `procate` WHERE ( id=%d ) LIMIT 1  
SQL: SELECT * FROM `procate` WHERE ( id=%d ) LIMIT 1   [ RunTime:0.000235s ]
ERR: 1064:You have an error in your SQL syntax; check the manual that corresponds to your MySQL server version for the right syntax to use near '%d ) LIMIT 1' at line 1
 [ SQL语句 ] : SELECT * FROM `procate` WHERE ( id=%d ) LIMIT 1  
SQL: SELECT * FROM `procate` WHERE (  enable =1 and pid=0  )  [ RunTime:0.000439s ]
SQL: SELECT * FROM `products` WHERE (  id=106 ) LIMIT 1   [ RunTime:0.000398s ]
SQL: SELECT * FROM `procate` WHERE ( id=31 ) LIMIT 1   [ RunTime:0.000329s ]
SQL: SELECT * FROM `procate` WHERE ( id=20 ) LIMIT 1   [ RunTime:0.000258s ]
INFO: [ view_parse ] --START--
INFO: ParseTemplate Behavior ::run [ RunTime:0.027370s ]
INFO: [ view_parse ] --END-- [ RunTime:0.027490s ]
INFO: [ view_filter ] --START--
INFO: ContentReplace Behavior ::run [ RunTime:0.002042s ]
INFO: TokenBuild Behavior ::run [ RunTime:0.001770s ]
INFO: WriteHtmlCache Behavior ::run [ RunTime:0.002151s ]
INFO: ShowRuntime Behavior ::run [ RunTime:0.001764s ]
INFO: [ view_filter ] --END-- [ RunTime:0.007960s ]
INFO: [ view_end ] --START--
INFO: ShowPageTrace Behavior ::run [ RunTime:0.001957s ]
INFO: [ view_end ] --END-- [ RunTime:0.002041s ]

[ 2014-10-22 17:40:31 ] 101.226.168.228 /index.php/Index/productInfo?id=31
INFO: [ route_check ] --START--
INFO: CheckRoute Behavior ::run [ RunTime:0.002071s ]
INFO: [ route_check ] --END-- [ RunTime:0.002158s ]
INFO: [ app_begin ] --START--
INFO: ReadHtmlCache Behavior ::run [ RunTime:0.001820s ]
INFO: [ app_begin ] --END-- [ RunTime:0.001893s ]
SQL: SHOW COLUMNS FROM `contents` [ RunTime:0.004551s ]
SQL: SELECT * FROM `contents` WHERE (  enable=1 and cateid=4  ) LIMIT 1   [ RunTime:0.000316s ]
SQL: SELECT * FROM `contents` WHERE (  enable=1 and cateid=1  ) LIMIT 1   [ RunTime:0.000225s ]
SQL: SHOW COLUMNS FROM `visters` [ RunTime:0.006656s ]
SQL: INSERT INTO `visters` (`ctime`,`info`,`ip`,`page`) VALUES ('2014-10-22 17:40','中国 上海 上海、Windows简体中文系统、Chrome浏览器、','101.226.168.228','产品详情页面') [ RunTime:0.008936s ]
SQL: SHOW COLUMNS FROM `procate` [ RunTime:0.006836s ]
SQL: SHOW COLUMNS FROM `products` [ RunTime:0.006372s ]
NOTIC: [8] Undefined index:  procate D:\enkjhost\mayning1\web\home\Lib\Action\IndexAction.class.php 第 243 行.
NOTIC: [8] Undefined index:  procate2 D:\enkjhost\mayning1\web\home\Lib\Action\IndexAction.class.php 第 244 行.
SQL: SELECT * FROM `procate` WHERE ( id=%d ) LIMIT 1   [ RunTime:0.000270s ]
ERR: 1064:You have an error in your SQL syntax; check the manual that corresponds to your MySQL server version for the right syntax to use near '%d ) LIMIT 1' at line 1
 [ SQL语句 ] : SELECT * FROM `procate` WHERE ( id=%d ) LIMIT 1  
SQL: SELECT * FROM `procate` WHERE ( id=%d ) LIMIT 1   [ RunTime:0.000251s ]
ERR: 1064:You have an error in your SQL syntax; check the manual that corresponds to your MySQL server version for the right syntax to use near '%d ) LIMIT 1' at line 1
 [ SQL语句 ] : SELECT * FROM `procate` WHERE ( id=%d ) LIMIT 1  
SQL: SELECT * FROM `procate` WHERE (  enable =1 and pid=0  )  [ RunTime:0.000450s ]
SQL: SELECT * FROM `products` WHERE (  id=31 ) LIMIT 1   [ RunTime:0.000405s ]
SQL: SELECT * FROM `procate` WHERE ( id=26 ) LIMIT 1   [ RunTime:0.000351s ]
SQL: SELECT * FROM `procate` WHERE ( id=0 ) LIMIT 1   [ RunTime:0.000326s ]
INFO: [ view_parse ] --START--
INFO: ParseTemplate Behavior ::run [ RunTime:0.027854s ]
INFO: [ view_parse ] --END-- [ RunTime:0.027966s ]
INFO: [ view_filter ] --START--
INFO: ContentReplace Behavior ::run [ RunTime:0.002008s ]
INFO: TokenBuild Behavior ::run [ RunTime:0.001844s ]
INFO: WriteHtmlCache Behavior ::run [ RunTime:0.001477s ]
INFO: ShowRuntime Behavior ::run [ RunTime:0.001747s ]
INFO: [ view_filter ] --END-- [ RunTime:0.007300s ]
INFO: [ view_end ] --START--
INFO: ShowPageTrace Behavior ::run [ RunTime:0.001995s ]
INFO: [ view_end ] --END-- [ RunTime:0.002078s ]

[ 2014-10-22 20:00:56 ] 66.249.64.82 /index.php
INFO: [ app_begin ] --START--
INFO: ReadHtmlCache Behavior ::run [ RunTime:0.002401s ]
INFO: [ app_begin ] --END-- [ RunTime:0.002489s ]
SQL: SHOW COLUMNS FROM `contents` [ RunTime:0.007330s ]
SQL: SELECT * FROM `contents` WHERE (  enable=1 and cateid=4  ) LIMIT 1   [ RunTime:0.000429s ]
SQL: SELECT * FROM `contents` WHERE (  enable=1 and cateid=1  ) LIMIT 1   [ RunTime:0.000355s ]
NOTIC: [8] Undefined index:  HTTP_ACCEPT_LANGUAGE D:\enkjhost\mayning1\web\home\Lib\Action\UtilAction.class.php 第 96 行.
SQL: SHOW COLUMNS FROM `visters` [ RunTime:0.007857s ]
SQL: INSERT INTO `visters` (`ctime`,`info`,`ip`,`page`) VALUES ('2014-10-22 20:00','美国 加利福尼亚 Mountain View、MACEnglish系统、Safari浏览器、','66.249.64.82','系统首页') [ RunTime:0.007942s ]
SQL: SHOW COLUMNS FROM `products` [ RunTime:0.006509s ]
SQL: SELECT * FROM `products` WHERE (  enable=1 and state=1  ) ORDER BY  sorts desc  [ RunTime:0.000966s ]
SQL: SELECT * FROM `products` WHERE (  enable=1 and state=2  ) ORDER BY  sorts desc  [ RunTime:0.000824s ]
INFO: [ view_parse ] --START--
INFO: ParseTemplate Behavior ::run [ RunTime:0.038305s ]
INFO: [ view_parse ] --END-- [ RunTime:0.038426s ]
INFO: [ view_filter ] --START--
INFO: ContentReplace Behavior ::run [ RunTime:0.002750s ]
INFO: TokenBuild Behavior ::run [ RunTime:0.002742s ]
INFO: WriteHtmlCache Behavior ::run [ RunTime:0.002364s ]
INFO: ShowRuntime Behavior ::run [ RunTime:0.003048s ]
INFO: [ view_filter ] --END-- [ RunTime:0.011178s ]
INFO: [ view_end ] --START--
INFO: ShowPageTrace Behavior ::run [ RunTime:0.003394s ]
INFO: [ view_end ] --END-- [ RunTime:0.003497s ]

[ 2014-10-22 20:40:00 ] 180.76.5.21 /index.php/Index/product?procate=&procate2=21
INFO: [ route_check ] --START--
INFO: CheckRoute Behavior ::run [ RunTime:0.003049s ]
INFO: [ route_check ] --END-- [ RunTime:0.003140s ]
INFO: [ app_begin ] --START--
INFO: ReadHtmlCache Behavior ::run [ RunTime:0.002461s ]
INFO: [ app_begin ] --END-- [ RunTime:0.002536s ]
SQL: SHOW COLUMNS FROM `contents` [ RunTime:0.005375s ]
SQL: SELECT * FROM `contents` WHERE (  enable=1 and cateid=4  ) LIMIT 1   [ RunTime:0.000448s ]
SQL: SELECT * FROM `contents` WHERE (  enable=1 and cateid=1  ) LIMIT 1   [ RunTime:0.000410s ]
SQL: SHOW COLUMNS FROM `visters` [ RunTime:0.007121s ]
SQL: INSERT INTO `visters` (`ctime`,`info`,`ip`,`page`) VALUES ('2014-10-22 20:40','中国 北京 北京、OtherEnglish系统、Other浏览器、','180.76.5.21','产品页面') [ RunTime:0.010748s ]
SQL: SHOW COLUMNS FROM `procate` [ RunTime:0.005017s ]
SQL: SHOW COLUMNS FROM `products` [ RunTime:0.004090s ]
SQL: SELECT * FROM `procate` WHERE ( id=0 ) LIMIT 1   [ RunTime:0.000227s ]
SQL: SELECT * FROM `procate` WHERE ( id=21 ) LIMIT 1   [ RunTime:0.000177s ]
SQL: select count(*) as count from products a left join procate b on a.proid = b.id where 1=1 and a.enable=1 and b.enable=1  [ RunTime:0.000435s ]
SQL: select a.id,a.title,a.info,a.imgs,a.ctime from products a left join procate b on a.proid = b.id where 1=1 and a.enable=1 and b.enable=1  order by a.sorts desc limit 0,9 [ RunTime:0.000401s ]
SQL: SELECT * FROM `procate` WHERE (  enable =1 and pid=0  )  [ RunTime:0.000254s ]
NOTIC: [8] Undefined variable: cate2List D:\enkjhost\mayning1\web\home\Lib\Action\IndexAction.class.php 第 220 行.
INFO: [ view_parse ] --START--
INFO: ParseTemplate Behavior ::run [ RunTime:0.034863s ]
INFO: [ view_parse ] --END-- [ RunTime:0.034973s ]
INFO: [ view_filter ] --START--
INFO: ContentReplace Behavior ::run [ RunTime:0.002843s ]
INFO: TokenBuild Behavior ::run [ RunTime:0.002772s ]
INFO: WriteHtmlCache Behavior ::run [ RunTime:0.002371s ]
INFO: ShowRuntime Behavior ::run [ RunTime:0.002106s ]
INFO: [ view_filter ] --END-- [ RunTime:0.010356s ]
INFO: [ view_end ] --START--
INFO: ShowPageTrace Behavior ::run [ RunTime:0.003481s ]
INFO: [ view_end ] --END-- [ RunTime:0.003577s ]

[ 2014-10-22 23:03:35 ] 123.125.71.53 /index.php/Index/product?procate=19
INFO: [ route_check ] --START--
INFO: CheckRoute Behavior ::run [ RunTime:0.003950s ]
INFO: [ route_check ] --END-- [ RunTime:0.004070s ]
INFO: [ app_begin ] --START--
INFO: ReadHtmlCache Behavior ::run [ RunTime:0.003084s ]
INFO: [ app_begin ] --END-- [ RunTime:0.003179s ]
SQL: SHOW COLUMNS FROM `contents` [ RunTime:0.007309s ]
SQL: SELECT * FROM `contents` WHERE (  enable=1 and cateid=4  ) LIMIT 1   [ RunTime:0.000436s ]
SQL: SELECT * FROM `contents` WHERE (  enable=1 and cateid=1  ) LIMIT 1   [ RunTime:0.000339s ]
SQL: SHOW COLUMNS FROM `visters` [ RunTime:0.006514s ]
SQL: INSERT INTO `visters` (`ctime`,`info`,`ip`,`page`) VALUES ('2014-10-22 23:03','中国 北京 北京、Other简体中文系统、Other浏览器、','123.125.71.53','产品页面') [ RunTime:0.012137s ]
SQL: SHOW COLUMNS FROM `procate` [ RunTime:0.006701s ]
SQL: SHOW COLUMNS FROM `products` [ RunTime:0.006421s ]
NOTIC: [8] Undefined index:  procate2 D:\enkjhost\mayning1\web\home\Lib\Action\IndexAction.class.php 第 176 行.
SQL: SELECT * FROM `procate` WHERE ( id=19 ) LIMIT 1   [ RunTime:0.000364s ]
SQL: SELECT * FROM `procate` WHERE ( id=%d ) LIMIT 1   [ RunTime:0.000200s ]
ERR: 1064:You have an error in your SQL syntax; check the manual that corresponds to your MySQL server version for the right syntax to use near '%d ) LIMIT 1' at line 1
 [ SQL语句 ] : SELECT * FROM `procate` WHERE ( id=%d ) LIMIT 1  
SQL: SELECT * FROM `procate` WHERE ( pid=19 )  [ RunTime:0.000321s ]
SQL: select count(*) as count from products a left join procate b on a.proid = b.id where 1=1 and a.enable=1 and b.enable=1  and ( b.pid=19 or b.id=19) [ RunTime:0.000651s ]
SQL: select a.id,a.title,a.info,a.imgs,a.ctime from products a left join procate b on a.proid = b.id where 1=1 and a.enable=1 and b.enable=1  and ( b.pid=19 or b.id=19) order by a.sorts desc limit 0,9 [ RunTime:0.001122s ]
SQL: SELECT * FROM `procate` WHERE (  enable =1 and pid=0  )  [ RunTime:0.000353s ]
INFO: [ view_parse ] --START--
INFO: ParseTemplate Behavior ::run [ RunTime:0.044733s ]
INFO: [ view_parse ] --END-- [ RunTime:0.044849s ]
INFO: [ view_filter ] --START--
INFO: ContentReplace Behavior ::run [ RunTime:0.002879s ]
INFO: TokenBuild Behavior ::run [ RunTime:0.003023s ]
INFO: WriteHtmlCache Behavior ::run [ RunTime:0.002603s ]
INFO: ShowRuntime Behavior ::run [ RunTime:0.003186s ]
INFO: [ view_filter ] --END-- [ RunTime:0.011958s ]
INFO: [ view_end ] --START--
INFO: ShowPageTrace Behavior ::run [ RunTime:0.003529s ]
INFO: [ view_end ] --END-- [ RunTime:0.003624s ]

[ 2014-10-22 23:10:57 ] 66.249.64.86 /index.php
INFO: [ app_begin ] --START--
INFO: ReadHtmlCache Behavior ::run [ RunTime:0.001683s ]
INFO: [ app_begin ] --END-- [ RunTime:0.001769s ]
SQL: SHOW COLUMNS FROM `contents` [ RunTime:0.005310s ]
SQL: SELECT * FROM `contents` WHERE (  enable=1 and cateid=4  ) LIMIT 1   [ RunTime:0.000311s ]
SQL: SELECT * FROM `contents` WHERE (  enable=1 and cateid=1  ) LIMIT 1   [ RunTime:0.000339s ]
NOTIC: [8] Undefined index:  HTTP_ACCEPT_LANGUAGE D:\enkjhost\mayning1\web\home\Lib\Action\UtilAction.class.php 第 96 行.
SQL: SHOW COLUMNS FROM `visters` [ RunTime:0.006735s ]
SQL: INSERT INTO `visters` (`ctime`,`info`,`ip`,`page`) VALUES ('2014-10-22 23:10','美国 加利福尼亚 Mountain View、OtherEnglish系统、Other浏览器、','66.249.64.86','系统首页') [ RunTime:0.008074s ]
SQL: SHOW COLUMNS FROM `products` [ RunTime:0.006087s ]
SQL: SELECT * FROM `products` WHERE (  enable=1 and state=1  ) ORDER BY  sorts desc  [ RunTime:0.001181s ]
SQL: SELECT * FROM `products` WHERE (  enable=1 and state=2  ) ORDER BY  sorts desc  [ RunTime:0.001072s ]
INFO: [ view_parse ] --START--
INFO: ParseTemplate Behavior ::run [ RunTime:0.027140s ]
INFO: [ view_parse ] --END-- [ RunTime:0.027244s ]
INFO: [ view_filter ] --START--
INFO: ContentReplace Behavior ::run [ RunTime:0.001645s ]
INFO: TokenBuild Behavior ::run [ RunTime:0.001602s ]
INFO: WriteHtmlCache Behavior ::run [ RunTime:0.001448s ]
INFO: ShowRuntime Behavior ::run [ RunTime:0.001719s ]
INFO: [ view_filter ] --END-- [ RunTime:0.006629s ]
INFO: [ view_end ] --START--
INFO: ShowPageTrace Behavior ::run [ RunTime:0.001945s ]
INFO: [ view_end ] --END-- [ RunTime:0.002027s ]

