[ 2014-12-22 00:32:35 ] 123.125.71.103 /index.php/Index/product?procate=24
INFO: [ route_check ] --START--
INFO: CheckRoute Behavior ::run [ RunTime:0.008831s ]
INFO: [ route_check ] --END-- [ RunTime:0.008951s ]
INFO: [ app_begin ] --START--
INFO: ReadHtmlCache Behavior ::run [ RunTime:0.007912s ]
INFO: [ app_begin ] --END-- [ RunTime:0.008014s ]
SQL: SHOW COLUMNS FROM `contents` [ RunTime:0.035596s ]
SQL: SELECT * FROM `contents` WHERE (  enable=1 and cateid=4  ) LIMIT 1   [ RunTime:0.000410s ]
SQL: SELECT * FROM `contents` WHERE (  enable=1 and cateid=1  ) LIMIT 1   [ RunTime:0.000326s ]
SQL: SHOW COLUMNS FROM `visters` [ RunTime:0.028697s ]
SQL: INSERT INTO `visters` (`ctime`,`info`,`ip`,`page`) VALUES ('2014-12-22 00:32','中国 北京 北京、Other简体中文系统、Other浏览器、','123.125.71.103','产品页面') [ RunTime:0.010723s ]
SQL: SHOW COLUMNS FROM `procate` [ RunTime:0.030898s ]
SQL: SHOW COLUMNS FROM `products` [ RunTime:0.032307s ]
NOTIC: [8] Undefined index:  procate2 D:\enkjhost\mayning1\web\home\Lib\Action\IndexAction.class.php 第 176 行.
SQL: SELECT * FROM `procate` WHERE ( id=24 ) LIMIT 1   [ RunTime:0.000370s ]
SQL: SELECT * FROM `procate` WHERE ( id=%d ) LIMIT 1   [ RunTime:0.000195s ]
ERR: 1064:You have an error in your SQL syntax; check the manual that corresponds to your MySQL server version for the right syntax to use near '%d ) LIMIT 1' at line 1
 [ SQL语句 ] : SELECT * FROM `procate` WHERE ( id=%d ) LIMIT 1  
SQL: SELECT * FROM `procate` WHERE ( pid=24 )  [ RunTime:0.000324s ]
SQL: select count(*) as count from products a left join procate b on a.proid = b.id where 1=1 and a.enable=1 and b.enable=1  and ( b.pid=24 or b.id=24) [ RunTime:0.000601s ]
SQL: select a.id,a.title,a.info,a.imgs,a.ctime from products a left join procate b on a.proid = b.id where 1=1 and a.enable=1 and b.enable=1  and ( b.pid=24 or b.id=24) order by a.sorts desc limit 0,9 [ RunTime:0.001058s ]
SQL: SELECT * FROM `procate` WHERE (  enable =1 and pid=0   ) ORDER BY  sorts desc  [ RunTime:0.000443s ]
INFO: [ view_parse ] --START--
INFO: ParseTemplate Behavior ::run [ RunTime:0.095171s ]
INFO: [ view_parse ] --END-- [ RunTime:0.095301s ]
INFO: [ view_filter ] --START--
INFO: ContentReplace Behavior ::run [ RunTime:0.007809s ]
INFO: TokenBuild Behavior ::run [ RunTime:0.007869s ]
INFO: WriteHtmlCache Behavior ::run [ RunTime:0.007539s ]
INFO: ShowRuntime Behavior ::run [ RunTime:0.008049s ]
INFO: [ view_filter ] --END-- [ RunTime:0.031537s ]
INFO: [ view_end ] --START--
INFO: ShowPageTrace Behavior ::run [ RunTime:0.008537s ]
INFO: [ view_end ] --END-- [ RunTime:0.008640s ]

[ 2014-12-22 01:32:59 ] 180.76.6.155 /index.php/Index/productInfo?id=30
INFO: [ route_check ] --START--
INFO: CheckRoute Behavior ::run [ RunTime:0.008474s ]
INFO: [ route_check ] --END-- [ RunTime:0.008604s ]
INFO: [ app_begin ] --START--
INFO: ReadHtmlCache Behavior ::run [ RunTime:0.008147s ]
INFO: [ app_begin ] --END-- [ RunTime:0.008257s ]
SQL: SHOW COLUMNS FROM `contents` [ RunTime:0.010705s ]
SQL: SELECT * FROM `contents` WHERE (  enable=1 and cateid=4  ) LIMIT 1   [ RunTime:0.000290s ]
SQL: SELECT * FROM `contents` WHERE (  enable=1 and cateid=1  ) LIMIT 1   [ RunTime:0.000216s ]
SQL: SHOW COLUMNS FROM `visters` [ RunTime:0.015289s ]
SQL: INSERT INTO `visters` (`ctime`,`info`,`ip`,`page`) VALUES ('2014-12-22 01:32','中国 北京 北京、OtherEnglish系统、Other浏览器、','180.76.6.155','产品详情页面') [ RunTime:0.011285s ]
SQL: SHOW COLUMNS FROM `procate` [ RunTime:0.013307s ]
SQL: SHOW COLUMNS FROM `products` [ RunTime:0.013860s ]
NOTIC: [8] Undefined index:  procate D:\enkjhost\mayning1\web\home\Lib\Action\IndexAction.class.php 第 243 行.
NOTIC: [8] Undefined index:  procate2 D:\enkjhost\mayning1\web\home\Lib\Action\IndexAction.class.php 第 244 行.
SQL: SELECT * FROM `procate` WHERE ( id=%d ) LIMIT 1   [ RunTime:0.000245s ]
ERR: 1064:You have an error in your SQL syntax; check the manual that corresponds to your MySQL server version for the right syntax to use near '%d ) LIMIT 1' at line 1
 [ SQL语句 ] : SELECT * FROM `procate` WHERE ( id=%d ) LIMIT 1  
SQL: SELECT * FROM `procate` WHERE ( id=%d ) LIMIT 1   [ RunTime:0.000223s ]
ERR: 1064:You have an error in your SQL syntax; check the manual that corresponds to your MySQL server version for the right syntax to use near '%d ) LIMIT 1' at line 1
 [ SQL语句 ] : SELECT * FROM `procate` WHERE ( id=%d ) LIMIT 1  
SQL: SELECT * FROM `procate` WHERE (  enable =1 and pid=0  ) ORDER BY  sorts desc  [ RunTime:0.000577s ]
SQL: SELECT * FROM `products` WHERE (  id=30 ) LIMIT 1   [ RunTime:0.000388s ]
SQL: SELECT * FROM `procate` WHERE ( id=26 ) LIMIT 1   [ RunTime:0.000334s ]
SQL: SELECT * FROM `procate` WHERE ( id=0 ) LIMIT 1   [ RunTime:0.000313s ]
INFO: [ view_parse ] --START--
INFO: ParseTemplate Behavior ::run [ RunTime:0.085104s ]
INFO: [ view_parse ] --END-- [ RunTime:0.085216s ]
INFO: [ view_filter ] --START--
INFO: ContentReplace Behavior ::run [ RunTime:0.006277s ]
INFO: TokenBuild Behavior ::run [ RunTime:0.006406s ]
INFO: WriteHtmlCache Behavior ::run [ RunTime:0.005881s ]
INFO: ShowRuntime Behavior ::run [ RunTime:0.007179s ]
INFO: [ view_filter ] --END-- [ RunTime:0.025974s ]
INFO: [ view_end ] --START--
INFO: ShowPageTrace Behavior ::run [ RunTime:0.008157s ]
INFO: [ view_end ] --END-- [ RunTime:0.008290s ]

[ 2014-12-22 01:47:23 ] 123.125.71.50 /index.php
INFO: [ app_begin ] --START--
INFO: ReadHtmlCache Behavior ::run [ RunTime:0.006754s ]
INFO: [ app_begin ] --END-- [ RunTime:0.006854s ]
SQL: SHOW COLUMNS FROM `contents` [ RunTime:0.027550s ]
SQL: SELECT * FROM `contents` WHERE (  enable=1 and cateid=4  ) LIMIT 1   [ RunTime:0.000411s ]
SQL: SELECT * FROM `contents` WHERE (  enable=1 and cateid=1  ) LIMIT 1   [ RunTime:0.000309s ]
SQL: SHOW COLUMNS FROM `visters` [ RunTime:0.028843s ]
SQL: INSERT INTO `visters` (`ctime`,`info`,`ip`,`page`) VALUES ('2014-12-22 01:47','中国 北京 北京、Other简体中文系统、Other浏览器、','123.125.71.50','系统首页') [ RunTime:0.010175s ]
SQL: SHOW COLUMNS FROM `products` [ RunTime:0.027809s ]
SQL: SELECT * FROM `products` WHERE (  enable=1 and state=1  ) ORDER BY  sorts desc  [ RunTime:0.001139s ]
SQL: SELECT * FROM `products` WHERE (  enable=1 and state=2  ) ORDER BY  sorts desc  [ RunTime:0.000588s ]
INFO: [ view_parse ] --START--
INFO: ParseTemplate Behavior ::run [ RunTime:0.081122s ]
INFO: [ view_parse ] --END-- [ RunTime:0.081246s ]
INFO: [ view_filter ] --START--
INFO: ContentReplace Behavior ::run [ RunTime:0.005533s ]
INFO: TokenBuild Behavior ::run [ RunTime:0.006400s ]
INFO: WriteHtmlCache Behavior ::run [ RunTime:0.005030s ]
INFO: ShowRuntime Behavior ::run [ RunTime:0.006603s ]
INFO: [ view_filter ] --END-- [ RunTime:0.023793s ]
INFO: [ view_end ] --START--
INFO: ShowPageTrace Behavior ::run [ RunTime:0.005663s ]
INFO: [ view_end ] --END-- [ RunTime:0.005744s ]

[ 2014-12-22 02:23:40 ] 188.165.15.13 /index.php/Index/product
INFO: [ route_check ] --START--
INFO: CheckRoute Behavior ::run [ RunTime:0.006040s ]
INFO: [ route_check ] --END-- [ RunTime:0.006136s ]
INFO: [ app_begin ] --START--
INFO: ReadHtmlCache Behavior ::run [ RunTime:0.005599s ]
INFO: [ app_begin ] --END-- [ RunTime:0.005672s ]
SQL: SHOW COLUMNS FROM `contents` [ RunTime:0.008114s ]
SQL: SELECT * FROM `contents` WHERE (  enable=1 and cateid=4  ) LIMIT 1   [ RunTime:0.000262s ]
SQL: SELECT * FROM `contents` WHERE (  enable=1 and cateid=1  ) LIMIT 1   [ RunTime:0.000185s ]
NOTIC: [8] Undefined index:  HTTP_ACCEPT_LANGUAGE D:\enkjhost\mayning1\web\home\Lib\Action\UtilAction.class.php 第 96 行.
SQL: SHOW COLUMNS FROM `visters` [ RunTime:0.006838s ]
SQL: INSERT INTO `visters` (`ctime`,`info`,`ip`,`page`) VALUES ('2014-12-22 02:23','法国  、OtherEnglish系统、Other浏览器、','188.165.15.13','产品页面') [ RunTime:0.009577s ]
SQL: SHOW COLUMNS FROM `procate` [ RunTime:0.006811s ]
SQL: SHOW COLUMNS FROM `products` [ RunTime:0.006849s ]
NOTIC: [8] Undefined index:  procate D:\enkjhost\mayning1\web\home\Lib\Action\IndexAction.class.php 第 175 行.
NOTIC: [8] Undefined index:  procate2 D:\enkjhost\mayning1\web\home\Lib\Action\IndexAction.class.php 第 176 行.
SQL: SELECT * FROM `procate` WHERE ( id=%d ) LIMIT 1   [ RunTime:0.000150s ]
ERR: 1064:You have an error in your SQL syntax; check the manual that corresponds to your MySQL server version for the right syntax to use near '%d ) LIMIT 1' at line 1
 [ SQL语句 ] : SELECT * FROM `procate` WHERE ( id=%d ) LIMIT 1  
SQL: SELECT * FROM `procate` WHERE ( id=%d ) LIMIT 1   [ RunTime:0.000134s ]
ERR: 1064:You have an error in your SQL syntax; check the manual that corresponds to your MySQL server version for the right syntax to use near '%d ) LIMIT 1' at line 1
 [ SQL语句 ] : SELECT * FROM `procate` WHERE ( id=%d ) LIMIT 1  
SQL: select count(*) as count from products a left join procate b on a.proid = b.id where 1=1 and a.enable=1 and b.enable=1  [ RunTime:0.000370s ]
SQL: select a.id,a.title,a.info,a.imgs,a.ctime from products a left join procate b on a.proid = b.id where 1=1 and a.enable=1 and b.enable=1  order by a.sorts desc limit 0,9 [ RunTime:0.000288s ]
SQL: SELECT * FROM `procate` WHERE (  enable =1 and pid=0   ) ORDER BY  sorts desc  [ RunTime:0.000220s ]
NOTIC: [8] Undefined variable: cate2List D:\enkjhost\mayning1\web\home\Lib\Action\IndexAction.class.php 第 220 行.
INFO: [ view_parse ] --START--
INFO: ParseTemplate Behavior ::run [ RunTime:0.039794s ]
INFO: [ view_parse ] --END-- [ RunTime:0.039857s ]
INFO: [ view_filter ] --START--
INFO: ContentReplace Behavior ::run [ RunTime:0.003356s ]
INFO: TokenBuild Behavior ::run [ RunTime:0.003225s ]
INFO: WriteHtmlCache Behavior ::run [ RunTime:0.003149s ]
INFO: ShowRuntime Behavior ::run [ RunTime:0.003212s ]
INFO: [ view_filter ] --END-- [ RunTime:0.013072s ]
INFO: [ view_end ] --START--
INFO: ShowPageTrace Behavior ::run [ RunTime:0.004084s ]
INFO: [ view_end ] --END-- [ RunTime:0.004137s ]

[ 2014-12-22 02:31:12 ] 203.208.60.225 /index.php/Index/productInfo?id=118
INFO: [ route_check ] --START--
INFO: CheckRoute Behavior ::run [ RunTime:0.003701s ]
INFO: [ route_check ] --END-- [ RunTime:0.003757s ]
INFO: [ app_begin ] --START--
INFO: ReadHtmlCache Behavior ::run [ RunTime:0.003336s ]
INFO: [ app_begin ] --END-- [ RunTime:0.003381s ]
SQL: SHOW COLUMNS FROM `contents` [ RunTime:0.005915s ]
SQL: SELECT * FROM `contents` WHERE (  enable=1 and cateid=4  ) LIMIT 1   [ RunTime:0.000185s ]
SQL: SELECT * FROM `contents` WHERE (  enable=1 and cateid=1  ) LIMIT 1   [ RunTime:0.000122s ]
NOTIC: [8] Undefined index:  HTTP_ACCEPT_LANGUAGE D:\enkjhost\mayning1\web\home\Lib\Action\UtilAction.class.php 第 96 行.
SQL: SHOW COLUMNS FROM `visters` [ RunTime:0.007011s ]
SQL: INSERT INTO `visters` (`ctime`,`info`,`ip`,`page`) VALUES ('2014-12-22 02:31','中国 北京 北京、MACEnglish系统、Safari浏览器、','203.208.60.225','产品详情页面') [ RunTime:0.010498s ]
SQL: SHOW COLUMNS FROM `procate` [ RunTime:0.006932s ]
SQL: SHOW COLUMNS FROM `products` [ RunTime:0.006594s ]
NOTIC: [8] Undefined index:  procate D:\enkjhost\mayning1\web\home\Lib\Action\IndexAction.class.php 第 243 行.
NOTIC: [8] Undefined index:  procate2 D:\enkjhost\mayning1\web\home\Lib\Action\IndexAction.class.php 第 244 行.
SQL: SELECT * FROM `procate` WHERE ( id=%d ) LIMIT 1   [ RunTime:0.000093s ]
ERR: 1064:You have an error in your SQL syntax; check the manual that corresponds to your MySQL server version for the right syntax to use near '%d ) LIMIT 1' at line 1
 [ SQL语句 ] : SELECT * FROM `procate` WHERE ( id=%d ) LIMIT 1  
SQL: SELECT * FROM `procate` WHERE ( id=%d ) LIMIT 1   [ RunTime:0.000073s ]
ERR: 1064:You have an error in your SQL syntax; check the manual that corresponds to your MySQL server version for the right syntax to use near '%d ) LIMIT 1' at line 1
 [ SQL语句 ] : SELECT * FROM `procate` WHERE ( id=%d ) LIMIT 1  
SQL: SELECT * FROM `procate` WHERE (  enable =1 and pid=0  ) ORDER BY  sorts desc  [ RunTime:0.000258s ]
SQL: SELECT * FROM `products` WHERE (  id=118 ) LIMIT 1   [ RunTime:0.000156s ]
SQL: SELECT * FROM `procate` WHERE ( id=31 ) LIMIT 1   [ RunTime:0.000115s ]
SQL: SELECT * FROM `procate` WHERE ( id=20 ) LIMIT 1   [ RunTime:0.000115s ]
INFO: [ view_parse ] --START--
INFO: ParseTemplate Behavior ::run [ RunTime:0.035126s ]
INFO: [ view_parse ] --END-- [ RunTime:0.035188s ]
INFO: [ view_filter ] --START--
INFO: ContentReplace Behavior ::run [ RunTime:0.003157s ]
INFO: TokenBuild Behavior ::run [ RunTime:0.003498s ]
INFO: WriteHtmlCache Behavior ::run [ RunTime:0.003176s ]
INFO: ShowRuntime Behavior ::run [ RunTime:0.003575s ]
INFO: [ view_filter ] --END-- [ RunTime:0.013520s ]
INFO: [ view_end ] --START--
INFO: ShowPageTrace Behavior ::run [ RunTime:0.003646s ]
INFO: [ view_end ] --END-- [ RunTime:0.003692s ]

[ 2014-12-22 03:23:52 ] 203.208.60.228 /index.php/Index/news
INFO: [ route_check ] --START--
INFO: CheckRoute Behavior ::run [ RunTime:0.008917s ]
INFO: [ route_check ] --END-- [ RunTime:0.009033s ]
INFO: [ app_begin ] --START--
INFO: ReadHtmlCache Behavior ::run [ RunTime:0.007729s ]
INFO: [ app_begin ] --END-- [ RunTime:0.007829s ]
SQL: SHOW COLUMNS FROM `contents` [ RunTime:0.012216s ]
SQL: SELECT * FROM `contents` WHERE (  enable=1 and cateid=4  ) LIMIT 1   [ RunTime:0.000327s ]
SQL: SELECT * FROM `contents` WHERE (  enable=1 and cateid=1  ) LIMIT 1   [ RunTime:0.000257s ]
NOTIC: [8] Undefined index:  HTTP_ACCEPT_LANGUAGE D:\enkjhost\mayning1\web\home\Lib\Action\UtilAction.class.php 第 96 行.
SQL: SHOW COLUMNS FROM `visters` [ RunTime:0.015072s ]
SQL: INSERT INTO `visters` (`ctime`,`info`,`ip`,`page`) VALUES ('2014-12-22 03:23','中国 北京 北京、MACEnglish系统、Safari浏览器、','203.208.60.228','FAQ页面') [ RunTime:0.011062s ]
SQL: SHOW COLUMNS FROM `faqcate` [ RunTime:0.018693s ]
SQL: SHOW COLUMNS FROM `faqs` [ RunTime:0.015743s ]
NOTIC: [8] Undefined index:  faqcate D:\enkjhost\mayning1\web\home\Lib\Action\IndexAction.class.php 第 95 行.
SQL: SELECT * FROM `faqcate` WHERE ( enable=1  ) ORDER BY  sorts desc  [ RunTime:0.000380s ]
SQL: SELECT COUNT(*) AS tp_count FROM `faqs` WHERE (  1=1 and enable=1  ) LIMIT 1   [ RunTime:0.000295s ]
SQL: SELECT * FROM `faqs` WHERE (  1=1 and enable=1  ) ORDER BY sorts desc LIMIT 0,10   [ RunTime:0.000487s ]
INFO: [ view_parse ] --START--
INFO: ParseTemplate Behavior ::run [ RunTime:0.085663s ]
INFO: [ view_parse ] --END-- [ RunTime:0.085770s ]
INFO: [ view_filter ] --START--
INFO: ContentReplace Behavior ::run [ RunTime:0.006438s ]
INFO: TokenBuild Behavior ::run [ RunTime:0.006169s ]
INFO: WriteHtmlCache Behavior ::run [ RunTime:0.006090s ]
INFO: ShowRuntime Behavior ::run [ RunTime:0.006811s ]
INFO: [ view_filter ] --END-- [ RunTime:0.025737s ]
INFO: [ view_end ] --START--
INFO: ShowPageTrace Behavior ::run [ RunTime:0.007185s ]
INFO: [ view_end ] --END-- [ RunTime:0.007274s ]

[ 2014-12-22 04:07:31 ] 123.125.71.76 /index.php
INFO: [ app_begin ] --START--
INFO: ReadHtmlCache Behavior ::run [ RunTime:0.008116s ]
INFO: [ app_begin ] --END-- [ RunTime:0.008238s ]
SQL: SHOW COLUMNS FROM `contents` [ RunTime:0.014471s ]
SQL: SELECT * FROM `contents` WHERE (  enable=1 and cateid=4  ) LIMIT 1   [ RunTime:0.000363s ]
SQL: SELECT * FROM `contents` WHERE (  enable=1 and cateid=1  ) LIMIT 1   [ RunTime:0.000278s ]
SQL: SHOW COLUMNS FROM `visters` [ RunTime:0.017136s ]
SQL: INSERT INTO `visters` (`ctime`,`info`,`ip`,`page`) VALUES ('2014-12-22 04:07','中国 北京 北京、Other简体中文系统、Other浏览器、','123.125.71.76','系统首页') [ RunTime:0.011122s ]
SQL: SHOW COLUMNS FROM `products` [ RunTime:0.019860s ]
SQL: SELECT * FROM `products` WHERE (  enable=1 and state=1  ) ORDER BY  sorts desc  [ RunTime:0.001092s ]
SQL: SELECT * FROM `products` WHERE (  enable=1 and state=2  ) ORDER BY  sorts desc  [ RunTime:0.000577s ]
INFO: [ view_parse ] --START--
INFO: ParseTemplate Behavior ::run [ RunTime:0.085099s ]
INFO: [ view_parse ] --END-- [ RunTime:0.085222s ]
INFO: [ view_filter ] --START--
INFO: ContentReplace Behavior ::run [ RunTime:0.005968s ]
INFO: TokenBuild Behavior ::run [ RunTime:0.005872s ]
INFO: WriteHtmlCache Behavior ::run [ RunTime:0.005912s ]
INFO: ShowRuntime Behavior ::run [ RunTime:0.007713s ]
INFO: [ view_filter ] --END-- [ RunTime:0.025702s ]
INFO: [ view_end ] --START--
INFO: ShowPageTrace Behavior ::run [ RunTime:0.008367s ]
INFO: [ view_end ] --END-- [ RunTime:0.008469s ]

[ 2014-12-22 04:08:38 ] 68.180.228.48 /index.php/Index/product?procate=&procate2=11
INFO: [ route_check ] --START--
INFO: CheckRoute Behavior ::run [ RunTime:0.009935s ]
INFO: [ route_check ] --END-- [ RunTime:0.010022s ]
INFO: [ app_begin ] --START--
INFO: ReadHtmlCache Behavior ::run [ RunTime:0.004743s ]
INFO: [ app_begin ] --END-- [ RunTime:0.004820s ]
SQL: SHOW COLUMNS FROM `contents` [ RunTime:0.010809s ]
SQL: SELECT * FROM `contents` WHERE (  enable=1 and cateid=4  ) LIMIT 1   [ RunTime:0.000331s ]
SQL: SELECT * FROM `contents` WHERE (  enable=1 and cateid=1  ) LIMIT 1   [ RunTime:0.000274s ]
NOTIC: [8] Undefined index:  HTTP_ACCEPT_LANGUAGE D:\enkjhost\mayning1\web\home\Lib\Action\UtilAction.class.php 第 96 行.
SQL: SHOW COLUMNS FROM `visters` [ RunTime:0.016288s ]
SQL: INSERT INTO `visters` (`ctime`,`info`,`ip`,`page`) VALUES ('2014-12-22 04:08','美国 加利福尼亚 Sunnyvale、OtherEnglish系统、Other浏览器、','68.180.228.48','产品页面') [ RunTime:0.010643s ]
SQL: SHOW COLUMNS FROM `procate` [ RunTime:0.014231s ]
SQL: SHOW COLUMNS FROM `products` [ RunTime:0.011113s ]
SQL: SELECT * FROM `procate` WHERE ( id=0 ) LIMIT 1   [ RunTime:0.000269s ]
SQL: SELECT * FROM `procate` WHERE ( id=11 ) LIMIT 1   [ RunTime:0.000202s ]
SQL: select count(*) as count from products a left join procate b on a.proid = b.id where 1=1 and a.enable=1 and b.enable=1  [ RunTime:0.000457s ]
SQL: select a.id,a.title,a.info,a.imgs,a.ctime from products a left join procate b on a.proid = b.id where 1=1 and a.enable=1 and b.enable=1  order by a.sorts desc limit 0,9 [ RunTime:0.000404s ]
SQL: SELECT * FROM `procate` WHERE (  enable =1 and pid=0   ) ORDER BY  sorts desc  [ RunTime:0.000324s ]
NOTIC: [8] Undefined variable: cate2List D:\enkjhost\mayning1\web\home\Lib\Action\IndexAction.class.php 第 220 行.
INFO: [ view_parse ] --START--
INFO: ParseTemplate Behavior ::run [ RunTime:0.051759s ]
INFO: [ view_parse ] --END-- [ RunTime:0.051863s ]
INFO: [ view_filter ] --START--
INFO: ContentReplace Behavior ::run [ RunTime:0.005051s ]
INFO: TokenBuild Behavior ::run [ RunTime:0.005453s ]
INFO: WriteHtmlCache Behavior ::run [ RunTime:0.003944s ]
INFO: ShowRuntime Behavior ::run [ RunTime:0.004012s ]
INFO: [ view_filter ] --END-- [ RunTime:0.018654s ]
INFO: [ view_end ] --START--
INFO: ShowPageTrace Behavior ::run [ RunTime:0.004263s ]
INFO: [ view_end ] --END-- [ RunTime:0.004332s ]

[ 2014-12-22 05:53:36 ] 203.208.60.233 /index.php/Index/index
INFO: [ route_check ] --START--
INFO: CheckRoute Behavior ::run [ RunTime:0.008614s ]
INFO: [ route_check ] --END-- [ RunTime:0.008733s ]
INFO: [ app_begin ] --START--
INFO: ReadHtmlCache Behavior ::run [ RunTime:0.006733s ]
INFO: [ app_begin ] --END-- [ RunTime:0.006826s ]
SQL: SHOW COLUMNS FROM `contents` [ RunTime:0.019145s ]
SQL: SELECT * FROM `contents` WHERE (  enable=1 and cateid=4  ) LIMIT 1   [ RunTime:0.000394s ]
SQL: SELECT * FROM `contents` WHERE (  enable=1 and cateid=1  ) LIMIT 1   [ RunTime:0.000300s ]
NOTIC: [8] Undefined index:  HTTP_ACCEPT_LANGUAGE D:\enkjhost\mayning1\web\home\Lib\Action\UtilAction.class.php 第 96 行.
SQL: SHOW COLUMNS FROM `visters` [ RunTime:0.018498s ]
SQL: INSERT INTO `visters` (`ctime`,`info`,`ip`,`page`) VALUES ('2014-12-22 05:53','中国 北京 北京、OtherEnglish系统、Other浏览器、','203.208.60.233','系统首页') [ RunTime:0.007627s ]
SQL: SHOW COLUMNS FROM `products` [ RunTime:0.013116s ]
SQL: SELECT * FROM `products` WHERE (  enable=1 and state=1  ) ORDER BY  sorts desc  [ RunTime:0.001109s ]
SQL: SELECT * FROM `products` WHERE (  enable=1 and state=2  ) ORDER BY  sorts desc  [ RunTime:0.000602s ]
INFO: [ view_parse ] --START--
INFO: ParseTemplate Behavior ::run [ RunTime:0.083527s ]
INFO: [ view_parse ] --END-- [ RunTime:0.083654s ]
INFO: [ view_filter ] --START--
INFO: ContentReplace Behavior ::run [ RunTime:0.007322s ]
INFO: TokenBuild Behavior ::run [ RunTime:0.006349s ]
INFO: WriteHtmlCache Behavior ::run [ RunTime:0.005793s ]
INFO: ShowRuntime Behavior ::run [ RunTime:0.006227s ]
INFO: [ view_filter ] --END-- [ RunTime:0.025933s ]
INFO: [ view_end ] --START--
INFO: ShowPageTrace Behavior ::run [ RunTime:0.006605s ]
INFO: [ view_end ] --END-- [ RunTime:0.006692s ]

[ 2014-12-22 06:14:50 ] 220.181.108.80 /index.php/Index/product?procate=21
INFO: [ route_check ] --START--
INFO: CheckRoute Behavior ::run [ RunTime:0.009644s ]
INFO: [ route_check ] --END-- [ RunTime:0.009760s ]
INFO: [ app_begin ] --START--
INFO: ReadHtmlCache Behavior ::run [ RunTime:0.007964s ]
INFO: [ app_begin ] --END-- [ RunTime:0.008059s ]
SQL: SHOW COLUMNS FROM `contents` [ RunTime:0.013993s ]
SQL: SELECT * FROM `contents` WHERE (  enable=1 and cateid=4  ) LIMIT 1   [ RunTime:0.000381s ]
SQL: SELECT * FROM `contents` WHERE (  enable=1 and cateid=1  ) LIMIT 1   [ RunTime:0.000301s ]
SQL: SHOW COLUMNS FROM `visters` [ RunTime:0.018354s ]
SQL: INSERT INTO `visters` (`ctime`,`info`,`ip`,`page`) VALUES ('2014-12-22 06:14','中国 北京 北京、Other简体中文系统、Other浏览器、','220.181.108.80','产品页面') [ RunTime:0.009785s ]
SQL: SHOW COLUMNS FROM `procate` [ RunTime:0.018396s ]
SQL: SHOW COLUMNS FROM `products` [ RunTime:0.013698s ]
NOTIC: [8] Undefined index:  procate2 D:\enkjhost\mayning1\web\home\Lib\Action\IndexAction.class.php 第 176 行.
SQL: SELECT * FROM `procate` WHERE ( id=21 ) LIMIT 1   [ RunTime:0.000320s ]
SQL: SELECT * FROM `procate` WHERE ( id=%d ) LIMIT 1   [ RunTime:0.000174s ]
ERR: 1064:You have an error in your SQL syntax; check the manual that corresponds to your MySQL server version for the right syntax to use near '%d ) LIMIT 1' at line 1
 [ SQL语句 ] : SELECT * FROM `procate` WHERE ( id=%d ) LIMIT 1  
SQL: SELECT * FROM `procate` WHERE ( pid=21 )  [ RunTime:0.000298s ]
SQL: select count(*) as count from products a left join procate b on a.proid = b.id where 1=1 and a.enable=1 and b.enable=1  and ( b.pid=21 or b.id=21) [ RunTime:0.000575s ]
SQL: select a.id,a.title,a.info,a.imgs,a.ctime from products a left join procate b on a.proid = b.id where 1=1 and a.enable=1 and b.enable=1  and ( b.pid=21 or b.id=21) order by a.sorts desc limit 0,9 [ RunTime:0.001044s ]
SQL: SELECT * FROM `procate` WHERE (  enable =1 and pid=0   ) ORDER BY  sorts desc  [ RunTime:0.000429s ]
INFO: [ view_parse ] --START--
INFO: ParseTemplate Behavior ::run [ RunTime:0.086507s ]
INFO: [ view_parse ] --END-- [ RunTime:0.086619s ]
INFO: [ view_filter ] --START--
INFO: ContentReplace Behavior ::run [ RunTime:0.005332s ]
INFO: TokenBuild Behavior ::run [ RunTime:0.006118s ]
INFO: WriteHtmlCache Behavior ::run [ RunTime:0.004675s ]
INFO: ShowRuntime Behavior ::run [ RunTime:0.005944s ]
INFO: [ view_filter ] --END-- [ RunTime:0.022274s ]
INFO: [ view_end ] --START--
INFO: ShowPageTrace Behavior ::run [ RunTime:0.006372s ]
INFO: [ view_end ] --END-- [ RunTime:0.006454s ]

[ 2014-12-22 06:24:11 ] 203.208.60.231 /index.php
INFO: [ app_begin ] --START--
INFO: ReadHtmlCache Behavior ::run [ RunTime:0.004524s ]
INFO: [ app_begin ] --END-- [ RunTime:0.004614s ]
SQL: SHOW COLUMNS FROM `contents` [ RunTime:0.010106s ]
SQL: SELECT * FROM `contents` WHERE (  enable=1 and cateid=4  ) LIMIT 1   [ RunTime:0.000286s ]
SQL: SELECT * FROM `contents` WHERE (  enable=1 and cateid=1  ) LIMIT 1   [ RunTime:0.000213s ]
NOTIC: [8] Undefined index:  HTTP_ACCEPT_LANGUAGE D:\enkjhost\mayning1\web\home\Lib\Action\UtilAction.class.php 第 96 行.
SQL: SHOW COLUMNS FROM `visters` [ RunTime:0.015721s ]
SQL: INSERT INTO `visters` (`ctime`,`info`,`ip`,`page`) VALUES ('2014-12-22 06:24','中国 北京 北京、MACEnglish系统、Safari浏览器、','203.208.60.231','系统首页') [ RunTime:0.012855s ]
SQL: SHOW COLUMNS FROM `products` [ RunTime:0.014003s ]
SQL: SELECT * FROM `products` WHERE (  enable=1 and state=1  ) ORDER BY  sorts desc  [ RunTime:0.001079s ]
SQL: SELECT * FROM `products` WHERE (  enable=1 and state=2  ) ORDER BY  sorts desc  [ RunTime:0.000577s ]
INFO: [ view_parse ] --START--
INFO: ParseTemplate Behavior ::run [ RunTime:0.062727s ]
INFO: [ view_parse ] --END-- [ RunTime:0.062853s ]
INFO: [ view_filter ] --START--
INFO: ContentReplace Behavior ::run [ RunTime:0.004901s ]
INFO: TokenBuild Behavior ::run [ RunTime:0.005933s ]
INFO: WriteHtmlCache Behavior ::run [ RunTime:0.004793s ]
INFO: ShowRuntime Behavior ::run [ RunTime:0.006139s ]
INFO: [ view_filter ] --END-- [ RunTime:0.021993s ]
INFO: [ view_end ] --START--
INFO: ShowPageTrace Behavior ::run [ RunTime:0.005316s ]
INFO: [ view_end ] --END-- [ RunTime:0.005398s ]

[ 2014-12-22 06:33:37 ] 203.208.60.232 /index.php
INFO: [ app_begin ] --START--
INFO: ReadHtmlCache Behavior ::run [ RunTime:0.003350s ]
INFO: [ app_begin ] --END-- [ RunTime:0.003407s ]
SQL: SHOW COLUMNS FROM `contents` [ RunTime:0.005738s ]
SQL: SELECT * FROM `contents` WHERE (  enable=1 and cateid=4  ) LIMIT 1   [ RunTime:0.000190s ]
SQL: SELECT * FROM `contents` WHERE (  enable=1 and cateid=1  ) LIMIT 1   [ RunTime:0.000122s ]
NOTIC: [8] Undefined index:  HTTP_ACCEPT_LANGUAGE D:\enkjhost\mayning1\web\home\Lib\Action\UtilAction.class.php 第 96 行.
SQL: SHOW COLUMNS FROM `visters` [ RunTime:0.006948s ]
SQL: INSERT INTO `visters` (`ctime`,`info`,`ip`,`page`) VALUES ('2014-12-22 06:33','中国 北京 北京、OtherEnglish系统、Other浏览器、','203.208.60.232','系统首页') [ RunTime:0.010950s ]
SQL: SHOW COLUMNS FROM `products` [ RunTime:0.006702s ]
SQL: SELECT * FROM `products` WHERE (  enable=1 and state=1  ) ORDER BY  sorts desc  [ RunTime:0.000498s ]
SQL: SELECT * FROM `products` WHERE (  enable=1 and state=2  ) ORDER BY  sorts desc  [ RunTime:0.000240s ]
INFO: [ view_parse ] --START--
INFO: ParseTemplate Behavior ::run [ RunTime:0.033421s ]
INFO: [ view_parse ] --END-- [ RunTime:0.033489s ]
INFO: [ view_filter ] --START--
INFO: ContentReplace Behavior ::run [ RunTime:0.003214s ]
INFO: TokenBuild Behavior ::run [ RunTime:0.003190s ]
INFO: WriteHtmlCache Behavior ::run [ RunTime:0.003044s ]
INFO: ShowRuntime Behavior ::run [ RunTime:0.003258s ]
INFO: [ view_filter ] --END-- [ RunTime:0.012822s ]
INFO: [ view_end ] --START--
INFO: ShowPageTrace Behavior ::run [ RunTime:0.003429s ]
INFO: [ view_end ] --END-- [ RunTime:0.003473s ]

[ 2014-12-22 08:00:38 ] 203.208.60.233 /index.php/Index/product/p/
INFO: [ route_check ] --START--
INFO: CheckRoute Behavior ::run [ RunTime:0.008303s ]
INFO: [ route_check ] --END-- [ RunTime:0.008418s ]
INFO: [ app_begin ] --START--
INFO: ReadHtmlCache Behavior ::run [ RunTime:0.007489s ]
INFO: [ app_begin ] --END-- [ RunTime:0.007588s ]
SQL: SHOW COLUMNS FROM `contents` [ RunTime:0.014502s ]
SQL: SELECT * FROM `contents` WHERE (  enable=1 and cateid=4  ) LIMIT 1   [ RunTime:0.000384s ]
SQL: SELECT * FROM `contents` WHERE (  enable=1 and cateid=1  ) LIMIT 1   [ RunTime:0.000299s ]
NOTIC: [8] Undefined index:  HTTP_ACCEPT_LANGUAGE D:\enkjhost\mayning1\web\home\Lib\Action\UtilAction.class.php 第 96 行.
SQL: SHOW COLUMNS FROM `visters` [ RunTime:0.016035s ]
SQL: INSERT INTO `visters` (`ctime`,`info`,`ip`,`page`) VALUES ('2014-12-22 08:00','中国 北京 北京、OtherEnglish系统、Other浏览器、','203.208.60.233','产品页面') [ RunTime:0.009733s ]
SQL: SHOW COLUMNS FROM `procate` [ RunTime:0.010120s ]
SQL: SHOW COLUMNS FROM `products` [ RunTime:0.010768s ]
NOTIC: [8] Undefined index:  procate D:\enkjhost\mayning1\web\home\Lib\Action\IndexAction.class.php 第 175 行.
NOTIC: [8] Undefined index:  procate2 D:\enkjhost\mayning1\web\home\Lib\Action\IndexAction.class.php 第 176 行.
SQL: SELECT * FROM `procate` WHERE ( id=%d ) LIMIT 1   [ RunTime:0.000199s ]
ERR: 1064:You have an error in your SQL syntax; check the manual that corresponds to your MySQL server version for the right syntax to use near '%d ) LIMIT 1' at line 1
 [ SQL语句 ] : SELECT * FROM `procate` WHERE ( id=%d ) LIMIT 1  
SQL: SELECT * FROM `procate` WHERE ( id=%d ) LIMIT 1   [ RunTime:0.000166s ]
ERR: 1064:You have an error in your SQL syntax; check the manual that corresponds to your MySQL server version for the right syntax to use near '%d ) LIMIT 1' at line 1
 [ SQL语句 ] : SELECT * FROM `procate` WHERE ( id=%d ) LIMIT 1  
SQL: select count(*) as count from products a left join procate b on a.proid = b.id where 1=1 and a.enable=1 and b.enable=1  [ RunTime:0.000579s ]
SQL: select a.id,a.title,a.info,a.imgs,a.ctime from products a left join procate b on a.proid = b.id where 1=1 and a.enable=1 and b.enable=1  order by a.sorts desc limit 0,9 [ RunTime:0.000552s ]
SQL: SELECT * FROM `procate` WHERE (  enable =1 and pid=0   ) ORDER BY  sorts desc  [ RunTime:0.000434s ]
NOTIC: [8] Undefined variable: cate2List D:\enkjhost\mayning1\web\home\Lib\Action\IndexAction.class.php 第 220 行.
INFO: [ view_parse ] --START--
INFO: ParseTemplate Behavior ::run [ RunTime:0.089541s ]
INFO: [ view_parse ] --END-- [ RunTime:0.089665s ]
INFO: [ view_filter ] --START--
INFO: ContentReplace Behavior ::run [ RunTime:0.007298s ]
INFO: TokenBuild Behavior ::run [ RunTime:0.006838s ]
INFO: WriteHtmlCache Behavior ::run [ RunTime:0.006582s ]
INFO: ShowRuntime Behavior ::run [ RunTime:0.006728s ]
INFO: [ view_filter ] --END-- [ RunTime:0.027701s ]
INFO: [ view_end ] --START--
INFO: ShowPageTrace Behavior ::run [ RunTime:0.006549s ]
INFO: [ view_end ] --END-- [ RunTime:0.006634s ]

[ 2014-12-22 08:49:52 ] 203.208.60.233 /index.php/Index/contact
INFO: [ route_check ] --START--
INFO: CheckRoute Behavior ::run [ RunTime:0.004469s ]
INFO: [ route_check ] --END-- [ RunTime:0.004526s ]
INFO: [ app_begin ] --START--
INFO: ReadHtmlCache Behavior ::run [ RunTime:0.003732s ]
INFO: [ app_begin ] --END-- [ RunTime:0.003777s ]
SQL: SHOW COLUMNS FROM `contents` [ RunTime:0.006467s ]
SQL: SELECT * FROM `contents` WHERE (  enable=1 and cateid=4  ) LIMIT 1   [ RunTime:0.000201s ]
SQL: SELECT * FROM `contents` WHERE (  enable=1 and cateid=1  ) LIMIT 1   [ RunTime:0.000140s ]
NOTIC: [8] Undefined index:  HTTP_ACCEPT_LANGUAGE D:\enkjhost\mayning1\web\home\Lib\Action\UtilAction.class.php 第 96 行.
SQL: SHOW COLUMNS FROM `visters` [ RunTime:0.006077s ]
SQL: INSERT INTO `visters` (`ctime`,`info`,`ip`,`page`) VALUES ('2014-12-22 08:49','中国 北京 北京、MACEnglish系统、Safari浏览器、','203.208.60.233','产品详情页面') [ RunTime:0.009871s ]
SQL: SELECT * FROM `contents` WHERE (  enable=1 and cateid=3  ) LIMIT 1   [ RunTime:0.000242s ]
INFO: [ view_parse ] --START--
INFO: ParseTemplate Behavior ::run [ RunTime:0.040336s ]
INFO: [ view_parse ] --END-- [ RunTime:0.040419s ]
INFO: [ view_filter ] --START--
INFO: ContentReplace Behavior ::run [ RunTime:0.004584s ]
INFO: TokenBuild Behavior ::run [ RunTime:0.003641s ]
INFO: WriteHtmlCache Behavior ::run [ RunTime:0.003419s ]
INFO: ShowRuntime Behavior ::run [ RunTime:0.003694s ]
INFO: [ view_filter ] --END-- [ RunTime:0.015477s ]
INFO: [ view_end ] --START--
INFO: ShowPageTrace Behavior ::run [ RunTime:0.003972s ]
INFO: [ view_end ] --END-- [ RunTime:0.004013s ]

[ 2014-12-22 09:00:25 ] 203.208.60.223 /index.php/Index/productInfo?id=116
INFO: [ route_check ] --START--
INFO: CheckRoute Behavior ::run [ RunTime:0.005451s ]
INFO: [ route_check ] --END-- [ RunTime:0.005547s ]
INFO: [ app_begin ] --START--
INFO: ReadHtmlCache Behavior ::run [ RunTime:0.008437s ]
INFO: [ app_begin ] --END-- [ RunTime:0.008525s ]
SQL: SHOW COLUMNS FROM `contents` [ RunTime:0.025443s ]
SQL: SELECT * FROM `contents` WHERE (  enable=1 and cateid=4  ) LIMIT 1   [ RunTime:0.000404s ]
SQL: SELECT * FROM `contents` WHERE (  enable=1 and cateid=1  ) LIMIT 1   [ RunTime:0.000313s ]

[ 2014-12-22 09:46:31 ] 203.208.60.226 /index.php/Index/productInfo?id=114
INFO: [ route_check ] --START--
INFO: CheckRoute Behavior ::run [ RunTime:0.004447s ]
INFO: [ route_check ] --END-- [ RunTime:0.004562s ]
INFO: [ app_begin ] --START--
INFO: ReadHtmlCache Behavior ::run [ RunTime:0.002661s ]
INFO: [ app_begin ] --END-- [ RunTime:0.002758s ]
SQL: SHOW COLUMNS FROM `contents` [ RunTime:0.009452s ]
SQL: SELECT * FROM `contents` WHERE (  enable=1 and cateid=4  ) LIMIT 1   [ RunTime:0.000429s ]
SQL: SELECT * FROM `contents` WHERE (  enable=1 and cateid=1  ) LIMIT 1   [ RunTime:0.000327s ]

[ 2014-12-22 09:49:46 ] 180.76.5.148 /index.php/Index/product?procate=17
INFO: [ route_check ] --START--
INFO: CheckRoute Behavior ::run [ RunTime:0.002160s ]
INFO: [ route_check ] --END-- [ RunTime:0.002246s ]
INFO: [ app_begin ] --START--
INFO: ReadHtmlCache Behavior ::run [ RunTime:0.001730s ]
INFO: [ app_begin ] --END-- [ RunTime:0.001801s ]
SQL: SHOW COLUMNS FROM `contents` [ RunTime:0.017353s ]
SQL: SELECT * FROM `contents` WHERE (  enable=1 and cateid=4  ) LIMIT 1   [ RunTime:0.000408s ]
SQL: SELECT * FROM `contents` WHERE (  enable=1 and cateid=1  ) LIMIT 1   [ RunTime:0.000340s ]

[ 2014-12-22 10:01:00 ] 203.208.60.219 /index.php/Index/news/p/
INFO: [ route_check ] --START--
INFO: CheckRoute Behavior ::run [ RunTime:0.002931s ]
INFO: [ route_check ] --END-- [ RunTime:0.003047s ]
INFO: [ app_begin ] --START--
INFO: ReadHtmlCache Behavior ::run [ RunTime:0.003544s ]
INFO: [ app_begin ] --END-- [ RunTime:0.003643s ]
SQL: SHOW COLUMNS FROM `contents` [ RunTime:0.021732s ]
SQL: SELECT * FROM `contents` WHERE (  enable=1 and cateid=4  ) LIMIT 1   [ RunTime:0.000414s ]
SQL: SELECT * FROM `contents` WHERE (  enable=1 and cateid=1  ) LIMIT 1   [ RunTime:0.000321s ]

[ 2014-12-22 10:08:08 ] 144.76.202.227 /index.php
INFO: [ app_begin ] --START--
INFO: ReadHtmlCache Behavior ::run [ RunTime:0.001836s ]
INFO: [ app_begin ] --END-- [ RunTime:0.001924s ]
SQL: SHOW COLUMNS FROM `contents` [ RunTime:0.017669s ]
SQL: SELECT * FROM `contents` WHERE (  enable=1 and cateid=4  ) LIMIT 1   [ RunTime:0.000401s ]
SQL: SELECT * FROM `contents` WHERE (  enable=1 and cateid=1  ) LIMIT 1   [ RunTime:0.000310s ]

[ 2014-12-22 10:08:12 ] 5.9.88.82 /index.php
INFO: [ app_begin ] --START--
INFO: ReadHtmlCache Behavior ::run [ RunTime:0.002080s ]
INFO: [ app_begin ] --END-- [ RunTime:0.002195s ]
SQL: SHOW COLUMNS FROM `contents` [ RunTime:0.015560s ]
SQL: SELECT * FROM `contents` WHERE (  enable=1 and cateid=4  ) LIMIT 1   [ RunTime:0.000330s ]
SQL: SELECT * FROM `contents` WHERE (  enable=1 and cateid=1  ) LIMIT 1   [ RunTime:0.000252s ]

[ 2014-12-22 10:54:28 ] 203.208.60.221 /index.php/Index/news?faqcate=4
INFO: [ route_check ] --START--
INFO: CheckRoute Behavior ::run [ RunTime:0.002704s ]
INFO: [ route_check ] --END-- [ RunTime:0.002773s ]
INFO: [ app_begin ] --START--
INFO: ReadHtmlCache Behavior ::run [ RunTime:0.001938s ]
INFO: [ app_begin ] --END-- [ RunTime:0.001994s ]
SQL: SHOW COLUMNS FROM `contents` [ RunTime:0.011434s ]
SQL: SELECT * FROM `contents` WHERE (  enable=1 and cateid=4  ) LIMIT 1   [ RunTime:0.000248s ]
SQL: SELECT * FROM `contents` WHERE (  enable=1 and cateid=1  ) LIMIT 1   [ RunTime:0.000195s ]

[ 2014-12-22 13:53:30 ] 61.135.189.171 /index.php
INFO: [ app_begin ] --START--
INFO: ReadHtmlCache Behavior ::run [ RunTime:0.004047s ]
INFO: [ app_begin ] --END-- [ RunTime:0.004162s ]
SQL: SHOW COLUMNS FROM `contents` [ RunTime:0.023498s ]
SQL: SELECT * FROM `contents` WHERE (  enable=1 and cateid=4  ) LIMIT 1   [ RunTime:0.000422s ]
SQL: SELECT * FROM `contents` WHERE (  enable=1 and cateid=1  ) LIMIT 1   [ RunTime:0.000330s ]

[ 2014-12-22 13:54:11 ] 61.135.189.171 /index.php/Index/productInfo?id=118
INFO: [ route_check ] --START--
INFO: CheckRoute Behavior ::run [ RunTime:0.005339s ]
INFO: [ route_check ] --END-- [ RunTime:0.005428s ]
INFO: [ app_begin ] --START--
INFO: ReadHtmlCache Behavior ::run [ RunTime:0.001754s ]
INFO: [ app_begin ] --END-- [ RunTime:0.001827s ]
SQL: SHOW COLUMNS FROM `contents` [ RunTime:0.015389s ]
SQL: SELECT * FROM `contents` WHERE (  enable=1 and cateid=4  ) LIMIT 1   [ RunTime:0.000315s ]
SQL: SELECT * FROM `contents` WHERE (  enable=1 and cateid=1  ) LIMIT 1   [ RunTime:0.000234s ]

[ 2014-12-22 13:56:52 ] 61.135.189.171 /index.php/Index/product?procate=37
INFO: [ route_check ] --START--
INFO: CheckRoute Behavior ::run [ RunTime:0.001480s ]
INFO: [ route_check ] --END-- [ RunTime:0.001540s ]
INFO: [ app_begin ] --START--
INFO: ReadHtmlCache Behavior ::run [ RunTime:0.001192s ]
INFO: [ app_begin ] --END-- [ RunTime:0.001240s ]
SQL: SHOW COLUMNS FROM `contents` [ RunTime:0.010631s ]
SQL: SELECT * FROM `contents` WHERE (  enable=1 and cateid=4  ) LIMIT 1   [ RunTime:0.000240s ]
SQL: SELECT * FROM `contents` WHERE (  enable=1 and cateid=1  ) LIMIT 1   [ RunTime:0.000166s ]

[ 2014-12-22 15:00:01 ] 218.28.20.161 /index.php
INFO: [ app_begin ] --START--
INFO: ReadHtmlCache Behavior ::run [ RunTime:0.001788s ]
INFO: [ app_begin ] --END-- [ RunTime:0.001874s ]
SQL: SHOW COLUMNS FROM `contents` [ RunTime:0.007174s ]
SQL: SELECT * FROM `contents` WHERE (  enable=1 and cateid=4  ) LIMIT 1   [ RunTime:0.000312s ]
SQL: SELECT * FROM `contents` WHERE (  enable=1 and cateid=1  ) LIMIT 1   [ RunTime:0.000254s ]
SQL: SHOW COLUMNS FROM `visters` [ RunTime:0.016963s ]
SQL: INSERT INTO `visters` (`ctime`,`info`,`ip`,`page`) VALUES ('2014-12-22 15:00','中国 河南 郑州、Windows简体中文系统、Chrome浏览器、','218.28.20.161','系统首页') [ RunTime:0.007922s ]
SQL: SHOW COLUMNS FROM `products` [ RunTime:0.013765s ]
SQL: SELECT * FROM `products` WHERE (  enable=1 and state=1  ) ORDER BY  sorts desc  [ RunTime:0.008698s ]
SQL: SELECT * FROM `products` WHERE (  enable=1 and state=2  ) ORDER BY  sorts desc  [ RunTime:0.000683s ]
INFO: [ view_parse ] --START--
INFO: ParseTemplate Behavior ::run [ RunTime:0.034441s ]
INFO: [ view_parse ] --END-- [ RunTime:0.034572s ]
INFO: [ view_filter ] --START--
INFO: ContentReplace Behavior ::run [ RunTime:0.002079s ]
INFO: TokenBuild Behavior ::run [ RunTime:0.002965s ]
INFO: WriteHtmlCache Behavior ::run [ RunTime:0.001947s ]
INFO: ShowRuntime Behavior ::run [ RunTime:0.002213s ]
INFO: [ view_filter ] --END-- [ RunTime:0.009464s ]
INFO: [ view_end ] --START--
INFO: ShowPageTrace Behavior ::run [ RunTime:0.002427s ]
INFO: [ view_end ] --END-- [ RunTime:0.002523s ]

[ 2014-12-22 15:00:07 ] 218.28.20.161 /index.php
INFO: [ app_begin ] --START--
INFO: ReadHtmlCache Behavior ::run [ RunTime:0.001984s ]
INFO: [ app_begin ] --END-- [ RunTime:0.002076s ]
SQL: SHOW COLUMNS FROM `contents` [ RunTime:0.007485s ]
SQL: SELECT * FROM `contents` WHERE (  enable=1 and cateid=4  ) LIMIT 1   [ RunTime:0.000390s ]
SQL: SELECT * FROM `contents` WHERE (  enable=1 and cateid=1  ) LIMIT 1   [ RunTime:0.000310s ]
SQL: SHOW COLUMNS FROM `visters` [ RunTime:0.009020s ]
SQL: INSERT INTO `visters` (`ctime`,`info`,`ip`,`page`) VALUES ('2014-12-22 15:00','中国 河南 郑州、Windows简体中文系统、Chrome浏览器、','218.28.20.161','系统首页') [ RunTime:0.010748s ]
SQL: SHOW COLUMNS FROM `products` [ RunTime:0.008964s ]
SQL: SELECT * FROM `products` WHERE (  enable=1 and state=1  ) ORDER BY  sorts desc  [ RunTime:0.001194s ]
SQL: SELECT * FROM `products` WHERE (  enable=1 and state=2  ) ORDER BY  sorts desc  [ RunTime:0.000601s ]
INFO: [ view_parse ] --START--
INFO: ParseTemplate Behavior ::run [ RunTime:0.034980s ]
INFO: [ view_parse ] --END-- [ RunTime:0.035106s ]
INFO: [ view_filter ] --START--
INFO: ContentReplace Behavior ::run [ RunTime:0.001779s ]
INFO: TokenBuild Behavior ::run [ RunTime:0.001727s ]
INFO: WriteHtmlCache Behavior ::run [ RunTime:0.001548s ]
INFO: ShowRuntime Behavior ::run [ RunTime:0.001924s ]
INFO: [ view_filter ] --END-- [ RunTime:0.007213s ]
INFO: [ view_end ] --START--
INFO: ShowPageTrace Behavior ::run [ RunTime:0.002440s ]
INFO: [ view_end ] --END-- [ RunTime:0.002538s ]

[ 2014-12-22 15:00:18 ] 113.73.217.97 /index.php
INFO: [ app_begin ] --START--
INFO: ReadHtmlCache Behavior ::run [ RunTime:0.001836s ]
INFO: [ app_begin ] --END-- [ RunTime:0.001919s ]
SQL: SHOW COLUMNS FROM `contents` [ RunTime:0.005911s ]
SQL: SELECT * FROM `contents` WHERE (  enable=1 and cateid=4  ) LIMIT 1   [ RunTime:0.000323s ]
SQL: SELECT * FROM `contents` WHERE (  enable=1 and cateid=1  ) LIMIT 1   [ RunTime:0.000249s ]
SQL: SHOW COLUMNS FROM `visters` [ RunTime:0.006291s ]
SQL: INSERT INTO `visters` (`ctime`,`info`,`ip`,`page`) VALUES ('2014-12-22 15:00','中国 广东 中山、Windows简体中文系统、Chrome浏览器、','113.73.217.97','系统首页') [ RunTime:0.011713s ]
SQL: SHOW COLUMNS FROM `products` [ RunTime:0.006707s ]
SQL: SELECT * FROM `products` WHERE (  enable=1 and state=1  ) ORDER BY  sorts desc  [ RunTime:0.001132s ]
SQL: SELECT * FROM `products` WHERE (  enable=1 and state=2  ) ORDER BY  sorts desc  [ RunTime:0.000598s ]
INFO: [ view_parse ] --START--
INFO: ParseTemplate Behavior ::run [ RunTime:0.028529s ]
INFO: [ view_parse ] --END-- [ RunTime:0.028664s ]
INFO: [ view_filter ] --START--
INFO: ContentReplace Behavior ::run [ RunTime:0.002139s ]
INFO: TokenBuild Behavior ::run [ RunTime:0.002042s ]
INFO: WriteHtmlCache Behavior ::run [ RunTime:0.001908s ]
INFO: ShowRuntime Behavior ::run [ RunTime:0.002236s ]
INFO: [ view_filter ] --END-- [ RunTime:0.008636s ]
INFO: [ view_end ] --START--
INFO: ShowPageTrace Behavior ::run [ RunTime:0.002452s ]
INFO: [ view_end ] --END-- [ RunTime:0.002548s ]

[ 2014-12-22 15:06:19 ] 113.73.217.97 /index.php
INFO: [ app_begin ] --START--
INFO: ReadHtmlCache Behavior ::run [ RunTime:0.001021s ]
INFO: [ app_begin ] --END-- [ RunTime:0.001069s ]
SQL: SHOW COLUMNS FROM `contents` [ RunTime:0.004002s ]
SQL: SELECT * FROM `contents` WHERE (  enable=1 and cateid=4  ) LIMIT 1   [ RunTime:0.000188s ]
SQL: SELECT * FROM `contents` WHERE (  enable=1 and cateid=1  ) LIMIT 1   [ RunTime:0.000121s ]
SQL: SHOW COLUMNS FROM `visters` [ RunTime:0.003253s ]
SQL: INSERT INTO `visters` (`ctime`,`info`,`ip`,`page`) VALUES ('2014-12-22 15:06','中国 广东 中山、Windows简体中文系统、Chrome浏览器、','113.73.217.97','系统首页') [ RunTime:0.010271s ]
SQL: SHOW COLUMNS FROM `products` [ RunTime:0.003537s ]
SQL: SELECT * FROM `products` WHERE (  enable=1 and state=1  ) ORDER BY  sorts desc  [ RunTime:0.000510s ]
SQL: SELECT * FROM `products` WHERE (  enable=1 and state=2  ) ORDER BY  sorts desc  [ RunTime:0.000250s ]
INFO: [ view_parse ] --START--
INFO: ParseTemplate Behavior ::run [ RunTime:0.012992s ]
INFO: [ view_parse ] --END-- [ RunTime:0.013057s ]
INFO: [ view_filter ] --START--
INFO: ContentReplace Behavior ::run [ RunTime:0.000940s ]
INFO: TokenBuild Behavior ::run [ RunTime:0.000909s ]
INFO: WriteHtmlCache Behavior ::run [ RunTime:0.000829s ]
INFO: ShowRuntime Behavior ::run [ RunTime:0.000983s ]
INFO: [ view_filter ] --END-- [ RunTime:0.003774s ]
INFO: [ view_end ] --START--
INFO: ShowPageTrace Behavior ::run [ RunTime:0.001057s ]
INFO: [ view_end ] --END-- [ RunTime:0.001098s ]

[ 2014-12-22 15:06:29 ] 113.73.217.97 /index.php/Index/product
INFO: [ route_check ] --START--
INFO: CheckRoute Behavior ::run [ RunTime:0.001291s ]
INFO: [ route_check ] --END-- [ RunTime:0.001341s ]
INFO: [ app_begin ] --START--
INFO: ReadHtmlCache Behavior ::run [ RunTime:0.001086s ]
INFO: [ app_begin ] --END-- [ RunTime:0.001128s ]
SQL: SHOW COLUMNS FROM `contents` [ RunTime:0.003682s ]
SQL: SELECT * FROM `contents` WHERE (  enable=1 and cateid=4  ) LIMIT 1   [ RunTime:0.000198s ]
SQL: SELECT * FROM `contents` WHERE (  enable=1 and cateid=1  ) LIMIT 1   [ RunTime:0.000140s ]
SQL: SHOW COLUMNS FROM `visters` [ RunTime:0.003101s ]
SQL: INSERT INTO `visters` (`ctime`,`info`,`ip`,`page`) VALUES ('2014-12-22 15:06','中国 广东 中山、Windows简体中文系统、Chrome浏览器、','113.73.217.97','产品页面') [ RunTime:0.012023s ]
SQL: SHOW COLUMNS FROM `procate` [ RunTime:0.003905s ]
SQL: SHOW COLUMNS FROM `products` [ RunTime:0.003003s ]
NOTIC: [8] Undefined index:  procate D:\enkjhost\mayning1\web\home\Lib\Action\IndexAction.class.php 第 175 行.
NOTIC: [8] Undefined index:  procate2 D:\enkjhost\mayning1\web\home\Lib\Action\IndexAction.class.php 第 176 行.
SQL: SELECT * FROM `procate` WHERE ( id=%d ) LIMIT 1   [ RunTime:0.000082s ]
ERR: 1064:You have an error in your SQL syntax; check the manual that corresponds to your MySQL server version for the right syntax to use near '%d ) LIMIT 1' at line 1
 [ SQL语句 ] : SELECT * FROM `procate` WHERE ( id=%d ) LIMIT 1  
SQL: SELECT * FROM `procate` WHERE ( id=%d ) LIMIT 1   [ RunTime:0.000065s ]
ERR: 1064:You have an error in your SQL syntax; check the manual that corresponds to your MySQL server version for the right syntax to use near '%d ) LIMIT 1' at line 1
 [ SQL语句 ] : SELECT * FROM `procate` WHERE ( id=%d ) LIMIT 1  
SQL: select count(*) as count from products a left join procate b on a.proid = b.id where 1=1 and a.enable=1 and b.enable=1  [ RunTime:0.000300s ]
SQL: select a.id,a.title,a.info,a.imgs,a.ctime from products a left join procate b on a.proid = b.id where 1=1 and a.enable=1 and b.enable=1  order by a.sorts desc limit 0,9 [ RunTime:0.000246s ]
SQL: SELECT * FROM `procate` WHERE (  enable =1 and pid=0   ) ORDER BY  sorts desc  [ RunTime:0.000184s ]
NOTIC: [8] Undefined variable: cate2List D:\enkjhost\mayning1\web\home\Lib\Action\IndexAction.class.php 第 220 行.
INFO: [ view_parse ] --START--
INFO: ParseTemplate Behavior ::run [ RunTime:0.020941s ]
INFO: [ view_parse ] --END-- [ RunTime:0.021000s ]
INFO: [ view_filter ] --START--
INFO: ContentReplace Behavior ::run [ RunTime:0.000978s ]
INFO: TokenBuild Behavior ::run [ RunTime:0.000900s ]
INFO: WriteHtmlCache Behavior ::run [ RunTime:0.000812s ]
INFO: ShowRuntime Behavior ::run [ RunTime:0.000974s ]
INFO: [ view_filter ] --END-- [ RunTime:0.003774s ]
INFO: [ view_end ] --START--
INFO: ShowPageTrace Behavior ::run [ RunTime:0.001073s ]
INFO: [ view_end ] --END-- [ RunTime:0.001115s ]

[ 2014-12-22 15:06:31 ] 113.73.217.97 /index.php/Index/productInfo?id=129
INFO: [ route_check ] --START--
INFO: CheckRoute Behavior ::run [ RunTime:0.001304s ]
INFO: [ route_check ] --END-- [ RunTime:0.001354s ]
INFO: [ app_begin ] --START--
INFO: ReadHtmlCache Behavior ::run [ RunTime:0.001016s ]
INFO: [ app_begin ] --END-- [ RunTime:0.001084s ]
SQL: SHOW COLUMNS FROM `contents` [ RunTime:0.003927s ]
SQL: SELECT * FROM `contents` WHERE (  enable=1 and cateid=4  ) LIMIT 1   [ RunTime:0.000184s ]
SQL: SELECT * FROM `contents` WHERE (  enable=1 and cateid=1  ) LIMIT 1   [ RunTime:0.000122s ]
SQL: SHOW COLUMNS FROM `visters` [ RunTime:0.003340s ]
SQL: INSERT INTO `visters` (`ctime`,`info`,`ip`,`page`) VALUES ('2014-12-22 15:06','中国 广东 中山、Windows简体中文系统、Chrome浏览器、','113.73.217.97','产品详情页面') [ RunTime:0.009836s ]
SQL: SHOW COLUMNS FROM `procate` [ RunTime:0.003678s ]
SQL: SHOW COLUMNS FROM `products` [ RunTime:0.002947s ]
NOTIC: [8] Undefined index:  procate D:\enkjhost\mayning1\web\home\Lib\Action\IndexAction.class.php 第 243 行.
NOTIC: [8] Undefined index:  procate2 D:\enkjhost\mayning1\web\home\Lib\Action\IndexAction.class.php 第 244 行.
SQL: SELECT * FROM `procate` WHERE ( id=%d ) LIMIT 1   [ RunTime:0.000088s ]
ERR: 1064:You have an error in your SQL syntax; check the manual that corresponds to your MySQL server version for the right syntax to use near '%d ) LIMIT 1' at line 1
 [ SQL语句 ] : SELECT * FROM `procate` WHERE ( id=%d ) LIMIT 1  
SQL: SELECT * FROM `procate` WHERE ( id=%d ) LIMIT 1   [ RunTime:0.000069s ]
ERR: 1064:You have an error in your SQL syntax; check the manual that corresponds to your MySQL server version for the right syntax to use near '%d ) LIMIT 1' at line 1
 [ SQL语句 ] : SELECT * FROM `procate` WHERE ( id=%d ) LIMIT 1  
SQL: SELECT * FROM `procate` WHERE (  enable =1 and pid=0  ) ORDER BY  sorts desc  [ RunTime:0.000220s ]
SQL: SELECT * FROM `products` WHERE (  id=129 ) LIMIT 1   [ RunTime:0.000125s ]
SQL: SELECT * FROM `procate` WHERE ( id=10 ) LIMIT 1   [ RunTime:0.000100s ]
SQL: SELECT * FROM `procate` WHERE ( id=0 ) LIMIT 1   [ RunTime:0.000097s ]
INFO: [ view_parse ] --START--
INFO: ParseTemplate Behavior ::run [ RunTime:0.016460s ]
INFO: [ view_parse ] --END-- [ RunTime:0.016516s ]
INFO: [ view_filter ] --START--
INFO: ContentReplace Behavior ::run [ RunTime:0.000920s ]
INFO: TokenBuild Behavior ::run [ RunTime:0.000903s ]
INFO: WriteHtmlCache Behavior ::run [ RunTime:0.000820s ]
INFO: ShowRuntime Behavior ::run [ RunTime:0.001035s ]
INFO: [ view_filter ] --END-- [ RunTime:0.003791s ]
INFO: [ view_end ] --START--
INFO: ShowPageTrace Behavior ::run [ RunTime:0.001075s ]
INFO: [ view_end ] --END-- [ RunTime:0.001116s ]

[ 2014-12-22 15:12:48 ] 203.208.60.232 /index.php/Index/productInfo?id=114
INFO: [ route_check ] --START--
INFO: CheckRoute Behavior ::run [ RunTime:0.002156s ]
INFO: [ route_check ] --END-- [ RunTime:0.002242s ]
INFO: [ app_begin ] --START--
INFO: ReadHtmlCache Behavior ::run [ RunTime:0.001756s ]
INFO: [ app_begin ] --END-- [ RunTime:0.001827s ]
SQL: SHOW COLUMNS FROM `contents` [ RunTime:0.005884s ]
SQL: SELECT * FROM `contents` WHERE (  enable=1 and cateid=4  ) LIMIT 1   [ RunTime:0.000313s ]
SQL: SELECT * FROM `contents` WHERE (  enable=1 and cateid=1  ) LIMIT 1   [ RunTime:0.000234s ]
NOTIC: [8] Undefined index:  HTTP_ACCEPT_LANGUAGE D:\enkjhost\mayning1\web\home\Lib\Action\UtilAction.class.php 第 96 行.
SQL: SHOW COLUMNS FROM `visters` [ RunTime:0.010282s ]
SQL: INSERT INTO `visters` (`ctime`,`info`,`ip`,`page`) VALUES ('2014-12-22 15:12','中国 北京 北京、MACEnglish系统、Safari浏览器、','203.208.60.232','产品详情页面') [ RunTime:0.009913s ]
SQL: SHOW COLUMNS FROM `procate` [ RunTime:0.007052s ]
SQL: SHOW COLUMNS FROM `products` [ RunTime:0.006858s ]
NOTIC: [8] Undefined index:  procate D:\enkjhost\mayning1\web\home\Lib\Action\IndexAction.class.php 第 243 行.
NOTIC: [8] Undefined index:  procate2 D:\enkjhost\mayning1\web\home\Lib\Action\IndexAction.class.php 第 244 行.
SQL: SELECT * FROM `procate` WHERE ( id=%d ) LIMIT 1   [ RunTime:0.000224s ]
ERR: 1064:You have an error in your SQL syntax; check the manual that corresponds to your MySQL server version for the right syntax to use near '%d ) LIMIT 1' at line 1
 [ SQL语句 ] : SELECT * FROM `procate` WHERE ( id=%d ) LIMIT 1  
SQL: SELECT * FROM `procate` WHERE ( id=%d ) LIMIT 1   [ RunTime:0.000197s ]
ERR: 1064:You have an error in your SQL syntax; check the manual that corresponds to your MySQL server version for the right syntax to use near '%d ) LIMIT 1' at line 1
 [ SQL语句 ] : SELECT * FROM `procate` WHERE ( id=%d ) LIMIT 1  
SQL: SELECT * FROM `procate` WHERE (  enable =1 and pid=0  ) ORDER BY  sorts desc  [ RunTime:0.000503s ]
SQL: SELECT * FROM `products` WHERE (  id=114 ) LIMIT 1   [ RunTime:0.000352s ]
SQL: SELECT * FROM `procate` WHERE ( id=31 ) LIMIT 1   [ RunTime:0.000278s ]
SQL: SELECT * FROM `procate` WHERE ( id=20 ) LIMIT 1   [ RunTime:0.000270s ]
INFO: [ view_parse ] --START--
INFO: ParseTemplate Behavior ::run [ RunTime:0.028493s ]
INFO: [ view_parse ] --END-- [ RunTime:0.028598s ]
INFO: [ view_filter ] --START--
INFO: ContentReplace Behavior ::run [ RunTime:0.001783s ]
INFO: TokenBuild Behavior ::run [ RunTime:0.001740s ]
INFO: WriteHtmlCache Behavior ::run [ RunTime:0.001664s ]
INFO: ShowRuntime Behavior ::run [ RunTime:0.001854s ]
INFO: [ view_filter ] --END-- [ RunTime:0.007253s ]
INFO: [ view_end ] --START--
INFO: ShowPageTrace Behavior ::run [ RunTime:0.002085s ]
INFO: [ view_end ] --END-- [ RunTime:0.002166s ]

[ 2014-12-22 15:17:07 ] 180.153.214.182 /index.php/Index/productInfo?id=129
INFO: [ route_check ] --START--
INFO: CheckRoute Behavior ::run [ RunTime:0.003634s ]
INFO: [ route_check ] --END-- [ RunTime:0.003728s ]
INFO: [ app_begin ] --START--
INFO: ReadHtmlCache Behavior ::run [ RunTime:0.001860s ]
INFO: [ app_begin ] --END-- [ RunTime:0.001941s ]
SQL: SHOW COLUMNS FROM `contents` [ RunTime:0.007029s ]
SQL: SELECT * FROM `contents` WHERE (  enable=1 and cateid=4  ) LIMIT 1   [ RunTime:0.000410s ]
SQL: SELECT * FROM `contents` WHERE (  enable=1 and cateid=1  ) LIMIT 1   [ RunTime:0.000299s ]
SQL: SHOW COLUMNS FROM `visters` [ RunTime:0.008318s ]
SQL: INSERT INTO `visters` (`ctime`,`info`,`ip`,`page`) VALUES ('2014-12-22 15:17','中国 上海 上海、Other简体中文系统、Other浏览器、','180.153.214.182','产品详情页面') [ RunTime:0.007791s ]
SQL: SHOW COLUMNS FROM `procate` [ RunTime:0.006970s ]
SQL: SHOW COLUMNS FROM `products` [ RunTime:0.006404s ]
NOTIC: [8] Undefined index:  procate D:\enkjhost\mayning1\web\home\Lib\Action\IndexAction.class.php 第 243 行.
NOTIC: [8] Undefined index:  procate2 D:\enkjhost\mayning1\web\home\Lib\Action\IndexAction.class.php 第 244 行.
SQL: SELECT * FROM `procate` WHERE ( id=%d ) LIMIT 1   [ RunTime:0.000201s ]
ERR: 1064:You have an error in your SQL syntax; check the manual that corresponds to your MySQL server version for the right syntax to use near '%d ) LIMIT 1' at line 1
 [ SQL语句 ] : SELECT * FROM `procate` WHERE ( id=%d ) LIMIT 1  
SQL: SELECT * FROM `procate` WHERE ( id=%d ) LIMIT 1   [ RunTime:0.000174s ]
ERR: 1064:You have an error in your SQL syntax; check the manual that corresponds to your MySQL server version for the right syntax to use near '%d ) LIMIT 1' at line 1
 [ SQL语句 ] : SELECT * FROM `procate` WHERE ( id=%d ) LIMIT 1  
SQL: SELECT * FROM `procate` WHERE (  enable =1 and pid=0  ) ORDER BY  sorts desc  [ RunTime:0.000523s ]
SQL: SELECT * FROM `products` WHERE (  id=129 ) LIMIT 1   [ RunTime:0.000317s ]
SQL: SELECT * FROM `procate` WHERE ( id=10 ) LIMIT 1   [ RunTime:0.000266s ]
SQL: SELECT * FROM `procate` WHERE ( id=0 ) LIMIT 1   [ RunTime:0.000253s ]
INFO: [ view_parse ] --START--
INFO: ParseTemplate Behavior ::run [ RunTime:0.028071s ]
INFO: [ view_parse ] --END-- [ RunTime:0.028187s ]
INFO: [ view_filter ] --START--
INFO: ContentReplace Behavior ::run [ RunTime:0.001947s ]
INFO: TokenBuild Behavior ::run [ RunTime:0.002459s ]
INFO: WriteHtmlCache Behavior ::run [ RunTime:0.001456s ]
INFO: ShowRuntime Behavior ::run [ RunTime:0.001718s ]
INFO: [ view_filter ] --END-- [ RunTime:0.007821s ]
INFO: [ view_end ] --START--
INFO: ShowPageTrace Behavior ::run [ RunTime:0.001967s ]
INFO: [ view_end ] --END-- [ RunTime:0.002048s ]

[ 2014-12-22 16:10:43 ] 123.125.71.54 /index.php/Index/product?procate=25
INFO: [ route_check ] --START--
INFO: CheckRoute Behavior ::run [ RunTime:0.004675s ]
INFO: [ route_check ] --END-- [ RunTime:0.004794s ]
INFO: [ app_begin ] --START--
INFO: ReadHtmlCache Behavior ::run [ RunTime:0.003851s ]
INFO: [ app_begin ] --END-- [ RunTime:0.003953s ]
SQL: SHOW COLUMNS FROM `contents` [ RunTime:0.022522s ]
SQL: SELECT * FROM `contents` WHERE (  enable=1 and cateid=4  ) LIMIT 1   [ RunTime:0.000400s ]
SQL: SELECT * FROM `contents` WHERE (  enable=1 and cateid=1  ) LIMIT 1   [ RunTime:0.000315s ]
SQL: SHOW COLUMNS FROM `visters` [ RunTime:0.014293s ]
SQL: INSERT INTO `visters` (`ctime`,`info`,`ip`,`page`) VALUES ('2014-12-22 16:10','中国 北京 北京、Other简体中文系统、Other浏览器、','123.125.71.54','产品页面') [ RunTime:0.010705s ]
SQL: SHOW COLUMNS FROM `procate` [ RunTime:0.016655s ]
SQL: SHOW COLUMNS FROM `products` [ RunTime:0.019566s ]
NOTIC: [8] Undefined index:  procate2 D:\enkjhost\mayning1\web\home\Lib\Action\IndexAction.class.php 第 176 行.
SQL: SELECT * FROM `procate` WHERE ( id=25 ) LIMIT 1   [ RunTime:0.000311s ]
SQL: SELECT * FROM `procate` WHERE ( id=%d ) LIMIT 1   [ RunTime:0.000174s ]
ERR: 1064:You have an error in your SQL syntax; check the manual that corresponds to your MySQL server version for the right syntax to use near '%d ) LIMIT 1' at line 1
 [ SQL语句 ] : SELECT * FROM `procate` WHERE ( id=%d ) LIMIT 1  
SQL: SELECT * FROM `procate` WHERE ( pid=25 )  [ RunTime:0.000282s ]
SQL: select count(*) as count from products a left join procate b on a.proid = b.id where 1=1 and a.enable=1 and b.enable=1  and ( b.pid=25 or b.id=25) [ RunTime:0.000596s ]
SQL: select a.id,a.title,a.info,a.imgs,a.ctime from products a left join procate b on a.proid = b.id where 1=1 and a.enable=1 and b.enable=1  and ( b.pid=25 or b.id=25) order by a.sorts desc limit 0,9 [ RunTime:0.001189s ]
SQL: SELECT * FROM `procate` WHERE (  enable =1 and pid=0   ) ORDER BY  sorts desc  [ RunTime:0.000395s ]
INFO: [ view_parse ] --START--
INFO: ParseTemplate Behavior ::run [ RunTime:0.047799s ]
INFO: [ view_parse ] --END-- [ RunTime:0.047914s ]
INFO: [ view_filter ] --START--
INFO: ContentReplace Behavior ::run [ RunTime:0.003377s ]
INFO: TokenBuild Behavior ::run [ RunTime:0.003451s ]
INFO: WriteHtmlCache Behavior ::run [ RunTime:0.002165s ]
INFO: ShowRuntime Behavior ::run [ RunTime:0.003525s ]
INFO: [ view_filter ] --END-- [ RunTime:0.012783s ]
INFO: [ view_end ] --START--
INFO: ShowPageTrace Behavior ::run [ RunTime:0.003026s ]
INFO: [ view_end ] --END-- [ RunTime:0.003130s ]

[ 2014-12-22 16:31:18 ] 113.73.212.239 /index.php/Index/productInfo?id=129
INFO: [ route_check ] --START--
INFO: CheckRoute Behavior ::run [ RunTime:0.002801s ]
INFO: [ route_check ] --END-- [ RunTime:0.002911s ]
INFO: [ app_begin ] --START--
INFO: ReadHtmlCache Behavior ::run [ RunTime:0.002307s ]
INFO: [ app_begin ] --END-- [ RunTime:0.002401s ]
SQL: SHOW COLUMNS FROM `contents` [ RunTime:0.017291s ]
SQL: SELECT * FROM `contents` WHERE (  enable=1 and cateid=4  ) LIMIT 1   [ RunTime:0.000394s ]
SQL: SELECT * FROM `contents` WHERE (  enable=1 and cateid=1  ) LIMIT 1   [ RunTime:0.000313s ]
SQL: SHOW COLUMNS FROM `visters` [ RunTime:0.013864s ]
SQL: INSERT INTO `visters` (`ctime`,`info`,`ip`,`page`) VALUES ('2014-12-22 16:31','中国 广东 中山、Windows简体中文系统、Chrome浏览器、','113.73.212.239','产品详情页面') [ RunTime:0.009447s ]
SQL: SHOW COLUMNS FROM `procate` [ RunTime:0.015526s ]
SQL: SHOW COLUMNS FROM `products` [ RunTime:0.019602s ]
NOTIC: [8] Undefined index:  procate D:\enkjhost\mayning1\web\home\Lib\Action\IndexAction.class.php 第 243 行.
NOTIC: [8] Undefined index:  procate2 D:\enkjhost\mayning1\web\home\Lib\Action\IndexAction.class.php 第 244 行.
SQL: SELECT * FROM `procate` WHERE ( id=%d ) LIMIT 1   [ RunTime:0.000224s ]
ERR: 1064:You have an error in your SQL syntax; check the manual that corresponds to your MySQL server version for the right syntax to use near '%d ) LIMIT 1' at line 1
 [ SQL语句 ] : SELECT * FROM `procate` WHERE ( id=%d ) LIMIT 1  
SQL: SELECT * FROM `procate` WHERE ( id=%d ) LIMIT 1   [ RunTime:0.000192s ]
ERR: 1064:You have an error in your SQL syntax; check the manual that corresponds to your MySQL server version for the right syntax to use near '%d ) LIMIT 1' at line 1
 [ SQL语句 ] : SELECT * FROM `procate` WHERE ( id=%d ) LIMIT 1  
SQL: SELECT * FROM `procate` WHERE (  enable =1 and pid=0  ) ORDER BY  sorts desc  [ RunTime:0.000528s ]
SQL: SELECT * FROM `products` WHERE (  id=129 ) LIMIT 1   [ RunTime:0.000328s ]
SQL: SELECT * FROM `procate` WHERE ( id=10 ) LIMIT 1   [ RunTime:0.000269s ]
SQL: SELECT * FROM `procate` WHERE ( id=0 ) LIMIT 1   [ RunTime:0.000256s ]
INFO: [ view_parse ] --START--
INFO: ParseTemplate Behavior ::run [ RunTime:0.036197s ]
INFO: [ view_parse ] --END-- [ RunTime:0.036311s ]
INFO: [ view_filter ] --START--
INFO: ContentReplace Behavior ::run [ RunTime:0.002101s ]
INFO: TokenBuild Behavior ::run [ RunTime:0.002072s ]
INFO: WriteHtmlCache Behavior ::run [ RunTime:0.001870s ]
INFO: ShowRuntime Behavior ::run [ RunTime:0.002184s ]
INFO: [ view_filter ] --END-- [ RunTime:0.008478s ]
INFO: [ view_end ] --START--
INFO: ShowPageTrace Behavior ::run [ RunTime:0.002489s ]
INFO: [ view_end ] --END-- [ RunTime:0.002586s ]

[ 2014-12-22 16:45:10 ] 218.241.106.14 /index.php
INFO: [ app_begin ] --START--
INFO: ReadHtmlCache Behavior ::run [ RunTime:0.001857s ]
INFO: [ app_begin ] --END-- [ RunTime:0.001961s ]
SQL: SHOW COLUMNS FROM `contents` [ RunTime:0.020355s ]
SQL: SELECT * FROM `contents` WHERE (  enable=1 and cateid=4  ) LIMIT 1   [ RunTime:0.000416s ]
SQL: SELECT * FROM `contents` WHERE (  enable=1 and cateid=1  ) LIMIT 1   [ RunTime:0.000316s ]
NOTIC: [8] Undefined index:  HTTP_ACCEPT_LANGUAGE D:\enkjhost\mayning1\web\home\Lib\Action\UtilAction.class.php 第 96 行.
SQL: SHOW COLUMNS FROM `visters` [ RunTime:0.013976s ]
SQL: INSERT INTO `visters` (`ctime`,`info`,`ip`,`page`) VALUES ('2014-12-22 16:45','中国 北京 北京、WindowsEnglish系统、MSIE浏览器、','218.241.106.14','系统首页') [ RunTime:0.013456s ]
SQL: SHOW COLUMNS FROM `products` [ RunTime:0.015476s ]
SQL: SELECT * FROM `products` WHERE (  enable=1 and state=1  ) ORDER BY  sorts desc  [ RunTime:0.001172s ]
SQL: SELECT * FROM `products` WHERE (  enable=1 and state=2  ) ORDER BY  sorts desc  [ RunTime:0.000672s ]
INFO: [ view_parse ] --START--
INFO: ParseTemplate Behavior ::run [ RunTime:0.047453s ]
INFO: [ view_parse ] --END-- [ RunTime:0.047587s ]
INFO: [ view_filter ] --START--
INFO: ContentReplace Behavior ::run [ RunTime:0.001881s ]
INFO: TokenBuild Behavior ::run [ RunTime:0.002728s ]
INFO: WriteHtmlCache Behavior ::run [ RunTime:0.001899s ]
INFO: ShowRuntime Behavior ::run [ RunTime:0.002966s ]
INFO: [ view_filter ] --END-- [ RunTime:0.009738s ]
INFO: [ view_end ] --START--
INFO: ShowPageTrace Behavior ::run [ RunTime:0.002334s ]
INFO: [ view_end ] --END-- [ RunTime:0.002435s ]

[ 2014-12-22 17:27:55 ] 61.135.190.102 /index.php
INFO: [ app_begin ] --START--
INFO: ReadHtmlCache Behavior ::run [ RunTime:0.003497s ]
INFO: [ app_begin ] --END-- [ RunTime:0.003611s ]
SQL: SHOW COLUMNS FROM `contents` [ RunTime:0.020551s ]
SQL: SELECT * FROM `contents` WHERE (  enable=1 and cateid=4  ) LIMIT 1   [ RunTime:0.000425s ]
SQL: SELECT * FROM `contents` WHERE (  enable=1 and cateid=1  ) LIMIT 1   [ RunTime:0.000328s ]
SQL: SHOW COLUMNS FROM `visters` [ RunTime:0.013748s ]
SQL: INSERT INTO `visters` (`ctime`,`info`,`ip`,`page`) VALUES ('2014-12-22 17:27','中国 北京 北京、WindowsEnglish系统、Chrome浏览器、','61.135.190.102','系统首页') [ RunTime:0.011477s ]
SQL: SHOW COLUMNS FROM `products` [ RunTime:0.017229s ]
SQL: SELECT * FROM `products` WHERE (  enable=1 and state=1  ) ORDER BY  sorts desc  [ RunTime:0.000942s ]
SQL: SELECT * FROM `products` WHERE (  enable=1 and state=2  ) ORDER BY  sorts desc  [ RunTime:0.000523s ]
INFO: [ view_parse ] --START--
INFO: ParseTemplate Behavior ::run [ RunTime:0.041548s ]
INFO: [ view_parse ] --END-- [ RunTime:0.041674s ]
INFO: [ view_filter ] --START--
INFO: ContentReplace Behavior ::run [ RunTime:0.002037s ]
INFO: TokenBuild Behavior ::run [ RunTime:0.002913s ]
INFO: WriteHtmlCache Behavior ::run [ RunTime:0.001868s ]
INFO: ShowRuntime Behavior ::run [ RunTime:0.003112s ]
INFO: [ view_filter ] --END-- [ RunTime:0.010191s ]
INFO: [ view_end ] --START--
INFO: ShowPageTrace Behavior ::run [ RunTime:0.002448s ]
INFO: [ view_end ] --END-- [ RunTime:0.002546s ]

[ 2014-12-22 19:20:07 ] 203.208.60.224 /index.php
INFO: [ app_begin ] --START--
INFO: ReadHtmlCache Behavior ::run [ RunTime:0.004207s ]
INFO: [ app_begin ] --END-- [ RunTime:0.004327s ]
SQL: SHOW COLUMNS FROM `contents` [ RunTime:0.021777s ]
SQL: SELECT * FROM `contents` WHERE (  enable=1 and cateid=4  ) LIMIT 1   [ RunTime:0.000412s ]
SQL: SELECT * FROM `contents` WHERE (  enable=1 and cateid=1  ) LIMIT 1   [ RunTime:0.000323s ]
NOTIC: [8] Undefined index:  HTTP_ACCEPT_LANGUAGE D:\enkjhost\mayning1\web\home\Lib\Action\UtilAction.class.php 第 96 行.
SQL: SHOW COLUMNS FROM `visters` [ RunTime:0.022960s ]
SQL: INSERT INTO `visters` (`ctime`,`info`,`ip`,`page`) VALUES ('2014-12-22 19:20','中国 北京 北京、MACEnglish系统、Safari浏览器、','203.208.60.224','系统首页') [ RunTime:0.010884s ]
SQL: SHOW COLUMNS FROM `products` [ RunTime:0.024614s ]
SQL: SELECT * FROM `products` WHERE (  enable=1 and state=1  ) ORDER BY  sorts desc  [ RunTime:0.001171s ]
SQL: SELECT * FROM `products` WHERE (  enable=1 and state=2  ) ORDER BY  sorts desc  [ RunTime:0.000593s ]
INFO: [ view_parse ] --START--
INFO: ParseTemplate Behavior ::run [ RunTime:0.044477s ]
INFO: [ view_parse ] --END-- [ RunTime:0.044614s ]
INFO: [ view_filter ] --START--
INFO: ContentReplace Behavior ::run [ RunTime:0.003339s ]
INFO: TokenBuild Behavior ::run [ RunTime:0.003071s ]
INFO: WriteHtmlCache Behavior ::run [ RunTime:0.002417s ]
INFO: ShowRuntime Behavior ::run [ RunTime:0.002832s ]
INFO: [ view_filter ] --END-- [ RunTime:0.011906s ]
INFO: [ view_end ] --START--
INFO: ShowPageTrace Behavior ::run [ RunTime:0.003372s ]
INFO: [ view_end ] --END-- [ RunTime:0.003455s ]

[ 2014-12-22 20:06:52 ] 180.153.205.252 /index.php
INFO: [ app_begin ] --START--
INFO: ReadHtmlCache Behavior ::run [ RunTime:0.003384s ]
INFO: [ app_begin ] --END-- [ RunTime:0.003486s ]
SQL: SHOW COLUMNS FROM `contents` [ RunTime:0.032008s ]
SQL: SELECT * FROM `contents` WHERE (  enable=1 and cateid=4  ) LIMIT 1   [ RunTime:0.000409s ]
SQL: SELECT * FROM `contents` WHERE (  enable=1 and cateid=1  ) LIMIT 1   [ RunTime:0.000372s ]
SQL: SHOW COLUMNS FROM `visters` [ RunTime:0.021304s ]
SQL: INSERT INTO `visters` (`ctime`,`info`,`ip`,`page`) VALUES ('2014-12-22 20:06','中国 上海 上海、Other简体中文系统、Other浏览器、','180.153.205.252','系统首页') [ RunTime:0.011038s ]
SQL: SHOW COLUMNS FROM `products` [ RunTime:0.023614s ]
SQL: SELECT * FROM `products` WHERE (  enable=1 and state=1  ) ORDER BY  sorts desc  [ RunTime:0.001130s ]
SQL: SELECT * FROM `products` WHERE (  enable=1 and state=2  ) ORDER BY  sorts desc  [ RunTime:0.000598s ]
INFO: [ view_parse ] --START--
INFO: ParseTemplate Behavior ::run [ RunTime:0.048361s ]
INFO: [ view_parse ] --END-- [ RunTime:0.048499s ]
INFO: [ view_filter ] --START--
INFO: ContentReplace Behavior ::run [ RunTime:0.002907s ]
INFO: TokenBuild Behavior ::run [ RunTime:0.002600s ]
INFO: WriteHtmlCache Behavior ::run [ RunTime:0.002216s ]
INFO: ShowRuntime Behavior ::run [ RunTime:0.002661s ]
INFO: [ view_filter ] --END-- [ RunTime:0.010593s ]
INFO: [ view_end ] --START--
INFO: ShowPageTrace Behavior ::run [ RunTime:0.003132s ]
INFO: [ view_end ] --END-- [ RunTime:0.003205s ]

[ 2014-12-22 22:17:49 ] 180.76.6.158 /index.php/Index/product?procate=20&procate2=29
INFO: [ route_check ] --START--
INFO: CheckRoute Behavior ::run [ RunTime:0.002061s ]
INFO: [ route_check ] --END-- [ RunTime:0.002117s ]
INFO: [ app_begin ] --START--
INFO: ReadHtmlCache Behavior ::run [ RunTime:0.001769s ]
INFO: [ app_begin ] --END-- [ RunTime:0.001812s ]
SQL: SHOW COLUMNS FROM `contents` [ RunTime:0.010824s ]
SQL: SELECT * FROM `contents` WHERE (  enable=1 and cateid=4  ) LIMIT 1   [ RunTime:0.000203s ]
SQL: SELECT * FROM `contents` WHERE (  enable=1 and cateid=1  ) LIMIT 1   [ RunTime:0.000156s ]
SQL: SHOW COLUMNS FROM `visters` [ RunTime:0.009792s ]
SQL: INSERT INTO `visters` (`ctime`,`info`,`ip`,`page`) VALUES ('2014-12-22 22:17','中国 北京 北京、OtherEnglish系统、Other浏览器、','180.76.6.158','产品页面') [ RunTime:0.008436s ]
SQL: SHOW COLUMNS FROM `procate` [ RunTime:0.012636s ]
SQL: SHOW COLUMNS FROM `products` [ RunTime:0.009898s ]
SQL: SELECT * FROM `procate` WHERE ( id=20 ) LIMIT 1   [ RunTime:0.000177s ]
SQL: SELECT * FROM `procate` WHERE ( id=29 ) LIMIT 1   [ RunTime:0.000148s ]
SQL: SELECT * FROM `procate` WHERE ( pid=20 )  [ RunTime:0.000139s ]
SQL: select count(*) as count from products a left join procate b on a.proid = b.id where 1=1 and a.enable=1 and b.enable=1  and ( b.pid=29 or b.id=29) [ RunTime:0.000306s ]
SQL: select a.id,a.title,a.info,a.imgs,a.ctime from products a left join procate b on a.proid = b.id where 1=1 and a.enable=1 and b.enable=1  and ( b.pid=29 or b.id=29) order by a.sorts desc limit 0,9 [ RunTime:0.000542s ]
SQL: SELECT * FROM `procate` WHERE (  enable =1 and pid=0   ) ORDER BY  sorts desc  [ RunTime:0.000191s ]
INFO: [ view_parse ] --START--
INFO: ParseTemplate Behavior ::run [ RunTime:0.023602s ]
INFO: [ view_parse ] --END-- [ RunTime:0.023664s ]
INFO: [ view_filter ] --START--
INFO: ContentReplace Behavior ::run [ RunTime:0.001126s ]
INFO: TokenBuild Behavior ::run [ RunTime:0.001496s ]
INFO: WriteHtmlCache Behavior ::run [ RunTime:0.001289s ]
INFO: ShowRuntime Behavior ::run [ RunTime:0.001414s ]
INFO: [ view_filter ] --END-- [ RunTime:0.005437s ]
INFO: [ view_end ] --START--
INFO: ShowPageTrace Behavior ::run [ RunTime:0.001414s ]
INFO: [ view_end ] --END-- [ RunTime:0.001457s ]

[ 2014-12-22 22:50:32 ] 220.181.108.145 /index.php/Index/product?procate=13
INFO: [ route_check ] --START--
INFO: CheckRoute Behavior ::run [ RunTime:0.002079s ]
INFO: [ route_check ] --END-- [ RunTime:0.002165s ]
INFO: [ app_begin ] --START--
INFO: ReadHtmlCache Behavior ::run [ RunTime:0.001691s ]
INFO: [ app_begin ] --END-- [ RunTime:0.001765s ]
SQL: SHOW COLUMNS FROM `contents` [ RunTime:0.022259s ]
SQL: SELECT * FROM `contents` WHERE (  enable=1 and cateid=4  ) LIMIT 1   [ RunTime:0.000404s ]
SQL: SELECT * FROM `contents` WHERE (  enable=1 and cateid=1  ) LIMIT 1   [ RunTime:0.000323s ]
SQL: SHOW COLUMNS FROM `visters` [ RunTime:0.013731s ]
SQL: INSERT INTO `visters` (`ctime`,`info`,`ip`,`page`) VALUES ('2014-12-22 22:50','中国 北京 北京、Other简体中文系统、Other浏览器、','220.181.108.145','产品页面') [ RunTime:0.010832s ]
SQL: SHOW COLUMNS FROM `procate` [ RunTime:0.020667s ]
SQL: SHOW COLUMNS FROM `products` [ RunTime:0.021656s ]
NOTIC: [8] Undefined index:  procate2 D:\enkjhost\mayning1\web\home\Lib\Action\IndexAction.class.php 第 176 行.
SQL: SELECT * FROM `procate` WHERE ( id=13 ) LIMIT 1   [ RunTime:0.000342s ]
SQL: SELECT * FROM `procate` WHERE ( id=%d ) LIMIT 1   [ RunTime:0.000194s ]
ERR: 1064:You have an error in your SQL syntax; check the manual that corresponds to your MySQL server version for the right syntax to use near '%d ) LIMIT 1' at line 1
 [ SQL语句 ] : SELECT * FROM `procate` WHERE ( id=%d ) LIMIT 1  
SQL: SELECT * FROM `procate` WHERE ( pid=13 )  [ RunTime:0.000321s ]
SQL: select count(*) as count from products a left join procate b on a.proid = b.id where 1=1 and a.enable=1 and b.enable=1  and ( b.pid=13 or b.id=13) [ RunTime:0.000606s ]
SQL: select a.id,a.title,a.info,a.imgs,a.ctime from products a left join procate b on a.proid = b.id where 1=1 and a.enable=1 and b.enable=1  and ( b.pid=13 or b.id=13) order by a.sorts desc limit 0,9 [ RunTime:0.001052s ]
SQL: SELECT * FROM `procate` WHERE (  enable =1 and pid=0   ) ORDER BY  sorts desc  [ RunTime:0.000449s ]
INFO: [ view_parse ] --START--
INFO: ParseTemplate Behavior ::run [ RunTime:0.044017s ]
INFO: [ view_parse ] --END-- [ RunTime:0.044133s ]
INFO: [ view_filter ] --START--
INFO: ContentReplace Behavior ::run [ RunTime:0.003003s ]
INFO: TokenBuild Behavior ::run [ RunTime:0.003028s ]
INFO: WriteHtmlCache Behavior ::run [ RunTime:0.002792s ]
INFO: ShowRuntime Behavior ::run [ RunTime:0.003363s ]
INFO: [ view_filter ] --END-- [ RunTime:0.012461s ]
INFO: [ view_end ] --START--
INFO: ShowPageTrace Behavior ::run [ RunTime:0.002474s ]
INFO: [ view_end ] --END-- [ RunTime:0.002572s ]

