[ 2014-12-24 00:23:06 ] 203.208.60.230 /index.php/Index/productInfo?id=58
INFO: [ route_check ] --START--
INFO: CheckRoute Behavior ::run [ RunTime:0.003714s ]
INFO: [ route_check ] --END-- [ RunTime:0.003774s ]
INFO: [ app_begin ] --START--
INFO: ReadHtmlCache Behavior ::run [ RunTime:0.003342s ]
INFO: [ app_begin ] --END-- [ RunTime:0.003386s ]
SQL: SHOW COLUMNS FROM `contents` [ RunTime:0.006111s ]
SQL: SELECT * FROM `contents` WHERE (  enable=1 and cateid=4  ) LIMIT 1   [ RunTime:0.000216s ]
SQL: SELECT * FROM `contents` WHERE (  enable=1 and cateid=1  ) LIMIT 1   [ RunTime:0.000141s ]
NOTIC: [8] Undefined index:  HTTP_ACCEPT_LANGUAGE D:\enkjhost\mayning1\web\home\Lib\Action\UtilAction.class.php 第 96 行.
SQL: SHOW COLUMNS FROM `visters` [ RunTime:0.003812s ]
ERR: 1036:Table 'C:\Windows\TEMP\#sql91e4_b3ef_1' is read only
 [ SQL语句 ] : SHOW COLUMNS FROM `visters`
SQL: INSERT INTO `visters` (`ctime`,`info`,`ip`,`page`) VALUES ('2014-12-24 00:23','中国 北京 北京、OtherEnglish系统、Other浏览器、','203.208.60.230','产品详情页面') [ RunTime:0.174121s ]
SQL: SHOW COLUMNS FROM `procate` [ RunTime:0.006644s ]
SQL: SHOW COLUMNS FROM `products` [ RunTime:0.005864s ]
NOTIC: [8] Undefined index:  procate D:\enkjhost\mayning1\web\home\Lib\Action\IndexAction.class.php 第 243 行.
NOTIC: [8] Undefined index:  procate2 D:\enkjhost\mayning1\web\home\Lib\Action\IndexAction.class.php 第 244 行.
SQL: SELECT * FROM `procate` WHERE ( id=%d ) LIMIT 1   [ RunTime:0.000087s ]
ERR: 1064:You have an error in your SQL syntax; check the manual that corresponds to your MySQL server version for the right syntax to use near '%d ) LIMIT 1' at line 1
 [ SQL语句 ] : SELECT * FROM `procate` WHERE ( id=%d ) LIMIT 1  
SQL: SELECT * FROM `procate` WHERE ( id=%d ) LIMIT 1   [ RunTime:0.000061s ]
ERR: 1064:You have an error in your SQL syntax; check the manual that corresponds to your MySQL server version for the right syntax to use near '%d ) LIMIT 1' at line 1
 [ SQL语句 ] : SELECT * FROM `procate` WHERE ( id=%d ) LIMIT 1  
SQL: SELECT * FROM `procate` WHERE (  enable =1 and pid=0  ) ORDER BY  sorts desc  [ RunTime:0.000241s ]
SQL: SELECT * FROM `products` WHERE (  id=58 ) LIMIT 1   [ RunTime:0.000140s ]
SQL: SELECT * FROM `procate` WHERE ( id=21 ) LIMIT 1   [ RunTime:0.000099s ]
SQL: SELECT * FROM `procate` WHERE ( id=0 ) LIMIT 1   [ RunTime:0.000094s ]
INFO: [ view_parse ] --START--
INFO: ParseTemplate Behavior ::run [ RunTime:0.033010s ]
INFO: [ view_parse ] --END-- [ RunTime:0.033067s ]
INFO: [ view_filter ] --START--
INFO: ContentReplace Behavior ::run [ RunTime:0.003253s ]
INFO: TokenBuild Behavior ::run [ RunTime:0.003529s ]
INFO: WriteHtmlCache Behavior ::run [ RunTime:0.003295s ]
INFO: ShowRuntime Behavior ::run [ RunTime:0.003471s ]
INFO: [ view_filter ] --END-- [ RunTime:0.013664s ]
INFO: [ view_end ] --START--
INFO: ShowPageTrace Behavior ::run [ RunTime:0.003716s ]
INFO: [ view_end ] --END-- [ RunTime:0.003760s ]

[ 2014-12-24 01:07:13 ] 203.208.60.224 /index.php/Index/productInfo?id=130
INFO: [ route_check ] --START--
INFO: CheckRoute Behavior ::run [ RunTime:0.006776s ]
INFO: [ route_check ] --END-- [ RunTime:0.006894s ]
INFO: [ app_begin ] --START--
INFO: ReadHtmlCache Behavior ::run [ RunTime:0.007850s ]
INFO: [ app_begin ] --END-- [ RunTime:0.007952s ]
SQL: SHOW COLUMNS FROM `contents` [ RunTime:0.012050s ]
SQL: SELECT * FROM `contents` WHERE (  enable=1 and cateid=4  ) LIMIT 1   [ RunTime:0.000318s ]
SQL: SELECT * FROM `contents` WHERE (  enable=1 and cateid=1  ) LIMIT 1   [ RunTime:0.000302s ]
NOTIC: [8] Undefined index:  HTTP_ACCEPT_LANGUAGE D:\enkjhost\mayning1\web\home\Lib\Action\UtilAction.class.php 第 96 行.
SQL: SHOW COLUMNS FROM `visters` [ RunTime:0.016066s ]
SQL: INSERT INTO `visters` (`ctime`,`info`,`ip`,`page`) VALUES ('2014-12-24 01:07','中国 北京 北京、OtherEnglish系统、Other浏览器、','203.208.60.224','产品详情页面') [ RunTime:0.009051s ]
SQL: SHOW COLUMNS FROM `procate` [ RunTime:0.014387s ]
SQL: SHOW COLUMNS FROM `products` [ RunTime:0.013625s ]
NOTIC: [8] Undefined index:  procate D:\enkjhost\mayning1\web\home\Lib\Action\IndexAction.class.php 第 243 行.
NOTIC: [8] Undefined index:  procate2 D:\enkjhost\mayning1\web\home\Lib\Action\IndexAction.class.php 第 244 行.
SQL: SELECT * FROM `procate` WHERE ( id=%d ) LIMIT 1   [ RunTime:0.000232s ]
ERR: 1064:You have an error in your SQL syntax; check the manual that corresponds to your MySQL server version for the right syntax to use near '%d ) LIMIT 1' at line 1
 [ SQL语句 ] : SELECT * FROM `procate` WHERE ( id=%d ) LIMIT 1  
SQL: SELECT * FROM `procate` WHERE ( id=%d ) LIMIT 1   [ RunTime:0.000215s ]
ERR: 1064:You have an error in your SQL syntax; check the manual that corresponds to your MySQL server version for the right syntax to use near '%d ) LIMIT 1' at line 1
 [ SQL语句 ] : SELECT * FROM `procate` WHERE ( id=%d ) LIMIT 1  
SQL: SELECT * FROM `procate` WHERE (  enable =1 and pid=0  ) ORDER BY  sorts desc  [ RunTime:0.000582s ]
SQL: SELECT * FROM `products` WHERE (  id=130 ) LIMIT 1   [ RunTime:0.000347s ]
SQL: SELECT * FROM `procate` WHERE ( id=37 ) LIMIT 1   [ RunTime:0.000275s ]
SQL: SELECT * FROM `procate` WHERE ( id=0 ) LIMIT 1   [ RunTime:0.000255s ]
INFO: [ view_parse ] --START--
INFO: ParseTemplate Behavior ::run [ RunTime:0.060180s ]
INFO: [ view_parse ] --END-- [ RunTime:0.060292s ]
INFO: [ view_filter ] --START--
INFO: ContentReplace Behavior ::run [ RunTime:0.005653s ]
INFO: TokenBuild Behavior ::run [ RunTime:0.006497s ]
INFO: WriteHtmlCache Behavior ::run [ RunTime:0.006418s ]
INFO: ShowRuntime Behavior ::run [ RunTime:0.006812s ]
INFO: [ view_filter ] --END-- [ RunTime:0.025616s ]
INFO: [ view_end ] --START--
INFO: ShowPageTrace Behavior ::run [ RunTime:0.005854s ]
INFO: [ view_end ] --END-- [ RunTime:0.005942s ]

[ 2014-12-24 01:43:07 ] 61.135.189.171 /index.php/Index/productInfo?id=116
INFO: [ route_check ] --START--
INFO: CheckRoute Behavior ::run [ RunTime:0.008876s ]
INFO: [ route_check ] --END-- [ RunTime:0.008992s ]
INFO: [ app_begin ] --START--
INFO: ReadHtmlCache Behavior ::run [ RunTime:0.008071s ]
INFO: [ app_begin ] --END-- [ RunTime:0.008162s ]
SQL: SHOW COLUMNS FROM `contents` [ RunTime:0.013719s ]
SQL: SELECT * FROM `contents` WHERE (  enable=1 and cateid=4  ) LIMIT 1   [ RunTime:0.000357s ]
SQL: SELECT * FROM `contents` WHERE (  enable=1 and cateid=1  ) LIMIT 1   [ RunTime:0.000272s ]
SQL: SHOW COLUMNS FROM `visters` [ RunTime:0.016134s ]
SQL: INSERT INTO `visters` (`ctime`,`info`,`ip`,`page`) VALUES ('2014-12-24 01:43','中国 北京 北京、Other简体中文系统、Other浏览器、','61.135.189.171','产品详情页面') [ RunTime:0.010344s ]
SQL: SHOW COLUMNS FROM `procate` [ RunTime:0.014371s ]
SQL: SHOW COLUMNS FROM `products` [ RunTime:0.013623s ]
NOTIC: [8] Undefined index:  procate D:\enkjhost\mayning1\web\home\Lib\Action\IndexAction.class.php 第 243 行.
NOTIC: [8] Undefined index:  procate2 D:\enkjhost\mayning1\web\home\Lib\Action\IndexAction.class.php 第 244 行.
SQL: SELECT * FROM `procate` WHERE ( id=%d ) LIMIT 1   [ RunTime:0.000204s ]
ERR: 1064:You have an error in your SQL syntax; check the manual that corresponds to your MySQL server version for the right syntax to use near '%d ) LIMIT 1' at line 1
 [ SQL语句 ] : SELECT * FROM `procate` WHERE ( id=%d ) LIMIT 1  
SQL: SELECT * FROM `procate` WHERE ( id=%d ) LIMIT 1   [ RunTime:0.000182s ]
ERR: 1064:You have an error in your SQL syntax; check the manual that corresponds to your MySQL server version for the right syntax to use near '%d ) LIMIT 1' at line 1
 [ SQL语句 ] : SELECT * FROM `procate` WHERE ( id=%d ) LIMIT 1  
SQL: SELECT * FROM `procate` WHERE (  enable =1 and pid=0  ) ORDER BY  sorts desc  [ RunTime:0.000520s ]
SQL: SELECT * FROM `products` WHERE (  id=116 ) LIMIT 1   [ RunTime:0.000328s ]
SQL: SELECT * FROM `procate` WHERE ( id=31 ) LIMIT 1   [ RunTime:0.000260s ]
SQL: SELECT * FROM `procate` WHERE ( id=20 ) LIMIT 1   [ RunTime:0.000248s ]
INFO: [ view_parse ] --START--
INFO: ParseTemplate Behavior ::run [ RunTime:0.076829s ]
INFO: [ view_parse ] --END-- [ RunTime:0.076950s ]
INFO: [ view_filter ] --START--
INFO: ContentReplace Behavior ::run [ RunTime:0.007936s ]
INFO: TokenBuild Behavior ::run [ RunTime:0.007650s ]
INFO: WriteHtmlCache Behavior ::run [ RunTime:0.006956s ]
INFO: ShowRuntime Behavior ::run [ RunTime:0.008062s ]
INFO: [ view_filter ] --END-- [ RunTime:0.030868s ]
INFO: [ view_end ] --START--
INFO: ShowPageTrace Behavior ::run [ RunTime:0.008456s ]
INFO: [ view_end ] --END-- [ RunTime:0.008562s ]

[ 2014-12-24 01:43:32 ] 61.135.189.171 /index.php/Index/productInfo?id=33
INFO: [ route_check ] --START--
INFO: CheckRoute Behavior ::run [ RunTime:0.005994s ]
INFO: [ route_check ] --END-- [ RunTime:0.006101s ]
INFO: [ app_begin ] --START--
INFO: ReadHtmlCache Behavior ::run [ RunTime:0.006956s ]
INFO: [ app_begin ] --END-- [ RunTime:0.007044s ]
SQL: SHOW COLUMNS FROM `contents` [ RunTime:0.014953s ]
SQL: SELECT * FROM `contents` WHERE (  enable=1 and cateid=4  ) LIMIT 1   [ RunTime:0.000409s ]
SQL: SELECT * FROM `contents` WHERE (  enable=1 and cateid=1  ) LIMIT 1   [ RunTime:0.000323s ]
SQL: SHOW COLUMNS FROM `visters` [ RunTime:0.014018s ]
SQL: INSERT INTO `visters` (`ctime`,`info`,`ip`,`page`) VALUES ('2014-12-24 01:43','中国 北京 北京、Other简体中文系统、Other浏览器、','61.135.189.171','产品详情页面') [ RunTime:0.009700s ]
SQL: SHOW COLUMNS FROM `procate` [ RunTime:0.013743s ]
SQL: SHOW COLUMNS FROM `products` [ RunTime:0.013804s ]
NOTIC: [8] Undefined index:  procate D:\enkjhost\mayning1\web\home\Lib\Action\IndexAction.class.php 第 243 行.
NOTIC: [8] Undefined index:  procate2 D:\enkjhost\mayning1\web\home\Lib\Action\IndexAction.class.php 第 244 行.
SQL: SELECT * FROM `procate` WHERE ( id=%d ) LIMIT 1   [ RunTime:0.000230s ]
ERR: 1064:You have an error in your SQL syntax; check the manual that corresponds to your MySQL server version for the right syntax to use near '%d ) LIMIT 1' at line 1
 [ SQL语句 ] : SELECT * FROM `procate` WHERE ( id=%d ) LIMIT 1  
SQL: SELECT * FROM `procate` WHERE ( id=%d ) LIMIT 1   [ RunTime:0.000207s ]
ERR: 1064:You have an error in your SQL syntax; check the manual that corresponds to your MySQL server version for the right syntax to use near '%d ) LIMIT 1' at line 1
 [ SQL语句 ] : SELECT * FROM `procate` WHERE ( id=%d ) LIMIT 1  
SQL: SELECT * FROM `procate` WHERE (  enable =1 and pid=0  ) ORDER BY  sorts desc  [ RunTime:0.000537s ]
SQL: SELECT * FROM `products` WHERE (  id=33 ) LIMIT 1   [ RunTime:0.000377s ]
SQL: SELECT * FROM `procate` WHERE ( id=37 ) LIMIT 1   [ RunTime:0.000318s ]
SQL: SELECT * FROM `procate` WHERE ( id=0 ) LIMIT 1   [ RunTime:0.000309s ]
INFO: [ view_parse ] --START--
INFO: ParseTemplate Behavior ::run [ RunTime:0.063808s ]
INFO: [ view_parse ] --END-- [ RunTime:0.063928s ]
INFO: [ view_filter ] --START--
INFO: ContentReplace Behavior ::run [ RunTime:0.005858s ]
INFO: TokenBuild Behavior ::run [ RunTime:0.005406s ]
INFO: WriteHtmlCache Behavior ::run [ RunTime:0.005291s ]
INFO: ShowRuntime Behavior ::run [ RunTime:0.006790s ]
INFO: [ view_filter ] --END-- [ RunTime:0.023573s ]
INFO: [ view_end ] --START--
INFO: ShowPageTrace Behavior ::run [ RunTime:0.006256s ]
INFO: [ view_end ] --END-- [ RunTime:0.006351s ]

[ 2014-12-24 01:43:56 ] 61.135.189.171 /index.php/Index/product?procate=&procate2=25
INFO: [ route_check ] --START--
INFO: CheckRoute Behavior ::run [ RunTime:0.008260s ]
INFO: [ route_check ] --END-- [ RunTime:0.008362s ]
INFO: [ app_begin ] --START--
INFO: ReadHtmlCache Behavior ::run [ RunTime:0.005671s ]
INFO: [ app_begin ] --END-- [ RunTime:0.005755s ]
SQL: SHOW COLUMNS FROM `contents` [ RunTime:0.012425s ]
SQL: SELECT * FROM `contents` WHERE (  enable=1 and cateid=4  ) LIMIT 1   [ RunTime:0.000464s ]
SQL: SELECT * FROM `contents` WHERE (  enable=1 and cateid=1  ) LIMIT 1   [ RunTime:0.000270s ]
SQL: SHOW COLUMNS FROM `visters` [ RunTime:0.014195s ]
SQL: INSERT INTO `visters` (`ctime`,`info`,`ip`,`page`) VALUES ('2014-12-24 01:43','中国 北京 北京、Other简体中文系统、Other浏览器、','61.135.189.171','产品页面') [ RunTime:0.011074s ]
SQL: SHOW COLUMNS FROM `procate` [ RunTime:0.013993s ]
SQL: SHOW COLUMNS FROM `products` [ RunTime:0.014144s ]
SQL: SELECT * FROM `procate` WHERE ( id=0 ) LIMIT 1   [ RunTime:0.000317s ]
SQL: SELECT * FROM `procate` WHERE ( id=25 ) LIMIT 1   [ RunTime:0.000255s ]
SQL: select count(*) as count from products a left join procate b on a.proid = b.id where 1=1 and a.enable=1 and b.enable=1  [ RunTime:0.000593s ]
SQL: select a.id,a.title,a.info,a.imgs,a.ctime from products a left join procate b on a.proid = b.id where 1=1 and a.enable=1 and b.enable=1  order by a.sorts desc limit 0,9 [ RunTime:0.000614s ]
SQL: SELECT * FROM `procate` WHERE (  enable =1 and pid=0   ) ORDER BY  sorts desc  [ RunTime:0.000455s ]
NOTIC: [8] Undefined variable: cate2List D:\enkjhost\mayning1\web\home\Lib\Action\IndexAction.class.php 第 220 行.
INFO: [ view_parse ] --START--
INFO: ParseTemplate Behavior ::run [ RunTime:0.077850s ]
INFO: [ view_parse ] --END-- [ RunTime:0.077974s ]
INFO: [ view_filter ] --START--
INFO: ContentReplace Behavior ::run [ RunTime:0.006774s ]
INFO: TokenBuild Behavior ::run [ RunTime:0.006603s ]
INFO: WriteHtmlCache Behavior ::run [ RunTime:0.006150s ]
INFO: ShowRuntime Behavior ::run [ RunTime:0.008714s ]
INFO: [ view_filter ] --END-- [ RunTime:0.028511s ]
INFO: [ view_end ] --START--
INFO: ShowPageTrace Behavior ::run [ RunTime:0.007056s ]
INFO: [ view_end ] --END-- [ RunTime:0.007152s ]

[ 2014-12-24 02:20:34 ] 203.208.60.231 /index.php/Index/productInfo?id=30
INFO: [ route_check ] --START--
INFO: CheckRoute Behavior ::run [ RunTime:0.008757s ]
INFO: [ route_check ] --END-- [ RunTime:0.008874s ]
INFO: [ app_begin ] --START--
INFO: ReadHtmlCache Behavior ::run [ RunTime:0.006906s ]
INFO: [ app_begin ] --END-- [ RunTime:0.006998s ]
SQL: SHOW COLUMNS FROM `contents` [ RunTime:0.014332s ]
SQL: SELECT * FROM `contents` WHERE (  enable=1 and cateid=4  ) LIMIT 1   [ RunTime:0.000398s ]
SQL: SELECT * FROM `contents` WHERE (  enable=1 and cateid=1  ) LIMIT 1   [ RunTime:0.000308s ]
NOTIC: [8] Undefined index:  HTTP_ACCEPT_LANGUAGE D:\enkjhost\mayning1\web\home\Lib\Action\UtilAction.class.php 第 96 行.
SQL: SHOW COLUMNS FROM `visters` [ RunTime:0.016029s ]
SQL: INSERT INTO `visters` (`ctime`,`info`,`ip`,`page`) VALUES ('2014-12-24 02:20','中国 北京 北京、OtherEnglish系统、Other浏览器、','203.208.60.231','产品详情页面') [ RunTime:0.010079s ]
SQL: SHOW COLUMNS FROM `procate` [ RunTime:0.010004s ]
SQL: SHOW COLUMNS FROM `products` [ RunTime:0.010582s ]
NOTIC: [8] Undefined index:  procate D:\enkjhost\mayning1\web\home\Lib\Action\IndexAction.class.php 第 243 行.
NOTIC: [8] Undefined index:  procate2 D:\enkjhost\mayning1\web\home\Lib\Action\IndexAction.class.php 第 244 行.
SQL: SELECT * FROM `procate` WHERE ( id=%d ) LIMIT 1   [ RunTime:0.000207s ]
ERR: 1064:You have an error in your SQL syntax; check the manual that corresponds to your MySQL server version for the right syntax to use near '%d ) LIMIT 1' at line 1
 [ SQL语句 ] : SELECT * FROM `procate` WHERE ( id=%d ) LIMIT 1  
SQL: SELECT * FROM `procate` WHERE ( id=%d ) LIMIT 1   [ RunTime:0.000158s ]
ERR: 1064:You have an error in your SQL syntax; check the manual that corresponds to your MySQL server version for the right syntax to use near '%d ) LIMIT 1' at line 1
 [ SQL语句 ] : SELECT * FROM `procate` WHERE ( id=%d ) LIMIT 1  
SQL: SELECT * FROM `procate` WHERE (  enable =1 and pid=0  ) ORDER BY  sorts desc  [ RunTime:0.000484s ]
SQL: SELECT * FROM `products` WHERE (  id=30 ) LIMIT 1   [ RunTime:0.000323s ]
SQL: SELECT * FROM `procate` WHERE ( id=26 ) LIMIT 1   [ RunTime:0.000248s ]
SQL: SELECT * FROM `procate` WHERE ( id=0 ) LIMIT 1   [ RunTime:0.000236s ]
INFO: [ view_parse ] --START--
INFO: ParseTemplate Behavior ::run [ RunTime:0.073677s ]
INFO: [ view_parse ] --END-- [ RunTime:0.073796s ]
INFO: [ view_filter ] --START--
INFO: ContentReplace Behavior ::run [ RunTime:0.007644s ]
INFO: TokenBuild Behavior ::run [ RunTime:0.007485s ]
INFO: WriteHtmlCache Behavior ::run [ RunTime:0.007012s ]
INFO: ShowRuntime Behavior ::run [ RunTime:0.007534s ]
INFO: [ view_filter ] --END-- [ RunTime:0.029947s ]
INFO: [ view_end ] --START--
INFO: ShowPageTrace Behavior ::run [ RunTime:0.008039s ]
INFO: [ view_end ] --END-- [ RunTime:0.008138s ]

[ 2014-12-24 03:01:14 ] 123.125.71.82 /index.php/Index/contact
INFO: [ route_check ] --START--
INFO: CheckRoute Behavior ::run [ RunTime:0.008610s ]
INFO: [ route_check ] --END-- [ RunTime:0.008727s ]
INFO: [ app_begin ] --START--
INFO: ReadHtmlCache Behavior ::run [ RunTime:0.007629s ]
INFO: [ app_begin ] --END-- [ RunTime:0.007729s ]
SQL: SHOW COLUMNS FROM `contents` [ RunTime:0.014224s ]
SQL: SELECT * FROM `contents` WHERE (  enable=1 and cateid=4  ) LIMIT 1   [ RunTime:0.000386s ]
SQL: SELECT * FROM `contents` WHERE (  enable=1 and cateid=1  ) LIMIT 1   [ RunTime:0.000304s ]
SQL: SHOW COLUMNS FROM `visters` [ RunTime:0.016749s ]
SQL: INSERT INTO `visters` (`ctime`,`info`,`ip`,`page`) VALUES ('2014-12-24 03:01','中国 北京 北京、Other简体中文系统、Other浏览器、','123.125.71.82','产品详情页面') [ RunTime:0.010289s ]
SQL: SELECT * FROM `contents` WHERE (  enable=1 and cateid=3  ) LIMIT 1   [ RunTime:0.000376s ]
INFO: [ view_parse ] --START--
INFO: ParseTemplate Behavior ::run [ RunTime:0.072986s ]
INFO: [ view_parse ] --END-- [ RunTime:0.073120s ]
INFO: [ view_filter ] --START--
INFO: ContentReplace Behavior ::run [ RunTime:0.007308s ]
INFO: TokenBuild Behavior ::run [ RunTime:0.007560s ]
INFO: WriteHtmlCache Behavior ::run [ RunTime:0.007332s ]
INFO: ShowRuntime Behavior ::run [ RunTime:0.007436s ]
INFO: [ view_filter ] --END-- [ RunTime:0.029924s ]
INFO: [ view_end ] --START--
INFO: ShowPageTrace Behavior ::run [ RunTime:0.007436s ]
INFO: [ view_end ] --END-- [ RunTime:0.007519s ]

[ 2014-12-24 03:27:12 ] 203.208.60.232 /index.php
INFO: [ app_begin ] --START--
INFO: ReadHtmlCache Behavior ::run [ RunTime:0.003375s ]
INFO: [ app_begin ] --END-- [ RunTime:0.003432s ]
SQL: SHOW COLUMNS FROM `contents` [ RunTime:0.005847s ]
SQL: SELECT * FROM `contents` WHERE (  enable=1 and cateid=4  ) LIMIT 1   [ RunTime:0.000176s ]
SQL: SELECT * FROM `contents` WHERE (  enable=1 and cateid=1  ) LIMIT 1   [ RunTime:0.000123s ]
NOTIC: [8] Undefined index:  HTTP_ACCEPT_LANGUAGE D:\enkjhost\mayning1\web\home\Lib\Action\UtilAction.class.php 第 96 行.
SQL: SHOW COLUMNS FROM `visters` [ RunTime:0.006858s ]
SQL: INSERT INTO `visters` (`ctime`,`info`,`ip`,`page`) VALUES ('2014-12-24 03:27','中国 北京 北京、MACEnglish系统、Safari浏览器、','203.208.60.232','系统首页') [ RunTime:0.011346s ]
SQL: SHOW COLUMNS FROM `products` [ RunTime:0.007382s ]
SQL: SELECT * FROM `products` WHERE (  enable=1 and state=1  ) ORDER BY  sorts desc  [ RunTime:0.000570s ]
SQL: SELECT * FROM `products` WHERE (  enable=1 and state=2  ) ORDER BY  sorts desc  [ RunTime:0.000281s ]
INFO: [ view_parse ] --START--
INFO: ParseTemplate Behavior ::run [ RunTime:0.034846s ]
INFO: [ view_parse ] --END-- [ RunTime:0.034918s ]
INFO: [ view_filter ] --START--
INFO: ContentReplace Behavior ::run [ RunTime:0.003241s ]
INFO: TokenBuild Behavior ::run [ RunTime:0.003572s ]
INFO: WriteHtmlCache Behavior ::run [ RunTime:0.003124s ]
INFO: ShowRuntime Behavior ::run [ RunTime:0.003313s ]
INFO: [ view_filter ] --END-- [ RunTime:0.013368s ]
INFO: [ view_end ] --START--
INFO: ShowPageTrace Behavior ::run [ RunTime:0.003493s ]
INFO: [ view_end ] --END-- [ RunTime:0.003536s ]

[ 2014-12-24 03:28:22 ] 203.208.60.234 /index.php/Index/productInfo?id=58
INFO: [ route_check ] --START--
INFO: CheckRoute Behavior ::run [ RunTime:0.006774s ]
INFO: [ route_check ] --END-- [ RunTime:0.006869s ]
INFO: [ app_begin ] --START--
INFO: ReadHtmlCache Behavior ::run [ RunTime:0.005014s ]
INFO: [ app_begin ] --END-- [ RunTime:0.005090s ]
SQL: SHOW COLUMNS FROM `contents` [ RunTime:0.010706s ]
SQL: SELECT * FROM `contents` WHERE (  enable=1 and cateid=4  ) LIMIT 1   [ RunTime:0.000294s ]
SQL: SELECT * FROM `contents` WHERE (  enable=1 and cateid=1  ) LIMIT 1   [ RunTime:0.000221s ]
NOTIC: [8] Undefined index:  HTTP_ACCEPT_LANGUAGE D:\enkjhost\mayning1\web\home\Lib\Action\UtilAction.class.php 第 96 行.
SQL: SHOW COLUMNS FROM `visters` [ RunTime:0.015585s ]
SQL: INSERT INTO `visters` (`ctime`,`info`,`ip`,`page`) VALUES ('2014-12-24 03:28','中国 北京 北京、OtherEnglish系统、Other浏览器、','203.208.60.234','产品详情页面') [ RunTime:0.009750s ]
SQL: SHOW COLUMNS FROM `procate` [ RunTime:0.013697s ]
SQL: SHOW COLUMNS FROM `products` [ RunTime:0.012840s ]
NOTIC: [8] Undefined index:  procate D:\enkjhost\mayning1\web\home\Lib\Action\IndexAction.class.php 第 243 行.
NOTIC: [8] Undefined index:  procate2 D:\enkjhost\mayning1\web\home\Lib\Action\IndexAction.class.php 第 244 行.
SQL: SELECT * FROM `procate` WHERE ( id=%d ) LIMIT 1   [ RunTime:0.000194s ]
ERR: 1064:You have an error in your SQL syntax; check the manual that corresponds to your MySQL server version for the right syntax to use near '%d ) LIMIT 1' at line 1
 [ SQL语句 ] : SELECT * FROM `procate` WHERE ( id=%d ) LIMIT 1  
SQL: SELECT * FROM `procate` WHERE ( id=%d ) LIMIT 1   [ RunTime:0.000170s ]
ERR: 1064:You have an error in your SQL syntax; check the manual that corresponds to your MySQL server version for the right syntax to use near '%d ) LIMIT 1' at line 1
 [ SQL语句 ] : SELECT * FROM `procate` WHERE ( id=%d ) LIMIT 1  
SQL: SELECT * FROM `procate` WHERE (  enable =1 and pid=0  ) ORDER BY  sorts desc  [ RunTime:0.000514s ]
SQL: SELECT * FROM `products` WHERE (  id=58 ) LIMIT 1   [ RunTime:0.000326s ]
SQL: SELECT * FROM `procate` WHERE ( id=21 ) LIMIT 1   [ RunTime:0.000263s ]
SQL: SELECT * FROM `procate` WHERE ( id=0 ) LIMIT 1   [ RunTime:0.000242s ]
INFO: [ view_parse ] --START--
INFO: ParseTemplate Behavior ::run [ RunTime:0.052472s ]
INFO: [ view_parse ] --END-- [ RunTime:0.052575s ]
INFO: [ view_filter ] --START--
INFO: ContentReplace Behavior ::run [ RunTime:0.004775s ]
INFO: TokenBuild Behavior ::run [ RunTime:0.005558s ]
INFO: WriteHtmlCache Behavior ::run [ RunTime:0.004663s ]
INFO: ShowRuntime Behavior ::run [ RunTime:0.004607s ]
INFO: [ view_filter ] --END-- [ RunTime:0.019806s ]
INFO: [ view_end ] --START--
INFO: ShowPageTrace Behavior ::run [ RunTime:0.004887s ]
INFO: [ view_end ] --END-- [ RunTime:0.004966s ]

[ 2014-12-24 03:35:48 ] 203.208.60.217 /index.php/Index/productInfo?id=130
INFO: [ route_check ] --START--
INFO: CheckRoute Behavior ::run [ RunTime:0.009134s ]
INFO: [ route_check ] --END-- [ RunTime:0.009253s ]
INFO: [ app_begin ] --START--
INFO: ReadHtmlCache Behavior ::run [ RunTime:0.007719s ]
INFO: [ app_begin ] --END-- [ RunTime:0.007818s ]
SQL: SHOW COLUMNS FROM `contents` [ RunTime:0.014801s ]
SQL: SELECT * FROM `contents` WHERE (  enable=1 and cateid=4  ) LIMIT 1   [ RunTime:0.000417s ]
SQL: SELECT * FROM `contents` WHERE (  enable=1 and cateid=1  ) LIMIT 1   [ RunTime:0.000290s ]
NOTIC: [8] Undefined index:  HTTP_ACCEPT_LANGUAGE D:\enkjhost\mayning1\web\home\Lib\Action\UtilAction.class.php 第 96 行.
SQL: SHOW COLUMNS FROM `visters` [ RunTime:0.014171s ]
SQL: INSERT INTO `visters` (`ctime`,`info`,`ip`,`page`) VALUES ('2014-12-24 03:35','中国 北京 北京、OtherEnglish系统、Other浏览器、','203.208.60.217','产品详情页面') [ RunTime:0.009051s ]
SQL: SHOW COLUMNS FROM `procate` [ RunTime:0.013814s ]
SQL: SHOW COLUMNS FROM `products` [ RunTime:0.013886s ]
NOTIC: [8] Undefined index:  procate D:\enkjhost\mayning1\web\home\Lib\Action\IndexAction.class.php 第 243 行.
NOTIC: [8] Undefined index:  procate2 D:\enkjhost\mayning1\web\home\Lib\Action\IndexAction.class.php 第 244 行.
SQL: SELECT * FROM `procate` WHERE ( id=%d ) LIMIT 1   [ RunTime:0.000213s ]
ERR: 1064:You have an error in your SQL syntax; check the manual that corresponds to your MySQL server version for the right syntax to use near '%d ) LIMIT 1' at line 1
 [ SQL语句 ] : SELECT * FROM `procate` WHERE ( id=%d ) LIMIT 1  
SQL: SELECT * FROM `procate` WHERE ( id=%d ) LIMIT 1   [ RunTime:0.000192s ]
ERR: 1064:You have an error in your SQL syntax; check the manual that corresponds to your MySQL server version for the right syntax to use near '%d ) LIMIT 1' at line 1
 [ SQL语句 ] : SELECT * FROM `procate` WHERE ( id=%d ) LIMIT 1  
SQL: SELECT * FROM `procate` WHERE (  enable =1 and pid=0  ) ORDER BY  sorts desc  [ RunTime:0.000573s ]
SQL: SELECT * FROM `products` WHERE (  id=130 ) LIMIT 1   [ RunTime:0.000352s ]
SQL: SELECT * FROM `procate` WHERE ( id=37 ) LIMIT 1   [ RunTime:0.000309s ]
SQL: SELECT * FROM `procate` WHERE ( id=0 ) LIMIT 1   [ RunTime:0.000325s ]
INFO: [ view_parse ] --START--
INFO: ParseTemplate Behavior ::run [ RunTime:0.078423s ]
INFO: [ view_parse ] --END-- [ RunTime:0.078551s ]
INFO: [ view_filter ] --START--
INFO: ContentReplace Behavior ::run [ RunTime:0.008395s ]
INFO: TokenBuild Behavior ::run [ RunTime:0.008511s ]
INFO: WriteHtmlCache Behavior ::run [ RunTime:0.007636s ]
INFO: ShowRuntime Behavior ::run [ RunTime:0.008251s ]
INFO: [ view_filter ] --END-- [ RunTime:0.033070s ]
INFO: [ view_end ] --START--
INFO: ShowPageTrace Behavior ::run [ RunTime:0.009029s ]
INFO: [ view_end ] --END-- [ RunTime:0.009141s ]

[ 2014-12-24 04:59:50 ] 203.208.60.220 /index.php/Index/productInfo?id=119
INFO: [ route_check ] --START--
INFO: CheckRoute Behavior ::run [ RunTime:0.008328s ]
INFO: [ route_check ] --END-- [ RunTime:0.008421s ]
INFO: [ app_begin ] --START--
INFO: ReadHtmlCache Behavior ::run [ RunTime:0.006417s ]
INFO: [ app_begin ] --END-- [ RunTime:0.006498s ]
SQL: SHOW COLUMNS FROM `contents` [ RunTime:0.015235s ]
SQL: SELECT * FROM `contents` WHERE (  enable=1 and cateid=4  ) LIMIT 1   [ RunTime:0.000390s ]
SQL: SELECT * FROM `contents` WHERE (  enable=1 and cateid=1  ) LIMIT 1   [ RunTime:0.000305s ]
NOTIC: [8] Undefined index:  HTTP_ACCEPT_LANGUAGE D:\enkjhost\mayning1\web\home\Lib\Action\UtilAction.class.php 第 96 行.
SQL: SHOW COLUMNS FROM `visters` [ RunTime:0.015708s ]
SQL: INSERT INTO `visters` (`ctime`,`info`,`ip`,`page`) VALUES ('2014-12-24 04:59','中国 北京 北京、OtherEnglish系统、Other浏览器、','203.208.60.220','产品详情页面') [ RunTime:0.008825s ]
SQL: SHOW COLUMNS FROM `procate` [ RunTime:0.014746s ]
SQL: SHOW COLUMNS FROM `products` [ RunTime:0.013825s ]
NOTIC: [8] Undefined index:  procate D:\enkjhost\mayning1\web\home\Lib\Action\IndexAction.class.php 第 243 行.
NOTIC: [8] Undefined index:  procate2 D:\enkjhost\mayning1\web\home\Lib\Action\IndexAction.class.php 第 244 行.
SQL: SELECT * FROM `procate` WHERE ( id=%d ) LIMIT 1   [ RunTime:0.000194s ]
ERR: 1064:You have an error in your SQL syntax; check the manual that corresponds to your MySQL server version for the right syntax to use near '%d ) LIMIT 1' at line 1
 [ SQL语句 ] : SELECT * FROM `procate` WHERE ( id=%d ) LIMIT 1  
SQL: SELECT * FROM `procate` WHERE ( id=%d ) LIMIT 1   [ RunTime:0.000172s ]
ERR: 1064:You have an error in your SQL syntax; check the manual that corresponds to your MySQL server version for the right syntax to use near '%d ) LIMIT 1' at line 1
 [ SQL语句 ] : SELECT * FROM `procate` WHERE ( id=%d ) LIMIT 1  
SQL: SELECT * FROM `procate` WHERE (  enable =1 and pid=0  ) ORDER BY  sorts desc  [ RunTime:0.000531s ]
SQL: SELECT * FROM `products` WHERE (  id=119 ) LIMIT 1   [ RunTime:0.000312s ]
SQL: SELECT * FROM `procate` WHERE ( id=11 ) LIMIT 1   [ RunTime:0.000259s ]
SQL: SELECT * FROM `procate` WHERE ( id=0 ) LIMIT 1   [ RunTime:0.000240s ]
INFO: [ view_parse ] --START--
INFO: ParseTemplate Behavior ::run [ RunTime:0.077836s ]
INFO: [ view_parse ] --END-- [ RunTime:0.077954s ]
INFO: [ view_filter ] --START--
INFO: ContentReplace Behavior ::run [ RunTime:0.007087s ]
INFO: TokenBuild Behavior ::run [ RunTime:0.007010s ]
INFO: WriteHtmlCache Behavior ::run [ RunTime:0.008771s ]
INFO: ShowRuntime Behavior ::run [ RunTime:0.008321s ]
INFO: [ view_filter ] --END-- [ RunTime:0.031442s ]
INFO: [ view_end ] --START--
INFO: ShowPageTrace Behavior ::run [ RunTime:0.008743s ]
INFO: [ view_end ] --END-- [ RunTime:0.008842s ]

[ 2014-12-24 06:19:11 ] 203.208.60.233 /index.php/Index/productInfo?id=58
INFO: [ route_check ] --START--
INFO: CheckRoute Behavior ::run [ RunTime:0.008771s ]
INFO: [ route_check ] --END-- [ RunTime:0.008903s ]
INFO: [ app_begin ] --START--
INFO: ReadHtmlCache Behavior ::run [ RunTime:0.007595s ]
INFO: [ app_begin ] --END-- [ RunTime:0.007689s ]
SQL: SHOW COLUMNS FROM `contents` [ RunTime:0.014417s ]
SQL: SELECT * FROM `contents` WHERE (  enable=1 and cateid=4  ) LIMIT 1   [ RunTime:0.000421s ]
SQL: SELECT * FROM `contents` WHERE (  enable=1 and cateid=1  ) LIMIT 1   [ RunTime:0.000352s ]
NOTIC: [8] Undefined index:  HTTP_ACCEPT_LANGUAGE D:\enkjhost\mayning1\web\home\Lib\Action\UtilAction.class.php 第 96 行.
SQL: SHOW COLUMNS FROM `visters` [ RunTime:0.013587s ]
SQL: INSERT INTO `visters` (`ctime`,`info`,`ip`,`page`) VALUES ('2014-12-24 06:19','中国 北京 北京、OtherEnglish系统、Other浏览器、','203.208.60.233','产品详情页面') [ RunTime:0.010162s ]
SQL: SHOW COLUMNS FROM `procate` [ RunTime:0.013450s ]
SQL: SHOW COLUMNS FROM `products` [ RunTime:0.012790s ]
NOTIC: [8] Undefined index:  procate D:\enkjhost\mayning1\web\home\Lib\Action\IndexAction.class.php 第 243 行.
NOTIC: [8] Undefined index:  procate2 D:\enkjhost\mayning1\web\home\Lib\Action\IndexAction.class.php 第 244 行.
SQL: SELECT * FROM `procate` WHERE ( id=%d ) LIMIT 1   [ RunTime:0.000221s ]
ERR: 1064:You have an error in your SQL syntax; check the manual that corresponds to your MySQL server version for the right syntax to use near '%d ) LIMIT 1' at line 1
 [ SQL语句 ] : SELECT * FROM `procate` WHERE ( id=%d ) LIMIT 1  
SQL: SELECT * FROM `procate` WHERE ( id=%d ) LIMIT 1   [ RunTime:0.000167s ]
ERR: 1064:You have an error in your SQL syntax; check the manual that corresponds to your MySQL server version for the right syntax to use near '%d ) LIMIT 1' at line 1
 [ SQL语句 ] : SELECT * FROM `procate` WHERE ( id=%d ) LIMIT 1  
SQL: SELECT * FROM `procate` WHERE (  enable =1 and pid=0  ) ORDER BY  sorts desc  [ RunTime:0.000541s ]
SQL: SELECT * FROM `products` WHERE (  id=58 ) LIMIT 1   [ RunTime:0.000318s ]
SQL: SELECT * FROM `procate` WHERE ( id=21 ) LIMIT 1   [ RunTime:0.000248s ]
SQL: SELECT * FROM `procate` WHERE ( id=0 ) LIMIT 1   [ RunTime:0.000290s ]
INFO: [ view_parse ] --START--
INFO: ParseTemplate Behavior ::run [ RunTime:0.075752s ]
INFO: [ view_parse ] --END-- [ RunTime:0.075882s ]
INFO: [ view_filter ] --START--
INFO: ContentReplace Behavior ::run [ RunTime:0.007537s ]
INFO: TokenBuild Behavior ::run [ RunTime:0.007769s ]
INFO: WriteHtmlCache Behavior ::run [ RunTime:0.007110s ]
INFO: ShowRuntime Behavior ::run [ RunTime:0.007912s ]
INFO: [ view_filter ] --END-- [ RunTime:0.030591s ]
INFO: [ view_end ] --START--
INFO: ShowPageTrace Behavior ::run [ RunTime:0.006280s ]
INFO: [ view_end ] --END-- [ RunTime:0.006358s ]

[ 2014-12-24 06:51:30 ] 68.180.228.48 /index.php/Index/productInfo?id=33
INFO: [ route_check ] --START--
INFO: CheckRoute Behavior ::run [ RunTime:0.009355s ]
INFO: [ route_check ] --END-- [ RunTime:0.009477s ]
INFO: [ app_begin ] --START--
INFO: ReadHtmlCache Behavior ::run [ RunTime:0.008253s ]
INFO: [ app_begin ] --END-- [ RunTime:0.008358s ]
SQL: SHOW COLUMNS FROM `contents` [ RunTime:0.014117s ]
SQL: SELECT * FROM `contents` WHERE (  enable=1 and cateid=4  ) LIMIT 1   [ RunTime:0.000398s ]
SQL: SELECT * FROM `contents` WHERE (  enable=1 and cateid=1  ) LIMIT 1   [ RunTime:0.000333s ]
NOTIC: [8] Undefined index:  HTTP_ACCEPT_LANGUAGE D:\enkjhost\mayning1\web\home\Lib\Action\UtilAction.class.php 第 96 行.
SQL: SHOW COLUMNS FROM `visters` [ RunTime:0.014241s ]
SQL: INSERT INTO `visters` (`ctime`,`info`,`ip`,`page`) VALUES ('2014-12-24 06:51','美国 加利福尼亚 Sunnyvale、OtherEnglish系统、Other浏览器、','68.180.228.48','产品详情页面') [ RunTime:0.008365s ]
SQL: SHOW COLUMNS FROM `procate` [ RunTime:0.014047s ]
SQL: SHOW COLUMNS FROM `products` [ RunTime:0.014190s ]
NOTIC: [8] Undefined index:  procate D:\enkjhost\mayning1\web\home\Lib\Action\IndexAction.class.php 第 243 行.
NOTIC: [8] Undefined index:  procate2 D:\enkjhost\mayning1\web\home\Lib\Action\IndexAction.class.php 第 244 行.
SQL: SELECT * FROM `procate` WHERE ( id=%d ) LIMIT 1   [ RunTime:0.000216s ]
ERR: 1064:You have an error in your SQL syntax; check the manual that corresponds to your MySQL server version for the right syntax to use near '%d ) LIMIT 1' at line 1
 [ SQL语句 ] : SELECT * FROM `procate` WHERE ( id=%d ) LIMIT 1  
SQL: SELECT * FROM `procate` WHERE ( id=%d ) LIMIT 1   [ RunTime:0.000177s ]
ERR: 1064:You have an error in your SQL syntax; check the manual that corresponds to your MySQL server version for the right syntax to use near '%d ) LIMIT 1' at line 1
 [ SQL语句 ] : SELECT * FROM `procate` WHERE ( id=%d ) LIMIT 1  
SQL: SELECT * FROM `procate` WHERE (  enable =1 and pid=0  ) ORDER BY  sorts desc  [ RunTime:0.000523s ]
SQL: SELECT * FROM `products` WHERE (  id=33 ) LIMIT 1   [ RunTime:0.000349s ]
SQL: SELECT * FROM `procate` WHERE ( id=37 ) LIMIT 1   [ RunTime:0.000273s ]
SQL: SELECT * FROM `procate` WHERE ( id=0 ) LIMIT 1   [ RunTime:0.000238s ]
INFO: [ view_parse ] --START--
INFO: ParseTemplate Behavior ::run [ RunTime:0.078326s ]
INFO: [ view_parse ] --END-- [ RunTime:0.078449s ]
INFO: [ view_filter ] --START--
INFO: ContentReplace Behavior ::run [ RunTime:0.007990s ]
INFO: TokenBuild Behavior ::run [ RunTime:0.007635s ]
INFO: WriteHtmlCache Behavior ::run [ RunTime:0.007254s ]
INFO: ShowRuntime Behavior ::run [ RunTime:0.008182s ]
INFO: [ view_filter ] --END-- [ RunTime:0.031342s ]
INFO: [ view_end ] --START--
INFO: ShowPageTrace Behavior ::run [ RunTime:0.008914s ]
INFO: [ view_end ] --END-- [ RunTime:0.009017s ]

[ 2014-12-24 07:07:23 ] 203.208.60.234 /index.php/Index/productInfo?id=114
INFO: [ route_check ] --START--
INFO: CheckRoute Behavior ::run [ RunTime:0.008934s ]
INFO: [ route_check ] --END-- [ RunTime:0.009049s ]
INFO: [ app_begin ] --START--
INFO: ReadHtmlCache Behavior ::run [ RunTime:0.007457s ]
INFO: [ app_begin ] --END-- [ RunTime:0.007551s ]
SQL: SHOW COLUMNS FROM `contents` [ RunTime:0.014400s ]
SQL: SELECT * FROM `contents` WHERE (  enable=1 and cateid=4  ) LIMIT 1   [ RunTime:0.000372s ]
SQL: SELECT * FROM `contents` WHERE (  enable=1 and cateid=1  ) LIMIT 1   [ RunTime:0.000282s ]
NOTIC: [8] Undefined index:  HTTP_ACCEPT_LANGUAGE D:\enkjhost\mayning1\web\home\Lib\Action\UtilAction.class.php 第 96 行.
SQL: SHOW COLUMNS FROM `visters` [ RunTime:0.016511s ]
SQL: INSERT INTO `visters` (`ctime`,`info`,`ip`,`page`) VALUES ('2014-12-24 07:07','中国 北京 北京、OtherEnglish系统、Other浏览器、','203.208.60.234','产品详情页面') [ RunTime:0.009204s ]
SQL: SHOW COLUMNS FROM `procate` [ RunTime:0.012981s ]
SQL: SHOW COLUMNS FROM `products` [ RunTime:0.013909s ]
NOTIC: [8] Undefined index:  procate D:\enkjhost\mayning1\web\home\Lib\Action\IndexAction.class.php 第 243 行.
NOTIC: [8] Undefined index:  procate2 D:\enkjhost\mayning1\web\home\Lib\Action\IndexAction.class.php 第 244 行.
SQL: SELECT * FROM `procate` WHERE ( id=%d ) LIMIT 1   [ RunTime:0.000206s ]
ERR: 1064:You have an error in your SQL syntax; check the manual that corresponds to your MySQL server version for the right syntax to use near '%d ) LIMIT 1' at line 1
 [ SQL语句 ] : SELECT * FROM `procate` WHERE ( id=%d ) LIMIT 1  
SQL: SELECT * FROM `procate` WHERE ( id=%d ) LIMIT 1   [ RunTime:0.000178s ]
ERR: 1064:You have an error in your SQL syntax; check the manual that corresponds to your MySQL server version for the right syntax to use near '%d ) LIMIT 1' at line 1
 [ SQL语句 ] : SELECT * FROM `procate` WHERE ( id=%d ) LIMIT 1  
SQL: SELECT * FROM `procate` WHERE (  enable =1 and pid=0  ) ORDER BY  sorts desc  [ RunTime:0.000523s ]
SQL: SELECT * FROM `products` WHERE (  id=114 ) LIMIT 1   [ RunTime:0.000328s ]
SQL: SELECT * FROM `procate` WHERE ( id=31 ) LIMIT 1   [ RunTime:0.000258s ]
SQL: SELECT * FROM `procate` WHERE ( id=20 ) LIMIT 1   [ RunTime:0.000257s ]
INFO: [ view_parse ] --START--
INFO: ParseTemplate Behavior ::run [ RunTime:0.076269s ]
INFO: [ view_parse ] --END-- [ RunTime:0.076390s ]
INFO: [ view_filter ] --START--
INFO: ContentReplace Behavior ::run [ RunTime:0.007720s ]
INFO: TokenBuild Behavior ::run [ RunTime:0.007481s ]
INFO: WriteHtmlCache Behavior ::run [ RunTime:0.007341s ]
INFO: ShowRuntime Behavior ::run [ RunTime:0.007945s ]
INFO: [ view_filter ] --END-- [ RunTime:0.030765s ]
INFO: [ view_end ] --START--
INFO: ShowPageTrace Behavior ::run [ RunTime:0.008406s ]
INFO: [ view_end ] --END-- [ RunTime:0.008505s ]

[ 2014-12-24 07:25:19 ] 220.181.108.88 /index.php
INFO: [ app_begin ] --START--
INFO: ReadHtmlCache Behavior ::run [ RunTime:0.007624s ]
INFO: [ app_begin ] --END-- [ RunTime:0.007743s ]
SQL: SHOW COLUMNS FROM `contents` [ RunTime:0.011874s ]
SQL: SELECT * FROM `contents` WHERE (  enable=1 and cateid=4  ) LIMIT 1   [ RunTime:0.000362s ]
SQL: SELECT * FROM `contents` WHERE (  enable=1 and cateid=1  ) LIMIT 1   [ RunTime:0.000302s ]
SQL: SHOW COLUMNS FROM `visters` [ RunTime:0.016184s ]
SQL: INSERT INTO `visters` (`ctime`,`info`,`ip`,`page`) VALUES ('2014-12-24 07:25','中国 北京 北京、Other简体中文系统、Other浏览器、','220.181.108.88','系统首页') [ RunTime:0.010225s ]
SQL: SHOW COLUMNS FROM `products` [ RunTime:0.013626s ]
SQL: SELECT * FROM `products` WHERE (  enable=1 and state=1  ) ORDER BY  sorts desc  [ RunTime:0.001102s ]
SQL: SELECT * FROM `products` WHERE (  enable=1 and state=2  ) ORDER BY  sorts desc  [ RunTime:0.000576s ]
INFO: [ view_parse ] --START--
INFO: ParseTemplate Behavior ::run [ RunTime:0.058908s ]
INFO: [ view_parse ] --END-- [ RunTime:0.059040s ]
INFO: [ view_filter ] --START--
INFO: ContentReplace Behavior ::run [ RunTime:0.005146s ]
INFO: TokenBuild Behavior ::run [ RunTime:0.006027s ]
INFO: WriteHtmlCache Behavior ::run [ RunTime:0.005850s ]
INFO: ShowRuntime Behavior ::run [ RunTime:0.006233s ]
INFO: [ view_filter ] --END-- [ RunTime:0.023484s ]
INFO: [ view_end ] --START--
INFO: ShowPageTrace Behavior ::run [ RunTime:0.005475s ]
INFO: [ view_end ] --END-- [ RunTime:0.005557s ]

[ 2014-12-24 07:43:42 ] 180.76.5.63 /index.php/Index/product?procate=20&procate2=29
INFO: [ route_check ] --START--
INFO: CheckRoute Behavior ::run [ RunTime:0.006296s ]
INFO: [ route_check ] --END-- [ RunTime:0.006401s ]
INFO: [ app_begin ] --START--
INFO: ReadHtmlCache Behavior ::run [ RunTime:0.006037s ]
INFO: [ app_begin ] --END-- [ RunTime:0.006116s ]
SQL: SHOW COLUMNS FROM `contents` [ RunTime:0.012659s ]
SQL: SELECT * FROM `contents` WHERE (  enable=1 and cateid=4  ) LIMIT 1   [ RunTime:0.000329s ]
SQL: SELECT * FROM `contents` WHERE (  enable=1 and cateid=1  ) LIMIT 1   [ RunTime:0.000240s ]
SQL: SHOW COLUMNS FROM `visters` [ RunTime:0.015262s ]
SQL: INSERT INTO `visters` (`ctime`,`info`,`ip`,`page`) VALUES ('2014-12-24 07:43','中国 北京 北京、OtherEnglish系统、Other浏览器、','180.76.5.63','产品页面') [ RunTime:0.011582s ]
SQL: SHOW COLUMNS FROM `procate` [ RunTime:0.010976s ]
SQL: SHOW COLUMNS FROM `products` [ RunTime:0.010587s ]
SQL: SELECT * FROM `procate` WHERE ( id=20 ) LIMIT 1   [ RunTime:0.000267s ]
SQL: SELECT * FROM `procate` WHERE ( id=29 ) LIMIT 1   [ RunTime:0.000204s ]
SQL: SELECT * FROM `procate` WHERE ( pid=20 )  [ RunTime:0.000242s ]
SQL: select count(*) as count from products a left join procate b on a.proid = b.id where 1=1 and a.enable=1 and b.enable=1  and ( b.pid=29 or b.id=29) [ RunTime:0.000575s ]
SQL: select a.id,a.title,a.info,a.imgs,a.ctime from products a left join procate b on a.proid = b.id where 1=1 and a.enable=1 and b.enable=1  and ( b.pid=29 or b.id=29) order by a.sorts desc limit 0,9 [ RunTime:0.001039s ]
SQL: SELECT * FROM `procate` WHERE (  enable =1 and pid=0   ) ORDER BY  sorts desc  [ RunTime:0.000430s ]
INFO: [ view_parse ] --START--
INFO: ParseTemplate Behavior ::run [ RunTime:0.073951s ]
INFO: [ view_parse ] --END-- [ RunTime:0.074076s ]
INFO: [ view_filter ] --START--
INFO: ContentReplace Behavior ::run [ RunTime:0.006708s ]
INFO: TokenBuild Behavior ::run [ RunTime:0.007608s ]
INFO: WriteHtmlCache Behavior ::run [ RunTime:0.007625s ]
INFO: ShowRuntime Behavior ::run [ RunTime:0.008010s ]
INFO: [ view_filter ] --END-- [ RunTime:0.030221s ]
INFO: [ view_end ] --START--
INFO: ShowPageTrace Behavior ::run [ RunTime:0.006804s ]
INFO: [ view_end ] --END-- [ RunTime:0.006906s ]

[ 2014-12-24 08:18:56 ] 203.208.60.218 /index.php/Index/productInfo?id=31
INFO: [ route_check ] --START--
INFO: CheckRoute Behavior ::run [ RunTime:0.006506s ]
INFO: [ route_check ] --END-- [ RunTime:0.006622s ]
INFO: [ app_begin ] --START--
INFO: ReadHtmlCache Behavior ::run [ RunTime:0.007524s ]
INFO: [ app_begin ] --END-- [ RunTime:0.007624s ]
SQL: SHOW COLUMNS FROM `contents` [ RunTime:0.014273s ]
SQL: SELECT * FROM `contents` WHERE (  enable=1 and cateid=4  ) LIMIT 1   [ RunTime:0.000432s ]
SQL: SELECT * FROM `contents` WHERE (  enable=1 and cateid=1  ) LIMIT 1   [ RunTime:0.000322s ]
NOTIC: [8] Undefined index:  HTTP_ACCEPT_LANGUAGE D:\enkjhost\mayning1\web\home\Lib\Action\UtilAction.class.php 第 96 行.
SQL: SHOW COLUMNS FROM `visters` [ RunTime:0.018049s ]
SQL: INSERT INTO `visters` (`ctime`,`info`,`ip`,`page`) VALUES ('2014-12-24 08:18','中国 北京 北京、OtherEnglish系统、Other浏览器、','203.208.60.218','产品详情页面') [ RunTime:0.010896s ]
SQL: SHOW COLUMNS FROM `procate` [ RunTime:0.013912s ]
SQL: SHOW COLUMNS FROM `products` [ RunTime:0.012527s ]
NOTIC: [8] Undefined index:  procate D:\enkjhost\mayning1\web\home\Lib\Action\IndexAction.class.php 第 243 行.
NOTIC: [8] Undefined index:  procate2 D:\enkjhost\mayning1\web\home\Lib\Action\IndexAction.class.php 第 244 行.
SQL: SELECT * FROM `procate` WHERE ( id=%d ) LIMIT 1   [ RunTime:0.000193s ]
ERR: 1064:You have an error in your SQL syntax; check the manual that corresponds to your MySQL server version for the right syntax to use near '%d ) LIMIT 1' at line 1
 [ SQL语句 ] : SELECT * FROM `procate` WHERE ( id=%d ) LIMIT 1  
SQL: SELECT * FROM `procate` WHERE ( id=%d ) LIMIT 1   [ RunTime:0.000166s ]
ERR: 1064:You have an error in your SQL syntax; check the manual that corresponds to your MySQL server version for the right syntax to use near '%d ) LIMIT 1' at line 1
 [ SQL语句 ] : SELECT * FROM `procate` WHERE ( id=%d ) LIMIT 1  
SQL: SELECT * FROM `procate` WHERE (  enable =1 and pid=0  ) ORDER BY  sorts desc  [ RunTime:0.000495s ]
SQL: SELECT * FROM `products` WHERE (  id=31 ) LIMIT 1   [ RunTime:0.000311s ]
SQL: SELECT * FROM `procate` WHERE ( id=26 ) LIMIT 1   [ RunTime:0.000253s ]
SQL: SELECT * FROM `procate` WHERE ( id=0 ) LIMIT 1   [ RunTime:0.000237s ]
INFO: [ view_parse ] --START--
INFO: ParseTemplate Behavior ::run [ RunTime:0.056682s ]
INFO: [ view_parse ] --END-- [ RunTime:0.056791s ]
INFO: [ view_filter ] --START--
INFO: ContentReplace Behavior ::run [ RunTime:0.005119s ]
INFO: TokenBuild Behavior ::run [ RunTime:0.005774s ]
INFO: WriteHtmlCache Behavior ::run [ RunTime:0.005540s ]
INFO: ShowRuntime Behavior ::run [ RunTime:0.006190s ]
INFO: [ view_filter ] --END-- [ RunTime:0.022847s ]
INFO: [ view_end ] --START--
INFO: ShowPageTrace Behavior ::run [ RunTime:0.005476s ]
INFO: [ view_end ] --END-- [ RunTime:0.005565s ]

[ 2014-12-24 08:22:04 ] 203.208.60.218 /index.php/Index/index
INFO: [ route_check ] --START--
INFO: CheckRoute Behavior ::run [ RunTime:0.004988s ]
INFO: [ route_check ] --END-- [ RunTime:0.005078s ]
INFO: [ app_begin ] --START--
INFO: ReadHtmlCache Behavior ::run [ RunTime:0.004558s ]
INFO: [ app_begin ] --END-- [ RunTime:0.004634s ]
SQL: SHOW COLUMNS FROM `contents` [ RunTime:0.010070s ]
SQL: SELECT * FROM `contents` WHERE (  enable=1 and cateid=4  ) LIMIT 1   [ RunTime:0.000296s ]
SQL: SELECT * FROM `contents` WHERE (  enable=1 and cateid=1  ) LIMIT 1   [ RunTime:0.000214s ]
NOTIC: [8] Undefined index:  HTTP_ACCEPT_LANGUAGE D:\enkjhost\mayning1\web\home\Lib\Action\UtilAction.class.php 第 96 行.
SQL: SHOW COLUMNS FROM `visters` [ RunTime:0.015491s ]
SQL: INSERT INTO `visters` (`ctime`,`info`,`ip`,`page`) VALUES ('2014-12-24 08:22','中国 北京 北京、OtherEnglish系统、Other浏览器、','203.208.60.218','系统首页') [ RunTime:0.011304s ]
SQL: SHOW COLUMNS FROM `products` [ RunTime:0.013879s ]
SQL: SELECT * FROM `products` WHERE (  enable=1 and state=1  ) ORDER BY  sorts desc  [ RunTime:0.001143s ]
SQL: SELECT * FROM `products` WHERE (  enable=1 and state=2  ) ORDER BY  sorts desc  [ RunTime:0.000587s ]
INFO: [ view_parse ] --START--
INFO: ParseTemplate Behavior ::run [ RunTime:0.049887s ]
INFO: [ view_parse ] --END-- [ RunTime:0.050002s ]
INFO: [ view_filter ] --START--
INFO: ContentReplace Behavior ::run [ RunTime:0.005146s ]
INFO: TokenBuild Behavior ::run [ RunTime:0.006085s ]
INFO: WriteHtmlCache Behavior ::run [ RunTime:0.004837s ]
INFO: ShowRuntime Behavior ::run [ RunTime:0.006546s ]
INFO: [ view_filter ] --END-- [ RunTime:0.022843s ]
INFO: [ view_end ] --START--
INFO: ShowPageTrace Behavior ::run [ RunTime:0.005869s ]
INFO: [ view_end ] --END-- [ RunTime:0.005958s ]

[ 2014-12-24 08:53:32 ] 180.76.6.141 /index.php/Index/product
INFO: [ route_check ] --START--
INFO: CheckRoute Behavior ::run [ RunTime:0.005215s ]
INFO: [ route_check ] --END-- [ RunTime:0.005290s ]
INFO: [ app_begin ] --START--
INFO: ReadHtmlCache Behavior ::run [ RunTime:0.004723s ]
INFO: [ app_begin ] --END-- [ RunTime:0.004787s ]
SQL: SHOW COLUMNS FROM `contents` [ RunTime:0.011744s ]
SQL: SELECT * FROM `contents` WHERE (  enable=1 and cateid=4  ) LIMIT 1   [ RunTime:0.000326s ]
SQL: SELECT * FROM `contents` WHERE (  enable=1 and cateid=1  ) LIMIT 1   [ RunTime:0.000263s ]
SQL: SHOW COLUMNS FROM `visters` [ RunTime:0.010064s ]
SQL: INSERT INTO `visters` (`ctime`,`info`,`ip`,`page`) VALUES ('2014-12-24 08:53','中国 北京 北京、OtherEnglish系统、Other浏览器、','180.76.6.141','产品页面') [ RunTime:0.009495s ]
SQL: SHOW COLUMNS FROM `procate` [ RunTime:0.009770s ]
SQL: SHOW COLUMNS FROM `products` [ RunTime:0.010404s ]
NOTIC: [8] Undefined index:  procate D:\enkjhost\mayning1\web\home\Lib\Action\IndexAction.class.php 第 175 行.
NOTIC: [8] Undefined index:  procate2 D:\enkjhost\mayning1\web\home\Lib\Action\IndexAction.class.php 第 176 行.
SQL: SELECT * FROM `procate` WHERE ( id=%d ) LIMIT 1   [ RunTime:0.000117s ]
ERR: 1064:You have an error in your SQL syntax; check the manual that corresponds to your MySQL server version for the right syntax to use near '%d ) LIMIT 1' at line 1
 [ SQL语句 ] : SELECT * FROM `procate` WHERE ( id=%d ) LIMIT 1  
SQL: SELECT * FROM `procate` WHERE ( id=%d ) LIMIT 1   [ RunTime:0.000096s ]
ERR: 1064:You have an error in your SQL syntax; check the manual that corresponds to your MySQL server version for the right syntax to use near '%d ) LIMIT 1' at line 1
 [ SQL语句 ] : SELECT * FROM `procate` WHERE ( id=%d ) LIMIT 1  
SQL: select count(*) as count from products a left join procate b on a.proid = b.id where 1=1 and a.enable=1 and b.enable=1  [ RunTime:0.000380s ]
SQL: select a.id,a.title,a.info,a.imgs,a.ctime from products a left join procate b on a.proid = b.id where 1=1 and a.enable=1 and b.enable=1  order by a.sorts desc limit 0,9 [ RunTime:0.000303s ]
SQL: SELECT * FROM `procate` WHERE (  enable =1 and pid=0   ) ORDER BY  sorts desc  [ RunTime:0.000243s ]
NOTIC: [8] Undefined variable: cate2List D:\enkjhost\mayning1\web\home\Lib\Action\IndexAction.class.php 第 220 行.
INFO: [ view_parse ] --START--
INFO: ParseTemplate Behavior ::run [ RunTime:0.044654s ]
INFO: [ view_parse ] --END-- [ RunTime:0.044729s ]
INFO: [ view_filter ] --START--
INFO: ContentReplace Behavior ::run [ RunTime:0.004028s ]
INFO: TokenBuild Behavior ::run [ RunTime:0.003892s ]
INFO: WriteHtmlCache Behavior ::run [ RunTime:0.004076s ]
INFO: ShowRuntime Behavior ::run [ RunTime:0.004250s ]
INFO: [ view_filter ] --END-- [ RunTime:0.016392s ]
INFO: [ view_end ] --START--
INFO: ShowPageTrace Behavior ::run [ RunTime:0.004332s ]
INFO: [ view_end ] --END-- [ RunTime:0.004388s ]

[ 2014-12-24 09:08:58 ] 123.125.71.46 /index.php/Index/index
INFO: [ route_check ] --START--
INFO: CheckRoute Behavior ::run [ RunTime:0.003768s ]
INFO: [ route_check ] --END-- [ RunTime:0.003830s ]
INFO: [ app_begin ] --START--
INFO: ReadHtmlCache Behavior ::run [ RunTime:0.002649s ]
INFO: [ app_begin ] --END-- [ RunTime:0.002693s ]
SQL: SHOW COLUMNS FROM `contents` [ RunTime:0.007290s ]
SQL: SELECT * FROM `contents` WHERE (  enable=1 and cateid=4  ) LIMIT 1   [ RunTime:0.000223s ]
SQL: SELECT * FROM `contents` WHERE (  enable=1 and cateid=1  ) LIMIT 1   [ RunTime:0.000123s ]
SQL: SHOW COLUMNS FROM `visters` [ RunTime:0.007739s ]
SQL: INSERT INTO `visters` (`ctime`,`info`,`ip`,`page`) VALUES ('2014-12-24 09:08','中国 北京 北京、Other简体中文系统、Other浏览器、','123.125.71.46','系统首页') [ RunTime:0.008465s ]
SQL: SHOW COLUMNS FROM `products` [ RunTime:0.006524s ]
SQL: SELECT * FROM `products` WHERE (  enable=1 and state=1  ) ORDER BY  sorts desc  [ RunTime:0.000558s ]
SQL: SELECT * FROM `products` WHERE (  enable=1 and state=2  ) ORDER BY  sorts desc  [ RunTime:0.000277s ]
INFO: [ view_parse ] --START--
INFO: ParseTemplate Behavior ::run [ RunTime:0.034597s ]
INFO: [ view_parse ] --END-- [ RunTime:0.034664s ]
INFO: [ view_filter ] --START--
INFO: ContentReplace Behavior ::run [ RunTime:0.002701s ]
INFO: TokenBuild Behavior ::run [ RunTime:0.003162s ]
INFO: WriteHtmlCache Behavior ::run [ RunTime:0.003029s ]
INFO: ShowRuntime Behavior ::run [ RunTime:0.003871s ]
INFO: [ view_filter ] --END-- [ RunTime:0.012884s ]
INFO: [ view_end ] --START--
INFO: ShowPageTrace Behavior ::run [ RunTime:0.002876s ]
INFO: [ view_end ] --END-- [ RunTime:0.002924s ]

[ 2014-12-24 10:00:15 ] 203.208.60.233 /index.php/Index/productInfo?id=58
INFO: [ route_check ] --START--
INFO: CheckRoute Behavior ::run [ RunTime:0.007513s ]
INFO: [ route_check ] --END-- [ RunTime:0.007607s ]
INFO: [ app_begin ] --START--
INFO: ReadHtmlCache Behavior ::run [ RunTime:0.006782s ]
INFO: [ app_begin ] --END-- [ RunTime:0.006862s ]
SQL: SHOW COLUMNS FROM `contents` [ RunTime:0.014266s ]
SQL: SELECT * FROM `contents` WHERE (  enable=1 and cateid=4  ) LIMIT 1   [ RunTime:0.000381s ]
SQL: SELECT * FROM `contents` WHERE (  enable=1 and cateid=1  ) LIMIT 1   [ RunTime:0.000302s ]
NOTIC: [8] Undefined index:  HTTP_ACCEPT_LANGUAGE D:\enkjhost\mayning1\web\home\Lib\Action\UtilAction.class.php 第 96 行.
SQL: SHOW COLUMNS FROM `visters` [ RunTime:0.017950s ]
SQL: INSERT INTO `visters` (`ctime`,`info`,`ip`,`page`) VALUES ('2014-12-24 10:00','中国 北京 北京、OtherEnglish系统、Other浏览器、','203.208.60.233','产品详情页面') [ RunTime:0.011450s ]
SQL: SHOW COLUMNS FROM `procate` [ RunTime:0.015295s ]
SQL: SHOW COLUMNS FROM `products` [ RunTime:0.014966s ]
NOTIC: [8] Undefined index:  procate D:\enkjhost\mayning1\web\home\Lib\Action\IndexAction.class.php 第 243 行.
NOTIC: [8] Undefined index:  procate2 D:\enkjhost\mayning1\web\home\Lib\Action\IndexAction.class.php 第 244 行.
SQL: SELECT * FROM `procate` WHERE ( id=%d ) LIMIT 1   [ RunTime:0.000234s ]
ERR: 1064:You have an error in your SQL syntax; check the manual that corresponds to your MySQL server version for the right syntax to use near '%d ) LIMIT 1' at line 1
 [ SQL语句 ] : SELECT * FROM `procate` WHERE ( id=%d ) LIMIT 1  
SQL: SELECT * FROM `procate` WHERE ( id=%d ) LIMIT 1   [ RunTime:0.000214s ]
ERR: 1064:You have an error in your SQL syntax; check the manual that corresponds to your MySQL server version for the right syntax to use near '%d ) LIMIT 1' at line 1
 [ SQL语句 ] : SELECT * FROM `procate` WHERE ( id=%d ) LIMIT 1  
SQL: SELECT * FROM `procate` WHERE (  enable =1 and pid=0  ) ORDER BY  sorts desc  [ RunTime:0.000536s ]
SQL: SELECT * FROM `products` WHERE (  id=58 ) LIMIT 1   [ RunTime:0.000382s ]
SQL: SELECT * FROM `procate` WHERE ( id=21 ) LIMIT 1   [ RunTime:0.000384s ]
SQL: SELECT * FROM `procate` WHERE ( id=0 ) LIMIT 1   [ RunTime:0.000305s ]
INFO: [ view_parse ] --START--
INFO: ParseTemplate Behavior ::run [ RunTime:0.086004s ]
INFO: [ view_parse ] --END-- [ RunTime:0.086126s ]
INFO: [ view_filter ] --START--
INFO: ContentReplace Behavior ::run [ RunTime:0.008402s ]
INFO: TokenBuild Behavior ::run [ RunTime:0.007165s ]
INFO: WriteHtmlCache Behavior ::run [ RunTime:0.006717s ]
INFO: ShowRuntime Behavior ::run [ RunTime:0.007145s ]
INFO: [ view_filter ] --END-- [ RunTime:0.029660s ]
INFO: [ view_end ] --START--
INFO: ShowPageTrace Behavior ::run [ RunTime:0.007656s ]
INFO: [ view_end ] --END-- [ RunTime:0.007743s ]

[ 2014-12-24 18:06:41 ] 203.208.60.229 /index.php/Index/productInfo?id=114
INFO: [ route_check ] --START--
INFO: CheckRoute Behavior ::run [ RunTime:0.002553s ]
INFO: [ route_check ] --END-- [ RunTime:0.002646s ]
INFO: [ app_begin ] --START--
INFO: ReadHtmlCache Behavior ::run [ RunTime:0.001790s ]
INFO: [ app_begin ] --END-- [ RunTime:0.001870s ]
SQL: SHOW COLUMNS FROM `contents` [ RunTime:0.003790s ]
SQL: SELECT * FROM `contents` WHERE (  enable=1 and cateid=4  ) LIMIT 1   [ RunTime:0.000272s ]
SQL: SELECT * FROM `contents` WHERE (  enable=1 and cateid=1  ) LIMIT 1   [ RunTime:0.000201s ]
NOTIC: [8] Undefined index:  HTTP_ACCEPT_LANGUAGE D:\enkjhost\mayning1\web\home\Lib\Action\UtilAction.class.php 第 96 行.
SQL: SHOW COLUMNS FROM `visters` [ RunTime:0.008528s ]
SQL: INSERT INTO `visters` (`ctime`,`info`,`ip`,`page`) VALUES ('2014-12-24 18:06','中国 北京 北京、OtherEnglish系统、Other浏览器、','203.208.60.229','产品详情页面') [ RunTime:0.009269s ]
SQL: SHOW COLUMNS FROM `procate` [ RunTime:0.006936s ]
SQL: SHOW COLUMNS FROM `products` [ RunTime:0.006922s ]
NOTIC: [8] Undefined index:  procate D:\enkjhost\mayning1\web\home\Lib\Action\IndexAction.class.php 第 243 行.
NOTIC: [8] Undefined index:  procate2 D:\enkjhost\mayning1\web\home\Lib\Action\IndexAction.class.php 第 244 行.
SQL: SELECT * FROM `procate` WHERE ( id=%d ) LIMIT 1   [ RunTime:0.000156s ]
ERR: 1064:You have an error in your SQL syntax; check the manual that corresponds to your MySQL server version for the right syntax to use near '%d ) LIMIT 1' at line 1
 [ SQL语句 ] : SELECT * FROM `procate` WHERE ( id=%d ) LIMIT 1  
SQL: SELECT * FROM `procate` WHERE ( id=%d ) LIMIT 1   [ RunTime:0.000144s ]
ERR: 1064:You have an error in your SQL syntax; check the manual that corresponds to your MySQL server version for the right syntax to use near '%d ) LIMIT 1' at line 1
 [ SQL语句 ] : SELECT * FROM `procate` WHERE ( id=%d ) LIMIT 1  
SQL: SELECT * FROM `procate` WHERE (  enable =1 and pid=0  ) ORDER BY  sorts desc  [ RunTime:0.000465s ]
SQL: SELECT * FROM `products` WHERE (  id=114 ) LIMIT 1   [ RunTime:0.000708s ]
SQL: SELECT * FROM `procate` WHERE ( id=31 ) LIMIT 1   [ RunTime:0.000233s ]
SQL: SELECT * FROM `procate` WHERE ( id=20 ) LIMIT 1   [ RunTime:0.000228s ]
INFO: [ view_parse ] --START--
INFO: ParseTemplate Behavior ::run [ RunTime:0.032140s ]
INFO: [ view_parse ] --END-- [ RunTime:0.032234s ]
INFO: [ view_filter ] --START--
INFO: ContentReplace Behavior ::run [ RunTime:0.001277s ]
INFO: TokenBuild Behavior ::run [ RunTime:0.001319s ]
INFO: WriteHtmlCache Behavior ::run [ RunTime:0.001039s ]
INFO: ShowRuntime Behavior ::run [ RunTime:0.001284s ]
INFO: [ view_filter ] --END-- [ RunTime:0.005120s ]
INFO: [ view_end ] --START--
INFO: ShowPageTrace Behavior ::run [ RunTime:0.001668s ]
INFO: [ view_end ] --END-- [ RunTime:0.001743s ]

[ 2014-12-24 18:08:47 ] 203.208.60.171 /index.php
INFO: [ app_begin ] --START--
INFO: ReadHtmlCache Behavior ::run [ RunTime:0.001567s ]
INFO: [ app_begin ] --END-- [ RunTime:0.001675s ]
SQL: SHOW COLUMNS FROM `contents` [ RunTime:0.002003s ]
SQL: SELECT * FROM `contents` WHERE (  enable=1 and cateid=4  ) LIMIT 1   [ RunTime:0.000262s ]
SQL: SELECT * FROM `contents` WHERE (  enable=1 and cateid=1  ) LIMIT 1   [ RunTime:0.000178s ]
NOTIC: [2] file_get_contents(http://int.dpool.sina.com.cn/iplookup/iplookup.php?format=js&amp;ip=203.208.60.171) [<a href='function.file-get-contents'>function.file-get-contents</a>]: failed to open stream: HTTP request failed! HTTP/1.1 502 Bad Gateway
 D:\enkjhost\mayning1\web\home\Lib\Action\UtilAction.class.php 第 177 行.
NOTIC: [8] Undefined index:  HTTP_ACCEPT_LANGUAGE D:\enkjhost\mayning1\web\home\Lib\Action\UtilAction.class.php 第 96 行.
SQL: SHOW COLUMNS FROM `visters` [ RunTime:0.002088s ]
SQL: INSERT INTO `visters` (`ctime`,`info`,`ip`,`page`) VALUES ('2014-12-24 18:08','  、OtherEnglish系统、Other浏览器、','203.208.60.171','系统首页') [ RunTime:0.139380s ]
SQL: SHOW COLUMNS FROM `products` [ RunTime:0.002210s ]
SQL: SELECT * FROM `products` WHERE (  enable=1 and state=1  ) ORDER BY  sorts desc  [ RunTime:0.010475s ]
SQL: SELECT * FROM `products` WHERE (  enable=1 and state=2  ) ORDER BY  sorts desc  [ RunTime:0.000488s ]
INFO: [ view_parse ] --START--
INFO: ParseTemplate Behavior ::run [ RunTime:0.028970s ]
INFO: [ view_parse ] --END-- [ RunTime:0.029079s ]
INFO: [ view_filter ] --START--
INFO: ContentReplace Behavior ::run [ RunTime:0.000977s ]
INFO: TokenBuild Behavior ::run [ RunTime:0.000942s ]
INFO: WriteHtmlCache Behavior ::run [ RunTime:0.000810s ]
INFO: ShowRuntime Behavior ::run [ RunTime:0.001052s ]
INFO: [ view_filter ] --END-- [ RunTime:0.003969s ]
INFO: [ view_end ] --START--
INFO: ShowPageTrace Behavior ::run [ RunTime:0.001246s ]
INFO: [ view_end ] --END-- [ RunTime:0.001316s ]

[ 2014-12-24 18:18:56 ] 183.60.244.24 /index.php
INFO: [ app_begin ] --START--
INFO: ReadHtmlCache Behavior ::run [ RunTime:0.001137s ]
INFO: [ app_begin ] --END-- [ RunTime:0.001220s ]
SQL: SHOW COLUMNS FROM `contents` [ RunTime:0.001863s ]
SQL: SELECT * FROM `contents` WHERE (  enable=1 and cateid=4  ) LIMIT 1   [ RunTime:0.000233s ]
SQL: SELECT * FROM `contents` WHERE (  enable=1 and cateid=1  ) LIMIT 1   [ RunTime:0.000211s ]
NOTIC: [2] file_get_contents(http://int.dpool.sina.com.cn/iplookup/iplookup.php?format=js&amp;ip=183.60.244.24) [<a href='function.file-get-contents'>function.file-get-contents</a>]: failed to open stream: HTTP request failed! HTTP/1.1 502 Bad Gateway
 D:\enkjhost\mayning1\web\home\Lib\Action\UtilAction.class.php 第 177 行.
NOTIC: [8] Undefined index:  HTTP_ACCEPT_LANGUAGE D:\enkjhost\mayning1\web\home\Lib\Action\UtilAction.class.php 第 96 行.
SQL: SHOW COLUMNS FROM `visters` [ RunTime:0.001439s ]
SQL: INSERT INTO `visters` (`ctime`,`info`,`ip`,`page`) VALUES ('2014-12-24 18:18','  、OtherEnglish系统、Other浏览器、','183.60.244.24','系统首页') [ RunTime:0.015270s ]
SQL: SHOW COLUMNS FROM `products` [ RunTime:0.001253s ]
SQL: SELECT * FROM `products` WHERE (  enable=1 and state=1  ) ORDER BY  sorts desc  [ RunTime:0.000380s ]
SQL: SELECT * FROM `products` WHERE (  enable=1 and state=2  ) ORDER BY  sorts desc  [ RunTime:0.000227s ]
INFO: [ view_parse ] --START--
INFO: ParseTemplate Behavior ::run [ RunTime:0.023295s ]
INFO: [ view_parse ] --END-- [ RunTime:0.023408s ]
INFO: [ view_filter ] --START--
INFO: ContentReplace Behavior ::run [ RunTime:0.000941s ]
INFO: TokenBuild Behavior ::run [ RunTime:0.000913s ]
INFO: WriteHtmlCache Behavior ::run [ RunTime:0.000842s ]
INFO: ShowRuntime Behavior ::run [ RunTime:0.001040s ]
INFO: [ view_filter ] --END-- [ RunTime:0.003924s ]
INFO: [ view_end ] --START--
INFO: ShowPageTrace Behavior ::run [ RunTime:0.001140s ]
INFO: [ view_end ] --END-- [ RunTime:0.001204s ]

[ 2014-12-24 18:45:14 ] 203.208.60.232 /index.php/Index/news
INFO: [ route_check ] --START--
INFO: CheckRoute Behavior ::run [ RunTime:0.012787s ]
INFO: [ route_check ] --END-- [ RunTime:0.012907s ]
INFO: [ app_begin ] --START--
INFO: ReadHtmlCache Behavior ::run [ RunTime:0.007078s ]
INFO: [ app_begin ] --END-- [ RunTime:0.007180s ]
SQL: SHOW COLUMNS FROM `contents` [ RunTime:0.004636s ]
SQL: SELECT * FROM `contents` WHERE (  enable=1 and cateid=4  ) LIMIT 1   [ RunTime:0.000348s ]
SQL: SELECT * FROM `contents` WHERE (  enable=1 and cateid=1  ) LIMIT 1   [ RunTime:0.000246s ]
NOTIC: [8] Undefined index:  HTTP_ACCEPT_LANGUAGE D:\enkjhost\mayning1\web\home\Lib\Action\UtilAction.class.php 第 96 行.
SQL: SHOW COLUMNS FROM `visters` [ RunTime:0.004556s ]
SQL: INSERT INTO `visters` (`ctime`,`info`,`ip`,`page`) VALUES ('2014-12-24 18:45','中国 北京 北京、OtherEnglish系统、Other浏览器、','203.208.60.232','FAQ页面') [ RunTime:0.011979s ]
SQL: SHOW COLUMNS FROM `faqcate` [ RunTime:0.007273s ]
SQL: SHOW COLUMNS FROM `faqs` [ RunTime:0.011045s ]
NOTIC: [8] Undefined index:  faqcate D:\enkjhost\mayning1\web\home\Lib\Action\IndexAction.class.php 第 95 行.
SQL: SELECT * FROM `faqcate` WHERE ( enable=1  ) ORDER BY  sorts desc  [ RunTime:0.000412s ]
SQL: SELECT COUNT(*) AS tp_count FROM `faqs` WHERE (  1=1 and enable=1  ) LIMIT 1   [ RunTime:0.000295s ]
SQL: SELECT * FROM `faqs` WHERE (  1=1 and enable=1  ) ORDER BY sorts desc LIMIT 0,10   [ RunTime:0.000519s ]
INFO: [ view_parse ] --START--
INFO: ParseTemplate Behavior ::run [ RunTime:0.109955s ]
INFO: [ view_parse ] --END-- [ RunTime:0.110060s ]
INFO: [ view_filter ] --START--
INFO: ContentReplace Behavior ::run [ RunTime:0.003781s ]
INFO: TokenBuild Behavior ::run [ RunTime:0.006679s ]
INFO: WriteHtmlCache Behavior ::run [ RunTime:0.002744s ]
INFO: ShowRuntime Behavior ::run [ RunTime:0.005015s ]
INFO: [ view_filter ] --END-- [ RunTime:0.018423s ]
INFO: [ view_end ] --START--
INFO: ShowPageTrace Behavior ::run [ RunTime:0.007483s ]
INFO: [ view_end ] --END-- [ RunTime:0.007559s ]

[ 2014-12-24 20:02:59 ] 106.120.160.109 /index.php
INFO: [ app_begin ] --START--
INFO: ReadHtmlCache Behavior ::run [ RunTime:0.002074s ]
INFO: [ app_begin ] --END-- [ RunTime:0.002131s ]
SQL: SHOW COLUMNS FROM `contents` [ RunTime:0.004389s ]
SQL: SELECT * FROM `contents` WHERE (  enable=1 and cateid=4  ) LIMIT 1   [ RunTime:0.000188s ]
SQL: SELECT * FROM `contents` WHERE (  enable=1 and cateid=1  ) LIMIT 1   [ RunTime:0.000142s ]
NOTIC: [2] file_get_contents(http://int.dpool.sina.com.cn/iplookup/iplookup.php?format=js&amp;ip=106.120.160.109) [<a href='function.file-get-contents'>function.file-get-contents</a>]: failed to open stream: HTTP request failed! HTTP/1.1 502 Bad Gateway
 D:\enkjhost\mayning1\web\home\Lib\Action\UtilAction.class.php 第 177 行.
NOTIC: [8] Undefined index:  HTTP_ACCEPT_LANGUAGE D:\enkjhost\mayning1\web\home\Lib\Action\UtilAction.class.php 第 96 行.
SQL: SHOW COLUMNS FROM `visters` [ RunTime:0.008119s ]
SQL: INSERT INTO `visters` (`ctime`,`info`,`ip`,`page`) VALUES ('2014-12-24 20:02','  、WindowsEnglish系统、MSIE浏览器、','106.120.160.109','系统首页') [ RunTime:0.009294s ]
SQL: SHOW COLUMNS FROM `products` [ RunTime:0.010345s ]
SQL: SELECT * FROM `products` WHERE (  enable=1 and state=1  ) ORDER BY  sorts desc  [ RunTime:0.006834s ]
SQL: SELECT * FROM `products` WHERE (  enable=1 and state=2  ) ORDER BY  sorts desc  [ RunTime:0.000338s ]
INFO: [ view_parse ] --START--
INFO: ParseTemplate Behavior ::run [ RunTime:0.023925s ]
INFO: [ view_parse ] --END-- [ RunTime:0.023993s ]
INFO: [ view_filter ] --START--
INFO: ContentReplace Behavior ::run [ RunTime:0.001433s ]
INFO: TokenBuild Behavior ::run [ RunTime:0.001408s ]
INFO: WriteHtmlCache Behavior ::run [ RunTime:0.001225s ]
INFO: ShowRuntime Behavior ::run [ RunTime:0.001386s ]
INFO: [ view_filter ] --END-- [ RunTime:0.005563s ]
INFO: [ view_end ] --START--
INFO: ShowPageTrace Behavior ::run [ RunTime:0.001663s ]
INFO: [ view_end ] --END-- [ RunTime:0.001731s ]

[ 2014-12-24 20:04:57 ] 101.199.108.51 /index.php
INFO: [ app_begin ] --START--
INFO: ReadHtmlCache Behavior ::run [ RunTime:0.000806s ]
INFO: [ app_begin ] --END-- [ RunTime:0.000858s ]
SQL: SHOW COLUMNS FROM `contents` [ RunTime:0.002814s ]
SQL: SELECT * FROM `contents` WHERE (  enable=1 and cateid=4  ) LIMIT 1   [ RunTime:0.000186s ]
SQL: SELECT * FROM `contents` WHERE (  enable=1 and cateid=1  ) LIMIT 1   [ RunTime:0.000144s ]
SQL: SHOW COLUMNS FROM `visters` [ RunTime:0.002664s ]
SQL: INSERT INTO `visters` (`ctime`,`info`,`ip`,`page`) VALUES ('2014-12-24 20:04','中国 北京 北京、WindowsEnglish系统、Chrome浏览器、','101.199.108.51','系统首页') [ RunTime:0.009421s ]
SQL: SHOW COLUMNS FROM `products` [ RunTime:0.003127s ]
SQL: SELECT * FROM `products` WHERE (  enable=1 and state=1  ) ORDER BY  sorts desc  [ RunTime:0.000422s ]
SQL: SELECT * FROM `products` WHERE (  enable=1 and state=2  ) ORDER BY  sorts desc  [ RunTime:0.000285s ]
INFO: [ view_parse ] --START--
INFO: ParseTemplate Behavior ::run [ RunTime:0.011435s ]
INFO: [ view_parse ] --END-- [ RunTime:0.011497s ]
INFO: [ view_filter ] --START--
INFO: ContentReplace Behavior ::run [ RunTime:0.000714s ]
INFO: TokenBuild Behavior ::run [ RunTime:0.000683s ]
INFO: WriteHtmlCache Behavior ::run [ RunTime:0.000607s ]
INFO: ShowRuntime Behavior ::run [ RunTime:0.000744s ]
INFO: [ view_filter ] --END-- [ RunTime:0.002857s ]
INFO: [ view_end ] --START--
INFO: ShowPageTrace Behavior ::run [ RunTime:0.000867s ]
INFO: [ view_end ] --END-- [ RunTime:0.000907s ]

[ 2014-12-24 20:34:39 ] 203.208.60.231 /index.php/Index/productInfo?id=58
INFO: [ route_check ] --START--
INFO: CheckRoute Behavior ::run [ RunTime:0.004151s ]
INFO: [ route_check ] --END-- [ RunTime:0.004265s ]
INFO: [ app_begin ] --START--
INFO: ReadHtmlCache Behavior ::run [ RunTime:0.003051s ]
INFO: [ app_begin ] --END-- [ RunTime:0.003146s ]
SQL: SHOW COLUMNS FROM `contents` [ RunTime:0.006729s ]
SQL: SELECT * FROM `contents` WHERE (  enable=1 and cateid=4  ) LIMIT 1   [ RunTime:0.000406s ]
SQL: SELECT * FROM `contents` WHERE (  enable=1 and cateid=1  ) LIMIT 1   [ RunTime:0.000318s ]
NOTIC: [8] Undefined index:  HTTP_ACCEPT_LANGUAGE D:\enkjhost\mayning1\web\home\Lib\Action\UtilAction.class.php 第 96 行.
SQL: SHOW COLUMNS FROM `visters` [ RunTime:0.005455s ]
SQL: INSERT INTO `visters` (`ctime`,`info`,`ip`,`page`) VALUES ('2014-12-24 20:34','中国 北京 北京、OtherEnglish系统、Other浏览器、','203.208.60.231','产品详情页面') [ RunTime:0.010720s ]
SQL: SHOW COLUMNS FROM `procate` [ RunTime:0.008887s ]
SQL: SHOW COLUMNS FROM `products` [ RunTime:0.005684s ]
NOTIC: [8] Undefined index:  procate D:\enkjhost\mayning1\web\home\Lib\Action\IndexAction.class.php 第 243 行.
NOTIC: [8] Undefined index:  procate2 D:\enkjhost\mayning1\web\home\Lib\Action\IndexAction.class.php 第 244 行.
SQL: SELECT * FROM `procate` WHERE ( id=%d ) LIMIT 1   [ RunTime:0.000203s ]
ERR: 1064:You have an error in your SQL syntax; check the manual that corresponds to your MySQL server version for the right syntax to use near '%d ) LIMIT 1' at line 1
 [ SQL语句 ] : SELECT * FROM `procate` WHERE ( id=%d ) LIMIT 1  
SQL: SELECT * FROM `procate` WHERE ( id=%d ) LIMIT 1   [ RunTime:0.000172s ]
ERR: 1064:You have an error in your SQL syntax; check the manual that corresponds to your MySQL server version for the right syntax to use near '%d ) LIMIT 1' at line 1
 [ SQL语句 ] : SELECT * FROM `procate` WHERE ( id=%d ) LIMIT 1  
SQL: SELECT * FROM `procate` WHERE (  enable =1 and pid=0  ) ORDER BY  sorts desc  [ RunTime:0.000518s ]
SQL: SELECT * FROM `products` WHERE (  id=58 ) LIMIT 1   [ RunTime:0.000322s ]
SQL: SELECT * FROM `procate` WHERE ( id=21 ) LIMIT 1   [ RunTime:0.000259s ]
SQL: SELECT * FROM `procate` WHERE ( id=0 ) LIMIT 1   [ RunTime:0.000244s ]
INFO: [ view_parse ] --START--
INFO: ParseTemplate Behavior ::run [ RunTime:0.046896s ]
INFO: [ view_parse ] --END-- [ RunTime:0.047015s ]
INFO: [ view_filter ] --START--
INFO: ContentReplace Behavior ::run [ RunTime:0.002687s ]
INFO: TokenBuild Behavior ::run [ RunTime:0.002717s ]
INFO: WriteHtmlCache Behavior ::run [ RunTime:0.002424s ]
INFO: ShowRuntime Behavior ::run [ RunTime:0.002951s ]
INFO: [ view_filter ] --END-- [ RunTime:0.011042s ]
INFO: [ view_end ] --START--
INFO: ShowPageTrace Behavior ::run [ RunTime:0.003349s ]
INFO: [ view_end ] --END-- [ RunTime:0.003450s ]

[ 2014-12-24 21:08:31 ] 198.23.169.251 /index.php/Index/productInfo?id=58
INFO: [ route_check ] --START--
INFO: CheckRoute Behavior ::run [ RunTime:0.002865s ]
INFO: [ route_check ] --END-- [ RunTime:0.002940s ]
INFO: [ app_begin ] --START--
INFO: ReadHtmlCache Behavior ::run [ RunTime:0.002992s ]
INFO: [ app_begin ] --END-- [ RunTime:0.003051s ]
SQL: SHOW COLUMNS FROM `contents` [ RunTime:0.004805s ]
SQL: SELECT * FROM `contents` WHERE (  enable=1 and cateid=4  ) LIMIT 1   [ RunTime:0.000242s ]
SQL: SELECT * FROM `contents` WHERE (  enable=1 and cateid=1  ) LIMIT 1   [ RunTime:0.000143s ]
NOTIC: [2] file_get_contents(http://int.dpool.sina.com.cn/iplookup/iplookup.php?format=js&amp;ip=198.23.169.251) [<a href='function.file-get-contents'>function.file-get-contents</a>]: failed to open stream: HTTP request failed! HTTP/1.1 502 Bad Gateway
 D:\enkjhost\mayning1\web\home\Lib\Action\UtilAction.class.php 第 177 行.
SQL: SHOW COLUMNS FROM `visters` [ RunTime:0.008178s ]
SQL: INSERT INTO `visters` (`ctime`,`info`,`ip`,`page`) VALUES ('2014-12-24 21:08','  、WindowsEnglish系统、Chrome浏览器、','198.23.169.251','产品详情页面') [ RunTime:0.008007s ]
SQL: SHOW COLUMNS FROM `procate` [ RunTime:0.007853s ]
SQL: SHOW COLUMNS FROM `products` [ RunTime:0.005752s ]
NOTIC: [8] Undefined index:  procate D:\enkjhost\mayning1\web\home\Lib\Action\IndexAction.class.php 第 243 行.
NOTIC: [8] Undefined index:  procate2 D:\enkjhost\mayning1\web\home\Lib\Action\IndexAction.class.php 第 244 行.
SQL: SELECT * FROM `procate` WHERE ( id=%d ) LIMIT 1   [ RunTime:0.000123s ]
ERR: 1064:You have an error in your SQL syntax; check the manual that corresponds to your MySQL server version for the right syntax to use near '%d ) LIMIT 1' at line 1
 [ SQL语句 ] : SELECT * FROM `procate` WHERE ( id=%d ) LIMIT 1  
SQL: SELECT * FROM `procate` WHERE ( id=%d ) LIMIT 1   [ RunTime:0.000110s ]
ERR: 1064:You have an error in your SQL syntax; check the manual that corresponds to your MySQL server version for the right syntax to use near '%d ) LIMIT 1' at line 1
 [ SQL语句 ] : SELECT * FROM `procate` WHERE ( id=%d ) LIMIT 1  
SQL: SELECT * FROM `procate` WHERE (  enable =1 and pid=0  ) ORDER BY  sorts desc  [ RunTime:0.000284s ]
SQL: SELECT * FROM `products` WHERE (  id=58 ) LIMIT 1   [ RunTime:0.000722s ]
SQL: SELECT * FROM `procate` WHERE ( id=21 ) LIMIT 1   [ RunTime:0.000131s ]
SQL: SELECT * FROM `procate` WHERE ( id=0 ) LIMIT 1   [ RunTime:0.000123s ]
INFO: [ view_parse ] --START--
INFO: ParseTemplate Behavior ::run [ RunTime:0.024257s ]
INFO: [ view_parse ] --END-- [ RunTime:0.024313s ]
INFO: [ view_filter ] --START--
INFO: ContentReplace Behavior ::run [ RunTime:0.001294s ]
INFO: TokenBuild Behavior ::run [ RunTime:0.001352s ]
INFO: WriteHtmlCache Behavior ::run [ RunTime:0.001142s ]
INFO: ShowRuntime Behavior ::run [ RunTime:0.001316s ]
INFO: [ view_filter ] --END-- [ RunTime:0.005213s ]
INFO: [ view_end ] --START--
INFO: ShowPageTrace Behavior ::run [ RunTime:0.001635s ]
INFO: [ view_end ] --END-- [ RunTime:0.001677s ]

[ 2014-12-24 21:08:32 ] 198.23.169.251 /index.php/Index/product?procate=24
INFO: [ route_check ] --START--
INFO: CheckRoute Behavior ::run [ RunTime:0.001221s ]
INFO: [ route_check ] --END-- [ RunTime:0.001281s ]
INFO: [ app_begin ] --START--
INFO: ReadHtmlCache Behavior ::run [ RunTime:0.000968s ]
INFO: [ app_begin ] --END-- [ RunTime:0.001016s ]
SQL: SHOW COLUMNS FROM `contents` [ RunTime:0.002680s ]
SQL: SELECT * FROM `contents` WHERE (  enable=1 and cateid=4  ) LIMIT 1   [ RunTime:0.000202s ]
SQL: SELECT * FROM `contents` WHERE (  enable=1 and cateid=1  ) LIMIT 1   [ RunTime:0.000131s ]
NOTIC: [2] file_get_contents(http://int.dpool.sina.com.cn/iplookup/iplookup.php?format=js&amp;ip=198.23.169.251) [<a href='function.file-get-contents'>function.file-get-contents</a>]: failed to open stream: HTTP request failed! HTTP/1.1 502 Bad Gateway
 D:\enkjhost\mayning1\web\home\Lib\Action\UtilAction.class.php 第 177 行.
SQL: SHOW COLUMNS FROM `visters` [ RunTime:0.002935s ]
SQL: INSERT INTO `visters` (`ctime`,`info`,`ip`,`page`) VALUES ('2014-12-24 21:08','  、WindowsEnglish系统、Chrome浏览器、','198.23.169.251','产品页面') [ RunTime:0.008012s ]
SQL: SHOW COLUMNS FROM `procate` [ RunTime:0.002966s ]
SQL: SHOW COLUMNS FROM `products` [ RunTime:0.002422s ]
NOTIC: [8] Undefined index:  procate2 D:\enkjhost\mayning1\web\home\Lib\Action\IndexAction.class.php 第 176 行.
SQL: SELECT * FROM `procate` WHERE ( id=24 ) LIMIT 1   [ RunTime:0.000174s ]
SQL: SELECT * FROM `procate` WHERE ( id=%d ) LIMIT 1   [ RunTime:0.000078s ]
ERR: 1064:You have an error in your SQL syntax; check the manual that corresponds to your MySQL server version for the right syntax to use near '%d ) LIMIT 1' at line 1
 [ SQL语句 ] : SELECT * FROM `procate` WHERE ( id=%d ) LIMIT 1  
SQL: SELECT * FROM `procate` WHERE ( pid=24 )  [ RunTime:0.000139s ]
SQL: select count(*) as count from products a left join procate b on a.proid = b.id where 1=1 and a.enable=1 and b.enable=1  and ( b.pid=24 or b.id=24) [ RunTime:0.008625s ]
SQL: select a.id,a.title,a.info,a.imgs,a.ctime from products a left join procate b on a.proid = b.id where 1=1 and a.enable=1 and b.enable=1  and ( b.pid=24 or b.id=24) order by a.sorts desc limit 0,9 [ RunTime:0.000816s ]
SQL: SELECT * FROM `procate` WHERE (  enable =1 and pid=0   ) ORDER BY  sorts desc  [ RunTime:0.000336s ]
INFO: [ view_parse ] --START--
INFO: ParseTemplate Behavior ::run [ RunTime:0.015789s ]
INFO: [ view_parse ] --END-- [ RunTime:0.015846s ]
INFO: [ view_filter ] --START--
INFO: ContentReplace Behavior ::run [ RunTime:0.000689s ]
INFO: TokenBuild Behavior ::run [ RunTime:0.000663s ]
INFO: WriteHtmlCache Behavior ::run [ RunTime:0.000606s ]
INFO: ShowRuntime Behavior ::run [ RunTime:0.000715s ]
INFO: [ view_filter ] --END-- [ RunTime:0.002777s ]
INFO: [ view_end ] --START--
INFO: ShowPageTrace Behavior ::run [ RunTime:0.000826s ]
INFO: [ view_end ] --END-- [ RunTime:0.000866s ]

[ 2014-12-24 22:06:05 ] 203.208.60.218 /index.php/Index/productInfo?id=30
INFO: [ route_check ] --START--
INFO: CheckRoute Behavior ::run [ RunTime:0.003008s ]
INFO: [ route_check ] --END-- [ RunTime:0.003105s ]
INFO: [ app_begin ] --START--
INFO: ReadHtmlCache Behavior ::run [ RunTime:0.002366s ]
INFO: [ app_begin ] --END-- [ RunTime:0.002447s ]
SQL: SHOW COLUMNS FROM `contents` [ RunTime:0.004136s ]
SQL: SELECT * FROM `contents` WHERE (  enable=1 and cateid=4  ) LIMIT 1   [ RunTime:0.000288s ]
SQL: SELECT * FROM `contents` WHERE (  enable=1 and cateid=1  ) LIMIT 1   [ RunTime:0.000212s ]
NOTIC: [8] Undefined index:  HTTP_ACCEPT_LANGUAGE D:\enkjhost\mayning1\web\home\Lib\Action\UtilAction.class.php 第 96 行.
SQL: SHOW COLUMNS FROM `visters` [ RunTime:0.005684s ]
SQL: INSERT INTO `visters` (`ctime`,`info`,`ip`,`page`) VALUES ('2014-12-24 22:06','中国 北京 北京、OtherEnglish系统、Other浏览器、','203.208.60.218','产品详情页面') [ RunTime:0.010115s ]
SQL: SHOW COLUMNS FROM `procate` [ RunTime:0.005727s ]
SQL: SHOW COLUMNS FROM `products` [ RunTime:0.004957s ]
NOTIC: [8] Undefined index:  procate D:\enkjhost\mayning1\web\home\Lib\Action\IndexAction.class.php 第 243 行.
NOTIC: [8] Undefined index:  procate2 D:\enkjhost\mayning1\web\home\Lib\Action\IndexAction.class.php 第 244 行.
SQL: SELECT * FROM `procate` WHERE ( id=%d ) LIMIT 1   [ RunTime:0.000235s ]
ERR: 1064:You have an error in your SQL syntax; check the manual that corresponds to your MySQL server version for the right syntax to use near '%d ) LIMIT 1' at line 1
 [ SQL语句 ] : SELECT * FROM `procate` WHERE ( id=%d ) LIMIT 1  
SQL: SELECT * FROM `procate` WHERE ( id=%d ) LIMIT 1   [ RunTime:0.000217s ]
ERR: 1064:You have an error in your SQL syntax; check the manual that corresponds to your MySQL server version for the right syntax to use near '%d ) LIMIT 1' at line 1
 [ SQL语句 ] : SELECT * FROM `procate` WHERE ( id=%d ) LIMIT 1  
SQL: SELECT * FROM `procate` WHERE (  enable =1 and pid=0  ) ORDER BY  sorts desc  [ RunTime:0.000578s ]
SQL: SELECT * FROM `products` WHERE (  id=30 ) LIMIT 1   [ RunTime:0.000360s ]
SQL: SELECT * FROM `procate` WHERE ( id=26 ) LIMIT 1   [ RunTime:0.000301s ]
SQL: SELECT * FROM `procate` WHERE ( id=0 ) LIMIT 1   [ RunTime:0.000289s ]
INFO: [ view_parse ] --START--
INFO: ParseTemplate Behavior ::run [ RunTime:0.045741s ]
INFO: [ view_parse ] --END-- [ RunTime:0.045856s ]
INFO: [ view_filter ] --START--
INFO: ContentReplace Behavior ::run [ RunTime:0.002527s ]
INFO: TokenBuild Behavior ::run [ RunTime:0.002561s ]
INFO: WriteHtmlCache Behavior ::run [ RunTime:0.002257s ]
INFO: ShowRuntime Behavior ::run [ RunTime:0.002777s ]
INFO: [ view_filter ] --END-- [ RunTime:0.010385s ]
INFO: [ view_end ] --START--
INFO: ShowPageTrace Behavior ::run [ RunTime:0.003184s ]
INFO: [ view_end ] --END-- [ RunTime:0.003281s ]

[ 2014-12-24 22:21:57 ] 203.208.60.222 /index.php/Index/productInfo?id=130
INFO: [ route_check ] --START--
INFO: CheckRoute Behavior ::run [ RunTime:0.003758s ]
INFO: [ route_check ] --END-- [ RunTime:0.003874s ]
INFO: [ app_begin ] --START--
INFO: ReadHtmlCache Behavior ::run [ RunTime:0.001980s ]
INFO: [ app_begin ] --END-- [ RunTime:0.002075s ]
SQL: SHOW COLUMNS FROM `contents` [ RunTime:0.005731s ]
SQL: SELECT * FROM `contents` WHERE (  enable=1 and cateid=4  ) LIMIT 1   [ RunTime:0.000416s ]
SQL: SELECT * FROM `contents` WHERE (  enable=1 and cateid=1  ) LIMIT 1   [ RunTime:0.000287s ]
NOTIC: [8] Undefined index:  HTTP_ACCEPT_LANGUAGE D:\enkjhost\mayning1\web\home\Lib\Action\UtilAction.class.php 第 96 行.
SQL: SHOW COLUMNS FROM `visters` [ RunTime:0.005989s ]
SQL: INSERT INTO `visters` (`ctime`,`info`,`ip`,`page`) VALUES ('2014-12-24 22:21','中国 北京 北京、MACEnglish系统、Safari浏览器、','203.208.60.222','产品详情页面') [ RunTime:0.010450s ]
SQL: SHOW COLUMNS FROM `procate` [ RunTime:0.005453s ]
SQL: SHOW COLUMNS FROM `products` [ RunTime:0.005613s ]
NOTIC: [8] Undefined index:  procate D:\enkjhost\mayning1\web\home\Lib\Action\IndexAction.class.php 第 243 行.
NOTIC: [8] Undefined index:  procate2 D:\enkjhost\mayning1\web\home\Lib\Action\IndexAction.class.php 第 244 行.
SQL: SELECT * FROM `procate` WHERE ( id=%d ) LIMIT 1   [ RunTime:0.000213s ]
ERR: 1064:You have an error in your SQL syntax; check the manual that corresponds to your MySQL server version for the right syntax to use near '%d ) LIMIT 1' at line 1
 [ SQL语句 ] : SELECT * FROM `procate` WHERE ( id=%d ) LIMIT 1  
SQL: SELECT * FROM `procate` WHERE ( id=%d ) LIMIT 1   [ RunTime:0.000186s ]
ERR: 1064:You have an error in your SQL syntax; check the manual that corresponds to your MySQL server version for the right syntax to use near '%d ) LIMIT 1' at line 1
 [ SQL语句 ] : SELECT * FROM `procate` WHERE ( id=%d ) LIMIT 1  
SQL: SELECT * FROM `procate` WHERE (  enable =1 and pid=0  ) ORDER BY  sorts desc  [ RunTime:0.000532s ]
SQL: SELECT * FROM `products` WHERE (  id=130 ) LIMIT 1   [ RunTime:0.000316s ]
SQL: SELECT * FROM `procate` WHERE ( id=37 ) LIMIT 1   [ RunTime:0.000299s ]
SQL: SELECT * FROM `procate` WHERE ( id=0 ) LIMIT 1   [ RunTime:0.000268s ]
INFO: [ view_parse ] --START--
INFO: ParseTemplate Behavior ::run [ RunTime:0.030204s ]
INFO: [ view_parse ] --END-- [ RunTime:0.030314s ]
INFO: [ view_filter ] --START--
INFO: ContentReplace Behavior ::run [ RunTime:0.002496s ]
INFO: TokenBuild Behavior ::run [ RunTime:0.002433s ]
INFO: WriteHtmlCache Behavior ::run [ RunTime:0.001493s ]
INFO: ShowRuntime Behavior ::run [ RunTime:0.001815s ]
INFO: [ view_filter ] --END-- [ RunTime:0.008492s ]
INFO: [ view_end ] --START--
INFO: ShowPageTrace Behavior ::run [ RunTime:0.001911s ]
INFO: [ view_end ] --END-- [ RunTime:0.001998s ]

[ 2014-12-24 22:58:17 ] 203.208.60.228 /index.php/Index/productInfo?id=114
INFO: [ route_check ] --START--
INFO: CheckRoute Behavior ::run [ RunTime:0.002562s ]
INFO: [ route_check ] --END-- [ RunTime:0.002673s ]
INFO: [ app_begin ] --START--
INFO: ReadHtmlCache Behavior ::run [ RunTime:0.003001s ]
INFO: [ app_begin ] --END-- [ RunTime:0.003095s ]
SQL: SHOW COLUMNS FROM `contents` [ RunTime:0.007022s ]
SQL: SELECT * FROM `contents` WHERE (  enable=1 and cateid=4  ) LIMIT 1   [ RunTime:0.000414s ]
SQL: SELECT * FROM `contents` WHERE (  enable=1 and cateid=1  ) LIMIT 1   [ RunTime:0.000339s ]
NOTIC: [8] Undefined index:  HTTP_ACCEPT_LANGUAGE D:\enkjhost\mayning1\web\home\Lib\Action\UtilAction.class.php 第 96 行.
SQL: SHOW COLUMNS FROM `visters` [ RunTime:0.007081s ]
SQL: INSERT INTO `visters` (`ctime`,`info`,`ip`,`page`) VALUES ('2014-12-24 22:58','中国 北京 北京、OtherEnglish系统、Other浏览器、','203.208.60.228','产品详情页面') [ RunTime:0.010135s ]
SQL: SHOW COLUMNS FROM `procate` [ RunTime:0.008245s ]
SQL: SHOW COLUMNS FROM `products` [ RunTime:0.005832s ]
NOTIC: [8] Undefined index:  procate D:\enkjhost\mayning1\web\home\Lib\Action\IndexAction.class.php 第 243 行.
NOTIC: [8] Undefined index:  procate2 D:\enkjhost\mayning1\web\home\Lib\Action\IndexAction.class.php 第 244 行.
SQL: SELECT * FROM `procate` WHERE ( id=%d ) LIMIT 1   [ RunTime:0.000192s ]
ERR: 1064:You have an error in your SQL syntax; check the manual that corresponds to your MySQL server version for the right syntax to use near '%d ) LIMIT 1' at line 1
 [ SQL语句 ] : SELECT * FROM `procate` WHERE ( id=%d ) LIMIT 1  
SQL: SELECT * FROM `procate` WHERE ( id=%d ) LIMIT 1   [ RunTime:0.000168s ]
ERR: 1064:You have an error in your SQL syntax; check the manual that corresponds to your MySQL server version for the right syntax to use near '%d ) LIMIT 1' at line 1
 [ SQL语句 ] : SELECT * FROM `procate` WHERE ( id=%d ) LIMIT 1  
SQL: SELECT * FROM `procate` WHERE (  enable =1 and pid=0  ) ORDER BY  sorts desc  [ RunTime:0.000512s ]
SQL: SELECT * FROM `products` WHERE (  id=114 ) LIMIT 1   [ RunTime:0.000318s ]
SQL: SELECT * FROM `procate` WHERE ( id=31 ) LIMIT 1   [ RunTime:0.000258s ]
SQL: SELECT * FROM `procate` WHERE ( id=20 ) LIMIT 1   [ RunTime:0.000257s ]
INFO: [ view_parse ] --START--
INFO: ParseTemplate Behavior ::run [ RunTime:0.042131s ]
INFO: [ view_parse ] --END-- [ RunTime:0.042238s ]
INFO: [ view_filter ] --START--
INFO: ContentReplace Behavior ::run [ RunTime:0.002182s ]
INFO: TokenBuild Behavior ::run [ RunTime:0.002121s ]
INFO: WriteHtmlCache Behavior ::run [ RunTime:0.001328s ]
INFO: ShowRuntime Behavior ::run [ RunTime:0.002308s ]
INFO: [ view_filter ] --END-- [ RunTime:0.008151s ]
INFO: [ view_end ] --START--
INFO: ShowPageTrace Behavior ::run [ RunTime:0.001812s ]
INFO: [ view_end ] --END-- [ RunTime:0.001892s ]

[ 2014-12-24 23:03:53 ] 203.208.60.170 /index.php
INFO: [ app_begin ] --START--
INFO: ReadHtmlCache Behavior ::run [ RunTime:0.001854s ]
INFO: [ app_begin ] --END-- [ RunTime:0.001949s ]
SQL: SHOW COLUMNS FROM `contents` [ RunTime:0.004411s ]
SQL: SELECT * FROM `contents` WHERE (  enable=1 and cateid=4  ) LIMIT 1   [ RunTime:0.000298s ]
SQL: SELECT * FROM `contents` WHERE (  enable=1 and cateid=1  ) LIMIT 1   [ RunTime:0.000212s ]
NOTIC: [8] Undefined index:  HTTP_ACCEPT_LANGUAGE D:\enkjhost\mayning1\web\home\Lib\Action\UtilAction.class.php 第 96 行.
SQL: SHOW COLUMNS FROM `visters` [ RunTime:0.006174s ]
SQL: INSERT INTO `visters` (`ctime`,`info`,`ip`,`page`) VALUES ('2014-12-24 23:03','中国 北京 北京、OtherEnglish系统、Other浏览器、','203.208.60.170','系统首页') [ RunTime:0.010149s ]
SQL: SHOW COLUMNS FROM `products` [ RunTime:0.005609s ]
SQL: SELECT * FROM `products` WHERE (  enable=1 and state=1  ) ORDER BY  sorts desc  [ RunTime:0.001053s ]
SQL: SELECT * FROM `products` WHERE (  enable=1 and state=2  ) ORDER BY  sorts desc  [ RunTime:0.000576s ]
INFO: [ view_parse ] --START--
INFO: ParseTemplate Behavior ::run [ RunTime:0.039634s ]
INFO: [ view_parse ] --END-- [ RunTime:0.039770s ]
INFO: [ view_filter ] --START--
INFO: ContentReplace Behavior ::run [ RunTime:0.001807s ]
INFO: TokenBuild Behavior ::run [ RunTime:0.002560s ]
INFO: WriteHtmlCache Behavior ::run [ RunTime:0.001562s ]
INFO: ShowRuntime Behavior ::run [ RunTime:0.001903s ]
INFO: [ view_filter ] --END-- [ RunTime:0.008088s ]
INFO: [ view_end ] --START--
INFO: ShowPageTrace Behavior ::run [ RunTime:0.002156s ]
INFO: [ view_end ] --END-- [ RunTime:0.002253s ]

[ 2014-12-24 23:15:04 ] 203.208.60.232 /index.php/Index/news
INFO: [ route_check ] --START--
INFO: CheckRoute Behavior ::run [ RunTime:0.002526s ]
INFO: [ route_check ] --END-- [ RunTime:0.002636s ]
INFO: [ app_begin ] --START--
INFO: ReadHtmlCache Behavior ::run [ RunTime:0.002039s ]
INFO: [ app_begin ] --END-- [ RunTime:0.002134s ]
SQL: SHOW COLUMNS FROM `contents` [ RunTime:0.004807s ]
SQL: SELECT * FROM `contents` WHERE (  enable=1 and cateid=4  ) LIMIT 1   [ RunTime:0.000290s ]
SQL: SELECT * FROM `contents` WHERE (  enable=1 and cateid=1  ) LIMIT 1   [ RunTime:0.000208s ]
NOTIC: [2] file_get_contents(http://int.dpool.sina.com.cn/iplookup/iplookup.php?format=js&amp;ip=203.208.60.232) [<a href='function.file-get-contents'>function.file-get-contents</a>]: failed to open stream: HTTP request failed! HTTP/1.1 502 Bad Gateway
 D:\enkjhost\mayning1\web\home\Lib\Action\UtilAction.class.php 第 177 行.
NOTIC: [8] Undefined index:  HTTP_ACCEPT_LANGUAGE D:\enkjhost\mayning1\web\home\Lib\Action\UtilAction.class.php 第 96 行.
SQL: SHOW COLUMNS FROM `visters` [ RunTime:0.006180s ]
SQL: INSERT INTO `visters` (`ctime`,`info`,`ip`,`page`) VALUES ('2014-12-24 23:15','  、OtherEnglish系统、Other浏览器、','203.208.60.232','FAQ页面') [ RunTime:0.010897s ]
SQL: SHOW COLUMNS FROM `faqcate` [ RunTime:0.009000s ]
SQL: SHOW COLUMNS FROM `faqs` [ RunTime:0.006964s ]
NOTIC: [8] Undefined index:  faqcate D:\enkjhost\mayning1\web\home\Lib\Action\IndexAction.class.php 第 95 行.
SQL: SELECT * FROM `faqcate` WHERE ( enable=1  ) ORDER BY  sorts desc  [ RunTime:0.000304s ]
SQL: SELECT COUNT(*) AS tp_count FROM `faqs` WHERE (  1=1 and enable=1  ) LIMIT 1   [ RunTime:0.000276s ]
SQL: SELECT * FROM `faqs` WHERE (  1=1 and enable=1  ) ORDER BY sorts desc LIMIT 0,10   [ RunTime:0.000393s ]
INFO: [ view_parse ] --START--
INFO: ParseTemplate Behavior ::run [ RunTime:0.032795s ]
INFO: [ view_parse ] --END-- [ RunTime:0.032904s ]
INFO: [ view_filter ] --START--
INFO: ContentReplace Behavior ::run [ RunTime:0.001812s ]
INFO: TokenBuild Behavior ::run [ RunTime:0.002733s ]
INFO: WriteHtmlCache Behavior ::run [ RunTime:0.001568s ]
INFO: ShowRuntime Behavior ::run [ RunTime:0.001884s ]
INFO: [ view_filter ] --END-- [ RunTime:0.008249s ]
INFO: [ view_end ] --START--
INFO: ShowPageTrace Behavior ::run [ RunTime:0.002171s ]
INFO: [ view_end ] --END-- [ RunTime:0.002265s ]

