[ 2015-01-23 00:34:51 ] 66.249.73.134 /index.php
INFO: [ app_begin ] --START--
INFO: ReadHtmlCache Behavior ::run [ RunTime:0.003234s ]
INFO: [ app_begin ] --END-- [ RunTime:0.003346s ]
SQL: SHOW COLUMNS FROM `contents` [ RunTime:0.007119s ]
SQL: SELECT * FROM `contents` WHERE (  enable=1 and cateid=4  ) LIMIT 1   [ RunTime:0.000385s ]
SQL: SELECT * FROM `contents` WHERE (  enable=1 and cateid=1  ) LIMIT 1   [ RunTime:0.000295s ]
NOTIC: [8] Undefined index:  HTTP_ACCEPT_LANGUAGE D:\enkjhost\mayning1\web\home\Lib\Action\UtilAction.class.php 第 96 行.
SQL: SHOW COLUMNS FROM `visters` [ RunTime:0.007084s ]
SQL: INSERT INTO `visters` (`ctime`,`info`,`ip`,`page`) VALUES ('2015-01-23 00:34','美国 加利福尼亚 Mountain View、MACEnglish系统、Safari浏览器、','66.249.73.134','系统首页') [ RunTime:0.013538s ]
SQL: SHOW COLUMNS FROM `products` [ RunTime:0.009757s ]
SQL: SELECT * FROM `products` WHERE (  enable=1 and state=1  ) ORDER BY  sorts desc  [ RunTime:0.001015s ]
SQL: SELECT * FROM `products` WHERE (  enable=1 and state=2  ) ORDER BY  sorts desc  [ RunTime:0.000615s ]
INFO: [ view_parse ] --START--
INFO: ParseTemplate Behavior ::run [ RunTime:0.038532s ]
INFO: [ view_parse ] --END-- [ RunTime:0.038661s ]
INFO: [ view_filter ] --START--
INFO: ContentReplace Behavior ::run [ RunTime:0.002783s ]
INFO: TokenBuild Behavior ::run [ RunTime:0.002839s ]
INFO: WriteHtmlCache Behavior ::run [ RunTime:0.002598s ]
INFO: ShowRuntime Behavior ::run [ RunTime:0.003086s ]
INFO: [ view_filter ] --END-- [ RunTime:0.011576s ]
INFO: [ view_end ] --START--
INFO: ShowPageTrace Behavior ::run [ RunTime:0.003533s ]
INFO: [ view_end ] --END-- [ RunTime:0.003631s ]

[ 2015-01-23 01:42:55 ] 66.249.73.246 /index.php/Index/index
INFO: [ route_check ] --START--
INFO: CheckRoute Behavior ::run [ RunTime:0.003850s ]
INFO: [ route_check ] --END-- [ RunTime:0.003950s ]
INFO: [ app_begin ] --START--
INFO: ReadHtmlCache Behavior ::run [ RunTime:0.002189s ]
INFO: [ app_begin ] --END-- [ RunTime:0.002284s ]
SQL: SHOW COLUMNS FROM `contents` [ RunTime:0.007325s ]
SQL: SELECT * FROM `contents` WHERE (  enable=1 and cateid=4  ) LIMIT 1   [ RunTime:0.000391s ]
SQL: SELECT * FROM `contents` WHERE (  enable=1 and cateid=1  ) LIMIT 1   [ RunTime:0.000328s ]
NOTIC: [8] Undefined index:  HTTP_ACCEPT_LANGUAGE D:\enkjhost\mayning1\web\home\Lib\Action\UtilAction.class.php 第 96 行.
SQL: SHOW COLUMNS FROM `visters` [ RunTime:0.007424s ]
SQL: INSERT INTO `visters` (`ctime`,`info`,`ip`,`page`) VALUES ('2015-01-23 01:42','美国 加利福尼亚 Mountain View、OtherEnglish系统、Other浏览器、','66.249.73.246','系统首页') [ RunTime:0.012151s ]
SQL: SHOW COLUMNS FROM `products` [ RunTime:0.007951s ]
SQL: SELECT * FROM `products` WHERE (  enable=1 and state=1  ) ORDER BY  sorts desc  [ RunTime:0.001002s ]
SQL: SELECT * FROM `products` WHERE (  enable=1 and state=2  ) ORDER BY  sorts desc  [ RunTime:0.000559s ]
INFO: [ view_parse ] --START--
INFO: ParseTemplate Behavior ::run [ RunTime:0.034371s ]
INFO: [ view_parse ] --END-- [ RunTime:0.034486s ]
INFO: [ view_filter ] --START--
INFO: ContentReplace Behavior ::run [ RunTime:0.001937s ]
INFO: TokenBuild Behavior ::run [ RunTime:0.002993s ]
INFO: WriteHtmlCache Behavior ::run [ RunTime:0.002720s ]
INFO: ShowRuntime Behavior ::run [ RunTime:0.002963s ]
INFO: [ view_filter ] --END-- [ RunTime:0.010874s ]
INFO: [ view_end ] --START--
INFO: ShowPageTrace Behavior ::run [ RunTime:0.003108s ]
INFO: [ view_end ] --END-- [ RunTime:0.003194s ]

[ 2015-01-23 02:23:01 ] 66.249.73.142 /index.php
INFO: [ app_begin ] --START--
INFO: ReadHtmlCache Behavior ::run [ RunTime:0.002183s ]
INFO: [ app_begin ] --END-- [ RunTime:0.002296s ]
SQL: SHOW COLUMNS FROM `contents` [ RunTime:0.007277s ]
SQL: SELECT * FROM `contents` WHERE (  enable=1 and cateid=4  ) LIMIT 1   [ RunTime:0.000379s ]
SQL: SELECT * FROM `contents` WHERE (  enable=1 and cateid=1  ) LIMIT 1   [ RunTime:0.000295s ]
NOTIC: [8] Undefined index:  HTTP_ACCEPT_LANGUAGE D:\enkjhost\mayning1\web\home\Lib\Action\UtilAction.class.php 第 96 行.
SQL: SHOW COLUMNS FROM `visters` [ RunTime:0.012286s ]
SQL: INSERT INTO `visters` (`ctime`,`info`,`ip`,`page`) VALUES ('2015-01-23 02:23','美国 加利福尼亚 Mountain View、OtherEnglish系统、Other浏览器、','66.249.73.142','系统首页') [ RunTime:0.011247s ]
SQL: SHOW COLUMNS FROM `products` [ RunTime:0.007646s ]
SQL: SELECT * FROM `products` WHERE (  enable=1 and state=1  ) ORDER BY  sorts desc  [ RunTime:0.001041s ]
SQL: SELECT * FROM `products` WHERE (  enable=1 and state=2  ) ORDER BY  sorts desc  [ RunTime:0.000672s ]
INFO: [ view_parse ] --START--
INFO: ParseTemplate Behavior ::run [ RunTime:0.038256s ]
INFO: [ view_parse ] --END-- [ RunTime:0.038395s ]
INFO: [ view_filter ] --START--
INFO: ContentReplace Behavior ::run [ RunTime:0.002910s ]
INFO: TokenBuild Behavior ::run [ RunTime:0.002939s ]
INFO: WriteHtmlCache Behavior ::run [ RunTime:0.001741s ]
INFO: ShowRuntime Behavior ::run [ RunTime:0.001975s ]
INFO: [ view_filter ] --END-- [ RunTime:0.009818s ]
INFO: [ view_end ] --START--
INFO: ShowPageTrace Behavior ::run [ RunTime:0.001921s ]
INFO: [ view_end ] --END-- [ RunTime:0.002002s ]

[ 2015-01-23 02:43:23 ] 68.180.228.48 /index.php/Index/productInfo?id=33
INFO: [ route_check ] --START--
INFO: CheckRoute Behavior ::run [ RunTime:0.004155s ]
INFO: [ route_check ] --END-- [ RunTime:0.004266s ]
INFO: [ app_begin ] --START--
INFO: ReadHtmlCache Behavior ::run [ RunTime:0.002208s ]
INFO: [ app_begin ] --END-- [ RunTime:0.002305s ]
SQL: SHOW COLUMNS FROM `contents` [ RunTime:0.007558s ]
SQL: SELECT * FROM `contents` WHERE (  enable=1 and cateid=4  ) LIMIT 1   [ RunTime:0.000372s ]
SQL: SELECT * FROM `contents` WHERE (  enable=1 and cateid=1  ) LIMIT 1   [ RunTime:0.000299s ]
NOTIC: [8] Undefined index:  HTTP_ACCEPT_LANGUAGE D:\enkjhost\mayning1\web\home\Lib\Action\UtilAction.class.php 第 96 行.
SQL: SHOW COLUMNS FROM `visters` [ RunTime:0.008636s ]
SQL: INSERT INTO `visters` (`ctime`,`info`,`ip`,`page`) VALUES ('2015-01-23 02:43','美国 加利福尼亚 Sunnyvale、OtherEnglish系统、Other浏览器、','68.180.228.48','产品详情页面') [ RunTime:0.008938s ]
SQL: SHOW COLUMNS FROM `procate` [ RunTime:0.008399s ]
SQL: SHOW COLUMNS FROM `products` [ RunTime:0.006877s ]
NOTIC: [8] Undefined index:  procate D:\enkjhost\mayning1\web\home\Lib\Action\IndexAction.class.php 第 243 行.
NOTIC: [8] Undefined index:  procate2 D:\enkjhost\mayning1\web\home\Lib\Action\IndexAction.class.php 第 244 行.
SQL: SELECT * FROM `procate` WHERE ( id=%d ) LIMIT 1   [ RunTime:0.000249s ]
ERR: 1064:You have an error in your SQL syntax; check the manual that corresponds to your MySQL server version for the right syntax to use near '%d ) LIMIT 1' at line 1
 [ SQL语句 ] : SELECT * FROM `procate` WHERE ( id=%d ) LIMIT 1  
SQL: SELECT * FROM `procate` WHERE ( id=%d ) LIMIT 1   [ RunTime:0.000240s ]
ERR: 1064:You have an error in your SQL syntax; check the manual that corresponds to your MySQL server version for the right syntax to use near '%d ) LIMIT 1' at line 1
 [ SQL语句 ] : SELECT * FROM `procate` WHERE ( id=%d ) LIMIT 1  
SQL: SELECT * FROM `procate` WHERE (  enable =1 and pid=0  ) ORDER BY  sorts desc  [ RunTime:0.000534s ]
SQL: SELECT * FROM `products` WHERE (  id=33 ) LIMIT 1   [ RunTime:0.000345s ]
SQL: SELECT * FROM `procate` WHERE ( id=37 ) LIMIT 1   [ RunTime:0.000290s ]
SQL: SELECT * FROM `procate` WHERE ( id=0 ) LIMIT 1   [ RunTime:0.000267s ]
INFO: [ view_parse ] --START--
INFO: ParseTemplate Behavior ::run [ RunTime:0.025804s ]
INFO: [ view_parse ] --END-- [ RunTime:0.025904s ]
INFO: [ view_filter ] --START--
INFO: ContentReplace Behavior ::run [ RunTime:0.002641s ]
INFO: TokenBuild Behavior ::run [ RunTime:0.002955s ]
INFO: WriteHtmlCache Behavior ::run [ RunTime:0.001769s ]
INFO: ShowRuntime Behavior ::run [ RunTime:0.002029s ]
INFO: [ view_filter ] --END-- [ RunTime:0.009645s ]
INFO: [ view_end ] --START--
INFO: ShowPageTrace Behavior ::run [ RunTime:0.002303s ]
INFO: [ view_end ] --END-- [ RunTime:0.002399s ]

[ 2015-01-23 02:50:12 ] 66.249.73.134 /index.php/Index/product?procate=16
INFO: [ route_check ] --START--
INFO: CheckRoute Behavior ::run [ RunTime:0.002027s ]
INFO: [ route_check ] --END-- [ RunTime:0.002113s ]
INFO: [ app_begin ] --START--
INFO: ReadHtmlCache Behavior ::run [ RunTime:0.001621s ]
INFO: [ app_begin ] --END-- [ RunTime:0.001695s ]
SQL: SHOW COLUMNS FROM `contents` [ RunTime:0.006580s ]
SQL: SELECT * FROM `contents` WHERE (  enable=1 and cateid=4  ) LIMIT 1   [ RunTime:0.000377s ]
SQL: SELECT * FROM `contents` WHERE (  enable=1 and cateid=1  ) LIMIT 1   [ RunTime:0.000287s ]
NOTIC: [8] Undefined index:  HTTP_ACCEPT_LANGUAGE D:\enkjhost\mayning1\web\home\Lib\Action\UtilAction.class.php 第 96 行.
SQL: SHOW COLUMNS FROM `visters` [ RunTime:0.006619s ]
SQL: INSERT INTO `visters` (`ctime`,`info`,`ip`,`page`) VALUES ('2015-01-23 02:50','美国 加利福尼亚 Mountain View、MACEnglish系统、Safari浏览器、','66.249.73.134','产品页面') [ RunTime:0.009850s ]
SQL: SHOW COLUMNS FROM `procate` [ RunTime:0.006608s ]
SQL: SHOW COLUMNS FROM `products` [ RunTime:0.006269s ]
NOTIC: [8] Undefined index:  procate2 D:\enkjhost\mayning1\web\home\Lib\Action\IndexAction.class.php 第 176 行.
SQL: SELECT * FROM `procate` WHERE ( id=16 ) LIMIT 1   [ RunTime:0.000369s ]
SQL: SELECT * FROM `procate` WHERE ( id=%d ) LIMIT 1   [ RunTime:0.000253s ]
ERR: 1064:You have an error in your SQL syntax; check the manual that corresponds to your MySQL server version for the right syntax to use near '%d ) LIMIT 1' at line 1
 [ SQL语句 ] : SELECT * FROM `procate` WHERE ( id=%d ) LIMIT 1  
SQL: SELECT * FROM `procate` WHERE ( pid=16 )  [ RunTime:0.000400s ]
SQL: select count(*) as count from products a left join procate b on a.proid = b.id where 1=1 and a.enable=1 and b.enable=1  and ( b.pid=16 or b.id=16) [ RunTime:0.000733s ]
SQL: select a.id,a.title,a.info,a.imgs,a.ctime from products a left join procate b on a.proid = b.id where 1=1 and a.enable=1 and b.enable=1  and ( b.pid=16 or b.id=16) order by a.sorts desc limit 0,9 [ RunTime:0.001164s ]
SQL: SELECT * FROM `procate` WHERE (  enable =1 and pid=0   ) ORDER BY  sorts desc  [ RunTime:0.000514s ]
INFO: [ view_parse ] --START--
INFO: ParseTemplate Behavior ::run [ RunTime:0.034436s ]
INFO: [ view_parse ] --END-- [ RunTime:0.034540s ]
INFO: [ view_filter ] --START--
INFO: ContentReplace Behavior ::run [ RunTime:0.001628s ]
INFO: TokenBuild Behavior ::run [ RunTime:0.002506s ]
INFO: WriteHtmlCache Behavior ::run [ RunTime:0.001467s ]
INFO: ShowRuntime Behavior ::run [ RunTime:0.001674s ]
INFO: [ view_filter ] --END-- [ RunTime:0.007496s ]
INFO: [ view_end ] --START--
INFO: ShowPageTrace Behavior ::run [ RunTime:0.001916s ]
INFO: [ view_end ] --END-- [ RunTime:0.001999s ]

[ 2015-01-23 02:52:37 ] 68.180.228.48 /index.php/Index/product?procate=24
INFO: [ route_check ] --START--
INFO: CheckRoute Behavior ::run [ RunTime:0.002653s ]
INFO: [ route_check ] --END-- [ RunTime:0.002764s ]
INFO: [ app_begin ] --START--
INFO: ReadHtmlCache Behavior ::run [ RunTime:0.002168s ]
INFO: [ app_begin ] --END-- [ RunTime:0.002263s ]
SQL: SHOW COLUMNS FROM `contents` [ RunTime:0.005240s ]
SQL: SELECT * FROM `contents` WHERE (  enable=1 and cateid=4  ) LIMIT 1   [ RunTime:0.000306s ]
SQL: SELECT * FROM `contents` WHERE (  enable=1 and cateid=1  ) LIMIT 1   [ RunTime:0.000233s ]
NOTIC: [8] Undefined index:  HTTP_ACCEPT_LANGUAGE D:\enkjhost\mayning1\web\home\Lib\Action\UtilAction.class.php 第 96 行.
SQL: SHOW COLUMNS FROM `visters` [ RunTime:0.006217s ]
SQL: INSERT INTO `visters` (`ctime`,`info`,`ip`,`page`) VALUES ('2015-01-23 02:52','美国 加利福尼亚 Sunnyvale、OtherEnglish系统、Other浏览器、','68.180.228.48','产品页面') [ RunTime:0.009543s ]
SQL: SHOW COLUMNS FROM `procate` [ RunTime:0.006582s ]
SQL: SHOW COLUMNS FROM `products` [ RunTime:0.005956s ]
NOTIC: [8] Undefined index:  procate2 D:\enkjhost\mayning1\web\home\Lib\Action\IndexAction.class.php 第 176 行.
SQL: SELECT * FROM `procate` WHERE ( id=24 ) LIMIT 1   [ RunTime:0.000288s ]
SQL: SELECT * FROM `procate` WHERE ( id=%d ) LIMIT 1   [ RunTime:0.000151s ]
ERR: 1064:You have an error in your SQL syntax; check the manual that corresponds to your MySQL server version for the right syntax to use near '%d ) LIMIT 1' at line 1
 [ SQL语句 ] : SELECT * FROM `procate` WHERE ( id=%d ) LIMIT 1  
SQL: SELECT * FROM `procate` WHERE ( pid=24 )  [ RunTime:0.000278s ]
SQL: select count(*) as count from products a left join procate b on a.proid = b.id where 1=1 and a.enable=1 and b.enable=1  and ( b.pid=24 or b.id=24) [ RunTime:0.000547s ]
SQL: select a.id,a.title,a.info,a.imgs,a.ctime from products a left join procate b on a.proid = b.id where 1=1 and a.enable=1 and b.enable=1  and ( b.pid=24 or b.id=24) order by a.sorts desc limit 0,9 [ RunTime:0.001021s ]
SQL: SELECT * FROM `procate` WHERE (  enable =1 and pid=0   ) ORDER BY  sorts desc  [ RunTime:0.000408s ]
INFO: [ view_parse ] --START--
INFO: ParseTemplate Behavior ::run [ RunTime:0.034550s ]
INFO: [ view_parse ] --END-- [ RunTime:0.034665s ]
INFO: [ view_filter ] --START--
INFO: ContentReplace Behavior ::run [ RunTime:0.002907s ]
INFO: TokenBuild Behavior ::run [ RunTime:0.002906s ]
INFO: WriteHtmlCache Behavior ::run [ RunTime:0.001728s ]
INFO: ShowRuntime Behavior ::run [ RunTime:0.001979s ]
INFO: [ view_filter ] --END-- [ RunTime:0.009779s ]
INFO: [ view_end ] --START--
INFO: ShowPageTrace Behavior ::run [ RunTime:0.002283s ]
INFO: [ view_end ] --END-- [ RunTime:0.002380s ]

[ 2015-01-23 02:56:37 ] 68.180.228.48 /index.php/Index/product?procate=16
INFO: [ route_check ] --START--
INFO: CheckRoute Behavior ::run [ RunTime:0.001792s ]
INFO: [ route_check ] --END-- [ RunTime:0.001880s ]
INFO: [ app_begin ] --START--
INFO: ReadHtmlCache Behavior ::run [ RunTime:0.001514s ]
INFO: [ app_begin ] --END-- [ RunTime:0.001588s ]
SQL: SHOW COLUMNS FROM `contents` [ RunTime:0.004068s ]
SQL: SELECT * FROM `contents` WHERE (  enable=1 and cateid=4  ) LIMIT 1   [ RunTime:0.000237s ]
SQL: SELECT * FROM `contents` WHERE (  enable=1 and cateid=1  ) LIMIT 1   [ RunTime:0.000169s ]
NOTIC: [8] Undefined index:  HTTP_ACCEPT_LANGUAGE D:\enkjhost\mayning1\web\home\Lib\Action\UtilAction.class.php 第 96 行.
SQL: SHOW COLUMNS FROM `visters` [ RunTime:0.003152s ]
SQL: INSERT INTO `visters` (`ctime`,`info`,`ip`,`page`) VALUES ('2015-01-23 02:56','美国 加利福尼亚 Sunnyvale、OtherEnglish系统、Other浏览器、','68.180.228.48','产品页面') [ RunTime:0.008497s ]
SQL: SHOW COLUMNS FROM `procate` [ RunTime:0.003150s ]
SQL: SHOW COLUMNS FROM `products` [ RunTime:0.002805s ]
NOTIC: [8] Undefined index:  procate2 D:\enkjhost\mayning1\web\home\Lib\Action\IndexAction.class.php 第 176 行.
SQL: SELECT * FROM `procate` WHERE ( id=16 ) LIMIT 1   [ RunTime:0.000155s ]
SQL: SELECT * FROM `procate` WHERE ( id=%d ) LIMIT 1   [ RunTime:0.000070s ]
ERR: 1064:You have an error in your SQL syntax; check the manual that corresponds to your MySQL server version for the right syntax to use near '%d ) LIMIT 1' at line 1
 [ SQL语句 ] : SELECT * FROM `procate` WHERE ( id=%d ) LIMIT 1  
SQL: SELECT * FROM `procate` WHERE ( pid=16 )  [ RunTime:0.000135s ]
SQL: select count(*) as count from products a left join procate b on a.proid = b.id where 1=1 and a.enable=1 and b.enable=1  and ( b.pid=16 or b.id=16) [ RunTime:0.000289s ]
SQL: select a.id,a.title,a.info,a.imgs,a.ctime from products a left join procate b on a.proid = b.id where 1=1 and a.enable=1 and b.enable=1  and ( b.pid=16 or b.id=16) order by a.sorts desc limit 0,9 [ RunTime:0.000511s ]
SQL: SELECT * FROM `procate` WHERE (  enable =1 and pid=0   ) ORDER BY  sorts desc  [ RunTime:0.000199s ]
INFO: [ view_parse ] --START--
INFO: ParseTemplate Behavior ::run [ RunTime:0.015950s ]
INFO: [ view_parse ] --END-- [ RunTime:0.016015s ]
INFO: [ view_filter ] --START--
INFO: ContentReplace Behavior ::run [ RunTime:0.001723s ]
INFO: TokenBuild Behavior ::run [ RunTime:0.001593s ]
INFO: WriteHtmlCache Behavior ::run [ RunTime:0.000893s ]
INFO: ShowRuntime Behavior ::run [ RunTime:0.001036s ]
INFO: [ view_filter ] --END-- [ RunTime:0.005406s ]
INFO: [ view_end ] --START--
INFO: ShowPageTrace Behavior ::run [ RunTime:0.001198s ]
INFO: [ view_end ] --END-- [ RunTime:0.001262s ]

[ 2015-01-23 03:05:22 ] 66.249.65.145 /index.php
INFO: [ app_begin ] --START--
INFO: ReadHtmlCache Behavior ::run [ RunTime:0.002555s ]
INFO: [ app_begin ] --END-- [ RunTime:0.002642s ]
SQL: SHOW COLUMNS FROM `contents` [ RunTime:0.006659s ]
SQL: SELECT * FROM `contents` WHERE (  enable=1 and cateid=4  ) LIMIT 1   [ RunTime:0.000399s ]
SQL: SELECT * FROM `contents` WHERE (  enable=1 and cateid=1  ) LIMIT 1   [ RunTime:0.000303s ]
NOTIC: [8] Undefined index:  HTTP_ACCEPT_LANGUAGE D:\enkjhost\mayning1\web\home\Lib\Action\UtilAction.class.php 第 96 行.
SQL: SHOW COLUMNS FROM `visters` [ RunTime:0.006373s ]
SQL: INSERT INTO `visters` (`ctime`,`info`,`ip`,`page`) VALUES ('2015-01-23 03:05','美国 加利福尼亚 Mountain View、OtherEnglish系统、Other浏览器、','66.249.65.145','系统首页') [ RunTime:0.008821s ]
SQL: SHOW COLUMNS FROM `products` [ RunTime:0.006203s ]
SQL: SELECT * FROM `products` WHERE (  enable=1 and state=1  ) ORDER BY  sorts desc  [ RunTime:0.001085s ]
SQL: SELECT * FROM `products` WHERE (  enable=1 and state=2  ) ORDER BY  sorts desc  [ RunTime:0.000599s ]
INFO: [ view_parse ] --START--
INFO: ParseTemplate Behavior ::run [ RunTime:0.033737s ]
INFO: [ view_parse ] --END-- [ RunTime:0.033853s ]
INFO: [ view_filter ] --START--
INFO: ContentReplace Behavior ::run [ RunTime:0.001363s ]
INFO: TokenBuild Behavior ::run [ RunTime:0.002234s ]
INFO: WriteHtmlCache Behavior ::run [ RunTime:0.002046s ]
INFO: ShowRuntime Behavior ::run [ RunTime:0.002440s ]
INFO: [ view_filter ] --END-- [ RunTime:0.008285s ]
INFO: [ view_end ] --START--
INFO: ShowPageTrace Behavior ::run [ RunTime:0.001699s ]
INFO: [ view_end ] --END-- [ RunTime:0.001773s ]

[ 2015-01-23 03:56:07 ] 183.60.243.242 /index.php
INFO: [ app_begin ] --START--
INFO: ReadHtmlCache Behavior ::run [ RunTime:0.001420s ]
INFO: [ app_begin ] --END-- [ RunTime:0.001507s ]
SQL: SHOW COLUMNS FROM `contents` [ RunTime:0.004754s ]
SQL: SELECT * FROM `contents` WHERE (  enable=1 and cateid=4  ) LIMIT 1   [ RunTime:0.000303s ]
SQL: SELECT * FROM `contents` WHERE (  enable=1 and cateid=1  ) LIMIT 1   [ RunTime:0.000224s ]
NOTIC: [8] Undefined index:  HTTP_ACCEPT_LANGUAGE D:\enkjhost\mayning1\web\home\Lib\Action\UtilAction.class.php 第 96 行.
SQL: SHOW COLUMNS FROM `visters` [ RunTime:0.006216s ]
SQL: INSERT INTO `visters` (`ctime`,`info`,`ip`,`page`) VALUES ('2015-01-23 03:56','中国 广东 广州、WindowsEnglish系统、MSIE浏览器、','183.60.243.242','系统首页') [ RunTime:0.012565s ]
SQL: SHOW COLUMNS FROM `products` [ RunTime:0.005795s ]
SQL: SELECT * FROM `products` WHERE (  enable=1 and state=1  ) ORDER BY  sorts desc  [ RunTime:0.001064s ]
SQL: SELECT * FROM `products` WHERE (  enable=1 and state=2  ) ORDER BY  sorts desc  [ RunTime:0.000677s ]
INFO: [ view_parse ] --START--
INFO: ParseTemplate Behavior ::run [ RunTime:0.043301s ]
INFO: [ view_parse ] --END-- [ RunTime:0.043429s ]
INFO: [ view_filter ] --START--
INFO: ContentReplace Behavior ::run [ RunTime:0.002574s ]
INFO: TokenBuild Behavior ::run [ RunTime:0.002596s ]
INFO: WriteHtmlCache Behavior ::run [ RunTime:0.001429s ]
INFO: ShowRuntime Behavior ::run [ RunTime:0.001709s ]
INFO: [ view_filter ] --END-- [ RunTime:0.008570s ]
INFO: [ view_end ] --START--
INFO: ShowPageTrace Behavior ::run [ RunTime:0.001977s ]
INFO: [ view_end ] --END-- [ RunTime:0.002074s ]

[ 2015-01-23 07:34:01 ] 220.181.108.96 /index.php/Index/productInfo?id=106
INFO: [ route_check ] --START--
INFO: CheckRoute Behavior ::run [ RunTime:0.001750s ]
INFO: [ route_check ] --END-- [ RunTime:0.001804s ]
INFO: [ app_begin ] --START--
INFO: ReadHtmlCache Behavior ::run [ RunTime:0.001394s ]
INFO: [ app_begin ] --END-- [ RunTime:0.001449s ]
SQL: SHOW COLUMNS FROM `contents` [ RunTime:0.003647s ]
SQL: SELECT * FROM `contents` WHERE (  enable=1 and cateid=4  ) LIMIT 1   [ RunTime:0.000174s ]
SQL: SELECT * FROM `contents` WHERE (  enable=1 and cateid=1  ) LIMIT 1   [ RunTime:0.000115s ]
SQL: SHOW COLUMNS FROM `visters` [ RunTime:0.003138s ]
SQL: INSERT INTO `visters` (`ctime`,`info`,`ip`,`page`) VALUES ('2015-01-23 07:34','中国 北京 北京、Other简体中文系统、Other浏览器、','220.181.108.96','产品详情页面') [ RunTime:0.013458s ]
SQL: SHOW COLUMNS FROM `procate` [ RunTime:0.003744s ]
SQL: SHOW COLUMNS FROM `products` [ RunTime:0.002662s ]
NOTIC: [8] Undefined index:  procate D:\enkjhost\mayning1\web\home\Lib\Action\IndexAction.class.php 第 243 行.
NOTIC: [8] Undefined index:  procate2 D:\enkjhost\mayning1\web\home\Lib\Action\IndexAction.class.php 第 244 行.
SQL: SELECT * FROM `procate` WHERE ( id=%d ) LIMIT 1   [ RunTime:0.000075s ]
ERR: 1064:You have an error in your SQL syntax; check the manual that corresponds to your MySQL server version for the right syntax to use near '%d ) LIMIT 1' at line 1
 [ SQL语句 ] : SELECT * FROM `procate` WHERE ( id=%d ) LIMIT 1  
SQL: SELECT * FROM `procate` WHERE ( id=%d ) LIMIT 1   [ RunTime:0.000057s ]
ERR: 1064:You have an error in your SQL syntax; check the manual that corresponds to your MySQL server version for the right syntax to use near '%d ) LIMIT 1' at line 1
 [ SQL语句 ] : SELECT * FROM `procate` WHERE ( id=%d ) LIMIT 1  
SQL: SELECT * FROM `procate` WHERE (  enable =1 and pid=0  ) ORDER BY  sorts desc  [ RunTime:0.000222s ]
SQL: SELECT * FROM `products` WHERE (  id=106 ) LIMIT 1   [ RunTime:0.000125s ]
SQL: SELECT * FROM `procate` WHERE ( id=31 ) LIMIT 1   [ RunTime:0.000094s ]
SQL: SELECT * FROM `procate` WHERE ( id=20 ) LIMIT 1   [ RunTime:0.000091s ]
INFO: [ view_parse ] --START--
INFO: ParseTemplate Behavior ::run [ RunTime:0.022124s ]
INFO: [ view_parse ] --END-- [ RunTime:0.022178s ]
INFO: [ view_filter ] --START--
INFO: ContentReplace Behavior ::run [ RunTime:0.001222s ]
INFO: TokenBuild Behavior ::run [ RunTime:0.001239s ]
INFO: WriteHtmlCache Behavior ::run [ RunTime:0.001102s ]
INFO: ShowRuntime Behavior ::run [ RunTime:0.001315s ]
INFO: [ view_filter ] --END-- [ RunTime:0.004991s ]
INFO: [ view_end ] --START--
INFO: ShowPageTrace Behavior ::run [ RunTime:0.001534s ]
INFO: [ view_end ] --END-- [ RunTime:0.001577s ]

[ 2015-01-23 07:55:10 ] 220.181.108.113 /index.php
INFO: [ app_begin ] --START--
INFO: ReadHtmlCache Behavior ::run [ RunTime:0.002577s ]
INFO: [ app_begin ] --END-- [ RunTime:0.002684s ]
SQL: SHOW COLUMNS FROM `contents` [ RunTime:0.003998s ]
SQL: SELECT * FROM `contents` WHERE (  enable=1 and cateid=4  ) LIMIT 1   [ RunTime:0.000328s ]
SQL: SELECT * FROM `contents` WHERE (  enable=1 and cateid=1  ) LIMIT 1   [ RunTime:0.000151s ]
SQL: SHOW COLUMNS FROM `visters` [ RunTime:0.007169s ]
SQL: INSERT INTO `visters` (`ctime`,`info`,`ip`,`page`) VALUES ('2015-01-23 07:55','中国 北京 北京、Other简体中文系统、Other浏览器、','220.181.108.113','系统首页') [ RunTime:0.011677s ]
SQL: SHOW COLUMNS FROM `products` [ RunTime:0.006266s ]
SQL: SELECT * FROM `products` WHERE (  enable=1 and state=1  ) ORDER BY  sorts desc  [ RunTime:0.001011s ]
SQL: SELECT * FROM `products` WHERE (  enable=1 and state=2  ) ORDER BY  sorts desc  [ RunTime:0.000614s ]
INFO: [ view_parse ] --START--
INFO: ParseTemplate Behavior ::run [ RunTime:0.049131s ]
INFO: [ view_parse ] --END-- [ RunTime:0.049267s ]
INFO: [ view_filter ] --START--
INFO: ContentReplace Behavior ::run [ RunTime:0.002923s ]
INFO: TokenBuild Behavior ::run [ RunTime:0.002939s ]
INFO: WriteHtmlCache Behavior ::run [ RunTime:0.002603s ]
INFO: ShowRuntime Behavior ::run [ RunTime:0.003133s ]
INFO: [ view_filter ] --END-- [ RunTime:0.011877s ]
INFO: [ view_end ] --START--
INFO: ShowPageTrace Behavior ::run [ RunTime:0.003517s ]
INFO: [ view_end ] --END-- [ RunTime:0.003617s ]

[ 2015-01-23 08:51:20 ] 5.255.253.87 /index.php/Index/productInfo?id=130
INFO: [ route_check ] --START--
INFO: CheckRoute Behavior ::run [ RunTime:0.003496s ]
INFO: [ route_check ] --END-- [ RunTime:0.003599s ]
INFO: [ app_begin ] --START--
INFO: ReadHtmlCache Behavior ::run [ RunTime:0.004426s ]
INFO: [ app_begin ] --END-- [ RunTime:0.004511s ]
SQL: SHOW COLUMNS FROM `contents` [ RunTime:0.006927s ]
SQL: SELECT * FROM `contents` WHERE (  enable=1 and cateid=4  ) LIMIT 1   [ RunTime:0.000326s ]
SQL: SELECT * FROM `contents` WHERE (  enable=1 and cateid=1  ) LIMIT 1   [ RunTime:0.000256s ]
SQL: SHOW COLUMNS FROM `visters` [ RunTime:0.007682s ]
SQL: INSERT INTO `visters` (`ctime`,`info`,`ip`,`page`) VALUES ('2015-01-23 08:51','俄罗斯  、OtherEnglish系统、Other浏览器、','5.255.253.87','产品详情页面') [ RunTime:0.008157s ]
SQL: SHOW COLUMNS FROM `procate` [ RunTime:0.007911s ]
SQL: SHOW COLUMNS FROM `products` [ RunTime:0.006903s ]
NOTIC: [8] Undefined index:  procate D:\enkjhost\mayning1\web\home\Lib\Action\IndexAction.class.php 第 243 行.
NOTIC: [8] Undefined index:  procate2 D:\enkjhost\mayning1\web\home\Lib\Action\IndexAction.class.php 第 244 行.
SQL: SELECT * FROM `procate` WHERE ( id=%d ) LIMIT 1   [ RunTime:0.000180s ]
ERR: 1064:You have an error in your SQL syntax; check the manual that corresponds to your MySQL server version for the right syntax to use near '%d ) LIMIT 1' at line 1
 [ SQL语句 ] : SELECT * FROM `procate` WHERE ( id=%d ) LIMIT 1  
SQL: SELECT * FROM `procate` WHERE ( id=%d ) LIMIT 1   [ RunTime:0.000154s ]
ERR: 1064:You have an error in your SQL syntax; check the manual that corresponds to your MySQL server version for the right syntax to use near '%d ) LIMIT 1' at line 1
 [ SQL语句 ] : SELECT * FROM `procate` WHERE ( id=%d ) LIMIT 1  
SQL: SELECT * FROM `procate` WHERE (  enable =1 and pid=0  ) ORDER BY  sorts desc  [ RunTime:0.000474s ]
SQL: SELECT * FROM `products` WHERE (  id=130 ) LIMIT 1   [ RunTime:0.000290s ]
SQL: SELECT * FROM `procate` WHERE ( id=37 ) LIMIT 1   [ RunTime:0.000276s ]
SQL: SELECT * FROM `procate` WHERE ( id=0 ) LIMIT 1   [ RunTime:0.000288s ]
INFO: [ view_parse ] --START--
INFO: ParseTemplate Behavior ::run [ RunTime:0.042460s ]
INFO: [ view_parse ] --END-- [ RunTime:0.042565s ]
INFO: [ view_filter ] --START--
INFO: ContentReplace Behavior ::run [ RunTime:0.002268s ]
INFO: TokenBuild Behavior ::run [ RunTime:0.002261s ]
INFO: WriteHtmlCache Behavior ::run [ RunTime:0.003475s ]
INFO: ShowRuntime Behavior ::run [ RunTime:0.002666s ]
INFO: [ view_filter ] --END-- [ RunTime:0.010879s ]
INFO: [ view_end ] --START--
INFO: ShowPageTrace Behavior ::run [ RunTime:0.003031s ]
INFO: [ view_end ] --END-- [ RunTime:0.003116s ]

[ 2015-01-23 09:29:41 ] 101.226.169.209 /index.php/Index/contact
INFO: [ route_check ] --START--
INFO: CheckRoute Behavior ::run [ RunTime:0.002525s ]
INFO: [ route_check ] --END-- [ RunTime:0.002604s ]
INFO: [ app_begin ] --START--
INFO: ReadHtmlCache Behavior ::run [ RunTime:0.001936s ]
INFO: [ app_begin ] --END-- [ RunTime:0.001995s ]
SQL: SHOW COLUMNS FROM `contents` [ RunTime:0.003832s ]
SQL: SELECT * FROM `contents` WHERE (  enable=1 and cateid=4  ) LIMIT 1   [ RunTime:0.000260s ]
SQL: SELECT * FROM `contents` WHERE (  enable=1 and cateid=1  ) LIMIT 1   [ RunTime:0.000232s ]
SQL: SHOW COLUMNS FROM `visters` [ RunTime:0.005982s ]
SQL: INSERT INTO `visters` (`ctime`,`info`,`ip`,`page`) VALUES ('2015-01-23 09:29','中国 上海 上海、Windows简体中文系统、Chrome浏览器、','101.226.169.209','产品详情页面') [ RunTime:0.010640s ]
SQL: SELECT * FROM `contents` WHERE (  enable=1 and cateid=3  ) LIMIT 1   [ RunTime:0.000357s ]
INFO: [ view_parse ] --START--
INFO: ParseTemplate Behavior ::run [ RunTime:0.038721s ]
INFO: [ view_parse ] --END-- [ RunTime:0.038850s ]
INFO: [ view_filter ] --START--
INFO: ContentReplace Behavior ::run [ RunTime:0.002639s ]
INFO: TokenBuild Behavior ::run [ RunTime:0.002643s ]
INFO: WriteHtmlCache Behavior ::run [ RunTime:0.002365s ]
INFO: ShowRuntime Behavior ::run [ RunTime:0.002783s ]
INFO: [ view_filter ] --END-- [ RunTime:0.010712s ]
INFO: [ view_end ] --START--
INFO: ShowPageTrace Behavior ::run [ RunTime:0.003250s ]
INFO: [ view_end ] --END-- [ RunTime:0.003341s ]

[ 2015-01-23 09:50:13 ] 180.76.5.169 /index.php/Index/product?procate=18
INFO: [ route_check ] --START--
INFO: CheckRoute Behavior ::run [ RunTime:0.004162s ]
INFO: [ route_check ] --END-- [ RunTime:0.004275s ]
INFO: [ app_begin ] --START--
INFO: ReadHtmlCache Behavior ::run [ RunTime:0.003399s ]
INFO: [ app_begin ] --END-- [ RunTime:0.003496s ]
SQL: SHOW COLUMNS FROM `contents` [ RunTime:0.007894s ]
SQL: SELECT * FROM `contents` WHERE (  enable=1 and cateid=4  ) LIMIT 1   [ RunTime:0.000399s ]
SQL: SELECT * FROM `contents` WHERE (  enable=1 and cateid=1  ) LIMIT 1   [ RunTime:0.000316s ]
SQL: SHOW COLUMNS FROM `visters` [ RunTime:0.008766s ]
SQL: INSERT INTO `visters` (`ctime`,`info`,`ip`,`page`) VALUES ('2015-01-23 09:50','中国 北京 北京、OtherEnglish系统、Other浏览器、','180.76.5.169','产品页面') [ RunTime:0.010383s ]
SQL: SHOW COLUMNS FROM `procate` [ RunTime:0.008180s ]
SQL: SHOW COLUMNS FROM `products` [ RunTime:0.009656s ]
NOTIC: [8] Undefined index:  procate2 D:\enkjhost\mayning1\web\home\Lib\Action\IndexAction.class.php 第 176 行.
SQL: SELECT * FROM `procate` WHERE ( id=18 ) LIMIT 1   [ RunTime:0.000315s ]
SQL: SELECT * FROM `procate` WHERE ( id=%d ) LIMIT 1   [ RunTime:0.000177s ]
ERR: 1064:You have an error in your SQL syntax; check the manual that corresponds to your MySQL server version for the right syntax to use near '%d ) LIMIT 1' at line 1
 [ SQL语句 ] : SELECT * FROM `procate` WHERE ( id=%d ) LIMIT 1  
SQL: SELECT * FROM `procate` WHERE ( pid=18 )  [ RunTime:0.000312s ]
SQL: select count(*) as count from products a left join procate b on a.proid = b.id where 1=1 and a.enable=1 and b.enable=1  and ( b.pid=18 or b.id=18) [ RunTime:0.000634s ]
SQL: select a.id,a.title,a.info,a.imgs,a.ctime from products a left join procate b on a.proid = b.id where 1=1 and a.enable=1 and b.enable=1  and ( b.pid=18 or b.id=18) order by a.sorts desc limit 0,9 [ RunTime:0.001046s ]
SQL: SELECT * FROM `procate` WHERE (  enable =1 and pid=0   ) ORDER BY  sorts desc  [ RunTime:0.000436s ]
INFO: [ view_parse ] --START--
INFO: ParseTemplate Behavior ::run [ RunTime:0.038469s ]
INFO: [ view_parse ] --END-- [ RunTime:0.038593s ]
INFO: [ view_filter ] --START--
INFO: ContentReplace Behavior ::run [ RunTime:0.003160s ]
INFO: TokenBuild Behavior ::run [ RunTime:0.002983s ]
INFO: WriteHtmlCache Behavior ::run [ RunTime:0.002646s ]
INFO: ShowRuntime Behavior ::run [ RunTime:0.001957s ]
INFO: [ view_filter ] --END-- [ RunTime:0.011003s ]
INFO: [ view_end ] --START--
INFO: ShowPageTrace Behavior ::run [ RunTime:0.003017s ]
INFO: [ view_end ] --END-- [ RunTime:0.003101s ]

[ 2015-01-23 11:19:31 ] 5.255.253.87 /index.php/Index/productInfo?id=58
INFO: [ route_check ] --START--
INFO: CheckRoute Behavior ::run [ RunTime:0.003190s ]
INFO: [ route_check ] --END-- [ RunTime:0.003276s ]
INFO: [ app_begin ] --START--
INFO: ReadHtmlCache Behavior ::run [ RunTime:0.003405s ]
INFO: [ app_begin ] --END-- [ RunTime:0.003501s ]
SQL: SHOW COLUMNS FROM `contents` [ RunTime:0.010262s ]
SQL: SELECT * FROM `contents` WHERE (  enable=1 and cateid=4  ) LIMIT 1   [ RunTime:0.000396s ]
SQL: SELECT * FROM `contents` WHERE (  enable=1 and cateid=1  ) LIMIT 1   [ RunTime:0.000303s ]
SQL: SHOW COLUMNS FROM `visters` [ RunTime:0.009797s ]
SQL: INSERT INTO `visters` (`ctime`,`info`,`ip`,`page`) VALUES ('2015-01-23 11:19','俄罗斯  、OtherEnglish系统、Other浏览器、','5.255.253.87','产品详情页面') [ RunTime:0.008294s ]
SQL: SHOW COLUMNS FROM `procate` [ RunTime:0.008466s ]
SQL: SHOW COLUMNS FROM `products` [ RunTime:0.008498s ]
NOTIC: [8] Undefined index:  procate D:\enkjhost\mayning1\web\home\Lib\Action\IndexAction.class.php 第 243 行.
NOTIC: [8] Undefined index:  procate2 D:\enkjhost\mayning1\web\home\Lib\Action\IndexAction.class.php 第 244 行.
SQL: SELECT * FROM `procate` WHERE ( id=%d ) LIMIT 1   [ RunTime:0.000226s ]
ERR: 1064:You have an error in your SQL syntax; check the manual that corresponds to your MySQL server version for the right syntax to use near '%d ) LIMIT 1' at line 1
 [ SQL语句 ] : SELECT * FROM `procate` WHERE ( id=%d ) LIMIT 1  
SQL: SELECT * FROM `procate` WHERE ( id=%d ) LIMIT 1   [ RunTime:0.000190s ]
ERR: 1064:You have an error in your SQL syntax; check the manual that corresponds to your MySQL server version for the right syntax to use near '%d ) LIMIT 1' at line 1
 [ SQL语句 ] : SELECT * FROM `procate` WHERE ( id=%d ) LIMIT 1  
SQL: SELECT * FROM `procate` WHERE (  enable =1 and pid=0  ) ORDER BY  sorts desc  [ RunTime:0.000498s ]
SQL: SELECT * FROM `products` WHERE (  id=58 ) LIMIT 1   [ RunTime:0.000314s ]
SQL: SELECT * FROM `procate` WHERE ( id=21 ) LIMIT 1   [ RunTime:0.000257s ]
SQL: SELECT * FROM `procate` WHERE ( id=0 ) LIMIT 1   [ RunTime:0.000243s ]
INFO: [ view_parse ] --START--
INFO: ParseTemplate Behavior ::run [ RunTime:0.042557s ]
INFO: [ view_parse ] --END-- [ RunTime:0.042666s ]
INFO: [ view_filter ] --START--
INFO: ContentReplace Behavior ::run [ RunTime:0.002914s ]
INFO: TokenBuild Behavior ::run [ RunTime:0.002902s ]
INFO: WriteHtmlCache Behavior ::run [ RunTime:0.002611s ]
INFO: ShowRuntime Behavior ::run [ RunTime:0.003166s ]
INFO: [ view_filter ] --END-- [ RunTime:0.011854s ]
INFO: [ view_end ] --START--
INFO: ShowPageTrace Behavior ::run [ RunTime:0.003589s ]
INFO: [ view_end ] --END-- [ RunTime:0.003688s ]

[ 2015-01-23 13:25:24 ] 66.249.73.142 /index.php
INFO: [ app_begin ] --START--
INFO: ReadHtmlCache Behavior ::run [ RunTime:0.003425s ]
INFO: [ app_begin ] --END-- [ RunTime:0.003537s ]
SQL: SHOW COLUMNS FROM `contents` [ RunTime:0.008752s ]
SQL: SELECT * FROM `contents` WHERE (  enable=1 and cateid=4  ) LIMIT 1   [ RunTime:0.000361s ]
SQL: SELECT * FROM `contents` WHERE (  enable=1 and cateid=1  ) LIMIT 1   [ RunTime:0.000281s ]
NOTIC: [8] Undefined index:  HTTP_ACCEPT_LANGUAGE D:\enkjhost\mayning1\web\home\Lib\Action\UtilAction.class.php 第 96 行.
SQL: SHOW COLUMNS FROM `visters` [ RunTime:0.008512s ]
SQL: INSERT INTO `visters` (`ctime`,`info`,`ip`,`page`) VALUES ('2015-01-23 13:25','美国 加利福尼亚 Mountain View、OtherEnglish系统、Other浏览器、','66.249.73.142','系统首页') [ RunTime:0.009628s ]
SQL: SHOW COLUMNS FROM `products` [ RunTime:0.009205s ]
SQL: SELECT * FROM `products` WHERE (  enable=1 and state=1  ) ORDER BY  sorts desc  [ RunTime:0.001077s ]
SQL: SELECT * FROM `products` WHERE (  enable=1 and state=2  ) ORDER BY  sorts desc  [ RunTime:0.000573s ]
INFO: [ view_parse ] --START--
INFO: ParseTemplate Behavior ::run [ RunTime:0.043048s ]
INFO: [ view_parse ] --END-- [ RunTime:0.043183s ]
INFO: [ view_filter ] --START--
INFO: ContentReplace Behavior ::run [ RunTime:0.002877s ]
INFO: TokenBuild Behavior ::run [ RunTime:0.002924s ]
INFO: WriteHtmlCache Behavior ::run [ RunTime:0.002547s ]
INFO: ShowRuntime Behavior ::run [ RunTime:0.003147s ]
INFO: [ view_filter ] --END-- [ RunTime:0.011761s ]
INFO: [ view_end ] --START--
INFO: ShowPageTrace Behavior ::run [ RunTime:0.003472s ]
INFO: [ view_end ] --END-- [ RunTime:0.003570s ]

[ 2015-01-23 13:59:47 ] 61.135.189.171 /index.php/Index/product?procate=20&procate2=32
INFO: [ route_check ] --START--
INFO: CheckRoute Behavior ::run [ RunTime:0.004007s ]
INFO: [ route_check ] --END-- [ RunTime:0.004120s ]
INFO: [ app_begin ] --START--
INFO: ReadHtmlCache Behavior ::run [ RunTime:0.003247s ]
INFO: [ app_begin ] --END-- [ RunTime:0.003344s ]
SQL: SHOW COLUMNS FROM `contents` [ RunTime:0.006715s ]
SQL: SELECT * FROM `contents` WHERE (  enable=1 and cateid=4  ) LIMIT 1   [ RunTime:0.000400s ]
SQL: SELECT * FROM `contents` WHERE (  enable=1 and cateid=1  ) LIMIT 1   [ RunTime:0.000296s ]
SQL: SHOW COLUMNS FROM `visters` [ RunTime:0.006090s ]
SQL: INSERT INTO `visters` (`ctime`,`info`,`ip`,`page`) VALUES ('2015-01-23 13:59','中国 北京 北京、Other简体中文系统、Other浏览器、','61.135.189.171','产品页面') [ RunTime:0.012554s ]
SQL: SHOW COLUMNS FROM `procate` [ RunTime:0.007216s ]
SQL: SHOW COLUMNS FROM `products` [ RunTime:0.006109s ]
SQL: SELECT * FROM `procate` WHERE ( id=20 ) LIMIT 1   [ RunTime:0.000302s ]
SQL: SELECT * FROM `procate` WHERE ( id=32 ) LIMIT 1   [ RunTime:0.000256s ]
SQL: SELECT * FROM `procate` WHERE ( pid=20 )  [ RunTime:0.000295s ]
SQL: select count(*) as count from products a left join procate b on a.proid = b.id where 1=1 and a.enable=1 and b.enable=1  and ( b.pid=32 or b.id=32) [ RunTime:0.000628s ]
SQL: select a.id,a.title,a.info,a.imgs,a.ctime from products a left join procate b on a.proid = b.id where 1=1 and a.enable=1 and b.enable=1  and ( b.pid=32 or b.id=32) order by a.sorts desc limit 0,9 [ RunTime:0.001050s ]
SQL: SELECT * FROM `procate` WHERE (  enable =1 and pid=0   ) ORDER BY  sorts desc  [ RunTime:0.000431s ]
INFO: [ view_parse ] --START--
INFO: ParseTemplate Behavior ::run [ RunTime:0.042670s ]
INFO: [ view_parse ] --END-- [ RunTime:0.042782s ]
INFO: [ view_filter ] --START--
INFO: ContentReplace Behavior ::run [ RunTime:0.002764s ]
INFO: TokenBuild Behavior ::run [ RunTime:0.002691s ]
INFO: WriteHtmlCache Behavior ::run [ RunTime:0.002382s ]
INFO: ShowRuntime Behavior ::run [ RunTime:0.002943s ]
INFO: [ view_filter ] --END-- [ RunTime:0.011041s ]
INFO: [ view_end ] --START--
INFO: ShowPageTrace Behavior ::run [ RunTime:0.003465s ]
INFO: [ view_end ] --END-- [ RunTime:0.003561s ]

[ 2015-01-23 14:27:20 ] 5.255.253.87 /index.php/Index/productInfo?id=106
INFO: [ route_check ] --START--
INFO: CheckRoute Behavior ::run [ RunTime:0.004046s ]
INFO: [ route_check ] --END-- [ RunTime:0.004161s ]
INFO: [ app_begin ] --START--
INFO: ReadHtmlCache Behavior ::run [ RunTime:0.003128s ]
INFO: [ app_begin ] --END-- [ RunTime:0.003230s ]
SQL: SHOW COLUMNS FROM `contents` [ RunTime:0.005571s ]
SQL: SELECT * FROM `contents` WHERE (  enable=1 and cateid=4  ) LIMIT 1   [ RunTime:0.000321s ]
SQL: SELECT * FROM `contents` WHERE (  enable=1 and cateid=1  ) LIMIT 1   [ RunTime:0.000249s ]
SQL: SHOW COLUMNS FROM `visters` [ RunTime:0.005140s ]
SQL: INSERT INTO `visters` (`ctime`,`info`,`ip`,`page`) VALUES ('2015-01-23 14:27','俄罗斯  、OtherEnglish系统、Other浏览器、','5.255.253.87','产品详情页面') [ RunTime:0.010151s ]
SQL: SHOW COLUMNS FROM `procate` [ RunTime:0.005444s ]
SQL: SHOW COLUMNS FROM `products` [ RunTime:0.005076s ]
NOTIC: [8] Undefined index:  procate D:\enkjhost\mayning1\web\home\Lib\Action\IndexAction.class.php 第 243 行.
NOTIC: [8] Undefined index:  procate2 D:\enkjhost\mayning1\web\home\Lib\Action\IndexAction.class.php 第 244 行.
SQL: SELECT * FROM `procate` WHERE ( id=%d ) LIMIT 1   [ RunTime:0.000173s ]
ERR: 1064:You have an error in your SQL syntax; check the manual that corresponds to your MySQL server version for the right syntax to use near '%d ) LIMIT 1' at line 1
 [ SQL语句 ] : SELECT * FROM `procate` WHERE ( id=%d ) LIMIT 1  
SQL: SELECT * FROM `procate` WHERE ( id=%d ) LIMIT 1   [ RunTime:0.000152s ]
ERR: 1064:You have an error in your SQL syntax; check the manual that corresponds to your MySQL server version for the right syntax to use near '%d ) LIMIT 1' at line 1
 [ SQL语句 ] : SELECT * FROM `procate` WHERE ( id=%d ) LIMIT 1  
SQL: SELECT * FROM `procate` WHERE (  enable =1 and pid=0  ) ORDER BY  sorts desc  [ RunTime:0.000430s ]
SQL: SELECT * FROM `products` WHERE (  id=106 ) LIMIT 1   [ RunTime:0.000273s ]
SQL: SELECT * FROM `procate` WHERE ( id=31 ) LIMIT 1   [ RunTime:0.000235s ]
SQL: SELECT * FROM `procate` WHERE ( id=20 ) LIMIT 1   [ RunTime:0.000215s ]
INFO: [ view_parse ] --START--
INFO: ParseTemplate Behavior ::run [ RunTime:0.030947s ]
INFO: [ view_parse ] --END-- [ RunTime:0.031051s ]
INFO: [ view_filter ] --START--
INFO: ContentReplace Behavior ::run [ RunTime:0.002483s ]
INFO: TokenBuild Behavior ::run [ RunTime:0.002514s ]
INFO: WriteHtmlCache Behavior ::run [ RunTime:0.002343s ]
INFO: ShowRuntime Behavior ::run [ RunTime:0.003994s ]
INFO: [ view_filter ] --END-- [ RunTime:0.011607s ]
INFO: [ view_end ] --START--
INFO: ShowPageTrace Behavior ::run [ RunTime:0.003019s ]
INFO: [ view_end ] --END-- [ RunTime:0.003114s ]

[ 2015-01-23 14:29:51 ] 23.82.62.142 /index.php
INFO: [ app_begin ] --START--
INFO: ReadHtmlCache Behavior ::run [ RunTime:0.002047s ]
INFO: [ app_begin ] --END-- [ RunTime:0.002156s ]
SQL: SHOW COLUMNS FROM `contents` [ RunTime:0.006462s ]
SQL: SELECT * FROM `contents` WHERE (  enable=1 and cateid=4  ) LIMIT 1   [ RunTime:0.000407s ]
SQL: SELECT * FROM `contents` WHERE (  enable=1 and cateid=1  ) LIMIT 1   [ RunTime:0.000362s ]
SQL: SHOW COLUMNS FROM `visters` [ RunTime:0.006095s ]
SQL: INSERT INTO `visters` (`ctime`,`info`,`ip`,`page`) VALUES ('2015-01-23 14:29','美国 亚利桑那州 Phoenix、WindowsEnglish系统、Chrome浏览器、','23.82.62.142','系统首页') [ RunTime:0.013106s ]
SQL: SHOW COLUMNS FROM `products` [ RunTime:0.005904s ]
SQL: SELECT * FROM `products` WHERE (  enable=1 and state=1  ) ORDER BY  sorts desc  [ RunTime:0.000999s ]
SQL: SELECT * FROM `products` WHERE (  enable=1 and state=2  ) ORDER BY  sorts desc  [ RunTime:0.000543s ]
INFO: [ view_parse ] --START--
INFO: ParseTemplate Behavior ::run [ RunTime:0.031951s ]
INFO: [ view_parse ] --END-- [ RunTime:0.032081s ]
INFO: [ view_filter ] --START--
INFO: ContentReplace Behavior ::run [ RunTime:0.001838s ]
INFO: TokenBuild Behavior ::run [ RunTime:0.002867s ]
INFO: WriteHtmlCache Behavior ::run [ RunTime:0.001658s ]
INFO: ShowRuntime Behavior ::run [ RunTime:0.001901s ]
INFO: [ view_filter ] --END-- [ RunTime:0.008518s ]
INFO: [ view_end ] --START--
INFO: ShowPageTrace Behavior ::run [ RunTime:0.002186s ]
INFO: [ view_end ] --END-- [ RunTime:0.002279s ]

[ 2015-01-23 14:43:51 ] 23.82.62.151 /index.php
INFO: [ app_begin ] --START--
INFO: ReadHtmlCache Behavior ::run [ RunTime:0.001888s ]
INFO: [ app_begin ] --END-- [ RunTime:0.001987s ]
SQL: SHOW COLUMNS FROM `contents` [ RunTime:0.006474s ]
SQL: SELECT * FROM `contents` WHERE (  enable=1 and cateid=4  ) LIMIT 1   [ RunTime:0.000392s ]
SQL: SELECT * FROM `contents` WHERE (  enable=1 and cateid=1  ) LIMIT 1   [ RunTime:0.000304s ]
SQL: SHOW COLUMNS FROM `visters` [ RunTime:0.006557s ]
SQL: INSERT INTO `visters` (`ctime`,`info`,`ip`,`page`) VALUES ('2015-01-23 14:43','美国 亚利桑那州 Phoenix、WindowsEnglish系统、Chrome浏览器、','23.82.62.151','系统首页') [ RunTime:0.011962s ]
SQL: SHOW COLUMNS FROM `products` [ RunTime:0.006448s ]
SQL: SELECT * FROM `products` WHERE (  enable=1 and state=1  ) ORDER BY  sorts desc  [ RunTime:0.001060s ]
SQL: SELECT * FROM `products` WHERE (  enable=1 and state=2  ) ORDER BY  sorts desc  [ RunTime:0.000640s ]
INFO: [ view_parse ] --START--
INFO: ParseTemplate Behavior ::run [ RunTime:0.035863s ]
INFO: [ view_parse ] --END-- [ RunTime:0.035989s ]
INFO: [ view_filter ] --START--
INFO: ContentReplace Behavior ::run [ RunTime:0.001872s ]
INFO: TokenBuild Behavior ::run [ RunTime:0.002823s ]
INFO: WriteHtmlCache Behavior ::run [ RunTime:0.001729s ]
INFO: ShowRuntime Behavior ::run [ RunTime:0.003065s ]
INFO: [ view_filter ] --END-- [ RunTime:0.009756s ]
INFO: [ view_end ] --START--
INFO: ShowPageTrace Behavior ::run [ RunTime:0.002313s ]
INFO: [ view_end ] --END-- [ RunTime:0.002405s ]

[ 2015-01-23 17:30:21 ] 66.249.65.145 /index.php
INFO: [ app_begin ] --START--
INFO: ReadHtmlCache Behavior ::run [ RunTime:0.003666s ]
INFO: [ app_begin ] --END-- [ RunTime:0.003781s ]
SQL: SHOW COLUMNS FROM `contents` [ RunTime:0.007729s ]
SQL: SELECT * FROM `contents` WHERE (  enable=1 and cateid=4  ) LIMIT 1   [ RunTime:0.000386s ]
SQL: SELECT * FROM `contents` WHERE (  enable=1 and cateid=1  ) LIMIT 1   [ RunTime:0.000299s ]
NOTIC: [8] Undefined index:  HTTP_ACCEPT_LANGUAGE D:\enkjhost\mayning1\web\home\Lib\Action\UtilAction.class.php 第 96 行.
SQL: SHOW COLUMNS FROM `visters` [ RunTime:0.006733s ]
SQL: INSERT INTO `visters` (`ctime`,`info`,`ip`,`page`) VALUES ('2015-01-23 17:30','美国 加利福尼亚 Mountain View、OtherEnglish系统、Other浏览器、','66.249.65.145','系统首页') [ RunTime:0.008348s ]
SQL: SHOW COLUMNS FROM `products` [ RunTime:0.008833s ]
SQL: SELECT * FROM `products` WHERE (  enable=1 and state=1  ) ORDER BY  sorts desc  [ RunTime:0.000858s ]
SQL: SELECT * FROM `products` WHERE (  enable=1 and state=2  ) ORDER BY  sorts desc  [ RunTime:0.000509s ]
INFO: [ view_parse ] --START--
INFO: ParseTemplate Behavior ::run [ RunTime:0.040217s ]
INFO: [ view_parse ] --END-- [ RunTime:0.040338s ]
INFO: [ view_filter ] --START--
INFO: ContentReplace Behavior ::run [ RunTime:0.002968s ]
INFO: TokenBuild Behavior ::run [ RunTime:0.003084s ]
INFO: WriteHtmlCache Behavior ::run [ RunTime:0.002720s ]
INFO: ShowRuntime Behavior ::run [ RunTime:0.003315s ]
INFO: [ view_filter ] --END-- [ RunTime:0.012349s ]
INFO: [ view_end ] --START--
INFO: ShowPageTrace Behavior ::run [ RunTime:0.003811s ]
INFO: [ view_end ] --END-- [ RunTime:0.003908s ]

[ 2015-01-23 20:40:13 ] 123.125.71.32 /index.php
INFO: [ app_begin ] --START--
INFO: ReadHtmlCache Behavior ::run [ RunTime:0.001534s ]
INFO: [ app_begin ] --END-- [ RunTime:0.001593s ]
SQL: SHOW COLUMNS FROM `contents` [ RunTime:0.003805s ]
SQL: SELECT * FROM `contents` WHERE (  enable=1 and cateid=4  ) LIMIT 1   [ RunTime:0.000222s ]
SQL: SELECT * FROM `contents` WHERE (  enable=1 and cateid=1  ) LIMIT 1   [ RunTime:0.000143s ]
SQL: SHOW COLUMNS FROM `visters` [ RunTime:0.003300s ]
SQL: INSERT INTO `visters` (`ctime`,`info`,`ip`,`page`) VALUES ('2015-01-23 20:40','中国 北京 北京、Other简体中文系统、Other浏览器、','123.125.71.32','系统首页') [ RunTime:0.008709s ]
SQL: SHOW COLUMNS FROM `products` [ RunTime:0.003537s ]
SQL: SELECT * FROM `products` WHERE (  enable=1 and state=1  ) ORDER BY  sorts desc  [ RunTime:0.000470s ]
SQL: SELECT * FROM `products` WHERE (  enable=1 and state=2  ) ORDER BY  sorts desc  [ RunTime:0.000224s ]
INFO: [ view_parse ] --START--
INFO: ParseTemplate Behavior ::run [ RunTime:0.018078s ]
INFO: [ view_parse ] --END-- [ RunTime:0.018150s ]
INFO: [ view_filter ] --START--
INFO: ContentReplace Behavior ::run [ RunTime:0.001404s ]
INFO: TokenBuild Behavior ::run [ RunTime:0.001419s ]
INFO: WriteHtmlCache Behavior ::run [ RunTime:0.001101s ]
INFO: ShowRuntime Behavior ::run [ RunTime:0.001393s ]
INFO: [ view_filter ] --END-- [ RunTime:0.005450s ]
INFO: [ view_end ] --START--
INFO: ShowPageTrace Behavior ::run [ RunTime:0.001550s ]
INFO: [ view_end ] --END-- [ RunTime:0.001605s ]

[ 2015-01-23 21:20:18 ] 220.181.108.116 /index.php/Index/productInfo?id=106
INFO: [ route_check ] --START--
INFO: CheckRoute Behavior ::run [ RunTime:0.005635s ]
INFO: [ route_check ] --END-- [ RunTime:0.005751s ]
INFO: [ app_begin ] --START--
INFO: ReadHtmlCache Behavior ::run [ RunTime:0.003272s ]
INFO: [ app_begin ] --END-- [ RunTime:0.003369s ]
SQL: SHOW COLUMNS FROM `contents` [ RunTime:0.005742s ]
SQL: SELECT * FROM `contents` WHERE (  enable=1 and cateid=4  ) LIMIT 1   [ RunTime:0.000340s ]
SQL: SELECT * FROM `contents` WHERE (  enable=1 and cateid=1  ) LIMIT 1   [ RunTime:0.000258s ]
SQL: SHOW COLUMNS FROM `visters` [ RunTime:0.007137s ]
SQL: INSERT INTO `visters` (`ctime`,`info`,`ip`,`page`) VALUES ('2015-01-23 21:20','中国 北京 北京、Other简体中文系统、Other浏览器、','220.181.108.116','产品详情页面') [ RunTime:0.009231s ]
SQL: SHOW COLUMNS FROM `procate` [ RunTime:0.009294s ]
SQL: SHOW COLUMNS FROM `products` [ RunTime:0.006315s ]
NOTIC: [8] Undefined index:  procate D:\enkjhost\mayning1\web\home\Lib\Action\IndexAction.class.php 第 243 行.
NOTIC: [8] Undefined index:  procate2 D:\enkjhost\mayning1\web\home\Lib\Action\IndexAction.class.php 第 244 行.
SQL: SELECT * FROM `procate` WHERE ( id=%d ) LIMIT 1   [ RunTime:0.000201s ]
ERR: 1064:You have an error in your SQL syntax; check the manual that corresponds to your MySQL server version for the right syntax to use near '%d ) LIMIT 1' at line 1
 [ SQL语句 ] : SELECT * FROM `procate` WHERE ( id=%d ) LIMIT 1  
SQL: SELECT * FROM `procate` WHERE ( id=%d ) LIMIT 1   [ RunTime:0.000180s ]
ERR: 1064:You have an error in your SQL syntax; check the manual that corresponds to your MySQL server version for the right syntax to use near '%d ) LIMIT 1' at line 1
 [ SQL语句 ] : SELECT * FROM `procate` WHERE ( id=%d ) LIMIT 1  
SQL: SELECT * FROM `procate` WHERE (  enable =1 and pid=0  ) ORDER BY  sorts desc  [ RunTime:0.000484s ]
SQL: SELECT * FROM `products` WHERE (  id=106 ) LIMIT 1   [ RunTime:0.000308s ]
SQL: SELECT * FROM `procate` WHERE ( id=31 ) LIMIT 1   [ RunTime:0.000249s ]
SQL: SELECT * FROM `procate` WHERE ( id=20 ) LIMIT 1   [ RunTime:0.000242s ]
INFO: [ view_parse ] --START--
INFO: ParseTemplate Behavior ::run [ RunTime:0.036169s ]
INFO: [ view_parse ] --END-- [ RunTime:0.036280s ]
INFO: [ view_filter ] --START--
INFO: ContentReplace Behavior ::run [ RunTime:0.001807s ]
INFO: TokenBuild Behavior ::run [ RunTime:0.002752s ]
INFO: WriteHtmlCache Behavior ::run [ RunTime:0.001658s ]
INFO: ShowRuntime Behavior ::run [ RunTime:0.003010s ]
INFO: [ view_filter ] --END-- [ RunTime:0.009484s ]
INFO: [ view_end ] --START--
INFO: ShowPageTrace Behavior ::run [ RunTime:0.003452s ]
INFO: [ view_end ] --END-- [ RunTime:0.003550s ]

[ 2015-01-23 22:05:55 ] 180.76.5.69 /index.php/Index/product?procate=24
INFO: [ route_check ] --START--
INFO: CheckRoute Behavior ::run [ RunTime:0.004000s ]
INFO: [ route_check ] --END-- [ RunTime:0.004113s ]
INFO: [ app_begin ] --START--
INFO: ReadHtmlCache Behavior ::run [ RunTime:0.002039s ]
INFO: [ app_begin ] --END-- [ RunTime:0.002134s ]
SQL: SHOW COLUMNS FROM `contents` [ RunTime:0.006620s ]
SQL: SELECT * FROM `contents` WHERE (  enable=1 and cateid=4  ) LIMIT 1   [ RunTime:0.000400s ]
SQL: SELECT * FROM `contents` WHERE (  enable=1 and cateid=1  ) LIMIT 1   [ RunTime:0.000316s ]

[ 2015-01-23 23:02:28 ] 66.249.65.145 /index.php
INFO: [ app_begin ] --START--
INFO: ReadHtmlCache Behavior ::run [ RunTime:0.002688s ]
INFO: [ app_begin ] --END-- [ RunTime:0.002795s ]
SQL: SHOW COLUMNS FROM `contents` [ RunTime:0.006602s ]
SQL: SELECT * FROM `contents` WHERE (  enable=1 and cateid=4  ) LIMIT 1   [ RunTime:0.000325s ]
SQL: SELECT * FROM `contents` WHERE (  enable=1 and cateid=1  ) LIMIT 1   [ RunTime:0.000337s ]

[ 2015-01-23 23:09:08 ] 66.249.73.142 /index.php
INFO: [ app_begin ] --START--
INFO: ReadHtmlCache Behavior ::run [ RunTime:0.001548s ]
INFO: [ app_begin ] --END-- [ RunTime:0.001635s ]
SQL: SHOW COLUMNS FROM `contents` [ RunTime:0.005046s ]
SQL: SELECT * FROM `contents` WHERE (  enable=1 and cateid=4  ) LIMIT 1   [ RunTime:0.000318s ]
SQL: SELECT * FROM `contents` WHERE (  enable=1 and cateid=1  ) LIMIT 1   [ RunTime:0.000242s ]

[ 2015-01-23 23:20:55 ] 66.249.65.149 /index.php
INFO: [ app_begin ] --START--
INFO: ReadHtmlCache Behavior ::run [ RunTime:0.003164s ]
INFO: [ app_begin ] --END-- [ RunTime:0.003270s ]
SQL: SHOW COLUMNS FROM `contents` [ RunTime:0.007617s ]
SQL: SELECT * FROM `contents` WHERE (  enable=1 and cateid=4  ) LIMIT 1   [ RunTime:0.000390s ]
SQL: SELECT * FROM `contents` WHERE (  enable=1 and cateid=1  ) LIMIT 1   [ RunTime:0.000305s ]

[ 2015-01-23 23:22:09 ] 123.125.71.57 /index.php/Index/product?procate=37
INFO: [ route_check ] --START--
INFO: CheckRoute Behavior ::run [ RunTime:0.002287s ]
INFO: [ route_check ] --END-- [ RunTime:0.002385s ]
INFO: [ app_begin ] --START--
INFO: ReadHtmlCache Behavior ::run [ RunTime:0.001643s ]
INFO: [ app_begin ] --END-- [ RunTime:0.001716s ]
SQL: SHOW COLUMNS FROM `contents` [ RunTime:0.005948s ]
SQL: SELECT * FROM `contents` WHERE (  enable=1 and cateid=4  ) LIMIT 1   [ RunTime:0.000359s ]
SQL: SELECT * FROM `contents` WHERE (  enable=1 and cateid=1  ) LIMIT 1   [ RunTime:0.000270s ]

