[ 2015-01-14 01:37:49 ] 42.120.145.114 /index.php
INFO: [ app_begin ] --START--
INFO: ReadHtmlCache Behavior ::run [ RunTime:0.003338s ]
INFO: [ app_begin ] --END-- [ RunTime:0.003454s ]
SQL: SHOW COLUMNS FROM `contents` [ RunTime:0.007118s ]
SQL: SELECT * FROM `contents` WHERE (  enable=1 and cateid=4  ) LIMIT 1   [ RunTime:0.000380s ]
SQL: SELECT * FROM `contents` WHERE (  enable=1 and cateid=1  ) LIMIT 1   [ RunTime:0.000294s ]
NOTIC: [8] Undefined index:  HTTP_USER_AGENT D:\enkjhost\mayning1\web\home\Lib\Action\UtilAction.class.php 第 135 行.
NOTIC: [8] Undefined index:  HTTP_USER_AGENT D:\enkjhost\mayning1\web\home\Lib\Action\UtilAction.class.php 第 112 行.
NOTIC: [8] Undefined index:  HTTP_ACCEPT_LANGUAGE D:\enkjhost\mayning1\web\home\Lib\Action\UtilAction.class.php 第 96 行.
SQL: SHOW COLUMNS FROM `visters` [ RunTime:0.006842s ]
SQL: INSERT INTO `visters` (`ctime`,`info`,`ip`,`page`) VALUES ('2015-01-14 01:37','中国 浙江 杭州、OtherEnglish系统、Other浏览器、','42.120.145.114','系统首页') [ RunTime:0.010031s ]
SQL: SHOW COLUMNS FROM `products` [ RunTime:0.007002s ]
SQL: SELECT * FROM `products` WHERE (  enable=1 and state=1  ) ORDER BY  sorts desc  [ RunTime:0.001017s ]
SQL: SELECT * FROM `products` WHERE (  enable=1 and state=2  ) ORDER BY  sorts desc  [ RunTime:0.000642s ]
INFO: [ view_parse ] --START--
INFO: ParseTemplate Behavior ::run [ RunTime:0.048804s ]
INFO: [ view_parse ] --END-- [ RunTime:0.048935s ]
INFO: [ view_filter ] --START--
INFO: ContentReplace Behavior ::run [ RunTime:0.002865s ]
INFO: TokenBuild Behavior ::run [ RunTime:0.002891s ]
INFO: WriteHtmlCache Behavior ::run [ RunTime:0.002769s ]
INFO: ShowRuntime Behavior ::run [ RunTime:0.003120s ]
INFO: [ view_filter ] --END-- [ RunTime:0.011914s ]
INFO: [ view_end ] --START--
INFO: ShowPageTrace Behavior ::run [ RunTime:0.003567s ]
INFO: [ view_end ] --END-- [ RunTime:0.003664s ]

[ 2015-01-14 04:32:48 ] 207.46.13.3 /index.php
INFO: [ app_begin ] --START--
INFO: ReadHtmlCache Behavior ::run [ RunTime:0.003382s ]
INFO: [ app_begin ] --END-- [ RunTime:0.003500s ]
SQL: SHOW COLUMNS FROM `contents` [ RunTime:0.007412s ]
SQL: SELECT * FROM `contents` WHERE (  enable=1 and cateid=4  ) LIMIT 1   [ RunTime:0.000373s ]
SQL: SELECT * FROM `contents` WHERE (  enable=1 and cateid=1  ) LIMIT 1   [ RunTime:0.000296s ]
NOTIC: [8] Undefined index:  HTTP_ACCEPT_LANGUAGE D:\enkjhost\mayning1\web\home\Lib\Action\UtilAction.class.php 第 96 行.
SQL: SHOW COLUMNS FROM `visters` [ RunTime:0.007365s ]
SQL: INSERT INTO `visters` (`ctime`,`info`,`ip`,`page`) VALUES ('2015-01-14 04:32','美国 华盛顿州 Redmond、OtherEnglish系统、Other浏览器、','207.46.13.3','系统首页') [ RunTime:0.009535s ]
SQL: SHOW COLUMNS FROM `products` [ RunTime:0.007370s ]
SQL: SELECT * FROM `products` WHERE (  enable=1 and state=1  ) ORDER BY  sorts desc  [ RunTime:0.000961s ]
SQL: SELECT * FROM `products` WHERE (  enable=1 and state=2  ) ORDER BY  sorts desc  [ RunTime:0.000539s ]
INFO: [ view_parse ] --START--
INFO: ParseTemplate Behavior ::run [ RunTime:0.048694s ]
INFO: [ view_parse ] --END-- [ RunTime:0.048829s ]
INFO: [ view_filter ] --START--
INFO: ContentReplace Behavior ::run [ RunTime:0.002895s ]
INFO: TokenBuild Behavior ::run [ RunTime:0.002712s ]
INFO: WriteHtmlCache Behavior ::run [ RunTime:0.002313s ]
INFO: ShowRuntime Behavior ::run [ RunTime:0.002719s ]
INFO: [ view_filter ] --END-- [ RunTime:0.010880s ]
INFO: [ view_end ] --START--
INFO: ShowPageTrace Behavior ::run [ RunTime:0.003097s ]
INFO: [ view_end ] --END-- [ RunTime:0.003181s ]

[ 2015-01-14 06:02:33 ] 180.76.6.135 /index.php/Index/aboutUs
INFO: [ route_check ] --START--
INFO: CheckRoute Behavior ::run [ RunTime:0.004145s ]
INFO: [ route_check ] --END-- [ RunTime:0.004259s ]
INFO: [ app_begin ] --START--
INFO: ReadHtmlCache Behavior ::run [ RunTime:0.003377s ]
INFO: [ app_begin ] --END-- [ RunTime:0.003476s ]
SQL: SHOW COLUMNS FROM `contents` [ RunTime:0.008209s ]
SQL: SELECT * FROM `contents` WHERE (  enable=1 and cateid=4  ) LIMIT 1   [ RunTime:0.000391s ]
SQL: SELECT * FROM `contents` WHERE (  enable=1 and cateid=1  ) LIMIT 1   [ RunTime:0.000307s ]
SQL: SHOW COLUMNS FROM `visters` [ RunTime:0.008305s ]
SQL: INSERT INTO `visters` (`ctime`,`info`,`ip`,`page`) VALUES ('2015-01-14 06:02','中国 北京 北京、OtherEnglish系统、Other浏览器、','180.76.6.135','关于我们页面') [ RunTime:0.009104s ]
SQL: SELECT * FROM `contents` WHERE (  enable=1 and cateid=2  ) LIMIT 1   [ RunTime:0.000416s ]
INFO: [ view_parse ] --START--
INFO: ParseTemplate Behavior ::run [ RunTime:0.047204s ]
INFO: [ view_parse ] --END-- [ RunTime:0.047335s ]
INFO: [ view_filter ] --START--
INFO: ContentReplace Behavior ::run [ RunTime:0.002872s ]
INFO: TokenBuild Behavior ::run [ RunTime:0.002942s ]
INFO: WriteHtmlCache Behavior ::run [ RunTime:0.002650s ]
INFO: ShowRuntime Behavior ::run [ RunTime:0.003155s ]
INFO: [ view_filter ] --END-- [ RunTime:0.011908s ]
INFO: [ view_end ] --START--
INFO: ShowPageTrace Behavior ::run [ RunTime:0.003619s ]
INFO: [ view_end ] --END-- [ RunTime:0.003714s ]

[ 2015-01-14 06:09:56 ] 188.165.15.200 /index.php/Index/product?procate=&procate2=10
INFO: [ route_check ] --START--
INFO: CheckRoute Behavior ::run [ RunTime:0.002635s ]
INFO: [ route_check ] --END-- [ RunTime:0.002748s ]
INFO: [ app_begin ] --START--
INFO: ReadHtmlCache Behavior ::run [ RunTime:0.002143s ]
INFO: [ app_begin ] --END-- [ RunTime:0.002240s ]
SQL: SHOW COLUMNS FROM `contents` [ RunTime:0.006267s ]
SQL: SELECT * FROM `contents` WHERE (  enable=1 and cateid=4  ) LIMIT 1   [ RunTime:0.000386s ]
SQL: SELECT * FROM `contents` WHERE (  enable=1 and cateid=1  ) LIMIT 1   [ RunTime:0.000295s ]
NOTIC: [8] Undefined index:  HTTP_ACCEPT_LANGUAGE D:\enkjhost\mayning1\web\home\Lib\Action\UtilAction.class.php 第 96 行.
SQL: SHOW COLUMNS FROM `visters` [ RunTime:0.006642s ]
SQL: INSERT INTO `visters` (`ctime`,`info`,`ip`,`page`) VALUES ('2015-01-14 06:09','法国  、OtherEnglish系统、Other浏览器、','188.165.15.200','产品页面') [ RunTime:0.010151s ]
SQL: SHOW COLUMNS FROM `procate` [ RunTime:0.007569s ]
SQL: SHOW COLUMNS FROM `products` [ RunTime:0.008342s ]
SQL: SELECT * FROM `procate` WHERE ( id=0 ) LIMIT 1   [ RunTime:0.000363s ]
SQL: SELECT * FROM `procate` WHERE ( id=10 ) LIMIT 1   [ RunTime:0.000352s ]
SQL: select count(*) as count from products a left join procate b on a.proid = b.id where 1=1 and a.enable=1 and b.enable=1  [ RunTime:0.000689s ]
SQL: select a.id,a.title,a.info,a.imgs,a.ctime from products a left join procate b on a.proid = b.id where 1=1 and a.enable=1 and b.enable=1  order by a.sorts desc limit 0,9 [ RunTime:0.000642s ]
SQL: SELECT * FROM `procate` WHERE (  enable =1 and pid=0   ) ORDER BY  sorts desc  [ RunTime:0.000528s ]
NOTIC: [8] Undefined variable: cate2List D:\enkjhost\mayning1\web\home\Lib\Action\IndexAction.class.php 第 220 行.
INFO: [ view_parse ] --START--
INFO: ParseTemplate Behavior ::run [ RunTime:0.031733s ]
INFO: [ view_parse ] --END-- [ RunTime:0.031837s ]
INFO: [ view_filter ] --START--
INFO: ContentReplace Behavior ::run [ RunTime:0.001633s ]
INFO: TokenBuild Behavior ::run [ RunTime:0.002511s ]
INFO: WriteHtmlCache Behavior ::run [ RunTime:0.001471s ]
INFO: ShowRuntime Behavior ::run [ RunTime:0.002773s ]
INFO: [ view_filter ] --END-- [ RunTime:0.008617s ]
INFO: [ view_end ] --START--
INFO: ShowPageTrace Behavior ::run [ RunTime:0.001956s ]
INFO: [ view_end ] --END-- [ RunTime:0.002036s ]

[ 2015-01-14 07:40:31 ] 188.165.15.193 /index.php/Index/index
INFO: [ route_check ] --START--
INFO: CheckRoute Behavior ::run [ RunTime:0.004069s ]
INFO: [ route_check ] --END-- [ RunTime:0.004186s ]
INFO: [ app_begin ] --START--
INFO: ReadHtmlCache Behavior ::run [ RunTime:0.003382s ]
INFO: [ app_begin ] --END-- [ RunTime:0.003480s ]
SQL: SHOW COLUMNS FROM `contents` [ RunTime:0.006290s ]
SQL: SELECT * FROM `contents` WHERE (  enable=1 and cateid=4  ) LIMIT 1   [ RunTime:0.000377s ]
SQL: SELECT * FROM `contents` WHERE (  enable=1 and cateid=1  ) LIMIT 1   [ RunTime:0.000300s ]
NOTIC: [8] Undefined index:  HTTP_ACCEPT_LANGUAGE D:\enkjhost\mayning1\web\home\Lib\Action\UtilAction.class.php 第 96 行.
SQL: SHOW COLUMNS FROM `visters` [ RunTime:0.010092s ]
SQL: INSERT INTO `visters` (`ctime`,`info`,`ip`,`page`) VALUES ('2015-01-14 07:40','法国  、OtherEnglish系统、Other浏览器、','188.165.15.193','系统首页') [ RunTime:0.010732s ]
SQL: SHOW COLUMNS FROM `products` [ RunTime:0.004843s ]
SQL: SELECT * FROM `products` WHERE (  enable=1 and state=1  ) ORDER BY  sorts desc  [ RunTime:0.000748s ]
SQL: SELECT * FROM `products` WHERE (  enable=1 and state=2  ) ORDER BY  sorts desc  [ RunTime:0.000410s ]
INFO: [ view_parse ] --START--
INFO: ParseTemplate Behavior ::run [ RunTime:0.030117s ]
INFO: [ view_parse ] --END-- [ RunTime:0.030215s ]
INFO: [ view_filter ] --START--
INFO: ContentReplace Behavior ::run [ RunTime:0.002295s ]
INFO: TokenBuild Behavior ::run [ RunTime:0.002332s ]
INFO: WriteHtmlCache Behavior ::run [ RunTime:0.002071s ]
INFO: ShowRuntime Behavior ::run [ RunTime:0.002454s ]
INFO: [ view_filter ] --END-- [ RunTime:0.009359s ]
INFO: [ view_end ] --START--
INFO: ShowPageTrace Behavior ::run [ RunTime:0.002800s ]
INFO: [ view_end ] --END-- [ RunTime:0.002877s ]

[ 2015-01-14 08:42:20 ] 180.76.4.236 /index.php
INFO: [ app_begin ] --START--
INFO: ReadHtmlCache Behavior ::run [ RunTime:0.001564s ]
INFO: [ app_begin ] --END-- [ RunTime:0.001651s ]
SQL: SHOW COLUMNS FROM `contents` [ RunTime:0.006053s ]
SQL: SELECT * FROM `contents` WHERE (  enable=1 and cateid=4  ) LIMIT 1   [ RunTime:0.000376s ]
SQL: SELECT * FROM `contents` WHERE (  enable=1 and cateid=1  ) LIMIT 1   [ RunTime:0.000294s ]
SQL: SHOW COLUMNS FROM `visters` [ RunTime:0.006108s ]
SQL: INSERT INTO `visters` (`ctime`,`info`,`ip`,`page`) VALUES ('2015-01-14 08:42','中国 北京 北京、Windows简体中文系统、MSIE浏览器、','180.76.4.236','系统首页') [ RunTime:0.010752s ]
SQL: SHOW COLUMNS FROM `products` [ RunTime:0.005714s ]
SQL: SELECT * FROM `products` WHERE (  enable=1 and state=1  ) ORDER BY  sorts desc  [ RunTime:0.001031s ]
SQL: SELECT * FROM `products` WHERE (  enable=1 and state=2  ) ORDER BY  sorts desc  [ RunTime:0.000571s ]
INFO: [ view_parse ] --START--
INFO: ParseTemplate Behavior ::run [ RunTime:0.030574s ]
INFO: [ view_parse ] --END-- [ RunTime:0.030703s ]
INFO: [ view_filter ] --START--
INFO: ContentReplace Behavior ::run [ RunTime:0.001802s ]
INFO: TokenBuild Behavior ::run [ RunTime:0.002738s ]
INFO: WriteHtmlCache Behavior ::run [ RunTime:0.002554s ]
INFO: ShowRuntime Behavior ::run [ RunTime:0.003032s ]
INFO: [ view_filter ] --END-- [ RunTime:0.010391s ]
INFO: [ view_end ] --START--
INFO: ShowPageTrace Behavior ::run [ RunTime:0.003455s ]
INFO: [ view_end ] --END-- [ RunTime:0.003555s ]

[ 2015-01-14 11:34:06 ] 66.249.73.134 /index.php
INFO: [ app_begin ] --START--
INFO: ReadHtmlCache Behavior ::run [ RunTime:0.002736s ]
INFO: [ app_begin ] --END-- [ RunTime:0.002829s ]
SQL: SHOW COLUMNS FROM `contents` [ RunTime:0.006575s ]
SQL: SELECT * FROM `contents` WHERE (  enable=1 and cateid=4  ) LIMIT 1   [ RunTime:0.000426s ]
SQL: SELECT * FROM `contents` WHERE (  enable=1 and cateid=1  ) LIMIT 1   [ RunTime:0.000368s ]
NOTIC: [8] Undefined index:  HTTP_ACCEPT_LANGUAGE D:\enkjhost\mayning1\web\home\Lib\Action\UtilAction.class.php 第 96 行.
SQL: SHOW COLUMNS FROM `visters` [ RunTime:0.008333s ]
SQL: INSERT INTO `visters` (`ctime`,`info`,`ip`,`page`) VALUES ('2015-01-14 11:34','美国 加利福尼亚 Mountain View、MACEnglish系统、Safari浏览器、','66.249.73.134','系统首页') [ RunTime:0.010498s ]
SQL: SHOW COLUMNS FROM `products` [ RunTime:0.008645s ]
SQL: SELECT * FROM `products` WHERE (  enable=1 and state=1  ) ORDER BY  sorts desc  [ RunTime:0.000988s ]
SQL: SELECT * FROM `products` WHERE (  enable=1 and state=2  ) ORDER BY  sorts desc  [ RunTime:0.000623s ]
INFO: [ view_parse ] --START--
INFO: ParseTemplate Behavior ::run [ RunTime:0.040426s ]
INFO: [ view_parse ] --END-- [ RunTime:0.040558s ]
INFO: [ view_filter ] --START--
INFO: ContentReplace Behavior ::run [ RunTime:0.002978s ]
INFO: TokenBuild Behavior ::run [ RunTime:0.003010s ]
INFO: WriteHtmlCache Behavior ::run [ RunTime:0.002684s ]
INFO: ShowRuntime Behavior ::run [ RunTime:0.003222s ]
INFO: [ view_filter ] --END-- [ RunTime:0.012171s ]
INFO: [ view_end ] --START--
INFO: ShowPageTrace Behavior ::run [ RunTime:0.003642s ]
INFO: [ view_end ] --END-- [ RunTime:0.003743s ]

[ 2015-01-14 12:22:49 ] 123.125.71.45 /index.php/Index/productInfo?id=58
INFO: [ route_check ] --START--
INFO: CheckRoute Behavior ::run [ RunTime:0.003503s ]
INFO: [ route_check ] --END-- [ RunTime:0.003599s ]
INFO: [ app_begin ] --START--
INFO: ReadHtmlCache Behavior ::run [ RunTime:0.001823s ]
INFO: [ app_begin ] --END-- [ RunTime:0.001904s ]
SQL: SHOW COLUMNS FROM `contents` [ RunTime:0.005698s ]
SQL: SELECT * FROM `contents` WHERE (  enable=1 and cateid=4  ) LIMIT 1   [ RunTime:0.000328s ]
SQL: SELECT * FROM `contents` WHERE (  enable=1 and cateid=1  ) LIMIT 1   [ RunTime:0.000255s ]
SQL: SHOW COLUMNS FROM `visters` [ RunTime:0.006403s ]
SQL: INSERT INTO `visters` (`ctime`,`info`,`ip`,`page`) VALUES ('2015-01-14 12:22','中国 北京 北京、Other简体中文系统、Other浏览器、','123.125.71.45','产品详情页面') [ RunTime:0.012607s ]
SQL: SHOW COLUMNS FROM `procate` [ RunTime:0.007278s ]
SQL: SHOW COLUMNS FROM `products` [ RunTime:0.006450s ]
NOTIC: [8] Undefined index:  procate D:\enkjhost\mayning1\web\home\Lib\Action\IndexAction.class.php 第 243 行.
NOTIC: [8] Undefined index:  procate2 D:\enkjhost\mayning1\web\home\Lib\Action\IndexAction.class.php 第 244 行.
SQL: SELECT * FROM `procate` WHERE ( id=%d ) LIMIT 1   [ RunTime:0.000224s ]
ERR: 1064:You have an error in your SQL syntax; check the manual that corresponds to your MySQL server version for the right syntax to use near '%d ) LIMIT 1' at line 1
 [ SQL语句 ] : SELECT * FROM `procate` WHERE ( id=%d ) LIMIT 1  
SQL: SELECT * FROM `procate` WHERE ( id=%d ) LIMIT 1   [ RunTime:0.000210s ]
ERR: 1064:You have an error in your SQL syntax; check the manual that corresponds to your MySQL server version for the right syntax to use near '%d ) LIMIT 1' at line 1
 [ SQL语句 ] : SELECT * FROM `procate` WHERE ( id=%d ) LIMIT 1  
SQL: SELECT * FROM `procate` WHERE (  enable =1 and pid=0  ) ORDER BY  sorts desc  [ RunTime:0.000532s ]
SQL: SELECT * FROM `products` WHERE (  id=58 ) LIMIT 1   [ RunTime:0.000363s ]
SQL: SELECT * FROM `procate` WHERE ( id=21 ) LIMIT 1   [ RunTime:0.000309s ]
SQL: SELECT * FROM `procate` WHERE ( id=0 ) LIMIT 1   [ RunTime:0.000300s ]
INFO: [ view_parse ] --START--
INFO: ParseTemplate Behavior ::run [ RunTime:0.044554s ]
INFO: [ view_parse ] --END-- [ RunTime:0.044666s ]
INFO: [ view_filter ] --START--
INFO: ContentReplace Behavior ::run [ RunTime:0.001921s ]
INFO: TokenBuild Behavior ::run [ RunTime:0.002658s ]
INFO: WriteHtmlCache Behavior ::run [ RunTime:0.002258s ]
INFO: ShowRuntime Behavior ::run [ RunTime:0.002691s ]
INFO: [ view_filter ] --END-- [ RunTime:0.009766s ]
INFO: [ view_end ] --START--
INFO: ShowPageTrace Behavior ::run [ RunTime:0.001964s ]
INFO: [ view_end ] --END-- [ RunTime:0.002046s ]

[ 2015-01-14 15:36:12 ] 5.255.253.87 /index.php
INFO: [ app_begin ] --START--
INFO: ReadHtmlCache Behavior ::run [ RunTime:0.003433s ]
INFO: [ app_begin ] --END-- [ RunTime:0.003548s ]
SQL: SHOW COLUMNS FROM `contents` [ RunTime:0.008111s ]
SQL: SELECT * FROM `contents` WHERE (  enable=1 and cateid=4  ) LIMIT 1   [ RunTime:0.000403s ]
SQL: SELECT * FROM `contents` WHERE (  enable=1 and cateid=1  ) LIMIT 1   [ RunTime:0.000351s ]
SQL: SHOW COLUMNS FROM `visters` [ RunTime:0.008030s ]
SQL: INSERT INTO `visters` (`ctime`,`info`,`ip`,`page`) VALUES ('2015-01-14 15:36','俄罗斯  、OtherEnglish系统、Other浏览器、','5.255.253.87','系统首页') [ RunTime:0.010052s ]
SQL: SHOW COLUMNS FROM `products` [ RunTime:0.008182s ]
SQL: SELECT * FROM `products` WHERE (  enable=1 and state=1  ) ORDER BY  sorts desc  [ RunTime:0.001063s ]
SQL: SELECT * FROM `products` WHERE (  enable=1 and state=2  ) ORDER BY  sorts desc  [ RunTime:0.000573s ]
INFO: [ view_parse ] --START--
INFO: ParseTemplate Behavior ::run [ RunTime:0.040150s ]
INFO: [ view_parse ] --END-- [ RunTime:0.040289s ]
INFO: [ view_filter ] --START--
INFO: ContentReplace Behavior ::run [ RunTime:0.002918s ]
INFO: TokenBuild Behavior ::run [ RunTime:0.002939s ]
INFO: WriteHtmlCache Behavior ::run [ RunTime:0.002678s ]
INFO: ShowRuntime Behavior ::run [ RunTime:0.003179s ]
INFO: [ view_filter ] --END-- [ RunTime:0.011983s ]
INFO: [ view_end ] --START--
INFO: ShowPageTrace Behavior ::run [ RunTime:0.003594s ]
INFO: [ view_end ] --END-- [ RunTime:0.003691s ]

[ 2015-01-14 16:41:37 ] 123.125.71.50 /index.php/Index/productInfo?id=31
INFO: [ route_check ] --START--
INFO: CheckRoute Behavior ::run [ RunTime:0.003859s ]
INFO: [ route_check ] --END-- [ RunTime:0.003974s ]
INFO: [ app_begin ] --START--
INFO: ReadHtmlCache Behavior ::run [ RunTime:0.003083s ]
INFO: [ app_begin ] --END-- [ RunTime:0.003181s ]
SQL: SHOW COLUMNS FROM `contents` [ RunTime:0.006556s ]
SQL: SELECT * FROM `contents` WHERE (  enable=1 and cateid=4  ) LIMIT 1   [ RunTime:0.000405s ]
SQL: SELECT * FROM `contents` WHERE (  enable=1 and cateid=1  ) LIMIT 1   [ RunTime:0.000301s ]
SQL: SHOW COLUMNS FROM `visters` [ RunTime:0.006513s ]
SQL: INSERT INTO `visters` (`ctime`,`info`,`ip`,`page`) VALUES ('2015-01-14 16:41','中国 北京 北京、Other简体中文系统、Other浏览器、','123.125.71.50','产品详情页面') [ RunTime:0.013662s ]
SQL: SHOW COLUMNS FROM `procate` [ RunTime:0.006887s ]
SQL: SHOW COLUMNS FROM `products` [ RunTime:0.005799s ]
NOTIC: [8] Undefined index:  procate D:\enkjhost\mayning1\web\home\Lib\Action\IndexAction.class.php 第 243 行.
NOTIC: [8] Undefined index:  procate2 D:\enkjhost\mayning1\web\home\Lib\Action\IndexAction.class.php 第 244 行.
SQL: SELECT * FROM `procate` WHERE ( id=%d ) LIMIT 1   [ RunTime:0.000227s ]
ERR: 1064:You have an error in your SQL syntax; check the manual that corresponds to your MySQL server version for the right syntax to use near '%d ) LIMIT 1' at line 1
 [ SQL语句 ] : SELECT * FROM `procate` WHERE ( id=%d ) LIMIT 1  
SQL: SELECT * FROM `procate` WHERE ( id=%d ) LIMIT 1   [ RunTime:0.000212s ]
ERR: 1064:You have an error in your SQL syntax; check the manual that corresponds to your MySQL server version for the right syntax to use near '%d ) LIMIT 1' at line 1
 [ SQL语句 ] : SELECT * FROM `procate` WHERE ( id=%d ) LIMIT 1  
SQL: SELECT * FROM `procate` WHERE (  enable =1 and pid=0  ) ORDER BY  sorts desc  [ RunTime:0.000552s ]
SQL: SELECT * FROM `products` WHERE (  id=31 ) LIMIT 1   [ RunTime:0.000353s ]
SQL: SELECT * FROM `procate` WHERE ( id=26 ) LIMIT 1   [ RunTime:0.000310s ]
SQL: SELECT * FROM `procate` WHERE ( id=0 ) LIMIT 1   [ RunTime:0.000296s ]
INFO: [ view_parse ] --START--
INFO: ParseTemplate Behavior ::run [ RunTime:0.036544s ]
INFO: [ view_parse ] --END-- [ RunTime:0.036659s ]
INFO: [ view_filter ] --START--
INFO: ContentReplace Behavior ::run [ RunTime:0.002642s ]
INFO: TokenBuild Behavior ::run [ RunTime:0.002672s ]
INFO: WriteHtmlCache Behavior ::run [ RunTime:0.002366s ]
INFO: ShowRuntime Behavior ::run [ RunTime:0.002889s ]
INFO: [ view_filter ] --END-- [ RunTime:0.010848s ]
INFO: [ view_end ] --START--
INFO: ShowPageTrace Behavior ::run [ RunTime:0.003301s ]
INFO: [ view_end ] --END-- [ RunTime:0.003405s ]

[ 2015-01-14 17:38:57 ] 61.135.189.171 /index.php
INFO: [ app_begin ] --START--
INFO: ReadHtmlCache Behavior ::run [ RunTime:0.002971s ]
INFO: [ app_begin ] --END-- [ RunTime:0.003073s ]
SQL: SHOW COLUMNS FROM `contents` [ RunTime:0.008912s ]
SQL: SELECT * FROM `contents` WHERE (  enable=1 and cateid=4  ) LIMIT 1   [ RunTime:0.000388s ]
SQL: SELECT * FROM `contents` WHERE (  enable=1 and cateid=1  ) LIMIT 1   [ RunTime:0.000297s ]
SQL: SHOW COLUMNS FROM `visters` [ RunTime:0.008766s ]
SQL: INSERT INTO `visters` (`ctime`,`info`,`ip`,`page`) VALUES ('2015-01-14 17:38','中国 北京 北京、Other简体中文系统、Other浏览器、','61.135.189.171','系统首页') [ RunTime:0.010012s ]
SQL: SHOW COLUMNS FROM `products` [ RunTime:0.008383s ]
SQL: SELECT * FROM `products` WHERE (  enable=1 and state=1  ) ORDER BY  sorts desc  [ RunTime:0.001007s ]
SQL: SELECT * FROM `products` WHERE (  enable=1 and state=2  ) ORDER BY  sorts desc  [ RunTime:0.000646s ]
INFO: [ view_parse ] --START--
INFO: ParseTemplate Behavior ::run [ RunTime:0.039843s ]
INFO: [ view_parse ] --END-- [ RunTime:0.039972s ]
INFO: [ view_filter ] --START--
INFO: ContentReplace Behavior ::run [ RunTime:0.002881s ]
INFO: TokenBuild Behavior ::run [ RunTime:0.002900s ]
INFO: WriteHtmlCache Behavior ::run [ RunTime:0.002626s ]
INFO: ShowRuntime Behavior ::run [ RunTime:0.003143s ]
INFO: [ view_filter ] --END-- [ RunTime:0.011814s ]
INFO: [ view_end ] --START--
INFO: ShowPageTrace Behavior ::run [ RunTime:0.003604s ]
INFO: [ view_end ] --END-- [ RunTime:0.003701s ]

[ 2015-01-14 17:39:39 ] 61.135.189.171 /index.php/Index/productInfo?id=30
INFO: [ route_check ] --START--
INFO: CheckRoute Behavior ::run [ RunTime:0.003376s ]
INFO: [ route_check ] --END-- [ RunTime:0.003465s ]
INFO: [ app_begin ] --START--
INFO: ReadHtmlCache Behavior ::run [ RunTime:0.001639s ]
INFO: [ app_begin ] --END-- [ RunTime:0.001712s ]
SQL: SHOW COLUMNS FROM `contents` [ RunTime:0.006249s ]
SQL: SELECT * FROM `contents` WHERE (  enable=1 and cateid=4  ) LIMIT 1   [ RunTime:0.000395s ]
SQL: SELECT * FROM `contents` WHERE (  enable=1 and cateid=1  ) LIMIT 1   [ RunTime:0.000334s ]
SQL: SHOW COLUMNS FROM `visters` [ RunTime:0.006173s ]
SQL: INSERT INTO `visters` (`ctime`,`info`,`ip`,`page`) VALUES ('2015-01-14 17:39','中国 北京 北京、Other简体中文系统、Other浏览器、','61.135.189.171','产品详情页面') [ RunTime:0.009895s ]
SQL: SHOW COLUMNS FROM `procate` [ RunTime:0.008042s ]
SQL: SHOW COLUMNS FROM `products` [ RunTime:0.006504s ]
NOTIC: [8] Undefined index:  procate D:\enkjhost\mayning1\web\home\Lib\Action\IndexAction.class.php 第 243 行.
NOTIC: [8] Undefined index:  procate2 D:\enkjhost\mayning1\web\home\Lib\Action\IndexAction.class.php 第 244 行.
SQL: SELECT * FROM `procate` WHERE ( id=%d ) LIMIT 1   [ RunTime:0.000256s ]
ERR: 1064:You have an error in your SQL syntax; check the manual that corresponds to your MySQL server version for the right syntax to use near '%d ) LIMIT 1' at line 1
 [ SQL语句 ] : SELECT * FROM `procate` WHERE ( id=%d ) LIMIT 1  
SQL: SELECT * FROM `procate` WHERE ( id=%d ) LIMIT 1   [ RunTime:0.000232s ]
ERR: 1064:You have an error in your SQL syntax; check the manual that corresponds to your MySQL server version for the right syntax to use near '%d ) LIMIT 1' at line 1
 [ SQL语句 ] : SELECT * FROM `procate` WHERE ( id=%d ) LIMIT 1  
SQL: SELECT * FROM `procate` WHERE (  enable =1 and pid=0  ) ORDER BY  sorts desc  [ RunTime:0.000547s ]
SQL: SELECT * FROM `products` WHERE (  id=30 ) LIMIT 1   [ RunTime:0.000310s ]
SQL: SELECT * FROM `procate` WHERE ( id=26 ) LIMIT 1   [ RunTime:0.000248s ]
SQL: SELECT * FROM `procate` WHERE ( id=0 ) LIMIT 1   [ RunTime:0.000237s ]
INFO: [ view_parse ] --START--
INFO: ParseTemplate Behavior ::run [ RunTime:0.028316s ]
INFO: [ view_parse ] --END-- [ RunTime:0.028424s ]
INFO: [ view_filter ] --START--
INFO: ContentReplace Behavior ::run [ RunTime:0.001908s ]
INFO: TokenBuild Behavior ::run [ RunTime:0.002911s ]
INFO: WriteHtmlCache Behavior ::run [ RunTime:0.001740s ]
INFO: ShowRuntime Behavior ::run [ RunTime:0.001992s ]
INFO: [ view_filter ] --END-- [ RunTime:0.008806s ]
INFO: [ view_end ] --START--
INFO: ShowPageTrace Behavior ::run [ RunTime:0.002248s ]
INFO: [ view_end ] --END-- [ RunTime:0.002347s ]

[ 2015-01-14 21:14:27 ] 123.125.71.81 /index.php/Index/product?procate=17
INFO: [ route_check ] --START--
INFO: CheckRoute Behavior ::run [ RunTime:0.003916s ]
INFO: [ route_check ] --END-- [ RunTime:0.004030s ]
INFO: [ app_begin ] --START--
INFO: ReadHtmlCache Behavior ::run [ RunTime:0.003161s ]
INFO: [ app_begin ] --END-- [ RunTime:0.003258s ]
SQL: SHOW COLUMNS FROM `contents` [ RunTime:0.006646s ]
SQL: SELECT * FROM `contents` WHERE (  enable=1 and cateid=4  ) LIMIT 1   [ RunTime:0.000389s ]
SQL: SELECT * FROM `contents` WHERE (  enable=1 and cateid=1  ) LIMIT 1   [ RunTime:0.000296s ]
SQL: SHOW COLUMNS FROM `visters` [ RunTime:0.006483s ]
SQL: INSERT INTO `visters` (`ctime`,`info`,`ip`,`page`) VALUES ('2015-01-14 21:14','中国 北京 北京、Other简体中文系统、Other浏览器、','123.125.71.81','产品页面') [ RunTime:0.010120s ]
SQL: SHOW COLUMNS FROM `procate` [ RunTime:0.006287s ]
SQL: SHOW COLUMNS FROM `products` [ RunTime:0.006748s ]
NOTIC: [8] Undefined index:  procate2 D:\enkjhost\mayning1\web\home\Lib\Action\IndexAction.class.php 第 176 行.
SQL: SELECT * FROM `procate` WHERE ( id=17 ) LIMIT 1   [ RunTime:0.000366s ]
SQL: SELECT * FROM `procate` WHERE ( id=%d ) LIMIT 1   [ RunTime:0.000209s ]
ERR: 1064:You have an error in your SQL syntax; check the manual that corresponds to your MySQL server version for the right syntax to use near '%d ) LIMIT 1' at line 1
 [ SQL语句 ] : SELECT * FROM `procate` WHERE ( id=%d ) LIMIT 1  
SQL: SELECT * FROM `procate` WHERE ( pid=17 )  [ RunTime:0.000353s ]
SQL: select count(*) as count from products a left join procate b on a.proid = b.id where 1=1 and a.enable=1 and b.enable=1  and ( b.pid=17 or b.id=17) [ RunTime:0.000683s ]
SQL: select a.id,a.title,a.info,a.imgs,a.ctime from products a left join procate b on a.proid = b.id where 1=1 and a.enable=1 and b.enable=1  and ( b.pid=17 or b.id=17) order by a.sorts desc limit 0,9 [ RunTime:0.001096s ]
SQL: SELECT * FROM `procate` WHERE (  enable =1 and pid=0   ) ORDER BY  sorts desc  [ RunTime:0.000488s ]
INFO: [ view_parse ] --START--
INFO: ParseTemplate Behavior ::run [ RunTime:0.055265s ]
INFO: [ view_parse ] --END-- [ RunTime:0.055370s ]
INFO: [ view_filter ] --START--
INFO: ContentReplace Behavior ::run [ RunTime:0.002384s ]
INFO: TokenBuild Behavior ::run [ RunTime:0.002442s ]
INFO: WriteHtmlCache Behavior ::run [ RunTime:0.002152s ]
INFO: ShowRuntime Behavior ::run [ RunTime:0.002584s ]
INFO: [ view_filter ] --END-- [ RunTime:0.009786s ]
INFO: [ view_end ] --START--
INFO: ShowPageTrace Behavior ::run [ RunTime:0.002912s ]
INFO: [ view_end ] --END-- [ RunTime:0.002993s ]

[ 2015-01-14 21:15:30 ] 57.68.10.198 /index.php
INFO: [ app_begin ] --START--
INFO: ReadHtmlCache Behavior ::run [ RunTime:0.002010s ]
INFO: [ app_begin ] --END-- [ RunTime:0.002122s ]
SQL: SHOW COLUMNS FROM `contents` [ RunTime:0.004752s ]
SQL: SELECT * FROM `contents` WHERE (  enable=1 and cateid=4  ) LIMIT 1   [ RunTime:0.000328s ]
SQL: SELECT * FROM `contents` WHERE (  enable=1 and cateid=1  ) LIMIT 1   [ RunTime:0.000220s ]
SQL: SHOW COLUMNS FROM `visters` [ RunTime:0.005969s ]
SQL: INSERT INTO `visters` (`ctime`,`info`,`ip`,`page`) VALUES ('2015-01-14 21:15','美国 佐治亚州 Zebulon、WindowsEnglish系统、Chrome浏览器、','57.68.10.198','系统首页') [ RunTime:0.010113s ]
SQL: SHOW COLUMNS FROM `products` [ RunTime:0.005487s ]
SQL: SELECT * FROM `products` WHERE (  enable=1 and state=1  ) ORDER BY  sorts desc  [ RunTime:0.000962s ]
SQL: SELECT * FROM `products` WHERE (  enable=1 and state=2  ) ORDER BY  sorts desc  [ RunTime:0.000658s ]
INFO: [ view_parse ] --START--
INFO: ParseTemplate Behavior ::run [ RunTime:0.036656s ]
INFO: [ view_parse ] --END-- [ RunTime:0.036786s ]
INFO: [ view_filter ] --START--
INFO: ContentReplace Behavior ::run [ RunTime:0.001624s ]
INFO: TokenBuild Behavior ::run [ RunTime:0.001465s ]
INFO: WriteHtmlCache Behavior ::run [ RunTime:0.001307s ]
INFO: ShowRuntime Behavior ::run [ RunTime:0.001561s ]
INFO: [ view_filter ] --END-- [ RunTime:0.006175s ]
INFO: [ view_end ] --START--
INFO: ShowPageTrace Behavior ::run [ RunTime:0.001834s ]
INFO: [ view_end ] --END-- [ RunTime:0.001913s ]

[ 2015-01-14 21:16:38 ] 57.68.10.198 /index.php/Index/product
INFO: [ route_check ] --START--
INFO: CheckRoute Behavior ::run [ RunTime:0.002538s ]
INFO: [ route_check ] --END-- [ RunTime:0.002649s ]
INFO: [ app_begin ] --START--
INFO: ReadHtmlCache Behavior ::run [ RunTime:0.002028s ]
INFO: [ app_begin ] --END-- [ RunTime:0.002125s ]
SQL: SHOW COLUMNS FROM `contents` [ RunTime:0.004754s ]
SQL: SELECT * FROM `contents` WHERE (  enable=1 and cateid=4  ) LIMIT 1   [ RunTime:0.000318s ]
SQL: SELECT * FROM `contents` WHERE (  enable=1 and cateid=1  ) LIMIT 1   [ RunTime:0.000237s ]
SQL: SHOW COLUMNS FROM `visters` [ RunTime:0.006401s ]
SQL: INSERT INTO `visters` (`ctime`,`info`,`ip`,`page`) VALUES ('2015-01-14 21:16','美国 佐治亚州 Zebulon、WindowsEnglish系统、Chrome浏览器、','57.68.10.198','产品页面') [ RunTime:0.011639s ]
SQL: SHOW COLUMNS FROM `procate` [ RunTime:0.005385s ]
SQL: SHOW COLUMNS FROM `products` [ RunTime:0.005375s ]
NOTIC: [8] Undefined index:  procate D:\enkjhost\mayning1\web\home\Lib\Action\IndexAction.class.php 第 175 行.
NOTIC: [8] Undefined index:  procate2 D:\enkjhost\mayning1\web\home\Lib\Action\IndexAction.class.php 第 176 行.
SQL: SELECT * FROM `procate` WHERE ( id=%d ) LIMIT 1   [ RunTime:0.000240s ]
ERR: 1064:You have an error in your SQL syntax; check the manual that corresponds to your MySQL server version for the right syntax to use near '%d ) LIMIT 1' at line 1
 [ SQL语句 ] : SELECT * FROM `procate` WHERE ( id=%d ) LIMIT 1  
SQL: SELECT * FROM `procate` WHERE ( id=%d ) LIMIT 1   [ RunTime:0.000249s ]
ERR: 1064:You have an error in your SQL syntax; check the manual that corresponds to your MySQL server version for the right syntax to use near '%d ) LIMIT 1' at line 1
 [ SQL语句 ] : SELECT * FROM `procate` WHERE ( id=%d ) LIMIT 1  
SQL: select count(*) as count from products a left join procate b on a.proid = b.id where 1=1 and a.enable=1 and b.enable=1  [ RunTime:0.000640s ]
SQL: select a.id,a.title,a.info,a.imgs,a.ctime from products a left join procate b on a.proid = b.id where 1=1 and a.enable=1 and b.enable=1  order by a.sorts desc limit 0,9 [ RunTime:0.000649s ]
SQL: SELECT * FROM `procate` WHERE (  enable =1 and pid=0   ) ORDER BY  sorts desc  [ RunTime:0.000538s ]
NOTIC: [8] Undefined variable: cate2List D:\enkjhost\mayning1\web\home\Lib\Action\IndexAction.class.php 第 220 行.
INFO: [ view_parse ] --START--
INFO: ParseTemplate Behavior ::run [ RunTime:0.029979s ]
INFO: [ view_parse ] --END-- [ RunTime:0.030074s ]
INFO: [ view_filter ] --START--
INFO: ContentReplace Behavior ::run [ RunTime:0.001385s ]
INFO: TokenBuild Behavior ::run [ RunTime:0.002232s ]
INFO: WriteHtmlCache Behavior ::run [ RunTime:0.001238s ]
INFO: ShowRuntime Behavior ::run [ RunTime:0.002306s ]
INFO: [ view_filter ] --END-- [ RunTime:0.007357s ]
INFO: [ view_end ] --START--
INFO: ShowPageTrace Behavior ::run [ RunTime:0.001677s ]
INFO: [ view_end ] --END-- [ RunTime:0.001751s ]

[ 2015-01-14 21:17:22 ] 57.68.10.198 /index.php/Index/product/p/2
INFO: [ route_check ] --START--
INFO: CheckRoute Behavior ::run [ RunTime:0.001925s ]
INFO: [ route_check ] --END-- [ RunTime:0.002009s ]
INFO: [ app_begin ] --START--
INFO: ReadHtmlCache Behavior ::run [ RunTime:0.001570s ]
INFO: [ app_begin ] --END-- [ RunTime:0.001642s ]
SQL: SHOW COLUMNS FROM `contents` [ RunTime:0.005496s ]
SQL: SELECT * FROM `contents` WHERE (  enable=1 and cateid=4  ) LIMIT 1   [ RunTime:0.000336s ]
SQL: SELECT * FROM `contents` WHERE (  enable=1 and cateid=1  ) LIMIT 1   [ RunTime:0.000254s ]
SQL: SHOW COLUMNS FROM `visters` [ RunTime:0.005533s ]
SQL: INSERT INTO `visters` (`ctime`,`info`,`ip`,`page`) VALUES ('2015-01-14 21:17','美国 佐治亚州 Zebulon、WindowsEnglish系统、Chrome浏览器、','57.68.10.198','产品页面') [ RunTime:0.008212s ]
SQL: SHOW COLUMNS FROM `procate` [ RunTime:0.004569s ]
SQL: SHOW COLUMNS FROM `products` [ RunTime:0.004241s ]
NOTIC: [8] Undefined index:  procate D:\enkjhost\mayning1\web\home\Lib\Action\IndexAction.class.php 第 175 行.
NOTIC: [8] Undefined index:  procate2 D:\enkjhost\mayning1\web\home\Lib\Action\IndexAction.class.php 第 176 行.
SQL: SELECT * FROM `procate` WHERE ( id=%d ) LIMIT 1   [ RunTime:0.000130s ]
ERR: 1064:You have an error in your SQL syntax; check the manual that corresponds to your MySQL server version for the right syntax to use near '%d ) LIMIT 1' at line 1
 [ SQL语句 ] : SELECT * FROM `procate` WHERE ( id=%d ) LIMIT 1  
SQL: SELECT * FROM `procate` WHERE ( id=%d ) LIMIT 1   [ RunTime:0.000100s ]
ERR: 1064:You have an error in your SQL syntax; check the manual that corresponds to your MySQL server version for the right syntax to use near '%d ) LIMIT 1' at line 1
 [ SQL语句 ] : SELECT * FROM `procate` WHERE ( id=%d ) LIMIT 1  
SQL: select count(*) as count from products a left join procate b on a.proid = b.id where 1=1 and a.enable=1 and b.enable=1  [ RunTime:0.000421s ]
SQL: select a.id,a.title,a.info,a.imgs,a.ctime from products a left join procate b on a.proid = b.id where 1=1 and a.enable=1 and b.enable=1  order by a.sorts desc limit 9,9 [ RunTime:0.000447s ]
SQL: SELECT * FROM `procate` WHERE (  enable =1 and pid=0   ) ORDER BY  sorts desc  [ RunTime:0.000308s ]
NOTIC: [8] Undefined variable: cate2List D:\enkjhost\mayning1\web\home\Lib\Action\IndexAction.class.php 第 220 行.
INFO: [ view_parse ] --START--
INFO: ParseTemplate Behavior ::run [ RunTime:0.040468s ]
INFO: [ view_parse ] --END-- [ RunTime:0.040605s ]
INFO: [ view_filter ] --START--
INFO: ContentReplace Behavior ::run [ RunTime:0.001858s ]
INFO: TokenBuild Behavior ::run [ RunTime:0.002849s ]
INFO: WriteHtmlCache Behavior ::run [ RunTime:0.001659s ]
INFO: ShowRuntime Behavior ::run [ RunTime:0.001985s ]
INFO: [ view_filter ] --END-- [ RunTime:0.008606s ]
INFO: [ view_end ] --START--
INFO: ShowPageTrace Behavior ::run [ RunTime:0.002222s ]
INFO: [ view_end ] --END-- [ RunTime:0.002321s ]

[ 2015-01-14 21:18:04 ] 57.68.10.198 /index.php/Index/product/p/3
INFO: [ route_check ] --START--
INFO: CheckRoute Behavior ::run [ RunTime:0.002600s ]
INFO: [ route_check ] --END-- [ RunTime:0.002762s ]
INFO: [ app_begin ] --START--
INFO: ReadHtmlCache Behavior ::run [ RunTime:0.002074s ]
INFO: [ app_begin ] --END-- [ RunTime:0.002165s ]
SQL: SHOW COLUMNS FROM `contents` [ RunTime:0.004760s ]
SQL: SELECT * FROM `contents` WHERE (  enable=1 and cateid=4  ) LIMIT 1   [ RunTime:0.000311s ]
SQL: SELECT * FROM `contents` WHERE (  enable=1 and cateid=1  ) LIMIT 1   [ RunTime:0.000239s ]
SQL: SHOW COLUMNS FROM `visters` [ RunTime:0.006049s ]
SQL: INSERT INTO `visters` (`ctime`,`info`,`ip`,`page`) VALUES ('2015-01-14 21:18','美国 佐治亚州 Zebulon、WindowsEnglish系统、Chrome浏览器、','57.68.10.198','产品页面') [ RunTime:0.010345s ]
SQL: SHOW COLUMNS FROM `procate` [ RunTime:0.005868s ]
SQL: SHOW COLUMNS FROM `products` [ RunTime:0.005794s ]
NOTIC: [8] Undefined index:  procate D:\enkjhost\mayning1\web\home\Lib\Action\IndexAction.class.php 第 175 行.
NOTIC: [8] Undefined index:  procate2 D:\enkjhost\mayning1\web\home\Lib\Action\IndexAction.class.php 第 176 行.
SQL: SELECT * FROM `procate` WHERE ( id=%d ) LIMIT 1   [ RunTime:0.000178s ]
ERR: 1064:You have an error in your SQL syntax; check the manual that corresponds to your MySQL server version for the right syntax to use near '%d ) LIMIT 1' at line 1
 [ SQL语句 ] : SELECT * FROM `procate` WHERE ( id=%d ) LIMIT 1  
SQL: SELECT * FROM `procate` WHERE ( id=%d ) LIMIT 1   [ RunTime:0.000154s ]
ERR: 1064:You have an error in your SQL syntax; check the manual that corresponds to your MySQL server version for the right syntax to use near '%d ) LIMIT 1' at line 1
 [ SQL语句 ] : SELECT * FROM `procate` WHERE ( id=%d ) LIMIT 1  
SQL: select count(*) as count from products a left join procate b on a.proid = b.id where 1=1 and a.enable=1 and b.enable=1  [ RunTime:0.000553s ]
SQL: select a.id,a.title,a.info,a.imgs,a.ctime from products a left join procate b on a.proid = b.id where 1=1 and a.enable=1 and b.enable=1  order by a.sorts desc limit 18,9 [ RunTime:0.000639s ]
SQL: SELECT * FROM `procate` WHERE (  enable =1 and pid=0   ) ORDER BY  sorts desc  [ RunTime:0.000420s ]
NOTIC: [8] Undefined variable: cate2List D:\enkjhost\mayning1\web\home\Lib\Action\IndexAction.class.php 第 220 行.
INFO: [ view_parse ] --START--
INFO: ParseTemplate Behavior ::run [ RunTime:0.032217s ]
INFO: [ view_parse ] --END-- [ RunTime:0.032326s ]
INFO: [ view_filter ] --START--
INFO: ContentReplace Behavior ::run [ RunTime:0.001873s ]
INFO: TokenBuild Behavior ::run [ RunTime:0.002810s ]
INFO: WriteHtmlCache Behavior ::run [ RunTime:0.001680s ]
INFO: ShowRuntime Behavior ::run [ RunTime:0.001939s ]
INFO: [ view_filter ] --END-- [ RunTime:0.008562s ]
INFO: [ view_end ] --START--
INFO: ShowPageTrace Behavior ::run [ RunTime:0.002198s ]
INFO: [ view_end ] --END-- [ RunTime:0.002294s ]

[ 2015-01-14 21:18:36 ] 57.68.10.198 /index.php/Index/product/p/4
INFO: [ route_check ] --START--
INFO: CheckRoute Behavior ::run [ RunTime:0.002206s ]
INFO: [ route_check ] --END-- [ RunTime:0.002303s ]
INFO: [ app_begin ] --START--
INFO: ReadHtmlCache Behavior ::run [ RunTime:0.001579s ]
INFO: [ app_begin ] --END-- [ RunTime:0.001651s ]
SQL: SHOW COLUMNS FROM `contents` [ RunTime:0.004716s ]
SQL: SELECT * FROM `contents` WHERE (  enable=1 and cateid=4  ) LIMIT 1   [ RunTime:0.000307s ]
SQL: SELECT * FROM `contents` WHERE (  enable=1 and cateid=1  ) LIMIT 1   [ RunTime:0.000231s ]
SQL: SHOW COLUMNS FROM `visters` [ RunTime:0.005992s ]
SQL: INSERT INTO `visters` (`ctime`,`info`,`ip`,`page`) VALUES ('2015-01-14 21:18','美国 佐治亚州 Zebulon、WindowsEnglish系统、Chrome浏览器、','57.68.10.198','产品页面') [ RunTime:0.010283s ]
SQL: SHOW COLUMNS FROM `procate` [ RunTime:0.005546s ]
SQL: SHOW COLUMNS FROM `products` [ RunTime:0.005868s ]
NOTIC: [8] Undefined index:  procate D:\enkjhost\mayning1\web\home\Lib\Action\IndexAction.class.php 第 175 行.
NOTIC: [8] Undefined index:  procate2 D:\enkjhost\mayning1\web\home\Lib\Action\IndexAction.class.php 第 176 行.
SQL: SELECT * FROM `procate` WHERE ( id=%d ) LIMIT 1   [ RunTime:0.000193s ]
ERR: 1064:You have an error in your SQL syntax; check the manual that corresponds to your MySQL server version for the right syntax to use near '%d ) LIMIT 1' at line 1
 [ SQL语句 ] : SELECT * FROM `procate` WHERE ( id=%d ) LIMIT 1  
SQL: SELECT * FROM `procate` WHERE ( id=%d ) LIMIT 1   [ RunTime:0.000176s ]
ERR: 1064:You have an error in your SQL syntax; check the manual that corresponds to your MySQL server version for the right syntax to use near '%d ) LIMIT 1' at line 1
 [ SQL语句 ] : SELECT * FROM `procate` WHERE ( id=%d ) LIMIT 1  
SQL: select count(*) as count from products a left join procate b on a.proid = b.id where 1=1 and a.enable=1 and b.enable=1  [ RunTime:0.000576s ]
SQL: select a.id,a.title,a.info,a.imgs,a.ctime from products a left join procate b on a.proid = b.id where 1=1 and a.enable=1 and b.enable=1  order by a.sorts desc limit 27,9 [ RunTime:0.000739s ]
SQL: SELECT * FROM `procate` WHERE (  enable =1 and pid=0   ) ORDER BY  sorts desc  [ RunTime:0.000495s ]
NOTIC: [8] Undefined variable: cate2List D:\enkjhost\mayning1\web\home\Lib\Action\IndexAction.class.php 第 220 行.
INFO: [ view_parse ] --START--
INFO: ParseTemplate Behavior ::run [ RunTime:0.026897s ]
INFO: [ view_parse ] --END-- [ RunTime:0.026989s ]
INFO: [ view_filter ] --START--
INFO: ContentReplace Behavior ::run [ RunTime:0.001299s ]
INFO: TokenBuild Behavior ::run [ RunTime:0.001989s ]
INFO: WriteHtmlCache Behavior ::run [ RunTime:0.001153s ]
INFO: ShowRuntime Behavior ::run [ RunTime:0.001334s ]
INFO: [ view_filter ] --END-- [ RunTime:0.005956s ]
INFO: [ view_end ] --START--
INFO: ShowPageTrace Behavior ::run [ RunTime:0.001512s ]
INFO: [ view_end ] --END-- [ RunTime:0.001580s ]

[ 2015-01-14 21:19:16 ] 57.68.10.198 /index.php/Index/product/p/5
INFO: [ route_check ] --START--
INFO: CheckRoute Behavior ::run [ RunTime:0.002232s ]
INFO: [ route_check ] --END-- [ RunTime:0.002326s ]
INFO: [ app_begin ] --START--
INFO: ReadHtmlCache Behavior ::run [ RunTime:0.001768s ]
INFO: [ app_begin ] --END-- [ RunTime:0.001847s ]
SQL: SHOW COLUMNS FROM `contents` [ RunTime:0.006034s ]
SQL: SELECT * FROM `contents` WHERE (  enable=1 and cateid=4  ) LIMIT 1   [ RunTime:0.000376s ]
SQL: SELECT * FROM `contents` WHERE (  enable=1 and cateid=1  ) LIMIT 1   [ RunTime:0.000292s ]
SQL: SHOW COLUMNS FROM `visters` [ RunTime:0.007333s ]
SQL: INSERT INTO `visters` (`ctime`,`info`,`ip`,`page`) VALUES ('2015-01-14 21:19','美国 佐治亚州 Zebulon、WindowsEnglish系统、Chrome浏览器、','57.68.10.198','产品页面') [ RunTime:0.011153s ]
SQL: SHOW COLUMNS FROM `procate` [ RunTime:0.005451s ]
SQL: SHOW COLUMNS FROM `products` [ RunTime:0.005484s ]
NOTIC: [8] Undefined index:  procate D:\enkjhost\mayning1\web\home\Lib\Action\IndexAction.class.php 第 175 行.
NOTIC: [8] Undefined index:  procate2 D:\enkjhost\mayning1\web\home\Lib\Action\IndexAction.class.php 第 176 行.
SQL: SELECT * FROM `procate` WHERE ( id=%d ) LIMIT 1   [ RunTime:0.000240s ]
ERR: 1064:You have an error in your SQL syntax; check the manual that corresponds to your MySQL server version for the right syntax to use near '%d ) LIMIT 1' at line 1
 [ SQL语句 ] : SELECT * FROM `procate` WHERE ( id=%d ) LIMIT 1  
SQL: SELECT * FROM `procate` WHERE ( id=%d ) LIMIT 1   [ RunTime:0.000234s ]
ERR: 1064:You have an error in your SQL syntax; check the manual that corresponds to your MySQL server version for the right syntax to use near '%d ) LIMIT 1' at line 1
 [ SQL语句 ] : SELECT * FROM `procate` WHERE ( id=%d ) LIMIT 1  
SQL: select count(*) as count from products a left join procate b on a.proid = b.id where 1=1 and a.enable=1 and b.enable=1  [ RunTime:0.000666s ]
SQL: select a.id,a.title,a.info,a.imgs,a.ctime from products a left join procate b on a.proid = b.id where 1=1 and a.enable=1 and b.enable=1  order by a.sorts desc limit 36,9 [ RunTime:0.000884s ]
SQL: SELECT * FROM `procate` WHERE (  enable =1 and pid=0   ) ORDER BY  sorts desc  [ RunTime:0.000536s ]
NOTIC: [8] Undefined variable: cate2List D:\enkjhost\mayning1\web\home\Lib\Action\IndexAction.class.php 第 220 行.
INFO: [ view_parse ] --START--
INFO: ParseTemplate Behavior ::run [ RunTime:0.032462s ]
INFO: [ view_parse ] --END-- [ RunTime:0.032573s ]
INFO: [ view_filter ] --START--
INFO: ContentReplace Behavior ::run [ RunTime:0.001911s ]
INFO: TokenBuild Behavior ::run [ RunTime:0.002838s ]
INFO: WriteHtmlCache Behavior ::run [ RunTime:0.001712s ]
INFO: ShowRuntime Behavior ::run [ RunTime:0.002001s ]
INFO: [ view_filter ] --END-- [ RunTime:0.008721s ]
INFO: [ view_end ] --START--
INFO: ShowPageTrace Behavior ::run [ RunTime:0.002222s ]
INFO: [ view_end ] --END-- [ RunTime:0.002320s ]

[ 2015-01-14 21:19:34 ] 57.68.10.198 /index.php/Index/product/p/6
INFO: [ route_check ] --START--
INFO: CheckRoute Behavior ::run [ RunTime:0.002549s ]
INFO: [ route_check ] --END-- [ RunTime:0.002646s ]
INFO: [ app_begin ] --START--
INFO: ReadHtmlCache Behavior ::run [ RunTime:0.001598s ]
INFO: [ app_begin ] --END-- [ RunTime:0.001670s ]
SQL: SHOW COLUMNS FROM `contents` [ RunTime:0.004656s ]
SQL: SELECT * FROM `contents` WHERE (  enable=1 and cateid=4  ) LIMIT 1   [ RunTime:0.000310s ]
SQL: SELECT * FROM `contents` WHERE (  enable=1 and cateid=1  ) LIMIT 1   [ RunTime:0.000237s ]
SQL: SHOW COLUMNS FROM `visters` [ RunTime:0.003511s ]
SQL: INSERT INTO `visters` (`ctime`,`info`,`ip`,`page`) VALUES ('2015-01-14 21:19','美国 佐治亚州 Zebulon、WindowsEnglish系统、Chrome浏览器、','57.68.10.198','产品页面') [ RunTime:0.009759s ]
SQL: SHOW COLUMNS FROM `procate` [ RunTime:0.003602s ]
SQL: SHOW COLUMNS FROM `products` [ RunTime:0.003240s ]
NOTIC: [8] Undefined index:  procate D:\enkjhost\mayning1\web\home\Lib\Action\IndexAction.class.php 第 175 行.
NOTIC: [8] Undefined index:  procate2 D:\enkjhost\mayning1\web\home\Lib\Action\IndexAction.class.php 第 176 行.
SQL: SELECT * FROM `procate` WHERE ( id=%d ) LIMIT 1   [ RunTime:0.000108s ]
ERR: 1064:You have an error in your SQL syntax; check the manual that corresponds to your MySQL server version for the right syntax to use near '%d ) LIMIT 1' at line 1
 [ SQL语句 ] : SELECT * FROM `procate` WHERE ( id=%d ) LIMIT 1  
SQL: SELECT * FROM `procate` WHERE ( id=%d ) LIMIT 1   [ RunTime:0.000081s ]
ERR: 1064:You have an error in your SQL syntax; check the manual that corresponds to your MySQL server version for the right syntax to use near '%d ) LIMIT 1' at line 1
 [ SQL语句 ] : SELECT * FROM `procate` WHERE ( id=%d ) LIMIT 1  
SQL: select count(*) as count from products a left join procate b on a.proid = b.id where 1=1 and a.enable=1 and b.enable=1  [ RunTime:0.000333s ]
SQL: select a.id,a.title,a.info,a.imgs,a.ctime from products a left join procate b on a.proid = b.id where 1=1 and a.enable=1 and b.enable=1  order by a.sorts desc limit 45,9 [ RunTime:0.000495s ]
SQL: SELECT * FROM `procate` WHERE (  enable =1 and pid=0   ) ORDER BY  sorts desc  [ RunTime:0.000248s ]
NOTIC: [8] Undefined variable: cate2List D:\enkjhost\mayning1\web\home\Lib\Action\IndexAction.class.php 第 220 行.
INFO: [ view_parse ] --START--
INFO: ParseTemplate Behavior ::run [ RunTime:0.030845s ]
INFO: [ view_parse ] --END-- [ RunTime:0.030949s ]
INFO: [ view_filter ] --START--
INFO: ContentReplace Behavior ::run [ RunTime:0.001919s ]
INFO: TokenBuild Behavior ::run [ RunTime:0.001838s ]
INFO: WriteHtmlCache Behavior ::run [ RunTime:0.001635s ]
INFO: ShowRuntime Behavior ::run [ RunTime:0.001967s ]
INFO: [ view_filter ] --END-- [ RunTime:0.007618s ]
INFO: [ view_end ] --START--
INFO: ShowPageTrace Behavior ::run [ RunTime:0.002269s ]
INFO: [ view_end ] --END-- [ RunTime:0.002368s ]

[ 2015-01-14 21:21:13 ] 57.68.10.198 /index.php/Index/product/p/7
INFO: [ route_check ] --START--
INFO: CheckRoute Behavior ::run [ RunTime:0.002616s ]
INFO: [ route_check ] --END-- [ RunTime:0.002726s ]
INFO: [ app_begin ] --START--
INFO: ReadHtmlCache Behavior ::run [ RunTime:0.002144s ]
INFO: [ app_begin ] --END-- [ RunTime:0.002241s ]
SQL: SHOW COLUMNS FROM `contents` [ RunTime:0.004980s ]
SQL: SELECT * FROM `contents` WHERE (  enable=1 and cateid=4  ) LIMIT 1   [ RunTime:0.000295s ]
SQL: SELECT * FROM `contents` WHERE (  enable=1 and cateid=1  ) LIMIT 1   [ RunTime:0.000215s ]
SQL: SHOW COLUMNS FROM `visters` [ RunTime:0.006579s ]
SQL: INSERT INTO `visters` (`ctime`,`info`,`ip`,`page`) VALUES ('2015-01-14 21:21','美国 佐治亚州 Zebulon、WindowsEnglish系统、Chrome浏览器、','57.68.10.198','产品页面') [ RunTime:0.010189s ]
SQL: SHOW COLUMNS FROM `procate` [ RunTime:0.005565s ]
SQL: SHOW COLUMNS FROM `products` [ RunTime:0.005808s ]
NOTIC: [8] Undefined index:  procate D:\enkjhost\mayning1\web\home\Lib\Action\IndexAction.class.php 第 175 行.
NOTIC: [8] Undefined index:  procate2 D:\enkjhost\mayning1\web\home\Lib\Action\IndexAction.class.php 第 176 行.
SQL: SELECT * FROM `procate` WHERE ( id=%d ) LIMIT 1   [ RunTime:0.000232s ]
ERR: 1064:You have an error in your SQL syntax; check the manual that corresponds to your MySQL server version for the right syntax to use near '%d ) LIMIT 1' at line 1
 [ SQL语句 ] : SELECT * FROM `procate` WHERE ( id=%d ) LIMIT 1  
SQL: SELECT * FROM `procate` WHERE ( id=%d ) LIMIT 1   [ RunTime:0.000207s ]
ERR: 1064:You have an error in your SQL syntax; check the manual that corresponds to your MySQL server version for the right syntax to use near '%d ) LIMIT 1' at line 1
 [ SQL语句 ] : SELECT * FROM `procate` WHERE ( id=%d ) LIMIT 1  
SQL: select count(*) as count from products a left join procate b on a.proid = b.id where 1=1 and a.enable=1 and b.enable=1  [ RunTime:0.000594s ]
SQL: select a.id,a.title,a.info,a.imgs,a.ctime from products a left join procate b on a.proid = b.id where 1=1 and a.enable=1 and b.enable=1  order by a.sorts desc limit 54,9 [ RunTime:0.000933s ]
SQL: SELECT * FROM `procate` WHERE (  enable =1 and pid=0   ) ORDER BY  sorts desc  [ RunTime:0.000492s ]
NOTIC: [8] Undefined variable: cate2List D:\enkjhost\mayning1\web\home\Lib\Action\IndexAction.class.php 第 220 行.
INFO: [ view_parse ] --START--
INFO: ParseTemplate Behavior ::run [ RunTime:0.031745s ]
INFO: [ view_parse ] --END-- [ RunTime:0.031845s ]
INFO: [ view_filter ] --START--
INFO: ContentReplace Behavior ::run [ RunTime:0.001638s ]
INFO: TokenBuild Behavior ::run [ RunTime:0.002499s ]
INFO: WriteHtmlCache Behavior ::run [ RunTime:0.001474s ]
INFO: ShowRuntime Behavior ::run [ RunTime:0.001693s ]
INFO: [ view_filter ] --END-- [ RunTime:0.007526s ]
INFO: [ view_end ] --START--
INFO: ShowPageTrace Behavior ::run [ RunTime:0.001908s ]
INFO: [ view_end ] --END-- [ RunTime:0.001992s ]

[ 2015-01-14 21:21:34 ] 57.68.10.198 /index.php/Index/product/p/8
INFO: [ route_check ] --START--
INFO: CheckRoute Behavior ::run [ RunTime:0.002467s ]
INFO: [ route_check ] --END-- [ RunTime:0.002564s ]
INFO: [ app_begin ] --START--
INFO: ReadHtmlCache Behavior ::run [ RunTime:0.001638s ]
INFO: [ app_begin ] --END-- [ RunTime:0.001709s ]
SQL: SHOW COLUMNS FROM `contents` [ RunTime:0.005152s ]
SQL: SELECT * FROM `contents` WHERE (  enable=1 and cateid=4  ) LIMIT 1   [ RunTime:0.000301s ]
SQL: SELECT * FROM `contents` WHERE (  enable=1 and cateid=1  ) LIMIT 1   [ RunTime:0.000223s ]
SQL: SHOW COLUMNS FROM `visters` [ RunTime:0.006348s ]
SQL: INSERT INTO `visters` (`ctime`,`info`,`ip`,`page`) VALUES ('2015-01-14 21:21','美国 佐治亚州 Zebulon、WindowsEnglish系统、Chrome浏览器、','57.68.10.198','产品页面') [ RunTime:0.010272s ]
SQL: SHOW COLUMNS FROM `procate` [ RunTime:0.006479s ]
SQL: SHOW COLUMNS FROM `products` [ RunTime:0.005746s ]
NOTIC: [8] Undefined index:  procate D:\enkjhost\mayning1\web\home\Lib\Action\IndexAction.class.php 第 175 行.
NOTIC: [8] Undefined index:  procate2 D:\enkjhost\mayning1\web\home\Lib\Action\IndexAction.class.php 第 176 行.
SQL: SELECT * FROM `procate` WHERE ( id=%d ) LIMIT 1   [ RunTime:0.000240s ]
ERR: 1064:You have an error in your SQL syntax; check the manual that corresponds to your MySQL server version for the right syntax to use near '%d ) LIMIT 1' at line 1
 [ SQL语句 ] : SELECT * FROM `procate` WHERE ( id=%d ) LIMIT 1  
SQL: SELECT * FROM `procate` WHERE ( id=%d ) LIMIT 1   [ RunTime:0.000248s ]
ERR: 1064:You have an error in your SQL syntax; check the manual that corresponds to your MySQL server version for the right syntax to use near '%d ) LIMIT 1' at line 1
 [ SQL语句 ] : SELECT * FROM `procate` WHERE ( id=%d ) LIMIT 1  
SQL: select count(*) as count from products a left join procate b on a.proid = b.id where 1=1 and a.enable=1 and b.enable=1  [ RunTime:0.000642s ]
SQL: select a.id,a.title,a.info,a.imgs,a.ctime from products a left join procate b on a.proid = b.id where 1=1 and a.enable=1 and b.enable=1  order by a.sorts desc limit 63,9 [ RunTime:0.001033s ]
SQL: SELECT * FROM `procate` WHERE (  enable =1 and pid=0   ) ORDER BY  sorts desc  [ RunTime:0.000537s ]
NOTIC: [8] Undefined variable: cate2List D:\enkjhost\mayning1\web\home\Lib\Action\IndexAction.class.php 第 220 行.
INFO: [ view_parse ] --START--
INFO: ParseTemplate Behavior ::run [ RunTime:0.031415s ]
INFO: [ view_parse ] --END-- [ RunTime:0.031533s ]
INFO: [ view_filter ] --START--
INFO: ContentReplace Behavior ::run [ RunTime:0.001478s ]
INFO: TokenBuild Behavior ::run [ RunTime:0.002294s ]
INFO: WriteHtmlCache Behavior ::run [ RunTime:0.001336s ]
INFO: ShowRuntime Behavior ::run [ RunTime:0.001529s ]
INFO: [ view_filter ] --END-- [ RunTime:0.006836s ]
INFO: [ view_end ] --START--
INFO: ShowPageTrace Behavior ::run [ RunTime:0.001728s ]
INFO: [ view_end ] --END-- [ RunTime:0.001802s ]

[ 2015-01-14 21:21:53 ] 57.68.10.198 /index.php/Index/product/p/9
INFO: [ route_check ] --START--
INFO: CheckRoute Behavior ::run [ RunTime:0.002468s ]
INFO: [ route_check ] --END-- [ RunTime:0.002564s ]
INFO: [ app_begin ] --START--
INFO: ReadHtmlCache Behavior ::run [ RunTime:0.001631s ]
INFO: [ app_begin ] --END-- [ RunTime:0.001704s ]
SQL: SHOW COLUMNS FROM `contents` [ RunTime:0.004927s ]
SQL: SELECT * FROM `contents` WHERE (  enable=1 and cateid=4  ) LIMIT 1   [ RunTime:0.000312s ]
SQL: SELECT * FROM `contents` WHERE (  enable=1 and cateid=1  ) LIMIT 1   [ RunTime:0.000232s ]
SQL: SHOW COLUMNS FROM `visters` [ RunTime:0.006658s ]
SQL: INSERT INTO `visters` (`ctime`,`info`,`ip`,`page`) VALUES ('2015-01-14 21:21','美国 佐治亚州 Zebulon、WindowsEnglish系统、Chrome浏览器、','57.68.10.198','产品页面') [ RunTime:0.010452s ]
SQL: SHOW COLUMNS FROM `procate` [ RunTime:0.006009s ]
SQL: SHOW COLUMNS FROM `products` [ RunTime:0.005631s ]
NOTIC: [8] Undefined index:  procate D:\enkjhost\mayning1\web\home\Lib\Action\IndexAction.class.php 第 175 行.
NOTIC: [8] Undefined index:  procate2 D:\enkjhost\mayning1\web\home\Lib\Action\IndexAction.class.php 第 176 行.
SQL: SELECT * FROM `procate` WHERE ( id=%d ) LIMIT 1   [ RunTime:0.000188s ]
ERR: 1064:You have an error in your SQL syntax; check the manual that corresponds to your MySQL server version for the right syntax to use near '%d ) LIMIT 1' at line 1
 [ SQL语句 ] : SELECT * FROM `procate` WHERE ( id=%d ) LIMIT 1  
SQL: SELECT * FROM `procate` WHERE ( id=%d ) LIMIT 1   [ RunTime:0.000167s ]
ERR: 1064:You have an error in your SQL syntax; check the manual that corresponds to your MySQL server version for the right syntax to use near '%d ) LIMIT 1' at line 1
 [ SQL语句 ] : SELECT * FROM `procate` WHERE ( id=%d ) LIMIT 1  
SQL: select count(*) as count from products a left join procate b on a.proid = b.id where 1=1 and a.enable=1 and b.enable=1  [ RunTime:0.000560s ]
SQL: select a.id,a.title,a.info,a.imgs,a.ctime from products a left join procate b on a.proid = b.id where 1=1 and a.enable=1 and b.enable=1  order by a.sorts desc limit 72,9 [ RunTime:0.000989s ]
SQL: SELECT * FROM `procate` WHERE (  enable =1 and pid=0   ) ORDER BY  sorts desc  [ RunTime:0.000433s ]
NOTIC: [8] Undefined variable: cate2List D:\enkjhost\mayning1\web\home\Lib\Action\IndexAction.class.php 第 220 行.
INFO: [ view_parse ] --START--
INFO: ParseTemplate Behavior ::run [ RunTime:0.030321s ]
INFO: [ view_parse ] --END-- [ RunTime:0.030414s ]
INFO: [ view_filter ] --START--
INFO: ContentReplace Behavior ::run [ RunTime:0.001479s ]
INFO: TokenBuild Behavior ::run [ RunTime:0.002299s ]
INFO: WriteHtmlCache Behavior ::run [ RunTime:0.001328s ]
INFO: ShowRuntime Behavior ::run [ RunTime:0.001528s ]
INFO: [ view_filter ] --END-- [ RunTime:0.006830s ]
INFO: [ view_end ] --START--
INFO: ShowPageTrace Behavior ::run [ RunTime:0.001720s ]
INFO: [ view_end ] --END-- [ RunTime:0.001793s ]

[ 2015-01-14 21:22:03 ] 57.68.10.198 /index.php/Index/product/p/10
INFO: [ route_check ] --START--
INFO: CheckRoute Behavior ::run [ RunTime:0.002207s ]
INFO: [ route_check ] --END-- [ RunTime:0.002299s ]
INFO: [ app_begin ] --START--
INFO: ReadHtmlCache Behavior ::run [ RunTime:0.001811s ]
INFO: [ app_begin ] --END-- [ RunTime:0.001891s ]
SQL: SHOW COLUMNS FROM `contents` [ RunTime:0.005434s ]
SQL: SELECT * FROM `contents` WHERE (  enable=1 and cateid=4  ) LIMIT 1   [ RunTime:0.000340s ]
SQL: SELECT * FROM `contents` WHERE (  enable=1 and cateid=1  ) LIMIT 1   [ RunTime:0.000253s ]
SQL: SHOW COLUMNS FROM `visters` [ RunTime:0.006210s ]
SQL: INSERT INTO `visters` (`ctime`,`info`,`ip`,`page`) VALUES ('2015-01-14 21:22','美国 佐治亚州 Zebulon、WindowsEnglish系统、Chrome浏览器、','57.68.10.198','产品页面') [ RunTime:0.010594s ]
SQL: SHOW COLUMNS FROM `procate` [ RunTime:0.005728s ]
SQL: SHOW COLUMNS FROM `products` [ RunTime:0.005570s ]
NOTIC: [8] Undefined index:  procate D:\enkjhost\mayning1\web\home\Lib\Action\IndexAction.class.php 第 175 行.
NOTIC: [8] Undefined index:  procate2 D:\enkjhost\mayning1\web\home\Lib\Action\IndexAction.class.php 第 176 行.
SQL: SELECT * FROM `procate` WHERE ( id=%d ) LIMIT 1   [ RunTime:0.000241s ]
ERR: 1064:You have an error in your SQL syntax; check the manual that corresponds to your MySQL server version for the right syntax to use near '%d ) LIMIT 1' at line 1
 [ SQL语句 ] : SELECT * FROM `procate` WHERE ( id=%d ) LIMIT 1  
SQL: SELECT * FROM `procate` WHERE ( id=%d ) LIMIT 1   [ RunTime:0.000250s ]
ERR: 1064:You have an error in your SQL syntax; check the manual that corresponds to your MySQL server version for the right syntax to use near '%d ) LIMIT 1' at line 1
 [ SQL语句 ] : SELECT * FROM `procate` WHERE ( id=%d ) LIMIT 1  
SQL: select count(*) as count from products a left join procate b on a.proid = b.id where 1=1 and a.enable=1 and b.enable=1  [ RunTime:0.000640s ]
SQL: select a.id,a.title,a.info,a.imgs,a.ctime from products a left join procate b on a.proid = b.id where 1=1 and a.enable=1 and b.enable=1  order by a.sorts desc limit 81,9 [ RunTime:0.001120s ]
SQL: SELECT * FROM `procate` WHERE (  enable =1 and pid=0   ) ORDER BY  sorts desc  [ RunTime:0.000532s ]
NOTIC: [8] Undefined variable: cate2List D:\enkjhost\mayning1\web\home\Lib\Action\IndexAction.class.php 第 220 行.
INFO: [ view_parse ] --START--
INFO: ParseTemplate Behavior ::run [ RunTime:0.038678s ]
INFO: [ view_parse ] --END-- [ RunTime:0.038775s ]
INFO: [ view_filter ] --START--
INFO: ContentReplace Behavior ::run [ RunTime:0.001482s ]
INFO: TokenBuild Behavior ::run [ RunTime:0.001433s ]
INFO: WriteHtmlCache Behavior ::run [ RunTime:0.001276s ]
INFO: ShowRuntime Behavior ::run [ RunTime:0.001521s ]
INFO: [ view_filter ] --END-- [ RunTime:0.005904s ]
INFO: [ view_end ] --START--
INFO: ShowPageTrace Behavior ::run [ RunTime:0.001772s ]
INFO: [ view_end ] --END-- [ RunTime:0.001847s ]

[ 2015-01-14 23:52:23 ] 183.60.243.242 /index.php
INFO: [ app_begin ] --START--
INFO: ReadHtmlCache Behavior ::run [ RunTime:0.003359s ]
INFO: [ app_begin ] --END-- [ RunTime:0.003471s ]
SQL: SHOW COLUMNS FROM `contents` [ RunTime:0.007589s ]
SQL: SELECT * FROM `contents` WHERE (  enable=1 and cateid=4  ) LIMIT 1   [ RunTime:0.000384s ]
SQL: SELECT * FROM `contents` WHERE (  enable=1 and cateid=1  ) LIMIT 1   [ RunTime:0.000296s ]
NOTIC: [8] Undefined index:  HTTP_ACCEPT_LANGUAGE D:\enkjhost\mayning1\web\home\Lib\Action\UtilAction.class.php 第 96 行.
SQL: SHOW COLUMNS FROM `visters` [ RunTime:0.008708s ]
SQL: INSERT INTO `visters` (`ctime`,`info`,`ip`,`page`) VALUES ('2015-01-14 23:52','中国 广东 广州、WindowsEnglish系统、MSIE浏览器、','183.60.243.242','系统首页') [ RunTime:0.011653s ]
SQL: SHOW COLUMNS FROM `products` [ RunTime:0.005950s ]
SQL: SELECT * FROM `products` WHERE (  enable=1 and state=1  ) ORDER BY  sorts desc  [ RunTime:0.000825s ]
SQL: SELECT * FROM `products` WHERE (  enable=1 and state=2  ) ORDER BY  sorts desc  [ RunTime:0.000463s ]
INFO: [ view_parse ] --START--
INFO: ParseTemplate Behavior ::run [ RunTime:0.047172s ]
INFO: [ view_parse ] --END-- [ RunTime:0.047296s ]
INFO: [ view_filter ] --START--
INFO: ContentReplace Behavior ::run [ RunTime:0.002893s ]
INFO: TokenBuild Behavior ::run [ RunTime:0.002916s ]
INFO: WriteHtmlCache Behavior ::run [ RunTime:0.002623s ]
INFO: ShowRuntime Behavior ::run [ RunTime:0.003150s ]
INFO: [ view_filter ] --END-- [ RunTime:0.011858s ]
INFO: [ view_end ] --START--
INFO: ShowPageTrace Behavior ::run [ RunTime:0.003571s ]
INFO: [ view_end ] --END-- [ RunTime:0.003673s ]

