[ 2015-02-07 00:04:22 ] 123.125.71.50 /index.php
INFO: [ app_begin ] --START--
INFO: ReadHtmlCache Behavior ::run [ RunTime:0.003443s ]
INFO: [ app_begin ] --END-- [ RunTime:0.003556s ]
SQL: SHOW COLUMNS FROM `contents` [ RunTime:0.007952s ]
SQL: SELECT * FROM `contents` WHERE (  enable=1 and cateid=4  ) LIMIT 1   [ RunTime:0.000384s ]
SQL: SELECT * FROM `contents` WHERE (  enable=1 and cateid=1  ) LIMIT 1   [ RunTime:0.000298s ]
SQL: SHOW COLUMNS FROM `visters` [ RunTime:0.006802s ]
SQL: INSERT INTO `visters` (`ctime`,`info`,`ip`,`page`) VALUES ('2015-02-07 00:04','中国 北京 北京、Other简体中文系统、Other浏览器、','123.125.71.50','系统首页') [ RunTime:0.009292s ]
SQL: SHOW COLUMNS FROM `products` [ RunTime:0.008086s ]
SQL: SELECT * FROM `products` WHERE (  enable=1 and state=1  ) ORDER BY  sorts desc  [ RunTime:0.000845s ]
SQL: SELECT * FROM `products` WHERE (  enable=1 and state=2  ) ORDER BY  sorts desc  [ RunTime:0.000585s ]
INFO: [ view_parse ] --START--
INFO: ParseTemplate Behavior ::run [ RunTime:0.039818s ]
INFO: [ view_parse ] --END-- [ RunTime:0.039948s ]
INFO: [ view_filter ] --START--
INFO: ContentReplace Behavior ::run [ RunTime:0.002971s ]
INFO: TokenBuild Behavior ::run [ RunTime:0.002977s ]
INFO: WriteHtmlCache Behavior ::run [ RunTime:0.002665s ]
INFO: ShowRuntime Behavior ::run [ RunTime:0.003205s ]
INFO: [ view_filter ] --END-- [ RunTime:0.012083s ]
INFO: [ view_end ] --START--
INFO: ShowPageTrace Behavior ::run [ RunTime:0.003615s ]
INFO: [ view_end ] --END-- [ RunTime:0.003713s ]

[ 2015-02-07 00:04:32 ] 207.46.13.64 /index.php
INFO: [ app_begin ] --START--
INFO: ReadHtmlCache Behavior ::run [ RunTime:0.001854s ]
INFO: [ app_begin ] --END-- [ RunTime:0.001949s ]
SQL: SHOW COLUMNS FROM `contents` [ RunTime:0.005585s ]
SQL: SELECT * FROM `contents` WHERE (  enable=1 and cateid=4  ) LIMIT 1   [ RunTime:0.000328s ]
SQL: SELECT * FROM `contents` WHERE (  enable=1 and cateid=1  ) LIMIT 1   [ RunTime:0.000260s ]
NOTIC: [8] Undefined index:  HTTP_ACCEPT_LANGUAGE D:\enkjhost\mayning1\web\home\Lib\Action\UtilAction.class.php 第 96 行.
SQL: SHOW COLUMNS FROM `visters` [ RunTime:0.007161s ]
SQL: INSERT INTO `visters` (`ctime`,`info`,`ip`,`page`) VALUES ('2015-02-07 00:04','美国 华盛顿州 Redmond、OtherEnglish系统、Other浏览器、','207.46.13.64','系统首页') [ RunTime:0.009820s ]
SQL: SHOW COLUMNS FROM `products` [ RunTime:0.006722s ]
SQL: SELECT * FROM `products` WHERE (  enable=1 and state=1  ) ORDER BY  sorts desc  [ RunTime:0.000889s ]
SQL: SELECT * FROM `products` WHERE (  enable=1 and state=2  ) ORDER BY  sorts desc  [ RunTime:0.000665s ]
INFO: [ view_parse ] --START--
INFO: ParseTemplate Behavior ::run [ RunTime:0.027154s ]
INFO: [ view_parse ] --END-- [ RunTime:0.027282s ]
INFO: [ view_filter ] --START--
INFO: ContentReplace Behavior ::run [ RunTime:0.001952s ]
INFO: TokenBuild Behavior ::run [ RunTime:0.001916s ]
INFO: WriteHtmlCache Behavior ::run [ RunTime:0.001716s ]
INFO: ShowRuntime Behavior ::run [ RunTime:0.002038s ]
INFO: [ view_filter ] --END-- [ RunTime:0.007878s ]
INFO: [ view_end ] --START--
INFO: ShowPageTrace Behavior ::run [ RunTime:0.002311s ]
INFO: [ view_end ] --END-- [ RunTime:0.002408s ]

[ 2015-02-07 00:22:25 ] 104.245.101.67 /index.php/Index/productInfo?id=130
INFO: [ route_check ] --START--
INFO: CheckRoute Behavior ::run [ RunTime:0.004183s ]
INFO: [ route_check ] --END-- [ RunTime:0.004299s ]
INFO: [ app_begin ] --START--
INFO: ReadHtmlCache Behavior ::run [ RunTime:0.002150s ]
INFO: [ app_begin ] --END-- [ RunTime:0.002245s ]
SQL: SHOW COLUMNS FROM `contents` [ RunTime:0.006770s ]
SQL: SELECT * FROM `contents` WHERE (  enable=1 and cateid=4  ) LIMIT 1   [ RunTime:0.000369s ]
SQL: SELECT * FROM `contents` WHERE (  enable=1 and cateid=1  ) LIMIT 1   [ RunTime:0.000292s ]
NOTIC: [8] Undefined index:  HTTP_ACCEPT_LANGUAGE D:\enkjhost\mayning1\web\home\Lib\Action\UtilAction.class.php 第 96 行.
SQL: SHOW COLUMNS FROM `visters` [ RunTime:0.004837s ]
SQL: INSERT INTO `visters` (`ctime`,`info`,`ip`,`page`) VALUES ('2015-02-07 00:22','美国  、WindowsEnglish系统、Firefox浏览器、','104.245.101.67','产品详情页面') [ RunTime:0.008666s ]
SQL: SHOW COLUMNS FROM `procate` [ RunTime:0.005044s ]
SQL: SHOW COLUMNS FROM `products` [ RunTime:0.005956s ]
NOTIC: [8] Undefined index:  procate D:\enkjhost\mayning1\web\home\Lib\Action\IndexAction.class.php 第 243 行.
NOTIC: [8] Undefined index:  procate2 D:\enkjhost\mayning1\web\home\Lib\Action\IndexAction.class.php 第 244 行.
SQL: SELECT * FROM `procate` WHERE ( id=%d ) LIMIT 1   [ RunTime:0.000183s ]
ERR: 1064:You have an error in your SQL syntax; check the manual that corresponds to your MySQL server version for the right syntax to use near '%d ) LIMIT 1' at line 1
 [ SQL语句 ] : SELECT * FROM `procate` WHERE ( id=%d ) LIMIT 1  
SQL: SELECT * FROM `procate` WHERE ( id=%d ) LIMIT 1   [ RunTime:0.000160s ]
ERR: 1064:You have an error in your SQL syntax; check the manual that corresponds to your MySQL server version for the right syntax to use near '%d ) LIMIT 1' at line 1
 [ SQL语句 ] : SELECT * FROM `procate` WHERE ( id=%d ) LIMIT 1  
SQL: SELECT * FROM `procate` WHERE (  enable =1 and pid=0  ) ORDER BY  sorts desc  [ RunTime:0.000491s ]
SQL: SELECT * FROM `products` WHERE (  id=130 ) LIMIT 1   [ RunTime:0.000294s ]
SQL: SELECT * FROM `procate` WHERE ( id=37 ) LIMIT 1   [ RunTime:0.000244s ]
SQL: SELECT * FROM `procate` WHERE ( id=0 ) LIMIT 1   [ RunTime:0.000228s ]
INFO: [ view_parse ] --START--
INFO: ParseTemplate Behavior ::run [ RunTime:0.031170s ]
INFO: [ view_parse ] --END-- [ RunTime:0.031282s ]
INFO: [ view_filter ] --START--
INFO: ContentReplace Behavior ::run [ RunTime:0.001907s ]
INFO: TokenBuild Behavior ::run [ RunTime:0.002899s ]
INFO: WriteHtmlCache Behavior ::run [ RunTime:0.001737s ]
INFO: ShowRuntime Behavior ::run [ RunTime:0.003147s ]
INFO: [ view_filter ] --END-- [ RunTime:0.009951s ]
INFO: [ view_end ] --START--
INFO: ShowPageTrace Behavior ::run [ RunTime:0.002299s ]
INFO: [ view_end ] --END-- [ RunTime:0.002394s ]

[ 2015-02-07 02:31:28 ] 144.76.247.45 /index.php/Index/productInfo?id=58
INFO: [ route_check ] --START--
INFO: CheckRoute Behavior ::run [ RunTime:0.002844s ]
INFO: [ route_check ] --END-- [ RunTime:0.002955s ]
INFO: [ app_begin ] --START--
INFO: ReadHtmlCache Behavior ::run [ RunTime:0.002512s ]
INFO: [ app_begin ] --END-- [ RunTime:0.002610s ]
SQL: SHOW COLUMNS FROM `contents` [ RunTime:0.008299s ]
SQL: SELECT * FROM `contents` WHERE (  enable=1 and cateid=4  ) LIMIT 1   [ RunTime:0.000324s ]
SQL: SELECT * FROM `contents` WHERE (  enable=1 and cateid=1  ) LIMIT 1   [ RunTime:0.000268s ]
NOTIC: [8] Undefined index:  HTTP_ACCEPT_LANGUAGE D:\enkjhost\mayning1\web\home\Lib\Action\UtilAction.class.php 第 96 行.
SQL: SHOW COLUMNS FROM `visters` [ RunTime:0.010265s ]
SQL: INSERT INTO `visters` (`ctime`,`info`,`ip`,`page`) VALUES ('2015-02-07 02:31','德国  、WindowsEnglish系统、Firefox浏览器、','144.76.247.45','产品详情页面') [ RunTime:0.012608s ]
SQL: SHOW COLUMNS FROM `procate` [ RunTime:0.006357s ]
SQL: SHOW COLUMNS FROM `products` [ RunTime:0.010538s ]
NOTIC: [8] Undefined index:  procate D:\enkjhost\mayning1\web\home\Lib\Action\IndexAction.class.php 第 243 行.
NOTIC: [8] Undefined index:  procate2 D:\enkjhost\mayning1\web\home\Lib\Action\IndexAction.class.php 第 244 行.
SQL: SELECT * FROM `procate` WHERE ( id=%d ) LIMIT 1   [ RunTime:0.000199s ]
ERR: 1064:You have an error in your SQL syntax; check the manual that corresponds to your MySQL server version for the right syntax to use near '%d ) LIMIT 1' at line 1
 [ SQL语句 ] : SELECT * FROM `procate` WHERE ( id=%d ) LIMIT 1  
SQL: SELECT * FROM `procate` WHERE ( id=%d ) LIMIT 1   [ RunTime:0.000204s ]
ERR: 1064:You have an error in your SQL syntax; check the manual that corresponds to your MySQL server version for the right syntax to use near '%d ) LIMIT 1' at line 1
 [ SQL语句 ] : SELECT * FROM `procate` WHERE ( id=%d ) LIMIT 1  
SQL: SELECT * FROM `procate` WHERE (  enable =1 and pid=0  ) ORDER BY  sorts desc  [ RunTime:0.000725s ]
SQL: SELECT * FROM `products` WHERE (  id=58 ) LIMIT 1   [ RunTime:0.001161s ]
SQL: SELECT * FROM `procate` WHERE ( id=21 ) LIMIT 1   [ RunTime:0.000229s ]
SQL: SELECT * FROM `procate` WHERE ( id=0 ) LIMIT 1   [ RunTime:0.000235s ]
INFO: [ view_parse ] --START--
INFO: ParseTemplate Behavior ::run [ RunTime:0.036859s ]
INFO: [ view_parse ] --END-- [ RunTime:0.036972s ]
INFO: [ view_filter ] --START--
INFO: ContentReplace Behavior ::run [ RunTime:0.002579s ]
INFO: TokenBuild Behavior ::run [ RunTime:0.002797s ]
INFO: WriteHtmlCache Behavior ::run [ RunTime:0.002285s ]
INFO: ShowRuntime Behavior ::run [ RunTime:0.002869s ]
INFO: [ view_filter ] --END-- [ RunTime:0.010734s ]
INFO: [ view_end ] --START--
INFO: ShowPageTrace Behavior ::run [ RunTime:0.003156s ]
INFO: [ view_end ] --END-- [ RunTime:0.003233s ]

[ 2015-02-07 02:31:28 ] 144.76.247.45 /index.php/Index/productInfo?id=120
INFO: [ route_check ] --START--
INFO: CheckRoute Behavior ::run [ RunTime:0.004232s ]
INFO: [ route_check ] --END-- [ RunTime:0.004348s ]
INFO: [ app_begin ] --START--
INFO: ReadHtmlCache Behavior ::run [ RunTime:0.003455s ]
INFO: [ app_begin ] --END-- [ RunTime:0.003553s ]
SQL: SHOW COLUMNS FROM `contents` [ RunTime:0.009926s ]
SQL: SELECT * FROM `contents` WHERE (  enable=1 and cateid=4  ) LIMIT 1   [ RunTime:0.000416s ]
SQL: SELECT * FROM `contents` WHERE (  enable=1 and cateid=1  ) LIMIT 1   [ RunTime:0.000311s ]
NOTIC: [8] Undefined index:  HTTP_ACCEPT_LANGUAGE D:\enkjhost\mayning1\web\home\Lib\Action\UtilAction.class.php 第 96 行.
SQL: SHOW COLUMNS FROM `visters` [ RunTime:0.013090s ]
SQL: INSERT INTO `visters` (`ctime`,`info`,`ip`,`page`) VALUES ('2015-02-07 02:31','德国  、WindowsEnglish系统、Firefox浏览器、','144.76.247.45','产品详情页面') [ RunTime:0.008783s ]
SQL: SHOW COLUMNS FROM `procate` [ RunTime:0.015275s ]
SQL: SHOW COLUMNS FROM `products` [ RunTime:0.034422s ]
NOTIC: [8] Undefined index:  procate D:\enkjhost\mayning1\web\home\Lib\Action\IndexAction.class.php 第 243 行.
NOTIC: [8] Undefined index:  procate2 D:\enkjhost\mayning1\web\home\Lib\Action\IndexAction.class.php 第 244 行.
SQL: SELECT * FROM `procate` WHERE ( id=%d ) LIMIT 1   [ RunTime:0.000207s ]
ERR: 1064:You have an error in your SQL syntax; check the manual that corresponds to your MySQL server version for the right syntax to use near '%d ) LIMIT 1' at line 1
 [ SQL语句 ] : SELECT * FROM `procate` WHERE ( id=%d ) LIMIT 1  
SQL: SELECT * FROM `procate` WHERE ( id=%d ) LIMIT 1   [ RunTime:0.000215s ]
ERR: 1064:You have an error in your SQL syntax; check the manual that corresponds to your MySQL server version for the right syntax to use near '%d ) LIMIT 1' at line 1
 [ SQL语句 ] : SELECT * FROM `procate` WHERE ( id=%d ) LIMIT 1  
SQL: SELECT * FROM `procate` WHERE (  enable =1 and pid=0  ) ORDER BY  sorts desc  [ RunTime:0.000696s ]
SQL: SELECT * FROM `products` WHERE (  id=120 ) LIMIT 1   [ RunTime:0.000621s ]
SQL: SELECT * FROM `procate` WHERE ( id=37 ) LIMIT 1   [ RunTime:0.000295s ]
SQL: SELECT * FROM `procate` WHERE ( id=0 ) LIMIT 1   [ RunTime:0.000201s ]
INFO: [ view_parse ] --START--
INFO: ParseTemplate Behavior ::run [ RunTime:0.035999s ]
INFO: [ view_parse ] --END-- [ RunTime:0.036092s ]
INFO: [ view_filter ] --START--
INFO: ContentReplace Behavior ::run [ RunTime:0.002958s ]
INFO: TokenBuild Behavior ::run [ RunTime:0.002180s ]
INFO: WriteHtmlCache Behavior ::run [ RunTime:0.002815s ]
INFO: ShowRuntime Behavior ::run [ RunTime:0.002929s ]
INFO: [ view_filter ] --END-- [ RunTime:0.011111s ]
INFO: [ view_end ] --START--
INFO: ShowPageTrace Behavior ::run [ RunTime:0.003428s ]
INFO: [ view_end ] --END-- [ RunTime:0.003501s ]

[ 2015-02-07 02:31:28 ] 144.76.247.45 /index.php/Index/productInfo?id=119
INFO: [ route_check ] --START--
INFO: CheckRoute Behavior ::run [ RunTime:0.003275s ]
INFO: [ route_check ] --END-- [ RunTime:0.003416s ]
INFO: [ app_begin ] --START--
INFO: ReadHtmlCache Behavior ::run [ RunTime:0.002305s ]
INFO: [ app_begin ] --END-- [ RunTime:0.002399s ]
SQL: SHOW COLUMNS FROM `contents` [ RunTime:0.007044s ]
SQL: SELECT * FROM `contents` WHERE (  enable=1 and cateid=4  ) LIMIT 1   [ RunTime:0.000335s ]
SQL: SELECT * FROM `contents` WHERE (  enable=1 and cateid=1  ) LIMIT 1   [ RunTime:0.000254s ]
NOTIC: [8] Undefined index:  HTTP_ACCEPT_LANGUAGE D:\enkjhost\mayning1\web\home\Lib\Action\UtilAction.class.php 第 96 行.
SQL: SHOW COLUMNS FROM `visters` [ RunTime:0.010614s ]
SQL: INSERT INTO `visters` (`ctime`,`info`,`ip`,`page`) VALUES ('2015-02-07 02:31','德国  、WindowsEnglish系统、Firefox浏览器、','144.76.247.45','产品详情页面') [ RunTime:0.022123s ]
SQL: SHOW COLUMNS FROM `procate` [ RunTime:0.011457s ]
SQL: SHOW COLUMNS FROM `products` [ RunTime:0.007345s ]
NOTIC: [8] Undefined index:  procate D:\enkjhost\mayning1\web\home\Lib\Action\IndexAction.class.php 第 243 行.
NOTIC: [8] Undefined index:  procate2 D:\enkjhost\mayning1\web\home\Lib\Action\IndexAction.class.php 第 244 行.
SQL: SELECT * FROM `procate` WHERE ( id=%d ) LIMIT 1   [ RunTime:0.000138s ]
ERR: 1064:You have an error in your SQL syntax; check the manual that corresponds to your MySQL server version for the right syntax to use near '%d ) LIMIT 1' at line 1
 [ SQL语句 ] : SELECT * FROM `procate` WHERE ( id=%d ) LIMIT 1  
SQL: SELECT * FROM `procate` WHERE ( id=%d ) LIMIT 1   [ RunTime:0.000159s ]
ERR: 1064:You have an error in your SQL syntax; check the manual that corresponds to your MySQL server version for the right syntax to use near '%d ) LIMIT 1' at line 1
 [ SQL语句 ] : SELECT * FROM `procate` WHERE ( id=%d ) LIMIT 1  
SQL: SELECT * FROM `procate` WHERE (  enable =1 and pid=0  ) ORDER BY  sorts desc  [ RunTime:0.000380s ]
SQL: SELECT * FROM `products` WHERE (  id=119 ) LIMIT 1   [ RunTime:0.000588s ]
SQL: SELECT * FROM `procate` WHERE ( id=11 ) LIMIT 1   [ RunTime:0.000224s ]
SQL: SELECT * FROM `procate` WHERE ( id=0 ) LIMIT 1   [ RunTime:0.000198s ]
INFO: [ view_parse ] --START--
INFO: ParseTemplate Behavior ::run [ RunTime:0.032001s ]
INFO: [ view_parse ] --END-- [ RunTime:0.032090s ]
INFO: [ view_filter ] --START--
INFO: ContentReplace Behavior ::run [ RunTime:0.001737s ]
INFO: TokenBuild Behavior ::run [ RunTime:0.002131s ]
INFO: WriteHtmlCache Behavior ::run [ RunTime:0.001721s ]
INFO: ShowRuntime Behavior ::run [ RunTime:0.001941s ]
INFO: [ view_filter ] --END-- [ RunTime:0.007753s ]
INFO: [ view_end ] --START--
INFO: ShowPageTrace Behavior ::run [ RunTime:0.001900s ]
INFO: [ view_end ] --END-- [ RunTime:0.001977s ]

[ 2015-02-07 02:31:29 ] 144.76.247.45 /index.php/Index/productInfo?id=31
INFO: [ route_check ] --START--
INFO: CheckRoute Behavior ::run [ RunTime:0.003197s ]
INFO: [ route_check ] --END-- [ RunTime:0.003345s ]
INFO: [ app_begin ] --START--
INFO: ReadHtmlCache Behavior ::run [ RunTime:0.002350s ]
INFO: [ app_begin ] --END-- [ RunTime:0.002458s ]
SQL: SHOW COLUMNS FROM `contents` [ RunTime:0.010392s ]
SQL: SELECT * FROM `contents` WHERE (  enable=1 and cateid=4  ) LIMIT 1   [ RunTime:0.000381s ]
SQL: SELECT * FROM `contents` WHERE (  enable=1 and cateid=1  ) LIMIT 1   [ RunTime:0.000276s ]
NOTIC: [8] Undefined index:  HTTP_ACCEPT_LANGUAGE D:\enkjhost\mayning1\web\home\Lib\Action\UtilAction.class.php 第 96 行.
SQL: SHOW COLUMNS FROM `visters` [ RunTime:0.004588s ]
SQL: INSERT INTO `visters` (`ctime`,`info`,`ip`,`page`) VALUES ('2015-02-07 02:31','德国  、WindowsEnglish系统、Firefox浏览器、','144.76.247.45','产品详情页面') [ RunTime:0.008742s ]
SQL: SHOW COLUMNS FROM `procate` [ RunTime:0.006609s ]
SQL: SHOW COLUMNS FROM `products` [ RunTime:0.006083s ]
NOTIC: [8] Undefined index:  procate D:\enkjhost\mayning1\web\home\Lib\Action\IndexAction.class.php 第 243 行.
NOTIC: [8] Undefined index:  procate2 D:\enkjhost\mayning1\web\home\Lib\Action\IndexAction.class.php 第 244 行.
SQL: SELECT * FROM `procate` WHERE ( id=%d ) LIMIT 1   [ RunTime:0.000211s ]
ERR: 1064:You have an error in your SQL syntax; check the manual that corresponds to your MySQL server version for the right syntax to use near '%d ) LIMIT 1' at line 1
 [ SQL语句 ] : SELECT * FROM `procate` WHERE ( id=%d ) LIMIT 1  
SQL: SELECT * FROM `procate` WHERE ( id=%d ) LIMIT 1   [ RunTime:0.000176s ]
ERR: 1064:You have an error in your SQL syntax; check the manual that corresponds to your MySQL server version for the right syntax to use near '%d ) LIMIT 1' at line 1
 [ SQL语句 ] : SELECT * FROM `procate` WHERE ( id=%d ) LIMIT 1  
SQL: SELECT * FROM `procate` WHERE (  enable =1 and pid=0  ) ORDER BY  sorts desc  [ RunTime:0.000494s ]
SQL: SELECT * FROM `products` WHERE (  id=31 ) LIMIT 1   [ RunTime:0.002643s ]
SQL: SELECT * FROM `procate` WHERE ( id=26 ) LIMIT 1   [ RunTime:0.000258s ]
SQL: SELECT * FROM `procate` WHERE ( id=0 ) LIMIT 1   [ RunTime:0.000247s ]
INFO: [ view_parse ] --START--
INFO: ParseTemplate Behavior ::run [ RunTime:0.027659s ]
INFO: [ view_parse ] --END-- [ RunTime:0.027766s ]
INFO: [ view_filter ] --START--
INFO: ContentReplace Behavior ::run [ RunTime:0.002011s ]
INFO: TokenBuild Behavior ::run [ RunTime:0.002005s ]
INFO: WriteHtmlCache Behavior ::run [ RunTime:0.001753s ]
INFO: ShowRuntime Behavior ::run [ RunTime:0.002081s ]
INFO: [ view_filter ] --END-- [ RunTime:0.008099s ]
INFO: [ view_end ] --START--
INFO: ShowPageTrace Behavior ::run [ RunTime:0.002345s ]
INFO: [ view_end ] --END-- [ RunTime:0.002442s ]

[ 2015-02-07 03:00:58 ] 220.181.108.78 /index.php/Index/productInfo?id=30
INFO: [ route_check ] --START--
INFO: CheckRoute Behavior ::run [ RunTime:0.004823s ]
INFO: [ route_check ] --END-- [ RunTime:0.004944s ]
INFO: [ app_begin ] --START--
INFO: ReadHtmlCache Behavior ::run [ RunTime:0.003823s ]
INFO: [ app_begin ] --END-- [ RunTime:0.003926s ]
SQL: SHOW COLUMNS FROM `contents` [ RunTime:0.008240s ]
SQL: SELECT * FROM `contents` WHERE (  enable=1 and cateid=4  ) LIMIT 1   [ RunTime:0.000410s ]
SQL: SELECT * FROM `contents` WHERE (  enable=1 and cateid=1  ) LIMIT 1   [ RunTime:0.000318s ]
SQL: SHOW COLUMNS FROM `visters` [ RunTime:0.007323s ]
SQL: INSERT INTO `visters` (`ctime`,`info`,`ip`,`page`) VALUES ('2015-02-07 03:00','中国 北京 北京、Other简体中文系统、Other浏览器、','220.181.108.78','产品详情页面') [ RunTime:0.009601s ]
SQL: SHOW COLUMNS FROM `procate` [ RunTime:0.007434s ]
SQL: SHOW COLUMNS FROM `products` [ RunTime:0.008181s ]
NOTIC: [8] Undefined index:  procate D:\enkjhost\mayning1\web\home\Lib\Action\IndexAction.class.php 第 243 行.
NOTIC: [8] Undefined index:  procate2 D:\enkjhost\mayning1\web\home\Lib\Action\IndexAction.class.php 第 244 行.
SQL: SELECT * FROM `procate` WHERE ( id=%d ) LIMIT 1   [ RunTime:0.000232s ]
ERR: 1064:You have an error in your SQL syntax; check the manual that corresponds to your MySQL server version for the right syntax to use near '%d ) LIMIT 1' at line 1
 [ SQL语句 ] : SELECT * FROM `procate` WHERE ( id=%d ) LIMIT 1  
SQL: SELECT * FROM `procate` WHERE ( id=%d ) LIMIT 1   [ RunTime:0.000178s ]
ERR: 1064:You have an error in your SQL syntax; check the manual that corresponds to your MySQL server version for the right syntax to use near '%d ) LIMIT 1' at line 1
 [ SQL语句 ] : SELECT * FROM `procate` WHERE ( id=%d ) LIMIT 1  
SQL: SELECT * FROM `procate` WHERE (  enable =1 and pid=0  ) ORDER BY  sorts desc  [ RunTime:0.000548s ]
SQL: SELECT * FROM `products` WHERE (  id=30 ) LIMIT 1   [ RunTime:0.000336s ]
SQL: SELECT * FROM `procate` WHERE ( id=26 ) LIMIT 1   [ RunTime:0.000291s ]
SQL: SELECT * FROM `procate` WHERE ( id=0 ) LIMIT 1   [ RunTime:0.000273s ]
INFO: [ view_parse ] --START--
INFO: ParseTemplate Behavior ::run [ RunTime:0.050263s ]
INFO: [ view_parse ] --END-- [ RunTime:0.050382s ]
INFO: [ view_filter ] --START--
INFO: ContentReplace Behavior ::run [ RunTime:0.003380s ]
INFO: TokenBuild Behavior ::run [ RunTime:0.003399s ]
INFO: WriteHtmlCache Behavior ::run [ RunTime:0.006879s ]
INFO: ShowRuntime Behavior ::run [ RunTime:0.003490s ]
INFO: [ view_filter ] --END-- [ RunTime:0.017424s ]
INFO: [ view_end ] --START--
INFO: ShowPageTrace Behavior ::run [ RunTime:0.008008s ]
INFO: [ view_end ] --END-- [ RunTime:0.008115s ]

[ 2015-02-07 05:05:43 ] 95.108.158.144 /index.php/Index/product?procate=19
INFO: [ route_check ] --START--
INFO: CheckRoute Behavior ::run [ RunTime:0.005383s ]
INFO: [ route_check ] --END-- [ RunTime:0.005496s ]
INFO: [ app_begin ] --START--
INFO: ReadHtmlCache Behavior ::run [ RunTime:0.004191s ]
INFO: [ app_begin ] --END-- [ RunTime:0.004294s ]
SQL: SHOW COLUMNS FROM `contents` [ RunTime:0.009593s ]
SQL: SELECT * FROM `contents` WHERE (  enable=1 and cateid=4  ) LIMIT 1   [ RunTime:0.000377s ]
SQL: SELECT * FROM `contents` WHERE (  enable=1 and cateid=1  ) LIMIT 1   [ RunTime:0.000295s ]
SQL: SHOW COLUMNS FROM `visters` [ RunTime:0.011495s ]
SQL: INSERT INTO `visters` (`ctime`,`info`,`ip`,`page`) VALUES ('2015-02-07 05:05','俄罗斯  、OtherEnglish系统、Other浏览器、','95.108.158.144','产品页面') [ RunTime:0.008039s ]
SQL: SHOW COLUMNS FROM `procate` [ RunTime:0.011148s ]
SQL: SHOW COLUMNS FROM `products` [ RunTime:0.008437s ]
NOTIC: [8] Undefined index:  procate2 D:\enkjhost\mayning1\web\home\Lib\Action\IndexAction.class.php 第 176 行.
SQL: SELECT * FROM `procate` WHERE ( id=19 ) LIMIT 1   [ RunTime:0.000302s ]
SQL: SELECT * FROM `procate` WHERE ( id=%d ) LIMIT 1   [ RunTime:0.000197s ]
ERR: 1064:You have an error in your SQL syntax; check the manual that corresponds to your MySQL server version for the right syntax to use near '%d ) LIMIT 1' at line 1
 [ SQL语句 ] : SELECT * FROM `procate` WHERE ( id=%d ) LIMIT 1  
SQL: SELECT * FROM `procate` WHERE ( pid=19 )  [ RunTime:0.000355s ]
SQL: select count(*) as count from products a left join procate b on a.proid = b.id where 1=1 and a.enable=1 and b.enable=1  and ( b.pid=19 or b.id=19) [ RunTime:0.007580s ]
SQL: select a.id,a.title,a.info,a.imgs,a.ctime from products a left join procate b on a.proid = b.id where 1=1 and a.enable=1 and b.enable=1  and ( b.pid=19 or b.id=19) order by a.sorts desc limit 0,9 [ RunTime:0.001407s ]
SQL: SELECT * FROM `procate` WHERE (  enable =1 and pid=0   ) ORDER BY  sorts desc  [ RunTime:0.000500s ]
INFO: [ view_parse ] --START--
INFO: ParseTemplate Behavior ::run [ RunTime:0.048871s ]
INFO: [ view_parse ] --END-- [ RunTime:0.048997s ]
INFO: [ view_filter ] --START--
INFO: ContentReplace Behavior ::run [ RunTime:0.003398s ]
INFO: TokenBuild Behavior ::run [ RunTime:0.003401s ]
INFO: WriteHtmlCache Behavior ::run [ RunTime:0.002928s ]
INFO: ShowRuntime Behavior ::run [ RunTime:0.003477s ]
INFO: [ view_filter ] --END-- [ RunTime:0.013467s ]
INFO: [ view_end ] --START--
INFO: ShowPageTrace Behavior ::run [ RunTime:0.003970s ]
INFO: [ view_end ] --END-- [ RunTime:0.004068s ]

[ 2015-02-07 05:07:15 ] 61.135.190.100 /index.php
INFO: [ app_begin ] --START--
INFO: ReadHtmlCache Behavior ::run [ RunTime:0.001895s ]
INFO: [ app_begin ] --END-- [ RunTime:0.002006s ]
SQL: SHOW COLUMNS FROM `contents` [ RunTime:0.005256s ]
SQL: SELECT * FROM `contents` WHERE (  enable=1 and cateid=4  ) LIMIT 1   [ RunTime:0.000318s ]
SQL: SELECT * FROM `contents` WHERE (  enable=1 and cateid=1  ) LIMIT 1   [ RunTime:0.000259s ]
SQL: SHOW COLUMNS FROM `visters` [ RunTime:0.006221s ]
SQL: INSERT INTO `visters` (`ctime`,`info`,`ip`,`page`) VALUES ('2015-02-07 05:07','中国 北京 北京、WindowsEnglish系统、Chrome浏览器、','61.135.190.100','系统首页') [ RunTime:0.010002s ]
SQL: SHOW COLUMNS FROM `products` [ RunTime:0.005893s ]
SQL: SELECT * FROM `products` WHERE (  enable=1 and state=1  ) ORDER BY  sorts desc  [ RunTime:0.000929s ]
SQL: SELECT * FROM `products` WHERE (  enable=1 and state=2  ) ORDER BY  sorts desc  [ RunTime:0.000674s ]
INFO: [ view_parse ] --START--
INFO: ParseTemplate Behavior ::run [ RunTime:0.027081s ]
INFO: [ view_parse ] --END-- [ RunTime:0.027194s ]
INFO: [ view_filter ] --START--
INFO: ContentReplace Behavior ::run [ RunTime:0.001266s ]
INFO: TokenBuild Behavior ::run [ RunTime:0.002043s ]
INFO: WriteHtmlCache Behavior ::run [ RunTime:0.001145s ]
INFO: ShowRuntime Behavior ::run [ RunTime:0.001343s ]
INFO: [ view_filter ] --END-- [ RunTime:0.005994s ]
INFO: [ view_end ] --START--
INFO: ShowPageTrace Behavior ::run [ RunTime:0.001551s ]
INFO: [ view_end ] --END-- [ RunTime:0.001624s ]

[ 2015-02-07 05:17:14 ] 123.125.71.111 /index.php/Index/product?procate=20&procate2=28
INFO: [ route_check ] --START--
INFO: CheckRoute Behavior ::run [ RunTime:0.001986s ]
INFO: [ route_check ] --END-- [ RunTime:0.002075s ]
INFO: [ app_begin ] --START--
INFO: ReadHtmlCache Behavior ::run [ RunTime:0.001614s ]
INFO: [ app_begin ] --END-- [ RunTime:0.001689s ]
SQL: SHOW COLUMNS FROM `contents` [ RunTime:0.005758s ]
SQL: SELECT * FROM `contents` WHERE (  enable=1 and cateid=4  ) LIMIT 1   [ RunTime:0.000342s ]
SQL: SELECT * FROM `contents` WHERE (  enable=1 and cateid=1  ) LIMIT 1   [ RunTime:0.000262s ]
SQL: SHOW COLUMNS FROM `visters` [ RunTime:0.006565s ]
SQL: INSERT INTO `visters` (`ctime`,`info`,`ip`,`page`) VALUES ('2015-02-07 05:17','中国 北京 北京、Other简体中文系统、Other浏览器、','123.125.71.111','产品页面') [ RunTime:0.007820s ]
SQL: SHOW COLUMNS FROM `procate` [ RunTime:0.006128s ]
SQL: SHOW COLUMNS FROM `products` [ RunTime:0.005901s ]
SQL: SELECT * FROM `procate` WHERE ( id=20 ) LIMIT 1   [ RunTime:0.000309s ]
SQL: SELECT * FROM `procate` WHERE ( id=28 ) LIMIT 1   [ RunTime:0.000264s ]
SQL: SELECT * FROM `procate` WHERE ( pid=20 )  [ RunTime:0.000307s ]
SQL: select count(*) as count from products a left join procate b on a.proid = b.id where 1=1 and a.enable=1 and b.enable=1  and ( b.pid=28 or b.id=28) [ RunTime:0.000649s ]
SQL: select a.id,a.title,a.info,a.imgs,a.ctime from products a left join procate b on a.proid = b.id where 1=1 and a.enable=1 and b.enable=1  and ( b.pid=28 or b.id=28) order by a.sorts desc limit 0,9 [ RunTime:0.001413s ]
SQL: SELECT * FROM `procate` WHERE (  enable =1 and pid=0   ) ORDER BY  sorts desc  [ RunTime:0.000432s ]
INFO: [ view_parse ] --START--
INFO: ParseTemplate Behavior ::run [ RunTime:0.030874s ]
INFO: [ view_parse ] --END-- [ RunTime:0.030970s ]
INFO: [ view_filter ] --START--
INFO: ContentReplace Behavior ::run [ RunTime:0.001456s ]
INFO: TokenBuild Behavior ::run [ RunTime:0.002306s ]
INFO: WriteHtmlCache Behavior ::run [ RunTime:0.001323s ]
INFO: ShowRuntime Behavior ::run [ RunTime:0.001515s ]
INFO: [ view_filter ] --END-- [ RunTime:0.006798s ]
INFO: [ view_end ] --START--
INFO: ShowPageTrace Behavior ::run [ RunTime:0.001715s ]
INFO: [ view_end ] --END-- [ RunTime:0.001790s ]

[ 2015-02-07 05:42:26 ] 61.135.189.171 /index.php
INFO: [ app_begin ] --START--
INFO: ReadHtmlCache Behavior ::run [ RunTime:0.001635s ]
INFO: [ app_begin ] --END-- [ RunTime:0.001722s ]
SQL: SHOW COLUMNS FROM `contents` [ RunTime:0.006513s ]
SQL: SELECT * FROM `contents` WHERE (  enable=1 and cateid=4  ) LIMIT 1   [ RunTime:0.000384s ]
SQL: SELECT * FROM `contents` WHERE (  enable=1 and cateid=1  ) LIMIT 1   [ RunTime:0.000303s ]
SQL: SHOW COLUMNS FROM `visters` [ RunTime:0.006790s ]
SQL: INSERT INTO `visters` (`ctime`,`info`,`ip`,`page`) VALUES ('2015-02-07 05:42','中国 北京 北京、Other简体中文系统、Other浏览器、','61.135.189.171','系统首页') [ RunTime:0.011884s ]
SQL: SHOW COLUMNS FROM `products` [ RunTime:0.006784s ]
SQL: SELECT * FROM `products` WHERE (  enable=1 and state=1  ) ORDER BY  sorts desc  [ RunTime:0.000901s ]
SQL: SELECT * FROM `products` WHERE (  enable=1 and state=2  ) ORDER BY  sorts desc  [ RunTime:0.000662s ]
INFO: [ view_parse ] --START--
INFO: ParseTemplate Behavior ::run [ RunTime:0.035738s ]
INFO: [ view_parse ] --END-- [ RunTime:0.035871s ]
INFO: [ view_filter ] --START--
INFO: ContentReplace Behavior ::run [ RunTime:0.001903s ]
INFO: TokenBuild Behavior ::run [ RunTime:0.002860s ]
INFO: WriteHtmlCache Behavior ::run [ RunTime:0.002647s ]
INFO: ShowRuntime Behavior ::run [ RunTime:0.002078s ]
INFO: [ view_filter ] --END-- [ RunTime:0.009751s ]
INFO: [ view_end ] --START--
INFO: ShowPageTrace Behavior ::run [ RunTime:0.002261s ]
INFO: [ view_end ] --END-- [ RunTime:0.002360s ]

[ 2015-02-07 05:42:50 ] 61.135.189.171 /index.php
INFO: [ app_begin ] --START--
INFO: ReadHtmlCache Behavior ::run [ RunTime:0.001968s ]
INFO: [ app_begin ] --END-- [ RunTime:0.002065s ]
SQL: SHOW COLUMNS FROM `contents` [ RunTime:0.005371s ]
SQL: SELECT * FROM `contents` WHERE (  enable=1 and cateid=4  ) LIMIT 1   [ RunTime:0.000307s ]
SQL: SELECT * FROM `contents` WHERE (  enable=1 and cateid=1  ) LIMIT 1   [ RunTime:0.000260s ]
SQL: SHOW COLUMNS FROM `visters` [ RunTime:0.007192s ]
SQL: INSERT INTO `visters` (`ctime`,`info`,`ip`,`page`) VALUES ('2015-02-07 05:42','中国 北京 北京、Other简体中文系统、Other浏览器、','61.135.189.171','系统首页') [ RunTime:0.008580s ]
SQL: SHOW COLUMNS FROM `products` [ RunTime:0.006463s ]
SQL: SELECT * FROM `products` WHERE (  enable=1 and state=1  ) ORDER BY  sorts desc  [ RunTime:0.000904s ]
SQL: SELECT * FROM `products` WHERE (  enable=1 and state=2  ) ORDER BY  sorts desc  [ RunTime:0.000667s ]
INFO: [ view_parse ] --START--
INFO: ParseTemplate Behavior ::run [ RunTime:0.026968s ]
INFO: [ view_parse ] --END-- [ RunTime:0.027096s ]
INFO: [ view_filter ] --START--
INFO: ContentReplace Behavior ::run [ RunTime:0.001922s ]
INFO: TokenBuild Behavior ::run [ RunTime:0.001863s ]
INFO: WriteHtmlCache Behavior ::run [ RunTime:0.001685s ]
INFO: ShowRuntime Behavior ::run [ RunTime:0.002008s ]
INFO: [ view_filter ] --END-- [ RunTime:0.007732s ]
INFO: [ view_end ] --START--
INFO: ShowPageTrace Behavior ::run [ RunTime:0.002279s ]
INFO: [ view_end ] --END-- [ RunTime:0.002375s ]

[ 2015-02-07 08:14:21 ] 180.76.5.187 /index.php/Index/product?procate=22
INFO: [ route_check ] --START--
INFO: CheckRoute Behavior ::run [ RunTime:0.004139s ]
INFO: [ route_check ] --END-- [ RunTime:0.004256s ]
INFO: [ app_begin ] --START--
INFO: ReadHtmlCache Behavior ::run [ RunTime:0.003379s ]
INFO: [ app_begin ] --END-- [ RunTime:0.003479s ]
SQL: SHOW COLUMNS FROM `contents` [ RunTime:0.007558s ]
SQL: SELECT * FROM `contents` WHERE (  enable=1 and cateid=4  ) LIMIT 1   [ RunTime:0.000404s ]
SQL: SELECT * FROM `contents` WHERE (  enable=1 and cateid=1  ) LIMIT 1   [ RunTime:0.000296s ]
SQL: SHOW COLUMNS FROM `visters` [ RunTime:0.007518s ]
SQL: INSERT INTO `visters` (`ctime`,`info`,`ip`,`page`) VALUES ('2015-02-07 08:14','中国 北京 北京、OtherEnglish系统、Other浏览器、','180.76.5.187','产品页面') [ RunTime:0.012835s ]
SQL: SHOW COLUMNS FROM `procate` [ RunTime:0.007246s ]
SQL: SHOW COLUMNS FROM `products` [ RunTime:0.006869s ]
NOTIC: [8] Undefined index:  procate2 D:\enkjhost\mayning1\web\home\Lib\Action\IndexAction.class.php 第 176 行.
SQL: SELECT * FROM `procate` WHERE ( id=22 ) LIMIT 1   [ RunTime:0.000334s ]
SQL: SELECT * FROM `procate` WHERE ( id=%d ) LIMIT 1   [ RunTime:0.000187s ]
ERR: 1064:You have an error in your SQL syntax; check the manual that corresponds to your MySQL server version for the right syntax to use near '%d ) LIMIT 1' at line 1
 [ SQL语句 ] : SELECT * FROM `procate` WHERE ( id=%d ) LIMIT 1  
SQL: SELECT * FROM `procate` WHERE ( pid=22 )  [ RunTime:0.000316s ]
SQL: select count(*) as count from products a left join procate b on a.proid = b.id where 1=1 and a.enable=1 and b.enable=1  and ( b.pid=22 or b.id=22) [ RunTime:0.000593s ]
SQL: select a.id,a.title,a.info,a.imgs,a.ctime from products a left join procate b on a.proid = b.id where 1=1 and a.enable=1 and b.enable=1  and ( b.pid=22 or b.id=22) order by a.sorts desc limit 0,9 [ RunTime:0.001129s ]
SQL: SELECT * FROM `procate` WHERE (  enable =1 and pid=0   ) ORDER BY  sorts desc  [ RunTime:0.000428s ]
INFO: [ view_parse ] --START--
INFO: ParseTemplate Behavior ::run [ RunTime:0.052180s ]
INFO: [ view_parse ] --END-- [ RunTime:0.052284s ]
INFO: [ view_filter ] --START--
INFO: ContentReplace Behavior ::run [ RunTime:0.002586s ]
INFO: TokenBuild Behavior ::run [ RunTime:0.002576s ]
INFO: WriteHtmlCache Behavior ::run [ RunTime:0.002354s ]
INFO: ShowRuntime Behavior ::run [ RunTime:0.002795s ]
INFO: [ view_filter ] --END-- [ RunTime:0.010537s ]
INFO: [ view_end ] --START--
INFO: ShowPageTrace Behavior ::run [ RunTime:0.003070s ]
INFO: [ view_end ] --END-- [ RunTime:0.003155s ]

[ 2015-02-07 09:01:14 ] 180.76.5.24 /index.php/Index/contact
INFO: [ route_check ] --START--
INFO: CheckRoute Behavior ::run [ RunTime:0.004295s ]
INFO: [ route_check ] --END-- [ RunTime:0.004410s ]
INFO: [ app_begin ] --START--
INFO: ReadHtmlCache Behavior ::run [ RunTime:0.003529s ]
INFO: [ app_begin ] --END-- [ RunTime:0.003628s ]
SQL: SHOW COLUMNS FROM `contents` [ RunTime:0.006921s ]
SQL: SELECT * FROM `contents` WHERE (  enable=1 and cateid=4  ) LIMIT 1   [ RunTime:0.000368s ]
SQL: SELECT * FROM `contents` WHERE (  enable=1 and cateid=1  ) LIMIT 1   [ RunTime:0.000293s ]
SQL: SHOW COLUMNS FROM `visters` [ RunTime:0.007513s ]
SQL: INSERT INTO `visters` (`ctime`,`info`,`ip`,`page`) VALUES ('2015-02-07 09:01','中国 北京 北京、OtherEnglish系统、Other浏览器、','180.76.5.24','产品详情页面') [ RunTime:0.008723s ]
SQL: SELECT * FROM `contents` WHERE (  enable=1 and cateid=3  ) LIMIT 1   [ RunTime:0.000410s ]
INFO: [ view_parse ] --START--
INFO: ParseTemplate Behavior ::run [ RunTime:0.048340s ]
INFO: [ view_parse ] --END-- [ RunTime:0.048475s ]
INFO: [ view_filter ] --START--
INFO: ContentReplace Behavior ::run [ RunTime:0.003022s ]
INFO: TokenBuild Behavior ::run [ RunTime:0.003093s ]
INFO: WriteHtmlCache Behavior ::run [ RunTime:0.002794s ]
INFO: ShowRuntime Behavior ::run [ RunTime:0.003304s ]
INFO: [ view_filter ] --END-- [ RunTime:0.012497s ]
INFO: [ view_end ] --START--
INFO: ShowPageTrace Behavior ::run [ RunTime:0.003738s ]
INFO: [ view_end ] --END-- [ RunTime:0.003832s ]

[ 2015-02-07 09:09:13 ] 66.249.69.118 /index.php
INFO: [ app_begin ] --START--
INFO: ReadHtmlCache Behavior ::run [ RunTime:0.002135s ]
INFO: [ app_begin ] --END-- [ RunTime:0.002248s ]
SQL: SHOW COLUMNS FROM `contents` [ RunTime:0.006747s ]
SQL: SELECT * FROM `contents` WHERE (  enable=1 and cateid=4  ) LIMIT 1   [ RunTime:0.000400s ]
SQL: SELECT * FROM `contents` WHERE (  enable=1 and cateid=1  ) LIMIT 1   [ RunTime:0.000307s ]
NOTIC: [8] Undefined index:  HTTP_ACCEPT_LANGUAGE D:\enkjhost\mayning1\web\home\Lib\Action\UtilAction.class.php 第 96 行.
SQL: SHOW COLUMNS FROM `visters` [ RunTime:0.006416s ]
SQL: INSERT INTO `visters` (`ctime`,`info`,`ip`,`page`) VALUES ('2015-02-07 09:09','美国 加利福尼亚 Mountain View、OtherEnglish系统、Other浏览器、','66.249.69.118','系统首页') [ RunTime:0.010980s ]
SQL: SHOW COLUMNS FROM `products` [ RunTime:0.006850s ]
SQL: SELECT * FROM `products` WHERE (  enable=1 and state=1  ) ORDER BY  sorts desc  [ RunTime:0.000868s ]
SQL: SELECT * FROM `products` WHERE (  enable=1 and state=2  ) ORDER BY  sorts desc  [ RunTime:0.000599s ]
INFO: [ view_parse ] --START--
INFO: ParseTemplate Behavior ::run [ RunTime:0.045993s ]
INFO: [ view_parse ] --END-- [ RunTime:0.046112s ]
INFO: [ view_filter ] --START--
INFO: ContentReplace Behavior ::run [ RunTime:0.001587s ]
INFO: TokenBuild Behavior ::run [ RunTime:0.002491s ]
INFO: WriteHtmlCache Behavior ::run [ RunTime:0.001471s ]
INFO: ShowRuntime Behavior ::run [ RunTime:0.002680s ]
INFO: [ view_filter ] --END-- [ RunTime:0.008450s ]
INFO: [ view_end ] --START--
INFO: ShowPageTrace Behavior ::run [ RunTime:0.001946s ]
INFO: [ view_end ] --END-- [ RunTime:0.002027s ]

[ 2015-02-07 12:09:28 ] 144.76.247.45 /index.php/Index/productInfo?id=58
INFO: [ route_check ] --START--
INFO: CheckRoute Behavior ::run [ RunTime:0.003217s ]
INFO: [ route_check ] --END-- [ RunTime:0.003310s ]
INFO: [ app_begin ] --START--
INFO: ReadHtmlCache Behavior ::run [ RunTime:0.002678s ]
INFO: [ app_begin ] --END-- [ RunTime:0.002756s ]
SQL: SHOW COLUMNS FROM `contents` [ RunTime:0.006299s ]
SQL: SELECT * FROM `contents` WHERE (  enable=1 and cateid=4  ) LIMIT 1   [ RunTime:0.000267s ]
SQL: SELECT * FROM `contents` WHERE (  enable=1 and cateid=1  ) LIMIT 1   [ RunTime:0.000222s ]
SQL: SHOW COLUMNS FROM `visters` [ RunTime:0.008976s ]
SQL: INSERT INTO `visters` (`ctime`,`info`,`ip`,`page`) VALUES ('2015-02-07 12:09','德国  、WindowsEnglish系统、Chrome浏览器、','144.76.247.45','产品详情页面') [ RunTime:0.008267s ]
SQL: SHOW COLUMNS FROM `procate` [ RunTime:0.008842s ]
SQL: SHOW COLUMNS FROM `products` [ RunTime:0.006038s ]
NOTIC: [8] Undefined index:  procate D:\enkjhost\mayning1\web\home\Lib\Action\IndexAction.class.php 第 243 行.
NOTIC: [8] Undefined index:  procate2 D:\enkjhost\mayning1\web\home\Lib\Action\IndexAction.class.php 第 244 行.
SQL: SELECT * FROM `procate` WHERE ( id=%d ) LIMIT 1   [ RunTime:0.000155s ]
ERR: 1064:You have an error in your SQL syntax; check the manual that corresponds to your MySQL server version for the right syntax to use near '%d ) LIMIT 1' at line 1
 [ SQL语句 ] : SELECT * FROM `procate` WHERE ( id=%d ) LIMIT 1  
SQL: SELECT * FROM `procate` WHERE ( id=%d ) LIMIT 1   [ RunTime:0.000129s ]
ERR: 1064:You have an error in your SQL syntax; check the manual that corresponds to your MySQL server version for the right syntax to use near '%d ) LIMIT 1' at line 1
 [ SQL语句 ] : SELECT * FROM `procate` WHERE ( id=%d ) LIMIT 1  
SQL: SELECT * FROM `procate` WHERE (  enable =1 and pid=0  ) ORDER BY  sorts desc  [ RunTime:0.000408s ]
SQL: SELECT * FROM `products` WHERE (  id=58 ) LIMIT 1   [ RunTime:0.000251s ]
SQL: SELECT * FROM `procate` WHERE ( id=21 ) LIMIT 1   [ RunTime:0.000199s ]
SQL: SELECT * FROM `procate` WHERE ( id=0 ) LIMIT 1   [ RunTime:0.000191s ]
INFO: [ view_parse ] --START--
INFO: ParseTemplate Behavior ::run [ RunTime:0.046526s ]
INFO: [ view_parse ] --END-- [ RunTime:0.046640s ]
INFO: [ view_filter ] --START--
INFO: ContentReplace Behavior ::run [ RunTime:0.002970s ]
INFO: TokenBuild Behavior ::run [ RunTime:0.003061s ]
INFO: WriteHtmlCache Behavior ::run [ RunTime:0.001713s ]
INFO: ShowRuntime Behavior ::run [ RunTime:0.003091s ]
INFO: [ view_filter ] --END-- [ RunTime:0.011112s ]
INFO: [ view_end ] --START--
INFO: ShowPageTrace Behavior ::run [ RunTime:0.003577s ]
INFO: [ view_end ] --END-- [ RunTime:0.003681s ]

[ 2015-02-07 12:16:03 ] 61.135.190.220 /index.php
INFO: [ app_begin ] --START--
INFO: ReadHtmlCache Behavior ::run [ RunTime:0.002214s ]
INFO: [ app_begin ] --END-- [ RunTime:0.002325s ]
SQL: SHOW COLUMNS FROM `contents` [ RunTime:0.007065s ]
SQL: SELECT * FROM `contents` WHERE (  enable=1 and cateid=4  ) LIMIT 1   [ RunTime:0.000384s ]
SQL: SELECT * FROM `contents` WHERE (  enable=1 and cateid=1  ) LIMIT 1   [ RunTime:0.000297s ]
SQL: SHOW COLUMNS FROM `visters` [ RunTime:0.006692s ]
SQL: INSERT INTO `visters` (`ctime`,`info`,`ip`,`page`) VALUES ('2015-02-07 12:16','中国 北京 北京、Windows简体中文系统、Chrome浏览器、','61.135.190.220','系统首页') [ RunTime:0.008701s ]
SQL: SHOW COLUMNS FROM `products` [ RunTime:0.006614s ]
SQL: SELECT * FROM `products` WHERE (  enable=1 and state=1  ) ORDER BY  sorts desc  [ RunTime:0.000899s ]
SQL: SELECT * FROM `products` WHERE (  enable=1 and state=2  ) ORDER BY  sorts desc  [ RunTime:0.000568s ]
INFO: [ view_parse ] --START--
INFO: ParseTemplate Behavior ::run [ RunTime:0.036227s ]
INFO: [ view_parse ] --END-- [ RunTime:0.036357s ]
INFO: [ view_filter ] --START--
INFO: ContentReplace Behavior ::run [ RunTime:0.001964s ]
INFO: TokenBuild Behavior ::run [ RunTime:0.003003s ]
INFO: WriteHtmlCache Behavior ::run [ RunTime:0.001833s ]
INFO: ShowRuntime Behavior ::run [ RunTime:0.002095s ]
INFO: [ view_filter ] --END-- [ RunTime:0.009154s ]
INFO: [ view_end ] --START--
INFO: ShowPageTrace Behavior ::run [ RunTime:0.002345s ]
INFO: [ view_end ] --END-- [ RunTime:0.002442s ]

[ 2015-02-07 14:47:53 ] 66.249.69.176 /index.php
INFO: [ app_begin ] --START--
INFO: ReadHtmlCache Behavior ::run [ RunTime:0.003567s ]
INFO: [ app_begin ] --END-- [ RunTime:0.003685s ]
SQL: SHOW COLUMNS FROM `contents` [ RunTime:0.009131s ]
SQL: SELECT * FROM `contents` WHERE (  enable=1 and cateid=4  ) LIMIT 1   [ RunTime:0.000379s ]
SQL: SELECT * FROM `contents` WHERE (  enable=1 and cateid=1  ) LIMIT 1   [ RunTime:0.000296s ]
NOTIC: [8] Undefined index:  HTTP_ACCEPT_LANGUAGE D:\enkjhost\mayning1\web\home\Lib\Action\UtilAction.class.php 第 96 行.
SQL: SHOW COLUMNS FROM `visters` [ RunTime:0.008878s ]
SQL: INSERT INTO `visters` (`ctime`,`info`,`ip`,`page`) VALUES ('2015-02-07 14:47','美国 加利福尼亚 Mountain View、OtherEnglish系统、Other浏览器、','66.249.69.176','系统首页') [ RunTime:0.013371s ]
SQL: SHOW COLUMNS FROM `products` [ RunTime:0.009278s ]
SQL: SELECT * FROM `products` WHERE (  enable=1 and state=1  ) ORDER BY  sorts desc  [ RunTime:0.000869s ]
SQL: SELECT * FROM `products` WHERE (  enable=1 and state=2  ) ORDER BY  sorts desc  [ RunTime:0.000593s ]
INFO: [ view_parse ] --START--
INFO: ParseTemplate Behavior ::run [ RunTime:0.041551s ]
INFO: [ view_parse ] --END-- [ RunTime:0.041682s ]
INFO: [ view_filter ] --START--
INFO: ContentReplace Behavior ::run [ RunTime:0.003073s ]
INFO: TokenBuild Behavior ::run [ RunTime:0.003095s ]
INFO: WriteHtmlCache Behavior ::run [ RunTime:0.002806s ]
INFO: ShowRuntime Behavior ::run [ RunTime:0.003335s ]
INFO: [ view_filter ] --END-- [ RunTime:0.012582s ]
INFO: [ view_end ] --START--
INFO: ShowPageTrace Behavior ::run [ RunTime:0.003758s ]
INFO: [ view_end ] --END-- [ RunTime:0.003859s ]

[ 2015-02-07 16:35:40 ] 220.181.108.79 /index.php/Index/productInfo?id=30
INFO: [ route_check ] --START--
INFO: CheckRoute Behavior ::run [ RunTime:0.003014s ]
INFO: [ route_check ] --END-- [ RunTime:0.003096s ]
INFO: [ app_begin ] --START--
INFO: ReadHtmlCache Behavior ::run [ RunTime:0.001615s ]
INFO: [ app_begin ] --END-- [ RunTime:0.001681s ]
SQL: SHOW COLUMNS FROM `contents` [ RunTime:0.006071s ]
SQL: SELECT * FROM `contents` WHERE (  enable=1 and cateid=4  ) LIMIT 1   [ RunTime:0.000279s ]
SQL: SELECT * FROM `contents` WHERE (  enable=1 and cateid=1  ) LIMIT 1   [ RunTime:0.000217s ]
SQL: SHOW COLUMNS FROM `visters` [ RunTime:0.008168s ]
SQL: INSERT INTO `visters` (`ctime`,`info`,`ip`,`page`) VALUES ('2015-02-07 16:35','中国 北京 北京、Other简体中文系统、Other浏览器、','220.181.108.79','产品详情页面') [ RunTime:0.010179s ]
SQL: SHOW COLUMNS FROM `procate` [ RunTime:0.007937s ]
SQL: SHOW COLUMNS FROM `products` [ RunTime:0.008132s ]
NOTIC: [8] Undefined index:  procate D:\enkjhost\mayning1\web\home\Lib\Action\IndexAction.class.php 第 243 行.
NOTIC: [8] Undefined index:  procate2 D:\enkjhost\mayning1\web\home\Lib\Action\IndexAction.class.php 第 244 行.
SQL: SELECT * FROM `procate` WHERE ( id=%d ) LIMIT 1   [ RunTime:0.000212s ]
ERR: 1064:You have an error in your SQL syntax; check the manual that corresponds to your MySQL server version for the right syntax to use near '%d ) LIMIT 1' at line 1
 [ SQL语句 ] : SELECT * FROM `procate` WHERE ( id=%d ) LIMIT 1  
SQL: SELECT * FROM `procate` WHERE ( id=%d ) LIMIT 1   [ RunTime:0.000208s ]
ERR: 1064:You have an error in your SQL syntax; check the manual that corresponds to your MySQL server version for the right syntax to use near '%d ) LIMIT 1' at line 1
 [ SQL语句 ] : SELECT * FROM `procate` WHERE ( id=%d ) LIMIT 1  
SQL: SELECT * FROM `procate` WHERE (  enable =1 and pid=0  ) ORDER BY  sorts desc  [ RunTime:0.000549s ]
SQL: SELECT * FROM `products` WHERE (  id=30 ) LIMIT 1   [ RunTime:0.000373s ]
SQL: SELECT * FROM `procate` WHERE ( id=26 ) LIMIT 1   [ RunTime:0.000299s ]
SQL: SELECT * FROM `procate` WHERE ( id=0 ) LIMIT 1   [ RunTime:0.000285s ]
INFO: [ view_parse ] --START--
INFO: ParseTemplate Behavior ::run [ RunTime:0.038364s ]
INFO: [ view_parse ] --END-- [ RunTime:0.038474s ]
INFO: [ view_filter ] --START--
INFO: ContentReplace Behavior ::run [ RunTime:0.002664s ]
INFO: TokenBuild Behavior ::run [ RunTime:0.002754s ]
INFO: WriteHtmlCache Behavior ::run [ RunTime:0.002343s ]
INFO: ShowRuntime Behavior ::run [ RunTime:0.001926s ]
INFO: [ view_filter ] --END-- [ RunTime:0.009910s ]
INFO: [ view_end ] --START--
INFO: ShowPageTrace Behavior ::run [ RunTime:0.002157s ]
INFO: [ view_end ] --END-- [ RunTime:0.002239s ]

[ 2015-02-07 16:41:59 ] 180.76.5.169 /index.php
INFO: [ app_begin ] --START--
INFO: ReadHtmlCache Behavior ::run [ RunTime:0.002094s ]
INFO: [ app_begin ] --END-- [ RunTime:0.002204s ]
SQL: SHOW COLUMNS FROM `contents` [ RunTime:0.004953s ]
SQL: SELECT * FROM `contents` WHERE (  enable=1 and cateid=4  ) LIMIT 1   [ RunTime:0.000282s ]
SQL: SELECT * FROM `contents` WHERE (  enable=1 and cateid=1  ) LIMIT 1   [ RunTime:0.000199s ]
SQL: SHOW COLUMNS FROM `visters` [ RunTime:0.006316s ]
SQL: INSERT INTO `visters` (`ctime`,`info`,`ip`,`page`) VALUES ('2015-02-07 16:41','中国 北京 北京、OtherEnglish系统、Other浏览器、','180.76.5.169','系统首页') [ RunTime:0.008790s ]
SQL: SHOW COLUMNS FROM `products` [ RunTime:0.006423s ]
SQL: SELECT * FROM `products` WHERE (  enable=1 and state=1  ) ORDER BY  sorts desc  [ RunTime:0.000865s ]
SQL: SELECT * FROM `products` WHERE (  enable=1 and state=2  ) ORDER BY  sorts desc  [ RunTime:0.000555s ]
INFO: [ view_parse ] --START--
INFO: ParseTemplate Behavior ::run [ RunTime:0.034100s ]
INFO: [ view_parse ] --END-- [ RunTime:0.034252s ]
INFO: [ view_filter ] --START--
INFO: ContentReplace Behavior ::run [ RunTime:0.002019s ]
INFO: TokenBuild Behavior ::run [ RunTime:0.002774s ]
INFO: WriteHtmlCache Behavior ::run [ RunTime:0.001657s ]
INFO: ShowRuntime Behavior ::run [ RunTime:0.001942s ]
INFO: [ view_filter ] --END-- [ RunTime:0.008665s ]
INFO: [ view_end ] --START--
INFO: ShowPageTrace Behavior ::run [ RunTime:0.002176s ]
INFO: [ view_end ] --END-- [ RunTime:0.002266s ]

[ 2015-02-07 16:55:46 ] 68.180.228.48 /index.php
INFO: [ app_begin ] --START--
INFO: ReadHtmlCache Behavior ::run [ RunTime:0.002326s ]
INFO: [ app_begin ] --END-- [ RunTime:0.002437s ]
SQL: SHOW COLUMNS FROM `contents` [ RunTime:0.006235s ]
SQL: SELECT * FROM `contents` WHERE (  enable=1 and cateid=4  ) LIMIT 1   [ RunTime:0.000312s ]
SQL: SELECT * FROM `contents` WHERE (  enable=1 and cateid=1  ) LIMIT 1   [ RunTime:0.000247s ]
NOTIC: [8] Undefined index:  HTTP_ACCEPT_LANGUAGE D:\enkjhost\mayning1\web\home\Lib\Action\UtilAction.class.php 第 96 行.
SQL: SHOW COLUMNS FROM `visters` [ RunTime:0.008822s ]
SQL: INSERT INTO `visters` (`ctime`,`info`,`ip`,`page`) VALUES ('2015-02-07 16:55','美国 加利福尼亚 Sunnyvale、OtherEnglish系统、Other浏览器、','68.180.228.48','系统首页') [ RunTime:0.184030s ]
SQL: SHOW COLUMNS FROM `products` [ RunTime:0.010062s ]
SQL: SELECT * FROM `products` WHERE (  enable=1 and state=1  ) ORDER BY  sorts desc  [ RunTime:0.000913s ]
SQL: SELECT * FROM `products` WHERE (  enable=1 and state=2  ) ORDER BY  sorts desc  [ RunTime:0.000575s ]
INFO: [ view_parse ] --START--
INFO: ParseTemplate Behavior ::run [ RunTime:0.029422s ]
INFO: [ view_parse ] --END-- [ RunTime:0.029547s ]
INFO: [ view_filter ] --START--
INFO: ContentReplace Behavior ::run [ RunTime:0.001571s ]
INFO: TokenBuild Behavior ::run [ RunTime:0.002411s ]
INFO: WriteHtmlCache Behavior ::run [ RunTime:0.001443s ]
INFO: ShowRuntime Behavior ::run [ RunTime:0.001639s ]
INFO: [ view_filter ] --END-- [ RunTime:0.007261s ]
INFO: [ view_end ] --START--
INFO: ShowPageTrace Behavior ::run [ RunTime:0.002916s ]
INFO: [ view_end ] --END-- [ RunTime:0.002992s ]

[ 2015-02-07 17:54:09 ] 182.118.20.168 /index.php
INFO: [ app_begin ] --START--
INFO: ReadHtmlCache Behavior ::run [ RunTime:0.003517s ]
INFO: [ app_begin ] --END-- [ RunTime:0.003631s ]
SQL: SHOW COLUMNS FROM `contents` [ RunTime:0.008236s ]
SQL: SELECT * FROM `contents` WHERE (  enable=1 and cateid=4  ) LIMIT 1   [ RunTime:0.000390s ]
SQL: SELECT * FROM `contents` WHERE (  enable=1 and cateid=1  ) LIMIT 1   [ RunTime:0.000286s ]
SQL: SHOW COLUMNS FROM `visters` [ RunTime:0.008496s ]
SQL: INSERT INTO `visters` (`ctime`,`info`,`ip`,`page`) VALUES ('2015-02-07 17:54','中国 河南 郑州、Windows简体中文系统、MSIE浏览器、','182.118.20.168','系统首页') [ RunTime:0.008099s ]
SQL: SHOW COLUMNS FROM `products` [ RunTime:0.008340s ]
SQL: SELECT * FROM `products` WHERE (  enable=1 and state=1  ) ORDER BY  sorts desc  [ RunTime:0.000891s ]
SQL: SELECT * FROM `products` WHERE (  enable=1 and state=2  ) ORDER BY  sorts desc  [ RunTime:0.000607s ]
INFO: [ view_parse ] --START--
INFO: ParseTemplate Behavior ::run [ RunTime:0.040078s ]
INFO: [ view_parse ] --END-- [ RunTime:0.040211s ]
INFO: [ view_filter ] --START--
INFO: ContentReplace Behavior ::run [ RunTime:0.002959s ]
INFO: TokenBuild Behavior ::run [ RunTime:0.002929s ]
INFO: WriteHtmlCache Behavior ::run [ RunTime:0.002621s ]
INFO: ShowRuntime Behavior ::run [ RunTime:0.003144s ]
INFO: [ view_filter ] --END-- [ RunTime:0.011903s ]
INFO: [ view_end ] --START--
INFO: ShowPageTrace Behavior ::run [ RunTime:0.003561s ]
INFO: [ view_end ] --END-- [ RunTime:0.003657s ]

[ 2015-02-07 17:55:45 ] 182.118.21.249 /index.php/Index/index
INFO: [ route_check ] --START--
INFO: CheckRoute Behavior ::run [ RunTime:0.003387s ]
INFO: [ route_check ] --END-- [ RunTime:0.003477s ]
INFO: [ app_begin ] --START--
INFO: ReadHtmlCache Behavior ::run [ RunTime:0.001701s ]
INFO: [ app_begin ] --END-- [ RunTime:0.001773s ]
SQL: SHOW COLUMNS FROM `contents` [ RunTime:0.005512s ]
SQL: SELECT * FROM `contents` WHERE (  enable=1 and cateid=4  ) LIMIT 1   [ RunTime:0.000340s ]
SQL: SELECT * FROM `contents` WHERE (  enable=1 and cateid=1  ) LIMIT 1   [ RunTime:0.000238s ]
SQL: SHOW COLUMNS FROM `visters` [ RunTime:0.007371s ]
SQL: INSERT INTO `visters` (`ctime`,`info`,`ip`,`page`) VALUES ('2015-02-07 17:55','中国 河南 郑州、Windows简体中文系统、MSIE浏览器、','182.118.21.249','系统首页') [ RunTime:0.009736s ]
SQL: SHOW COLUMNS FROM `products` [ RunTime:0.006962s ]
SQL: SELECT * FROM `products` WHERE (  enable=1 and state=1  ) ORDER BY  sorts desc  [ RunTime:0.000880s ]
SQL: SELECT * FROM `products` WHERE (  enable=1 and state=2  ) ORDER BY  sorts desc  [ RunTime:0.000559s ]
INFO: [ view_parse ] --START--
INFO: ParseTemplate Behavior ::run [ RunTime:0.025576s ]
INFO: [ view_parse ] --END-- [ RunTime:0.025671s ]
INFO: [ view_filter ] --START--
INFO: ContentReplace Behavior ::run [ RunTime:0.001502s ]
INFO: TokenBuild Behavior ::run [ RunTime:0.002308s ]
INFO: WriteHtmlCache Behavior ::run [ RunTime:0.001383s ]
INFO: ShowRuntime Behavior ::run [ RunTime:0.002499s ]
INFO: [ view_filter ] --END-- [ RunTime:0.007885s ]
INFO: [ view_end ] --START--
INFO: ShowPageTrace Behavior ::run [ RunTime:0.001846s ]
INFO: [ view_end ] --END-- [ RunTime:0.001916s ]

[ 2015-02-07 17:58:24 ] 101.226.169.219 /index.php/Index/product?procate&procate2=37
INFO: [ route_check ] --START--
INFO: CheckRoute Behavior ::run [ RunTime:0.002047s ]
INFO: [ route_check ] --END-- [ RunTime:0.002132s ]
INFO: [ app_begin ] --START--
INFO: ReadHtmlCache Behavior ::run [ RunTime:0.001681s ]
INFO: [ app_begin ] --END-- [ RunTime:0.001755s ]
SQL: SHOW COLUMNS FROM `contents` [ RunTime:0.006749s ]
SQL: SELECT * FROM `contents` WHERE (  enable=1 and cateid=4  ) LIMIT 1   [ RunTime:0.000387s ]
SQL: SELECT * FROM `contents` WHERE (  enable=1 and cateid=1  ) LIMIT 1   [ RunTime:0.000299s ]
SQL: SHOW COLUMNS FROM `visters` [ RunTime:0.006836s ]
SQL: INSERT INTO `visters` (`ctime`,`info`,`ip`,`page`) VALUES ('2015-02-07 17:58','中国 上海 上海、Windows简体中文系统、Chrome浏览器、','101.226.169.219','产品页面') [ RunTime:0.009009s ]
SQL: SHOW COLUMNS FROM `procate` [ RunTime:0.007957s ]
SQL: SHOW COLUMNS FROM `products` [ RunTime:0.006608s ]
SQL: SELECT * FROM `procate` WHERE ( id=0 ) LIMIT 1   [ RunTime:0.000356s ]
SQL: SELECT * FROM `procate` WHERE ( id=37 ) LIMIT 1   [ RunTime:0.000364s ]
SQL: select count(*) as count from products a left join procate b on a.proid = b.id where 1=1 and a.enable=1 and b.enable=1  [ RunTime:0.000663s ]
SQL: select a.id,a.title,a.info,a.imgs,a.ctime from products a left join procate b on a.proid = b.id where 1=1 and a.enable=1 and b.enable=1  order by a.sorts desc limit 0,9 [ RunTime:0.000651s ]
SQL: SELECT * FROM `procate` WHERE (  enable =1 and pid=0   ) ORDER BY  sorts desc  [ RunTime:0.000526s ]
NOTIC: [8] Undefined variable: cate2List D:\enkjhost\mayning1\web\home\Lib\Action\IndexAction.class.php 第 220 行.
INFO: [ view_parse ] --START--
INFO: ParseTemplate Behavior ::run [ RunTime:0.029725s ]
INFO: [ view_parse ] --END-- [ RunTime:0.029825s ]
INFO: [ view_filter ] --START--
INFO: ContentReplace Behavior ::run [ RunTime:0.001670s ]
INFO: TokenBuild Behavior ::run [ RunTime:0.002594s ]
INFO: WriteHtmlCache Behavior ::run [ RunTime:0.001512s ]
INFO: ShowRuntime Behavior ::run [ RunTime:0.002751s ]
INFO: [ view_filter ] --END-- [ RunTime:0.008748s ]
INFO: [ view_end ] --START--
INFO: ShowPageTrace Behavior ::run [ RunTime:0.002082s ]
INFO: [ view_end ] --END-- [ RunTime:0.002161s ]

[ 2015-02-07 18:43:38 ] 123.125.71.114 /index.php
INFO: [ app_begin ] --START--
INFO: ReadHtmlCache Behavior ::run [ RunTime:0.002624s ]
INFO: [ app_begin ] --END-- [ RunTime:0.002712s ]
SQL: SHOW COLUMNS FROM `contents` [ RunTime:0.007281s ]
SQL: SELECT * FROM `contents` WHERE (  enable=1 and cateid=4  ) LIMIT 1   [ RunTime:0.000385s ]
SQL: SELECT * FROM `contents` WHERE (  enable=1 and cateid=1  ) LIMIT 1   [ RunTime:0.000300s ]
SQL: SHOW COLUMNS FROM `visters` [ RunTime:0.007237s ]
SQL: INSERT INTO `visters` (`ctime`,`info`,`ip`,`page`) VALUES ('2015-02-07 18:43','中国 北京 北京、Other简体中文系统、Other浏览器、','123.125.71.114','系统首页') [ RunTime:0.011448s ]
SQL: SHOW COLUMNS FROM `products` [ RunTime:0.007253s ]
SQL: SELECT * FROM `products` WHERE (  enable=1 and state=1  ) ORDER BY  sorts desc  [ RunTime:0.000878s ]
SQL: SELECT * FROM `products` WHERE (  enable=1 and state=2  ) ORDER BY  sorts desc  [ RunTime:0.000671s ]
INFO: [ view_parse ] --START--
INFO: ParseTemplate Behavior ::run [ RunTime:0.035655s ]
INFO: [ view_parse ] --END-- [ RunTime:0.035784s ]
INFO: [ view_filter ] --START--
INFO: ContentReplace Behavior ::run [ RunTime:0.002851s ]
INFO: TokenBuild Behavior ::run [ RunTime:0.002868s ]
INFO: WriteHtmlCache Behavior ::run [ RunTime:0.001690s ]
INFO: ShowRuntime Behavior ::run [ RunTime:0.001939s ]
INFO: [ view_filter ] --END-- [ RunTime:0.009603s ]
INFO: [ view_end ] --START--
INFO: ShowPageTrace Behavior ::run [ RunTime:0.003470s ]
INFO: [ view_end ] --END-- [ RunTime:0.003567s ]

[ 2015-02-07 18:50:00 ] 5.255.253.87 /index.php/Index/product?procate=10
INFO: [ route_check ] --START--
INFO: CheckRoute Behavior ::run [ RunTime:0.004226s ]
INFO: [ route_check ] --END-- [ RunTime:0.004339s ]
INFO: [ app_begin ] --START--
INFO: ReadHtmlCache Behavior ::run [ RunTime:0.002247s ]
INFO: [ app_begin ] --END-- [ RunTime:0.002344s ]
SQL: SHOW COLUMNS FROM `contents` [ RunTime:0.005756s ]
SQL: SELECT * FROM `contents` WHERE (  enable=1 and cateid=4  ) LIMIT 1   [ RunTime:0.000340s ]
SQL: SELECT * FROM `contents` WHERE (  enable=1 and cateid=1  ) LIMIT 1   [ RunTime:0.000255s ]
SQL: SHOW COLUMNS FROM `visters` [ RunTime:0.006897s ]
SQL: INSERT INTO `visters` (`ctime`,`info`,`ip`,`page`) VALUES ('2015-02-07 18:50','俄罗斯  、OtherEnglish系统、Other浏览器、','5.255.253.87','产品页面') [ RunTime:0.010146s ]
SQL: SHOW COLUMNS FROM `procate` [ RunTime:0.008003s ]
SQL: SHOW COLUMNS FROM `products` [ RunTime:0.006431s ]
NOTIC: [8] Undefined index:  procate2 D:\enkjhost\mayning1\web\home\Lib\Action\IndexAction.class.php 第 176 行.
SQL: SELECT * FROM `procate` WHERE ( id=10 ) LIMIT 1   [ RunTime:0.000313s ]
SQL: SELECT * FROM `procate` WHERE ( id=%d ) LIMIT 1   [ RunTime:0.000175s ]
ERR: 1064:You have an error in your SQL syntax; check the manual that corresponds to your MySQL server version for the right syntax to use near '%d ) LIMIT 1' at line 1
 [ SQL语句 ] : SELECT * FROM `procate` WHERE ( id=%d ) LIMIT 1  
SQL: SELECT * FROM `procate` WHERE ( pid=10 )  [ RunTime:0.000307s ]
SQL: select count(*) as count from products a left join procate b on a.proid = b.id where 1=1 and a.enable=1 and b.enable=1  and ( b.pid=10 or b.id=10) [ RunTime:0.000586s ]
SQL: select a.id,a.title,a.info,a.imgs,a.ctime from products a left join procate b on a.proid = b.id where 1=1 and a.enable=1 and b.enable=1  and ( b.pid=10 or b.id=10) order by a.sorts desc limit 0,9 [ RunTime:0.001043s ]
SQL: SELECT * FROM `procate` WHERE (  enable =1 and pid=0   ) ORDER BY  sorts desc  [ RunTime:0.000426s ]
INFO: [ view_parse ] --START--
INFO: ParseTemplate Behavior ::run [ RunTime:0.033299s ]
INFO: [ view_parse ] --END-- [ RunTime:0.033398s ]
INFO: [ view_filter ] --START--
INFO: ContentReplace Behavior ::run [ RunTime:0.001500s ]
INFO: TokenBuild Behavior ::run [ RunTime:0.002374s ]
INFO: WriteHtmlCache Behavior ::run [ RunTime:0.001368s ]
INFO: ShowRuntime Behavior ::run [ RunTime:0.002512s ]
INFO: [ view_filter ] --END-- [ RunTime:0.007950s ]
INFO: [ view_end ] --START--
INFO: ShowPageTrace Behavior ::run [ RunTime:0.001834s ]
INFO: [ view_end ] --END-- [ RunTime:0.001906s ]

[ 2015-02-07 19:24:06 ] 66.249.69.176 /index.php
INFO: [ app_begin ] --START--
INFO: ReadHtmlCache Behavior ::run [ RunTime:0.002250s ]
INFO: [ app_begin ] --END-- [ RunTime:0.002362s ]
SQL: SHOW COLUMNS FROM `contents` [ RunTime:0.006994s ]
SQL: SELECT * FROM `contents` WHERE (  enable=1 and cateid=4  ) LIMIT 1   [ RunTime:0.000311s ]
SQL: SELECT * FROM `contents` WHERE (  enable=1 and cateid=1  ) LIMIT 1   [ RunTime:0.000243s ]
NOTIC: [8] Undefined index:  HTTP_ACCEPT_LANGUAGE D:\enkjhost\mayning1\web\home\Lib\Action\UtilAction.class.php 第 96 行.
SQL: SHOW COLUMNS FROM `visters` [ RunTime:0.008767s ]
SQL: INSERT INTO `visters` (`ctime`,`info`,`ip`,`page`) VALUES ('2015-02-07 19:24','美国 加利福尼亚 Mountain View、OtherEnglish系统、Other浏览器、','66.249.69.176','系统首页') [ RunTime:0.008386s ]
SQL: SHOW COLUMNS FROM `products` [ RunTime:0.007672s ]
SQL: SELECT * FROM `products` WHERE (  enable=1 and state=1  ) ORDER BY  sorts desc  [ RunTime:0.000879s ]
SQL: SELECT * FROM `products` WHERE (  enable=1 and state=2  ) ORDER BY  sorts desc  [ RunTime:0.000570s ]
INFO: [ view_parse ] --START--
INFO: ParseTemplate Behavior ::run [ RunTime:0.037593s ]
INFO: [ view_parse ] --END-- [ RunTime:0.037719s ]
INFO: [ view_filter ] --START--
INFO: ContentReplace Behavior ::run [ RunTime:0.001959s ]
INFO: TokenBuild Behavior ::run [ RunTime:0.002946s ]
INFO: WriteHtmlCache Behavior ::run [ RunTime:0.001809s ]
INFO: ShowRuntime Behavior ::run [ RunTime:0.003175s ]
INFO: [ view_filter ] --END-- [ RunTime:0.010146s ]
INFO: [ view_end ] --START--
INFO: ShowPageTrace Behavior ::run [ RunTime:0.003646s ]
INFO: [ view_end ] --END-- [ RunTime:0.003742s ]

[ 2015-02-07 19:41:16 ] 106.66.89.93 /index.php
INFO: [ app_begin ] --START--
INFO: ReadHtmlCache Behavior ::run [ RunTime:0.003248s ]
INFO: [ app_begin ] --END-- [ RunTime:0.003360s ]
SQL: SHOW COLUMNS FROM `contents` [ RunTime:0.006354s ]
SQL: SELECT * FROM `contents` WHERE (  enable=1 and cateid=4  ) LIMIT 1   [ RunTime:0.000367s ]
SQL: SELECT * FROM `contents` WHERE (  enable=1 and cateid=1  ) LIMIT 1   [ RunTime:0.000295s ]
SQL: SHOW COLUMNS FROM `visters` [ RunTime:0.006537s ]
SQL: INSERT INTO `visters` (`ctime`,`info`,`ip`,`page`) VALUES ('2015-02-07 19:41','印度  、LinuxEnglish系统、Chrome浏览器、','106.66.89.93','系统首页') [ RunTime:0.011563s ]
SQL: SHOW COLUMNS FROM `products` [ RunTime:0.006399s ]
SQL: SELECT * FROM `products` WHERE (  enable=1 and state=1  ) ORDER BY  sorts desc  [ RunTime:0.000925s ]
SQL: SELECT * FROM `products` WHERE (  enable=1 and state=2  ) ORDER BY  sorts desc  [ RunTime:0.000552s ]
INFO: [ view_parse ] --START--
INFO: ParseTemplate Behavior ::run [ RunTime:0.030760s ]
INFO: [ view_parse ] --END-- [ RunTime:0.030887s ]
INFO: [ view_filter ] --START--
INFO: ContentReplace Behavior ::run [ RunTime:0.001754s ]
INFO: TokenBuild Behavior ::run [ RunTime:0.002643s ]
INFO: WriteHtmlCache Behavior ::run [ RunTime:0.001522s ]
INFO: ShowRuntime Behavior ::run [ RunTime:0.002892s ]
INFO: [ view_filter ] --END-- [ RunTime:0.009059s ]
INFO: [ view_end ] --START--
INFO: ShowPageTrace Behavior ::run [ RunTime:0.002129s ]
INFO: [ view_end ] --END-- [ RunTime:0.002223s ]

[ 2015-02-07 19:42:14 ] 106.66.89.93 /index.php/Index/productInfo?id=58
INFO: [ route_check ] --START--
INFO: CheckRoute Behavior ::run [ RunTime:0.004124s ]
INFO: [ route_check ] --END-- [ RunTime:0.004237s ]
INFO: [ app_begin ] --START--
INFO: ReadHtmlCache Behavior ::run [ RunTime:0.002156s ]
INFO: [ app_begin ] --END-- [ RunTime:0.002255s ]
SQL: SHOW COLUMNS FROM `contents` [ RunTime:0.005248s ]
SQL: SELECT * FROM `contents` WHERE (  enable=1 and cateid=4  ) LIMIT 1   [ RunTime:0.000325s ]
SQL: SELECT * FROM `contents` WHERE (  enable=1 and cateid=1  ) LIMIT 1   [ RunTime:0.000239s ]
SQL: SHOW COLUMNS FROM `visters` [ RunTime:0.007048s ]
SQL: INSERT INTO `visters` (`ctime`,`info`,`ip`,`page`) VALUES ('2015-02-07 19:42','印度  、LinuxEnglish系统、Chrome浏览器、','106.66.89.93','产品详情页面') [ RunTime:0.010926s ]
SQL: SHOW COLUMNS FROM `procate` [ RunTime:0.005775s ]
SQL: SHOW COLUMNS FROM `products` [ RunTime:0.006187s ]
NOTIC: [8] Undefined index:  procate D:\enkjhost\mayning1\web\home\Lib\Action\IndexAction.class.php 第 243 行.
NOTIC: [8] Undefined index:  procate2 D:\enkjhost\mayning1\web\home\Lib\Action\IndexAction.class.php 第 244 行.
SQL: SELECT * FROM `procate` WHERE ( id=%d ) LIMIT 1   [ RunTime:0.000222s ]
ERR: 1064:You have an error in your SQL syntax; check the manual that corresponds to your MySQL server version for the right syntax to use near '%d ) LIMIT 1' at line 1
 [ SQL语句 ] : SELECT * FROM `procate` WHERE ( id=%d ) LIMIT 1  
SQL: SELECT * FROM `procate` WHERE ( id=%d ) LIMIT 1   [ RunTime:0.000241s ]
ERR: 1064:You have an error in your SQL syntax; check the manual that corresponds to your MySQL server version for the right syntax to use near '%d ) LIMIT 1' at line 1
 [ SQL语句 ] : SELECT * FROM `procate` WHERE ( id=%d ) LIMIT 1  
SQL: SELECT * FROM `procate` WHERE (  enable =1 and pid=0  ) ORDER BY  sorts desc  [ RunTime:0.000539s ]
SQL: SELECT * FROM `products` WHERE (  id=58 ) LIMIT 1   [ RunTime:0.000361s ]
SQL: SELECT * FROM `procate` WHERE ( id=21 ) LIMIT 1   [ RunTime:0.000307s ]
SQL: SELECT * FROM `procate` WHERE ( id=0 ) LIMIT 1   [ RunTime:0.000299s ]
INFO: [ view_parse ] --START--
INFO: ParseTemplate Behavior ::run [ RunTime:0.024060s ]
INFO: [ view_parse ] --END-- [ RunTime:0.024161s ]
INFO: [ view_filter ] --START--
INFO: ContentReplace Behavior ::run [ RunTime:0.001627s ]
INFO: TokenBuild Behavior ::run [ RunTime:0.002289s ]
INFO: WriteHtmlCache Behavior ::run [ RunTime:0.002113s ]
INFO: ShowRuntime Behavior ::run [ RunTime:0.001795s ]
INFO: [ view_filter ] --END-- [ RunTime:0.008051s ]
INFO: [ view_end ] --START--
INFO: ShowPageTrace Behavior ::run [ RunTime:0.002121s ]
INFO: [ view_end ] --END-- [ RunTime:0.002216s ]

[ 2015-02-07 19:48:48 ] 207.46.13.64 /index.php
INFO: [ app_begin ] --START--
INFO: ReadHtmlCache Behavior ::run [ RunTime:0.000894s ]
INFO: [ app_begin ] --END-- [ RunTime:0.000944s ]
SQL: SHOW COLUMNS FROM `contents` [ RunTime:0.004571s ]
SQL: SELECT * FROM `contents` WHERE (  enable=1 and cateid=4  ) LIMIT 1   [ RunTime:0.000266s ]
SQL: SELECT * FROM `contents` WHERE (  enable=1 and cateid=1  ) LIMIT 1   [ RunTime:0.000194s ]
NOTIC: [8] Undefined index:  HTTP_ACCEPT_LANGUAGE D:\enkjhost\mayning1\web\home\Lib\Action\UtilAction.class.php 第 96 行.
SQL: SHOW COLUMNS FROM `visters` [ RunTime:0.006959s ]
SQL: INSERT INTO `visters` (`ctime`,`info`,`ip`,`page`) VALUES ('2015-02-07 19:48','美国 华盛顿州 Redmond、OtherEnglish系统、Other浏览器、','207.46.13.64','系统首页') [ RunTime:0.011423s ]
SQL: SHOW COLUMNS FROM `products` [ RunTime:0.006430s ]
SQL: SELECT * FROM `products` WHERE (  enable=1 and state=1  ) ORDER BY  sorts desc  [ RunTime:0.000973s ]
SQL: SELECT * FROM `products` WHERE (  enable=1 and state=2  ) ORDER BY  sorts desc  [ RunTime:0.000592s ]
INFO: [ view_parse ] --START--
INFO: ParseTemplate Behavior ::run [ RunTime:0.028411s ]
INFO: [ view_parse ] --END-- [ RunTime:0.028536s ]
INFO: [ view_filter ] --START--
INFO: ContentReplace Behavior ::run [ RunTime:0.001898s ]
INFO: TokenBuild Behavior ::run [ RunTime:0.002875s ]
INFO: WriteHtmlCache Behavior ::run [ RunTime:0.001661s ]
INFO: ShowRuntime Behavior ::run [ RunTime:0.001984s ]
INFO: [ view_filter ] --END-- [ RunTime:0.008670s ]
INFO: [ view_end ] --START--
INFO: ShowPageTrace Behavior ::run [ RunTime:0.002292s ]
INFO: [ view_end ] --END-- [ RunTime:0.002386s ]

[ 2015-02-07 21:42:40 ] 61.135.189.171 /index.php/Index/productInfo?id=31
INFO: [ route_check ] --START--
INFO: CheckRoute Behavior ::run [ RunTime:0.001189s ]
INFO: [ route_check ] --END-- [ RunTime:0.001244s ]
INFO: [ app_begin ] --START--
INFO: ReadHtmlCache Behavior ::run [ RunTime:0.001622s ]
INFO: [ app_begin ] --END-- [ RunTime:0.001675s ]
SQL: SHOW COLUMNS FROM `contents` [ RunTime:0.003637s ]
SQL: SELECT * FROM `contents` WHERE (  enable=1 and cateid=4  ) LIMIT 1   [ RunTime:0.000222s ]
SQL: SELECT * FROM `contents` WHERE (  enable=1 and cateid=1  ) LIMIT 1   [ RunTime:0.000152s ]
SQL: SHOW COLUMNS FROM `visters` [ RunTime:0.003245s ]
SQL: INSERT INTO `visters` (`ctime`,`info`,`ip`,`page`) VALUES ('2015-02-07 21:42','中国 北京 北京、Other简体中文系统、Other浏览器、','61.135.189.171','产品详情页面') [ RunTime:0.009629s ]
SQL: SHOW COLUMNS FROM `procate` [ RunTime:0.003641s ]
SQL: SHOW COLUMNS FROM `products` [ RunTime:0.002641s ]
NOTIC: [8] Undefined index:  procate D:\enkjhost\mayning1\web\home\Lib\Action\IndexAction.class.php 第 243 行.
NOTIC: [8] Undefined index:  procate2 D:\enkjhost\mayning1\web\home\Lib\Action\IndexAction.class.php 第 244 行.
SQL: SELECT * FROM `procate` WHERE ( id=%d ) LIMIT 1   [ RunTime:0.000074s ]
ERR: 1064:You have an error in your SQL syntax; check the manual that corresponds to your MySQL server version for the right syntax to use near '%d ) LIMIT 1' at line 1
 [ SQL语句 ] : SELECT * FROM `procate` WHERE ( id=%d ) LIMIT 1  
SQL: SELECT * FROM `procate` WHERE ( id=%d ) LIMIT 1   [ RunTime:0.000057s ]
ERR: 1064:You have an error in your SQL syntax; check the manual that corresponds to your MySQL server version for the right syntax to use near '%d ) LIMIT 1' at line 1
 [ SQL语句 ] : SELECT * FROM `procate` WHERE ( id=%d ) LIMIT 1  
SQL: SELECT * FROM `procate` WHERE (  enable =1 and pid=0  ) ORDER BY  sorts desc  [ RunTime:0.000230s ]
SQL: SELECT * FROM `products` WHERE (  id=31 ) LIMIT 1   [ RunTime:0.000126s ]
SQL: SELECT * FROM `procate` WHERE ( id=26 ) LIMIT 1   [ RunTime:0.000096s ]
SQL: SELECT * FROM `procate` WHERE ( id=0 ) LIMIT 1   [ RunTime:0.000087s ]
INFO: [ view_parse ] --START--
INFO: ParseTemplate Behavior ::run [ RunTime:0.015675s ]
INFO: [ view_parse ] --END-- [ RunTime:0.015733s ]
INFO: [ view_filter ] --START--
INFO: ContentReplace Behavior ::run [ RunTime:0.000793s ]
INFO: TokenBuild Behavior ::run [ RunTime:0.001280s ]
INFO: WriteHtmlCache Behavior ::run [ RunTime:0.000730s ]
INFO: ShowRuntime Behavior ::run [ RunTime:0.001443s ]
INFO: [ view_filter ] --END-- [ RunTime:0.004371s ]
INFO: [ view_end ] --START--
INFO: ShowPageTrace Behavior ::run [ RunTime:0.000992s ]
INFO: [ view_end ] --END-- [ RunTime:0.001036s ]

[ 2015-02-07 21:43:04 ] 61.135.189.171 /index.php/Index/productInfo?id=118
INFO: [ route_check ] --START--
INFO: CheckRoute Behavior ::run [ RunTime:0.001891s ]
INFO: [ route_check ] --END-- [ RunTime:0.001976s ]
INFO: [ app_begin ] --START--
INFO: ReadHtmlCache Behavior ::run [ RunTime:0.001553s ]
INFO: [ app_begin ] --END-- [ RunTime:0.001625s ]
SQL: SHOW COLUMNS FROM `contents` [ RunTime:0.005210s ]
SQL: SELECT * FROM `contents` WHERE (  enable=1 and cateid=4  ) LIMIT 1   [ RunTime:0.000324s ]
SQL: SELECT * FROM `contents` WHERE (  enable=1 and cateid=1  ) LIMIT 1   [ RunTime:0.000241s ]
SQL: SHOW COLUMNS FROM `visters` [ RunTime:0.007006s ]
SQL: INSERT INTO `visters` (`ctime`,`info`,`ip`,`page`) VALUES ('2015-02-07 21:43','中国 北京 北京、Other简体中文系统、Other浏览器、','61.135.189.171','产品详情页面') [ RunTime:0.010292s ]
SQL: SHOW COLUMNS FROM `procate` [ RunTime:0.006873s ]
SQL: SHOW COLUMNS FROM `products` [ RunTime:0.007179s ]
NOTIC: [8] Undefined index:  procate D:\enkjhost\mayning1\web\home\Lib\Action\IndexAction.class.php 第 243 行.
NOTIC: [8] Undefined index:  procate2 D:\enkjhost\mayning1\web\home\Lib\Action\IndexAction.class.php 第 244 行.
SQL: SELECT * FROM `procate` WHERE ( id=%d ) LIMIT 1   [ RunTime:0.000243s ]
ERR: 1064:You have an error in your SQL syntax; check the manual that corresponds to your MySQL server version for the right syntax to use near '%d ) LIMIT 1' at line 1
 [ SQL语句 ] : SELECT * FROM `procate` WHERE ( id=%d ) LIMIT 1  
SQL: SELECT * FROM `procate` WHERE ( id=%d ) LIMIT 1   [ RunTime:0.000225s ]
ERR: 1064:You have an error in your SQL syntax; check the manual that corresponds to your MySQL server version for the right syntax to use near '%d ) LIMIT 1' at line 1
 [ SQL语句 ] : SELECT * FROM `procate` WHERE ( id=%d ) LIMIT 1  
SQL: SELECT * FROM `procate` WHERE (  enable =1 and pid=0  ) ORDER BY  sorts desc  [ RunTime:0.000502s ]
SQL: SELECT * FROM `products` WHERE (  id=118 ) LIMIT 1   [ RunTime:0.000306s ]
SQL: SELECT * FROM `procate` WHERE ( id=31 ) LIMIT 1   [ RunTime:0.000251s ]
SQL: SELECT * FROM `procate` WHERE ( id=20 ) LIMIT 1   [ RunTime:0.000239s ]
INFO: [ view_parse ] --START--
INFO: ParseTemplate Behavior ::run [ RunTime:0.024085s ]
INFO: [ view_parse ] --END-- [ RunTime:0.024178s ]
INFO: [ view_filter ] --START--
INFO: ContentReplace Behavior ::run [ RunTime:0.001374s ]
INFO: TokenBuild Behavior ::run [ RunTime:0.001327s ]
INFO: WriteHtmlCache Behavior ::run [ RunTime:0.001174s ]
INFO: ShowRuntime Behavior ::run [ RunTime:0.002468s ]
INFO: [ view_filter ] --END-- [ RunTime:0.006533s ]
INFO: [ view_end ] --START--
INFO: ShowPageTrace Behavior ::run [ RunTime:0.001672s ]
INFO: [ view_end ] --END-- [ RunTime:0.001747s ]

[ 2015-02-07 22:47:27 ] 220.181.108.79 /index.php/Index/product?procate=23
INFO: [ route_check ] --START--
INFO: CheckRoute Behavior ::run [ RunTime:0.004202s ]
INFO: [ route_check ] --END-- [ RunTime:0.004316s ]
INFO: [ app_begin ] --START--
INFO: ReadHtmlCache Behavior ::run [ RunTime:0.003411s ]
INFO: [ app_begin ] --END-- [ RunTime:0.003509s ]
SQL: SHOW COLUMNS FROM `contents` [ RunTime:0.007344s ]
SQL: SELECT * FROM `contents` WHERE (  enable=1 and cateid=4  ) LIMIT 1   [ RunTime:0.000403s ]
SQL: SELECT * FROM `contents` WHERE (  enable=1 and cateid=1  ) LIMIT 1   [ RunTime:0.000299s ]
SQL: SHOW COLUMNS FROM `visters` [ RunTime:0.008130s ]
SQL: INSERT INTO `visters` (`ctime`,`info`,`ip`,`page`) VALUES ('2015-02-07 22:47','中国 北京 北京、Other简体中文系统、Other浏览器、','220.181.108.79','产品页面') [ RunTime:0.013310s ]
SQL: SHOW COLUMNS FROM `procate` [ RunTime:0.007152s ]
SQL: SHOW COLUMNS FROM `products` [ RunTime:0.007163s ]
NOTIC: [8] Undefined index:  procate2 D:\enkjhost\mayning1\web\home\Lib\Action\IndexAction.class.php 第 176 行.
SQL: SELECT * FROM `procate` WHERE ( id=23 ) LIMIT 1   [ RunTime:0.000364s ]
SQL: SELECT * FROM `procate` WHERE ( id=%d ) LIMIT 1   [ RunTime:0.000212s ]
ERR: 1064:You have an error in your SQL syntax; check the manual that corresponds to your MySQL server version for the right syntax to use near '%d ) LIMIT 1' at line 1
 [ SQL语句 ] : SELECT * FROM `procate` WHERE ( id=%d ) LIMIT 1  
SQL: SELECT * FROM `procate` WHERE ( pid=23 )  [ RunTime:0.000352s ]
SQL: select count(*) as count from products a left join procate b on a.proid = b.id where 1=1 and a.enable=1 and b.enable=1  and ( b.pid=23 or b.id=23) [ RunTime:0.000587s ]
SQL: select a.id,a.title,a.info,a.imgs,a.ctime from products a left join procate b on a.proid = b.id where 1=1 and a.enable=1 and b.enable=1  and ( b.pid=23 or b.id=23) order by a.sorts desc limit 0,9 [ RunTime:0.001056s ]
SQL: SELECT * FROM `procate` WHERE (  enable =1 and pid=0   ) ORDER BY  sorts desc  [ RunTime:0.000421s ]
INFO: [ view_parse ] --START--
INFO: ParseTemplate Behavior ::run [ RunTime:0.044903s ]
INFO: [ view_parse ] --END-- [ RunTime:0.045014s ]
INFO: [ view_filter ] --START--
INFO: ContentReplace Behavior ::run [ RunTime:0.002946s ]
INFO: TokenBuild Behavior ::run [ RunTime:0.002912s ]
INFO: WriteHtmlCache Behavior ::run [ RunTime:0.002388s ]
INFO: ShowRuntime Behavior ::run [ RunTime:0.002773s ]
INFO: [ view_filter ] --END-- [ RunTime:0.011263s ]
INFO: [ view_end ] --START--
INFO: ShowPageTrace Behavior ::run [ RunTime:0.003064s ]
INFO: [ view_end ] --END-- [ RunTime:0.003146s ]

[ 2015-02-07 23:06:23 ] 220.181.108.122 /index.php/Index/product?procate=26
INFO: [ route_check ] --START--
INFO: CheckRoute Behavior ::run [ RunTime:0.002690s ]
INFO: [ route_check ] --END-- [ RunTime:0.002802s ]
INFO: [ app_begin ] --START--
INFO: ReadHtmlCache Behavior ::run [ RunTime:0.002198s ]
INFO: [ app_begin ] --END-- [ RunTime:0.002292s ]
SQL: SHOW COLUMNS FROM `contents` [ RunTime:0.005870s ]
SQL: SELECT * FROM `contents` WHERE (  enable=1 and cateid=4  ) LIMIT 1   [ RunTime:0.000323s ]
SQL: SELECT * FROM `contents` WHERE (  enable=1 and cateid=1  ) LIMIT 1   [ RunTime:0.000244s ]
SQL: SHOW COLUMNS FROM `visters` [ RunTime:0.006790s ]
SQL: INSERT INTO `visters` (`ctime`,`info`,`ip`,`page`) VALUES ('2015-02-07 23:06','中国 北京 北京、Other简体中文系统、Other浏览器、','220.181.108.122','产品页面') [ RunTime:0.010477s ]
SQL: SHOW COLUMNS FROM `procate` [ RunTime:0.006473s ]
SQL: SHOW COLUMNS FROM `products` [ RunTime:0.006365s ]
NOTIC: [8] Undefined index:  procate2 D:\enkjhost\mayning1\web\home\Lib\Action\IndexAction.class.php 第 176 行.
SQL: SELECT * FROM `procate` WHERE ( id=26 ) LIMIT 1   [ RunTime:0.000325s ]
SQL: SELECT * FROM `procate` WHERE ( id=%d ) LIMIT 1   [ RunTime:0.000211s ]
ERR: 1064:You have an error in your SQL syntax; check the manual that corresponds to your MySQL server version for the right syntax to use near '%d ) LIMIT 1' at line 1
 [ SQL语句 ] : SELECT * FROM `procate` WHERE ( id=%d ) LIMIT 1  
SQL: SELECT * FROM `procate` WHERE ( pid=26 )  [ RunTime:0.000351s ]
SQL: select count(*) as count from products a left join procate b on a.proid = b.id where 1=1 and a.enable=1 and b.enable=1  and ( b.pid=26 or b.id=26) [ RunTime:0.000614s ]
SQL: select a.id,a.title,a.info,a.imgs,a.ctime from products a left join procate b on a.proid = b.id where 1=1 and a.enable=1 and b.enable=1  and ( b.pid=26 or b.id=26) order by a.sorts desc limit 0,9 [ RunTime:0.001117s ]
SQL: SELECT * FROM `procate` WHERE (  enable =1 and pid=0   ) ORDER BY  sorts desc  [ RunTime:0.000479s ]
INFO: [ view_parse ] --START--
INFO: ParseTemplate Behavior ::run [ RunTime:0.037267s ]
INFO: [ view_parse ] --END-- [ RunTime:0.037378s ]
INFO: [ view_filter ] --START--
INFO: ContentReplace Behavior ::run [ RunTime:0.003023s ]
INFO: TokenBuild Behavior ::run [ RunTime:0.003034s ]
INFO: WriteHtmlCache Behavior ::run [ RunTime:0.002718s ]
INFO: ShowRuntime Behavior ::run [ RunTime:0.002097s ]
INFO: [ view_filter ] --END-- [ RunTime:0.011129s ]
INFO: [ view_end ] --START--
INFO: ShowPageTrace Behavior ::run [ RunTime:0.003087s ]
INFO: [ view_end ] --END-- [ RunTime:0.003168s ]

[ 2015-02-07 23:44:17 ] 123.125.71.69 /index.php
INFO: [ app_begin ] --START--
INFO: ReadHtmlCache Behavior ::run [ RunTime:0.003320s ]
INFO: [ app_begin ] --END-- [ RunTime:0.003431s ]
SQL: SHOW COLUMNS FROM `contents` [ RunTime:0.006714s ]
SQL: SELECT * FROM `contents` WHERE (  enable=1 and cateid=4  ) LIMIT 1   [ RunTime:0.000375s ]
SQL: SELECT * FROM `contents` WHERE (  enable=1 and cateid=1  ) LIMIT 1   [ RunTime:0.000292s ]
SQL: SHOW COLUMNS FROM `visters` [ RunTime:0.006664s ]
SQL: INSERT INTO `visters` (`ctime`,`info`,`ip`,`page`) VALUES ('2015-02-07 23:44','中国 北京 北京、Other简体中文系统、Other浏览器、','123.125.71.69','系统首页') [ RunTime:0.007607s ]
SQL: SHOW COLUMNS FROM `products` [ RunTime:0.006441s ]
SQL: SELECT * FROM `products` WHERE (  enable=1 and state=1  ) ORDER BY  sorts desc  [ RunTime:0.000901s ]
SQL: SELECT * FROM `products` WHERE (  enable=1 and state=2  ) ORDER BY  sorts desc  [ RunTime:0.000674s ]
INFO: [ view_parse ] --START--
INFO: ParseTemplate Behavior ::run [ RunTime:0.038629s ]
INFO: [ view_parse ] --END-- [ RunTime:0.038759s ]
INFO: [ view_filter ] --START--
INFO: ContentReplace Behavior ::run [ RunTime:0.002866s ]
INFO: TokenBuild Behavior ::run [ RunTime:0.002925s ]
INFO: WriteHtmlCache Behavior ::run [ RunTime:0.002577s ]
INFO: ShowRuntime Behavior ::run [ RunTime:0.002016s ]
INFO: [ view_filter ] --END-- [ RunTime:0.010647s ]
INFO: [ view_end ] --START--
INFO: ShowPageTrace Behavior ::run [ RunTime:0.003465s ]
INFO: [ view_end ] --END-- [ RunTime:0.003563s ]

