[ 2015-02-03 01:53:14 ] 180.76.6.139 /index.php/Index/index
INFO: [ route_check ] --START--
INFO: CheckRoute Behavior ::run [ RunTime:0.004194s ]
INFO: [ route_check ] --END-- [ RunTime:0.004311s ]
INFO: [ app_begin ] --START--
INFO: ReadHtmlCache Behavior ::run [ RunTime:0.003433s ]
INFO: [ app_begin ] --END-- [ RunTime:0.003533s ]
SQL: SHOW COLUMNS FROM `contents` [ RunTime:0.007636s ]
SQL: SELECT * FROM `contents` WHERE (  enable=1 and cateid=4  ) LIMIT 1   [ RunTime:0.000419s ]
SQL: SELECT * FROM `contents` WHERE (  enable=1 and cateid=1  ) LIMIT 1   [ RunTime:0.000352s ]
SQL: SHOW COLUMNS FROM `visters` [ RunTime:0.007416s ]
SQL: INSERT INTO `visters` (`ctime`,`info`,`ip`,`page`) VALUES ('2015-02-03 01:53','中国 北京 北京、OtherEnglish系统、Other浏览器、','180.76.6.139','系统首页') [ RunTime:0.009051s ]
SQL: SHOW COLUMNS FROM `products` [ RunTime:0.007205s ]
SQL: SELECT * FROM `products` WHERE (  enable=1 and state=1  ) ORDER BY  sorts desc  [ RunTime:0.001045s ]
SQL: SELECT * FROM `products` WHERE (  enable=1 and state=2  ) ORDER BY  sorts desc  [ RunTime:0.000658s ]
INFO: [ view_parse ] --START--
INFO: ParseTemplate Behavior ::run [ RunTime:0.038455s ]
INFO: [ view_parse ] --END-- [ RunTime:0.038569s ]
INFO: [ view_filter ] --START--
INFO: ContentReplace Behavior ::run [ RunTime:0.002948s ]
INFO: TokenBuild Behavior ::run [ RunTime:0.003063s ]
INFO: WriteHtmlCache Behavior ::run [ RunTime:0.002695s ]
INFO: ShowRuntime Behavior ::run [ RunTime:0.003215s ]
INFO: [ view_filter ] --END-- [ RunTime:0.012192s ]
INFO: [ view_end ] --START--
INFO: ShowPageTrace Behavior ::run [ RunTime:0.003625s ]
INFO: [ view_end ] --END-- [ RunTime:0.003724s ]

[ 2015-02-03 01:54:14 ] 123.125.71.83 /index.php/Index/product?procate=21
INFO: [ route_check ] --START--
INFO: CheckRoute Behavior ::run [ RunTime:0.002697s ]
INFO: [ route_check ] --END-- [ RunTime:0.002809s ]
INFO: [ app_begin ] --START--
INFO: ReadHtmlCache Behavior ::run [ RunTime:0.002205s ]
INFO: [ app_begin ] --END-- [ RunTime:0.002304s ]
SQL: SHOW COLUMNS FROM `contents` [ RunTime:0.005282s ]
SQL: SELECT * FROM `contents` WHERE (  enable=1 and cateid=4  ) LIMIT 1   [ RunTime:0.000298s ]
SQL: SELECT * FROM `contents` WHERE (  enable=1 and cateid=1  ) LIMIT 1   [ RunTime:0.000223s ]
SQL: SHOW COLUMNS FROM `visters` [ RunTime:0.006794s ]
SQL: INSERT INTO `visters` (`ctime`,`info`,`ip`,`page`) VALUES ('2015-02-03 01:54','中国 北京 北京、Other简体中文系统、Other浏览器、','123.125.71.83','产品页面') [ RunTime:0.008951s ]
SQL: SHOW COLUMNS FROM `procate` [ RunTime:0.007141s ]
SQL: SHOW COLUMNS FROM `products` [ RunTime:0.006146s ]
NOTIC: [8] Undefined index:  procate2 D:\enkjhost\mayning1\web\home\Lib\Action\IndexAction.class.php 第 176 行.
SQL: SELECT * FROM `procate` WHERE ( id=21 ) LIMIT 1   [ RunTime:0.000333s ]
SQL: SELECT * FROM `procate` WHERE ( id=%d ) LIMIT 1   [ RunTime:0.000214s ]
ERR: 1064:You have an error in your SQL syntax; check the manual that corresponds to your MySQL server version for the right syntax to use near '%d ) LIMIT 1' at line 1
 [ SQL语句 ] : SELECT * FROM `procate` WHERE ( id=%d ) LIMIT 1  
SQL: SELECT * FROM `procate` WHERE ( pid=21 )  [ RunTime:0.000344s ]
SQL: select count(*) as count from products a left join procate b on a.proid = b.id where 1=1 and a.enable=1 and b.enable=1  and ( b.pid=21 or b.id=21) [ RunTime:0.000625s ]
SQL: select a.id,a.title,a.info,a.imgs,a.ctime from products a left join procate b on a.proid = b.id where 1=1 and a.enable=1 and b.enable=1  and ( b.pid=21 or b.id=21) order by a.sorts desc limit 0,9 [ RunTime:0.001103s ]
SQL: SELECT * FROM `procate` WHERE (  enable =1 and pid=0   ) ORDER BY  sorts desc  [ RunTime:0.000448s ]
INFO: [ view_parse ] --START--
INFO: ParseTemplate Behavior ::run [ RunTime:0.034402s ]
INFO: [ view_parse ] --END-- [ RunTime:0.034504s ]
INFO: [ view_filter ] --START--
INFO: ContentReplace Behavior ::run [ RunTime:0.001682s ]
INFO: TokenBuild Behavior ::run [ RunTime:0.001618s ]
INFO: WriteHtmlCache Behavior ::run [ RunTime:0.001440s ]
INFO: ShowRuntime Behavior ::run [ RunTime:0.001716s ]
INFO: [ view_filter ] --END-- [ RunTime:0.006670s ]
INFO: [ view_end ] --START--
INFO: ShowPageTrace Behavior ::run [ RunTime:0.001935s ]
INFO: [ view_end ] --END-- [ RunTime:0.002017s ]

[ 2015-02-03 01:58:23 ] 101.226.168.242 /index.php/Index/product?procate=25
INFO: [ route_check ] --START--
INFO: CheckRoute Behavior ::run [ RunTime:0.002830s ]
INFO: [ route_check ] --END-- [ RunTime:0.002944s ]
INFO: [ app_begin ] --START--
INFO: ReadHtmlCache Behavior ::run [ RunTime:0.002260s ]
INFO: [ app_begin ] --END-- [ RunTime:0.002356s ]
SQL: SHOW COLUMNS FROM `contents` [ RunTime:0.006800s ]
SQL: SELECT * FROM `contents` WHERE (  enable=1 and cateid=4  ) LIMIT 1   [ RunTime:0.000405s ]
SQL: SELECT * FROM `contents` WHERE (  enable=1 and cateid=1  ) LIMIT 1   [ RunTime:0.000334s ]
SQL: SHOW COLUMNS FROM `visters` [ RunTime:0.006898s ]
SQL: INSERT INTO `visters` (`ctime`,`info`,`ip`,`page`) VALUES ('2015-02-03 01:58','中国 上海 上海、Windows简体中文系统、Chrome浏览器、','101.226.168.242','产品页面') [ RunTime:0.009144s ]
SQL: SHOW COLUMNS FROM `procate` [ RunTime:0.006538s ]
SQL: SHOW COLUMNS FROM `products` [ RunTime:0.006513s ]
NOTIC: [8] Undefined index:  procate2 D:\enkjhost\mayning1\web\home\Lib\Action\IndexAction.class.php 第 176 行.
SQL: SELECT * FROM `procate` WHERE ( id=25 ) LIMIT 1   [ RunTime:0.000349s ]
SQL: SELECT * FROM `procate` WHERE ( id=%d ) LIMIT 1   [ RunTime:0.000179s ]
ERR: 1064:You have an error in your SQL syntax; check the manual that corresponds to your MySQL server version for the right syntax to use near '%d ) LIMIT 1' at line 1
 [ SQL语句 ] : SELECT * FROM `procate` WHERE ( id=%d ) LIMIT 1  
SQL: SELECT * FROM `procate` WHERE ( pid=25 )  [ RunTime:0.000323s ]
SQL: select count(*) as count from products a left join procate b on a.proid = b.id where 1=1 and a.enable=1 and b.enable=1  and ( b.pid=25 or b.id=25) [ RunTime:0.000615s ]
SQL: select a.id,a.title,a.info,a.imgs,a.ctime from products a left join procate b on a.proid = b.id where 1=1 and a.enable=1 and b.enable=1  and ( b.pid=25 or b.id=25) order by a.sorts desc limit 0,9 [ RunTime:0.001055s ]
SQL: SELECT * FROM `procate` WHERE (  enable =1 and pid=0   ) ORDER BY  sorts desc  [ RunTime:0.000429s ]
INFO: [ view_parse ] --START--
INFO: ParseTemplate Behavior ::run [ RunTime:0.032983s ]
INFO: [ view_parse ] --END-- [ RunTime:0.033093s ]
INFO: [ view_filter ] --START--
INFO: ContentReplace Behavior ::run [ RunTime:0.002038s ]
INFO: TokenBuild Behavior ::run [ RunTime:0.003078s ]
INFO: WriteHtmlCache Behavior ::run [ RunTime:0.001899s ]
INFO: ShowRuntime Behavior ::run [ RunTime:0.002031s ]
INFO: [ view_filter ] --END-- [ RunTime:0.009298s ]
INFO: [ view_end ] --START--
INFO: ShowPageTrace Behavior ::run [ RunTime:0.002010s ]
INFO: [ view_end ] --END-- [ RunTime:0.002092s ]

[ 2015-02-03 05:19:32 ] 180.76.6.16 /index.php/Index/product?procate=20
INFO: [ route_check ] --START--
INFO: CheckRoute Behavior ::run [ RunTime:0.004035s ]
INFO: [ route_check ] --END-- [ RunTime:0.004151s ]
INFO: [ app_begin ] --START--
INFO: ReadHtmlCache Behavior ::run [ RunTime:0.003265s ]
INFO: [ app_begin ] --END-- [ RunTime:0.003364s ]
SQL: SHOW COLUMNS FROM `contents` [ RunTime:0.007215s ]
SQL: SELECT * FROM `contents` WHERE (  enable=1 and cateid=4  ) LIMIT 1   [ RunTime:0.000387s ]
SQL: SELECT * FROM `contents` WHERE (  enable=1 and cateid=1  ) LIMIT 1   [ RunTime:0.000304s ]
SQL: SHOW COLUMNS FROM `visters` [ RunTime:0.007196s ]
SQL: INSERT INTO `visters` (`ctime`,`info`,`ip`,`page`) VALUES ('2015-02-03 05:19','中国 北京 北京、OtherEnglish系统、Other浏览器、','180.76.6.16','产品页面') [ RunTime:0.010498s ]
SQL: SHOW COLUMNS FROM `procate` [ RunTime:0.006931s ]
SQL: SHOW COLUMNS FROM `products` [ RunTime:0.006900s ]
NOTIC: [8] Undefined index:  procate2 D:\enkjhost\mayning1\web\home\Lib\Action\IndexAction.class.php 第 176 行.
SQL: SELECT * FROM `procate` WHERE ( id=20 ) LIMIT 1   [ RunTime:0.000349s ]
SQL: SELECT * FROM `procate` WHERE ( id=%d ) LIMIT 1   [ RunTime:0.000212s ]
ERR: 1064:You have an error in your SQL syntax; check the manual that corresponds to your MySQL server version for the right syntax to use near '%d ) LIMIT 1' at line 1
 [ SQL语句 ] : SELECT * FROM `procate` WHERE ( id=%d ) LIMIT 1  
SQL: SELECT * FROM `procate` WHERE ( pid=20 )  [ RunTime:0.000363s ]
SQL: select count(*) as count from products a left join procate b on a.proid = b.id where 1=1 and a.enable=1 and b.enable=1  and ( b.pid=20 or b.id=20) [ RunTime:0.000588s ]
SQL: select a.id,a.title,a.info,a.imgs,a.ctime from products a left join procate b on a.proid = b.id where 1=1 and a.enable=1 and b.enable=1  and ( b.pid=20 or b.id=20) order by a.sorts desc limit 0,9 [ RunTime:0.000758s ]
SQL: SELECT * FROM `procate` WHERE (  enable =1 and pid=0   ) ORDER BY  sorts desc  [ RunTime:0.000492s ]
INFO: [ view_parse ] --START--
INFO: ParseTemplate Behavior ::run [ RunTime:0.043695s ]
INFO: [ view_parse ] --END-- [ RunTime:0.043811s ]
INFO: [ view_filter ] --START--
INFO: ContentReplace Behavior ::run [ RunTime:0.002837s ]
INFO: TokenBuild Behavior ::run [ RunTime:0.002740s ]
INFO: WriteHtmlCache Behavior ::run [ RunTime:0.002414s ]
INFO: ShowRuntime Behavior ::run [ RunTime:0.002986s ]
INFO: [ view_filter ] --END-- [ RunTime:0.011240s ]
INFO: [ view_end ] --START--
INFO: ShowPageTrace Behavior ::run [ RunTime:0.003488s ]
INFO: [ view_end ] --END-- [ RunTime:0.003587s ]

[ 2015-02-03 05:23:47 ] 66.249.73.134 /index.php
INFO: [ app_begin ] --START--
INFO: ReadHtmlCache Behavior ::run [ RunTime:0.003475s ]
INFO: [ app_begin ] --END-- [ RunTime:0.003592s ]
SQL: SHOW COLUMNS FROM `contents` [ RunTime:0.005792s ]
SQL: SELECT * FROM `contents` WHERE (  enable=1 and cateid=4  ) LIMIT 1   [ RunTime:0.000355s ]
SQL: SELECT * FROM `contents` WHERE (  enable=1 and cateid=1  ) LIMIT 1   [ RunTime:0.000268s ]
NOTIC: [8] Undefined index:  HTTP_ACCEPT_LANGUAGE D:\enkjhost\mayning1\web\home\Lib\Action\UtilAction.class.php 第 96 行.
SQL: SHOW COLUMNS FROM `visters` [ RunTime:0.006904s ]
SQL: INSERT INTO `visters` (`ctime`,`info`,`ip`,`page`) VALUES ('2015-02-03 05:23','美国 加利福尼亚 Mountain View、MACEnglish系统、Safari浏览器、','66.249.73.134','系统首页') [ RunTime:0.022708s ]
SQL: SHOW COLUMNS FROM `products` [ RunTime:0.006686s ]
SQL: SELECT * FROM `products` WHERE (  enable=1 and state=1  ) ORDER BY  sorts desc  [ RunTime:0.001059s ]
SQL: SELECT * FROM `products` WHERE (  enable=1 and state=2  ) ORDER BY  sorts desc  [ RunTime:0.000648s ]
INFO: [ view_parse ] --START--
INFO: ParseTemplate Behavior ::run [ RunTime:0.029525s ]
INFO: [ view_parse ] --END-- [ RunTime:0.029666s ]
INFO: [ view_filter ] --START--
INFO: ContentReplace Behavior ::run [ RunTime:0.001941s ]
INFO: TokenBuild Behavior ::run [ RunTime:0.002977s ]
INFO: WriteHtmlCache Behavior ::run [ RunTime:0.001779s ]
INFO: ShowRuntime Behavior ::run [ RunTime:0.002034s ]
INFO: [ view_filter ] --END-- [ RunTime:0.008995s ]
INFO: [ view_end ] --START--
INFO: ShowPageTrace Behavior ::run [ RunTime:0.002300s ]
INFO: [ view_end ] --END-- [ RunTime:0.002398s ]

[ 2015-02-03 06:50:05 ] 220.181.108.177 /index.php
INFO: [ app_begin ] --START--
INFO: ReadHtmlCache Behavior ::run [ RunTime:0.003372s ]
INFO: [ app_begin ] --END-- [ RunTime:0.003485s ]
SQL: SHOW COLUMNS FROM `contents` [ RunTime:0.007480s ]
SQL: SELECT * FROM `contents` WHERE (  enable=1 and cateid=4  ) LIMIT 1   [ RunTime:0.000393s ]
SQL: SELECT * FROM `contents` WHERE (  enable=1 and cateid=1  ) LIMIT 1   [ RunTime:0.000290s ]
SQL: SHOW COLUMNS FROM `visters` [ RunTime:0.006830s ]
SQL: INSERT INTO `visters` (`ctime`,`info`,`ip`,`page`) VALUES ('2015-02-03 06:50','中国 北京 北京、Other简体中文系统、Other浏览器、','220.181.108.177','系统首页') [ RunTime:0.011407s ]
SQL: SHOW COLUMNS FROM `products` [ RunTime:0.007224s ]
SQL: SELECT * FROM `products` WHERE (  enable=1 and state=1  ) ORDER BY  sorts desc  [ RunTime:0.001048s ]
SQL: SELECT * FROM `products` WHERE (  enable=1 and state=2  ) ORDER BY  sorts desc  [ RunTime:0.000675s ]
INFO: [ view_parse ] --START--
INFO: ParseTemplate Behavior ::run [ RunTime:0.045085s ]
INFO: [ view_parse ] --END-- [ RunTime:0.045214s ]
INFO: [ view_filter ] --START--
INFO: ContentReplace Behavior ::run [ RunTime:0.002909s ]
INFO: TokenBuild Behavior ::run [ RunTime:0.002923s ]
INFO: WriteHtmlCache Behavior ::run [ RunTime:0.002649s ]
INFO: ShowRuntime Behavior ::run [ RunTime:0.003192s ]
INFO: [ view_filter ] --END-- [ RunTime:0.011943s ]
INFO: [ view_end ] --START--
INFO: ShowPageTrace Behavior ::run [ RunTime:0.003746s ]
INFO: [ view_end ] --END-- [ RunTime:0.003844s ]

[ 2015-02-03 10:33:00 ] 202.107.117.173 /index.php
INFO: [ app_begin ] --START--
INFO: ReadHtmlCache Behavior ::run [ RunTime:0.003568s ]
INFO: [ app_begin ] --END-- [ RunTime:0.003686s ]
SQL: SHOW COLUMNS FROM `contents` [ RunTime:0.009527s ]
SQL: SELECT * FROM `contents` WHERE (  enable=1 and cateid=4  ) LIMIT 1   [ RunTime:0.000378s ]
SQL: SELECT * FROM `contents` WHERE (  enable=1 and cateid=1  ) LIMIT 1   [ RunTime:0.000302s ]
NOTIC: [8] Undefined index:  HTTP_ACCEPT_LANGUAGE D:\enkjhost\mayning1\web\home\Lib\Action\UtilAction.class.php 第 96 行.
SQL: SHOW COLUMNS FROM `visters` [ RunTime:0.010368s ]
SQL: INSERT INTO `visters` (`ctime`,`info`,`ip`,`page`) VALUES ('2015-02-03 10:32','中国 辽宁 沈阳、WindowsEnglish系统、Chrome浏览器、','202.107.117.173','系统首页') [ RunTime:0.009282s ]
SQL: SHOW COLUMNS FROM `products` [ RunTime:0.010593s ]
SQL: SELECT * FROM `products` WHERE (  enable=1 and state=1  ) ORDER BY  sorts desc  [ RunTime:0.001032s ]
SQL: SELECT * FROM `products` WHERE (  enable=1 and state=2  ) ORDER BY  sorts desc  [ RunTime:0.000564s ]
INFO: [ view_parse ] --START--
INFO: ParseTemplate Behavior ::run [ RunTime:0.041661s ]
INFO: [ view_parse ] --END-- [ RunTime:0.041793s ]
INFO: [ view_filter ] --START--
INFO: ContentReplace Behavior ::run [ RunTime:0.003106s ]
INFO: TokenBuild Behavior ::run [ RunTime:0.003156s ]
INFO: WriteHtmlCache Behavior ::run [ RunTime:0.002821s ]
INFO: ShowRuntime Behavior ::run [ RunTime:0.003342s ]
INFO: [ view_filter ] --END-- [ RunTime:0.012698s ]
INFO: [ view_end ] --START--
INFO: ShowPageTrace Behavior ::run [ RunTime:0.003784s ]
INFO: [ view_end ] --END-- [ RunTime:0.003883s ]

[ 2015-02-03 10:33:36 ] 119.147.146.189 /index.php
INFO: [ app_begin ] --START--
INFO: ReadHtmlCache Behavior ::run [ RunTime:0.001836s ]
INFO: [ app_begin ] --END-- [ RunTime:0.001923s ]
SQL: SHOW COLUMNS FROM `contents` [ RunTime:0.005781s ]
SQL: SELECT * FROM `contents` WHERE (  enable=1 and cateid=4  ) LIMIT 1   [ RunTime:0.000327s ]
SQL: SELECT * FROM `contents` WHERE (  enable=1 and cateid=1  ) LIMIT 1   [ RunTime:0.000245s ]
SQL: SHOW COLUMNS FROM `visters` [ RunTime:0.007038s ]
SQL: INSERT INTO `visters` (`ctime`,`info`,`ip`,`page`) VALUES ('2015-02-03 10:33','中国 广东 东莞、Windows简体中文系统、Chrome浏览器、','119.147.146.189','系统首页') [ RunTime:0.011904s ]
SQL: SHOW COLUMNS FROM `products` [ RunTime:0.006721s ]
SQL: SELECT * FROM `products` WHERE (  enable=1 and state=1  ) ORDER BY  sorts desc  [ RunTime:0.001037s ]
SQL: SELECT * FROM `products` WHERE (  enable=1 and state=2  ) ORDER BY  sorts desc  [ RunTime:0.000590s ]
INFO: [ view_parse ] --START--
INFO: ParseTemplate Behavior ::run [ RunTime:0.037724s ]
INFO: [ view_parse ] --END-- [ RunTime:0.037869s ]
INFO: [ view_filter ] --START--
INFO: ContentReplace Behavior ::run [ RunTime:0.002018s ]
INFO: TokenBuild Behavior ::run [ RunTime:0.001714s ]
INFO: WriteHtmlCache Behavior ::run [ RunTime:0.001676s ]
INFO: ShowRuntime Behavior ::run [ RunTime:0.001884s ]
INFO: [ view_filter ] --END-- [ RunTime:0.007515s ]
INFO: [ view_end ] --START--
INFO: ShowPageTrace Behavior ::run [ RunTime:0.002148s ]
INFO: [ view_end ] --END-- [ RunTime:0.002228s ]

[ 2015-02-03 10:51:09 ] 180.76.5.193 /index.php
INFO: [ app_begin ] --START--
INFO: ReadHtmlCache Behavior ::run [ RunTime:0.002749s ]
INFO: [ app_begin ] --END-- [ RunTime:0.002838s ]
SQL: SHOW COLUMNS FROM `contents` [ RunTime:0.007188s ]
SQL: SELECT * FROM `contents` WHERE (  enable=1 and cateid=4  ) LIMIT 1   [ RunTime:0.000330s ]
SQL: SELECT * FROM `contents` WHERE (  enable=1 and cateid=1  ) LIMIT 1   [ RunTime:0.000257s ]
SQL: SHOW COLUMNS FROM `visters` [ RunTime:0.008115s ]
SQL: INSERT INTO `visters` (`ctime`,`info`,`ip`,`page`) VALUES ('2015-02-03 10:51','中国 北京 北京、OtherEnglish系统、Other浏览器、','180.76.5.193','系统首页') [ RunTime:0.009838s ]
SQL: SHOW COLUMNS FROM `products` [ RunTime:0.008087s ]
SQL: SELECT * FROM `products` WHERE (  enable=1 and state=1  ) ORDER BY  sorts desc  [ RunTime:0.001026s ]
SQL: SELECT * FROM `products` WHERE (  enable=1 and state=2  ) ORDER BY  sorts desc  [ RunTime:0.000559s ]
INFO: [ view_parse ] --START--
INFO: ParseTemplate Behavior ::run [ RunTime:0.041844s ]
INFO: [ view_parse ] --END-- [ RunTime:0.041959s ]
INFO: [ view_filter ] --START--
INFO: ContentReplace Behavior ::run [ RunTime:0.001608s ]
INFO: TokenBuild Behavior ::run [ RunTime:0.002395s ]
INFO: WriteHtmlCache Behavior ::run [ RunTime:0.001542s ]
INFO: ShowRuntime Behavior ::run [ RunTime:0.001676s ]
INFO: [ view_filter ] --END-- [ RunTime:0.007428s ]
INFO: [ view_end ] --START--
INFO: ShowPageTrace Behavior ::run [ RunTime:0.001873s ]
INFO: [ view_end ] --END-- [ RunTime:0.001950s ]

[ 2015-02-03 11:25:27 ] 183.60.244.24 /index.php
INFO: [ app_begin ] --START--
INFO: ReadHtmlCache Behavior ::run [ RunTime:0.002271s ]
INFO: [ app_begin ] --END-- [ RunTime:0.002392s ]
SQL: SHOW COLUMNS FROM `contents` [ RunTime:0.006522s ]
SQL: SELECT * FROM `contents` WHERE (  enable=1 and cateid=4  ) LIMIT 1   [ RunTime:0.000375s ]
SQL: SELECT * FROM `contents` WHERE (  enable=1 and cateid=1  ) LIMIT 1   [ RunTime:0.000302s ]
NOTIC: [8] Undefined index:  HTTP_ACCEPT_LANGUAGE D:\enkjhost\mayning1\web\home\Lib\Action\UtilAction.class.php 第 96 行.
SQL: SHOW COLUMNS FROM `visters` [ RunTime:0.007287s ]
SQL: INSERT INTO `visters` (`ctime`,`info`,`ip`,`page`) VALUES ('2015-02-03 11:25','中国 广东 广州、OtherEnglish系统、Other浏览器、','183.60.244.24','系统首页') [ RunTime:0.008853s ]
SQL: SHOW COLUMNS FROM `products` [ RunTime:0.006704s ]
SQL: SELECT * FROM `products` WHERE (  enable=1 and state=1  ) ORDER BY  sorts desc  [ RunTime:0.001013s ]
SQL: SELECT * FROM `products` WHERE (  enable=1 and state=2  ) ORDER BY  sorts desc  [ RunTime:0.000552s ]
INFO: [ view_parse ] --START--
INFO: ParseTemplate Behavior ::run [ RunTime:0.032060s ]
INFO: [ view_parse ] --END-- [ RunTime:0.032195s ]
INFO: [ view_filter ] --START--
INFO: ContentReplace Behavior ::run [ RunTime:0.004590s ]
INFO: TokenBuild Behavior ::run [ RunTime:0.003005s ]
INFO: WriteHtmlCache Behavior ::run [ RunTime:0.001788s ]
INFO: ShowRuntime Behavior ::run [ RunTime:0.004134s ]
INFO: [ view_filter ] --END-- [ RunTime:0.013769s ]
INFO: [ view_end ] --START--
INFO: ShowPageTrace Behavior ::run [ RunTime:0.002391s ]
INFO: [ view_end ] --END-- [ RunTime:0.002486s ]

[ 2015-02-03 12:02:39 ] 183.60.243.209 /index.php
INFO: [ app_begin ] --START--
INFO: ReadHtmlCache Behavior ::run [ RunTime:0.002793s ]
INFO: [ app_begin ] --END-- [ RunTime:0.002882s ]
SQL: SHOW COLUMNS FROM `contents` [ RunTime:0.008019s ]
SQL: SELECT * FROM `contents` WHERE (  enable=1 and cateid=4  ) LIMIT 1   [ RunTime:0.000377s ]
SQL: SELECT * FROM `contents` WHERE (  enable=1 and cateid=1  ) LIMIT 1   [ RunTime:0.000300s ]
NOTIC: [8] Undefined index:  HTTP_ACCEPT_LANGUAGE D:\enkjhost\mayning1\web\home\Lib\Action\UtilAction.class.php 第 96 行.
SQL: SHOW COLUMNS FROM `visters` [ RunTime:0.008153s ]
SQL: INSERT INTO `visters` (`ctime`,`info`,`ip`,`page`) VALUES ('2015-02-03 12:02','中国 广东 广州、WindowsEnglish系统、MSIE浏览器、','183.60.243.209','系统首页') [ RunTime:0.008796s ]
SQL: SHOW COLUMNS FROM `products` [ RunTime:0.008317s ]
SQL: SELECT * FROM `products` WHERE (  enable=1 and state=1  ) ORDER BY  sorts desc  [ RunTime:0.001023s ]
SQL: SELECT * FROM `products` WHERE (  enable=1 and state=2  ) ORDER BY  sorts desc  [ RunTime:0.000554s ]
INFO: [ view_parse ] --START--
INFO: ParseTemplate Behavior ::run [ RunTime:0.035418s ]
INFO: [ view_parse ] --END-- [ RunTime:0.035554s ]
INFO: [ view_filter ] --START--
INFO: ContentReplace Behavior ::run [ RunTime:0.002063s ]
INFO: TokenBuild Behavior ::run [ RunTime:0.002576s ]
INFO: WriteHtmlCache Behavior ::run [ RunTime:0.001619s ]
INFO: ShowRuntime Behavior ::run [ RunTime:0.001814s ]
INFO: [ view_filter ] --END-- [ RunTime:0.008296s ]
INFO: [ view_end ] --START--
INFO: ShowPageTrace Behavior ::run [ RunTime:0.002028s ]
INFO: [ view_end ] --END-- [ RunTime:0.002110s ]

[ 2015-02-03 13:32:34 ] 66.249.73.134 /index.php
INFO: [ app_begin ] --START--
INFO: ReadHtmlCache Behavior ::run [ RunTime:0.003686s ]
INFO: [ app_begin ] --END-- [ RunTime:0.003808s ]
SQL: SHOW COLUMNS FROM `contents` [ RunTime:0.007767s ]
SQL: SELECT * FROM `contents` WHERE (  enable=1 and cateid=4  ) LIMIT 1   [ RunTime:0.000384s ]
SQL: SELECT * FROM `contents` WHERE (  enable=1 and cateid=1  ) LIMIT 1   [ RunTime:0.000313s ]
NOTIC: [8] Undefined index:  HTTP_ACCEPT_LANGUAGE D:\enkjhost\mayning1\web\home\Lib\Action\UtilAction.class.php 第 96 行.
SQL: SHOW COLUMNS FROM `visters` [ RunTime:0.008266s ]
SQL: INSERT INTO `visters` (`ctime`,`info`,`ip`,`page`) VALUES ('2015-02-03 13:32','美国 加利福尼亚 Mountain View、OtherEnglish系统、Other浏览器、','66.249.73.134','系统首页') [ RunTime:0.010480s ]
SQL: SHOW COLUMNS FROM `products` [ RunTime:0.008543s ]
SQL: SELECT * FROM `products` WHERE (  enable=1 and state=1  ) ORDER BY  sorts desc  [ RunTime:0.001020s ]
SQL: SELECT * FROM `products` WHERE (  enable=1 and state=2  ) ORDER BY  sorts desc  [ RunTime:0.000565s ]
INFO: [ view_parse ] --START--
INFO: ParseTemplate Behavior ::run [ RunTime:0.040822s ]
INFO: [ view_parse ] --END-- [ RunTime:0.040960s ]
INFO: [ view_filter ] --START--
INFO: ContentReplace Behavior ::run [ RunTime:0.003264s ]
INFO: TokenBuild Behavior ::run [ RunTime:0.003156s ]
INFO: WriteHtmlCache Behavior ::run [ RunTime:0.002923s ]
INFO: ShowRuntime Behavior ::run [ RunTime:0.003578s ]
INFO: [ view_filter ] --END-- [ RunTime:0.013197s ]
INFO: [ view_end ] --START--
INFO: ShowPageTrace Behavior ::run [ RunTime:0.003909s ]
INFO: [ view_end ] --END-- [ RunTime:0.004012s ]

[ 2015-02-03 13:33:51 ] 66.249.65.145 /index.php
INFO: [ app_begin ] --START--
INFO: ReadHtmlCache Behavior ::run [ RunTime:0.002332s ]
INFO: [ app_begin ] --END-- [ RunTime:0.002455s ]
SQL: SHOW COLUMNS FROM `contents` [ RunTime:0.005546s ]
SQL: SELECT * FROM `contents` WHERE (  enable=1 and cateid=4  ) LIMIT 1   [ RunTime:0.000319s ]
SQL: SELECT * FROM `contents` WHERE (  enable=1 and cateid=1  ) LIMIT 1   [ RunTime:0.000302s ]
NOTIC: [8] Undefined index:  HTTP_ACCEPT_LANGUAGE D:\enkjhost\mayning1\web\home\Lib\Action\UtilAction.class.php 第 96 行.
SQL: SHOW COLUMNS FROM `visters` [ RunTime:0.007041s ]
SQL: INSERT INTO `visters` (`ctime`,`info`,`ip`,`page`) VALUES ('2015-02-03 13:33','美国 加利福尼亚 Mountain View、OtherEnglish系统、Other浏览器、','66.249.65.145','系统首页') [ RunTime:0.008638s ]
SQL: SHOW COLUMNS FROM `products` [ RunTime:0.006686s ]
SQL: SELECT * FROM `products` WHERE (  enable=1 and state=1  ) ORDER BY  sorts desc  [ RunTime:0.001122s ]
SQL: SELECT * FROM `products` WHERE (  enable=1 and state=2  ) ORDER BY  sorts desc  [ RunTime:0.000602s ]
INFO: [ view_parse ] --START--
INFO: ParseTemplate Behavior ::run [ RunTime:0.023804s ]
INFO: [ view_parse ] --END-- [ RunTime:0.023922s ]
INFO: [ view_filter ] --START--
INFO: ContentReplace Behavior ::run [ RunTime:0.001730s ]
INFO: TokenBuild Behavior ::run [ RunTime:0.002717s ]
INFO: WriteHtmlCache Behavior ::run [ RunTime:0.001606s ]
INFO: ShowRuntime Behavior ::run [ RunTime:0.001813s ]
INFO: [ view_filter ] --END-- [ RunTime:0.008088s ]
INFO: [ view_end ] --START--
INFO: ShowPageTrace Behavior ::run [ RunTime:0.002030s ]
INFO: [ view_end ] --END-- [ RunTime:0.002116s ]

[ 2015-02-03 13:47:09 ] 61.135.189.171 /index.php/Index/productInfo?id=129
INFO: [ route_check ] --START--
INFO: CheckRoute Behavior ::run [ RunTime:0.004123s ]
INFO: [ route_check ] --END-- [ RunTime:0.004237s ]
INFO: [ app_begin ] --START--
INFO: ReadHtmlCache Behavior ::run [ RunTime:0.003359s ]
INFO: [ app_begin ] --END-- [ RunTime:0.003457s ]
SQL: SHOW COLUMNS FROM `contents` [ RunTime:0.006703s ]
SQL: SELECT * FROM `contents` WHERE (  enable=1 and cateid=4  ) LIMIT 1   [ RunTime:0.000375s ]
SQL: SELECT * FROM `contents` WHERE (  enable=1 and cateid=1  ) LIMIT 1   [ RunTime:0.000299s ]
SQL: SHOW COLUMNS FROM `visters` [ RunTime:0.006627s ]
SQL: INSERT INTO `visters` (`ctime`,`info`,`ip`,`page`) VALUES ('2015-02-03 13:47','中国 北京 北京、Other简体中文系统、Other浏览器、','61.135.189.171','产品详情页面') [ RunTime:0.010154s ]
SQL: SHOW COLUMNS FROM `procate` [ RunTime:0.009540s ]
SQL: SHOW COLUMNS FROM `products` [ RunTime:0.006152s ]
NOTIC: [8] Undefined index:  procate D:\enkjhost\mayning1\web\home\Lib\Action\IndexAction.class.php 第 243 行.
NOTIC: [8] Undefined index:  procate2 D:\enkjhost\mayning1\web\home\Lib\Action\IndexAction.class.php 第 244 行.
SQL: SELECT * FROM `procate` WHERE ( id=%d ) LIMIT 1   [ RunTime:0.000242s ]
ERR: 1064:You have an error in your SQL syntax; check the manual that corresponds to your MySQL server version for the right syntax to use near '%d ) LIMIT 1' at line 1
 [ SQL语句 ] : SELECT * FROM `procate` WHERE ( id=%d ) LIMIT 1  
SQL: SELECT * FROM `procate` WHERE ( id=%d ) LIMIT 1   [ RunTime:0.000260s ]
ERR: 1064:You have an error in your SQL syntax; check the manual that corresponds to your MySQL server version for the right syntax to use near '%d ) LIMIT 1' at line 1
 [ SQL语句 ] : SELECT * FROM `procate` WHERE ( id=%d ) LIMIT 1  
SQL: SELECT * FROM `procate` WHERE (  enable =1 and pid=0  ) ORDER BY  sorts desc  [ RunTime:0.000563s ]
SQL: SELECT * FROM `products` WHERE (  id=129 ) LIMIT 1   [ RunTime:0.000375s ]
SQL: SELECT * FROM `procate` WHERE ( id=10 ) LIMIT 1   [ RunTime:0.000303s ]
SQL: SELECT * FROM `procate` WHERE ( id=0 ) LIMIT 1   [ RunTime:0.000285s ]
INFO: [ view_parse ] --START--
INFO: ParseTemplate Behavior ::run [ RunTime:0.049476s ]
INFO: [ view_parse ] --END-- [ RunTime:0.049581s ]
INFO: [ view_filter ] --START--
INFO: ContentReplace Behavior ::run [ RunTime:0.002498s ]
INFO: TokenBuild Behavior ::run [ RunTime:0.002534s ]
INFO: WriteHtmlCache Behavior ::run [ RunTime:0.002279s ]
INFO: ShowRuntime Behavior ::run [ RunTime:0.002729s ]
INFO: [ view_filter ] --END-- [ RunTime:0.010263s ]
INFO: [ view_end ] --START--
INFO: ShowPageTrace Behavior ::run [ RunTime:0.003093s ]
INFO: [ view_end ] --END-- [ RunTime:0.003177s ]

[ 2015-02-03 13:47:36 ] 61.135.189.171 /index.php/Index/productInfo?id=22
INFO: [ route_check ] --START--
INFO: CheckRoute Behavior ::run [ RunTime:0.002631s ]
INFO: [ route_check ] --END-- [ RunTime:0.002743s ]
INFO: [ app_begin ] --START--
INFO: ReadHtmlCache Behavior ::run [ RunTime:0.002142s ]
INFO: [ app_begin ] --END-- [ RunTime:0.002247s ]
SQL: SHOW COLUMNS FROM `contents` [ RunTime:0.005356s ]
SQL: SELECT * FROM `contents` WHERE (  enable=1 and cateid=4  ) LIMIT 1   [ RunTime:0.000297s ]
SQL: SELECT * FROM `contents` WHERE (  enable=1 and cateid=1  ) LIMIT 1   [ RunTime:0.000223s ]
SQL: SHOW COLUMNS FROM `visters` [ RunTime:0.006611s ]
SQL: INSERT INTO `visters` (`ctime`,`info`,`ip`,`page`) VALUES ('2015-02-03 13:47','中国 北京 北京、Other简体中文系统、Other浏览器、','61.135.189.171','产品详情页面') [ RunTime:0.010129s ]
SQL: SHOW COLUMNS FROM `procate` [ RunTime:0.006518s ]
SQL: SHOW COLUMNS FROM `products` [ RunTime:0.006777s ]
NOTIC: [8] Undefined index:  procate D:\enkjhost\mayning1\web\home\Lib\Action\IndexAction.class.php 第 243 行.
NOTIC: [8] Undefined index:  procate2 D:\enkjhost\mayning1\web\home\Lib\Action\IndexAction.class.php 第 244 行.
SQL: SELECT * FROM `procate` WHERE ( id=%d ) LIMIT 1   [ RunTime:0.000197s ]
ERR: 1064:You have an error in your SQL syntax; check the manual that corresponds to your MySQL server version for the right syntax to use near '%d ) LIMIT 1' at line 1
 [ SQL语句 ] : SELECT * FROM `procate` WHERE ( id=%d ) LIMIT 1  
SQL: SELECT * FROM `procate` WHERE ( id=%d ) LIMIT 1   [ RunTime:0.000177s ]
ERR: 1064:You have an error in your SQL syntax; check the manual that corresponds to your MySQL server version for the right syntax to use near '%d ) LIMIT 1' at line 1
 [ SQL语句 ] : SELECT * FROM `procate` WHERE ( id=%d ) LIMIT 1  
SQL: SELECT * FROM `procate` WHERE (  enable =1 and pid=0  ) ORDER BY  sorts desc  [ RunTime:0.000507s ]
SQL: SELECT * FROM `products` WHERE (  id=22 ) LIMIT 1   [ RunTime:0.000315s ]
SQL: SELECT * FROM `procate` WHERE ( id=26 ) LIMIT 1   [ RunTime:0.000260s ]
SQL: SELECT * FROM `procate` WHERE ( id=0 ) LIMIT 1   [ RunTime:0.000241s ]
INFO: [ view_parse ] --START--
INFO: ParseTemplate Behavior ::run [ RunTime:0.027365s ]
INFO: [ view_parse ] --END-- [ RunTime:0.027474s ]
INFO: [ view_filter ] --START--
INFO: ContentReplace Behavior ::run [ RunTime:0.001959s ]
INFO: TokenBuild Behavior ::run [ RunTime:0.002998s ]
INFO: WriteHtmlCache Behavior ::run [ RunTime:0.001776s ]
INFO: ShowRuntime Behavior ::run [ RunTime:0.002030s ]
INFO: [ view_filter ] --END-- [ RunTime:0.009020s ]
INFO: [ view_end ] --START--
INFO: ShowPageTrace Behavior ::run [ RunTime:0.002303s ]
INFO: [ view_end ] --END-- [ RunTime:0.002402s ]

[ 2015-02-03 18:51:57 ] 66.249.65.145 /index.php
INFO: [ app_begin ] --START--
INFO: ReadHtmlCache Behavior ::run [ RunTime:0.003393s ]
INFO: [ app_begin ] --END-- [ RunTime:0.003513s ]
SQL: SHOW COLUMNS FROM `contents` [ RunTime:0.008044s ]
SQL: SELECT * FROM `contents` WHERE (  enable=1 and cateid=4  ) LIMIT 1   [ RunTime:0.000380s ]
SQL: SELECT * FROM `contents` WHERE (  enable=1 and cateid=1  ) LIMIT 1   [ RunTime:0.000304s ]
NOTIC: [8] Undefined index:  HTTP_ACCEPT_LANGUAGE D:\enkjhost\mayning1\web\home\Lib\Action\UtilAction.class.php 第 96 行.
SQL: SHOW COLUMNS FROM `visters` [ RunTime:0.009090s ]
SQL: INSERT INTO `visters` (`ctime`,`info`,`ip`,`page`) VALUES ('2015-02-03 18:51','美国 加利福尼亚 Mountain View、OtherEnglish系统、Other浏览器、','66.249.65.145','系统首页') [ RunTime:0.008027s ]
SQL: SHOW COLUMNS FROM `products` [ RunTime:0.008548s ]
SQL: SELECT * FROM `products` WHERE (  enable=1 and state=1  ) ORDER BY  sorts desc  [ RunTime:0.000817s ]
SQL: SELECT * FROM `products` WHERE (  enable=1 and state=2  ) ORDER BY  sorts desc  [ RunTime:0.000454s ]
INFO: [ view_parse ] --START--
INFO: ParseTemplate Behavior ::run [ RunTime:0.050007s ]
INFO: [ view_parse ] --END-- [ RunTime:0.050133s ]
INFO: [ view_filter ] --START--
INFO: ContentReplace Behavior ::run [ RunTime:0.003093s ]
INFO: TokenBuild Behavior ::run [ RunTime:0.002995s ]
INFO: WriteHtmlCache Behavior ::run [ RunTime:0.002693s ]
INFO: ShowRuntime Behavior ::run [ RunTime:0.003422s ]
INFO: [ view_filter ] --END-- [ RunTime:0.012488s ]
INFO: [ view_end ] --START--
INFO: ShowPageTrace Behavior ::run [ RunTime:0.003792s ]
INFO: [ view_end ] --END-- [ RunTime:0.003898s ]

[ 2015-02-03 20:54:46 ] 60.255.78.234 /index.php
INFO: [ app_begin ] --START--
INFO: ReadHtmlCache Behavior ::run [ RunTime:0.003444s ]
INFO: [ app_begin ] --END-- [ RunTime:0.003557s ]
SQL: SHOW COLUMNS FROM `contents` [ RunTime:0.007703s ]
SQL: SELECT * FROM `contents` WHERE (  enable=1 and cateid=4  ) LIMIT 1   [ RunTime:0.000385s ]
SQL: SELECT * FROM `contents` WHERE (  enable=1 and cateid=1  ) LIMIT 1   [ RunTime:0.000297s ]
SQL: SHOW COLUMNS FROM `visters` [ RunTime:0.015880s ]
SQL: INSERT INTO `visters` (`ctime`,`info`,`ip`,`page`) VALUES ('2015-02-03 20:54','中国 四川 、Windows简体中文系统、Chrome浏览器、','60.255.78.234','系统首页') [ RunTime:0.014840s ]
SQL: SHOW COLUMNS FROM `products` [ RunTime:0.007336s ]
SQL: SELECT * FROM `products` WHERE (  enable=1 and state=1  ) ORDER BY  sorts desc  [ RunTime:0.000997s ]
SQL: SELECT * FROM `products` WHERE (  enable=1 and state=2  ) ORDER BY  sorts desc  [ RunTime:0.000665s ]
INFO: [ view_parse ] --START--
INFO: ParseTemplate Behavior ::run [ RunTime:0.050076s ]
INFO: [ view_parse ] --END-- [ RunTime:0.050210s ]
INFO: [ view_filter ] --START--
INFO: ContentReplace Behavior ::run [ RunTime:0.002976s ]
INFO: TokenBuild Behavior ::run [ RunTime:0.003034s ]
INFO: WriteHtmlCache Behavior ::run [ RunTime:0.002422s ]
INFO: ShowRuntime Behavior ::run [ RunTime:0.002795s ]
INFO: [ view_filter ] --END-- [ RunTime:0.011477s ]
INFO: [ view_end ] --START--
INFO: ShowPageTrace Behavior ::run [ RunTime:0.003107s ]
INFO: [ view_end ] --END-- [ RunTime:0.003191s ]

[ 2015-02-03 21:11:51 ] 117.25.139.34 /index.php
INFO: [ app_begin ] --START--
INFO: ReadHtmlCache Behavior ::run [ RunTime:0.001600s ]
INFO: [ app_begin ] --END-- [ RunTime:0.001687s ]
SQL: SHOW COLUMNS FROM `contents` [ RunTime:0.006342s ]
SQL: SELECT * FROM `contents` WHERE (  enable=1 and cateid=4  ) LIMIT 1   [ RunTime:0.000385s ]
SQL: SELECT * FROM `contents` WHERE (  enable=1 and cateid=1  ) LIMIT 1   [ RunTime:0.000311s ]
SQL: SHOW COLUMNS FROM `visters` [ RunTime:0.006380s ]
SQL: INSERT INTO `visters` (`ctime`,`info`,`ip`,`page`) VALUES ('2015-02-03 21:11','中国 福建 厦门、Other简体中文系统、Other浏览器、','117.25.139.34','系统首页') [ RunTime:0.008607s ]
SQL: SHOW COLUMNS FROM `products` [ RunTime:0.006367s ]
SQL: SELECT * FROM `products` WHERE (  enable=1 and state=1  ) ORDER BY  sorts desc  [ RunTime:0.000999s ]
SQL: SELECT * FROM `products` WHERE (  enable=1 and state=2  ) ORDER BY  sorts desc  [ RunTime:0.000581s ]
INFO: [ view_parse ] --START--
INFO: ParseTemplate Behavior ::run [ RunTime:0.042875s ]
INFO: [ view_parse ] --END-- [ RunTime:0.043006s ]
INFO: [ view_filter ] --START--
INFO: ContentReplace Behavior ::run [ RunTime:0.001525s ]
INFO: TokenBuild Behavior ::run [ RunTime:0.002363s ]
INFO: WriteHtmlCache Behavior ::run [ RunTime:0.001332s ]
INFO: ShowRuntime Behavior ::run [ RunTime:0.001548s ]
INFO: [ view_filter ] --END-- [ RunTime:0.006993s ]
INFO: [ view_end ] --START--
INFO: ShowPageTrace Behavior ::run [ RunTime:0.001781s ]
INFO: [ view_end ] --END-- [ RunTime:0.001861s ]

[ 2015-02-03 21:13:04 ] 66.249.73.134 /index.php
INFO: [ app_begin ] --START--
INFO: ReadHtmlCache Behavior ::run [ RunTime:0.001720s ]
INFO: [ app_begin ] --END-- [ RunTime:0.001815s ]
SQL: SHOW COLUMNS FROM `contents` [ RunTime:0.005590s ]
SQL: SELECT * FROM `contents` WHERE (  enable=1 and cateid=4  ) LIMIT 1   [ RunTime:0.000344s ]
SQL: SELECT * FROM `contents` WHERE (  enable=1 and cateid=1  ) LIMIT 1   [ RunTime:0.000258s ]
NOTIC: [8] Undefined index:  HTTP_ACCEPT_LANGUAGE D:\enkjhost\mayning1\web\home\Lib\Action\UtilAction.class.php 第 96 行.
SQL: SHOW COLUMNS FROM `visters` [ RunTime:0.006821s ]
SQL: INSERT INTO `visters` (`ctime`,`info`,`ip`,`page`) VALUES ('2015-02-03 21:13','美国 加利福尼亚 Mountain View、MACEnglish系统、Safari浏览器、','66.249.73.134','系统首页') [ RunTime:0.013010s ]
SQL: SHOW COLUMNS FROM `products` [ RunTime:0.008278s ]
SQL: SELECT * FROM `products` WHERE (  enable=1 and state=1  ) ORDER BY  sorts desc  [ RunTime:0.001080s ]
SQL: SELECT * FROM `products` WHERE (  enable=1 and state=2  ) ORDER BY  sorts desc  [ RunTime:0.000594s ]
INFO: [ view_parse ] --START--
INFO: ParseTemplate Behavior ::run [ RunTime:0.029440s ]
INFO: [ view_parse ] --END-- [ RunTime:0.029576s ]
INFO: [ view_filter ] --START--
INFO: ContentReplace Behavior ::run [ RunTime:0.001536s ]
INFO: TokenBuild Behavior ::run [ RunTime:0.001463s ]
INFO: WriteHtmlCache Behavior ::run [ RunTime:0.001299s ]
INFO: ShowRuntime Behavior ::run [ RunTime:0.001581s ]
INFO: [ view_filter ] --END-- [ RunTime:0.006097s ]
INFO: [ view_end ] --START--
INFO: ShowPageTrace Behavior ::run [ RunTime:0.002041s ]
INFO: [ view_end ] --END-- [ RunTime:0.002126s ]

[ 2015-02-03 22:08:08 ] 101.226.166.243 /index.php/Index/product?procate=20&procate2=28
INFO: [ route_check ] --START--
INFO: CheckRoute Behavior ::run [ RunTime:0.004324s ]
INFO: [ route_check ] --END-- [ RunTime:0.004456s ]
INFO: [ app_begin ] --START--
INFO: ReadHtmlCache Behavior ::run [ RunTime:0.002270s ]
INFO: [ app_begin ] --END-- [ RunTime:0.002371s ]
SQL: SHOW COLUMNS FROM `contents` [ RunTime:0.009491s ]
SQL: SELECT * FROM `contents` WHERE (  enable=1 and cateid=4  ) LIMIT 1   [ RunTime:0.000395s ]
SQL: SELECT * FROM `contents` WHERE (  enable=1 and cateid=1  ) LIMIT 1   [ RunTime:0.000339s ]
SQL: SHOW COLUMNS FROM `visters` [ RunTime:0.006560s ]
SQL: INSERT INTO `visters` (`ctime`,`info`,`ip`,`page`) VALUES ('2015-02-03 22:08','中国 上海 上海、Windows简体中文系统、Chrome浏览器、','101.226.166.243','产品页面') [ RunTime:0.012976s ]
SQL: SHOW COLUMNS FROM `procate` [ RunTime:0.006943s ]
SQL: SHOW COLUMNS FROM `products` [ RunTime:0.006302s ]
SQL: SELECT * FROM `procate` WHERE ( id=20 ) LIMIT 1   [ RunTime:0.000260s ]
SQL: SELECT * FROM `procate` WHERE ( id=28 ) LIMIT 1   [ RunTime:0.000224s ]
SQL: SELECT * FROM `procate` WHERE ( pid=20 )  [ RunTime:0.000265s ]
SQL: select count(*) as count from products a left join procate b on a.proid = b.id where 1=1 and a.enable=1 and b.enable=1  and ( b.pid=28 or b.id=28) [ RunTime:0.000520s ]
SQL: select a.id,a.title,a.info,a.imgs,a.ctime from products a left join procate b on a.proid = b.id where 1=1 and a.enable=1 and b.enable=1  and ( b.pid=28 or b.id=28) order by a.sorts desc limit 0,9 [ RunTime:0.000895s ]
SQL: SELECT * FROM `procate` WHERE (  enable =1 and pid=0   ) ORDER BY  sorts desc  [ RunTime:0.000400s ]
INFO: [ view_parse ] --START--
INFO: ParseTemplate Behavior ::run [ RunTime:0.049508s ]
INFO: [ view_parse ] --END-- [ RunTime:0.049623s ]
INFO: [ view_filter ] --START--
INFO: ContentReplace Behavior ::run [ RunTime:0.003120s ]
INFO: TokenBuild Behavior ::run [ RunTime:0.003092s ]
INFO: WriteHtmlCache Behavior ::run [ RunTime:0.001879s ]
INFO: ShowRuntime Behavior ::run [ RunTime:0.003219s ]
INFO: [ view_filter ] --END-- [ RunTime:0.011594s ]
INFO: [ view_end ] --START--
INFO: ShowPageTrace Behavior ::run [ RunTime:0.002410s ]
INFO: [ view_end ] --END-- [ RunTime:0.002510s ]

[ 2015-02-03 22:08:17 ] 101.226.168.199 /index.php/Index/product?procate=20&procate2=30
INFO: [ route_check ] --START--
INFO: CheckRoute Behavior ::run [ RunTime:0.002777s ]
INFO: [ route_check ] --END-- [ RunTime:0.002887s ]
INFO: [ app_begin ] --START--
INFO: ReadHtmlCache Behavior ::run [ RunTime:0.002248s ]
INFO: [ app_begin ] --END-- [ RunTime:0.002351s ]
SQL: SHOW COLUMNS FROM `contents` [ RunTime:0.006763s ]
SQL: SELECT * FROM `contents` WHERE (  enable=1 and cateid=4  ) LIMIT 1   [ RunTime:0.000375s ]
SQL: SELECT * FROM `contents` WHERE (  enable=1 and cateid=1  ) LIMIT 1   [ RunTime:0.000294s ]
SQL: SHOW COLUMNS FROM `visters` [ RunTime:0.007443s ]
SQL: INSERT INTO `visters` (`ctime`,`info`,`ip`,`page`) VALUES ('2015-02-03 22:08','中国 上海 上海、Windows简体中文系统、Chrome浏览器、','101.226.168.199','产品页面') [ RunTime:0.011089s ]
SQL: SHOW COLUMNS FROM `procate` [ RunTime:0.007359s ]
SQL: SHOW COLUMNS FROM `products` [ RunTime:0.006375s ]
SQL: SELECT * FROM `procate` WHERE ( id=20 ) LIMIT 1   [ RunTime:0.000311s ]
SQL: SELECT * FROM `procate` WHERE ( id=30 ) LIMIT 1   [ RunTime:0.000261s ]
SQL: SELECT * FROM `procate` WHERE ( pid=20 )  [ RunTime:0.000314s ]
SQL: select count(*) as count from products a left join procate b on a.proid = b.id where 1=1 and a.enable=1 and b.enable=1  and ( b.pid=30 or b.id=30) [ RunTime:0.000577s ]
SQL: select a.id,a.title,a.info,a.imgs,a.ctime from products a left join procate b on a.proid = b.id where 1=1 and a.enable=1 and b.enable=1  and ( b.pid=30 or b.id=30) order by a.sorts desc limit 0,9 [ RunTime:0.001058s ]
SQL: SELECT * FROM `procate` WHERE (  enable =1 and pid=0   ) ORDER BY  sorts desc  [ RunTime:0.000429s ]
INFO: [ view_parse ] --START--
INFO: ParseTemplate Behavior ::run [ RunTime:0.031791s ]
INFO: [ view_parse ] --END-- [ RunTime:0.031906s ]
INFO: [ view_filter ] --START--
INFO: ContentReplace Behavior ::run [ RunTime:0.002151s ]
INFO: TokenBuild Behavior ::run [ RunTime:0.001969s ]
INFO: WriteHtmlCache Behavior ::run [ RunTime:0.001791s ]
INFO: ShowRuntime Behavior ::run [ RunTime:0.002087s ]
INFO: [ view_filter ] --END-- [ RunTime:0.008275s ]
INFO: [ view_end ] --START--
INFO: ShowPageTrace Behavior ::run [ RunTime:0.002396s ]
INFO: [ view_end ] --END-- [ RunTime:0.002492s ]

[ 2015-02-03 22:08:36 ] 101.226.166.239 /index.php/Index/product?procate=18&procate2=36
INFO: [ route_check ] --START--
INFO: CheckRoute Behavior ::run [ RunTime:0.002777s ]
INFO: [ route_check ] --END-- [ RunTime:0.002891s ]
INFO: [ app_begin ] --START--
INFO: ReadHtmlCache Behavior ::run [ RunTime:0.002251s ]
INFO: [ app_begin ] --END-- [ RunTime:0.002350s ]
SQL: SHOW COLUMNS FROM `contents` [ RunTime:0.005453s ]
SQL: SELECT * FROM `contents` WHERE (  enable=1 and cateid=4  ) LIMIT 1   [ RunTime:0.000308s ]
SQL: SELECT * FROM `contents` WHERE (  enable=1 and cateid=1  ) LIMIT 1   [ RunTime:0.000225s ]
SQL: SHOW COLUMNS FROM `visters` [ RunTime:0.007559s ]
SQL: INSERT INTO `visters` (`ctime`,`info`,`ip`,`page`) VALUES ('2015-02-03 22:08','中国 上海 上海、Windows简体中文系统、Chrome浏览器、','101.226.166.239','产品页面') [ RunTime:0.012589s ]
SQL: SHOW COLUMNS FROM `procate` [ RunTime:0.006293s ]
SQL: SHOW COLUMNS FROM `products` [ RunTime:0.006512s ]
SQL: SELECT * FROM `procate` WHERE ( id=18 ) LIMIT 1   [ RunTime:0.000344s ]
SQL: SELECT * FROM `procate` WHERE ( id=36 ) LIMIT 1   [ RunTime:0.000324s ]
SQL: SELECT * FROM `procate` WHERE ( pid=18 )  [ RunTime:0.000360s ]
SQL: select count(*) as count from products a left join procate b on a.proid = b.id where 1=1 and a.enable=1 and b.enable=1  and ( b.pid=36 or b.id=36) [ RunTime:0.000623s ]
SQL: select a.id,a.title,a.info,a.imgs,a.ctime from products a left join procate b on a.proid = b.id where 1=1 and a.enable=1 and b.enable=1  and ( b.pid=36 or b.id=36) order by a.sorts desc limit 0,9 [ RunTime:0.001114s ]
SQL: SELECT * FROM `procate` WHERE (  enable =1 and pid=0   ) ORDER BY  sorts desc  [ RunTime:0.000490s ]
INFO: [ view_parse ] --START--
INFO: ParseTemplate Behavior ::run [ RunTime:0.031268s ]
INFO: [ view_parse ] --END-- [ RunTime:0.031367s ]
INFO: [ view_filter ] --START--
INFO: ContentReplace Behavior ::run [ RunTime:0.001548s ]
INFO: TokenBuild Behavior ::run [ RunTime:0.001498s ]
INFO: WriteHtmlCache Behavior ::run [ RunTime:0.001432s ]
INFO: ShowRuntime Behavior ::run [ RunTime:0.001590s ]
INFO: [ view_filter ] --END-- [ RunTime:0.006262s ]
INFO: [ view_end ] --START--
INFO: ShowPageTrace Behavior ::run [ RunTime:0.001827s ]
INFO: [ view_end ] --END-- [ RunTime:0.001902s ]

[ 2015-02-03 22:17:13 ] 5.255.253.87 /index.php/Index/product?procate=10
INFO: [ route_check ] --START--
INFO: CheckRoute Behavior ::run [ RunTime:0.002631s ]
INFO: [ route_check ] --END-- [ RunTime:0.002742s ]
INFO: [ app_begin ] --START--
INFO: ReadHtmlCache Behavior ::run [ RunTime:0.002124s ]
INFO: [ app_begin ] --END-- [ RunTime:0.002220s ]
SQL: SHOW COLUMNS FROM `contents` [ RunTime:0.005852s ]
SQL: SELECT * FROM `contents` WHERE (  enable=1 and cateid=4  ) LIMIT 1   [ RunTime:0.000335s ]
SQL: SELECT * FROM `contents` WHERE (  enable=1 and cateid=1  ) LIMIT 1   [ RunTime:0.000257s ]
SQL: SHOW COLUMNS FROM `visters` [ RunTime:0.006107s ]
SQL: INSERT INTO `visters` (`ctime`,`info`,`ip`,`page`) VALUES ('2015-02-03 22:17','俄罗斯  、OtherEnglish系统、Other浏览器、','5.255.253.87','产品页面') [ RunTime:0.026012s ]
SQL: SHOW COLUMNS FROM `procate` [ RunTime:0.005743s ]
SQL: SHOW COLUMNS FROM `products` [ RunTime:0.005123s ]
NOTIC: [8] Undefined index:  procate2 D:\enkjhost\mayning1\web\home\Lib\Action\IndexAction.class.php 第 176 行.
SQL: SELECT * FROM `procate` WHERE ( id=10 ) LIMIT 1   [ RunTime:0.000274s ]
SQL: SELECT * FROM `procate` WHERE ( id=%d ) LIMIT 1   [ RunTime:0.000138s ]
ERR: 1064:You have an error in your SQL syntax; check the manual that corresponds to your MySQL server version for the right syntax to use near '%d ) LIMIT 1' at line 1
 [ SQL语句 ] : SELECT * FROM `procate` WHERE ( id=%d ) LIMIT 1  
SQL: SELECT * FROM `procate` WHERE ( pid=10 )  [ RunTime:0.000249s ]
SQL: select count(*) as count from products a left join procate b on a.proid = b.id where 1=1 and a.enable=1 and b.enable=1  and ( b.pid=10 or b.id=10) [ RunTime:0.000532s ]
SQL: select a.id,a.title,a.info,a.imgs,a.ctime from products a left join procate b on a.proid = b.id where 1=1 and a.enable=1 and b.enable=1  and ( b.pid=10 or b.id=10) order by a.sorts desc limit 0,9 [ RunTime:0.000912s ]
SQL: SELECT * FROM `procate` WHERE (  enable =1 and pid=0   ) ORDER BY  sorts desc  [ RunTime:0.000392s ]
INFO: [ view_parse ] --START--
INFO: ParseTemplate Behavior ::run [ RunTime:0.031664s ]
INFO: [ view_parse ] --END-- [ RunTime:0.031778s ]
INFO: [ view_filter ] --START--
INFO: ContentReplace Behavior ::run [ RunTime:0.002941s ]
INFO: TokenBuild Behavior ::run [ RunTime:0.002963s ]
INFO: WriteHtmlCache Behavior ::run [ RunTime:0.001710s ]
INFO: ShowRuntime Behavior ::run [ RunTime:0.001970s ]
INFO: [ view_filter ] --END-- [ RunTime:0.009849s ]
INFO: [ view_end ] --START--
INFO: ShowPageTrace Behavior ::run [ RunTime:0.002256s ]
INFO: [ view_end ] --END-- [ RunTime:0.002353s ]

[ 2015-02-03 22:55:55 ] 66.249.73.246 /index.php/Index/product?procate=23
INFO: [ route_check ] --START--
INFO: CheckRoute Behavior ::run [ RunTime:0.002721s ]
INFO: [ route_check ] --END-- [ RunTime:0.002835s ]
INFO: [ app_begin ] --START--
INFO: ReadHtmlCache Behavior ::run [ RunTime:0.003514s ]
INFO: [ app_begin ] --END-- [ RunTime:0.003613s ]
SQL: SHOW COLUMNS FROM `contents` [ RunTime:0.009381s ]
SQL: SELECT * FROM `contents` WHERE (  enable=1 and cateid=4  ) LIMIT 1   [ RunTime:0.000426s ]
SQL: SELECT * FROM `contents` WHERE (  enable=1 and cateid=1  ) LIMIT 1   [ RunTime:0.000367s ]
NOTIC: [8] Undefined index:  HTTP_ACCEPT_LANGUAGE D:\enkjhost\mayning1\web\home\Lib\Action\UtilAction.class.php 第 96 行.
SQL: SHOW COLUMNS FROM `visters` [ RunTime:0.008552s ]
SQL: INSERT INTO `visters` (`ctime`,`info`,`ip`,`page`) VALUES ('2015-02-03 22:55','美国 加利福尼亚 Mountain View、OtherEnglish系统、Other浏览器、','66.249.73.246','产品页面') [ RunTime:0.010008s ]
SQL: SHOW COLUMNS FROM `procate` [ RunTime:0.007922s ]
SQL: SHOW COLUMNS FROM `products` [ RunTime:0.008368s ]
NOTIC: [8] Undefined index:  procate2 D:\enkjhost\mayning1\web\home\Lib\Action\IndexAction.class.php 第 176 行.
SQL: SELECT * FROM `procate` WHERE ( id=23 ) LIMIT 1   [ RunTime:0.000313s ]
SQL: SELECT * FROM `procate` WHERE ( id=%d ) LIMIT 1   [ RunTime:0.000176s ]
ERR: 1064:You have an error in your SQL syntax; check the manual that corresponds to your MySQL server version for the right syntax to use near '%d ) LIMIT 1' at line 1
 [ SQL语句 ] : SELECT * FROM `procate` WHERE ( id=%d ) LIMIT 1  
SQL: SELECT * FROM `procate` WHERE ( pid=23 )  [ RunTime:0.000308s ]
SQL: select count(*) as count from products a left join procate b on a.proid = b.id where 1=1 and a.enable=1 and b.enable=1  and ( b.pid=23 or b.id=23) [ RunTime:0.000589s ]
SQL: select a.id,a.title,a.info,a.imgs,a.ctime from products a left join procate b on a.proid = b.id where 1=1 and a.enable=1 and b.enable=1  and ( b.pid=23 or b.id=23) order by a.sorts desc limit 0,9 [ RunTime:0.001058s ]
SQL: SELECT * FROM `procate` WHERE (  enable =1 and pid=0   ) ORDER BY  sorts desc  [ RunTime:0.000431s ]
INFO: [ view_parse ] --START--
INFO: ParseTemplate Behavior ::run [ RunTime:0.047825s ]
INFO: [ view_parse ] --END-- [ RunTime:0.047929s ]
INFO: [ view_filter ] --START--
INFO: ContentReplace Behavior ::run [ RunTime:0.001695s ]
INFO: TokenBuild Behavior ::run [ RunTime:0.002587s ]
INFO: WriteHtmlCache Behavior ::run [ RunTime:0.001544s ]
INFO: ShowRuntime Behavior ::run [ RunTime:0.001766s ]
INFO: [ view_filter ] --END-- [ RunTime:0.007815s ]
INFO: [ view_end ] --START--
INFO: ShowPageTrace Behavior ::run [ RunTime:0.001998s ]
INFO: [ view_end ] --END-- [ RunTime:0.002083s ]

[ 2015-02-03 23:40:59 ] 74.66.132.64 /index.php/Index/productInfo?id=109
INFO: [ route_check ] --START--
INFO: CheckRoute Behavior ::run [ RunTime:0.003845s ]
INFO: [ route_check ] --END-- [ RunTime:0.003959s ]
INFO: [ app_begin ] --START--
INFO: ReadHtmlCache Behavior ::run [ RunTime:0.003071s ]
INFO: [ app_begin ] --END-- [ RunTime:0.003171s ]
SQL: SHOW COLUMNS FROM `contents` [ RunTime:0.005927s ]
SQL: SELECT * FROM `contents` WHERE (  enable=1 and cateid=4  ) LIMIT 1   [ RunTime:0.000390s ]
SQL: SELECT * FROM `contents` WHERE (  enable=1 and cateid=1  ) LIMIT 1   [ RunTime:0.000297s ]
SQL: SHOW COLUMNS FROM `visters` [ RunTime:0.006191s ]
SQL: INSERT INTO `visters` (`ctime`,`info`,`ip`,`page`) VALUES ('2015-02-03 23:40','美国 纽约州 New York、LinuxEnglish系统、Chrome浏览器、','74.66.132.64','产品详情页面') [ RunTime:0.012853s ]
SQL: SHOW COLUMNS FROM `procate` [ RunTime:0.005504s ]
SQL: SHOW COLUMNS FROM `products` [ RunTime:0.005737s ]
NOTIC: [8] Undefined index:  procate D:\enkjhost\mayning1\web\home\Lib\Action\IndexAction.class.php 第 243 行.
NOTIC: [8] Undefined index:  procate2 D:\enkjhost\mayning1\web\home\Lib\Action\IndexAction.class.php 第 244 行.
SQL: SELECT * FROM `procate` WHERE ( id=%d ) LIMIT 1   [ RunTime:0.000219s ]
ERR: 1064:You have an error in your SQL syntax; check the manual that corresponds to your MySQL server version for the right syntax to use near '%d ) LIMIT 1' at line 1
 [ SQL语句 ] : SELECT * FROM `procate` WHERE ( id=%d ) LIMIT 1  
SQL: SELECT * FROM `procate` WHERE ( id=%d ) LIMIT 1   [ RunTime:0.000221s ]
ERR: 1064:You have an error in your SQL syntax; check the manual that corresponds to your MySQL server version for the right syntax to use near '%d ) LIMIT 1' at line 1
 [ SQL语句 ] : SELECT * FROM `procate` WHERE ( id=%d ) LIMIT 1  
SQL: SELECT * FROM `procate` WHERE (  enable =1 and pid=0  ) ORDER BY  sorts desc  [ RunTime:0.000513s ]
SQL: SELECT * FROM `products` WHERE (  id=109 ) LIMIT 1   [ RunTime:0.000387s ]
SQL: SELECT * FROM `procate` WHERE ( id=30 ) LIMIT 1   [ RunTime:0.000310s ]
SQL: SELECT * FROM `procate` WHERE ( id=20 ) LIMIT 1   [ RunTime:0.000303s ]
INFO: [ view_parse ] --START--
INFO: ParseTemplate Behavior ::run [ RunTime:0.042906s ]
INFO: [ view_parse ] --END-- [ RunTime:0.043013s ]
INFO: [ view_filter ] --START--
INFO: ContentReplace Behavior ::run [ RunTime:0.001697s ]
INFO: TokenBuild Behavior ::run [ RunTime:0.002631s ]
INFO: WriteHtmlCache Behavior ::run [ RunTime:0.001488s ]
INFO: ShowRuntime Behavior ::run [ RunTime:0.002433s ]
INFO: [ view_filter ] --END-- [ RunTime:0.008498s ]
INFO: [ view_end ] --START--
INFO: ShowPageTrace Behavior ::run [ RunTime:0.001769s ]
INFO: [ view_end ] --END-- [ RunTime:0.001863s ]

[ 2015-02-03 23:52:00 ] 68.180.228.48 /index.php/Index/productInfo?id=106
INFO: [ route_check ] --START--
INFO: CheckRoute Behavior ::run [ RunTime:0.002656s ]
INFO: [ route_check ] --END-- [ RunTime:0.002769s ]
INFO: [ app_begin ] --START--
INFO: ReadHtmlCache Behavior ::run [ RunTime:0.002167s ]
INFO: [ app_begin ] --END-- [ RunTime:0.002266s ]
SQL: SHOW COLUMNS FROM `contents` [ RunTime:0.005900s ]
SQL: SELECT * FROM `contents` WHERE (  enable=1 and cateid=4  ) LIMIT 1   [ RunTime:0.000372s ]
SQL: SELECT * FROM `contents` WHERE (  enable=1 and cateid=1  ) LIMIT 1   [ RunTime:0.000304s ]
NOTIC: [8] Undefined index:  HTTP_ACCEPT_LANGUAGE D:\enkjhost\mayning1\web\home\Lib\Action\UtilAction.class.php 第 96 行.
SQL: SHOW COLUMNS FROM `visters` [ RunTime:0.006620s ]
SQL: INSERT INTO `visters` (`ctime`,`info`,`ip`,`page`) VALUES ('2015-02-03 23:52','美国 加利福尼亚 Sunnyvale、OtherEnglish系统、Other浏览器、','68.180.228.48','产品详情页面') [ RunTime:0.010459s ]
SQL: SHOW COLUMNS FROM `procate` [ RunTime:0.006603s ]
SQL: SHOW COLUMNS FROM `products` [ RunTime:0.006429s ]
NOTIC: [8] Undefined index:  procate D:\enkjhost\mayning1\web\home\Lib\Action\IndexAction.class.php 第 243 行.
NOTIC: [8] Undefined index:  procate2 D:\enkjhost\mayning1\web\home\Lib\Action\IndexAction.class.php 第 244 行.
SQL: SELECT * FROM `procate` WHERE ( id=%d ) LIMIT 1   [ RunTime:0.000195s ]
ERR: 1064:You have an error in your SQL syntax; check the manual that corresponds to your MySQL server version for the right syntax to use near '%d ) LIMIT 1' at line 1
 [ SQL语句 ] : SELECT * FROM `procate` WHERE ( id=%d ) LIMIT 1  
SQL: SELECT * FROM `procate` WHERE ( id=%d ) LIMIT 1   [ RunTime:0.000171s ]
ERR: 1064:You have an error in your SQL syntax; check the manual that corresponds to your MySQL server version for the right syntax to use near '%d ) LIMIT 1' at line 1
 [ SQL语句 ] : SELECT * FROM `procate` WHERE ( id=%d ) LIMIT 1  
SQL: SELECT * FROM `procate` WHERE (  enable =1 and pid=0  ) ORDER BY  sorts desc  [ RunTime:0.000475s ]
SQL: SELECT * FROM `products` WHERE (  id=106 ) LIMIT 1   [ RunTime:0.000308s ]
SQL: SELECT * FROM `procate` WHERE ( id=31 ) LIMIT 1   [ RunTime:0.000255s ]
SQL: SELECT * FROM `procate` WHERE ( id=20 ) LIMIT 1   [ RunTime:0.000244s ]
INFO: [ view_parse ] --START--
INFO: ParseTemplate Behavior ::run [ RunTime:0.043099s ]
INFO: [ view_parse ] --END-- [ RunTime:0.043200s ]
INFO: [ view_filter ] --START--
INFO: ContentReplace Behavior ::run [ RunTime:0.002603s ]
INFO: TokenBuild Behavior ::run [ RunTime:0.002604s ]
INFO: WriteHtmlCache Behavior ::run [ RunTime:0.001479s ]
INFO: ShowRuntime Behavior ::run [ RunTime:0.001713s ]
INFO: [ view_filter ] --END-- [ RunTime:0.008619s ]
INFO: [ view_end ] --START--
INFO: ShowPageTrace Behavior ::run [ RunTime:0.003116s ]
INFO: [ view_end ] --END-- [ RunTime:0.003211s ]

